
*** Running vivado
    with args -log design_1_auto_pc_3.vds -m64 -product Vivado -mode batch -messageDb vivado.pb -notrace -source design_1_auto_pc_3.tcl


****** Vivado v2024.1 (64-bit)
  **** SW Build 5076996 on Wed May 22 18:36:09 MDT 2024
  **** IP Build 5075265 on Wed May 22 21:45:21 MDT 2024
  **** SharedData Build 5076995 on Wed May 22 18:29:18 MDT 2024
  **** Start of session at: Tue Sep 10 18:35:34 2024
    ** Copyright 1986-2022 Xilinx, Inc. All Rights Reserved.
    ** Copyright 2022-2024 Advanced Micro Devices, Inc. All Rights Reserved.

source design_1_auto_pc_3.tcl -notrace
create_project: Time (s): cpu = 00:00:11 ; elapsed = 00:00:11 . Memory (MB): peak = 1476.254 ; gain = 91.836 ; free physical = 7850 ; free virtual = 21328
INFO: [IP_Flow 19-234] Refreshing IP repositories
INFO: [IP_Flow 19-1700] Loaded user IP repository '/home/goossens/goossens-book-ip-projects/2024.1/multicore_multicycle_4c_ip/workspace/hls_component/multicycle_pipeline_ip'.
INFO: [IP_Flow 19-2313] Loaded Vivado IP repository '/opt/Xilinx/Vivado/2024.1/data/ip'.
INFO: [IP_Flow 19-6924] IPCACHE: Running cache check for IP inst: design_1_auto_pc_3
INFO: [IP_Flow 19-6922] IPCACHE: Exporting cached entry f2ce382319a70161 to dir: /home/goossens/goossens-book-ip-projects/2024.1/multicore_multicycle_4c_ip/project_1.runs/design_1_auto_pc_3_synth_1
INFO: [IP_Flow 19-6928] IPCACHE: copied cached file /home/goossens/goossens-book-ip-projects/2024.1/multicore_multicycle_4c_ip/project_1.cache/ip/2024.1/f/2/f2ce382319a70161/design_1_auto_pc_2_stub.vhdl to /home/goossens/goossens-book-ip-projects/2024.1/multicore_multicycle_4c_ip/project_1.runs/design_1_auto_pc_3_synth_1/design_1_auto_pc_3_stub.vhdl.
INFO: [IP_Flow 19-6928] IPCACHE: copied cached file /home/goossens/goossens-book-ip-projects/2024.1/multicore_multicycle_4c_ip/project_1.cache/ip/2024.1/f/2/f2ce382319a70161/design_1_auto_pc_2_sim_netlist.v to /home/goossens/goossens-book-ip-projects/2024.1/multicore_multicycle_4c_ip/project_1.runs/design_1_auto_pc_3_synth_1/design_1_auto_pc_3_sim_netlist.v.
INFO: [IP_Flow 19-6928] IPCACHE: copied cached file /home/goossens/goossens-book-ip-projects/2024.1/multicore_multicycle_4c_ip/project_1.cache/ip/2024.1/f/2/f2ce382319a70161/design_1_auto_pc_2.dcp to /home/goossens/goossens-book-ip-projects/2024.1/multicore_multicycle_4c_ip/project_1.runs/design_1_auto_pc_3_synth_1/design_1_auto_pc_3.dcp.
INFO: [IP_Flow 19-6928] IPCACHE: copied cached file /home/goossens/goossens-book-ip-projects/2024.1/multicore_multicycle_4c_ip/project_1.cache/ip/2024.1/f/2/f2ce382319a70161/design_1_auto_pc_2_sim_netlist.vhdl to /home/goossens/goossens-book-ip-projects/2024.1/multicore_multicycle_4c_ip/project_1.runs/design_1_auto_pc_3_synth_1/design_1_auto_pc_3_sim_netlist.vhdl.
INFO: [IP_Flow 19-6928] IPCACHE: copied cached file /home/goossens/goossens-book-ip-projects/2024.1/multicore_multicycle_4c_ip/project_1.cache/ip/2024.1/f/2/f2ce382319a70161/design_1_auto_pc_2_stub.v to /home/goossens/goossens-book-ip-projects/2024.1/multicore_multicycle_4c_ip/project_1.runs/design_1_auto_pc_3_synth_1/design_1_auto_pc_3_stub.v.
INFO: [IP_Flow 19-4838] Using cached IP synthesis design for IP design_1_auto_pc_3, cache-ID = f2ce382319a70161.
INFO: [Common 17-206] Exiting Vivado at Tue Sep 10 18:35:50 2024...
