INFO: [vitis-run 60-1548] Creating build summary session with primary output /home/goossens/goossens-book-ip-projects/2024.1/rv32i_npp_bram_ip/workspace/hls_component/rv32i_npp_ip/rv32i_npp_ip.hlsrun_csim_summary, at Wed Sep 11 20:49:42 2024
INFO: [vitis-run 82-31] Launching vitis_hls: vitis_hls -nolog -run csim -work_dir /home/goossens/goossens-book-ip-projects/2024.1/rv32i_npp_bram_ip/workspace/hls_component/rv32i_npp_ip -config /home/goossens/goossens-book-ip-projects/2024.1/rv32i_npp_bram_ip/workspace/hls_component/hls_config.cfg -cmdlineconfig /home/goossens/goossens-book-ip-projects/2024.1/rv32i_npp_bram_ip/workspace/hls_component/rv32i_npp_ip/hls/config.cmdline

****** Vitis HLS - High-Level Synthesis from C, C++ and OpenCL v2024.1 (64-bit)
  **** SW Build 5069499 on May 21 2024
  **** IP Build 5075265 on Wed May 22 21:45:21 MDT 2024
  **** SharedData Build 5076995 on Wed May 22 18:29:18 MDT 2024
  **** Start of session at: Wed Sep 11 20:49:44 2024
    ** Copyright 1986-2022 Xilinx, Inc. All Rights Reserved.
    ** Copyright 2022-2024 Advanced Micro Devices, Inc. All Rights Reserved.

source /opt/Xilinx/Vitis_HLS/2024.1/scripts/vitis_hls/hls.tcl -notrace
INFO: [HLS 200-10] For user 'goossens' on host 'goossens-Precision-5530' (Linux_x86_64 version 6.8.0-40-generic) on Wed Sep 11 20:49:45 CEST 2024
INFO: [HLS 200-10] On os Ubuntu 22.04.4 LTS
INFO: [HLS 200-10] In directory '/home/goossens/goossens-book-ip-projects/2024.1/rv32i_npp_bram_ip/workspace/hls_component'
INFO: [HLS 200-2005] Using work_dir /home/goossens/goossens-book-ip-projects/2024.1/rv32i_npp_bram_ip/workspace/hls_component/rv32i_npp_ip 
INFO: [HLS 200-1505] Using default flow_target 'vivado'
Resolution: For help on HLS 200-1505 see docs.xilinx.com/access/sources/dita/topic?Doc_Version=2024.1%20English&url=ug1448-hls-guidance&resourceid=200-1505.html
INFO: [HLS 200-1465] Applying ini 'syn.file=/home/goossens/goossens-book-ip-projects/2024.1/rv32i_npp_bram_ip/type.cpp' from /home/goossens/goossens-book-ip-projects/2024.1/rv32i_npp_bram_ip/workspace/hls_component/hls_config.cfg(6)
INFO: [HLS 200-10] Adding design file '/home/goossens/goossens-book-ip-projects/2024.1/rv32i_npp_bram_ip/type.cpp' to the project
INFO: [HLS 200-1465] Applying ini 'syn.file=/home/goossens/goossens-book-ip-projects/2024.1/rv32i_npp_bram_ip/rv32i_npp_ip.cpp' from /home/goossens/goossens-book-ip-projects/2024.1/rv32i_npp_bram_ip/workspace/hls_component/hls_config.cfg(7)
INFO: [HLS 200-10] Adding design file '/home/goossens/goossens-book-ip-projects/2024.1/rv32i_npp_bram_ip/rv32i_npp_ip.cpp' to the project
INFO: [HLS 200-1465] Applying ini 'syn.file=/home/goossens/goossens-book-ip-projects/2024.1/rv32i_npp_bram_ip/print.cpp' from /home/goossens/goossens-book-ip-projects/2024.1/rv32i_npp_bram_ip/workspace/hls_component/hls_config.cfg(8)
INFO: [HLS 200-10] Adding design file '/home/goossens/goossens-book-ip-projects/2024.1/rv32i_npp_bram_ip/print.cpp' to the project
INFO: [HLS 200-1465] Applying ini 'syn.file=/home/goossens/goossens-book-ip-projects/2024.1/rv32i_npp_bram_ip/immediate.cpp' from /home/goossens/goossens-book-ip-projects/2024.1/rv32i_npp_bram_ip/workspace/hls_component/hls_config.cfg(9)
INFO: [HLS 200-10] Adding design file '/home/goossens/goossens-book-ip-projects/2024.1/rv32i_npp_bram_ip/immediate.cpp' to the project
INFO: [HLS 200-1465] Applying ini 'syn.file=/home/goossens/goossens-book-ip-projects/2024.1/rv32i_npp_bram_ip/fetch.cpp' from /home/goossens/goossens-book-ip-projects/2024.1/rv32i_npp_bram_ip/workspace/hls_component/hls_config.cfg(10)
INFO: [HLS 200-10] Adding design file '/home/goossens/goossens-book-ip-projects/2024.1/rv32i_npp_bram_ip/fetch.cpp' to the project
INFO: [HLS 200-1465] Applying ini 'syn.file=/home/goossens/goossens-book-ip-projects/2024.1/rv32i_npp_bram_ip/execute.cpp' from /home/goossens/goossens-book-ip-projects/2024.1/rv32i_npp_bram_ip/workspace/hls_component/hls_config.cfg(11)
INFO: [HLS 200-10] Adding design file '/home/goossens/goossens-book-ip-projects/2024.1/rv32i_npp_bram_ip/execute.cpp' to the project
INFO: [HLS 200-1465] Applying ini 'syn.file=/home/goossens/goossens-book-ip-projects/2024.1/rv32i_npp_bram_ip/emulate.cpp' from /home/goossens/goossens-book-ip-projects/2024.1/rv32i_npp_bram_ip/workspace/hls_component/hls_config.cfg(12)
INFO: [HLS 200-10] Adding design file '/home/goossens/goossens-book-ip-projects/2024.1/rv32i_npp_bram_ip/emulate.cpp' to the project
INFO: [HLS 200-1465] Applying ini 'syn.file=/home/goossens/goossens-book-ip-projects/2024.1/rv32i_npp_bram_ip/disassemble.cpp' from /home/goossens/goossens-book-ip-projects/2024.1/rv32i_npp_bram_ip/workspace/hls_component/hls_config.cfg(13)
INFO: [HLS 200-10] Adding design file '/home/goossens/goossens-book-ip-projects/2024.1/rv32i_npp_bram_ip/disassemble.cpp' to the project
INFO: [HLS 200-1465] Applying ini 'syn.file=/home/goossens/goossens-book-ip-projects/2024.1/rv32i_npp_bram_ip/decode.cpp' from /home/goossens/goossens-book-ip-projects/2024.1/rv32i_npp_bram_ip/workspace/hls_component/hls_config.cfg(14)
INFO: [HLS 200-10] Adding design file '/home/goossens/goossens-book-ip-projects/2024.1/rv32i_npp_bram_ip/decode.cpp' to the project
INFO: [HLS 200-1465] Applying ini 'tb.file=/home/goossens/goossens-book-ip-projects/2024.1/rv32i_npp_bram_ip/testbench_rv32i_npp_ip.cpp' from /home/goossens/goossens-book-ip-projects/2024.1/rv32i_npp_bram_ip/workspace/hls_component/hls_config.cfg(19)
INFO: [HLS 200-10] Adding test bench file '/home/goossens/goossens-book-ip-projects/2024.1/rv32i_npp_bram_ip/testbench_rv32i_npp_ip.cpp' to the project
INFO: [HLS 200-1465] Applying ini 'syn.top=rv32i_npp_ip' from /home/goossens/goossens-book-ip-projects/2024.1/rv32i_npp_bram_ip/workspace/hls_component/hls_config.cfg(15)
INFO: [HLS 200-1465] Applying ini 'flow_target=vivado' from /home/goossens/goossens-book-ip-projects/2024.1/rv32i_npp_bram_ip/workspace/hls_component/hls_config.cfg(5)
INFO: [HLS 200-1505] Using flow_target 'vivado'
Resolution: For help on HLS 200-1505 see docs.xilinx.com/access/sources/dita/topic?Doc_Version=2024.1%20English&url=ug1448-hls-guidance&resourceid=200-1505.html
INFO: [HLS 200-1465] Applying ini 'part=xc7z020clg400-1' from /home/goossens/goossens-book-ip-projects/2024.1/rv32i_npp_bram_ip/workspace/hls_component/hls_config.cfg(1)
INFO: [HLS 200-1611] Setting target device to 'xc7z020-clg400-1'
INFO: [HLS 200-1465] Applying ini 'clock=10ns' from /home/goossens/goossens-book-ip-projects/2024.1/rv32i_npp_bram_ip/workspace/hls_component/hls_config.cfg(4)
INFO: [SYN 201-201] Setting up clock 'default' with a period of 10ns.
INFO: [HLS 200-1465] Applying ini 'package.output.format=ip_catalog' from /home/goossens/goossens-book-ip-projects/2024.1/rv32i_npp_bram_ip/workspace/hls_component/hls_config.cfg(16)
INFO: [HLS 200-1465] Applying ini 'vivado.rtl=verilog' from /home/goossens/goossens-book-ip-projects/2024.1/rv32i_npp_bram_ip/workspace/hls_component/hls_config.cfg(17)
INFO: [SIM 211-2] *************** CSIM start ***************
INFO: [SIM 211-4] CSIM will launch CLANG as the compiler.
INFO: [HLS 200-2036] Building debug C Simulation binaries
   Compiling ../../../../../../testbench_rv32i_npp_ip.cpp in debug mode
   Compiling ../../../../../../decode.cpp in debug mode
   Compiling ../../../../../../disassemble.cpp in debug mode
   Compiling ../../../../../../emulate.cpp in debug mode
   Compiling ../../../../../../execute.cpp in debug mode
   Compiling ../../../../../../fetch.cpp in debug mode
   Compiling ../../../../../../immediate.cpp in debug mode
   Compiling ../../../../../../print.cpp in debug mode
   Compiling ../../../../../../rv32i_npp_ip.cpp in debug mode
   Compiling ../../../../../../type.cpp in debug mode
   Generating csim.exe
../../../../../../disassemble.cpp:79:26: warning: format specifies type 'int' but the argument has type 'func3_t' (aka 'ap_uint<3>') [-Wformat]
        printf("%d", d_i.func3);
                ~~       ^~~~~
../../../../../../disassemble.cpp:99:20: warning: format specifies type 'int' but the argument has type 'unsigned long' [-Wformat]
      printf("%d", ((int)pc+((int)(d_i.imm>>1)))*
              ~~   ^~~~~~~~~~~~~~~~~~~~~~~~~~~~~~
              %lu
../../../../../../disassemble.cpp:121:20: warning: format specifies type 'int' but the argument has type 'unsigned long' [-Wformat]
      printf("%d", ((int)pc+((int)(d_i.imm>>1)))*
              ~~   ^~~~~~~~~~~~~~~~~~~~~~~~~~~~~~
              %lu
3 warnings generated.
ra  =                0 (       0)
sp  =                0 (       0)
gp  =                0 (       0)
tp  =                0 (       0)
t0  =                0 (       0)
t1  =                0 (       0)
t2  =                0 (       0)
s0  =                0 (       0)
s1  =                0 (       0)
a0  =               55 (      37)
a1  =                0 (       0)
a2  =               40 (      28)
a3  =               40 (      28)
a4  =               10 (       a)
a5  =                0 (       0)
a6  =                0 (       0)
a7  =                0 (       0)
s2  =                0 (       0)
s3  =                0 (       0)
s4  =                0 (       0)
s5  =                0 (       0)
s6  =                0 (       0)
s7  =                0 (       0)
s8  =                0 (       0)
s9  =                0 (       0)
s10 =                0 (       0)
s11 =                0 (       0)
t3  =                0 (       0)
t4  =                0 (       0)
t5  =                0 (       0)
t6  =                0 (       0)
88 fetched and decoded instructions
data memory dump (non null words)
m[    0] =                1 (       1)
m[    4] =                2 (       2)
m[    8] =                3 (       3)
m[    c] =                4 (       4)
m[   10] =                5 (       5)
m[   14] =                6 (       6)
m[   18] =                7 (       7)
m[   1c] =                8 (       8)
m[   20] =                9 (       9)
m[   24] =               10 (       a)
m[   2c] =               55 (      37)
INFO: [SIM 211-1] CSim done with 0 errors.
INFO: [SIM 211-3] *************** CSIM finish ***************
INFO: [HLS 200-112] Total CPU user time: 16.46 seconds. Total CPU system time: 1.09 seconds. Total elapsed time: 17.38 seconds; peak allocated memory: 340.039 MB.
INFO: [vitis-run 60-791] Total elapsed time: 0h 0m 21s
