INFO: [v++ 60-1548] Creating build summary session with primary output /home/goossens/goossens-book-ip-projects/2024.1/rv32i_npp_bram_ip/workspace/hls_component/rv32i_npp_ip/rv32i_npp_ip.hlscompile_summary, at Wed Sep 11 20:50:21 2024
INFO: [v++ 82-31] Launching vitis_hls: vitis_hls -nolog -run csynth -work_dir /home/goossens/goossens-book-ip-projects/2024.1/rv32i_npp_bram_ip/workspace/hls_component/rv32i_npp_ip -config /home/goossens/goossens-book-ip-projects/2024.1/rv32i_npp_bram_ip/workspace/hls_component/hls_config.cfg -cmdlineconfig /home/goossens/goossens-book-ip-projects/2024.1/rv32i_npp_bram_ip/workspace/hls_component/rv32i_npp_ip/hls/config.cmdline

****** Vitis HLS - High-Level Synthesis from C, C++ and OpenCL v2024.1 (64-bit)
  **** SW Build 5069499 on May 21 2024
  **** IP Build 5075265 on Wed May 22 21:45:21 MDT 2024
  **** SharedData Build 5076995 on Wed May 22 18:29:18 MDT 2024
  **** Start of session at: Wed Sep 11 20:50:23 2024
    ** Copyright 1986-2022 Xilinx, Inc. All Rights Reserved.
    ** Copyright 2022-2024 Advanced Micro Devices, Inc. All Rights Reserved.

source /opt/Xilinx/Vitis_HLS/2024.1/scripts/vitis_hls/hls.tcl -notrace
INFO: [HLS 200-10] For user 'goossens' on host 'goossens-Precision-5530' (Linux_x86_64 version 6.8.0-40-generic) on Wed Sep 11 20:50:24 CEST 2024
INFO: [HLS 200-10] On os Ubuntu 22.04.4 LTS
INFO: [HLS 200-10] In directory '/home/goossens/goossens-book-ip-projects/2024.1/rv32i_npp_bram_ip/workspace/hls_component'
INFO: [HLS 200-2005] Using work_dir /home/goossens/goossens-book-ip-projects/2024.1/rv32i_npp_bram_ip/workspace/hls_component/rv32i_npp_ip 
INFO: [HLS 200-1505] Using default flow_target 'vivado'
Resolution: For help on HLS 200-1505 see docs.xilinx.com/access/sources/dita/topic?Doc_Version=2024.1%20English&url=ug1448-hls-guidance&resourceid=200-1505.html
INFO: [HLS 200-1465] Applying ini 'syn.file=/home/goossens/goossens-book-ip-projects/2024.1/rv32i_npp_bram_ip/type.cpp' from /home/goossens/goossens-book-ip-projects/2024.1/rv32i_npp_bram_ip/workspace/hls_component/hls_config.cfg(6)
INFO: [HLS 200-10] Adding design file '/home/goossens/goossens-book-ip-projects/2024.1/rv32i_npp_bram_ip/type.cpp' to the project
INFO: [HLS 200-1465] Applying ini 'syn.file=/home/goossens/goossens-book-ip-projects/2024.1/rv32i_npp_bram_ip/rv32i_npp_ip.cpp' from /home/goossens/goossens-book-ip-projects/2024.1/rv32i_npp_bram_ip/workspace/hls_component/hls_config.cfg(7)
INFO: [HLS 200-10] Adding design file '/home/goossens/goossens-book-ip-projects/2024.1/rv32i_npp_bram_ip/rv32i_npp_ip.cpp' to the project
INFO: [HLS 200-1465] Applying ini 'syn.file=/home/goossens/goossens-book-ip-projects/2024.1/rv32i_npp_bram_ip/print.cpp' from /home/goossens/goossens-book-ip-projects/2024.1/rv32i_npp_bram_ip/workspace/hls_component/hls_config.cfg(8)
INFO: [HLS 200-10] Adding design file '/home/goossens/goossens-book-ip-projects/2024.1/rv32i_npp_bram_ip/print.cpp' to the project
INFO: [HLS 200-1465] Applying ini 'syn.file=/home/goossens/goossens-book-ip-projects/2024.1/rv32i_npp_bram_ip/immediate.cpp' from /home/goossens/goossens-book-ip-projects/2024.1/rv32i_npp_bram_ip/workspace/hls_component/hls_config.cfg(9)
INFO: [HLS 200-10] Adding design file '/home/goossens/goossens-book-ip-projects/2024.1/rv32i_npp_bram_ip/immediate.cpp' to the project
INFO: [HLS 200-1465] Applying ini 'syn.file=/home/goossens/goossens-book-ip-projects/2024.1/rv32i_npp_bram_ip/fetch.cpp' from /home/goossens/goossens-book-ip-projects/2024.1/rv32i_npp_bram_ip/workspace/hls_component/hls_config.cfg(10)
INFO: [HLS 200-10] Adding design file '/home/goossens/goossens-book-ip-projects/2024.1/rv32i_npp_bram_ip/fetch.cpp' to the project
INFO: [HLS 200-1465] Applying ini 'syn.file=/home/goossens/goossens-book-ip-projects/2024.1/rv32i_npp_bram_ip/execute.cpp' from /home/goossens/goossens-book-ip-projects/2024.1/rv32i_npp_bram_ip/workspace/hls_component/hls_config.cfg(11)
INFO: [HLS 200-10] Adding design file '/home/goossens/goossens-book-ip-projects/2024.1/rv32i_npp_bram_ip/execute.cpp' to the project
INFO: [HLS 200-1465] Applying ini 'syn.file=/home/goossens/goossens-book-ip-projects/2024.1/rv32i_npp_bram_ip/emulate.cpp' from /home/goossens/goossens-book-ip-projects/2024.1/rv32i_npp_bram_ip/workspace/hls_component/hls_config.cfg(12)
INFO: [HLS 200-10] Adding design file '/home/goossens/goossens-book-ip-projects/2024.1/rv32i_npp_bram_ip/emulate.cpp' to the project
INFO: [HLS 200-1465] Applying ini 'syn.file=/home/goossens/goossens-book-ip-projects/2024.1/rv32i_npp_bram_ip/disassemble.cpp' from /home/goossens/goossens-book-ip-projects/2024.1/rv32i_npp_bram_ip/workspace/hls_component/hls_config.cfg(13)
INFO: [HLS 200-10] Adding design file '/home/goossens/goossens-book-ip-projects/2024.1/rv32i_npp_bram_ip/disassemble.cpp' to the project
INFO: [HLS 200-1465] Applying ini 'syn.file=/home/goossens/goossens-book-ip-projects/2024.1/rv32i_npp_bram_ip/decode.cpp' from /home/goossens/goossens-book-ip-projects/2024.1/rv32i_npp_bram_ip/workspace/hls_component/hls_config.cfg(14)
INFO: [HLS 200-10] Adding design file '/home/goossens/goossens-book-ip-projects/2024.1/rv32i_npp_bram_ip/decode.cpp' to the project
INFO: [HLS 200-1465] Applying ini 'tb.file=/home/goossens/goossens-book-ip-projects/2024.1/rv32i_npp_bram_ip/testbench_rv32i_npp_ip.cpp' from /home/goossens/goossens-book-ip-projects/2024.1/rv32i_npp_bram_ip/workspace/hls_component/hls_config.cfg(19)
INFO: [HLS 200-10] Adding test bench file '/home/goossens/goossens-book-ip-projects/2024.1/rv32i_npp_bram_ip/testbench_rv32i_npp_ip.cpp' to the project
INFO: [HLS 200-1465] Applying ini 'syn.top=rv32i_npp_ip' from /home/goossens/goossens-book-ip-projects/2024.1/rv32i_npp_bram_ip/workspace/hls_component/hls_config.cfg(15)
INFO: [HLS 200-1465] Applying ini 'flow_target=vivado' from /home/goossens/goossens-book-ip-projects/2024.1/rv32i_npp_bram_ip/workspace/hls_component/hls_config.cfg(5)
INFO: [HLS 200-1505] Using flow_target 'vivado'
Resolution: For help on HLS 200-1505 see docs.xilinx.com/access/sources/dita/topic?Doc_Version=2024.1%20English&url=ug1448-hls-guidance&resourceid=200-1505.html
INFO: [HLS 200-1465] Applying ini 'part=xc7z020clg400-1' from /home/goossens/goossens-book-ip-projects/2024.1/rv32i_npp_bram_ip/workspace/hls_component/hls_config.cfg(1)
INFO: [HLS 200-1611] Setting target device to 'xc7z020-clg400-1'
INFO: [HLS 200-1465] Applying ini 'clock=10ns' from /home/goossens/goossens-book-ip-projects/2024.1/rv32i_npp_bram_ip/workspace/hls_component/hls_config.cfg(4)
INFO: [SYN 201-201] Setting up clock 'default' with a period of 10ns.
INFO: [HLS 200-1465] Applying ini 'package.output.format=ip_catalog' from /home/goossens/goossens-book-ip-projects/2024.1/rv32i_npp_bram_ip/workspace/hls_component/hls_config.cfg(16)
INFO: [HLS 200-1465] Applying ini 'vivado.rtl=verilog' from /home/goossens/goossens-book-ip-projects/2024.1/rv32i_npp_bram_ip/workspace/hls_component/hls_config.cfg(17)
INFO: [HLS 200-111] Finished File checks and directory preparation: CPU user time: 3.21 seconds. CPU system time: 0.33 seconds. Elapsed time: 3.39 seconds; current allocated memory: 339.984 MB.
INFO: [HLS 200-10] Analyzing design file '../../decode.cpp' ... 
INFO: [HLS 200-10] Analyzing design file '../../disassemble.cpp' ... 
INFO: [HLS 200-10] Analyzing design file '../../emulate.cpp' ... 
INFO: [HLS 200-10] Analyzing design file '../../execute.cpp' ... 
INFO: [HLS 200-10] Analyzing design file '../../fetch.cpp' ... 
INFO: [HLS 200-10] Analyzing design file '../../immediate.cpp' ... 
INFO: [HLS 200-10] Analyzing design file '../../print.cpp' ... 
INFO: [HLS 200-10] Analyzing design file '../../rv32i_npp_ip.cpp' ... 
INFO: [HLS 200-10] Analyzing design file '../../type.cpp' ... 
INFO: [HLS 200-111] Finished Source Code Analysis and Preprocessing: CPU user time: 17.93 seconds. CPU system time: 4.65 seconds. Elapsed time: 22.59 seconds; current allocated memory: 342.008 MB.
INFO: [HLS 200-777] Using interface defaults for 'Vivado' flow target.
INFO: [HLS 200-1995] There were 8,345 instructions in the design after the 'Compile/Link' phase of compilation. See the Design Size Report for more details: /home/goossens/goossens-book-ip-projects/2024.1/rv32i_npp_bram_ip/workspace/hls_component/rv32i_npp_ip/hls/syn/report/csynth_design_size.rpt
INFO: [HLS 200-1995] There were 524 instructions in the design after the 'Unroll/Inline (step 1)' phase of compilation. See the Design Size Report for more details: /home/goossens/goossens-book-ip-projects/2024.1/rv32i_npp_bram_ip/workspace/hls_component/rv32i_npp_ip/hls/syn/report/csynth_design_size.rpt
INFO: [HLS 200-1995] There were 415 instructions in the design after the 'Unroll/Inline (step 2)' phase of compilation. See the Design Size Report for more details: /home/goossens/goossens-book-ip-projects/2024.1/rv32i_npp_bram_ip/workspace/hls_component/rv32i_npp_ip/hls/syn/report/csynth_design_size.rpt
INFO: [HLS 200-1995] There were 407 instructions in the design after the 'Unroll/Inline (step 3)' phase of compilation. See the Design Size Report for more details: /home/goossens/goossens-book-ip-projects/2024.1/rv32i_npp_bram_ip/workspace/hls_component/rv32i_npp_ip/hls/syn/report/csynth_design_size.rpt
INFO: [HLS 200-1995] There were 407 instructions in the design after the 'Unroll/Inline (step 4)' phase of compilation. See the Design Size Report for more details: /home/goossens/goossens-book-ip-projects/2024.1/rv32i_npp_bram_ip/workspace/hls_component/rv32i_npp_ip/hls/syn/report/csynth_design_size.rpt
INFO: [HLS 200-1995] There were 634 instructions in the design after the 'Array/Struct (step 1)' phase of compilation. See the Design Size Report for more details: /home/goossens/goossens-book-ip-projects/2024.1/rv32i_npp_bram_ip/workspace/hls_component/rv32i_npp_ip/hls/syn/report/csynth_design_size.rpt
INFO: [HLS 200-1995] There were 596 instructions in the design after the 'Array/Struct (step 2)' phase of compilation. See the Design Size Report for more details: /home/goossens/goossens-book-ip-projects/2024.1/rv32i_npp_bram_ip/workspace/hls_component/rv32i_npp_ip/hls/syn/report/csynth_design_size.rpt
INFO: [HLS 200-1995] There were 596 instructions in the design after the 'Array/Struct (step 3)' phase of compilation. See the Design Size Report for more details: /home/goossens/goossens-book-ip-projects/2024.1/rv32i_npp_bram_ip/workspace/hls_component/rv32i_npp_ip/hls/syn/report/csynth_design_size.rpt
INFO: [HLS 200-1995] There were 596 instructions in the design after the 'Array/Struct (step 4)' phase of compilation. See the Design Size Report for more details: /home/goossens/goossens-book-ip-projects/2024.1/rv32i_npp_bram_ip/workspace/hls_component/rv32i_npp_ip/hls/syn/report/csynth_design_size.rpt
INFO: [HLS 200-1995] There were 504 instructions in the design after the 'Array/Struct (step 5)' phase of compilation. See the Design Size Report for more details: /home/goossens/goossens-book-ip-projects/2024.1/rv32i_npp_bram_ip/workspace/hls_component/rv32i_npp_ip/hls/syn/report/csynth_design_size.rpt
INFO: [HLS 200-1995] There were 504 instructions in the design after the 'Performance (step 1)' phase of compilation. See the Design Size Report for more details: /home/goossens/goossens-book-ip-projects/2024.1/rv32i_npp_bram_ip/workspace/hls_component/rv32i_npp_ip/hls/syn/report/csynth_design_size.rpt
INFO: [HLS 200-1995] There were 503 instructions in the design after the 'Performance (step 2)' phase of compilation. See the Design Size Report for more details: /home/goossens/goossens-book-ip-projects/2024.1/rv32i_npp_bram_ip/workspace/hls_component/rv32i_npp_ip/hls/syn/report/csynth_design_size.rpt
INFO: [HLS 200-1995] There were 503 instructions in the design after the 'Performance (step 3)' phase of compilation. See the Design Size Report for more details: /home/goossens/goossens-book-ip-projects/2024.1/rv32i_npp_bram_ip/workspace/hls_component/rv32i_npp_ip/hls/syn/report/csynth_design_size.rpt
INFO: [HLS 200-1995] There were 503 instructions in the design after the 'Performance (step 4)' phase of compilation. See the Design Size Report for more details: /home/goossens/goossens-book-ip-projects/2024.1/rv32i_npp_bram_ip/workspace/hls_component/rv32i_npp_ip/hls/syn/report/csynth_design_size.rpt
INFO: [HLS 200-1995] There were 529 instructions in the design after the 'HW Transforms (step 1)' phase of compilation. See the Design Size Report for more details: /home/goossens/goossens-book-ip-projects/2024.1/rv32i_npp_bram_ip/workspace/hls_component/rv32i_npp_ip/hls/syn/report/csynth_design_size.rpt
INFO: [HLS 200-1995] There were 520 instructions in the design after the 'HW Transforms (step 2)' phase of compilation. See the Design Size Report for more details: /home/goossens/goossens-book-ip-projects/2024.1/rv32i_npp_bram_ip/workspace/hls_component/rv32i_npp_ip/hls/syn/report/csynth_design_size.rpt
INFO: [HLS 214-415] Performing recursive inline in function 'rv32i_npp_ip' (../../rv32i_npp_ip.cpp:34:9)
INFO: [HLS 214-131] Inlining function 'type_11(ap_uint<3>) (.144)' into 'type(ap_uint<5>) (.140)' (../../type.cpp:62:23)
INFO: [HLS 214-131] Inlining function 'type_10(ap_uint<3>) (.145)' into 'type(ap_uint<5>) (.140)' (../../type.cpp:61:23)
INFO: [HLS 214-131] Inlining function 'type_01(ap_uint<3>) (.146)' into 'type(ap_uint<5>) (.140)' (../../type.cpp:60:23)
INFO: [HLS 214-131] Inlining function 'type_00(ap_uint<3>) (.147)' into 'type(ap_uint<5>) (.140)' (../../type.cpp:59:23)
INFO: [HLS 214-131] Inlining function 'type(ap_uint<5>) (.140)' into 'decode_instruction(unsigned int, decoded_instruction_s*) (.137)' (../../decode.cpp:20:15)
INFO: [HLS 214-131] Inlining function 'j_immediate(decoded_immediate_s) (.98)' into 'decode_immediate(unsigned int, decoded_instruction_s*) (.96)' (../../decode.cpp:41:24)
INFO: [HLS 214-131] Inlining function 'u_immediate(decoded_immediate_s) (.109)' into 'decode_immediate(unsigned int, decoded_instruction_s*) (.96)' (../../decode.cpp:40:24)
INFO: [HLS 214-131] Inlining function 'b_immediate(decoded_immediate_s) (.112)' into 'decode_immediate(unsigned int, decoded_instruction_s*) (.96)' (../../decode.cpp:39:24)
INFO: [HLS 214-131] Inlining function 's_immediate(decoded_immediate_s) (.124)' into 'decode_immediate(unsigned int, decoded_instruction_s*) (.96)' (../../decode.cpp:38:24)
INFO: [HLS 214-131] Inlining function 'i_immediate(decoded_immediate_s) (.125)' into 'decode_immediate(unsigned int, decoded_instruction_s*) (.96)' (../../decode.cpp:37:24)
INFO: [HLS 214-131] Inlining function 'decode_instruction(unsigned int, decoded_instruction_s*) (.137)' into 'decode(unsigned int, decoded_instruction_s*) (.95)' (../../decode.cpp:48:3)
INFO: [HLS 214-131] Inlining function 'decode_immediate(unsigned int, decoded_instruction_s*) (.96)' into 'decode(unsigned int, decoded_instruction_s*) (.95)' (../../decode.cpp:49:3)
INFO: [HLS 214-131] Inlining function 'compute_branch_result(int, int, ap_uint<3>) (.80)' into 'compute_result(int, int, decoded_instruction_s, ap_uint<15>) (.78)' (../../execute.cpp:108:16)
INFO: [HLS 214-131] Inlining function 'compute_op_result(int, int, decoded_instruction_s) (.81)' into 'compute_result(int, int, decoded_instruction_s, ap_uint<15>) (.78)' (../../execute.cpp:99:18)
INFO: [HLS 214-131] Inlining function 'compute_op_result(int, int, decoded_instruction_s) (.81)' into 'compute_result(int, int, decoded_instruction_s, ap_uint<15>) (.78)' (../../execute.cpp:91:16)
INFO: [HLS 214-131] Inlining function 'read_reg(int*, ap_uint<5>, ap_uint<5>, int*, int*) (.94)' into 'execute(ap_uint<15>, int*, int*, decoded_instruction_s, ap_uint<15>*) (.11)' (../../execute.cpp:253:3)
INFO: [HLS 214-131] Inlining function 'compute_next_pc(ap_uint<15>, int, decoded_instruction_s, ap_uint<1>) (.12)' into 'execute(ap_uint<15>, int*, int*, decoded_instruction_s, ap_uint<15>*) (.11)' (../../execute.cpp:261:14)
INFO: [HLS 214-131] Inlining function 'write_reg(int*, decoded_instruction_s, int) (.41)' into 'execute(ap_uint<15>, int*, int*, decoded_instruction_s, ap_uint<15>*) (.11)' (../../execute.cpp:260:3)
INFO: [HLS 214-131] Inlining function 'mem_load(int*, ap_uint<17>, ap_uint<3>) (.46)' into 'execute(ap_uint<15>, int*, int*, decoded_instruction_s, ap_uint<15>*) (.11)' (../../execute.cpp:259:14)
INFO: [HLS 214-131] Inlining function 'mem_store(int*, ap_uint<17>, int, ap_uint<2>) (.68)' into 'execute(ap_uint<15>, int*, int*, decoded_instruction_s, ap_uint<15>*) (.11)' (../../execute.cpp:257:5)
INFO: [HLS 214-131] Inlining function 'compute_result(int, int, decoded_instruction_s, ap_uint<15>) (.78)' into 'execute(ap_uint<15>, int*, int*, decoded_instruction_s, ap_uint<15>*) (.11)' (../../execute.cpp:254:12)
INFO: [HLS 214-131] Inlining function 'running_cond_update(unsigned int, ap_uint<15>, ap_uint<1>*) (.2)' into 'rv32i_npp_ip(unsigned int, unsigned int*, int*, unsigned int*)' (../../rv32i_npp_ip.cpp:56:5)
INFO: [HLS 214-131] Inlining function 'statistic_update(unsigned int*) (.10)' into 'rv32i_npp_ip(unsigned int, unsigned int*, int*, unsigned int*)' (../../rv32i_npp_ip.cpp:55:5)
INFO: [HLS 214-131] Inlining function 'execute(ap_uint<15>, int*, int*, decoded_instruction_s, ap_uint<15>*) (.11)' into 'rv32i_npp_ip(unsigned int, unsigned int*, int*, unsigned int*)' (../../rv32i_npp_ip.cpp:54:5)
INFO: [HLS 214-131] Inlining function 'decode(unsigned int, decoded_instruction_s*) (.95)' into 'rv32i_npp_ip(unsigned int, unsigned int*, int*, unsigned int*)' (../../rv32i_npp_ip.cpp:48:5)
INFO: [HLS 214-131] Inlining function 'fetch(ap_uint<15>, unsigned int*, unsigned int*) (.162)' into 'rv32i_npp_ip(unsigned int, unsigned int*, int*, unsigned int*)' (../../rv32i_npp_ip.cpp:47:2)
INFO: [HLS 214-248] Applying array_partition to 'reg_file': Complete partitioning on dimension 1. (../../rv32i_npp_ip.cpp:36:7)
WARNING: [HLS 214-358] Array transformation on index using bit extension logic may lead to poor performance. Please use int or long for array index computation to benefit from optimizations. (../../execute.cpp:15:10)
WARNING: [HLS 214-358] Array transformation on index using bit extension logic may lead to poor performance. Please use int or long for array index computation to benefit from optimizations. (../../execute.cpp:16:10)
WARNING: [HLS 214-358] Array transformation on index using bit extension logic may lead to poor performance. Please use int or long for array index computation to benefit from optimizations. (../../execute.cpp:25:5)
INFO: [HLS 214-376] automatically set the pipeline for Loop< VITIS_LOOP_42_1> at ../../rv32i_npp_ip.cpp:42:20 
INFO: [HLS 200-111] Finished Compiling Optimization and Transform: CPU user time: 2.74 seconds. CPU system time: 0.42 seconds. Elapsed time: 7.41 seconds; current allocated memory: 343.773 MB.
INFO: [HLS 200-111] Finished Checking Pragmas: CPU user time: 0 seconds. CPU system time: 0 seconds. Elapsed time: 0 seconds; current allocated memory: 343.773 MB.
INFO: [HLS 200-10] Starting code transformations ...
INFO: [HLS 200-111] Finished Standard Transforms: CPU user time: 0.04 seconds. CPU system time: 0 seconds. Elapsed time: 0.04 seconds; current allocated memory: 345.480 MB.
INFO: [HLS 200-10] Checking synthesizability ...
INFO: [HLS 200-111] Finished Checking Synthesizability: CPU user time: 0.03 seconds. CPU system time: 0.01 seconds. Elapsed time: 0.04 seconds; current allocated memory: 346.633 MB.
INFO: [XFORM 203-401] Performing if-conversion on hyperblock from (../../rv32i_npp_ip.cpp:42:29) to (../../rv32i_npp_ip.cpp:42:20) in function 'rv32i_npp_ip'... converting 3 basic blocks.
INFO: [XFORM 203-401] Performing if-conversion on hyperblock from (../../execute.cpp:164:11) to (../../execute.cpp:201:3) in function 'rv32i_npp_ip'... converting 5 basic blocks.
INFO: [XFORM 203-401] Performing if-conversion on hyperblock from (../../execute.cpp:145:17) to (../../execute.cpp:148:7) in function 'rv32i_npp_ip'... converting 3 basic blocks.
INFO: [XFORM 203-401] Performing if-conversion on hyperblock from (../../execute.cpp:30:11) to (../../execute.cpp:109:7) in function 'rv32i_npp_ip'... converting 9 basic blocks.
INFO: [HLS 200-111] Finished Loop, function and other optimizations: CPU user time: 0.17 seconds. CPU system time: 0.01 seconds. Elapsed time: 0.19 seconds; current allocated memory: 373.730 MB.
INFO: [HLS 200-111] Finished Architecture Synthesis: CPU user time: 0.18 seconds. CPU system time: 0 seconds. Elapsed time: 0.18 seconds; current allocated memory: 373.730 MB.
INFO: [HLS 200-10] Starting hardware synthesis ...
INFO: [HLS 200-10] Synthesizing 'rv32i_npp_ip' ...
INFO: [HLS 200-10] ----------------------------------------------------------------
INFO: [HLS 200-42] -- Implementing module 'rv32i_npp_ip' 
INFO: [HLS 200-10] ----------------------------------------------------------------
INFO: [SCHED 204-11] Starting scheduling ...
INFO: [SCHED 204-61] Pipelining loop 'VITIS_LOOP_45_2'.
INFO: [HLS 200-1470] Pipelining result : Target II = 7, Final II = 7, Depth = 7, loop 'VITIS_LOOP_45_2'
WARNING: [HLS 200-871] Estimated clock period (9.688 ns) exceeds the target (target clock period: 10.000 ns, clock uncertainty: 2.700 ns, effective delay budget: 7.300 ns).
Resolution: For help on HLS 200-871 see docs.xilinx.com/access/sources/dita/topic?Doc_Version=2024.1%20English&url=ug1448-hls-guidance&resourceid=200-871.html
WARNING: [HLS 200-1016] The critical path in module 'rv32i_npp_ip' consists of the following:
	'load' operation 32 bit ('instruction', ../../fetch.cpp:12->../../rv32i_npp_ip.cpp:47) on array 'code_ram' [127]  (3.254 ns)
	multiplexor before 'phi' operation 3 bit ('d_i.type') [168]  (2.184 ns)
	multiplexor before 'phi' operation 3 bit ('d_i.type') [168]  (2.184 ns)
	'phi' operation 3 bit ('d_i.type') [168]  (0.000 ns)
	multiplexor before 'phi' operation 20 bit ('d_i.imm') with incoming values : ('sext_ln39', ../../decode.cpp:39->../../decode.cpp:49->../../rv32i_npp_ip.cpp:48) ('sext_ln38', ../../decode.cpp:38->../../decode.cpp:49->../../rv32i_npp_ip.cpp:48) ('sext_ln37', ../../decode.cpp:37->../../decode.cpp:49->../../rv32i_npp_ip.cpp:48) ('d_i.imm', ../../immediate.cpp:24->../../decode.cpp:40->../../decode.cpp:49->../../rv32i_npp_ip.cpp:48) ('d_i.imm', ../../immediate.cpp:31->../../decode.cpp:41->../../decode.cpp:49->../../rv32i_npp_ip.cpp:48) [197]  (2.065 ns)

Resolution: For help on HLS 200-1016 see docs.xilinx.com/access/sources/dita/topic?Doc_Version=2024.1%20English&url=ug1448-hls-guidance&resourceid=200-1016.html
INFO: [SCHED 204-11] Finished scheduling.
INFO: [HLS 200-111] Finished Scheduling: CPU user time: 0.54 seconds. CPU system time: 0.02 seconds. Elapsed time: 0.57 seconds; current allocated memory: 376.465 MB.
INFO: [BIND 205-100] Starting micro-architecture generation ...
INFO: [BIND 205-101] Performing variable lifetime analysis.
INFO: [BIND 205-101] Exploring resource sharing.
INFO: [BIND 205-101] Binding ...
INFO: [BIND 205-100] Finished micro-architecture generation.
INFO: [HLS 200-111] Finished Binding: CPU user time: 0.08 seconds. CPU system time: 0 seconds. Elapsed time: 0.08 seconds; current allocated memory: 376.465 MB.
INFO: [HLS 200-10] ----------------------------------------------------------------
INFO: [HLS 200-10] -- Generating RTL for module 'rv32i_npp_ip' 
INFO: [HLS 200-10] ----------------------------------------------------------------
WARNING: [RTGEN 206-101] Design contains AXI ports. Reset is fixed to synchronous and active low.
INFO: [RTGEN 206-500] Setting interface mode on port 'rv32i_npp_ip/start_pc' to 's_axilite & ap_none'.
INFO: [RTGEN 206-500] Setting interface mode on port 'rv32i_npp_ip/code_ram' to 'bram'.
INFO: [RTGEN 206-500] Setting interface mode on port 'rv32i_npp_ip/data_ram' to 'bram'.
INFO: [RTGEN 206-500] Setting interface mode on port 'rv32i_npp_ip/nb_instruction' to 's_axilite & ap_vld'.
INFO: [RTGEN 206-500] Setting interface mode on function 'rv32i_npp_ip' to 's_axilite & ap_ctrl_hs'.
INFO: [RTGEN 206-100] Bundling port 'start_pc', 'nb_instruction' and 'return' to AXI-Lite port control.
WARNING: [RTGEN 206-101] Setting dangling out port 'rv32i_npp_ip/code_ram_WEN_A' to 0.
WARNING: [RTGEN 206-101] Setting dangling out port 'rv32i_npp_ip/code_ram_Din_A' to 0.
INFO: [RTGEN 206-100] Generating core module 'sparsemux_15_6_1_1_1': 1 instance(s).
INFO: [RTGEN 206-100] Generating core module 'sparsemux_65_5_32_1_1': 2 instance(s).
INFO: [RTGEN 206-100] Generating core module 'sparsemux_9_3_8_1_1': 1 instance(s).
INFO: [RTGEN 206-100] Finished creating RTL model for 'rv32i_npp_ip'.
INFO: [HLS 200-111] Finished Creating RTL model: CPU user time: 0.14 seconds. CPU system time: 0.01 seconds. Elapsed time: 0.15 seconds; current allocated memory: 376.465 MB.
INFO: [HLS 200-111] Finished Generating all RTL models: CPU user time: 0.36 seconds. CPU system time: 0.02 seconds. Elapsed time: 0.39 seconds; current allocated memory: 379.660 MB.
INFO: [HLS 200-111] Finished Updating report files: CPU user time: 0.42 seconds. CPU system time: 0.02 seconds. Elapsed time: 0.44 seconds; current allocated memory: 385.133 MB.
INFO: [VHDL 208-304] Generating VHDL RTL for rv32i_npp_ip.
INFO: [VLOG 209-307] Generating Verilog RTL for rv32i_npp_ip.
INFO: [HLS 200-790] **** Loop Constraint Status: All loop constraints were satisfied.
INFO: [HLS 200-789] **** Estimated Fmax: 103.22 MHz
INFO: [HLS 200-112] Total CPU user time: 25.88 seconds. Total CPU system time: 5.5 seconds. Total elapsed time: 35.51 seconds; peak allocated memory: 385.199 MB.
INFO: [v++ 60-791] Total elapsed time: 0h 0m 39s
