Wed Sep 11 20:49:41 2024: Running xcd server. This server was built by gradle.
Wed Sep 11 20:49:41 2024: Server was asked to start on port: '32877'
Wed Sep 11 20:49:41 2024: Server is using token UUID: 'a406d469-86ba-4fe2-b940-edf14937ca3e'
Wed Sep 11 20:49:41 2024: SESSION_MGR: creating session with session uuid: '6d04a3e9-ade5-4ab9-8d63-1f78fcd2ec76' and name 'default'
Wed Sep 11 20:49:41 2024: Attempting to start server on port '32877'
Wed Sep 11 20:49:41 2024: XCD main fifo: created main fifo '/tmp/xcdmaina406d469-86ba-4fe2-b940-edf14937ca3e', fd read = 13
Wed Sep 11 20:49:41 2024: Running Dispatch Server
Wed Sep 11 20:49:41 2024: Version 2.2.0
Wed Sep 11 20:49:42 2024: Dispatch Server: Accepted socket connection from client
Wed Sep 11 20:49:42 2024: Starting Socket connection
Wed Sep 11 20:49:42 2024: EXCHANGE_TOKEN received, server token: a406d469-86ba-4fe2-b940-edf14937ca3e, passed token: a406d469-86ba-4fe2-b940-edf14937ca3e
Wed Sep 11 20:49:42 2024: DISPATCH_HANDLER: Adding handler from function makeHandler in library libxv_system_diagram
Wed Sep 11 20:49:42 2024: SESSION_MGR: creating session with session uuid: '246cc4dc-9ee8-460c-90a6-aee8c561b260' and name 'vitis-run_compile_rv32i_npp_ip'
Wed Sep 11 20:49:42 2024: KERNEL_SVC: creating session with uuid: '246cc4dc-9ee8-460c-90a6-aee8c561b260' and name 'vitis-run_compile_rv32i_npp_ip'
Wed Sep 11 20:49:42 2024: GUIDANCE_SMGR: creating guidance session with uuid: '246cc4dc-9ee8-460c-90a6-aee8c561b260' and name 'vitis-run_compile_rv32i_npp_ip'
Wed Sep 11 20:49:42 2024: SYSTEM_DIAGRAM: creating session with uuid: '246cc4dc-9ee8-460c-90a6-aee8c561b260' and name 'vitis-run_compile_rv32i_npp_ip'
Wed Sep 11 20:49:47 2024: Dispatch Server: Accepted socket connection from client
Wed Sep 11 20:49:47 2024: Starting Socket connection
Wed Sep 11 20:50:01 2024: SESSION_MGR: closing session for UUID '246cc4dc-9ee8-460c-90a6-aee8c561b260' with name 'vitis-run_compile_rv32i_npp_ip'
Wed Sep 11 20:50:01 2024: KERNEL_SVC: closing session for UUID '246cc4dc-9ee8-460c-90a6-aee8c561b260' with name 'vitis-run_compile_rv32i_npp_ip'
Wed Sep 11 20:50:01 2024: GUIDANCE_SMGR: closing session for UUID '246cc4dc-9ee8-460c-90a6-aee8c561b260' with name 'vitis-run_compile_rv32i_npp_ip'
Wed Sep 11 20:50:01 2024: SYSTEM_DIAGRAM: closing session for UUID '246cc4dc-9ee8-460c-90a6-aee8c561b260' with name 'vitis-run_compile_rv32i_npp_ip'
Wed Sep 11 20:50:01 2024: STOP_SERVER received, server token: a406d469-86ba-4fe2-b940-edf14937ca3e, passed token: a406d469-86ba-4fe2-b940-edf14937ca3e
Wed Sep 11 20:50:01 2024: Socket received request to stop server.
Wed Sep 11 20:50:01 2024: Dispatch Server: do_await_stop
Wed Sep 11 20:50:01 2024: Dispatch Server: stopping mainFifo_
Wed Sep 11 20:50:01 2024: XCD main fifo: Stopping
Wed Sep 11 20:50:01 2024: XCD main fifo: do_read error code: Operation canceled
Wed Sep 11 20:50:01 2024: XCD main fifo: bytes_transferred: 0
Wed Sep 11 20:50:01 2024: SERVER: destructor for server bound to port 32877
Wed Sep 11 20:50:01 2024: XCD main fifo: Good unlink of /tmp/xcdmaina406d469-86ba-4fe2-b940-edf14937ca3e
Wed Sep 11 20:50:01 2024: Server exiting with status 0.
Wed Sep 11 20:50:01 2024: Closing log file.
Wed Sep 11 20:50:20 2024: Running xcd server. This server was built by gradle.
Wed Sep 11 20:50:20 2024: Server was asked to start on port: '34289'
Wed Sep 11 20:50:20 2024: Server is using token UUID: '9a4c9253-1341-4953-ba15-e1322964574e'
Wed Sep 11 20:50:20 2024: SESSION_MGR: creating session with session uuid: '6d04a3e9-ade5-4ab9-8d63-1f78fcd2ec76' and name 'default'
Wed Sep 11 20:50:20 2024: Attempting to start server on port '34289'
Wed Sep 11 20:50:20 2024: XCD main fifo: created main fifo '/tmp/xcdmain9a4c9253-1341-4953-ba15-e1322964574e', fd read = 13
Wed Sep 11 20:50:20 2024: Running Dispatch Server
Wed Sep 11 20:50:20 2024: Version 2.2.0
Wed Sep 11 20:50:21 2024: Dispatch Server: Accepted socket connection from client
Wed Sep 11 20:50:21 2024: Starting Socket connection
Wed Sep 11 20:50:21 2024: EXCHANGE_TOKEN received, server token: 9a4c9253-1341-4953-ba15-e1322964574e, passed token: 9a4c9253-1341-4953-ba15-e1322964574e
Wed Sep 11 20:50:21 2024: DISPATCH_HANDLER: Adding handler from function makeHandler in library libxv_system_diagram
Wed Sep 11 20:50:21 2024: SESSION_MGR: creating session with session uuid: '55328169-5795-4126-9d8c-68f0f937ac0e' and name 'v++_compile_rv32i_npp_ip'
Wed Sep 11 20:50:21 2024: KERNEL_SVC: creating session with uuid: '55328169-5795-4126-9d8c-68f0f937ac0e' and name 'v++_compile_rv32i_npp_ip'
Wed Sep 11 20:50:21 2024: GUIDANCE_SMGR: creating guidance session with uuid: '55328169-5795-4126-9d8c-68f0f937ac0e' and name 'v++_compile_rv32i_npp_ip'
Wed Sep 11 20:50:21 2024: SYSTEM_DIAGRAM: creating session with uuid: '55328169-5795-4126-9d8c-68f0f937ac0e' and name 'v++_compile_rv32i_npp_ip'
Wed Sep 11 20:50:26 2024: Dispatch Server: Accepted socket connection from client
Wed Sep 11 20:50:26 2024: Starting Socket connection
Wed Sep 11 20:50:58 2024: SESSION_MGR: closing session for UUID '55328169-5795-4126-9d8c-68f0f937ac0e' with name 'v++_compile_rv32i_npp_ip'
Wed Sep 11 20:50:58 2024: KERNEL_SVC: closing session for UUID '55328169-5795-4126-9d8c-68f0f937ac0e' with name 'v++_compile_rv32i_npp_ip'
Wed Sep 11 20:50:58 2024: GUIDANCE_SMGR: closing session for UUID '55328169-5795-4126-9d8c-68f0f937ac0e' with name 'v++_compile_rv32i_npp_ip'
Wed Sep 11 20:50:58 2024: SYSTEM_DIAGRAM: closing session for UUID '55328169-5795-4126-9d8c-68f0f937ac0e' with name 'v++_compile_rv32i_npp_ip'
Wed Sep 11 20:50:58 2024: STOP_SERVER received, server token: 9a4c9253-1341-4953-ba15-e1322964574e, passed token: 9a4c9253-1341-4953-ba15-e1322964574e
Wed Sep 11 20:50:58 2024: Socket received request to stop server.
Wed Sep 11 20:50:58 2024: Dispatch Server: do_await_stop
Wed Sep 11 20:50:58 2024: Dispatch Server: stopping mainFifo_
Wed Sep 11 20:50:58 2024: XCD main fifo: Stopping
Wed Sep 11 20:50:58 2024: XCD main fifo: do_read error code: Operation canceled
Wed Sep 11 20:50:58 2024: XCD main fifo: bytes_transferred: 0
Wed Sep 11 20:50:58 2024: SERVER: destructor for server bound to port 34289
Wed Sep 11 20:50:58 2024: XCD main fifo: Good unlink of /tmp/xcdmain9a4c9253-1341-4953-ba15-e1322964574e
Wed Sep 11 20:50:58 2024: Server exiting with status 0.
Wed Sep 11 20:50:58 2024: Closing log file.
Wed Sep 11 20:52:37 2024: Running xcd server. This server was built by gradle.
Wed Sep 11 20:52:37 2024: Server was asked to start on port: '33287'
Wed Sep 11 20:52:37 2024: Server is using token UUID: '56f651b6-b904-4d08-965a-857c956bd987'
Wed Sep 11 20:52:37 2024: SESSION_MGR: creating session with session uuid: '6d04a3e9-ade5-4ab9-8d63-1f78fcd2ec76' and name 'default'
Wed Sep 11 20:52:37 2024: Attempting to start server on port '33287'
Wed Sep 11 20:52:37 2024: XCD main fifo: created main fifo '/tmp/xcdmain56f651b6-b904-4d08-965a-857c956bd987', fd read = 13
Wed Sep 11 20:52:37 2024: Running Dispatch Server
Wed Sep 11 20:52:37 2024: Version 2.2.0
Wed Sep 11 20:52:38 2024: Dispatch Server: Accepted socket connection from client
Wed Sep 11 20:52:38 2024: Starting Socket connection
Wed Sep 11 20:52:38 2024: EXCHANGE_TOKEN received, server token: 56f651b6-b904-4d08-965a-857c956bd987, passed token: 56f651b6-b904-4d08-965a-857c956bd987
Wed Sep 11 20:52:39 2024: DISPATCH_HANDLER: Adding handler from function makeHandler in library libxv_system_diagram
Wed Sep 11 20:52:39 2024: SESSION_MGR: creating session with session uuid: '8a9561cb-19af-424a-9660-3ae51e0cd636' and name 'vitis-run_compile_rv32i_npp_ip'
Wed Sep 11 20:52:39 2024: KERNEL_SVC: creating session with uuid: '8a9561cb-19af-424a-9660-3ae51e0cd636' and name 'vitis-run_compile_rv32i_npp_ip'
Wed Sep 11 20:52:39 2024: GUIDANCE_SMGR: creating guidance session with uuid: '8a9561cb-19af-424a-9660-3ae51e0cd636' and name 'vitis-run_compile_rv32i_npp_ip'
Wed Sep 11 20:52:39 2024: SYSTEM_DIAGRAM: creating session with uuid: '8a9561cb-19af-424a-9660-3ae51e0cd636' and name 'vitis-run_compile_rv32i_npp_ip'
Wed Sep 11 20:52:43 2024: Dispatch Server: Accepted socket connection from client
Wed Sep 11 20:52:43 2024: Starting Socket connection
Wed Sep 11 20:53:02 2024: SESSION_MGR: closing session for UUID '8a9561cb-19af-424a-9660-3ae51e0cd636' with name 'vitis-run_compile_rv32i_npp_ip'
Wed Sep 11 20:53:02 2024: KERNEL_SVC: closing session for UUID '8a9561cb-19af-424a-9660-3ae51e0cd636' with name 'vitis-run_compile_rv32i_npp_ip'
Wed Sep 11 20:53:02 2024: GUIDANCE_SMGR: closing session for UUID '8a9561cb-19af-424a-9660-3ae51e0cd636' with name 'vitis-run_compile_rv32i_npp_ip'
Wed Sep 11 20:53:02 2024: SYSTEM_DIAGRAM: closing session for UUID '8a9561cb-19af-424a-9660-3ae51e0cd636' with name 'vitis-run_compile_rv32i_npp_ip'
Wed Sep 11 20:53:02 2024: STOP_SERVER received, server token: 56f651b6-b904-4d08-965a-857c956bd987, passed token: 56f651b6-b904-4d08-965a-857c956bd987
Wed Sep 11 20:53:02 2024: Socket received request to stop server.
Wed Sep 11 20:53:02 2024: Dispatch Server: do_await_stop
Wed Sep 11 20:53:02 2024: Dispatch Server: stopping mainFifo_
Wed Sep 11 20:53:02 2024: XCD main fifo: Stopping
Wed Sep 11 20:53:02 2024: XCD main fifo: do_read error code: Operation canceled
Wed Sep 11 20:53:02 2024: XCD main fifo: bytes_transferred: 0
Wed Sep 11 20:53:02 2024: SERVER: destructor for server bound to port 33287
Wed Sep 11 20:53:02 2024: XCD main fifo: Good unlink of /tmp/xcdmain56f651b6-b904-4d08-965a-857c956bd987
Wed Sep 11 20:53:02 2024: Server exiting with status 0.
Wed Sep 11 20:53:02 2024: Closing log file.
