

================================================================
== Vitis HLS Report for 'multicycle_pipeline_ip'
================================================================
* Date:           Sun Sep  8 16:49:15 2024

* Version:        2024.1 (Build 5069499 on May 21 2024)
* Project:        multicycle_pipeline_ip
* Solution:       hls (Vivado IP Flow Target)
* Product family: zynq
* Target device:  xc7z020-clg400-1


================================================================
== Performance Estimates
================================================================
+ Timing: 
    * Summary: 
    +--------+----------+-----------+------------+
    |  Clock |  Target  | Estimated | Uncertainty|
    +--------+----------+-----------+------------+
    |ap_clk  |  10.00 ns|  21.524 ns|     2.70 ns|
    +--------+----------+-----------+------------+

+ Latency: 
    * Summary: 
    +---------+---------+----------+----------+-----+-----+-----------------------------------------------+
    |  Latency (cycles) |  Latency (absolute) |  Interval |                    Pipeline                   |
    |   min   |   max   |    min   |    max   | min | max |                      Type                     |
    +---------+---------+----------+----------+-----+-----+-----------------------------------------------+
    |        ?|        ?|         ?|         ?|    0|    0|  loop auto-rewind stp(delay=2 clock cycles(s))|
    +---------+---------+----------+----------+-----+-----+-----------------------------------------------+

    + Detail: 
        * Instance: 
        N/A

        * Loop: 
        +-------------------+---------+---------+----------+-----------+-----------+------+----------+
        |                   |  Latency (cycles) | Iteration|  Initiation Interval  | Trip |          |
        |     Loop Name     |   min   |   max   |  Latency |  achieved |   target  | Count| Pipelined|
        +-------------------+---------+---------+----------+-----------+-----------+------+----------+
        |- VITIS_LOOP_91_1  |        ?|        ?|         3|          2|          2|     ?|       yes|
        +-------------------+---------+---------+----------+-----------+-----------+------+----------+



================================================================
== Utilization Estimates
================================================================
* Summary: 
+-----------------+---------+-----+--------+-------+-----+
|       Name      | BRAM_18K| DSP |   FF   |  LUT  | URAM|
+-----------------+---------+-----+--------+-------+-----+
|DSP              |        -|    -|       -|      -|    -|
|Expression       |        -|    -|       0|   2369|    -|
|FIFO             |        -|    -|       -|      -|    -|
|Instance         |      192|    -|     310|   1065|    -|
|Memory           |        -|    -|       -|      -|    -|
|Multiplexer      |        -|    -|       0|   3083|    -|
|Register         |        -|    -|    2058|      -|    -|
+-----------------+---------+-----+--------+-------+-----+
|Total            |      192|    0|    2368|   6517|    0|
+-----------------+---------+-----+--------+-------+-----+
|Available        |      280|  220|  106400|  53200|    0|
+-----------------+---------+-----+--------+-------+-----+
|Utilization (%)  |       68|    0|       2|     12|    0|
+-----------------+---------+-----+--------+-------+-----+

+ Detail: 
    * Instance: 
    +---------------------------+-----------------------+---------+----+-----+-----+-----+
    |          Instance         |         Module        | BRAM_18K| DSP|  FF | LUT | URAM|
    +---------------------------+-----------------------+---------+----+-----+-----+-----+
    |control_s_axi_U            |control_s_axi          |      192|   0|  310|  372|    0|
    |sparsemux_13_5_32_1_1_U2   |sparsemux_13_5_32_1_1  |        0|   0|    0|   25|    0|
    |sparsemux_15_6_1_1_1_U1    |sparsemux_15_6_1_1_1   |        0|   0|    0|   31|    0|
    |sparsemux_17_7_32_1_1_U6   |sparsemux_17_7_32_1_1  |        0|   0|    0|   37|    0|
    |sparsemux_65_5_1_1_1_U3    |sparsemux_65_5_1_1_1   |        0|   0|    0|  142|    0|
    |sparsemux_65_5_1_1_1_U4    |sparsemux_65_5_1_1_1   |        0|   0|    0|  142|    0|
    |sparsemux_65_5_32_1_1_U9   |sparsemux_65_5_32_1_1  |        0|   0|    0|  142|    0|
    |sparsemux_65_5_32_1_1_U10  |sparsemux_65_5_32_1_1  |        0|   0|    0|  142|    0|
    |sparsemux_7_2_1_1_1_U7     |sparsemux_7_2_1_1_1    |        0|   0|    0|    9|    0|
    |sparsemux_7_2_32_1_1_U8    |sparsemux_7_2_32_1_1   |        0|   0|    0|    9|    0|
    |sparsemux_9_3_8_1_1_U5     |sparsemux_9_3_8_1_1    |        0|   0|    0|   14|    0|
    +---------------------------+-----------------------+---------+----+-----+-----+-----+
    |Total                      |                       |      192|   0|  310| 1065|    0|
    +---------------------------+-----------------------+---------+----+-----+-----+-----+

    * DSP: 
    N/A

    * Memory: 
    N/A

    * FIFO: 
    N/A

    * Expression: 
    +-------------------------------------+----------+----+---+-----+------------+------------+
    |            Variable Name            | Operation| DSP| FF| LUT | Bitwidth P0| Bitwidth P1|
    +-------------------------------------+----------+----+---+-----+------------+------------+
    |add_ln122_fu_9460_p2                 |         +|   0|  0|   24|          17|          17|
    |add_ln31_fu_9490_p2                  |         +|   0|  0|   20|          15|           1|
    |add_ln89_fu_12281_p2                 |         +|   0|  0|   20|          15|          15|
    |c_nbc_fu_12403_p2                    |         +|   0|  0|   39|          32|           1|
    |c_nbi_fu_12396_p2                    |         +|   0|  0|   39|          32|          32|
    |f_to_f_next_pc_3_fu_14709_p2         |         +|   0|  0|   20|          15|           1|
    |j_b_target_pc_fu_9446_p2             |         +|   0|  0|   20|          15|          15|
    |npc4_fu_9306_p2                      |         +|   0|  0|   20|          15|           3|
    |result_18_fu_9316_p2                 |         +|   0|  0|   39|          32|          32|
    |result_19_fu_9326_p2                 |         +|   0|  0|   39|          32|          32|
    |result_6_fu_9262_p2                  |         +|   0|  0|   39|          32|          32|
    |result_5_fu_9256_p2                  |         -|   0|  0|   39|          32|          32|
    |and_ln115_fu_12866_p2                |       and|   0|  0|    2|           1|           1|
    |and_ln23_fu_8590_p2                  |       and|   0|  0|    2|           1|           1|
    |and_ln36_1_fu_8578_p2                |       and|   0|  0|    2|           1|           1|
    |and_ln36_fu_8566_p2                  |       and|   0|  0|    2|           1|           1|
    |and_ln46_fu_9250_p2                  |       and|   0|  0|    2|           1|           1|
    |ap_condition_320                     |       and|   0|  0|    2|           1|           1|
    |ap_condition_3401                    |       and|   0|  0|    2|           1|           1|
    |ap_condition_3479                    |       and|   0|  0|    2|           1|           1|
    |ap_condition_3873                    |       and|   0|  0|    2|           1|           1|
    |ap_condition_5581                    |       and|   0|  0|    2|           1|           1|
    |ap_condition_5589                    |       and|   0|  0|    2|           1|           1|
    |ap_condition_5593                    |       and|   0|  0|    2|           1|           1|
    |ap_condition_5597                    |       and|   0|  0|    2|           1|           1|
    |ap_condition_5605                    |       and|   0|  0|    2|           1|           1|
    |ap_condition_5612                    |       and|   0|  0|    2|           1|           1|
    |ap_condition_5616                    |       and|   0|  0|    2|           1|           1|
    |ap_condition_5620                    |       and|   0|  0|    2|           1|           1|
    |ap_condition_5624                    |       and|   0|  0|    2|           1|           1|
    |ap_condition_5628                    |       and|   0|  0|    2|           1|           1|
    |ap_condition_5632                    |       and|   0|  0|    2|           1|           1|
    |ap_condition_5636                    |       and|   0|  0|    2|           1|           1|
    |ap_condition_5640                    |       and|   0|  0|    2|           1|           1|
    |ap_condition_5644                    |       and|   0|  0|    2|           1|           1|
    |ap_condition_5648                    |       and|   0|  0|    2|           1|           1|
    |ap_condition_5652                    |       and|   0|  0|    2|           1|           1|
    |ap_condition_5656                    |       and|   0|  0|    2|           1|           1|
    |ap_condition_5660                    |       and|   0|  0|    2|           1|           1|
    |ap_condition_5664                    |       and|   0|  0|    2|           1|           1|
    |ap_condition_5668                    |       and|   0|  0|    2|           1|           1|
    |ap_condition_5672                    |       and|   0|  0|    2|           1|           1|
    |ap_condition_5676                    |       and|   0|  0|    2|           1|           1|
    |ap_condition_5680                    |       and|   0|  0|    2|           1|           1|
    |ap_condition_5684                    |       and|   0|  0|    2|           1|           1|
    |ap_condition_5688                    |       and|   0|  0|    2|           1|           1|
    |ap_condition_5692                    |       and|   0|  0|    2|           1|           1|
    |ap_condition_5696                    |       and|   0|  0|    2|           1|           1|
    |ap_condition_5700                    |       and|   0|  0|    2|           1|           1|
    |ap_condition_5704                    |       and|   0|  0|    2|           1|           1|
    |ap_condition_5708                    |       and|   0|  0|    2|           1|           1|
    |ap_condition_5712                    |       and|   0|  0|    2|           1|           1|
    |ap_condition_5716                    |       and|   0|  0|    2|           1|           1|
    |ap_condition_5720                    |       and|   0|  0|    2|           1|           1|
    |ap_condition_5724                    |       and|   0|  0|    2|           1|           1|
    |ap_condition_5728                    |       and|   0|  0|    2|           1|           1|
    |ap_condition_5732                    |       and|   0|  0|    2|           1|           1|
    |ap_condition_5736                    |       and|   0|  0|    2|           1|           1|
    |ap_condition_5740                    |       and|   0|  0|    2|           1|           1|
    |d_i_is_rs2_reg_fu_14572_p2           |       and|   0|  0|    2|           1|           1|
    |d_to_f_is_valid_fu_12295_p2          |       and|   0|  0|    2|           1|           1|
    |f_to_f_is_valid_fu_14776_p2          |       and|   0|  0|    2|           1|           1|
    |i_to_e_is_valid_fu_14466_p2          |       and|   0|  0|    2|           1|           1|
    |is_locked_1_fu_9873_p2               |       and|   0|  0|    2|           1|           1|
    |is_locked_2_fu_10015_p2              |       and|   0|  0|    2|           1|           1|
    |result_24_fu_12718_p16               |       and|   0|  0|   32|          32|          32|
    |sel_tmp23_fu_9372_p2                 |       and|   0|  0|    2|           1|           1|
    |sel_tmp26_fu_9384_p2                 |       and|   0|  0|    2|           1|           1|
    |sel_tmp36_fu_12796_p2                |       and|   0|  0|    2|           1|           1|
    |result_12_fu_9286_p2                 |      ashr|   0|  0|  100|          32|          32|
    |d_ctrl_is_branch_1_fu_14691_p2       |      icmp|   0|  0|   13|           5|           5|
    |d_ctrl_is_jal_1_fu_14703_p2          |      icmp|   0|  0|   13|           5|           4|
    |d_ctrl_is_jalr_1_fu_14697_p2         |      icmp|   0|  0|   13|           5|           4|
    |d_i_is_r_type_2_fu_14594_p2          |      icmp|   0|  0|   11|           3|           1|
    |d_i_is_ret_fu_14578_p2               |      icmp|   0|  0|   39|          32|          16|
    |icmp_ln118_fu_9552_p2                |      icmp|   0|  0|   20|          15|           1|
    |icmp_ln18_fu_9100_p2                 |      icmp|   0|  0|   39|          32|          32|
    |icmp_ln24_fu_9070_p2                 |      icmp|   0|  0|   39|          32|          32|
    |icmp_ln29_fu_14498_p2                |      icmp|   0|  0|   13|           5|           3|
    |icmp_ln30_1_fu_12463_p2              |      icmp|   0|  0|   10|           2|           1|
    |icmp_ln30_2_fu_12468_p2              |      icmp|   0|  0|   10|           2|           1|
    |icmp_ln30_fu_12458_p2                |      icmp|   0|  0|   11|           2|           3|
    |icmp_ln38_1_fu_14528_p2              |      icmp|   0|  0|   13|           5|           1|
    |icmp_ln38_fu_8572_p2                 |      icmp|   0|  0|   39|          32|           1|
    |icmp_ln39_fu_12085_p2                |      icmp|   0|  0|   13|           5|           3|
    |icmp_ln42_fu_14560_p2                |      icmp|   0|  0|   13|           5|           1|
    |icmp_ln51_fu_12091_p2                |      icmp|   0|  0|   13|           5|           1|
    |icmp_ln79_1_fu_9354_p2               |      icmp|   0|  0|   11|           3|           3|
    |icmp_ln79_2_fu_9360_p2               |      icmp|   0|  0|   11|           3|           2|
    |icmp_ln79_3_fu_9366_p2               |      icmp|   0|  0|   11|           3|           2|
    |icmp_ln79_fu_9348_p2                 |      icmp|   0|  0|   11|           3|           3|
    |icmp_ln8_1_fu_9124_p2                |      icmp|   0|  0|   11|           3|           3|
    |icmp_ln8_2_fu_9130_p2                |      icmp|   0|  0|   13|           3|           4|
    |icmp_ln8_3_fu_9136_p2                |      icmp|   0|  0|   11|           3|           1|
    |icmp_ln8_4_fu_9142_p2                |      icmp|   0|  0|   11|           3|           1|
    |icmp_ln8_5_fu_9148_p2                |      icmp|   0|  0|   11|           3|           2|
    |icmp_ln8_6_fu_9154_p2                |      icmp|   0|  0|   11|           3|           2|
    |icmp_ln8_fu_9118_p2                  |      icmp|   0|  0|   11|           3|           3|
    |is_load_fu_14486_p2                  |      icmp|   0|  0|   13|           5|           1|
    |is_lui_fu_14480_p2                   |      icmp|   0|  0|   13|           5|           4|
    |is_store_fu_14492_p2                 |      icmp|   0|  0|   13|           5|           4|
    |result_10_fu_12681_p2                |      icmp|   0|  0|   39|          32|          32|
    |result_23_fu_9182_p10                |      icmp|   0|  0|   39|          32|          32|
    |result_23_fu_9182_p2                 |      icmp|   0|  0|   39|          32|          32|
    |result_23_fu_9182_p6                 |      icmp|   0|  0|   39|          32|          32|
    |result_23_fu_9182_p8                 |      icmp|   0|  0|   39|          32|          32|
    |result_9_fu_12673_p2                 |      icmp|   0|  0|   39|          32|          32|
    |result_13_fu_12693_p2                |      lshr|   0|  0|  100|          32|          32|
    |d_i_has_no_dest_fu_14588_p2          |        or|   0|  0|    2|           1|           1|
    |has_input_fu_14676_p2                |        or|   0|  0|    2|           1|           1|
    |i_safe_is_full_fu_9558_p2            |        or|   0|  0|    2|           1|           1|
    |i_wait_3_fu_10021_p2                 |        or|   0|  0|    2|           1|           1|
    |is_ctrl_fu_14764_p2                  |        or|   0|  0|    2|           1|           1|
    |or_ln115_1_fu_12860_p2               |        or|   0|  0|    2|           1|           1|
    |or_ln115_fu_12855_p2                 |        or|   0|  0|    2|           1|           1|
    |or_ln118_fu_12878_p2                 |        or|   0|  0|    2|           1|           1|
    |or_ln31_fu_9484_p2                   |        or|   0|  0|    2|           1|           1|
    |or_ln39_1_fu_14544_p2                |        or|   0|  0|    2|           1|           1|
    |or_ln39_2_fu_14549_p2                |        or|   0|  0|    2|           1|           1|
    |or_ln39_3_fu_14554_p2                |        or|   0|  0|    2|           1|           1|
    |or_ln39_fu_14538_p2                  |        or|   0|  0|    2|           1|           1|
    |or_ln48_fu_14522_p2                  |        or|   0|  0|    2|           1|           1|
    |or_ln51_fu_14583_p2                  |        or|   0|  0|    2|           1|           1|
    |or_ln55_fu_14671_p2                  |        or|   0|  0|    2|           1|           1|
    |or_ln61_1_fu_9514_p2                 |        or|   0|  0|    2|           1|           1|
    |or_ln61_fu_9508_p2                   |        or|   0|  0|    2|           1|           1|
    |or_ln75_fu_14758_p2                  |        or|   0|  0|    2|           1|           1|
    |or_ln8_fu_9160_p2                    |        or|   0|  0|    2|           1|           1|
    |result_24_fu_12718_p2                |        or|   0|  0|   32|          32|          32|
    |e_to_f_is_valid_fu_12883_p3          |    select|   0|  0|    2|           1|           1|
    |e_to_f_target_pc_1_fu_9496_p3        |    select|   0|  0|   15|           1|          15|
    |e_to_f_target_pc_3_fu_9520_p3        |    select|   0|  0|   15|           1|          15|
    |e_to_m_address_1_fu_9544_p3          |    select|   0|  0|   18|           1|          18|
    |e_to_m_func3_1_fu_9536_p3            |    select|   0|  0|    3|           1|           3|
    |e_to_m_has_no_dest_1_fu_12780_p3     |    select|   0|  0|    2|           1|           1|
    |e_to_m_is_load_1_fu_9528_p3          |    select|   0|  0|    2|           1|           1|
    |e_to_m_is_store_1_fu_12788_p3        |    select|   0|  0|    2|           1|           1|
    |e_to_m_rd_1_fu_12772_p3              |    select|   0|  0|    5|           1|           5|
    |e_to_m_value_fu_12836_p6             |    select|   0|  0|   32|           1|          32|
    |f_to_d_instruction_1_fu_14728_p3     |    select|   0|  0|   32|           1|          32|
    |f_to_d_is_branch_fu_14735_p3         |    select|   0|  0|    2|           1|           1|
    |f_to_d_is_jal_fu_14751_p3            |    select|   0|  0|    2|           1|           1|
    |f_to_d_is_jalr_fu_14743_p3           |    select|   0|  0|    2|           1|           1|
    |f_to_d_pc_1_fu_14721_p3              |    select|   0|  0|   15|           1|          15|
    |f_to_f_next_pc_1_fu_14714_p3         |    select|   0|  0|   15|           1|          15|
    |h_fu_12515_p3                        |    select|   0|  0|   16|           1|          16|
    |i_safe_d_i_func3_2_fu_9580_p3        |    select|   0|  0|    3|           1|           3|
    |i_safe_d_i_func7_2_fu_9604_p3        |    select|   0|  0|    7|           1|           7|
    |i_safe_d_i_has_no_dest_2_fu_9676_p3  |    select|   0|  0|    2|           1|           1|
    |i_safe_d_i_imm_2_fu_9620_p3          |    select|   0|  0|   20|           1|          20|
    |i_safe_d_i_is_branch_2_fu_12898_p3   |    select|   0|  0|    2|           1|           1|
    |i_safe_d_i_is_jal_2_fu_9660_p3       |    select|   0|  0|    2|           1|           1|
    |i_safe_d_i_is_jalr_2_fu_9652_p3      |    select|   0|  0|    2|           1|           1|
    |i_safe_d_i_is_load_2_fu_9644_p3      |    select|   0|  0|    2|           1|           1|
    |i_safe_d_i_is_lui_2_fu_9668_p3       |    select|   0|  0|    2|           1|           1|
    |i_safe_d_i_is_r_type_2_fu_9684_p3    |    select|   0|  0|    2|           1|           1|
    |i_safe_d_i_is_ret_2_fu_12905_p3      |    select|   0|  0|    2|           1|           1|
    |i_safe_d_i_is_rs1_reg_2_fu_9628_p3   |    select|   0|  0|    2|           1|           1|
    |i_safe_d_i_is_rs2_reg_2_fu_9636_p3   |    select|   0|  0|    2|           1|           1|
    |i_safe_d_i_is_store_2_fu_12891_p3    |    select|   0|  0|    2|           1|           1|
    |i_safe_d_i_rd_2_fu_9572_p3           |    select|   0|  0|    5|           1|           5|
    |i_safe_d_i_rs1_2_fu_9588_p3          |    select|   0|  0|    5|           1|           5|
    |i_safe_d_i_rs2_2_fu_9596_p3          |    select|   0|  0|    5|           1|           5|
    |i_safe_d_i_type_2_fu_9612_p3         |    select|   0|  0|    3|           1|           3|
    |i_safe_pc_2_fu_9564_p3               |    select|   0|  0|   15|           1|          15|
    |next_pc_fu_9476_p3                   |    select|   0|  0|   15|           1|          15|
    |pc_3_fu_12301_p3                     |    select|   0|  0|   15|           1|          15|
    |pc_fu_12309_p3                       |    select|   0|  0|   15|           1|          15|
    |result_24_fu_12718_p4                |    select|   0|  0|   32|           1|          32|
    |result_25_fu_9404_p10                |    select|   0|  0|   32|           1|          32|
    |result_25_fu_9404_p4                 |    select|   0|  0|   32|           1|          32|
    |result_7_fu_9268_p3                  |    select|   0|  0|   32|           1|          32|
    |rv2_1_fu_9242_p3                     |    select|   0|  0|   32|           1|          32|
    |select_ln63_fu_12759_p3              |    select|   0|  0|   32|           1|          32|
    |shift_1_fu_9234_p3                   |    select|   0|  0|    5|           1|           5|
    |result_8_fu_9280_p2                  |       shl|   0|  0|  100|          32|          32|
    |shl_ln75_2_fu_8857_p2                |       shl|   0|  0|  100|          32|          32|
    |shl_ln75_fu_8838_p2                  |       shl|   0|  0|    9|           1|           4|
    |shl_ln78_2_fu_8814_p2                |       shl|   0|  0|  100|          32|          32|
    |shl_ln78_fu_8795_p2                  |       shl|   0|  0|    9|           2|           4|
    |ap_enable_pp0                        |       xor|   0|  0|    2|           1|           2|
    |result_23_fu_9182_p14                |       xor|   0|  0|    2|           1|           2|
    |result_23_fu_9182_p4                 |       xor|   0|  0|    2|           1|           2|
    |result_24_fu_12718_p6                |       xor|   0|  0|   32|          32|          32|
    |sel_tmp25_fu_9378_p2                 |       xor|   0|  0|    2|           1|           2|
    |sel_tmp37_fu_12802_p2                |       xor|   0|  0|    2|           1|           2|
    |xor_ln118_fu_12872_p2                |       xor|   0|  0|    2|           1|           2|
    |xor_ln17_fu_8584_p2                  |       xor|   0|  0|    2|           1|           2|
    |xor_ln39_fu_14566_p2                 |       xor|   0|  0|    2|           1|           2|
    |xor_ln77_fu_14770_p2                 |       xor|   0|  0|    2|           1|           2|
    |xor_ln86_fu_14461_p2                 |       xor|   0|  0|    2|           1|           2|
    +-------------------------------------+----------+----+---+-----+------------+------------+
    |Total                                |          |   0|  0| 2369|        1107|        1399|
    +-------------------------------------+----------+----+---+-----+------------+------------+

    * Multiplexer: 
    +--------------------------------------------------+-----+-----------+-----+-----------+
    |                       Name                       | LUT | Input Size| Bits| Total Bits|
    +--------------------------------------------------+-----+-----------+-----+-----------+
    |ap_NS_fsm                                         |   14|          3|    1|          3|
    |ap_done_int                                       |    9|          2|    1|          2|
    |ap_enable_reg_pp0_iter0                           |    9|          2|    1|          2|
    |ap_enable_reg_pp0_iter1                           |    9|          2|    1|          2|
    |ap_loop_exit_ready_pp0_iter1_reg                  |    9|          2|    1|          2|
    |ap_phi_mux_d_i_imm_7_phi_fu_4664_p12              |   37|          7|   20|        140|
    |ap_phi_mux_d_i_is_rs1_reg_phi_fu_8266_p6          |   14|          3|    1|          3|
    |ap_phi_mux_d_i_type_2_phi_fu_4619_p26             |   42|          8|    3|         24|
    |ap_phi_mux_e_to_m_is_valid_1_phi_fu_1235_p4       |    9|          2|    1|          2|
    |ap_phi_mux_i_to_e_is_valid_2_phi_fu_1223_p4       |    9|          2|    1|          2|
    |ap_phi_mux_is_reg_computed_10_phi_fu_1102_p4      |    9|          2|    1|          2|
    |ap_phi_mux_is_reg_computed_11_phi_fu_1091_p4      |    9|          2|    1|          2|
    |ap_phi_mux_is_reg_computed_12_phi_fu_1080_p4      |    9|          2|    1|          2|
    |ap_phi_mux_is_reg_computed_13_phi_fu_1069_p4      |    9|          2|    1|          2|
    |ap_phi_mux_is_reg_computed_14_phi_fu_1058_p4      |    9|          2|    1|          2|
    |ap_phi_mux_is_reg_computed_15_phi_fu_1047_p4      |    9|          2|    1|          2|
    |ap_phi_mux_is_reg_computed_16_phi_fu_1036_p4      |    9|          2|    1|          2|
    |ap_phi_mux_is_reg_computed_17_phi_fu_1025_p4      |    9|          2|    1|          2|
    |ap_phi_mux_is_reg_computed_18_phi_fu_1014_p4      |    9|          2|    1|          2|
    |ap_phi_mux_is_reg_computed_19_phi_fu_1003_p4      |    9|          2|    1|          2|
    |ap_phi_mux_is_reg_computed_1_phi_fu_1201_p4       |    9|          2|    1|          2|
    |ap_phi_mux_is_reg_computed_20_phi_fu_992_p4       |    9|          2|    1|          2|
    |ap_phi_mux_is_reg_computed_21_phi_fu_981_p4       |    9|          2|    1|          2|
    |ap_phi_mux_is_reg_computed_22_phi_fu_970_p4       |    9|          2|    1|          2|
    |ap_phi_mux_is_reg_computed_23_phi_fu_959_p4       |    9|          2|    1|          2|
    |ap_phi_mux_is_reg_computed_24_phi_fu_948_p4       |    9|          2|    1|          2|
    |ap_phi_mux_is_reg_computed_25_phi_fu_937_p4       |    9|          2|    1|          2|
    |ap_phi_mux_is_reg_computed_26_phi_fu_926_p4       |    9|          2|    1|          2|
    |ap_phi_mux_is_reg_computed_27_phi_fu_915_p4       |    9|          2|    1|          2|
    |ap_phi_mux_is_reg_computed_28_phi_fu_904_p4       |    9|          2|    1|          2|
    |ap_phi_mux_is_reg_computed_29_phi_fu_893_p4       |    9|          2|    1|          2|
    |ap_phi_mux_is_reg_computed_2_phi_fu_1190_p4       |    9|          2|    1|          2|
    |ap_phi_mux_is_reg_computed_30_phi_fu_882_p4       |    9|          2|    1|          2|
    |ap_phi_mux_is_reg_computed_31_phi_fu_871_p4       |    9|          2|    1|          2|
    |ap_phi_mux_is_reg_computed_32_phi_fu_4514_p66     |   14|          3|    1|          3|
    |ap_phi_mux_is_reg_computed_33_phi_fu_4409_p66     |   14|          3|    1|          3|
    |ap_phi_mux_is_reg_computed_34_phi_fu_4304_p66     |   14|          3|    1|          3|
    |ap_phi_mux_is_reg_computed_35_phi_fu_4199_p66     |   14|          3|    1|          3|
    |ap_phi_mux_is_reg_computed_36_phi_fu_4094_p66     |   14|          3|    1|          3|
    |ap_phi_mux_is_reg_computed_37_phi_fu_3989_p66     |   14|          3|    1|          3|
    |ap_phi_mux_is_reg_computed_38_phi_fu_3884_p66     |   14|          3|    1|          3|
    |ap_phi_mux_is_reg_computed_39_phi_fu_3779_p66     |   14|          3|    1|          3|
    |ap_phi_mux_is_reg_computed_3_phi_fu_1179_p4       |    9|          2|    1|          2|
    |ap_phi_mux_is_reg_computed_40_phi_fu_3674_p66     |   14|          3|    1|          3|
    |ap_phi_mux_is_reg_computed_41_phi_fu_3569_p66     |   14|          3|    1|          3|
    |ap_phi_mux_is_reg_computed_42_phi_fu_3464_p66     |   14|          3|    1|          3|
    |ap_phi_mux_is_reg_computed_43_phi_fu_3359_p66     |   14|          3|    1|          3|
    |ap_phi_mux_is_reg_computed_44_phi_fu_3254_p66     |   14|          3|    1|          3|
    |ap_phi_mux_is_reg_computed_45_phi_fu_3149_p66     |   14|          3|    1|          3|
    |ap_phi_mux_is_reg_computed_46_phi_fu_3044_p66     |   14|          3|    1|          3|
    |ap_phi_mux_is_reg_computed_47_phi_fu_2939_p66     |   14|          3|    1|          3|
    |ap_phi_mux_is_reg_computed_48_phi_fu_2834_p66     |   14|          3|    1|          3|
    |ap_phi_mux_is_reg_computed_49_phi_fu_2729_p66     |   14|          3|    1|          3|
    |ap_phi_mux_is_reg_computed_4_phi_fu_1168_p4       |    9|          2|    1|          2|
    |ap_phi_mux_is_reg_computed_50_phi_fu_2624_p66     |   14|          3|    1|          3|
    |ap_phi_mux_is_reg_computed_51_phi_fu_2519_p66     |   14|          3|    1|          3|
    |ap_phi_mux_is_reg_computed_52_phi_fu_2414_p66     |   14|          3|    1|          3|
    |ap_phi_mux_is_reg_computed_53_phi_fu_2309_p66     |   14|          3|    1|          3|
    |ap_phi_mux_is_reg_computed_54_phi_fu_2204_p66     |   14|          3|    1|          3|
    |ap_phi_mux_is_reg_computed_55_phi_fu_2099_p66     |   14|          3|    1|          3|
    |ap_phi_mux_is_reg_computed_56_phi_fu_1994_p66     |   14|          3|    1|          3|
    |ap_phi_mux_is_reg_computed_57_phi_fu_1889_p66     |   14|          3|    1|          3|
    |ap_phi_mux_is_reg_computed_58_phi_fu_1784_p66     |   14|          3|    1|          3|
    |ap_phi_mux_is_reg_computed_59_phi_fu_1679_p66     |   14|          3|    1|          3|
    |ap_phi_mux_is_reg_computed_5_phi_fu_1157_p4       |    9|          2|    1|          2|
    |ap_phi_mux_is_reg_computed_60_phi_fu_1574_p66     |   14|          3|    1|          3|
    |ap_phi_mux_is_reg_computed_61_phi_fu_1469_p66     |   14|          3|    1|          3|
    |ap_phi_mux_is_reg_computed_62_phi_fu_1364_p66     |   14|          3|    1|          3|
    |ap_phi_mux_is_reg_computed_63_phi_fu_1259_p66     |   14|          3|    1|          3|
    |ap_phi_mux_is_reg_computed_64_phi_fu_8155_p70     |   14|          3|    1|          3|
    |ap_phi_mux_is_reg_computed_65_phi_fu_8043_p70     |   14|          3|    1|          3|
    |ap_phi_mux_is_reg_computed_66_phi_fu_7931_p70     |   14|          3|    1|          3|
    |ap_phi_mux_is_reg_computed_67_phi_fu_7819_p70     |   14|          3|    1|          3|
    |ap_phi_mux_is_reg_computed_68_phi_fu_7707_p70     |   14|          3|    1|          3|
    |ap_phi_mux_is_reg_computed_69_phi_fu_7595_p70     |   14|          3|    1|          3|
    |ap_phi_mux_is_reg_computed_6_phi_fu_1146_p4       |    9|          2|    1|          2|
    |ap_phi_mux_is_reg_computed_70_phi_fu_7483_p70     |   14|          3|    1|          3|
    |ap_phi_mux_is_reg_computed_71_phi_fu_7371_p70     |   14|          3|    1|          3|
    |ap_phi_mux_is_reg_computed_72_phi_fu_7259_p70     |   14|          3|    1|          3|
    |ap_phi_mux_is_reg_computed_73_phi_fu_7147_p70     |   14|          3|    1|          3|
    |ap_phi_mux_is_reg_computed_74_phi_fu_7035_p70     |   14|          3|    1|          3|
    |ap_phi_mux_is_reg_computed_75_phi_fu_6923_p70     |   14|          3|    1|          3|
    |ap_phi_mux_is_reg_computed_76_phi_fu_6811_p70     |   14|          3|    1|          3|
    |ap_phi_mux_is_reg_computed_77_phi_fu_6699_p70     |   14|          3|    1|          3|
    |ap_phi_mux_is_reg_computed_78_phi_fu_6587_p70     |   14|          3|    1|          3|
    |ap_phi_mux_is_reg_computed_79_phi_fu_6475_p70     |   14|          3|    1|          3|
    |ap_phi_mux_is_reg_computed_7_phi_fu_1135_p4       |    9|          2|    1|          2|
    |ap_phi_mux_is_reg_computed_80_phi_fu_6363_p70     |   14|          3|    1|          3|
    |ap_phi_mux_is_reg_computed_81_phi_fu_6251_p70     |   14|          3|    1|          3|
    |ap_phi_mux_is_reg_computed_82_phi_fu_6139_p70     |   14|          3|    1|          3|
    |ap_phi_mux_is_reg_computed_83_phi_fu_6027_p70     |   14|          3|    1|          3|
    |ap_phi_mux_is_reg_computed_84_phi_fu_5915_p70     |   14|          3|    1|          3|
    |ap_phi_mux_is_reg_computed_85_phi_fu_5803_p70     |   14|          3|    1|          3|
    |ap_phi_mux_is_reg_computed_86_phi_fu_5691_p70     |   14|          3|    1|          3|
    |ap_phi_mux_is_reg_computed_87_phi_fu_5579_p70     |   14|          3|    1|          3|
    |ap_phi_mux_is_reg_computed_88_phi_fu_5467_p70     |   14|          3|    1|          3|
    |ap_phi_mux_is_reg_computed_89_phi_fu_5355_p70     |   14|          3|    1|          3|
    |ap_phi_mux_is_reg_computed_8_phi_fu_1124_p4       |    9|          2|    1|          2|
    |ap_phi_mux_is_reg_computed_90_phi_fu_5243_p70     |   14|          3|    1|          3|
    |ap_phi_mux_is_reg_computed_91_phi_fu_5131_p70     |   14|          3|    1|          3|
    |ap_phi_mux_is_reg_computed_92_phi_fu_5019_p70     |   14|          3|    1|          3|
    |ap_phi_mux_is_reg_computed_93_phi_fu_4907_p70     |   14|          3|    1|          3|
    |ap_phi_mux_is_reg_computed_94_phi_fu_4795_p70     |   14|          3|    1|          3|
    |ap_phi_mux_is_reg_computed_95_phi_fu_4683_p70     |   14|          3|    1|          3|
    |ap_phi_mux_is_reg_computed_9_phi_fu_1113_p4       |    9|          2|    1|          2|
    |ap_phi_mux_is_reg_computed_phi_fu_1212_p4         |    9|          2|    1|          2|
    |ap_phi_mux_m_to_w_is_valid_1_phi_fu_1248_p4       |    9|          2|    1|          2|
    |ap_phi_reg_pp0_iter1_is_reg_computed_64_reg_8151  |    9|          2|    1|          2|
    |ap_phi_reg_pp0_iter1_is_reg_computed_65_reg_8039  |    9|          2|    1|          2|
    |ap_phi_reg_pp0_iter1_is_reg_computed_66_reg_7927  |    9|          2|    1|          2|
    |ap_phi_reg_pp0_iter1_is_reg_computed_67_reg_7815  |    9|          2|    1|          2|
    |ap_phi_reg_pp0_iter1_is_reg_computed_68_reg_7703  |    9|          2|    1|          2|
    |ap_phi_reg_pp0_iter1_is_reg_computed_69_reg_7591  |    9|          2|    1|          2|
    |ap_phi_reg_pp0_iter1_is_reg_computed_70_reg_7479  |    9|          2|    1|          2|
    |ap_phi_reg_pp0_iter1_is_reg_computed_71_reg_7367  |    9|          2|    1|          2|
    |ap_phi_reg_pp0_iter1_is_reg_computed_72_reg_7255  |    9|          2|    1|          2|
    |ap_phi_reg_pp0_iter1_is_reg_computed_73_reg_7143  |    9|          2|    1|          2|
    |ap_phi_reg_pp0_iter1_is_reg_computed_74_reg_7031  |    9|          2|    1|          2|
    |ap_phi_reg_pp0_iter1_is_reg_computed_75_reg_6919  |    9|          2|    1|          2|
    |ap_phi_reg_pp0_iter1_is_reg_computed_76_reg_6807  |    9|          2|    1|          2|
    |ap_phi_reg_pp0_iter1_is_reg_computed_77_reg_6695  |    9|          2|    1|          2|
    |ap_phi_reg_pp0_iter1_is_reg_computed_78_reg_6583  |    9|          2|    1|          2|
    |ap_phi_reg_pp0_iter1_is_reg_computed_79_reg_6471  |    9|          2|    1|          2|
    |ap_phi_reg_pp0_iter1_is_reg_computed_80_reg_6359  |    9|          2|    1|          2|
    |ap_phi_reg_pp0_iter1_is_reg_computed_81_reg_6247  |    9|          2|    1|          2|
    |ap_phi_reg_pp0_iter1_is_reg_computed_82_reg_6135  |    9|          2|    1|          2|
    |ap_phi_reg_pp0_iter1_is_reg_computed_83_reg_6023  |    9|          2|    1|          2|
    |ap_phi_reg_pp0_iter1_is_reg_computed_84_reg_5911  |    9|          2|    1|          2|
    |ap_phi_reg_pp0_iter1_is_reg_computed_85_reg_5799  |    9|          2|    1|          2|
    |ap_phi_reg_pp0_iter1_is_reg_computed_86_reg_5687  |    9|          2|    1|          2|
    |ap_phi_reg_pp0_iter1_is_reg_computed_87_reg_5575  |    9|          2|    1|          2|
    |ap_phi_reg_pp0_iter1_is_reg_computed_88_reg_5463  |    9|          2|    1|          2|
    |ap_phi_reg_pp0_iter1_is_reg_computed_89_reg_5351  |    9|          2|    1|          2|
    |ap_phi_reg_pp0_iter1_is_reg_computed_90_reg_5239  |    9|          2|    1|          2|
    |ap_phi_reg_pp0_iter1_is_reg_computed_91_reg_5127  |    9|          2|    1|          2|
    |ap_phi_reg_pp0_iter1_is_reg_computed_92_reg_5015  |    9|          2|    1|          2|
    |ap_phi_reg_pp0_iter1_is_reg_computed_93_reg_4903  |    9|          2|    1|          2|
    |ap_phi_reg_pp0_iter1_is_reg_computed_94_reg_4791  |    9|          2|    1|          2|
    |ap_phi_reg_pp0_iter1_is_reg_computed_95_reg_4679  |    9|          2|    1|          2|
    |ap_sig_allocacmp_d_to_f_target_pc_1               |    9|          2|   15|         30|
    |ap_sig_allocacmp_i_wait_5                         |   14|          3|    1|          3|
    |counter_nbc_fu_404                                |    9|          2|   32|         64|
    |counter_nbi_fu_408                                |    9|          2|   32|         64|
    |d_i_type_2_reg_4616                               |   42|          8|    3|         24|
    |d_to_i_is_valid_fu_776                            |    9|          2|    1|          2|
    |data_ram_address0_local                           |   25|          5|   16|         80|
    |data_ram_d0_local                                 |   20|          4|   32|        128|
    |data_ram_we0_local                                |   20|          4|    4|         16|
    |e_to_m_is_valid_1_reg_1231                        |    9|          2|    1|          2|
    |e_to_m_rd_fu_656                                  |  142|         32|    5|        160|
    |f_from_f_is_valid_fu_796                          |    9|          2|    1|          2|
    |f_from_f_next_pc_fu_792                           |    9|          2|   15|         30|
    |has_no_dest_fu_760                                |    9|          2|    1|          2|
    |i_from_d_is_valid_fu_780                          |    9|          2|    1|          2|
    |i_to_e_is_valid_2_reg_1219                        |    9|          2|    1|          2|
    |is_reg_computed_10_reg_1098                       |    9|          2|    1|          2|
    |is_reg_computed_11_reg_1087                       |    9|          2|    1|          2|
    |is_reg_computed_12_reg_1076                       |    9|          2|    1|          2|
    |is_reg_computed_13_reg_1065                       |    9|          2|    1|          2|
    |is_reg_computed_14_reg_1054                       |    9|          2|    1|          2|
    |is_reg_computed_15_reg_1043                       |    9|          2|    1|          2|
    |is_reg_computed_16_reg_1032                       |    9|          2|    1|          2|
    |is_reg_computed_17_reg_1021                       |    9|          2|    1|          2|
    |is_reg_computed_18_reg_1010                       |    9|          2|    1|          2|
    |is_reg_computed_19_reg_999                        |    9|          2|    1|          2|
    |is_reg_computed_1_reg_1197                        |    9|          2|    1|          2|
    |is_reg_computed_20_reg_988                        |    9|          2|    1|          2|
    |is_reg_computed_21_reg_977                        |    9|          2|    1|          2|
    |is_reg_computed_22_reg_966                        |    9|          2|    1|          2|
    |is_reg_computed_23_reg_955                        |    9|          2|    1|          2|
    |is_reg_computed_24_reg_944                        |    9|          2|    1|          2|
    |is_reg_computed_25_reg_933                        |    9|          2|    1|          2|
    |is_reg_computed_26_reg_922                        |    9|          2|    1|          2|
    |is_reg_computed_27_reg_911                        |    9|          2|    1|          2|
    |is_reg_computed_28_reg_900                        |    9|          2|    1|          2|
    |is_reg_computed_29_reg_889                        |    9|          2|    1|          2|
    |is_reg_computed_2_reg_1186                        |    9|          2|    1|          2|
    |is_reg_computed_30_reg_878                        |    9|          2|    1|          2|
    |is_reg_computed_31_reg_867                        |    9|          2|    1|          2|
    |is_reg_computed_32_reg_4511                       |   14|          3|    1|          3|
    |is_reg_computed_33_reg_4406                       |   14|          3|    1|          3|
    |is_reg_computed_34_reg_4301                       |   14|          3|    1|          3|
    |is_reg_computed_35_reg_4196                       |   14|          3|    1|          3|
    |is_reg_computed_36_reg_4091                       |   14|          3|    1|          3|
    |is_reg_computed_37_reg_3986                       |   14|          3|    1|          3|
    |is_reg_computed_38_reg_3881                       |   14|          3|    1|          3|
    |is_reg_computed_39_reg_3776                       |   14|          3|    1|          3|
    |is_reg_computed_3_reg_1175                        |    9|          2|    1|          2|
    |is_reg_computed_40_reg_3671                       |   14|          3|    1|          3|
    |is_reg_computed_41_reg_3566                       |   14|          3|    1|          3|
    |is_reg_computed_42_reg_3461                       |   14|          3|    1|          3|
    |is_reg_computed_43_reg_3356                       |   14|          3|    1|          3|
    |is_reg_computed_44_reg_3251                       |   14|          3|    1|          3|
    |is_reg_computed_45_reg_3146                       |   14|          3|    1|          3|
    |is_reg_computed_46_reg_3041                       |   14|          3|    1|          3|
    |is_reg_computed_47_reg_2936                       |   14|          3|    1|          3|
    |is_reg_computed_48_reg_2831                       |   14|          3|    1|          3|
    |is_reg_computed_49_reg_2726                       |   14|          3|    1|          3|
    |is_reg_computed_4_reg_1164                        |    9|          2|    1|          2|
    |is_reg_computed_50_reg_2621                       |   14|          3|    1|          3|
    |is_reg_computed_51_reg_2516                       |   14|          3|    1|          3|
    |is_reg_computed_52_reg_2411                       |   14|          3|    1|          3|
    |is_reg_computed_53_reg_2306                       |   14|          3|    1|          3|
    |is_reg_computed_54_reg_2201                       |   14|          3|    1|          3|
    |is_reg_computed_55_reg_2096                       |   14|          3|    1|          3|
    |is_reg_computed_56_reg_1991                       |   14|          3|    1|          3|
    |is_reg_computed_57_reg_1886                       |   14|          3|    1|          3|
    |is_reg_computed_58_reg_1781                       |   14|          3|    1|          3|
    |is_reg_computed_59_reg_1676                       |   14|          3|    1|          3|
    |is_reg_computed_5_reg_1153                        |    9|          2|    1|          2|
    |is_reg_computed_60_reg_1571                       |   14|          3|    1|          3|
    |is_reg_computed_61_reg_1466                       |   14|          3|    1|          3|
    |is_reg_computed_62_reg_1361                       |   14|          3|    1|          3|
    |is_reg_computed_63_reg_1256                       |   14|          3|    1|          3|
    |is_reg_computed_6_reg_1142                        |    9|          2|    1|          2|
    |is_reg_computed_7_reg_1131                        |    9|          2|    1|          2|
    |is_reg_computed_8_reg_1120                        |    9|          2|    1|          2|
    |is_reg_computed_9_reg_1109                        |    9|          2|    1|          2|
    |is_reg_computed_reg_1208                          |    9|          2|    1|          2|
    |m_to_w_is_valid_1_reg_1244                        |    9|          2|    1|          2|
    |rd_fu_764                                         |    9|          2|    5|         10|
    |reg_file_10_fu_500                                |    9|          2|   32|         64|
    |reg_file_11_fu_504                                |    9|          2|   32|         64|
    |reg_file_12_fu_508                                |    9|          2|   32|         64|
    |reg_file_13_fu_512                                |    9|          2|   32|         64|
    |reg_file_14_fu_516                                |    9|          2|   32|         64|
    |reg_file_15_fu_520                                |    9|          2|   32|         64|
    |reg_file_16_fu_524                                |    9|          2|   32|         64|
    |reg_file_17_fu_528                                |    9|          2|   32|         64|
    |reg_file_18_fu_532                                |    9|          2|   32|         64|
    |reg_file_19_fu_536                                |    9|          2|   32|         64|
    |reg_file_1_fu_464                                 |    9|          2|   32|         64|
    |reg_file_20_fu_540                                |    9|          2|   32|         64|
    |reg_file_21_fu_544                                |    9|          2|   32|         64|
    |reg_file_22_fu_548                                |    9|          2|   32|         64|
    |reg_file_23_fu_552                                |    9|          2|   32|         64|
    |reg_file_24_fu_556                                |    9|          2|   32|         64|
    |reg_file_25_fu_560                                |    9|          2|   32|         64|
    |reg_file_26_fu_564                                |    9|          2|   32|         64|
    |reg_file_27_fu_568                                |    9|          2|   32|         64|
    |reg_file_28_fu_572                                |    9|          2|   32|         64|
    |reg_file_29_fu_576                                |    9|          2|   32|         64|
    |reg_file_2_fu_468                                 |    9|          2|   32|         64|
    |reg_file_30_fu_584                                |    9|          2|   32|         64|
    |reg_file_31_fu_588                                |    9|          2|   32|         64|
    |reg_file_32_fu_580                                |   37|          7|   32|        224|
    |reg_file_3_fu_472                                 |    9|          2|   32|         64|
    |reg_file_4_fu_476                                 |    9|          2|   32|         64|
    |reg_file_5_fu_480                                 |    9|          2|   32|         64|
    |reg_file_6_fu_484                                 |    9|          2|   32|         64|
    |reg_file_7_fu_488                                 |    9|          2|   32|         64|
    |reg_file_8_fu_492                                 |    9|          2|   32|         64|
    |reg_file_9_fu_496                                 |    9|          2|   32|         64|
    |reg_file_fu_460                                   |    9|          2|   32|         64|
    |w_from_m_is_ret_fu_756                            |    9|          2|    1|          2|
    +--------------------------------------------------+-----+-----------+-----+-----------+
    |Total                                             | 3083|        668| 1448|       3561|
    +--------------------------------------------------+-----+-----------+-----+-----------+

    * Register: 
    +--------------------------------------------------+----+----+-----+-----------+
    |                       Name                       | FF | LUT| Bits| Const Bits|
    +--------------------------------------------------+----+----+-----+-----------+
    |a1_reg_16326                                      |   1|   0|    1|          0|
    |address_fu_412                                    |  18|   0|   18|          0|
    |and_ln36_1_reg_16271                              |   1|   0|    1|          0|
    |ap_CS_fsm                                         |   2|   0|    2|          0|
    |ap_done_reg                                       |   1|   0|    1|          0|
    |ap_enable_reg_pp0_iter0_reg                       |   1|   0|    1|          0|
    |ap_enable_reg_pp0_iter1                           |   1|   0|    1|          0|
    |ap_loop_exit_ready_pp0_iter1_reg                  |   1|   0|    1|          0|
    |ap_phi_reg_pp0_iter1_is_reg_computed_64_reg_8151  |   1|   0|    1|          0|
    |ap_phi_reg_pp0_iter1_is_reg_computed_65_reg_8039  |   1|   0|    1|          0|
    |ap_phi_reg_pp0_iter1_is_reg_computed_66_reg_7927  |   1|   0|    1|          0|
    |ap_phi_reg_pp0_iter1_is_reg_computed_67_reg_7815  |   1|   0|    1|          0|
    |ap_phi_reg_pp0_iter1_is_reg_computed_68_reg_7703  |   1|   0|    1|          0|
    |ap_phi_reg_pp0_iter1_is_reg_computed_69_reg_7591  |   1|   0|    1|          0|
    |ap_phi_reg_pp0_iter1_is_reg_computed_70_reg_7479  |   1|   0|    1|          0|
    |ap_phi_reg_pp0_iter1_is_reg_computed_71_reg_7367  |   1|   0|    1|          0|
    |ap_phi_reg_pp0_iter1_is_reg_computed_72_reg_7255  |   1|   0|    1|          0|
    |ap_phi_reg_pp0_iter1_is_reg_computed_73_reg_7143  |   1|   0|    1|          0|
    |ap_phi_reg_pp0_iter1_is_reg_computed_74_reg_7031  |   1|   0|    1|          0|
    |ap_phi_reg_pp0_iter1_is_reg_computed_75_reg_6919  |   1|   0|    1|          0|
    |ap_phi_reg_pp0_iter1_is_reg_computed_76_reg_6807  |   1|   0|    1|          0|
    |ap_phi_reg_pp0_iter1_is_reg_computed_77_reg_6695  |   1|   0|    1|          0|
    |ap_phi_reg_pp0_iter1_is_reg_computed_78_reg_6583  |   1|   0|    1|          0|
    |ap_phi_reg_pp0_iter1_is_reg_computed_79_reg_6471  |   1|   0|    1|          0|
    |ap_phi_reg_pp0_iter1_is_reg_computed_80_reg_6359  |   1|   0|    1|          0|
    |ap_phi_reg_pp0_iter1_is_reg_computed_81_reg_6247  |   1|   0|    1|          0|
    |ap_phi_reg_pp0_iter1_is_reg_computed_82_reg_6135  |   1|   0|    1|          0|
    |ap_phi_reg_pp0_iter1_is_reg_computed_83_reg_6023  |   1|   0|    1|          0|
    |ap_phi_reg_pp0_iter1_is_reg_computed_84_reg_5911  |   1|   0|    1|          0|
    |ap_phi_reg_pp0_iter1_is_reg_computed_85_reg_5799  |   1|   0|    1|          0|
    |ap_phi_reg_pp0_iter1_is_reg_computed_86_reg_5687  |   1|   0|    1|          0|
    |ap_phi_reg_pp0_iter1_is_reg_computed_87_reg_5575  |   1|   0|    1|          0|
    |ap_phi_reg_pp0_iter1_is_reg_computed_88_reg_5463  |   1|   0|    1|          0|
    |ap_phi_reg_pp0_iter1_is_reg_computed_89_reg_5351  |   1|   0|    1|          0|
    |ap_phi_reg_pp0_iter1_is_reg_computed_90_reg_5239  |   1|   0|    1|          0|
    |ap_phi_reg_pp0_iter1_is_reg_computed_91_reg_5127  |   1|   0|    1|          0|
    |ap_phi_reg_pp0_iter1_is_reg_computed_92_reg_5015  |   1|   0|    1|          0|
    |ap_phi_reg_pp0_iter1_is_reg_computed_93_reg_4903  |   1|   0|    1|          0|
    |ap_phi_reg_pp0_iter1_is_reg_computed_94_reg_4791  |   1|   0|    1|          0|
    |ap_phi_reg_pp0_iter1_is_reg_computed_95_reg_4679  |   1|   0|    1|          0|
    |counter_nbc_fu_404                                |  32|   0|   32|          0|
    |counter_nbi_fu_408                                |  32|   0|   32|          0|
    |d_i_func7_fu_644                                  |   7|   0|    7|          0|
    |d_i_imm_fu_636                                    |  20|   0|   20|          0|
    |d_i_is_branch_1_fu_692                            |   1|   0|    1|          0|
    |d_i_is_branch_fu_624                              |   1|   0|    1|          0|
    |d_i_is_jal_1_fu_784                               |   1|   0|    1|          0|
    |d_i_is_jal_fu_616                                 |   1|   0|    1|          0|
    |d_i_is_jalr_1_fu_684                              |   1|   0|    1|          0|
    |d_i_is_jalr_fu_620                                |   1|   0|    1|          0|
    |d_i_is_lui_fu_608                                 |   1|   0|    1|          0|
    |d_i_is_r_type_fu_600                              |   1|   0|    1|          0|
    |d_i_rs2_fu_648                                    |   5|   0|    5|          0|
    |d_i_type_2_reg_4616                               |   3|   0|    3|          0|
    |d_i_type_fu_640                                   |   3|   0|    3|          0|
    |d_to_f_is_valid_reg_16504                         |   1|   0|    1|          0|
    |d_to_f_target_pc_fu_752                           |  15|   0|   15|          0|
    |d_to_i_is_valid_fu_776                            |   1|   0|    1|          0|
    |e_to_f_target_pc_1_reg_16437                      |  15|   0|   15|          0|
    |e_to_f_target_pc_fu_424                           |  15|   0|   15|          0|
    |e_to_m_func3_4_reg_16220                          |   3|   0|    3|          0|
    |e_to_m_func3_fu_652                               |   3|   0|    3|          0|
    |e_to_m_has_no_dest_fu_604                         |   1|   0|    1|          0|
    |e_to_m_is_load_fu_632                             |   1|   0|    1|          0|
    |e_to_m_is_ret_fu_612                              |   1|   0|    1|          0|
    |e_to_m_is_store_fu_628                            |   1|   0|    1|          0|
    |e_to_m_is_valid_1_reg_1231                        |   1|   0|    1|          0|
    |e_to_m_rd_fu_656                                  |   5|   0|    5|          0|
    |e_to_m_value_2_fu_768                             |  32|   0|   32|          0|
    |e_to_m_value_3_reg_16228                          |  32|   0|   32|          0|
    |f7_6_reg_16393                                    |   1|   0|    1|          0|
    |f_from_f_is_valid_fu_796                          |   1|   0|    1|          0|
    |f_from_f_next_pc_fu_792                           |  15|   0|   15|          0|
    |f_to_d_instruction_2_reg_16252                    |  32|   0|   32|          0|
    |f_to_d_instruction_3_fu_788                       |  32|   0|   32|          0|
    |f_to_d_is_jal_2_reg_16246                         |   1|   0|    1|          0|
    |f_to_d_is_valid_1_reg_16241                       |   1|   0|    1|          0|
    |f_to_f_is_valid_2_reg_16266                       |   1|   0|    1|          0|
    |f_to_f_next_pc_4_reg_16261                        |  15|   0|   15|          0|
    |has_no_dest_fu_760                                |   1|   0|    1|          0|
    |i_from_d_d_i_func3_fu_736                         |   3|   0|    3|          0|
    |i_from_d_d_i_func7_fu_724                         |   7|   0|    7|          0|
    |i_from_d_d_i_has_no_dest_fu_668                   |   1|   0|    1|          0|
    |i_from_d_d_i_imm_fu_716                           |  20|   0|   20|          0|
    |i_from_d_d_i_is_branch_fu_696                     |   1|   0|    1|          0|
    |i_from_d_d_i_is_jal_fu_680                        |   1|   0|    1|          0|
    |i_from_d_d_i_is_jalr_fu_688                       |   1|   0|    1|          0|
    |i_from_d_d_i_is_load_fu_704                       |   1|   0|    1|          0|
    |i_from_d_d_i_is_lui_fu_672                        |   1|   0|    1|          0|
    |i_from_d_d_i_is_r_type_fu_664                     |   1|   0|    1|          0|
    |i_from_d_d_i_is_ret_fu_676                        |   1|   0|    1|          0|
    |i_from_d_d_i_is_rs1_reg_fu_712                    |   1|   0|    1|          0|
    |i_from_d_d_i_is_rs2_reg_fu_708                    |   1|   0|    1|          0|
    |i_from_d_d_i_is_store_fu_700                      |   1|   0|    1|          0|
    |i_from_d_d_i_rd_fu_740                            |   5|   0|    5|          0|
    |i_from_d_d_i_rs1_fu_732                           |   5|   0|    5|          0|
    |i_from_d_d_i_rs2_fu_728                           |   5|   0|    5|          0|
    |i_from_d_d_i_type_fu_720                          |   3|   0|    3|          0|
    |i_from_d_is_valid_fu_780                          |   1|   0|    1|          0|
    |i_from_d_pc_fu_748                                |  15|   0|   15|          0|
    |i_safe_d_i_func3_fu_448                           |   3|   0|    3|          0|
    |i_safe_d_i_func7_fu_436                           |   7|   0|    7|          0|
    |i_safe_d_i_has_no_dest_2_reg_16473                |   1|   0|    1|          0|
    |i_safe_d_i_has_no_dest_fu_364                     |   1|   0|    1|          0|
    |i_safe_d_i_imm_fu_428                             |  20|   0|   20|          0|
    |i_safe_d_i_is_branch_fu_384                       |   1|   0|    1|          0|
    |i_safe_d_i_is_jal_fu_376                          |   1|   0|    1|          0|
    |i_safe_d_i_is_jalr_fu_380                         |   1|   0|    1|          0|
    |i_safe_d_i_is_load_fu_392                         |   1|   0|    1|          0|
    |i_safe_d_i_is_lui_fu_368                          |   1|   0|    1|          0|
    |i_safe_d_i_is_r_type_fu_360                       |   1|   0|    1|          0|
    |i_safe_d_i_is_ret_fu_372                          |   1|   0|    1|          0|
    |i_safe_d_i_is_rs1_reg_fu_400                      |   1|   0|    1|          0|
    |i_safe_d_i_is_rs2_reg_fu_396                      |   1|   0|    1|          0|
    |i_safe_d_i_is_store_fu_388                        |   1|   0|    1|          0|
    |i_safe_d_i_rd_2_reg_16457                         |   5|   0|    5|          0|
    |i_safe_d_i_rd_fu_452                              |   5|   0|    5|          0|
    |i_safe_d_i_rs1_2_reg_16463                        |   5|   0|    5|          0|
    |i_safe_d_i_rs1_fu_444                             |   5|   0|    5|          0|
    |i_safe_d_i_rs2_2_reg_16468                        |   5|   0|    5|          0|
    |i_safe_d_i_rs2_fu_440                             |   5|   0|    5|          0|
    |i_safe_d_i_type_fu_432                            |   3|   0|    3|          0|
    |i_safe_is_full_3_reg_16234                        |   1|   0|    1|          0|
    |i_safe_is_full_reg_16452                          |   1|   0|    1|          0|
    |i_safe_pc_fu_456                                  |  15|   0|   15|          0|
    |i_to_e_is_valid_2_reg_1219                        |   1|   0|    1|          0|
    |i_to_e_rv1_2_fu_596                               |  32|   0|   32|          0|
    |i_to_e_rv1_2_load_reg_16348                       |  32|   0|   32|          0|
    |i_to_e_rv2_2_fu_592                               |  32|   0|   32|          0|
    |i_to_e_rv2_2_load_reg_16343                       |  32|   0|   32|          0|
    |i_wait_3_reg_16477                                |   1|   0|    1|          0|
    |i_wait_5_reg_16481                                |   1|   0|    1|          0|
    |i_wait_fu_772                                     |   1|   0|    1|          0|
    |icmp_ln118_reg_16447                              |   1|   0|    1|          0|
    |icmp_ln39_reg_16490                               |   1|   0|    1|          0|
    |icmp_ln51_reg_16495                               |   1|   0|    1|          0|
    |icmp_ln8_1_reg_16363                              |   1|   0|    1|          0|
    |icmp_ln8_2_reg_16368                              |   1|   0|    1|          0|
    |icmp_ln8_3_reg_16373                              |   1|   0|    1|          0|
    |icmp_ln8_4_reg_16378                              |   1|   0|    1|          0|
    |icmp_ln8_5_reg_16383                              |   1|   0|    1|          0|
    |icmp_ln8_6_reg_16388                              |   1|   0|    1|          0|
    |icmp_ln8_reg_16358                                |   1|   0|    1|          0|
    |is_load_1_fu_352                                  |   1|   0|    1|          0|
    |is_load_1_load_reg_16279                          |   1|   0|    1|          0|
    |is_reg_computed_10_reg_1098                       |   1|   0|    1|          0|
    |is_reg_computed_11_reg_1087                       |   1|   0|    1|          0|
    |is_reg_computed_12_reg_1076                       |   1|   0|    1|          0|
    |is_reg_computed_13_reg_1065                       |   1|   0|    1|          0|
    |is_reg_computed_14_reg_1054                       |   1|   0|    1|          0|
    |is_reg_computed_15_reg_1043                       |   1|   0|    1|          0|
    |is_reg_computed_16_reg_1032                       |   1|   0|    1|          0|
    |is_reg_computed_17_reg_1021                       |   1|   0|    1|          0|
    |is_reg_computed_18_reg_1010                       |   1|   0|    1|          0|
    |is_reg_computed_19_reg_999                        |   1|   0|    1|          0|
    |is_reg_computed_1_reg_1197                        |   1|   0|    1|          0|
    |is_reg_computed_20_reg_988                        |   1|   0|    1|          0|
    |is_reg_computed_21_reg_977                        |   1|   0|    1|          0|
    |is_reg_computed_22_reg_966                        |   1|   0|    1|          0|
    |is_reg_computed_23_reg_955                        |   1|   0|    1|          0|
    |is_reg_computed_24_reg_944                        |   1|   0|    1|          0|
    |is_reg_computed_25_reg_933                        |   1|   0|    1|          0|
    |is_reg_computed_26_reg_922                        |   1|   0|    1|          0|
    |is_reg_computed_27_reg_911                        |   1|   0|    1|          0|
    |is_reg_computed_28_reg_900                        |   1|   0|    1|          0|
    |is_reg_computed_29_reg_889                        |   1|   0|    1|          0|
    |is_reg_computed_2_reg_1186                        |   1|   0|    1|          0|
    |is_reg_computed_30_reg_878                        |   1|   0|    1|          0|
    |is_reg_computed_31_reg_867                        |   1|   0|    1|          0|
    |is_reg_computed_32_reg_4511                       |   1|   0|    1|          0|
    |is_reg_computed_33_reg_4406                       |   1|   0|    1|          0|
    |is_reg_computed_34_reg_4301                       |   1|   0|    1|          0|
    |is_reg_computed_35_reg_4196                       |   1|   0|    1|          0|
    |is_reg_computed_36_reg_4091                       |   1|   0|    1|          0|
    |is_reg_computed_37_reg_3986                       |   1|   0|    1|          0|
    |is_reg_computed_38_reg_3881                       |   1|   0|    1|          0|
    |is_reg_computed_39_reg_3776                       |   1|   0|    1|          0|
    |is_reg_computed_3_reg_1175                        |   1|   0|    1|          0|
    |is_reg_computed_40_reg_3671                       |   1|   0|    1|          0|
    |is_reg_computed_41_reg_3566                       |   1|   0|    1|          0|
    |is_reg_computed_42_reg_3461                       |   1|   0|    1|          0|
    |is_reg_computed_43_reg_3356                       |   1|   0|    1|          0|
    |is_reg_computed_44_reg_3251                       |   1|   0|    1|          0|
    |is_reg_computed_45_reg_3146                       |   1|   0|    1|          0|
    |is_reg_computed_46_reg_3041                       |   1|   0|    1|          0|
    |is_reg_computed_47_reg_2936                       |   1|   0|    1|          0|
    |is_reg_computed_48_reg_2831                       |   1|   0|    1|          0|
    |is_reg_computed_49_reg_2726                       |   1|   0|    1|          0|
    |is_reg_computed_4_reg_1164                        |   1|   0|    1|          0|
    |is_reg_computed_50_reg_2621                       |   1|   0|    1|          0|
    |is_reg_computed_51_reg_2516                       |   1|   0|    1|          0|
    |is_reg_computed_52_reg_2411                       |   1|   0|    1|          0|
    |is_reg_computed_53_reg_2306                       |   1|   0|    1|          0|
    |is_reg_computed_54_reg_2201                       |   1|   0|    1|          0|
    |is_reg_computed_55_reg_2096                       |   1|   0|    1|          0|
    |is_reg_computed_56_reg_1991                       |   1|   0|    1|          0|
    |is_reg_computed_57_reg_1886                       |   1|   0|    1|          0|
    |is_reg_computed_58_reg_1781                       |   1|   0|    1|          0|
    |is_reg_computed_59_reg_1676                       |   1|   0|    1|          0|
    |is_reg_computed_5_reg_1153                        |   1|   0|    1|          0|
    |is_reg_computed_60_reg_1571                       |   1|   0|    1|          0|
    |is_reg_computed_61_reg_1466                       |   1|   0|    1|          0|
    |is_reg_computed_62_reg_1361                       |   1|   0|    1|          0|
    |is_reg_computed_63_reg_1256                       |   1|   0|    1|          0|
    |is_reg_computed_6_reg_1142                        |   1|   0|    1|          0|
    |is_reg_computed_7_reg_1131                        |   1|   0|    1|          0|
    |is_reg_computed_8_reg_1120                        |   1|   0|    1|          0|
    |is_reg_computed_9_reg_1109                        |   1|   0|    1|          0|
    |is_reg_computed_reg_1208                          |   1|   0|    1|          0|
    |is_store_1_fu_348                                 |   1|   0|    1|          0|
    |m_from_e_has_no_dest_fu_356                       |   1|   0|    1|          0|
    |m_from_e_is_ret_fu_344                            |   1|   0|    1|          0|
    |m_from_e_rd_fu_420                                |   5|   0|    5|          0|
    |m_to_w_is_valid_1_reg_1244                        |   1|   0|    1|          0|
    |msize_fu_416                                      |   3|   0|    3|          0|
    |or_ln61_1_reg_16442                               |   1|   0|    1|          0|
    |pc_1_fu_660                                       |  15|   0|   15|          0|
    |pc_2_fu_744                                       |  15|   0|   15|          0|
    |pc_reg_16509                                      |  15|   0|   15|          0|
    |rd_fu_764                                         |   5|   0|    5|          0|
    |reg_file_10_fu_500                                |  32|   0|   32|          0|
    |reg_file_11_fu_504                                |  32|   0|   32|          0|
    |reg_file_12_fu_508                                |  32|   0|   32|          0|
    |reg_file_13_fu_512                                |  32|   0|   32|          0|
    |reg_file_14_fu_516                                |  32|   0|   32|          0|
    |reg_file_15_fu_520                                |  32|   0|   32|          0|
    |reg_file_16_fu_524                                |  32|   0|   32|          0|
    |reg_file_17_fu_528                                |  32|   0|   32|          0|
    |reg_file_18_fu_532                                |  32|   0|   32|          0|
    |reg_file_19_fu_536                                |  32|   0|   32|          0|
    |reg_file_1_fu_464                                 |  32|   0|   32|          0|
    |reg_file_20_fu_540                                |  32|   0|   32|          0|
    |reg_file_21_fu_544                                |  32|   0|   32|          0|
    |reg_file_22_fu_548                                |  32|   0|   32|          0|
    |reg_file_23_fu_552                                |  32|   0|   32|          0|
    |reg_file_24_fu_556                                |  32|   0|   32|          0|
    |reg_file_25_fu_560                                |  32|   0|   32|          0|
    |reg_file_26_fu_564                                |  32|   0|   32|          0|
    |reg_file_27_fu_568                                |  32|   0|   32|          0|
    |reg_file_28_fu_572                                |  32|   0|   32|          0|
    |reg_file_29_fu_576                                |  32|   0|   32|          0|
    |reg_file_2_fu_468                                 |  32|   0|   32|          0|
    |reg_file_30_fu_584                                |  32|   0|   32|          0|
    |reg_file_31_fu_588                                |  32|   0|   32|          0|
    |reg_file_32_fu_580                                |  32|   0|   32|          0|
    |reg_file_3_fu_472                                 |  32|   0|   32|          0|
    |reg_file_4_fu_476                                 |  32|   0|   32|          0|
    |reg_file_5_fu_480                                 |  32|   0|   32|          0|
    |reg_file_6_fu_484                                 |  32|   0|   32|          0|
    |reg_file_7_fu_488                                 |  32|   0|   32|          0|
    |reg_file_8_fu_492                                 |  32|   0|   32|          0|
    |reg_file_9_fu_496                                 |  32|   0|   32|          0|
    |reg_file_fu_460                                   |  32|   0|   32|          0|
    |result_12_reg_16422                               |  32|   0|   32|          0|
    |result_25_reg_16432                               |  32|   0|   32|          0|
    |result_7_reg_16407                                |  32|   0|   32|          0|
    |result_8_reg_16417                                |  32|   0|   32|          0|
    |rv2_1_reg_16398                                   |  32|   0|   32|          0|
    |sel_tmp25_reg_16427                               |   1|   0|    1|          0|
    |trunc_ln92_reg_16336                              |   2|   0|    2|          0|
    |w_from_m_is_ret_fu_756                            |   1|   0|    1|          0|
    |zext_ln51_reg_16412                               |   5|   0|   32|         27|
    +--------------------------------------------------+----+----+-----+-----------+
    |Total                                             |2058|   0| 2085|         27|
    +--------------------------------------------------+----+----+-----+-----------+



================================================================
== Interface
================================================================
* Summary: 
+-----------------------+-----+-----+------------+------------------------+--------------+
|       RTL Ports       | Dir | Bits|  Protocol  |      Source Object     |    C Type    |
+-----------------------+-----+-----+------------+------------------------+--------------+
|s_axi_control_AWVALID  |   in|    1|       s_axi|                 control|         array|
|s_axi_control_AWREADY  |  out|    1|       s_axi|                 control|         array|
|s_axi_control_AWADDR   |   in|   19|       s_axi|                 control|         array|
|s_axi_control_WVALID   |   in|    1|       s_axi|                 control|         array|
|s_axi_control_WREADY   |  out|    1|       s_axi|                 control|         array|
|s_axi_control_WDATA    |   in|   32|       s_axi|                 control|         array|
|s_axi_control_WSTRB    |   in|    4|       s_axi|                 control|         array|
|s_axi_control_ARVALID  |   in|    1|       s_axi|                 control|         array|
|s_axi_control_ARREADY  |  out|    1|       s_axi|                 control|         array|
|s_axi_control_ARADDR   |   in|   19|       s_axi|                 control|         array|
|s_axi_control_RVALID   |  out|    1|       s_axi|                 control|         array|
|s_axi_control_RREADY   |   in|    1|       s_axi|                 control|         array|
|s_axi_control_RDATA    |  out|   32|       s_axi|                 control|         array|
|s_axi_control_RRESP    |  out|    2|       s_axi|                 control|         array|
|s_axi_control_BVALID   |  out|    1|       s_axi|                 control|         array|
|s_axi_control_BREADY   |   in|    1|       s_axi|                 control|         array|
|s_axi_control_BRESP    |  out|    2|       s_axi|                 control|         array|
|ap_clk                 |   in|    1|  ap_ctrl_hs|  multicycle_pipeline_ip|  return value|
|ap_rst_n               |   in|    1|  ap_ctrl_hs|  multicycle_pipeline_ip|  return value|
|interrupt              |  out|    1|  ap_ctrl_hs|  multicycle_pipeline_ip|  return value|
+-----------------------+-----+-----+------------+------------------------+--------------+

