Copyright 1986-2022 Xilinx, Inc. All Rights Reserved.
-------------------------------------------------------------------------------------------------------------------------------------------------------------------------------
| Tool Version     : Vivado v.2022.1 (lin64) Build 3526262 Mon Apr 18 15:47:01 MDT 2022
| Date             : Mon Jul 11 19:25:01 2022
| Host             : goossens-Precision-5530 running 64-bit Ubuntu 22.04 LTS
| Command          : report_power -file design_1_2c_wrapper_power_routed.rpt -pb design_1_2c_wrapper_power_summary_routed.pb -rpx design_1_2c_wrapper_power_routed.rpx
| Design           : design_1_2c_wrapper
| Device           : xc7z020clg400-1
| Design State     : routed
| Grade            : commercial
| Process          : typical
| Characterization : Production
-------------------------------------------------------------------------------------------------------------------------------------------------------------------------------

Power Report

Table of Contents
-----------------
1. Summary
1.1 On-Chip Components
1.2 Power Supply Summary
1.3 Confidence Level
2. Settings
2.1 Environment
2.2 Clock Constraints
3. Detailed Reports
3.1 By Hierarchy

1. Summary
----------

+--------------------------+--------------+
| Total On-Chip Power (W)  | 1.576        |
| Design Power Budget (W)  | Unspecified* |
| Power Budget Margin (W)  | NA           |
| Dynamic (W)              | 1.425        |
| Device Static (W)        | 0.150        |
| Effective TJA (C/W)      | 11.5         |
| Max Ambient (C)          | 66.8         |
| Junction Temperature (C) | 43.2         |
| Confidence Level         | Medium       |
| Setting File             | ---          |
| Simulation Activity File | ---          |
| Design Nets Matched      | NA           |
+--------------------------+--------------+
* Specify Design Power Budget using, set_operating_conditions -design_power_budget <value in Watts>


1.1 On-Chip Components
----------------------

+-------------------------+-----------+----------+-----------+-----------------+
| On-Chip                 | Power (W) | Used     | Available | Utilization (%) |
+-------------------------+-----------+----------+-----------+-----------------+
| Clocks                  |     0.032 |        3 |       --- |             --- |
| Slice Logic             |     0.020 |    27926 |       --- |             --- |
|   LUT as Logic          |     0.018 |    11551 |     53200 |           21.71 |
|   CARRY4                |     0.001 |      580 |     13300 |            4.36 |
|   Register              |    <0.001 |    11454 |    106400 |           10.77 |
|   LUT as Shift Register |    <0.001 |      419 |     17400 |            2.41 |
|   F7/F8 Muxes           |    <0.001 |       28 |     53200 |            0.05 |
|   Others                |     0.000 |      575 |       --- |             --- |
| Signals                 |     0.030 |    22442 |       --- |             --- |
| Block RAM               |     0.088 |      130 |       140 |           92.86 |
| PS7                     |     1.256 |        1 |       --- |             --- |
| Static Power            |     0.150 |          |           |                 |
| Total                   |     1.576 |          |           |                 |
+-------------------------+-----------+----------+-----------+-----------------+


1.2 Power Supply Summary
------------------------

+-----------+-------------+-----------+-------------+------------+-------------+-------------+------------+
| Source    | Voltage (V) | Total (A) | Dynamic (A) | Static (A) | Powerup (A) | Budget (A)  | Margin (A) |
+-----------+-------------+-----------+-------------+------------+-------------+-------------+------------+
| Vccint    |       1.000 |     0.180 |       0.162 |      0.018 |       NA    | Unspecified | NA         |
| Vccaux    |       1.800 |     0.015 |       0.000 |      0.015 |       NA    | Unspecified | NA         |
| Vcco33    |       3.300 |     0.000 |       0.000 |      0.000 |       NA    | Unspecified | NA         |
| Vcco25    |       2.500 |     0.000 |       0.000 |      0.000 |       NA    | Unspecified | NA         |
| Vcco18    |       1.800 |     0.000 |       0.000 |      0.000 |       NA    | Unspecified | NA         |
| Vcco15    |       1.500 |     0.000 |       0.000 |      0.000 |       NA    | Unspecified | NA         |
| Vcco135   |       1.350 |     0.000 |       0.000 |      0.000 |       NA    | Unspecified | NA         |
| Vcco12    |       1.200 |     0.000 |       0.000 |      0.000 |       NA    | Unspecified | NA         |
| Vccaux_io |       1.800 |     0.000 |       0.000 |      0.000 |       NA    | Unspecified | NA         |
| Vccbram   |       1.000 |     0.016 |       0.008 |      0.009 |       NA    | Unspecified | NA         |
| MGTAVcc   |       1.000 |     0.000 |       0.000 |      0.000 |       NA    | Unspecified | NA         |
| MGTAVtt   |       1.200 |     0.000 |       0.000 |      0.000 |       NA    | Unspecified | NA         |
| MGTVccaux |       1.800 |     0.000 |       0.000 |      0.000 |       NA    | Unspecified | NA         |
| Vccpint   |       1.000 |     0.676 |       0.647 |      0.029 |       NA    | Unspecified | NA         |
| Vccpaux   |       1.800 |     0.036 |       0.026 |      0.010 |       NA    | Unspecified | NA         |
| Vccpll    |       1.800 |     0.017 |       0.014 |      0.003 |       NA    | Unspecified | NA         |
| Vcco_ddr  |       1.500 |     0.354 |       0.352 |      0.002 |       NA    | Unspecified | NA         |
| Vcco_mio0 |       3.300 |     0.003 |       0.002 |      0.001 |       NA    | Unspecified | NA         |
| Vcco_mio1 |       1.800 |     0.003 |       0.002 |      0.001 |       NA    | Unspecified | NA         |
| Vccadc    |       1.800 |     0.020 |       0.000 |      0.020 |       NA    | Unspecified | NA         |
+-----------+-------------+-----------+-------------+------------+-------------+-------------+------------+


1.3 Confidence Level
--------------------

+-----------------------------+------------+------------------------------------------------+------------------------------------------------------------------------------------------------------------+
| User Input Data             | Confidence | Details                                        | Action                                                                                                     |
+-----------------------------+------------+------------------------------------------------+------------------------------------------------------------------------------------------------------------+
| Design implementation state | High       | Design is routed                               |                                                                                                            |
| Clock nodes activity        | High       | User specified more than 95% of clocks         |                                                                                                            |
| I/O nodes activity          | High       | User specified more than 95% of inputs         |                                                                                                            |
| Internal nodes activity     | Medium     | User specified less than 25% of internal nodes | Provide missing internal nodes activity with simulation results or by editing the "By Resource Type" views |
| Device models               | High       | Device models are Production                   |                                                                                                            |
|                             |            |                                                |                                                                                                            |
| Overall confidence level    | Medium     |                                                |                                                                                                            |
+-----------------------------+------------+------------------------------------------------+------------------------------------------------------------------------------------------------------------+


2. Settings
-----------

2.1 Environment
---------------

+-----------------------+------------------------+
| Ambient Temp (C)      | 25.0                   |
| ThetaJA (C/W)         | 11.5                   |
| Airflow (LFM)         | 250                    |
| Heat Sink             | none                   |
| ThetaSA (C/W)         | 0.0                    |
| Board Selection       | medium (10"x10")       |
| # of Board Layers     | 8to11 (8 to 11 Layers) |
| Board Temperature (C) | 25.0                   |
+-----------------------+------------------------+


2.2 Clock Constraints
---------------------

+------------+----------------------------------------------------------------+-----------------+
| Clock      | Domain                                                         | Constraint (ns) |
+------------+----------------------------------------------------------------+-----------------+
| clk_fpga_0 | design_1_2c_i/processing_system7_0/inst/FCLK_CLK_unbuffered[0] |            10.0 |
+------------+----------------------------------------------------------------+-----------------+


3. Detailed Reports
-------------------

3.1 By Hierarchy
----------------

+---------------------------+-----------+
| Name                      | Power (W) |
+---------------------------+-----------+
| design_1_2c_wrapper       |     1.425 |
|   design_1_2c_i           |     1.425 |
|     axi_interconnect_0    |     0.011 |
|       s00_couplers        |     0.002 |
|       s01_couplers        |     0.002 |
|       s02_couplers        |     0.003 |
|       xbar                |     0.004 |
|     blk_mem_gen_0         |     0.018 |
|       U0                  |     0.018 |
|     blk_mem_gen_1         |     0.015 |
|       U0                  |     0.015 |
|     multicycle_pipeline_0 |     0.061 |
|       inst                |     0.061 |
|     multicycle_pipeline_1 |     0.063 |
|       inst                |     0.063 |
|     processing_system7_0  |     1.256 |
|       inst                |     1.256 |
+---------------------------+-----------+


