

================================================================
== Vitis HLS Report for 'multihart_ip'
================================================================
* Date:           Sun Sep  8 20:03:08 2024

* Version:        2024.1 (Build 5069499 on May 21 2024)
* Project:        multihart_ip
* Solution:       hls (Vivado IP Flow Target)
* Product family: zynq
* Target device:  xc7z020-clg400-1


================================================================
== Performance Estimates
================================================================
+ Timing: 
    * Summary: 
    +--------+----------+-----------+------------+
    |  Clock |  Target  | Estimated | Uncertainty|
    +--------+----------+-----------+------------+
    |ap_clk  |  10.00 ns|  20.099 ns|     2.70 ns|
    +--------+----------+-----------+------------+

+ Latency: 
    * Summary: 
    +---------+---------+----------+----------+-----+-----+---------+
    |  Latency (cycles) |  Latency (absolute) |  Interval | Pipeline|
    |   min   |   max   |    min   |    max   | min | max |   Type  |
    +---------+---------+----------+----------+-----+-----+---------+
    |        ?|        ?|         ?|         ?|    ?|    ?|       no|
    +---------+---------+----------+----------+-----+-----+---------+

    + Detail: 
        * Instance: 
        N/A

        * Loop: 
        N/A

============================================================
+ Verbose Summary: Synthesis Manager
============================================================
InlineROM: 1
ExposeGlobal: 0
============================================================
+ Verbose Summary: CDFG Model
============================================================
IsTopModel: 1
ResetActiveHigh: 1
IsCombinational: 0
IsDatapathOnly: 0
HasWiredReturn: 1
HasMFsm: 0
HasVarLatency: 1
IsPipeline: 0
IsRtlPipelined: 0
IsInstanceOverlapped: 0
IsDontTouch: 0
HasImplIP: 0
IsGatedGlobalClock: 0


============================================================
+ Verbose Summary: Schedule
============================================================
* Number of FSM states : 11
* Pipeline : 0
* Dataflow Pipeline: 0

* FSM state transitions: 
1 --> 2 
2 --> 3 
3 --> 4 
4 --> 5 
5 --> 6 
6 --> 7 
7 --> 8 
8 --> 9 
9 --> 10 
10 --> 11 
11 --> 

* FSM state operations: 

State 1 <SV = 0> <Delay = 2.32>
ST_1 : Operation 12 [1/1] (0.00ns)   --->   "%c_nbc_loc = alloca i64 1"   --->   Operation 12 'alloca' 'c_nbc_loc' <Predicate = true> <Delay = 0.00>
ST_1 : Operation 13 [1/1] (0.00ns)   --->   "%c_nbi_loc = alloca i64 1"   --->   Operation 13 'alloca' 'c_nbi_loc' <Predicate = true> <Delay = 0.00>
ST_1 : Operation 14 [1/1] (0.00ns)   --->   "%start_pc_addr = getelementptr i32 %start_pc, i64 0, i64 0" [../../fetch.cpp:21->../../multihart_ip.cpp:176]   --->   Operation 14 'getelementptr' 'start_pc_addr' <Predicate = true> <Delay = 0.00>
ST_1 : Operation 15 [2/2] (2.32ns)   --->   "%start_pc_load = load i3 %start_pc_addr" [../../fetch.cpp:21->../../multihart_ip.cpp:176]   --->   Operation 15 'load' 'start_pc_load' <Predicate = true> <Delay = 2.32> <CoreInst = "RAM_1P">   --->   Core 85 'RAM_1P' <Latency = 1> <II = 1> <Delay = 2.32> <Storage> <Opcode : 'load' 'store'> <Ports = 1> <Width = 32> <Depth = 8> <RAM>

State 2 <SV = 1> <Delay = 2.32>
ST_2 : Operation 16 [1/2] (2.32ns)   --->   "%start_pc_load = load i3 %start_pc_addr" [../../fetch.cpp:21->../../multihart_ip.cpp:176]   --->   Operation 16 'load' 'start_pc_load' <Predicate = true> <Delay = 2.32> <CoreInst = "RAM_1P">   --->   Core 85 'RAM_1P' <Latency = 1> <II = 1> <Delay = 2.32> <Storage> <Opcode : 'load' 'store'> <Ports = 1> <Width = 32> <Depth = 8> <RAM>
ST_2 : Operation 17 [1/1] (0.00ns)   --->   "%f_state_fetch_pc = trunc i32 %start_pc_load" [../../fetch.cpp:21->../../multihart_ip.cpp:176]   --->   Operation 17 'trunc' 'f_state_fetch_pc' <Predicate = true> <Delay = 0.00>
ST_2 : Operation 18 [1/1] (0.00ns)   --->   "%start_pc_addr_1 = getelementptr i32 %start_pc, i64 0, i64 1" [../../fetch.cpp:21->../../multihart_ip.cpp:176]   --->   Operation 18 'getelementptr' 'start_pc_addr_1' <Predicate = true> <Delay = 0.00>
ST_2 : Operation 19 [2/2] (2.32ns)   --->   "%start_pc_load_1 = load i3 %start_pc_addr_1" [../../fetch.cpp:21->../../multihart_ip.cpp:176]   --->   Operation 19 'load' 'start_pc_load_1' <Predicate = true> <Delay = 2.32> <CoreInst = "RAM_1P">   --->   Core 85 'RAM_1P' <Latency = 1> <II = 1> <Delay = 2.32> <Storage> <Opcode : 'load' 'store'> <Ports = 1> <Width = 32> <Depth = 8> <RAM>

State 3 <SV = 2> <Delay = 2.32>
ST_3 : Operation 20 [1/2] (2.32ns)   --->   "%start_pc_load_1 = load i3 %start_pc_addr_1" [../../fetch.cpp:21->../../multihart_ip.cpp:176]   --->   Operation 20 'load' 'start_pc_load_1' <Predicate = true> <Delay = 2.32> <CoreInst = "RAM_1P">   --->   Core 85 'RAM_1P' <Latency = 1> <II = 1> <Delay = 2.32> <Storage> <Opcode : 'load' 'store'> <Ports = 1> <Width = 32> <Depth = 8> <RAM>
ST_3 : Operation 21 [1/1] (0.00ns)   --->   "%f_state_fetch_pc_36 = trunc i32 %start_pc_load_1" [../../fetch.cpp:21->../../multihart_ip.cpp:176]   --->   Operation 21 'trunc' 'f_state_fetch_pc_36' <Predicate = true> <Delay = 0.00>
ST_3 : Operation 22 [1/1] (0.00ns)   --->   "%start_pc_addr_2 = getelementptr i32 %start_pc, i64 0, i64 2" [../../fetch.cpp:21->../../multihart_ip.cpp:176]   --->   Operation 22 'getelementptr' 'start_pc_addr_2' <Predicate = true> <Delay = 0.00>
ST_3 : Operation 23 [2/2] (2.32ns)   --->   "%start_pc_load_2 = load i3 %start_pc_addr_2" [../../fetch.cpp:21->../../multihart_ip.cpp:176]   --->   Operation 23 'load' 'start_pc_load_2' <Predicate = true> <Delay = 2.32> <CoreInst = "RAM_1P">   --->   Core 85 'RAM_1P' <Latency = 1> <II = 1> <Delay = 2.32> <Storage> <Opcode : 'load' 'store'> <Ports = 1> <Width = 32> <Depth = 8> <RAM>

State 4 <SV = 3> <Delay = 2.32>
ST_4 : Operation 24 [1/2] (2.32ns)   --->   "%start_pc_load_2 = load i3 %start_pc_addr_2" [../../fetch.cpp:21->../../multihart_ip.cpp:176]   --->   Operation 24 'load' 'start_pc_load_2' <Predicate = true> <Delay = 2.32> <CoreInst = "RAM_1P">   --->   Core 85 'RAM_1P' <Latency = 1> <II = 1> <Delay = 2.32> <Storage> <Opcode : 'load' 'store'> <Ports = 1> <Width = 32> <Depth = 8> <RAM>
ST_4 : Operation 25 [1/1] (0.00ns)   --->   "%f_state_fetch_pc_37 = trunc i32 %start_pc_load_2" [../../fetch.cpp:21->../../multihart_ip.cpp:176]   --->   Operation 25 'trunc' 'f_state_fetch_pc_37' <Predicate = true> <Delay = 0.00>
ST_4 : Operation 26 [1/1] (0.00ns)   --->   "%start_pc_addr_3 = getelementptr i32 %start_pc, i64 0, i64 3" [../../fetch.cpp:21->../../multihart_ip.cpp:176]   --->   Operation 26 'getelementptr' 'start_pc_addr_3' <Predicate = true> <Delay = 0.00>
ST_4 : Operation 27 [2/2] (2.32ns)   --->   "%start_pc_load_3 = load i3 %start_pc_addr_3" [../../fetch.cpp:21->../../multihart_ip.cpp:176]   --->   Operation 27 'load' 'start_pc_load_3' <Predicate = true> <Delay = 2.32> <CoreInst = "RAM_1P">   --->   Core 85 'RAM_1P' <Latency = 1> <II = 1> <Delay = 2.32> <Storage> <Opcode : 'load' 'store'> <Ports = 1> <Width = 32> <Depth = 8> <RAM>

State 5 <SV = 4> <Delay = 2.32>
ST_5 : Operation 28 [1/2] (2.32ns)   --->   "%start_pc_load_3 = load i3 %start_pc_addr_3" [../../fetch.cpp:21->../../multihart_ip.cpp:176]   --->   Operation 28 'load' 'start_pc_load_3' <Predicate = true> <Delay = 2.32> <CoreInst = "RAM_1P">   --->   Core 85 'RAM_1P' <Latency = 1> <II = 1> <Delay = 2.32> <Storage> <Opcode : 'load' 'store'> <Ports = 1> <Width = 32> <Depth = 8> <RAM>
ST_5 : Operation 29 [1/1] (0.00ns)   --->   "%f_state_fetch_pc_38 = trunc i32 %start_pc_load_3" [../../fetch.cpp:21->../../multihart_ip.cpp:176]   --->   Operation 29 'trunc' 'f_state_fetch_pc_38' <Predicate = true> <Delay = 0.00>
ST_5 : Operation 30 [1/1] (0.00ns)   --->   "%start_pc_addr_4 = getelementptr i32 %start_pc, i64 0, i64 4" [../../fetch.cpp:21->../../multihart_ip.cpp:176]   --->   Operation 30 'getelementptr' 'start_pc_addr_4' <Predicate = true> <Delay = 0.00>
ST_5 : Operation 31 [2/2] (2.32ns)   --->   "%start_pc_load_4 = load i3 %start_pc_addr_4" [../../fetch.cpp:21->../../multihart_ip.cpp:176]   --->   Operation 31 'load' 'start_pc_load_4' <Predicate = true> <Delay = 2.32> <CoreInst = "RAM_1P">   --->   Core 85 'RAM_1P' <Latency = 1> <II = 1> <Delay = 2.32> <Storage> <Opcode : 'load' 'store'> <Ports = 1> <Width = 32> <Depth = 8> <RAM>

State 6 <SV = 5> <Delay = 2.32>
ST_6 : Operation 32 [1/2] (2.32ns)   --->   "%start_pc_load_4 = load i3 %start_pc_addr_4" [../../fetch.cpp:21->../../multihart_ip.cpp:176]   --->   Operation 32 'load' 'start_pc_load_4' <Predicate = true> <Delay = 2.32> <CoreInst = "RAM_1P">   --->   Core 85 'RAM_1P' <Latency = 1> <II = 1> <Delay = 2.32> <Storage> <Opcode : 'load' 'store'> <Ports = 1> <Width = 32> <Depth = 8> <RAM>
ST_6 : Operation 33 [1/1] (0.00ns)   --->   "%f_state_fetch_pc_39 = trunc i32 %start_pc_load_4" [../../fetch.cpp:21->../../multihart_ip.cpp:176]   --->   Operation 33 'trunc' 'f_state_fetch_pc_39' <Predicate = true> <Delay = 0.00>
ST_6 : Operation 34 [1/1] (0.00ns)   --->   "%start_pc_addr_5 = getelementptr i32 %start_pc, i64 0, i64 5" [../../fetch.cpp:21->../../multihart_ip.cpp:176]   --->   Operation 34 'getelementptr' 'start_pc_addr_5' <Predicate = true> <Delay = 0.00>
ST_6 : Operation 35 [2/2] (2.32ns)   --->   "%start_pc_load_5 = load i3 %start_pc_addr_5" [../../fetch.cpp:21->../../multihart_ip.cpp:176]   --->   Operation 35 'load' 'start_pc_load_5' <Predicate = true> <Delay = 2.32> <CoreInst = "RAM_1P">   --->   Core 85 'RAM_1P' <Latency = 1> <II = 1> <Delay = 2.32> <Storage> <Opcode : 'load' 'store'> <Ports = 1> <Width = 32> <Depth = 8> <RAM>

State 7 <SV = 6> <Delay = 2.32>
ST_7 : Operation 36 [1/2] (2.32ns)   --->   "%start_pc_load_5 = load i3 %start_pc_addr_5" [../../fetch.cpp:21->../../multihart_ip.cpp:176]   --->   Operation 36 'load' 'start_pc_load_5' <Predicate = true> <Delay = 2.32> <CoreInst = "RAM_1P">   --->   Core 85 'RAM_1P' <Latency = 1> <II = 1> <Delay = 2.32> <Storage> <Opcode : 'load' 'store'> <Ports = 1> <Width = 32> <Depth = 8> <RAM>
ST_7 : Operation 37 [1/1] (0.00ns)   --->   "%f_state_fetch_pc_40 = trunc i32 %start_pc_load_5" [../../fetch.cpp:21->../../multihart_ip.cpp:176]   --->   Operation 37 'trunc' 'f_state_fetch_pc_40' <Predicate = true> <Delay = 0.00>
ST_7 : Operation 38 [1/1] (0.00ns)   --->   "%start_pc_addr_6 = getelementptr i32 %start_pc, i64 0, i64 6" [../../fetch.cpp:21->../../multihart_ip.cpp:176]   --->   Operation 38 'getelementptr' 'start_pc_addr_6' <Predicate = true> <Delay = 0.00>
ST_7 : Operation 39 [2/2] (2.32ns)   --->   "%start_pc_load_6 = load i3 %start_pc_addr_6" [../../fetch.cpp:21->../../multihart_ip.cpp:176]   --->   Operation 39 'load' 'start_pc_load_6' <Predicate = true> <Delay = 2.32> <CoreInst = "RAM_1P">   --->   Core 85 'RAM_1P' <Latency = 1> <II = 1> <Delay = 2.32> <Storage> <Opcode : 'load' 'store'> <Ports = 1> <Width = 32> <Depth = 8> <RAM>

State 8 <SV = 7> <Delay = 2.32>
ST_8 : Operation 40 [1/2] (2.32ns)   --->   "%start_pc_load_6 = load i3 %start_pc_addr_6" [../../fetch.cpp:21->../../multihart_ip.cpp:176]   --->   Operation 40 'load' 'start_pc_load_6' <Predicate = true> <Delay = 2.32> <CoreInst = "RAM_1P">   --->   Core 85 'RAM_1P' <Latency = 1> <II = 1> <Delay = 2.32> <Storage> <Opcode : 'load' 'store'> <Ports = 1> <Width = 32> <Depth = 8> <RAM>
ST_8 : Operation 41 [1/1] (0.00ns)   --->   "%f_state_fetch_pc_41 = trunc i32 %start_pc_load_6" [../../fetch.cpp:21->../../multihart_ip.cpp:176]   --->   Operation 41 'trunc' 'f_state_fetch_pc_41' <Predicate = true> <Delay = 0.00>
ST_8 : Operation 42 [1/1] (0.00ns)   --->   "%start_pc_addr_7 = getelementptr i32 %start_pc, i64 0, i64 7" [../../fetch.cpp:21->../../multihart_ip.cpp:176]   --->   Operation 42 'getelementptr' 'start_pc_addr_7' <Predicate = true> <Delay = 0.00>
ST_8 : Operation 43 [2/2] (2.32ns)   --->   "%start_pc_load_7 = load i3 %start_pc_addr_7" [../../fetch.cpp:21->../../multihart_ip.cpp:176]   --->   Operation 43 'load' 'start_pc_load_7' <Predicate = true> <Delay = 2.32> <CoreInst = "RAM_1P">   --->   Core 85 'RAM_1P' <Latency = 1> <II = 1> <Delay = 2.32> <Storage> <Opcode : 'load' 'store'> <Ports = 1> <Width = 32> <Depth = 8> <RAM>

State 9 <SV = 8> <Delay = 3.91>
ST_9 : Operation 44 [1/1] (1.00ns)   --->   "%running_hart_set_read = read i32 @_ssdm_op_Read.s_axilite.i32, i32 %running_hart_set"   --->   Operation 44 'read' 'running_hart_set_read' <Predicate = true> <Delay = 1.00> <CoreInst = "s_axilite">   --->   Core 112 's_axilite' <Latency = 0> <II = 1> <Delay = 1.00> <Adapter> <Opcode : 'read' 'write'>
ST_9 : Operation 45 [1/1] (0.00ns)   --->   "%h_running = trunc i32 %running_hart_set_read" [../../multihart_ip.cpp:55->../../multihart_ip.cpp:175]   --->   Operation 45 'trunc' 'h_running' <Predicate = true> <Delay = 0.00>
ST_9 : Operation 46 [1/1] (0.97ns)   --->   "%has_exited = xor i1 %h_running, i1 1" [../../multihart_ip.cpp:56->../../multihart_ip.cpp:175]   --->   Operation 46 'xor' 'has_exited' <Predicate = true> <Delay = 0.97> <CoreInst = "LogicGate">   --->   Core 74 'LogicGate' <Latency = 0> <II = 1> <Delay = 0.97> <FuncUnit> <Opcode : 'and' 'or' 'xor'> <InPorts = 2> <OutPorts = 1>
ST_9 : Operation 47 [1/1] (0.00ns)   --->   "%h_running_8 = bitselect i1 @_ssdm_op_BitSelect.i1.i32.i32, i32 %running_hart_set_read, i32 1" [../../multihart_ip.cpp:55->../../multihart_ip.cpp:175]   --->   Operation 47 'bitselect' 'h_running_8' <Predicate = true> <Delay = 0.00>
ST_9 : Operation 48 [1/1] (0.97ns)   --->   "%has_exited_24 = xor i1 %h_running_8, i1 1" [../../multihart_ip.cpp:56->../../multihart_ip.cpp:175]   --->   Operation 48 'xor' 'has_exited_24' <Predicate = true> <Delay = 0.97> <CoreInst = "LogicGate">   --->   Core 74 'LogicGate' <Latency = 0> <II = 1> <Delay = 0.97> <FuncUnit> <Opcode : 'and' 'or' 'xor'> <InPorts = 2> <OutPorts = 1>
ST_9 : Operation 49 [1/1] (0.00ns)   --->   "%h_running_9 = bitselect i1 @_ssdm_op_BitSelect.i1.i32.i32, i32 %running_hart_set_read, i32 2" [../../multihart_ip.cpp:55->../../multihart_ip.cpp:175]   --->   Operation 49 'bitselect' 'h_running_9' <Predicate = true> <Delay = 0.00>
ST_9 : Operation 50 [1/1] (0.97ns)   --->   "%has_exited_25 = xor i1 %h_running_9, i1 1" [../../multihart_ip.cpp:56->../../multihart_ip.cpp:175]   --->   Operation 50 'xor' 'has_exited_25' <Predicate = true> <Delay = 0.97> <CoreInst = "LogicGate">   --->   Core 74 'LogicGate' <Latency = 0> <II = 1> <Delay = 0.97> <FuncUnit> <Opcode : 'and' 'or' 'xor'> <InPorts = 2> <OutPorts = 1>
ST_9 : Operation 51 [1/1] (0.00ns)   --->   "%h_running_10 = bitselect i1 @_ssdm_op_BitSelect.i1.i32.i32, i32 %running_hart_set_read, i32 3" [../../multihart_ip.cpp:55->../../multihart_ip.cpp:175]   --->   Operation 51 'bitselect' 'h_running_10' <Predicate = true> <Delay = 0.00>
ST_9 : Operation 52 [1/1] (0.97ns)   --->   "%has_exited_26 = xor i1 %h_running_10, i1 1" [../../multihart_ip.cpp:56->../../multihart_ip.cpp:175]   --->   Operation 52 'xor' 'has_exited_26' <Predicate = true> <Delay = 0.97> <CoreInst = "LogicGate">   --->   Core 74 'LogicGate' <Latency = 0> <II = 1> <Delay = 0.97> <FuncUnit> <Opcode : 'and' 'or' 'xor'> <InPorts = 2> <OutPorts = 1>
ST_9 : Operation 53 [1/1] (0.00ns)   --->   "%h_running_11 = bitselect i1 @_ssdm_op_BitSelect.i1.i32.i32, i32 %running_hart_set_read, i32 4" [../../multihart_ip.cpp:55->../../multihart_ip.cpp:175]   --->   Operation 53 'bitselect' 'h_running_11' <Predicate = true> <Delay = 0.00>
ST_9 : Operation 54 [1/1] (0.97ns)   --->   "%has_exited_27 = xor i1 %h_running_11, i1 1" [../../multihart_ip.cpp:56->../../multihart_ip.cpp:175]   --->   Operation 54 'xor' 'has_exited_27' <Predicate = true> <Delay = 0.97> <CoreInst = "LogicGate">   --->   Core 74 'LogicGate' <Latency = 0> <II = 1> <Delay = 0.97> <FuncUnit> <Opcode : 'and' 'or' 'xor'> <InPorts = 2> <OutPorts = 1>
ST_9 : Operation 55 [1/1] (0.00ns)   --->   "%h_running_12 = bitselect i1 @_ssdm_op_BitSelect.i1.i32.i32, i32 %running_hart_set_read, i32 5" [../../multihart_ip.cpp:55->../../multihart_ip.cpp:175]   --->   Operation 55 'bitselect' 'h_running_12' <Predicate = true> <Delay = 0.00>
ST_9 : Operation 56 [1/1] (0.97ns)   --->   "%has_exited_28 = xor i1 %h_running_12, i1 1" [../../multihart_ip.cpp:56->../../multihart_ip.cpp:175]   --->   Operation 56 'xor' 'has_exited_28' <Predicate = true> <Delay = 0.97> <CoreInst = "LogicGate">   --->   Core 74 'LogicGate' <Latency = 0> <II = 1> <Delay = 0.97> <FuncUnit> <Opcode : 'and' 'or' 'xor'> <InPorts = 2> <OutPorts = 1>
ST_9 : Operation 57 [1/1] (0.00ns)   --->   "%h_running_13 = bitselect i1 @_ssdm_op_BitSelect.i1.i32.i32, i32 %running_hart_set_read, i32 6" [../../multihart_ip.cpp:55->../../multihart_ip.cpp:175]   --->   Operation 57 'bitselect' 'h_running_13' <Predicate = true> <Delay = 0.00>
ST_9 : Operation 58 [1/1] (0.97ns)   --->   "%has_exited_29 = xor i1 %h_running_13, i1 1" [../../multihart_ip.cpp:56->../../multihart_ip.cpp:175]   --->   Operation 58 'xor' 'has_exited_29' <Predicate = true> <Delay = 0.97> <CoreInst = "LogicGate">   --->   Core 74 'LogicGate' <Latency = 0> <II = 1> <Delay = 0.97> <FuncUnit> <Opcode : 'and' 'or' 'xor'> <InPorts = 2> <OutPorts = 1>
ST_9 : Operation 59 [1/1] (0.00ns)   --->   "%h_running_14 = bitselect i1 @_ssdm_op_BitSelect.i1.i32.i32, i32 %running_hart_set_read, i32 7" [../../multihart_ip.cpp:55->../../multihart_ip.cpp:175]   --->   Operation 59 'bitselect' 'h_running_14' <Predicate = true> <Delay = 0.00>
ST_9 : Operation 60 [1/1] (0.97ns)   --->   "%has_exited_30 = xor i1 %h_running_14, i1 1" [../../multihart_ip.cpp:56->../../multihart_ip.cpp:175]   --->   Operation 60 'xor' 'has_exited_30' <Predicate = true> <Delay = 0.97> <CoreInst = "LogicGate">   --->   Core 74 'LogicGate' <Latency = 0> <II = 1> <Delay = 0.97> <FuncUnit> <Opcode : 'and' 'or' 'xor'> <InPorts = 2> <OutPorts = 1>
ST_9 : Operation 61 [1/2] (2.32ns)   --->   "%start_pc_load_7 = load i3 %start_pc_addr_7" [../../fetch.cpp:21->../../multihart_ip.cpp:176]   --->   Operation 61 'load' 'start_pc_load_7' <Predicate = true> <Delay = 2.32> <CoreInst = "RAM_1P">   --->   Core 85 'RAM_1P' <Latency = 1> <II = 1> <Delay = 2.32> <Storage> <Opcode : 'load' 'store'> <Ports = 1> <Width = 32> <Depth = 8> <RAM>
ST_9 : Operation 62 [1/1] (0.00ns)   --->   "%f_state_fetch_pc_42 = trunc i32 %start_pc_load_7" [../../fetch.cpp:21->../../multihart_ip.cpp:176]   --->   Operation 62 'trunc' 'f_state_fetch_pc_42' <Predicate = true> <Delay = 0.00>
ST_9 : Operation 63 [2/2] (1.58ns)   --->   "%call_ln56 = call void @multihart_ip_Pipeline_VITIS_LOOP_193_1, i1 %has_exited_30, i1 %has_exited_29, i1 %has_exited_28, i1 %has_exited_27, i1 %has_exited_26, i1 %has_exited_25, i1 %has_exited_24, i1 %has_exited, i15 %f_state_fetch_pc_42, i15 %f_state_fetch_pc_41, i15 %f_state_fetch_pc_40, i15 %f_state_fetch_pc_39, i15 %f_state_fetch_pc_38, i15 %f_state_fetch_pc_37, i15 %f_state_fetch_pc_36, i15 %f_state_fetch_pc, i1 %h_running_14, i1 %h_running_13, i1 %h_running_12, i1 %h_running_11, i1 %h_running_10, i1 %h_running_9, i1 %h_running_8, i1 %h_running, i32 %code_ram, i32 %data_ram, i32 %c_nbi_loc, i32 %c_nbc_loc" [../../multihart_ip.cpp:56->../../multihart_ip.cpp:175]   --->   Operation 63 'call' 'call_ln56' <Predicate = true> <Delay = 1.58> <CoreType = "Generic">   --->   Core 0 '' <Latency = 0> <II = 1> <Delay = 1.00> <Generic> <Opcode : >

State 10 <SV = 9> <Delay = 2.55>
ST_10 : Operation 64 [1/2] (2.55ns)   --->   "%call_ln56 = call void @multihart_ip_Pipeline_VITIS_LOOP_193_1, i1 %has_exited_30, i1 %has_exited_29, i1 %has_exited_28, i1 %has_exited_27, i1 %has_exited_26, i1 %has_exited_25, i1 %has_exited_24, i1 %has_exited, i15 %f_state_fetch_pc_42, i15 %f_state_fetch_pc_41, i15 %f_state_fetch_pc_40, i15 %f_state_fetch_pc_39, i15 %f_state_fetch_pc_38, i15 %f_state_fetch_pc_37, i15 %f_state_fetch_pc_36, i15 %f_state_fetch_pc, i1 %h_running_14, i1 %h_running_13, i1 %h_running_12, i1 %h_running_11, i1 %h_running_10, i1 %h_running_9, i1 %h_running_8, i1 %h_running, i32 %code_ram, i32 %data_ram, i32 %c_nbi_loc, i32 %c_nbc_loc" [../../multihart_ip.cpp:56->../../multihart_ip.cpp:175]   --->   Operation 64 'call' 'call_ln56' <Predicate = true> <Delay = 2.55> <CoreType = "Generic">   --->   Core 0 '' <Latency = 0> <II = 1> <Delay = 1.00> <Generic> <Opcode : >

State 11 <SV = 10> <Delay = 1.00>
ST_11 : Operation 65 [1/1] (0.00ns)   --->   "%spectopmodule_ln102 = spectopmodule void @_ssdm_op_SpecTopModule, void @empty_10" [../../multihart_ip.cpp:102]   --->   Operation 65 'spectopmodule' 'spectopmodule_ln102' <Predicate = true> <Delay = 0.00>
ST_11 : Operation 66 [1/1] (0.00ns)   --->   "%specbitsmap_ln0 = specbitsmap void @_ssdm_op_SpecBitsMap, i32 %running_hart_set"   --->   Operation 66 'specbitsmap' 'specbitsmap_ln0' <Predicate = true> <Delay = 0.00>
ST_11 : Operation 67 [1/1] (0.00ns)   --->   "%specinterface_ln0 = specinterface void @_ssdm_op_SpecInterface, i32 %running_hart_set, void @empty_0, i32 4294967295, i32 4294967295, void @empty_1, i32 0, i32 0, void @empty_2, void @empty_3, void @empty_12, i32 0, i32 0, i32 0, i32 0, void @empty_12, void @empty_12, i32 4294967295, i32 0, i32 0"   --->   Operation 67 'specinterface' 'specinterface_ln0' <Predicate = true> <Delay = 0.00>
ST_11 : Operation 68 [1/1] (0.00ns)   --->   "%specinterface_ln0 = specinterface void @_ssdm_op_SpecInterface, i32 %running_hart_set, void @empty_4, i32 4294967295, i32 4294967295, void @empty_12, i32 0, i32 0, void @empty_12, void @empty_12, void @empty_12, i32 0, i32 0, i32 0, i32 0, void @empty_12, void @empty_12, i32 4294967295, i32 0, i32 0"   --->   Operation 68 'specinterface' 'specinterface_ln0' <Predicate = true> <Delay = 0.00>
ST_11 : Operation 69 [1/1] (0.00ns)   --->   "%specinterface_ln0 = specinterface void @_ssdm_op_SpecInterface, i32 %start_pc, void @empty_0, i32 0, i32 0, void @empty_12, i32 0, i32 0, void @empty_2, void @empty_13, void @empty_12, i32 0, i32 0, i32 0, i32 0, void @empty_12, void @empty_12, i32 4294967295, i32 0, i32 0"   --->   Operation 69 'specinterface' 'specinterface_ln0' <Predicate = true> <Delay = 0.00>
ST_11 : Operation 70 [1/1] (0.00ns)   --->   "%specinterface_ln0 = specinterface void @_ssdm_op_SpecInterface, i32 %start_pc, void @empty_5, i32 0, i32 0, void @empty_12, i32 1, i32 0, void @empty_12, void @empty_12, void @empty_12, i32 0, i32 0, i32 0, i32 0, void @empty_12, void @empty_12, i32 4294967295, i32 0, i32 0"   --->   Operation 70 'specinterface' 'specinterface_ln0' <Predicate = true> <Delay = 0.00>
ST_11 : Operation 71 [1/1] (0.00ns)   --->   "%specmemcore_ln0 = specmemcore void @_ssdm_op_SpecMemCore, i32 %start_pc, i64 666, i64 207, i64 1"   --->   Operation 71 'specmemcore' 'specmemcore_ln0' <Predicate = true> <Delay = 0.00>
ST_11 : Operation 72 [1/1] (0.00ns)   --->   "%specbitsmap_ln0 = specbitsmap void @_ssdm_op_SpecBitsMap, i32 %start_pc"   --->   Operation 72 'specbitsmap' 'specbitsmap_ln0' <Predicate = true> <Delay = 0.00>
ST_11 : Operation 73 [1/1] (0.00ns)   --->   "%specinterface_ln0 = specinterface void @_ssdm_op_SpecInterface, i32 %code_ram, void @empty_0, i32 0, i32 0, void @empty_12, i32 0, i32 0, void @empty_2, void @empty_6, void @empty_12, i32 0, i32 0, i32 0, i32 0, void @empty_12, void @empty_12, i32 4294967295, i32 0, i32 0"   --->   Operation 73 'specinterface' 'specinterface_ln0' <Predicate = true> <Delay = 0.00>
ST_11 : Operation 74 [1/1] (0.00ns)   --->   "%specinterface_ln0 = specinterface void @_ssdm_op_SpecInterface, i32 %code_ram, void @empty_5, i32 0, i32 0, void @empty_12, i32 1, i32 0, void @empty_12, void @empty_12, void @empty_12, i32 0, i32 0, i32 0, i32 0, void @empty_12, void @empty_12, i32 4294967295, i32 0, i32 0"   --->   Operation 74 'specinterface' 'specinterface_ln0' <Predicate = true> <Delay = 0.00>
ST_11 : Operation 75 [1/1] (0.00ns)   --->   "%specmemcore_ln0 = specmemcore void @_ssdm_op_SpecMemCore, i32 %code_ram, i64 666, i64 207, i64 1"   --->   Operation 75 'specmemcore' 'specmemcore_ln0' <Predicate = true> <Delay = 0.00>
ST_11 : Operation 76 [1/1] (0.00ns)   --->   "%specbitsmap_ln0 = specbitsmap void @_ssdm_op_SpecBitsMap, i32 %code_ram"   --->   Operation 76 'specbitsmap' 'specbitsmap_ln0' <Predicate = true> <Delay = 0.00>
ST_11 : Operation 77 [1/1] (0.00ns)   --->   "%specinterface_ln0 = specinterface void @_ssdm_op_SpecInterface, i32 %data_ram, void @empty_0, i32 0, i32 0, void @empty_12, i32 0, i32 0, void @empty_2, void @empty_7, void @empty_12, i32 0, i32 0, i32 0, i32 0, void @empty_12, void @empty_12, i32 4294967295, i32 0, i32 0"   --->   Operation 77 'specinterface' 'specinterface_ln0' <Predicate = true> <Delay = 0.00>
ST_11 : Operation 78 [1/1] (0.00ns)   --->   "%specinterface_ln0 = specinterface void @_ssdm_op_SpecInterface, i32 %data_ram, void @empty_5, i32 0, i32 0, void @empty_12, i32 1, i32 0, void @empty_12, void @empty_12, void @empty_12, i32 0, i32 0, i32 0, i32 0, void @empty_12, void @empty_12, i32 4294967295, i32 0, i32 0"   --->   Operation 78 'specinterface' 'specinterface_ln0' <Predicate = true> <Delay = 0.00>
ST_11 : Operation 79 [1/1] (0.00ns)   --->   "%specmemcore_ln0 = specmemcore void @_ssdm_op_SpecMemCore, i32 %data_ram, i64 666, i64 207, i64 1"   --->   Operation 79 'specmemcore' 'specmemcore_ln0' <Predicate = true> <Delay = 0.00>
ST_11 : Operation 80 [1/1] (0.00ns)   --->   "%specbitsmap_ln0 = specbitsmap void @_ssdm_op_SpecBitsMap, i32 %data_ram"   --->   Operation 80 'specbitsmap' 'specbitsmap_ln0' <Predicate = true> <Delay = 0.00>
ST_11 : Operation 81 [1/1] (0.00ns)   --->   "%specbitsmap_ln0 = specbitsmap void @_ssdm_op_SpecBitsMap, i32 %nb_instruction"   --->   Operation 81 'specbitsmap' 'specbitsmap_ln0' <Predicate = true> <Delay = 0.00>
ST_11 : Operation 82 [1/1] (0.00ns)   --->   "%specinterface_ln0 = specinterface void @_ssdm_op_SpecInterface, i32 %nb_instruction, void @empty_0, i32 4294967295, i32 4294967295, void @empty_1, i32 0, i32 0, void @empty_2, void @empty_8, void @empty_12, i32 0, i32 0, i32 0, i32 0, void @empty_12, void @empty_12, i32 4294967295, i32 0, i32 0"   --->   Operation 82 'specinterface' 'specinterface_ln0' <Predicate = true> <Delay = 0.00>
ST_11 : Operation 83 [1/1] (0.00ns)   --->   "%specinterface_ln0 = specinterface void @_ssdm_op_SpecInterface, i32 %nb_instruction, void @empty_4, i32 4294967295, i32 4294967295, void @empty_12, i32 0, i32 0, void @empty_12, void @empty_12, void @empty_12, i32 0, i32 0, i32 0, i32 0, void @empty_12, void @empty_12, i32 4294967295, i32 0, i32 0"   --->   Operation 83 'specinterface' 'specinterface_ln0' <Predicate = true> <Delay = 0.00>
ST_11 : Operation 84 [1/1] (0.00ns)   --->   "%specbitsmap_ln0 = specbitsmap void @_ssdm_op_SpecBitsMap, i32 %nb_cycle"   --->   Operation 84 'specbitsmap' 'specbitsmap_ln0' <Predicate = true> <Delay = 0.00>
ST_11 : Operation 85 [1/1] (0.00ns)   --->   "%specinterface_ln0 = specinterface void @_ssdm_op_SpecInterface, i32 %nb_cycle, void @empty_0, i32 4294967295, i32 4294967295, void @empty_1, i32 0, i32 0, void @empty_2, void @empty_9, void @empty_12, i32 0, i32 0, i32 0, i32 0, void @empty_12, void @empty_12, i32 4294967295, i32 0, i32 0"   --->   Operation 85 'specinterface' 'specinterface_ln0' <Predicate = true> <Delay = 0.00>
ST_11 : Operation 86 [1/1] (0.00ns)   --->   "%specinterface_ln0 = specinterface void @_ssdm_op_SpecInterface, i32 %nb_cycle, void @empty_4, i32 4294967295, i32 4294967295, void @empty_12, i32 0, i32 0, void @empty_12, void @empty_12, void @empty_12, i32 0, i32 0, i32 0, i32 0, void @empty_12, void @empty_12, i32 4294967295, i32 0, i32 0"   --->   Operation 86 'specinterface' 'specinterface_ln0' <Predicate = true> <Delay = 0.00>
ST_11 : Operation 87 [1/1] (0.00ns)   --->   "%specinterface_ln0 = specinterface void @_ssdm_op_SpecInterface, i32 0, void @empty_0, i32 0, i32 0, void @empty_12, i32 0, i32 0, void @empty_2, void @empty_12, void @empty_12, i32 0, i32 0, i32 0, i32 0, void @empty_12, void @empty_12, i32 4294967295, i32 0, i32 0"   --->   Operation 87 'specinterface' 'specinterface_ln0' <Predicate = true> <Delay = 0.00>
ST_11 : Operation 88 [1/1] (0.00ns)   --->   "%specbramwithbyteenable_ln0 = specbramwithbyteenable void @_ssdm_op_SpecBRAMWithByteEnable, i32 %data_ram"   --->   Operation 88 'specbramwithbyteenable' 'specbramwithbyteenable_ln0' <Predicate = true> <Delay = 0.00>
ST_11 : Operation 89 [1/1] (0.00ns)   --->   "%c_nbi_loc_load = load i32 %c_nbi_loc"   --->   Operation 89 'load' 'c_nbi_loc_load' <Predicate = true> <Delay = 0.00>
ST_11 : Operation 90 [1/1] (0.00ns)   --->   "%c_nbc_loc_load = load i32 %c_nbc_loc"   --->   Operation 90 'load' 'c_nbc_loc_load' <Predicate = true> <Delay = 0.00>
ST_11 : Operation 91 [1/1] (1.00ns)   --->   "%write_ln233 = write void @_ssdm_op_Write.s_axilite.i32P0A, i32 %nb_instruction, i32 %c_nbi_loc_load" [../../multihart_ip.cpp:233]   --->   Operation 91 'write' 'write_ln233' <Predicate = true> <Delay = 1.00> <CoreInst = "s_axilite">   --->   Core 112 's_axilite' <Latency = 0> <II = 1> <Delay = 1.00> <Adapter> <Opcode : 'read' 'write'>
ST_11 : Operation 92 [1/1] (1.00ns)   --->   "%write_ln234 = write void @_ssdm_op_Write.s_axilite.i32P0A, i32 %nb_cycle, i32 %c_nbc_loc_load" [../../multihart_ip.cpp:234]   --->   Operation 92 'write' 'write_ln234' <Predicate = true> <Delay = 1.00> <CoreInst = "s_axilite">   --->   Core 112 's_axilite' <Latency = 0> <II = 1> <Delay = 1.00> <Adapter> <Opcode : 'read' 'write'>
ST_11 : Operation 93 [1/1] (0.00ns)   --->   "%ret_ln244 = ret" [../../multihart_ip.cpp:244]   --->   Operation 93 'ret' 'ret_ln244' <Predicate = true> <Delay = 0.00>


============================================================
+ Verbose Summary: Timing violations
============================================================
Target clock period: 10.000ns, clock uncertainty: 2.700ns.

 <State 1>: 2.322ns
The critical path consists of the following:
	'getelementptr' operation 3 bit ('start_pc_addr', ../../fetch.cpp:21->../../multihart_ip.cpp:176) [50]  (0.000 ns)
	'load' operation 32 bit ('start_pc_load', ../../fetch.cpp:21->../../multihart_ip.cpp:176) on array 'start_pc' [51]  (2.322 ns)

 <State 2>: 2.322ns
The critical path consists of the following:
	'load' operation 32 bit ('start_pc_load', ../../fetch.cpp:21->../../multihart_ip.cpp:176) on array 'start_pc' [51]  (2.322 ns)

 <State 3>: 2.322ns
The critical path consists of the following:
	'load' operation 32 bit ('start_pc_load_1', ../../fetch.cpp:21->../../multihart_ip.cpp:176) on array 'start_pc' [54]  (2.322 ns)

 <State 4>: 2.322ns
The critical path consists of the following:
	'load' operation 32 bit ('start_pc_load_2', ../../fetch.cpp:21->../../multihart_ip.cpp:176) on array 'start_pc' [57]  (2.322 ns)

 <State 5>: 2.322ns
The critical path consists of the following:
	'load' operation 32 bit ('start_pc_load_3', ../../fetch.cpp:21->../../multihart_ip.cpp:176) on array 'start_pc' [60]  (2.322 ns)

 <State 6>: 2.322ns
The critical path consists of the following:
	'load' operation 32 bit ('start_pc_load_4', ../../fetch.cpp:21->../../multihart_ip.cpp:176) on array 'start_pc' [63]  (2.322 ns)

 <State 7>: 2.322ns
The critical path consists of the following:
	'load' operation 32 bit ('start_pc_load_5', ../../fetch.cpp:21->../../multihart_ip.cpp:176) on array 'start_pc' [66]  (2.322 ns)

 <State 8>: 2.322ns
The critical path consists of the following:
	'load' operation 32 bit ('start_pc_load_6', ../../fetch.cpp:21->../../multihart_ip.cpp:176) on array 'start_pc' [69]  (2.322 ns)

 <State 9>: 3.910ns
The critical path consists of the following:
	'load' operation 32 bit ('start_pc_load_7', ../../fetch.cpp:21->../../multihart_ip.cpp:176) on array 'start_pc' [72]  (2.322 ns)
	'call' operation 0 bit ('call_ln56', ../../multihart_ip.cpp:56->../../multihart_ip.cpp:175) to 'multihart_ip_Pipeline_VITIS_LOOP_193_1' [74]  (1.588 ns)

 <State 10>: 2.552ns
The critical path consists of the following:
	'call' operation 0 bit ('call_ln56', ../../multihart_ip.cpp:56->../../multihart_ip.cpp:175) to 'multihart_ip_Pipeline_VITIS_LOOP_193_1' [74]  (2.552 ns)

 <State 11>: 1.000ns
The critical path consists of the following:
	'load' operation 32 bit ('c_nbi_loc_load') on local variable 'c_nbi_loc' [75]  (0.000 ns)
	s_axi write operation ('write_ln233', ../../multihart_ip.cpp:233) on port 'nb_instruction' (../../multihart_ip.cpp:233) [77]  (1.000 ns)


============================================================
+ Verbose Summary: Binding
============================================================
N/A
* FSMD analyzer results:
  - Output states:
 - Input state : 
  - Chain level:
	State 1
	State 2
	State 3
	State 4
	State 5
	State 6
	State 7
	State 8
	State 9
	State 10
	State 11


============================================================
+ Verbose Summary: Datapath Resource usage 
============================================================
N/A
