

================================================================
== Vitis HLS Report for 'multicycle_pipeline_ip'
================================================================
* Date:           Tue Sep 10 18:16:23 2024

* Version:        2024.1 (Build 5069499 on May 21 2024)
* Project:        multicycle_pipeline_ip
* Solution:       hls (Vivado IP Flow Target)
* Product family: zynq
* Target device:  xc7z020-clg400-1


================================================================
== Performance Estimates
================================================================
+ Timing: 
    * Summary: 
    +--------+----------+-----------+------------+
    |  Clock |  Target  | Estimated | Uncertainty|
    +--------+----------+-----------+------------+
    |ap_clk  |  10.00 ns|  14.172 ns|     2.70 ns|
    +--------+----------+-----------+------------+

+ Latency: 
    * Summary: 
    +---------+---------+----------+----------+-----+-----+------------------------------------------------+
    |  Latency (cycles) |  Latency (absolute) |  Interval |                    Pipeline                    |
    |   min   |   max   |    min   |    max   | min | max |                      Type                      |
    +---------+---------+----------+----------+-----+-----+------------------------------------------------+
    |        ?|        ?|         ?|         ?|    0|    0|  loop auto-rewind stp(delay=12 clock cycles(s))|
    +---------+---------+----------+----------+-----+-----+------------------------------------------------+

    + Detail: 
        * Instance: 
        N/A

        * Loop: 
        +--------------------+---------+---------+----------+-----------+-----------+------+----------+
        |                    |  Latency (cycles) | Iteration|  Initiation Interval  | Trip |          |
        |      Loop Name     |   min   |   max   |  Latency |  achieved |   target  | Count| Pipelined|
        +--------------------+---------+---------+----------+-----------+-----------+------+----------+
        |- VITIS_LOOP_107_1  |        ?|        ?|        14|          2|          2|     ?|       yes|
        +--------------------+---------+---------+----------+-----------+-----------+------+----------+



================================================================
== Utilization Estimates
================================================================
* Summary: 
+-----------------+---------+-----+--------+-------+-----+
|       Name      | BRAM_18K| DSP |   FF   |  LUT  | URAM|
+-----------------+---------+-----+--------+-------+-----+
|DSP              |        -|    -|       -|      -|    -|
|Expression       |        -|    -|       0|   3092|    -|
|FIFO             |        -|    -|       -|      -|    -|
|Instance         |       20|    -|    1162|   1892|    -|
|Memory           |        -|    -|       -|      -|    -|
|Multiplexer      |        -|    -|       0|   2642|    -|
|Register         |        -|    -|    4425|    864|    -|
+-----------------+---------+-----+--------+-------+-----+
|Total            |       20|    0|    5587|   8490|    0|
+-----------------+---------+-----+--------+-------+-----+
|Available        |      280|  220|  106400|  53200|    0|
+-----------------+---------+-----+--------+-------+-----+
|Utilization (%)  |        7|    0|       5|     15|    0|
+-----------------+---------+-----+--------+-------+-----+

+ Detail: 
    * Instance: 
    +--------------------------+-----------------------+---------+----+-----+-----+-----+
    |         Instance         |         Module        | BRAM_18K| DSP|  FF | LUT | URAM|
    +--------------------------+-----------------------+---------+----+-----+-----+-----+
    |control_s_axi_U           |control_s_axi          |       16|   0|  338|  494|    0|
    |gmem_m_axi_U              |gmem_m_axi             |        4|   0|  824|  723|    0|
    |sparsemux_13_5_32_1_1_U3  |sparsemux_13_5_32_1_1  |        0|   0|    0|   25|    0|
    |sparsemux_15_6_1_1_1_U4   |sparsemux_15_6_1_1_1   |        0|   0|    0|   31|    0|
    |sparsemux_17_7_32_1_1_U5  |sparsemux_17_7_32_1_1  |        0|   0|    0|   37|    0|
    |sparsemux_65_5_1_1_1_U1   |sparsemux_65_5_1_1_1   |        0|   0|    0|  142|    0|
    |sparsemux_65_5_1_1_1_U2   |sparsemux_65_5_1_1_1   |        0|   0|    0|  142|    0|
    |sparsemux_65_5_32_1_1_U6  |sparsemux_65_5_32_1_1  |        0|   0|    0|  142|    0|
    |sparsemux_65_5_32_1_1_U7  |sparsemux_65_5_32_1_1  |        0|   0|    0|  142|    0|
    |sparsemux_7_2_8_1_1_U8    |sparsemux_7_2_8_1_1    |        0|   0|    0|   14|    0|
    +--------------------------+-----------------------+---------+----+-----+-----+-----+
    |Total                     |                       |       20|   0| 1162| 1892|    0|
    +--------------------------+-----------------------+---------+----+-----+-----+-----+

    * DSP: 
    N/A

    * Memory: 
    N/A

    * FIFO: 
    N/A

    * Expression: 
    +---------------------------------------+----------+----+---+-----+------------+------------+
    |             Variable Name             | Operation| DSP| FF| LUT | Bitwidth P0| Bitwidth P1|
    +---------------------------------------+----------+----+---+-----+------------+------------+
    |accessed_ip_fu_11813_p2                |         +|   0|  0|   10|           2|           2|
    |add_ln106_1_fu_18129_p2                |         +|   0|  0|   64|          64|          64|
    |add_ln106_fu_18124_p2                  |         +|   0|  0|   64|          64|          64|
    |add_ln124_fu_15233_p2                  |         +|   0|  0|   20|          15|          15|
    |add_ln23_1_fu_12011_p2                 |         +|   0|  0|   64|          64|          64|
    |add_ln23_fu_12005_p2                   |         +|   0|  0|   64|          64|          64|
    |add_ln31_fu_17174_p2                   |         +|   0|  0|   14|          13|           1|
    |add_ln49_fu_15566_p2                   |         +|   0|  0|   39|          32|          32|
    |add_ln88_fu_15956_p2                   |         +|   0|  0|   14|          13|          13|
    |add_ln89_fu_11927_p2                   |         +|   0|  0|   71|          64|          64|
    |add_ln92_fu_15575_p2                   |         +|   0|  0|   39|          32|           1|
    |add_ln99_fu_11853_p2                   |         +|   0|  0|   71|          64|          64|
    |f_to_f_next_pc_2_fu_15694_p2           |         +|   0|  0|   14|          13|           1|
    |j_b_target_pc_fu_15219_p2              |         +|   0|  0|   14|          13|          13|
    |npc4_fu_15080_p2                       |         +|   0|  0|   14|          13|           3|
    |result_15_fu_15090_p2                  |         +|   0|  0|   39|          32|          32|
    |result_16_fu_15100_p2                  |         +|   0|  0|   39|          32|          32|
    |result_3_fu_17037_p2                   |         +|   0|  0|   39|          32|          32|
    |result_2_fu_17032_p2                   |         -|   0|  0|   39|          32|          32|
    |and_ln120_1_fu_17229_p2                |       and|   0|  0|    2|           1|           1|
    |and_ln120_fu_17246_p2                  |       and|   0|  0|    2|           1|           1|
    |and_ln31_fu_15553_p2                   |       and|   0|  0|    2|           1|           1|
    |and_ln41_1_fu_13086_p2                 |       and|   0|  0|    2|           1|           1|
    |and_ln41_fu_13074_p2                   |       and|   0|  0|    2|           1|           1|
    |and_ln46_fu_17026_p2                   |       and|   0|  0|    2|           1|           1|
    |ap_block_pp0_stage0_01001              |       and|   0|  0|    2|           1|           1|
    |ap_block_pp0_stage1_01001              |       and|   0|  0|    2|           1|           1|
    |ap_block_state1_io                     |       and|   0|  0|    2|           1|           1|
    |ap_block_state9_pp0_stage0_iter4       |       and|   0|  0|    2|           1|           1|
    |ap_condition_1106                      |       and|   0|  0|    2|           1|           1|
    |ap_condition_1212                      |       and|   0|  0|    2|           1|           1|
    |ap_condition_1218                      |       and|   0|  0|    2|           1|           1|
    |ap_condition_291                       |       and|   0|  0|    2|           1|           1|
    |ap_condition_4730                      |       and|   0|  0|    2|           1|           1|
    |ap_condition_4821                      |       and|   0|  0|    2|           1|           1|
    |ap_condition_6057                      |       and|   0|  0|    2|           1|           1|
    |ap_condition_6190                      |       and|   0|  0|    2|           1|           1|
    |ap_condition_6217                      |       and|   0|  0|    2|           1|           1|
    |ap_condition_7925                      |       and|   0|  0|    2|           1|           1|
    |ap_condition_7929                      |       and|   0|  0|    2|           1|           1|
    |ap_condition_7933                      |       and|   0|  0|    2|           1|           1|
    |ap_condition_7937                      |       and|   0|  0|    2|           1|           1|
    |ap_condition_7947                      |       and|   0|  0|    2|           1|           1|
    |ap_condition_7967                      |       and|   0|  0|    2|           1|           1|
    |ap_predicate_op1681_writereq_state8    |       and|   0|  0|    2|           1|           1|
    |ap_predicate_op1682_writereq_state8    |       and|   0|  0|    2|           1|           1|
    |ap_predicate_op1683_writereq_state8    |       and|   0|  0|    2|           1|           1|
    |ap_predicate_op1688_read_state9        |       and|   0|  0|    2|           1|           1|
    |ap_predicate_op1720_writeresp_state14  |       and|   0|  0|    2|           1|           1|
    |ap_predicate_op1722_writeresp_state14  |       and|   0|  0|    2|           1|           1|
    |ap_predicate_op1724_writeresp_state14  |       and|   0|  0|    2|           1|           1|
    |ap_predicate_op265_readreq_state1      |       and|   0|  0|    2|           1|           1|
    |ap_predicate_pred4756_state3           |       and|   0|  0|    2|           1|           1|
    |ap_predicate_pred4764_state3           |       and|   0|  0|    2|           1|           1|
    |ap_predicate_pred4772_state3           |       and|   0|  0|    2|           1|           1|
    |ap_predicate_pred4939_state7           |       and|   0|  0|    2|           1|           1|
    |ap_predicate_pred4949_state5           |       and|   0|  0|    2|           1|           1|
    |ap_predicate_pred4961_state7           |       and|   0|  0|    2|           1|           1|
    |ap_predicate_pred4968_state5           |       and|   0|  0|    2|           1|           1|
    |ap_predicate_pred4976_state7           |       and|   0|  0|    2|           1|           1|
    |ap_predicate_pred4983_state5           |       and|   0|  0|    2|           1|           1|
    |ap_predicate_pred4990_state7           |       and|   0|  0|    2|           1|           1|
    |ap_predicate_pred4997_state5           |       and|   0|  0|    2|           1|           1|
    |ap_predicate_pred5004_state7           |       and|   0|  0|    2|           1|           1|
    |ap_predicate_pred5011_state5           |       and|   0|  0|    2|           1|           1|
    |ap_predicate_pred5018_state7           |       and|   0|  0|    2|           1|           1|
    |ap_predicate_pred5025_state5           |       and|   0|  0|    2|           1|           1|
    |ap_predicate_pred5032_state7           |       and|   0|  0|    2|           1|           1|
    |ap_predicate_pred5039_state5           |       and|   0|  0|    2|           1|           1|
    |ap_predicate_pred5046_state7           |       and|   0|  0|    2|           1|           1|
    |ap_predicate_pred5053_state5           |       and|   0|  0|    2|           1|           1|
    |ap_predicate_pred5060_state7           |       and|   0|  0|    2|           1|           1|
    |ap_predicate_pred5067_state5           |       and|   0|  0|    2|           1|           1|
    |ap_predicate_pred5074_state7           |       and|   0|  0|    2|           1|           1|
    |ap_predicate_pred5081_state5           |       and|   0|  0|    2|           1|           1|
    |ap_predicate_pred5089_state7           |       and|   0|  0|    2|           1|           1|
    |ap_predicate_pred5096_state5           |       and|   0|  0|    2|           1|           1|
    |ap_predicate_pred5103_state7           |       and|   0|  0|    2|           1|           1|
    |ap_predicate_pred5110_state5           |       and|   0|  0|    2|           1|           1|
    |ap_predicate_pred5117_state7           |       and|   0|  0|    2|           1|           1|
    |ap_predicate_pred5124_state5           |       and|   0|  0|    2|           1|           1|
    |ap_predicate_pred5131_state7           |       and|   0|  0|    2|           1|           1|
    |ap_predicate_pred5138_state5           |       and|   0|  0|    2|           1|           1|
    |ap_predicate_pred5145_state7           |       and|   0|  0|    2|           1|           1|
    |ap_predicate_pred5152_state5           |       and|   0|  0|    2|           1|           1|
    |ap_predicate_pred5159_state7           |       and|   0|  0|    2|           1|           1|
    |ap_predicate_pred5166_state5           |       and|   0|  0|    2|           1|           1|
    |ap_predicate_pred5173_state7           |       and|   0|  0|    2|           1|           1|
    |ap_predicate_pred5180_state5           |       and|   0|  0|    2|           1|           1|
    |ap_predicate_pred5187_state7           |       and|   0|  0|    2|           1|           1|
    |ap_predicate_pred5194_state5           |       and|   0|  0|    2|           1|           1|
    |ap_predicate_pred5201_state7           |       and|   0|  0|    2|           1|           1|
    |ap_predicate_pred5208_state5           |       and|   0|  0|    2|           1|           1|
    |ap_predicate_pred5215_state7           |       and|   0|  0|    2|           1|           1|
    |ap_predicate_pred5222_state5           |       and|   0|  0|    2|           1|           1|
    |ap_predicate_pred5229_state7           |       and|   0|  0|    2|           1|           1|
    |ap_predicate_pred5236_state5           |       and|   0|  0|    2|           1|           1|
    |ap_predicate_pred5243_state7           |       and|   0|  0|    2|           1|           1|
    |ap_predicate_pred5250_state5           |       and|   0|  0|    2|           1|           1|
    |ap_predicate_pred5257_state7           |       and|   0|  0|    2|           1|           1|
    |ap_predicate_pred5264_state5           |       and|   0|  0|    2|           1|           1|
    |ap_predicate_pred5271_state7           |       and|   0|  0|    2|           1|           1|
    |ap_predicate_pred5278_state5           |       and|   0|  0|    2|           1|           1|
    |ap_predicate_pred5285_state7           |       and|   0|  0|    2|           1|           1|
    |ap_predicate_pred5292_state5           |       and|   0|  0|    2|           1|           1|
    |ap_predicate_pred5299_state7           |       and|   0|  0|    2|           1|           1|
    |ap_predicate_pred5306_state5           |       and|   0|  0|    2|           1|           1|
    |ap_predicate_pred5313_state7           |       and|   0|  0|    2|           1|           1|
    |ap_predicate_pred5320_state5           |       and|   0|  0|    2|           1|           1|
    |ap_predicate_pred5327_state7           |       and|   0|  0|    2|           1|           1|
    |ap_predicate_pred5334_state5           |       and|   0|  0|    2|           1|           1|
    |ap_predicate_pred5341_state7           |       and|   0|  0|    2|           1|           1|
    |ap_predicate_pred5348_state5           |       and|   0|  0|    2|           1|           1|
    |ap_predicate_pred5355_state7           |       and|   0|  0|    2|           1|           1|
    |ap_predicate_pred5362_state5           |       and|   0|  0|    2|           1|           1|
    |ap_predicate_pred5369_state7           |       and|   0|  0|    2|           1|           1|
    |ap_predicate_pred5376_state5           |       and|   0|  0|    2|           1|           1|
    |ap_predicate_pred5383_state7           |       and|   0|  0|    2|           1|           1|
    |ap_predicate_pred5390_state5           |       and|   0|  0|    2|           1|           1|
    |ap_predicate_pred5398_state3           |       and|   0|  0|    2|           1|           1|
    |ap_predicate_pred5404_state3           |       and|   0|  0|    2|           1|           1|
    |ap_predicate_pred5410_state3           |       and|   0|  0|    2|           1|           1|
    |ap_predicate_pred5416_state3           |       and|   0|  0|    2|           1|           1|
    |ap_predicate_pred5422_state3           |       and|   0|  0|    2|           1|           1|
    |ap_predicate_pred5428_state3           |       and|   0|  0|    2|           1|           1|
    |ap_predicate_pred5449_state9           |       and|   0|  0|    2|           1|           1|
    |ap_predicate_pred5456_state9           |       and|   0|  0|    2|           1|           1|
    |ap_predicate_pred5462_state9           |       and|   0|  0|    2|           1|           1|
    |ap_predicate_pred5468_state9           |       and|   0|  0|    2|           1|           1|
    |ap_predicate_pred5474_state9           |       and|   0|  0|    2|           1|           1|
    |ap_predicate_pred5483_state7           |       and|   0|  0|    2|           1|           1|
    |ap_predicate_pred5519_state4           |       and|   0|  0|    2|           1|           1|
    |ap_predicate_pred5524_state4           |       and|   0|  0|    2|           1|           1|
    |ap_predicate_pred5530_state4           |       and|   0|  0|    2|           1|           1|
    |ap_predicate_pred5536_state4           |       and|   0|  0|    2|           1|           1|
    |ap_predicate_pred5542_state4           |       and|   0|  0|    2|           1|           1|
    |ap_predicate_pred5548_state4           |       and|   0|  0|    2|           1|           1|
    |ap_predicate_pred5554_state4           |       and|   0|  0|    2|           1|           1|
    |ap_predicate_pred5560_state4           |       and|   0|  0|    2|           1|           1|
    |ap_predicate_pred5566_state4           |       and|   0|  0|    2|           1|           1|
    |ap_predicate_pred5572_state4           |       and|   0|  0|    2|           1|           1|
    |ap_predicate_pred5578_state4           |       and|   0|  0|    2|           1|           1|
    |ap_predicate_pred5584_state4           |       and|   0|  0|    2|           1|           1|
    |ap_predicate_pred5590_state4           |       and|   0|  0|    2|           1|           1|
    |ap_predicate_pred5596_state4           |       and|   0|  0|    2|           1|           1|
    |ap_predicate_pred5602_state4           |       and|   0|  0|    2|           1|           1|
    |ap_predicate_pred5608_state4           |       and|   0|  0|    2|           1|           1|
    |ap_predicate_pred5614_state4           |       and|   0|  0|    2|           1|           1|
    |ap_predicate_pred5620_state4           |       and|   0|  0|    2|           1|           1|
    |ap_predicate_pred5626_state4           |       and|   0|  0|    2|           1|           1|
    |ap_predicate_pred5632_state4           |       and|   0|  0|    2|           1|           1|
    |ap_predicate_pred5638_state4           |       and|   0|  0|    2|           1|           1|
    |ap_predicate_pred5644_state4           |       and|   0|  0|    2|           1|           1|
    |ap_predicate_pred5650_state4           |       and|   0|  0|    2|           1|           1|
    |ap_predicate_pred5656_state4           |       and|   0|  0|    2|           1|           1|
    |ap_predicate_pred5662_state4           |       and|   0|  0|    2|           1|           1|
    |ap_predicate_pred5668_state4           |       and|   0|  0|    2|           1|           1|
    |ap_predicate_pred5674_state4           |       and|   0|  0|    2|           1|           1|
    |ap_predicate_pred5680_state4           |       and|   0|  0|    2|           1|           1|
    |ap_predicate_pred5686_state4           |       and|   0|  0|    2|           1|           1|
    |ap_predicate_pred5692_state4           |       and|   0|  0|    2|           1|           1|
    |ap_predicate_pred5698_state4           |       and|   0|  0|    2|           1|           1|
    |ap_predicate_pred5704_state4           |       and|   0|  0|    2|           1|           1|
    |d_i_is_rs2_reg_fu_13375_p2             |       and|   0|  0|    2|           1|           1|
    |d_to_f_is_valid_fu_13478_p2            |       and|   0|  0|    2|           1|           1|
    |f_to_f_is_valid_fu_15761_p2            |       and|   0|  0|    2|           1|           1|
    |i_to_e_is_valid_1_fu_13008_p2          |       and|   0|  0|    2|           1|           1|
    |is_locked_1_fu_12345_p2                |       and|   0|  0|    2|           1|           1|
    |is_locked_2_fu_12487_p2                |       and|   0|  0|    2|           1|           1|
    |result_24_fu_17123_p16                 |       and|   0|  0|   32|          32|          32|
    |sel_tmp23_fu_15145_p2                  |       and|   0|  0|    2|           1|           1|
    |sel_tmp26_fu_15157_p2                  |       and|   0|  0|    2|           1|           1|
    |result_9_fu_17082_p2                   |      ashr|   0|  0|  100|          32|          32|
    |d_ctrl_is_branch_1_fu_15676_p2         |      icmp|   0|  0|   13|           5|           5|
    |d_ctrl_is_jal_1_fu_15688_p2            |      icmp|   0|  0|   13|           5|           4|
    |d_ctrl_is_jalr_1_fu_15682_p2           |      icmp|   0|  0|   13|           5|           4|
    |d_i_is_r_type_fu_15785_p2              |      icmp|   0|  0|   11|           3|           1|
    |d_i_is_ret_fu_13381_p2                 |      icmp|   0|  0|   39|          32|          16|
    |icmp_ln123_fu_17252_p2                 |      icmp|   0|  0|   14|          13|           1|
    |icmp_ln18_fu_16885_p2                  |      icmp|   0|  0|   39|          32|          32|
    |icmp_ln24_fu_16859_p2                  |      icmp|   0|  0|   39|          32|          32|
    |icmp_ln29_fu_13232_p2                  |      icmp|   0|  0|   13|           5|           3|
    |icmp_ln30_fu_13238_p2                  |      icmp|   0|  0|   13|           5|           4|
    |icmp_ln38_fu_13296_p2                  |      icmp|   0|  0|   13|           5|           1|
    |icmp_ln39_fu_13333_p2                  |      icmp|   0|  0|   13|           5|           3|
    |icmp_ln42_fu_13363_p2                  |      icmp|   0|  0|   13|           5|           1|
    |icmp_ln43_fu_13080_p2                  |      icmp|   0|  0|   39|          32|           1|
    |icmp_ln51_fu_13387_p2                  |      icmp|   0|  0|   13|           5|           1|
    |icmp_ln79_1_fu_15127_p2                |      icmp|   0|  0|   11|           3|           3|
    |icmp_ln79_2_fu_15133_p2                |      icmp|   0|  0|   11|           3|           2|
    |icmp_ln79_3_fu_15139_p2                |      icmp|   0|  0|   11|           3|           2|
    |icmp_ln79_fu_15121_p2                  |      icmp|   0|  0|   11|           3|           3|
    |icmp_ln8_1_fu_16906_p2                 |      icmp|   0|  0|   11|           3|           3|
    |icmp_ln8_2_fu_16911_p2                 |      icmp|   0|  0|   13|           3|           4|
    |icmp_ln8_3_fu_16916_p2                 |      icmp|   0|  0|   11|           3|           1|
    |icmp_ln8_4_fu_16921_p2                 |      icmp|   0|  0|   11|           3|           1|
    |icmp_ln8_5_fu_16926_p2                 |      icmp|   0|  0|   11|           3|           2|
    |icmp_ln8_6_fu_16931_p2                 |      icmp|   0|  0|   11|           3|           2|
    |icmp_ln8_fu_16901_p2                   |      icmp|   0|  0|   11|           3|           3|
    |is_load_fu_13220_p2                    |      icmp|   0|  0|   13|           5|           1|
    |is_local_fu_11819_p2                   |      icmp|   0|  0|   10|           2|           1|
    |is_lui_fu_13214_p2                     |      icmp|   0|  0|   13|           5|           4|
    |is_store_fu_13226_p2                   |      icmp|   0|  0|   13|           5|           4|
    |result_23_fu_16958_p10                 |      icmp|   0|  0|   39|          32|          32|
    |result_23_fu_16958_p2                  |      icmp|   0|  0|   39|          32|          32|
    |result_23_fu_16958_p6                  |      icmp|   0|  0|   39|          32|          32|
    |result_23_fu_16958_p8                  |      icmp|   0|  0|   39|          32|          32|
    |result_6_fu_17059_p2                   |      icmp|   0|  0|   39|          32|          32|
    |result_7_fu_17068_p2                   |      icmp|   0|  0|   39|          32|          32|
    |result_10_fu_17087_p2                  |      lshr|   0|  0|  100|          32|          32|
    |ap_block_pp0_stage0_11001              |        or|   0|  0|    2|           1|           1|
    |ap_block_pp0_stage1_11001              |        or|   0|  0|    2|           1|           1|
    |ap_block_state14_pp0_stage1_iter6      |        or|   0|  0|    2|           1|           1|
    |ap_block_state8_io                     |        or|   0|  0|    2|           1|           1|
    |ap_block_state9_io                     |        or|   0|  0|    2|           1|           1|
    |ap_predicate_pred5437_state3           |        or|   0|  0|    2|           1|           1|
    |ap_predicate_pred5491_state7           |        or|   0|  0|    2|           1|           1|
    |d_i_has_no_dest_fu_13399_p2            |        or|   0|  0|    2|           1|           1|
    |has_input_fu_15661_p2                  |        or|   0|  0|    2|           1|           1|
    |i_safe_is_full_fu_12114_p2             |        or|   0|  0|    2|           1|           1|
    |i_wait_2_fu_12493_p2                   |        or|   0|  0|    2|           1|           1|
    |is_ctrl_fu_15749_p2                    |        or|   0|  0|    2|           1|           1|
    |or_ln120_fu_17240_p2                   |        or|   0|  0|    2|           1|           1|
    |or_ln123_fu_17263_p2                   |        or|   0|  0|    2|           1|           1|
    |or_ln31_1_fu_17168_p2                  |        or|   0|  0|    2|           1|           1|
    |or_ln31_fu_17163_p2                    |        or|   0|  0|    2|           1|           1|
    |or_ln39_1_fu_13345_p2                  |        or|   0|  0|    2|           1|           1|
    |or_ln39_2_fu_13351_p2                  |        or|   0|  0|    2|           1|           1|
    |or_ln39_3_fu_13357_p2                  |        or|   0|  0|    2|           1|           1|
    |or_ln39_fu_13339_p2                    |        or|   0|  0|    2|           1|           1|
    |or_ln51_fu_13393_p2                    |        or|   0|  0|    2|           1|           1|
    |or_ln52_1_fu_13290_p2                  |        or|   0|  0|    2|           1|           1|
    |or_ln52_fu_13284_p2                    |        or|   0|  0|    2|           1|           1|
    |or_ln55_fu_15656_p2                    |        or|   0|  0|    2|           1|           1|
    |or_ln61_1_fu_17195_p2                  |        or|   0|  0|    2|           1|           1|
    |or_ln61_fu_17191_p2                    |        or|   0|  0|    2|           1|           1|
    |or_ln75_fu_15743_p2                    |        or|   0|  0|    2|           1|           1|
    |or_ln8_fu_16936_p2                     |        or|   0|  0|    2|           1|           1|
    |result_24_fu_17123_p2                  |        or|   0|  0|   32|          32|          32|
    |e_to_f_target_pc_fu_17179_p3           |    select|   0|  0|   13|           1|          13|
    |f_to_d_instruction_1_fu_15713_p3       |    select|   0|  0|   32|           1|          32|
    |f_to_d_is_branch_fu_15720_p3           |    select|   0|  0|    2|           1|           1|
    |f_to_d_is_jal_3_fu_15736_p3            |    select|   0|  0|    2|           1|           1|
    |f_to_d_is_jalr_fu_15728_p3             |    select|   0|  0|    2|           1|           1|
    |f_to_d_pc_1_fu_15706_p3                |    select|   0|  0|   13|           1|          13|
    |f_to_f_next_pc_1_fu_15699_p3           |    select|   0|  0|   13|           1|          13|
    |h_fu_18404_p3                          |    select|   0|  0|   16|           1|          16|
    |i_safe_d_i_func3_2_fu_13522_p3         |    select|   0|  0|    3|           1|           3|
    |i_safe_d_i_func7_2_fu_16024_p3         |    select|   0|  0|    7|           1|           7|
    |i_safe_d_i_has_no_dest_2_fu_12176_p3   |    select|   0|  0|    2|           1|           1|
    |i_safe_d_i_imm_2_fu_13536_p3           |    select|   0|  0|   20|           1|          20|
    |i_safe_d_i_is_branch_2_fu_16031_p3     |    select|   0|  0|    2|           1|           1|
    |i_safe_d_i_is_jal_2_fu_16038_p3        |    select|   0|  0|    2|           1|           1|
    |i_safe_d_i_is_jalr_2_fu_13543_p3       |    select|   0|  0|    2|           1|           1|
    |i_safe_d_i_is_load_2_fu_12160_p3       |    select|   0|  0|    2|           1|           1|
    |i_safe_d_i_is_lui_2_fu_13557_p3        |    select|   0|  0|    2|           1|           1|
    |i_safe_d_i_is_r_type_2_fu_16045_p3     |    select|   0|  0|    2|           1|           1|
    |i_safe_d_i_is_ret_2_fu_13550_p3        |    select|   0|  0|    2|           1|           1|
    |i_safe_d_i_is_rs1_reg_2_fu_12144_p3    |    select|   0|  0|    2|           1|           1|
    |i_safe_d_i_is_rs2_reg_2_fu_12152_p3    |    select|   0|  0|    2|           1|           1|
    |i_safe_d_i_is_store_2_fu_12168_p3      |    select|   0|  0|    2|           1|           1|
    |i_safe_d_i_rd_2_fu_12120_p3            |    select|   0|  0|    5|           1|           5|
    |i_safe_d_i_rs1_2_fu_12128_p3           |    select|   0|  0|    5|           1|           5|
    |i_safe_d_i_rs2_2_fu_12136_p3           |    select|   0|  0|    5|           1|           5|
    |i_safe_d_i_type_2_fu_13529_p3          |    select|   0|  0|    3|           1|           3|
    |i_safe_pc_2_fu_13515_p3                |    select|   0|  0|   13|           1|          13|
    |next_pc_1_fu_15249_p3                  |    select|   0|  0|   13|           1|          13|
    |pc_5_fu_13191_p3                       |    select|   0|  0|   13|           1|          13|
    |pc_fu_13183_p3                         |    select|   0|  0|   13|           1|          13|
    |result_24_fu_17123_p14                 |    select|   0|  0|   32|           1|          32|
    |result_24_fu_17123_p4                  |    select|   0|  0|   32|           1|          32|
    |result_25_fu_15177_p10                 |    select|   0|  0|   32|           1|          32|
    |result_25_fu_15177_p4                  |    select|   0|  0|   32|           1|          32|
    |rv2_2_fu_17014_p3                      |    select|   0|  0|   32|           1|          32|
    |select_ln61_fu_17208_p3                |    select|   0|  0|   32|           1|          32|
    |select_ln63_fu_17201_p3                |    select|   0|  0|   32|           1|          32|
    |shift_2_fu_17006_p3                    |    select|   0|  0|    5|           1|           5|
    |result_24_fu_17123_p12                 |       shl|   0|  0|  100|          32|          32|
    |shl_ln100_2_fu_15314_p2                |       shl|   0|  0|  100|          32|          32|
    |shl_ln100_fu_11867_p2                  |       shl|   0|  0|    9|           2|           4|
    |shl_ln85_2_fu_15375_p2                 |       shl|   0|  0|  100|          32|          32|
    |shl_ln85_fu_11975_p2                   |       shl|   0|  0|    9|           1|           4|
    |shl_ln90_2_fu_15358_p2                 |       shl|   0|  0|  100|          32|          32|
    |shl_ln90_fu_11941_p2                   |       shl|   0|  0|    9|           1|           4|
    |shl_ln95_2_fu_15331_p2                 |       shl|   0|  0|  100|          32|          32|
    |shl_ln95_fu_11905_p2                   |       shl|   0|  0|    9|           2|           4|
    |ap_enable_pp0                          |       xor|   0|  0|    2|           1|           2|
    |result_23_fu_16958_p14                 |       xor|   0|  0|    2|           1|           2|
    |result_23_fu_16958_p4                  |       xor|   0|  0|    2|           1|           2|
    |result_24_fu_17123_p6                  |       xor|   0|  0|   32|          32|          32|
    |sel_tmp25_fu_15151_p2                  |       xor|   0|  0|    2|           1|           2|
    |xor_ln120_fu_17234_p2                  |       xor|   0|  0|    2|           2|           1|
    |xor_ln123_fu_17258_p2                  |       xor|   0|  0|    2|           1|           2|
    |xor_ln19_fu_15547_p2                   |       xor|   0|  0|    2|           1|           2|
    |xor_ln39_fu_13369_p2                   |       xor|   0|  0|    2|           1|           2|
    |xor_ln77_fu_15755_p2                   |       xor|   0|  0|    2|           1|           2|
    |xor_ln86_fu_13002_p2                   |       xor|   0|  0|    2|           1|           2|
    +---------------------------------------+----------+----+---+-----+------------+------------+
    |Total                                  |          |   0|  0| 3092|        1644|        1895|
    +---------------------------------------+----------+----+---+-----+------------+------------+

    * Multiplexer: 
    +--------------------------------------------------+-----+-----------+-----+-----------+
    |                       Name                       | LUT | Input Size| Bits| Total Bits|
    +--------------------------------------------------+-----+-----------+-----+-----------+
    |add_i4019_fu_464                                  |    9|          2|   32|         64|
    |ap_NS_fsm                                         |   14|          3|    1|          3|
    |ap_done_int                                       |    9|          2|    1|          2|
    |ap_enable_reg_pp0_iter0                           |    9|          2|    1|          2|
    |ap_loop_exit_ready_pp0_iter6_reg                  |    9|          2|    1|          2|
    |ap_phi_mux_d_i_imm_5_phi_fu_11502_p12             |   37|          7|   20|        140|
    |ap_phi_mux_d_i_is_rs1_reg_phi_fu_1413_p4          |   14|          3|    1|          3|
    |ap_phi_mux_e_to_f_is_valid_2_phi_fu_11440_p4      |    9|          2|    1|          2|
    |ap_phi_mux_e_to_m_is_valid_phi_fu_992_p4          |    9|          2|    1|          2|
    |ap_phi_mux_i_to_e_is_valid_phi_fu_1389_p4         |    9|          2|    1|          2|
    |ap_phi_mux_is_reg_computed_10_phi_fu_1256_p4      |    9|          2|    1|          2|
    |ap_phi_mux_is_reg_computed_11_phi_fu_1244_p4      |    9|          2|    1|          2|
    |ap_phi_mux_is_reg_computed_12_phi_fu_1232_p4      |    9|          2|    1|          2|
    |ap_phi_mux_is_reg_computed_13_phi_fu_1220_p4      |    9|          2|    1|          2|
    |ap_phi_mux_is_reg_computed_14_phi_fu_1208_p4      |    9|          2|    1|          2|
    |ap_phi_mux_is_reg_computed_15_phi_fu_1196_p4      |    9|          2|    1|          2|
    |ap_phi_mux_is_reg_computed_16_phi_fu_1184_p4      |    9|          2|    1|          2|
    |ap_phi_mux_is_reg_computed_17_phi_fu_1172_p4      |    9|          2|    1|          2|
    |ap_phi_mux_is_reg_computed_18_phi_fu_1160_p4      |    9|          2|    1|          2|
    |ap_phi_mux_is_reg_computed_19_phi_fu_1148_p4      |    9|          2|    1|          2|
    |ap_phi_mux_is_reg_computed_1_phi_fu_1364_p4       |    9|          2|    1|          2|
    |ap_phi_mux_is_reg_computed_20_phi_fu_1136_p4      |    9|          2|    1|          2|
    |ap_phi_mux_is_reg_computed_21_phi_fu_1124_p4      |    9|          2|    1|          2|
    |ap_phi_mux_is_reg_computed_22_phi_fu_1112_p4      |    9|          2|    1|          2|
    |ap_phi_mux_is_reg_computed_23_phi_fu_1100_p4      |    9|          2|    1|          2|
    |ap_phi_mux_is_reg_computed_24_phi_fu_1088_p4      |    9|          2|    1|          2|
    |ap_phi_mux_is_reg_computed_25_phi_fu_1076_p4      |    9|          2|    1|          2|
    |ap_phi_mux_is_reg_computed_26_phi_fu_1064_p4      |    9|          2|    1|          2|
    |ap_phi_mux_is_reg_computed_27_phi_fu_1052_p4      |    9|          2|    1|          2|
    |ap_phi_mux_is_reg_computed_28_phi_fu_1040_p4      |    9|          2|    1|          2|
    |ap_phi_mux_is_reg_computed_29_phi_fu_1028_p4      |    9|          2|    1|          2|
    |ap_phi_mux_is_reg_computed_2_phi_fu_1352_p4       |    9|          2|    1|          2|
    |ap_phi_mux_is_reg_computed_30_phi_fu_1016_p4      |    9|          2|    1|          2|
    |ap_phi_mux_is_reg_computed_31_phi_fu_1004_p4      |    9|          2|    1|          2|
    |ap_phi_mux_is_reg_computed_3_phi_fu_1340_p4       |    9|          2|    1|          2|
    |ap_phi_mux_is_reg_computed_4_phi_fu_1328_p4       |    9|          2|    1|          2|
    |ap_phi_mux_is_reg_computed_5_phi_fu_1316_p4       |    9|          2|    1|          2|
    |ap_phi_mux_is_reg_computed_6_phi_fu_1304_p4       |    9|          2|    1|          2|
    |ap_phi_mux_is_reg_computed_7_phi_fu_1292_p4       |    9|          2|    1|          2|
    |ap_phi_mux_is_reg_computed_8_phi_fu_1280_p4       |    9|          2|    1|          2|
    |ap_phi_mux_is_reg_computed_9_phi_fu_1268_p4       |    9|          2|    1|          2|
    |ap_phi_mux_is_reg_computed_phi_fu_1376_p4         |    9|          2|    1|          2|
    |ap_phi_mux_m_to_w_is_valid_phi_fu_1401_p4         |    9|          2|    1|          2|
    |ap_phi_mux_w_3_phi_fu_11544_p4                    |    9|          2|   32|         64|
    |ap_phi_reg_pp0_iter1_d_i_type_reg_11447           |   42|          8|    3|         24|
    |ap_phi_reg_pp0_iter1_is_reg_computed_32_reg_4861  |   14|          3|    1|          3|
    |ap_phi_reg_pp0_iter1_is_reg_computed_33_reg_4750  |   14|          3|    1|          3|
    |ap_phi_reg_pp0_iter1_is_reg_computed_34_reg_4639  |   14|          3|    1|          3|
    |ap_phi_reg_pp0_iter1_is_reg_computed_35_reg_4528  |   14|          3|    1|          3|
    |ap_phi_reg_pp0_iter1_is_reg_computed_36_reg_4417  |   14|          3|    1|          3|
    |ap_phi_reg_pp0_iter1_is_reg_computed_37_reg_4306  |   14|          3|    1|          3|
    |ap_phi_reg_pp0_iter1_is_reg_computed_38_reg_4195  |   14|          3|    1|          3|
    |ap_phi_reg_pp0_iter1_is_reg_computed_39_reg_4084  |   14|          3|    1|          3|
    |ap_phi_reg_pp0_iter1_is_reg_computed_40_reg_3973  |   14|          3|    1|          3|
    |ap_phi_reg_pp0_iter1_is_reg_computed_41_reg_3862  |   14|          3|    1|          3|
    |ap_phi_reg_pp0_iter1_is_reg_computed_42_reg_3751  |   14|          3|    1|          3|
    |ap_phi_reg_pp0_iter1_is_reg_computed_43_reg_3640  |   14|          3|    1|          3|
    |ap_phi_reg_pp0_iter1_is_reg_computed_44_reg_3529  |   14|          3|    1|          3|
    |ap_phi_reg_pp0_iter1_is_reg_computed_45_reg_3418  |   14|          3|    1|          3|
    |ap_phi_reg_pp0_iter1_is_reg_computed_46_reg_3307  |   14|          3|    1|          3|
    |ap_phi_reg_pp0_iter1_is_reg_computed_47_reg_3196  |   14|          3|    1|          3|
    |ap_phi_reg_pp0_iter1_is_reg_computed_48_reg_3085  |   14|          3|    1|          3|
    |ap_phi_reg_pp0_iter1_is_reg_computed_49_reg_2974  |   14|          3|    1|          3|
    |ap_phi_reg_pp0_iter1_is_reg_computed_50_reg_2863  |   14|          3|    1|          3|
    |ap_phi_reg_pp0_iter1_is_reg_computed_51_reg_2752  |   14|          3|    1|          3|
    |ap_phi_reg_pp0_iter1_is_reg_computed_52_reg_2641  |   14|          3|    1|          3|
    |ap_phi_reg_pp0_iter1_is_reg_computed_53_reg_2530  |   14|          3|    1|          3|
    |ap_phi_reg_pp0_iter1_is_reg_computed_54_reg_2419  |   14|          3|    1|          3|
    |ap_phi_reg_pp0_iter1_is_reg_computed_55_reg_2308  |   14|          3|    1|          3|
    |ap_phi_reg_pp0_iter1_is_reg_computed_56_reg_2197  |   14|          3|    1|          3|
    |ap_phi_reg_pp0_iter1_is_reg_computed_57_reg_2086  |   14|          3|    1|          3|
    |ap_phi_reg_pp0_iter1_is_reg_computed_58_reg_1975  |   14|          3|    1|          3|
    |ap_phi_reg_pp0_iter1_is_reg_computed_59_reg_1864  |   14|          3|    1|          3|
    |ap_phi_reg_pp0_iter1_is_reg_computed_60_reg_1753  |   14|          3|    1|          3|
    |ap_phi_reg_pp0_iter1_is_reg_computed_61_reg_1642  |   14|          3|    1|          3|
    |ap_phi_reg_pp0_iter1_is_reg_computed_62_reg_1531  |   14|          3|    1|          3|
    |ap_phi_reg_pp0_iter1_is_reg_computed_63_reg_1420  |   14|          3|    1|          3|
    |ap_phi_reg_pp0_iter1_next_pc_reg_11517            |    9|          2|   13|         26|
    |ap_phi_reg_pp0_iter1_w_3_reg_11541                |    9|          2|   32|         64|
    |ap_phi_reg_pp0_iter2_e_to_f_is_valid_reg_11530    |   14|          3|    1|          3|
    |ap_sig_allocacmp_e_to_m_address                   |    9|          2|   17|         34|
    |ap_sig_allocacmp_i_to_e_rv1_3                     |    9|          2|   32|         64|
    |ap_sig_allocacmp_i_wait_4                         |   14|          3|    1|          3|
    |ap_sig_allocacmp_m_to_w_value                     |   31|          6|   32|        192|
    |ap_sig_allocacmp_reg_file_10_load                 |    9|          2|   32|         64|
    |ap_sig_allocacmp_reg_file_11_load                 |    9|          2|   32|         64|
    |ap_sig_allocacmp_reg_file_12_load                 |    9|          2|   32|         64|
    |ap_sig_allocacmp_reg_file_13_load                 |    9|          2|   32|         64|
    |ap_sig_allocacmp_reg_file_14_load                 |    9|          2|   32|         64|
    |ap_sig_allocacmp_reg_file_15_load                 |    9|          2|   32|         64|
    |ap_sig_allocacmp_reg_file_16_load                 |    9|          2|   32|         64|
    |ap_sig_allocacmp_reg_file_17_load                 |    9|          2|   32|         64|
    |ap_sig_allocacmp_reg_file_18_load                 |    9|          2|   32|         64|
    |ap_sig_allocacmp_reg_file_19_load                 |    9|          2|   32|         64|
    |ap_sig_allocacmp_reg_file_1_load                  |    9|          2|   32|         64|
    |ap_sig_allocacmp_reg_file_20_load                 |    9|          2|   32|         64|
    |ap_sig_allocacmp_reg_file_21_load                 |    9|          2|   32|         64|
    |ap_sig_allocacmp_reg_file_22_load                 |    9|          2|   32|         64|
    |ap_sig_allocacmp_reg_file_23_load                 |    9|          2|   32|         64|
    |ap_sig_allocacmp_reg_file_24_load                 |    9|          2|   32|         64|
    |ap_sig_allocacmp_reg_file_25_load                 |    9|          2|   32|         64|
    |ap_sig_allocacmp_reg_file_26_load                 |    9|          2|   32|         64|
    |ap_sig_allocacmp_reg_file_27_load                 |    9|          2|   32|         64|
    |ap_sig_allocacmp_reg_file_28_load                 |    9|          2|   32|         64|
    |ap_sig_allocacmp_reg_file_29_load                 |    9|          2|   32|         64|
    |ap_sig_allocacmp_reg_file_2_load                  |    9|          2|   32|         64|
    |ap_sig_allocacmp_reg_file_30_load                 |    9|          2|   32|         64|
    |ap_sig_allocacmp_reg_file_31_load                 |    9|          2|   32|         64|
    |ap_sig_allocacmp_reg_file_32_load                 |    9|          2|   32|         64|
    |ap_sig_allocacmp_reg_file_3_load                  |    9|          2|   32|         64|
    |ap_sig_allocacmp_reg_file_4_load                  |    9|          2|   32|         64|
    |ap_sig_allocacmp_reg_file_5_load                  |    9|          2|   32|         64|
    |ap_sig_allocacmp_reg_file_6_load                  |    9|          2|   32|         64|
    |ap_sig_allocacmp_reg_file_7_load                  |    9|          2|   32|         64|
    |ap_sig_allocacmp_reg_file_8_load                  |    9|          2|   32|         64|
    |ap_sig_allocacmp_reg_file_9_load                  |    9|          2|   32|         64|
    |d_to_i_is_valid_1_fu_824                          |    9|          2|    1|          2|
    |e_to_m_is_valid_reg_989                           |    9|          2|    1|          2|
    |e_to_m_rd_1_fu_672                                |  142|         32|    5|        160|
    |e_to_m_value_fu_604                               |    9|          2|   32|         64|
    |f_from_d_is_valid_fu_832                          |    9|          2|    1|          2|
    |f_from_f_is_valid_fu_848                          |    9|          2|    1|          2|
    |f_from_f_next_pc_fu_844                           |    9|          2|   13|         26|
    |gmem_AWADDR                                       |   20|          4|   64|        256|
    |gmem_WDATA                                        |   20|          4|   32|        128|
    |gmem_WSTRB                                        |   20|          4|    4|         16|
    |gmem_blk_n_AR                                     |    9|          2|    1|          2|
    |gmem_blk_n_AW                                     |    9|          2|    1|          2|
    |gmem_blk_n_B                                      |    9|          2|    1|          2|
    |gmem_blk_n_R                                      |    9|          2|    1|          2|
    |gmem_blk_n_W                                      |    9|          2|    1|          2|
    |i_from_d_is_valid_fu_828                          |    9|          2|    1|          2|
    |i_to_e_is_valid_reg_1384                          |    9|          2|    1|          2|
    |ip_data_ram_Addr_A_orig                           |   25|          5|   32|        160|
    |ip_data_ram_Din_A_local                           |   20|          4|   32|        128|
    |ip_data_ram_WEN_A_local                           |   20|          4|    4|         16|
    |is_reg_computed_64_reg_11234                      |   14|          3|    1|          3|
    |is_reg_computed_65_reg_11032                      |   14|          3|    1|          3|
    |is_reg_computed_66_reg_10830                      |   14|          3|    1|          3|
    |is_reg_computed_67_reg_10628                      |   14|          3|    1|          3|
    |is_reg_computed_68_reg_10426                      |   14|          3|    1|          3|
    |is_reg_computed_69_reg_10224                      |   14|          3|    1|          3|
    |is_reg_computed_70_reg_10022                      |   14|          3|    1|          3|
    |is_reg_computed_71_reg_9820                       |   14|          3|    1|          3|
    |is_reg_computed_72_reg_9618                       |   14|          3|    1|          3|
    |is_reg_computed_73_reg_9416                       |   14|          3|    1|          3|
    |is_reg_computed_74_reg_9214                       |   14|          3|    1|          3|
    |is_reg_computed_75_reg_9012                       |   14|          3|    1|          3|
    |is_reg_computed_76_reg_8810                       |   14|          3|    1|          3|
    |is_reg_computed_77_reg_8608                       |   14|          3|    1|          3|
    |is_reg_computed_78_reg_8406                       |   14|          3|    1|          3|
    |is_reg_computed_79_reg_8204                       |   14|          3|    1|          3|
    |is_reg_computed_80_reg_8002                       |   14|          3|    1|          3|
    |is_reg_computed_81_reg_7800                       |   14|          3|    1|          3|
    |is_reg_computed_82_reg_7598                       |   14|          3|    1|          3|
    |is_reg_computed_83_reg_7396                       |   14|          3|    1|          3|
    |is_reg_computed_84_reg_7194                       |   14|          3|    1|          3|
    |is_reg_computed_85_reg_6992                       |   14|          3|    1|          3|
    |is_reg_computed_86_reg_6790                       |   14|          3|    1|          3|
    |is_reg_computed_87_reg_6588                       |   14|          3|    1|          3|
    |is_reg_computed_88_reg_6386                       |   14|          3|    1|          3|
    |is_reg_computed_89_reg_6184                       |   14|          3|    1|          3|
    |is_reg_computed_90_reg_5982                       |   14|          3|    1|          3|
    |is_reg_computed_91_reg_5780                       |   14|          3|    1|          3|
    |is_reg_computed_92_reg_5578                       |   14|          3|    1|          3|
    |is_reg_computed_93_reg_5376                       |   14|          3|    1|          3|
    |is_reg_computed_94_reg_5174                       |   14|          3|    1|          3|
    |is_reg_computed_95_reg_4972                       |   14|          3|    1|          3|
    |m_to_w_is_valid_reg_1397                          |    9|          2|    1|          2|
    |nbc_fu_428                                        |    9|          2|   32|         64|
    |reg_file_10_fu_504                                |   14|          3|   32|         96|
    |reg_file_11_fu_508                                |   14|          3|   32|         96|
    |reg_file_12_fu_512                                |   14|          3|   32|         96|
    |reg_file_13_fu_516                                |   14|          3|   32|         96|
    |reg_file_14_fu_520                                |   14|          3|   32|         96|
    |reg_file_15_fu_524                                |   14|          3|   32|         96|
    |reg_file_16_fu_528                                |   14|          3|   32|         96|
    |reg_file_17_fu_532                                |   14|          3|   32|         96|
    |reg_file_18_fu_536                                |   14|          3|   32|         96|
    |reg_file_19_fu_540                                |   14|          3|   32|         96|
    |reg_file_1_fu_468                                 |   14|          3|   32|         96|
    |reg_file_20_fu_544                                |   14|          3|   32|         96|
    |reg_file_21_fu_548                                |   14|          3|   32|         96|
    |reg_file_22_fu_552                                |   14|          3|   32|         96|
    |reg_file_23_fu_556                                |   14|          3|   32|         96|
    |reg_file_24_fu_560                                |   14|          3|   32|         96|
    |reg_file_25_fu_564                                |   14|          3|   32|         96|
    |reg_file_26_fu_568                                |   14|          3|   32|         96|
    |reg_file_27_fu_572                                |   14|          3|   32|         96|
    |reg_file_28_fu_576                                |   14|          3|   32|         96|
    |reg_file_29_fu_580                                |   14|          3|   32|         96|
    |reg_file_2_fu_472                                 |   14|          3|   32|         96|
    |reg_file_30_fu_584                                |   14|          3|   32|         96|
    |reg_file_31_fu_588                                |   14|          3|   32|         96|
    |reg_file_32_fu_592                                |   14|          3|   32|         96|
    |reg_file_3_fu_476                                 |   14|          3|   32|         96|
    |reg_file_4_fu_480                                 |   14|          3|   32|         96|
    |reg_file_5_fu_484                                 |   14|          3|   32|         96|
    |reg_file_6_fu_488                                 |   14|          3|   32|         96|
    |reg_file_7_fu_492                                 |   14|          3|   32|         96|
    |reg_file_8_fu_496                                 |   14|          3|   32|         96|
    |reg_file_9_fu_500                                 |   14|          3|   32|         96|
    |w_from_m_value_fu_600                             |   37|          7|   32|        224|
    +--------------------------------------------------+-----+-----------+-----+-----------+
    |Total                                             | 2642|        569| 2662|       7340|
    +--------------------------------------------------+-----+-----------+-----+-----------+

    * Register: 
    +--------------------------------------------------+----+----+-----+-----------+
    |                       Name                       | FF | LUT| Bits| Const Bits|
    +--------------------------------------------------+----+----+-----+-----------+
    |a1_reg_19963                                      |   1|   0|    1|          0|
    |accessed_ip_reg_19898                             |   2|   0|    2|          0|
    |add_i4019_fu_464                                  |  32|   0|   32|          0|
    |add_ln49_reg_20288                                |  32|   0|   32|          0|
    |address_fu_800                                    |  17|   0|   17|          0|
    |and_ln31_reg_20284                                |   1|   0|    1|          0|
    |and_ln41_1_reg_20125                              |   1|   0|    1|          0|
    |ap_CS_fsm                                         |   2|   0|    2|          0|
    |ap_done_reg                                       |   1|   0|    1|          0|
    |ap_enable_reg_pp0_iter0_reg                       |   1|   0|    1|          0|
    |ap_enable_reg_pp0_iter1                           |   1|   0|    1|          0|
    |ap_enable_reg_pp0_iter2                           |   1|   0|    1|          0|
    |ap_enable_reg_pp0_iter3                           |   1|   0|    1|          0|
    |ap_enable_reg_pp0_iter4                           |   1|   0|    1|          0|
    |ap_enable_reg_pp0_iter5                           |   1|   0|    1|          0|
    |ap_enable_reg_pp0_iter6                           |   1|   0|    1|          0|
    |ap_loop_exit_ready_pp0_iter1_reg                  |   1|   0|    1|          0|
    |ap_loop_exit_ready_pp0_iter2_reg                  |   1|   0|    1|          0|
    |ap_loop_exit_ready_pp0_iter3_reg                  |   1|   0|    1|          0|
    |ap_loop_exit_ready_pp0_iter4_reg                  |   1|   0|    1|          0|
    |ap_loop_exit_ready_pp0_iter5_reg                  |   1|   0|    1|          0|
    |ap_loop_exit_ready_pp0_iter6_reg                  |   1|   0|    1|          0|
    |ap_loop_init_pp0_iter1_reg                        |   1|   0|    1|          0|
    |ap_phi_reg_pp0_iter1_d_i_type_reg_11447           |   3|   0|    3|          0|
    |ap_phi_reg_pp0_iter1_e_to_f_is_valid_reg_11530    |   1|   0|    1|          0|
    |ap_phi_reg_pp0_iter1_is_reg_computed_32_reg_4861  |   1|   0|    1|          0|
    |ap_phi_reg_pp0_iter1_is_reg_computed_33_reg_4750  |   1|   0|    1|          0|
    |ap_phi_reg_pp0_iter1_is_reg_computed_34_reg_4639  |   1|   0|    1|          0|
    |ap_phi_reg_pp0_iter1_is_reg_computed_35_reg_4528  |   1|   0|    1|          0|
    |ap_phi_reg_pp0_iter1_is_reg_computed_36_reg_4417  |   1|   0|    1|          0|
    |ap_phi_reg_pp0_iter1_is_reg_computed_37_reg_4306  |   1|   0|    1|          0|
    |ap_phi_reg_pp0_iter1_is_reg_computed_38_reg_4195  |   1|   0|    1|          0|
    |ap_phi_reg_pp0_iter1_is_reg_computed_39_reg_4084  |   1|   0|    1|          0|
    |ap_phi_reg_pp0_iter1_is_reg_computed_40_reg_3973  |   1|   0|    1|          0|
    |ap_phi_reg_pp0_iter1_is_reg_computed_41_reg_3862  |   1|   0|    1|          0|
    |ap_phi_reg_pp0_iter1_is_reg_computed_42_reg_3751  |   1|   0|    1|          0|
    |ap_phi_reg_pp0_iter1_is_reg_computed_43_reg_3640  |   1|   0|    1|          0|
    |ap_phi_reg_pp0_iter1_is_reg_computed_44_reg_3529  |   1|   0|    1|          0|
    |ap_phi_reg_pp0_iter1_is_reg_computed_45_reg_3418  |   1|   0|    1|          0|
    |ap_phi_reg_pp0_iter1_is_reg_computed_46_reg_3307  |   1|   0|    1|          0|
    |ap_phi_reg_pp0_iter1_is_reg_computed_47_reg_3196  |   1|   0|    1|          0|
    |ap_phi_reg_pp0_iter1_is_reg_computed_48_reg_3085  |   1|   0|    1|          0|
    |ap_phi_reg_pp0_iter1_is_reg_computed_49_reg_2974  |   1|   0|    1|          0|
    |ap_phi_reg_pp0_iter1_is_reg_computed_50_reg_2863  |   1|   0|    1|          0|
    |ap_phi_reg_pp0_iter1_is_reg_computed_51_reg_2752  |   1|   0|    1|          0|
    |ap_phi_reg_pp0_iter1_is_reg_computed_52_reg_2641  |   1|   0|    1|          0|
    |ap_phi_reg_pp0_iter1_is_reg_computed_53_reg_2530  |   1|   0|    1|          0|
    |ap_phi_reg_pp0_iter1_is_reg_computed_54_reg_2419  |   1|   0|    1|          0|
    |ap_phi_reg_pp0_iter1_is_reg_computed_55_reg_2308  |   1|   0|    1|          0|
    |ap_phi_reg_pp0_iter1_is_reg_computed_56_reg_2197  |   1|   0|    1|          0|
    |ap_phi_reg_pp0_iter1_is_reg_computed_57_reg_2086  |   1|   0|    1|          0|
    |ap_phi_reg_pp0_iter1_is_reg_computed_58_reg_1975  |   1|   0|    1|          0|
    |ap_phi_reg_pp0_iter1_is_reg_computed_59_reg_1864  |   1|   0|    1|          0|
    |ap_phi_reg_pp0_iter1_is_reg_computed_60_reg_1753  |   1|   0|    1|          0|
    |ap_phi_reg_pp0_iter1_is_reg_computed_61_reg_1642  |   1|   0|    1|          0|
    |ap_phi_reg_pp0_iter1_is_reg_computed_62_reg_1531  |   1|   0|    1|          0|
    |ap_phi_reg_pp0_iter1_is_reg_computed_63_reg_1420  |   1|   0|    1|          0|
    |ap_phi_reg_pp0_iter1_next_pc_reg_11517            |  13|   0|   13|          0|
    |ap_phi_reg_pp0_iter1_w_3_reg_11541                |  32|   0|   32|          0|
    |ap_phi_reg_pp0_iter2_e_to_f_is_valid_reg_11530    |   1|   0|    1|          0|
    |ap_phi_reg_pp0_iter2_w_3_reg_11541                |  32|   0|   32|          0|
    |ap_phi_reg_pp0_iter3_w_3_reg_11541                |  32|   0|   32|          0|
    |ap_phi_reg_pp0_iter4_w_3_reg_11541                |  32|   0|   32|          0|
    |ap_predicate_pred126_state9                       |   1|   0|    1|          0|
    |ap_predicate_pred133_state9                       |   1|   0|    1|          0|
    |ap_predicate_pred141_state9                       |   1|   0|    1|          0|
    |ap_predicate_pred4756_state3                      |   1|   0|    1|          0|
    |ap_predicate_pred4764_state3                      |   1|   0|    1|          0|
    |ap_predicate_pred4772_state3                      |   1|   0|    1|          0|
    |ap_predicate_pred4939_state7                      |   1|   0|    1|          0|
    |ap_predicate_pred4949_state5                      |   1|   0|    1|          0|
    |ap_predicate_pred4961_state7                      |   1|   0|    1|          0|
    |ap_predicate_pred4968_state5                      |   1|   0|    1|          0|
    |ap_predicate_pred4976_state7                      |   1|   0|    1|          0|
    |ap_predicate_pred4983_state5                      |   1|   0|    1|          0|
    |ap_predicate_pred4990_state7                      |   1|   0|    1|          0|
    |ap_predicate_pred4997_state5                      |   1|   0|    1|          0|
    |ap_predicate_pred5004_state7                      |   1|   0|    1|          0|
    |ap_predicate_pred5011_state5                      |   1|   0|    1|          0|
    |ap_predicate_pred5018_state7                      |   1|   0|    1|          0|
    |ap_predicate_pred5025_state5                      |   1|   0|    1|          0|
    |ap_predicate_pred5032_state7                      |   1|   0|    1|          0|
    |ap_predicate_pred5039_state5                      |   1|   0|    1|          0|
    |ap_predicate_pred5046_state7                      |   1|   0|    1|          0|
    |ap_predicate_pred5053_state5                      |   1|   0|    1|          0|
    |ap_predicate_pred5060_state7                      |   1|   0|    1|          0|
    |ap_predicate_pred5067_state5                      |   1|   0|    1|          0|
    |ap_predicate_pred5074_state7                      |   1|   0|    1|          0|
    |ap_predicate_pred5081_state5                      |   1|   0|    1|          0|
    |ap_predicate_pred5089_state7                      |   1|   0|    1|          0|
    |ap_predicate_pred5096_state5                      |   1|   0|    1|          0|
    |ap_predicate_pred5103_state7                      |   1|   0|    1|          0|
    |ap_predicate_pred5110_state5                      |   1|   0|    1|          0|
    |ap_predicate_pred5117_state7                      |   1|   0|    1|          0|
    |ap_predicate_pred5124_state5                      |   1|   0|    1|          0|
    |ap_predicate_pred5131_state7                      |   1|   0|    1|          0|
    |ap_predicate_pred5138_state5                      |   1|   0|    1|          0|
    |ap_predicate_pred5145_state7                      |   1|   0|    1|          0|
    |ap_predicate_pred5152_state5                      |   1|   0|    1|          0|
    |ap_predicate_pred5159_state7                      |   1|   0|    1|          0|
    |ap_predicate_pred5166_state5                      |   1|   0|    1|          0|
    |ap_predicate_pred5173_state7                      |   1|   0|    1|          0|
    |ap_predicate_pred5180_state5                      |   1|   0|    1|          0|
    |ap_predicate_pred5187_state7                      |   1|   0|    1|          0|
    |ap_predicate_pred5194_state5                      |   1|   0|    1|          0|
    |ap_predicate_pred5201_state7                      |   1|   0|    1|          0|
    |ap_predicate_pred5208_state5                      |   1|   0|    1|          0|
    |ap_predicate_pred5215_state7                      |   1|   0|    1|          0|
    |ap_predicate_pred5222_state5                      |   1|   0|    1|          0|
    |ap_predicate_pred5229_state7                      |   1|   0|    1|          0|
    |ap_predicate_pred5236_state5                      |   1|   0|    1|          0|
    |ap_predicate_pred5243_state7                      |   1|   0|    1|          0|
    |ap_predicate_pred5250_state5                      |   1|   0|    1|          0|
    |ap_predicate_pred5257_state7                      |   1|   0|    1|          0|
    |ap_predicate_pred5264_state5                      |   1|   0|    1|          0|
    |ap_predicate_pred5271_state7                      |   1|   0|    1|          0|
    |ap_predicate_pred5278_state5                      |   1|   0|    1|          0|
    |ap_predicate_pred5285_state7                      |   1|   0|    1|          0|
    |ap_predicate_pred5292_state5                      |   1|   0|    1|          0|
    |ap_predicate_pred5299_state7                      |   1|   0|    1|          0|
    |ap_predicate_pred5306_state5                      |   1|   0|    1|          0|
    |ap_predicate_pred5313_state7                      |   1|   0|    1|          0|
    |ap_predicate_pred5320_state5                      |   1|   0|    1|          0|
    |ap_predicate_pred5327_state7                      |   1|   0|    1|          0|
    |ap_predicate_pred5334_state5                      |   1|   0|    1|          0|
    |ap_predicate_pred5341_state7                      |   1|   0|    1|          0|
    |ap_predicate_pred5348_state5                      |   1|   0|    1|          0|
    |ap_predicate_pred5355_state7                      |   1|   0|    1|          0|
    |ap_predicate_pred5362_state5                      |   1|   0|    1|          0|
    |ap_predicate_pred5369_state7                      |   1|   0|    1|          0|
    |ap_predicate_pred5376_state5                      |   1|   0|    1|          0|
    |ap_predicate_pred5383_state7                      |   1|   0|    1|          0|
    |ap_predicate_pred5390_state5                      |   1|   0|    1|          0|
    |ap_predicate_pred5398_state3                      |   1|   0|    1|          0|
    |ap_predicate_pred5404_state3                      |   1|   0|    1|          0|
    |ap_predicate_pred5410_state3                      |   1|   0|    1|          0|
    |ap_predicate_pred5416_state3                      |   1|   0|    1|          0|
    |ap_predicate_pred5422_state3                      |   1|   0|    1|          0|
    |ap_predicate_pred5428_state3                      |   1|   0|    1|          0|
    |ap_predicate_pred5437_state3                      |   1|   0|    1|          0|
    |ap_predicate_pred5449_state9                      |   1|   0|    1|          0|
    |ap_predicate_pred5456_state9                      |   1|   0|    1|          0|
    |ap_predicate_pred5462_state9                      |   1|   0|    1|          0|
    |ap_predicate_pred5468_state9                      |   1|   0|    1|          0|
    |ap_predicate_pred5474_state9                      |   1|   0|    1|          0|
    |ap_predicate_pred5483_state7                      |   1|   0|    1|          0|
    |ap_predicate_pred5491_state7                      |   1|   0|    1|          0|
    |ap_predicate_pred5519_state4                      |   1|   0|    1|          0|
    |ap_predicate_pred5519_state5                      |   1|   0|    1|          0|
    |ap_predicate_pred5524_state4                      |   1|   0|    1|          0|
    |ap_predicate_pred5524_state5                      |   1|   0|    1|          0|
    |ap_predicate_pred5530_state4                      |   1|   0|    1|          0|
    |ap_predicate_pred5530_state5                      |   1|   0|    1|          0|
    |ap_predicate_pred5536_state4                      |   1|   0|    1|          0|
    |ap_predicate_pred5536_state5                      |   1|   0|    1|          0|
    |ap_predicate_pred5542_state4                      |   1|   0|    1|          0|
    |ap_predicate_pred5542_state5                      |   1|   0|    1|          0|
    |ap_predicate_pred5548_state4                      |   1|   0|    1|          0|
    |ap_predicate_pred5548_state5                      |   1|   0|    1|          0|
    |ap_predicate_pred5554_state4                      |   1|   0|    1|          0|
    |ap_predicate_pred5554_state5                      |   1|   0|    1|          0|
    |ap_predicate_pred5560_state4                      |   1|   0|    1|          0|
    |ap_predicate_pred5560_state5                      |   1|   0|    1|          0|
    |ap_predicate_pred5566_state4                      |   1|   0|    1|          0|
    |ap_predicate_pred5566_state5                      |   1|   0|    1|          0|
    |ap_predicate_pred5572_state4                      |   1|   0|    1|          0|
    |ap_predicate_pred5572_state5                      |   1|   0|    1|          0|
    |ap_predicate_pred5578_state4                      |   1|   0|    1|          0|
    |ap_predicate_pred5578_state5                      |   1|   0|    1|          0|
    |ap_predicate_pred5584_state4                      |   1|   0|    1|          0|
    |ap_predicate_pred5584_state5                      |   1|   0|    1|          0|
    |ap_predicate_pred5590_state4                      |   1|   0|    1|          0|
    |ap_predicate_pred5590_state5                      |   1|   0|    1|          0|
    |ap_predicate_pred5596_state4                      |   1|   0|    1|          0|
    |ap_predicate_pred5596_state5                      |   1|   0|    1|          0|
    |ap_predicate_pred5602_state4                      |   1|   0|    1|          0|
    |ap_predicate_pred5602_state5                      |   1|   0|    1|          0|
    |ap_predicate_pred5608_state4                      |   1|   0|    1|          0|
    |ap_predicate_pred5608_state5                      |   1|   0|    1|          0|
    |ap_predicate_pred5614_state4                      |   1|   0|    1|          0|
    |ap_predicate_pred5614_state5                      |   1|   0|    1|          0|
    |ap_predicate_pred5620_state4                      |   1|   0|    1|          0|
    |ap_predicate_pred5620_state5                      |   1|   0|    1|          0|
    |ap_predicate_pred5626_state4                      |   1|   0|    1|          0|
    |ap_predicate_pred5626_state5                      |   1|   0|    1|          0|
    |ap_predicate_pred5632_state4                      |   1|   0|    1|          0|
    |ap_predicate_pred5632_state5                      |   1|   0|    1|          0|
    |ap_predicate_pred5638_state4                      |   1|   0|    1|          0|
    |ap_predicate_pred5638_state5                      |   1|   0|    1|          0|
    |ap_predicate_pred5644_state4                      |   1|   0|    1|          0|
    |ap_predicate_pred5644_state5                      |   1|   0|    1|          0|
    |ap_predicate_pred5650_state4                      |   1|   0|    1|          0|
    |ap_predicate_pred5650_state5                      |   1|   0|    1|          0|
    |ap_predicate_pred5656_state4                      |   1|   0|    1|          0|
    |ap_predicate_pred5656_state5                      |   1|   0|    1|          0|
    |ap_predicate_pred5662_state4                      |   1|   0|    1|          0|
    |ap_predicate_pred5662_state5                      |   1|   0|    1|          0|
    |ap_predicate_pred5668_state4                      |   1|   0|    1|          0|
    |ap_predicate_pred5668_state5                      |   1|   0|    1|          0|
    |ap_predicate_pred5674_state4                      |   1|   0|    1|          0|
    |ap_predicate_pred5674_state5                      |   1|   0|    1|          0|
    |ap_predicate_pred5680_state4                      |   1|   0|    1|          0|
    |ap_predicate_pred5680_state5                      |   1|   0|    1|          0|
    |ap_predicate_pred5686_state4                      |   1|   0|    1|          0|
    |ap_predicate_pred5686_state5                      |   1|   0|    1|          0|
    |ap_predicate_pred5692_state4                      |   1|   0|    1|          0|
    |ap_predicate_pred5692_state5                      |   1|   0|    1|          0|
    |ap_predicate_pred5698_state4                      |   1|   0|    1|          0|
    |ap_predicate_pred5698_state5                      |   1|   0|    1|          0|
    |ap_predicate_pred5704_state4                      |   1|   0|    1|          0|
    |ap_predicate_pred5704_state5                      |   1|   0|    1|          0|
    |d_i_func7_1_fu_660                                |   7|   0|    7|          0|
    |d_i_imm_6_fu_652                                  |  20|   0|   20|          0|
    |d_i_is_branch_1_fu_708                            |   1|   0|    1|          0|
    |d_i_is_branch_fu_640                              |   1|   0|    1|          0|
    |d_i_is_jal_1_fu_836                               |   1|   0|    1|          0|
    |d_i_is_jal_fu_632                                 |   1|   0|    1|          0|
    |d_i_is_jalr_1_fu_700                              |   1|   0|    1|          0|
    |d_i_is_jalr_fu_636                                |   1|   0|    1|          0|
    |d_i_is_lui_fu_624                                 |   1|   0|    1|          0|
    |d_i_is_r_type_1_fu_616                            |   1|   0|    1|          0|
    |d_i_rd_reg_20230                                  |   5|   0|    5|          0|
    |d_i_rs2_1_fu_664                                  |   5|   0|    5|          0|
    |d_i_type_1_fu_656                                 |   3|   0|    3|          0|
    |d_to_i_is_valid_1_fu_824                          |   1|   0|    1|          0|
    |data_ram_read_reg_19881                           |  64|   0|   64|          0|
    |e_to_f_is_valid_reg_11530                         |   1|   0|    1|          0|
    |e_to_m_func3_1_fu_668                             |   3|   0|    3|          0|
    |e_to_m_func3_reg_19886                            |   3|   0|    3|          0|
    |e_to_m_has_no_dest_1_fu_620                       |   1|   0|    1|          0|
    |e_to_m_is_load_1_fu_648                           |   1|   0|    1|          0|
    |e_to_m_is_load_reg_19894                          |   1|   0|    1|          0|
    |e_to_m_is_ret_1_fu_628                            |   1|   0|    1|          0|
    |e_to_m_is_store_1_fu_644                          |   1|   0|    1|          0|
    |e_to_m_is_store_reg_19890                         |   1|   0|    1|          0|
    |e_to_m_is_valid_reg_989                           |   1|   0|    1|          0|
    |e_to_m_rd_1_fu_672                                |   5|   0|    5|          0|
    |e_to_m_value_2_reg_20129                          |  32|   0|   32|          0|
    |e_to_m_value_fu_604                               |  32|   0|   32|          0|
    |f_from_d_is_valid_fu_832                          |   1|   0|    1|          0|
    |f_from_d_is_valid_load_reg_20204                  |   1|   0|    1|          0|
    |f_from_d_target_pc_fu_768                         |  13|   0|   13|          0|
    |f_from_e_target_pc_fu_816                         |  13|   0|   13|          0|
    |f_from_f_is_valid_fu_848                          |   1|   0|    1|          0|
    |f_from_f_is_valid_load_reg_20214                  |   1|   0|    1|          0|
    |f_from_f_next_pc_fu_844                           |  13|   0|   13|          0|
    |f_from_f_next_pc_load_reg_20209                   |  13|   0|   13|          0|
    |f_to_d_instruction_4_reg_20189                    |  32|   0|   32|          0|
    |f_to_d_instruction_fu_840                         |  32|   0|   32|          0|
    |f_to_d_is_jal_reg_20184                           |   1|   0|    1|          0|
    |f_to_d_is_valid_reg_20180                         |   1|   0|    1|          0|
    |gmem_addr_1_reg_19947                             |  64|   0|   64|          0|
    |gmem_addr_2_reg_19921                             |  64|   0|   64|          0|
    |gmem_addr_3_reg_20307                             |  64|   0|   64|          0|
    |i_from_d_d_i_func3_fu_752                         |   3|   0|    3|          0|
    |i_from_d_d_i_func7_fu_740                         |   7|   0|    7|          0|
    |i_from_d_d_i_has_no_dest_fu_684                   |   1|   0|    1|          0|
    |i_from_d_d_i_imm_fu_732                           |  20|   0|   20|          0|
    |i_from_d_d_i_is_branch_fu_712                     |   1|   0|    1|          0|
    |i_from_d_d_i_is_jal_fu_696                        |   1|   0|    1|          0|
    |i_from_d_d_i_is_jalr_fu_704                       |   1|   0|    1|          0|
    |i_from_d_d_i_is_load_fu_720                       |   1|   0|    1|          0|
    |i_from_d_d_i_is_lui_fu_688                        |   1|   0|    1|          0|
    |i_from_d_d_i_is_r_type_fu_680                     |   1|   0|    1|          0|
    |i_from_d_d_i_is_ret_fu_692                        |   1|   0|    1|          0|
    |i_from_d_d_i_is_rs1_reg_fu_728                    |   1|   0|    1|          0|
    |i_from_d_d_i_is_rs2_reg_fu_724                    |   1|   0|    1|          0|
    |i_from_d_d_i_is_store_fu_716                      |   1|   0|    1|          0|
    |i_from_d_d_i_rd_fu_756                            |   5|   0|    5|          0|
    |i_from_d_d_i_rs1_fu_748                           |   5|   0|    5|          0|
    |i_from_d_d_i_rs2_fu_744                           |   5|   0|    5|          0|
    |i_from_d_d_i_type_fu_736                          |   3|   0|    3|          0|
    |i_from_d_is_valid_fu_828                          |   1|   0|    1|          0|
    |i_from_d_pc_fu_764                                |  13|   0|   13|          0|
    |i_safe_d_i_func3_fu_452                           |   3|   0|    3|          0|
    |i_safe_d_i_func7_fu_440                           |   7|   0|    7|          0|
    |i_safe_d_i_has_no_dest_2_reg_20107                |   1|   0|    1|          0|
    |i_safe_d_i_has_no_dest_fu_388                     |   1|   0|    1|          0|
    |i_safe_d_i_imm_fu_432                             |  20|   0|   20|          0|
    |i_safe_d_i_is_branch_fu_408                       |   1|   0|    1|          0|
    |i_safe_d_i_is_jal_fu_400                          |   1|   0|    1|          0|
    |i_safe_d_i_is_jalr_fu_404                         |   1|   0|    1|          0|
    |i_safe_d_i_is_load_fu_416                         |   1|   0|    1|          0|
    |i_safe_d_i_is_lui_fu_392                          |   1|   0|    1|          0|
    |i_safe_d_i_is_r_type_fu_384                       |   1|   0|    1|          0|
    |i_safe_d_i_is_ret_fu_396                          |   1|   0|    1|          0|
    |i_safe_d_i_is_rs1_reg_fu_424                      |   1|   0|    1|          0|
    |i_safe_d_i_is_rs2_reg_fu_420                      |   1|   0|    1|          0|
    |i_safe_d_i_is_store_fu_412                        |   1|   0|    1|          0|
    |i_safe_d_i_rd_2_reg_20055                         |   5|   0|    5|          0|
    |i_safe_d_i_rd_fu_456                              |   5|   0|    5|          0|
    |i_safe_d_i_rs1_2_reg_20062                        |   5|   0|    5|          0|
    |i_safe_d_i_rs1_2_reg_20062_pp0_iter1_reg          |   5|   0|    5|          0|
    |i_safe_d_i_rs1_fu_448                             |   5|   0|    5|          0|
    |i_safe_d_i_rs2_2_reg_20068                        |   5|   0|    5|          0|
    |i_safe_d_i_rs2_2_reg_20068_pp0_iter1_reg          |   5|   0|    5|          0|
    |i_safe_d_i_rs2_fu_444                             |   5|   0|    5|          0|
    |i_safe_d_i_type_fu_436                            |   3|   0|    3|          0|
    |i_safe_is_full_3_reg_20036                        |   1|   0|    1|          0|
    |i_safe_is_full_reg_20051                          |   1|   0|    1|          0|
    |i_safe_pc_fu_460                                  |  13|   0|   13|          0|
    |i_to_e_d_i_func3_reg_20025                        |   3|   0|    3|          0|
    |i_to_e_d_i_is_jalr_reg_20160                      |   1|   0|    1|          0|
    |i_to_e_d_i_is_load_reg_20020                      |   1|   0|    1|          0|
    |i_to_e_d_i_is_ret_reg_20155                       |   1|   0|    1|          0|
    |i_to_e_d_i_is_store_reg_20015                     |   1|   0|    1|          0|
    |i_to_e_is_valid_1_reg_20115                       |   1|   0|    1|          0|
    |i_to_e_is_valid_reg_1384                          |   1|   0|    1|          0|
    |i_to_e_pc_reg_20167                               |  13|   0|   13|          0|
    |i_to_e_rv1_3_reg_20135                            |  32|   0|   32|          0|
    |i_to_e_rv1_fu_612                                 |  32|   0|   32|          0|
    |i_to_e_rv2_fu_608                                 |  32|   0|   32|          0|
    |i_wait_2_reg_20111                                |   1|   0|    1|          0|
    |i_wait_fu_820                                     |   1|   0|    1|          0|
    |icmp_ln79_1_reg_20252                             |   1|   0|    1|          0|
    |is_load_1_fu_812                                  |   1|   0|    1|          0|
    |is_local_reg_19903                                |   1|   0|    1|          0|
    |is_reg_computed_64_reg_11234                      |   1|   0|    1|          0|
    |is_reg_computed_65_reg_11032                      |   1|   0|    1|          0|
    |is_reg_computed_66_reg_10830                      |   1|   0|    1|          0|
    |is_reg_computed_67_reg_10628                      |   1|   0|    1|          0|
    |is_reg_computed_68_reg_10426                      |   1|   0|    1|          0|
    |is_reg_computed_69_reg_10224                      |   1|   0|    1|          0|
    |is_reg_computed_70_reg_10022                      |   1|   0|    1|          0|
    |is_reg_computed_71_reg_9820                       |   1|   0|    1|          0|
    |is_reg_computed_72_reg_9618                       |   1|   0|    1|          0|
    |is_reg_computed_73_reg_9416                       |   1|   0|    1|          0|
    |is_reg_computed_74_reg_9214                       |   1|   0|    1|          0|
    |is_reg_computed_75_reg_9012                       |   1|   0|    1|          0|
    |is_reg_computed_76_reg_8810                       |   1|   0|    1|          0|
    |is_reg_computed_77_reg_8608                       |   1|   0|    1|          0|
    |is_reg_computed_78_reg_8406                       |   1|   0|    1|          0|
    |is_reg_computed_79_reg_8204                       |   1|   0|    1|          0|
    |is_reg_computed_80_reg_8002                       |   1|   0|    1|          0|
    |is_reg_computed_81_reg_7800                       |   1|   0|    1|          0|
    |is_reg_computed_82_reg_7598                       |   1|   0|    1|          0|
    |is_reg_computed_83_reg_7396                       |   1|   0|    1|          0|
    |is_reg_computed_84_reg_7194                       |   1|   0|    1|          0|
    |is_reg_computed_85_reg_6992                       |   1|   0|    1|          0|
    |is_reg_computed_86_reg_6790                       |   1|   0|    1|          0|
    |is_reg_computed_87_reg_6588                       |   1|   0|    1|          0|
    |is_reg_computed_88_reg_6386                       |   1|   0|    1|          0|
    |is_reg_computed_89_reg_6184                       |   1|   0|    1|          0|
    |is_reg_computed_90_reg_5982                       |   1|   0|    1|          0|
    |is_reg_computed_91_reg_5780                       |   1|   0|    1|          0|
    |is_reg_computed_92_reg_5578                       |   1|   0|    1|          0|
    |is_reg_computed_93_reg_5376                       |   1|   0|    1|          0|
    |is_reg_computed_94_reg_5174                       |   1|   0|    1|          0|
    |is_reg_computed_95_reg_4972                       |   1|   0|    1|          0|
    |is_store_1_fu_808                                 |   1|   0|    1|          0|
    |m_from_e_has_no_dest_fu_784                       |   1|   0|    1|          0|
    |m_from_e_is_ret_fu_772                            |   1|   0|    1|          0|
    |m_from_e_rd_fu_792                                |   5|   0|    5|          0|
    |m_to_w_is_load_reg_20172                          |   1|   0|    1|          0|
    |m_to_w_is_valid_reg_1397                          |   1|   0|    1|          0|
    |m_to_w_rd_reg_20176                               |   5|   0|    5|          0|
    |m_to_w_result_reg_19979                           |  32|   0|   32|          0|
    |m_to_w_result_reg_19979_pp0_iter1_reg             |  32|   0|   32|          0|
    |msize_2_reg_19907                                 |   2|   0|    2|          0|
    |msize_fu_804                                      |   3|   0|    3|          0|
    |nbc_fu_428                                        |  32|   0|   32|          0|
    |next_pc_1_reg_20262                               |  13|   0|   13|          0|
    |pc_1_fu_676                                       |  13|   0|   13|          0|
    |pc_2_fu_760                                       |  13|   0|   13|          0|
    |pc_5_reg_20219                                    |  13|   0|   13|          0|
    |reg_11573                                         |  13|   0|   13|          0|
    |reg_file_10_fu_504                                |  32|   0|   32|          0|
    |reg_file_11_fu_508                                |  32|   0|   32|          0|
    |reg_file_12_fu_512                                |  32|   0|   32|          0|
    |reg_file_13_fu_516                                |  32|   0|   32|          0|
    |reg_file_14_fu_520                                |  32|   0|   32|          0|
    |reg_file_15_fu_524                                |  32|   0|   32|          0|
    |reg_file_16_fu_528                                |  32|   0|   32|          0|
    |reg_file_17_fu_532                                |  32|   0|   32|          0|
    |reg_file_18_fu_536                                |  32|   0|   32|          0|
    |reg_file_19_fu_540                                |  32|   0|   32|          0|
    |reg_file_1_fu_468                                 |  32|   0|   32|          0|
    |reg_file_20_fu_544                                |  32|   0|   32|          0|
    |reg_file_21_fu_548                                |  32|   0|   32|          0|
    |reg_file_22_fu_552                                |  32|   0|   32|          0|
    |reg_file_23_fu_556                                |  32|   0|   32|          0|
    |reg_file_24_fu_560                                |  32|   0|   32|          0|
    |reg_file_25_fu_564                                |  32|   0|   32|          0|
    |reg_file_26_fu_568                                |  32|   0|   32|          0|
    |reg_file_27_fu_572                                |  32|   0|   32|          0|
    |reg_file_28_fu_576                                |  32|   0|   32|          0|
    |reg_file_29_fu_580                                |  32|   0|   32|          0|
    |reg_file_2_fu_472                                 |  32|   0|   32|          0|
    |reg_file_30_fu_584                                |  32|   0|   32|          0|
    |reg_file_31_fu_588                                |  32|   0|   32|          0|
    |reg_file_32_fu_592                                |  32|   0|   32|          0|
    |reg_file_3_fu_476                                 |  32|   0|   32|          0|
    |reg_file_4_fu_480                                 |  32|   0|   32|          0|
    |reg_file_5_fu_484                                 |  32|   0|   32|          0|
    |reg_file_6_fu_488                                 |  32|   0|   32|          0|
    |reg_file_7_fu_492                                 |  32|   0|   32|          0|
    |reg_file_8_fu_496                                 |  32|   0|   32|          0|
    |reg_file_9_fu_500                                 |  32|   0|   32|          0|
    |result_25_reg_20257                               |  32|   0|   32|          0|
    |sext_ln42_reg_20247                               |  32|   0|   32|          0|
    |shl_ln100_2_reg_20269                             |  32|   0|   32|          0|
    |shl_ln100_reg_19916                               |   4|   0|    4|          0|
    |shl_ln85_reg_19958                                |   4|   0|    4|          0|
    |shl_ln90_2_reg_20274                              |  32|   0|   32|          0|
    |shl_ln90_reg_19942                                |   4|   0|    4|          0|
    |shl_ln95_reg_19932                                |   4|   0|    4|          0|
    |tmp_11_reg_19927                                  |   1|   0|    1|          0|
    |trunc_ln100_reg_19911                             |   2|   0|    2|          0|
    |trunc_ln108_1_reg_19974                           |   2|   0|    2|          0|
    |trunc_ln108_2_reg_19953                           |   2|   0|    2|          0|
    |trunc_ln90_reg_19937                              |   2|   0|    2|          0|
    |w_from_m_has_no_dest_fu_788                       |   1|   0|    1|          0|
    |w_from_m_is_load_fu_780                           |   1|   0|    1|          0|
    |w_from_m_is_ret_fu_776                            |   1|   0|    1|          0|
    |w_from_m_rd_fu_796                                |   5|   0|    5|          0|
    |w_from_m_result_fu_596                            |  32|   0|   32|          0|
    |w_from_m_value_fu_600                             |  32|   0|   32|          0|
    |a1_reg_19963                                      |  64|  32|    1|          0|
    |accessed_ip_reg_19898                             |  64|  32|    2|          0|
    |add_ln49_reg_20288                                |  64|  32|   32|          0|
    |and_ln31_reg_20284                                |  64|  32|    1|          0|
    |and_ln41_1_reg_20125                              |  64|  32|    1|          0|
    |data_ram_read_reg_19881                           |  64|  32|   64|          0|
    |e_to_m_func3_reg_19886                            |  64|  32|    3|          0|
    |e_to_m_is_load_reg_19894                          |  64|  32|    1|          0|
    |e_to_m_is_store_reg_19890                         |  64|  32|    1|          0|
    |e_to_m_is_valid_reg_989                           |  64|  32|    1|          0|
    |e_to_m_value_2_reg_20129                          |  64|  32|   32|          0|
    |gmem_addr_1_reg_19947                             |  64|  32|   64|          0|
    |gmem_addr_2_reg_19921                             |  64|  32|   64|          0|
    |i_safe_d_i_has_no_dest_2_reg_20107                |  64|  32|    1|          0|
    |i_safe_is_full_reg_20051                          |  64|  32|    1|          0|
    |i_to_e_is_valid_reg_1384                          |  64|  32|    1|          0|
    |i_wait_2_reg_20111                                |  64|  32|    1|          0|
    |is_local_reg_19903                                |  64|  32|    1|          0|
    |m_to_w_is_load_reg_20172                          |  64|  32|    1|          0|
    |m_to_w_rd_reg_20176                               |  64|  32|    5|          0|
    |msize_2_reg_19907                                 |  64|  32|    2|          0|
    |reg_11573                                         |  64|  32|   13|          0|
    |shl_ln100_2_reg_20269                             |  64|  32|   32|          0|
    |shl_ln100_reg_19916                               |  64|  32|    4|          0|
    |shl_ln90_2_reg_20274                              |  64|  32|   32|          0|
    |shl_ln90_reg_19942                                |  64|  32|    4|          0|
    |trunc_ln108_1_reg_19974                           |  64|  32|    2|          0|
    +--------------------------------------------------+----+----+-----+-----------+
    |Total                                             |4425| 864| 3064|          0|
    +--------------------------------------------------+----+----+-----+-----------+



================================================================
== Interface
================================================================
* Summary: 
+-----------------------+-----+-----+------------+------------------------+--------------+
|       RTL Ports       | Dir | Bits|  Protocol  |      Source Object     |    C Type    |
+-----------------------+-----+-----+------------+------------------------+--------------+
|s_axi_control_AWVALID  |   in|    1|       s_axi|                 control|         array|
|s_axi_control_AWREADY  |  out|    1|       s_axi|                 control|         array|
|s_axi_control_AWADDR   |   in|   16|       s_axi|                 control|         array|
|s_axi_control_WVALID   |   in|    1|       s_axi|                 control|         array|
|s_axi_control_WREADY   |  out|    1|       s_axi|                 control|         array|
|s_axi_control_WDATA    |   in|   32|       s_axi|                 control|         array|
|s_axi_control_WSTRB    |   in|    4|       s_axi|                 control|         array|
|s_axi_control_ARVALID  |   in|    1|       s_axi|                 control|         array|
|s_axi_control_ARREADY  |  out|    1|       s_axi|                 control|         array|
|s_axi_control_ARADDR   |   in|   16|       s_axi|                 control|         array|
|s_axi_control_RVALID   |  out|    1|       s_axi|                 control|         array|
|s_axi_control_RREADY   |   in|    1|       s_axi|                 control|         array|
|s_axi_control_RDATA    |  out|   32|       s_axi|                 control|         array|
|s_axi_control_RRESP    |  out|    2|       s_axi|                 control|         array|
|s_axi_control_BVALID   |  out|    1|       s_axi|                 control|         array|
|s_axi_control_BREADY   |   in|    1|       s_axi|                 control|         array|
|s_axi_control_BRESP    |  out|    2|       s_axi|                 control|         array|
|ap_clk                 |   in|    1|  ap_ctrl_hs|  multicycle_pipeline_ip|  return value|
|ap_rst_n               |   in|    1|  ap_ctrl_hs|  multicycle_pipeline_ip|  return value|
|interrupt              |  out|    1|  ap_ctrl_hs|  multicycle_pipeline_ip|  return value|
|m_axi_gmem_AWVALID     |  out|    1|       m_axi|                    gmem|       pointer|
|m_axi_gmem_AWREADY     |   in|    1|       m_axi|                    gmem|       pointer|
|m_axi_gmem_AWADDR      |  out|   64|       m_axi|                    gmem|       pointer|
|m_axi_gmem_AWID        |  out|    1|       m_axi|                    gmem|       pointer|
|m_axi_gmem_AWLEN       |  out|    8|       m_axi|                    gmem|       pointer|
|m_axi_gmem_AWSIZE      |  out|    3|       m_axi|                    gmem|       pointer|
|m_axi_gmem_AWBURST     |  out|    2|       m_axi|                    gmem|       pointer|
|m_axi_gmem_AWLOCK      |  out|    2|       m_axi|                    gmem|       pointer|
|m_axi_gmem_AWCACHE     |  out|    4|       m_axi|                    gmem|       pointer|
|m_axi_gmem_AWPROT      |  out|    3|       m_axi|                    gmem|       pointer|
|m_axi_gmem_AWQOS       |  out|    4|       m_axi|                    gmem|       pointer|
|m_axi_gmem_AWREGION    |  out|    4|       m_axi|                    gmem|       pointer|
|m_axi_gmem_AWUSER      |  out|    1|       m_axi|                    gmem|       pointer|
|m_axi_gmem_WVALID      |  out|    1|       m_axi|                    gmem|       pointer|
|m_axi_gmem_WREADY      |   in|    1|       m_axi|                    gmem|       pointer|
|m_axi_gmem_WDATA       |  out|   32|       m_axi|                    gmem|       pointer|
|m_axi_gmem_WSTRB       |  out|    4|       m_axi|                    gmem|       pointer|
|m_axi_gmem_WLAST       |  out|    1|       m_axi|                    gmem|       pointer|
|m_axi_gmem_WID         |  out|    1|       m_axi|                    gmem|       pointer|
|m_axi_gmem_WUSER       |  out|    1|       m_axi|                    gmem|       pointer|
|m_axi_gmem_ARVALID     |  out|    1|       m_axi|                    gmem|       pointer|
|m_axi_gmem_ARREADY     |   in|    1|       m_axi|                    gmem|       pointer|
|m_axi_gmem_ARADDR      |  out|   64|       m_axi|                    gmem|       pointer|
|m_axi_gmem_ARID        |  out|    1|       m_axi|                    gmem|       pointer|
|m_axi_gmem_ARLEN       |  out|    8|       m_axi|                    gmem|       pointer|
|m_axi_gmem_ARSIZE      |  out|    3|       m_axi|                    gmem|       pointer|
|m_axi_gmem_ARBURST     |  out|    2|       m_axi|                    gmem|       pointer|
|m_axi_gmem_ARLOCK      |  out|    2|       m_axi|                    gmem|       pointer|
|m_axi_gmem_ARCACHE     |  out|    4|       m_axi|                    gmem|       pointer|
|m_axi_gmem_ARPROT      |  out|    3|       m_axi|                    gmem|       pointer|
|m_axi_gmem_ARQOS       |  out|    4|       m_axi|                    gmem|       pointer|
|m_axi_gmem_ARREGION    |  out|    4|       m_axi|                    gmem|       pointer|
|m_axi_gmem_ARUSER      |  out|    1|       m_axi|                    gmem|       pointer|
|m_axi_gmem_RVALID      |   in|    1|       m_axi|                    gmem|       pointer|
|m_axi_gmem_RREADY      |  out|    1|       m_axi|                    gmem|       pointer|
|m_axi_gmem_RDATA       |   in|   32|       m_axi|                    gmem|       pointer|
|m_axi_gmem_RLAST       |   in|    1|       m_axi|                    gmem|       pointer|
|m_axi_gmem_RID         |   in|    1|       m_axi|                    gmem|       pointer|
|m_axi_gmem_RUSER       |   in|    1|       m_axi|                    gmem|       pointer|
|m_axi_gmem_RRESP       |   in|    2|       m_axi|                    gmem|       pointer|
|m_axi_gmem_BVALID      |   in|    1|       m_axi|                    gmem|       pointer|
|m_axi_gmem_BREADY      |  out|    1|       m_axi|                    gmem|       pointer|
|m_axi_gmem_BRESP       |   in|    2|       m_axi|                    gmem|       pointer|
|m_axi_gmem_BID         |   in|    1|       m_axi|                    gmem|       pointer|
|m_axi_gmem_BUSER       |   in|    1|       m_axi|                    gmem|       pointer|
|ip_data_ram_Addr_A     |  out|   32|        bram|             ip_data_ram|         array|
|ip_data_ram_EN_A       |  out|    1|        bram|             ip_data_ram|         array|
|ip_data_ram_WEN_A      |  out|    4|        bram|             ip_data_ram|         array|
|ip_data_ram_Din_A      |  out|   32|        bram|             ip_data_ram|         array|
|ip_data_ram_Dout_A     |   in|   32|        bram|             ip_data_ram|         array|
|ip_data_ram_Clk_A      |  out|    1|        bram|             ip_data_ram|         array|
|ip_data_ram_Rst_A      |  out|    1|        bram|             ip_data_ram|         array|
+-----------------------+-----+-----+------------+------------------------+--------------+

