INFO: [SIM 2] *************** CSIM start ***************
INFO: [SIM 4] CSIM will launch CLANG as the compiler.
   Compiling ../../../../../../testbench_seq_multihart_ip.cpp in debug mode
   Compiling ../../../../../../wb.cpp in debug mode
   Compiling ../../../../../../type.cpp in debug mode
   Compiling ../../../../../../print.cpp in debug mode
   Compiling ../../../../../../new_cycle.cpp in debug mode
   Compiling ../../../../../../multihart_ip.cpp in debug mode
   Compiling ../../../../../../mem_access.cpp in debug mode
   Compiling ../../../../../../mem.cpp in debug mode
   Compiling ../../../../../../issue.cpp in debug mode
   Compiling ../../../../../../immediate.cpp in debug mode
   Compiling ../../../../../../fetch.cpp in debug mode
   Compiling ../../../../../../execute.cpp in debug mode
   Compiling ../../../../../../emulate.cpp in debug mode
   Compiling ../../../../../../disassemble.cpp in debug mode
   Compiling ../../../../../../decode.cpp in debug mode
   Compiling ../../../../../../compute.cpp in debug mode
   Generating csim.exe
hart 0: 0000: 00000513      li a0, 0
hart 0:       a0  =                0 (       0)
hart 1: 0000: 00000513      li a0, 0
hart 1:       a0  =                0 (       0)
hart 0: 0004: 00000593      li a1, 0
hart 0:       a1  =                0 (       0)
hart 1: 0004: 00000593      li a1, 0
hart 1:       a1  =                0 (       0)
hart 0: 0008: 00000613      li a2, 0
hart 0:       a2  =                0 (       0)
hart 1: 0008: 00000613      li a2, 0
hart 1:       a2  =                0 (       0)
hart 0: 0012: 02860693      addi a3, a2, 40
hart 0:       a3  =               40 (      28)
hart 1: 0012: 02860693      addi a3, a2, 40
hart 1:       a3  =               40 (      28)
hart 0: 0016: 00158593      addi a1, a1, 1
hart 0:       a1  =                1 (       1)
hart 1: 0016: 00158593      addi a1, a1, 1
hart 1:       a1  =                1 (       1)
hart 0: 0020: 00b62023      sw a1, 0(a2)
hart 0:       m[    0] =                1 (       1)
hart 1: 0020: 00b62023      sw a1, 0(a2)
hart 1:       m[10000] =                1 (       1)
hart 0: 0024: 00460613      addi a2, a2, 4
hart 0:       a2  =                4 (       4)
hart 1: 0024: 00460613      addi a2, a2, 4
hart 1:       a2  =                4 (       4)
hart 0: 0028: fed61ae3      bne a2, a3, 16
hart 0:       pc  =               16 (      10)
hart 1: 0028: fed61ae3      bne a2, a3, 16
hart 1:       pc  =               16 (      10)
hart 0: 0016: 00158593      addi a1, a1, 1
hart 0:       a1  =                2 (       2)
hart 1: 0016: 00158593      addi a1, a1, 1
hart 1:       a1  =                2 (       2)
hart 0: 0020: 00b62023      sw a1, 0(a2)
hart 0:       m[    4] =                2 (       2)
hart 1: 0020: 00b62023      sw a1, 0(a2)
hart 1:       m[10004] =                2 (       2)
hart 0: 0024: 00460613      addi a2, a2, 4
hart 0:       a2  =                8 (       8)
hart 1: 0024: 00460613      addi a2, a2, 4
hart 1:       a2  =                8 (       8)
hart 0: 0028: fed61ae3      bne a2, a3, 16
hart 0:       pc  =               16 (      10)
hart 1: 0028: fed61ae3      bne a2, a3, 16
hart 1:       pc  =               16 (      10)
hart 0: 0016: 00158593      addi a1, a1, 1
hart 0:       a1  =                3 (       3)
hart 1: 0016: 00158593      addi a1, a1, 1
hart 1:       a1  =                3 (       3)
hart 0: 0020: 00b62023      sw a1, 0(a2)
hart 0:       m[    8] =                3 (       3)
hart 1: 0020: 00b62023      sw a1, 0(a2)
hart 1:       m[10008] =                3 (       3)
hart 0: 0024: 00460613      addi a2, a2, 4
hart 0:       a2  =               12 (       c)
hart 1: 0024: 00460613      addi a2, a2, 4
hart 1:       a2  =               12 (       c)
hart 0: 0028: fed61ae3      bne a2, a3, 16
hart 0:       pc  =               16 (      10)
hart 1: 0028: fed61ae3      bne a2, a3, 16
hart 1:       pc  =               16 (      10)
hart 0: 0016: 00158593      addi a1, a1, 1
hart 0:       a1  =                4 (       4)
hart 1: 0016: 00158593      addi a1, a1, 1
hart 1:       a1  =                4 (       4)
hart 0: 0020: 00b62023      sw a1, 0(a2)
hart 0:       m[    c] =                4 (       4)
hart 1: 0020: 00b62023      sw a1, 0(a2)
hart 1:       m[1000c] =                4 (       4)
hart 0: 0024: 00460613      addi a2, a2, 4
hart 0:       a2  =               16 (      10)
hart 1: 0024: 00460613      addi a2, a2, 4
hart 1:       a2  =               16 (      10)
hart 0: 0028: fed61ae3      bne a2, a3, 16
hart 0:       pc  =               16 (      10)
hart 1: 0028: fed61ae3      bne a2, a3, 16
hart 1:       pc  =               16 (      10)
hart 0: 0016: 00158593      addi a1, a1, 1
hart 0:       a1  =                5 (       5)
hart 1: 0016: 00158593      addi a1, a1, 1
hart 1:       a1  =                5 (       5)
hart 0: 0020: 00b62023      sw a1, 0(a2)
hart 0:       m[   10] =                5 (       5)
hart 1: 0020: 00b62023      sw a1, 0(a2)
hart 1:       m[10010] =                5 (       5)
hart 0: 0024: 00460613      addi a2, a2, 4
hart 0:       a2  =               20 (      14)
hart 1: 0024: 00460613      addi a2, a2, 4
hart 1:       a2  =               20 (      14)
hart 0: 0028: fed61ae3      bne a2, a3, 16
hart 0:       pc  =               16 (      10)
hart 1: 0028: fed61ae3      bne a2, a3, 16
hart 1:       pc  =               16 (      10)
hart 0: 0016: 00158593      addi a1, a1, 1
hart 0:       a1  =                6 (       6)
hart 1: 0016: 00158593      addi a1, a1, 1
hart 1:       a1  =                6 (       6)
hart 0: 0020: 00b62023      sw a1, 0(a2)
hart 0:       m[   14] =                6 (       6)
hart 1: 0020: 00b62023      sw a1, 0(a2)
hart 1:       m[10014] =                6 (       6)
hart 0: 0024: 00460613      addi a2, a2, 4
hart 0:       a2  =               24 (      18)
hart 1: 0024: 00460613      addi a2, a2, 4
hart 1:       a2  =               24 (      18)
hart 0: 0028: fed61ae3      bne a2, a3, 16
hart 0:       pc  =               16 (      10)
hart 1: 0028: fed61ae3      bne a2, a3, 16
hart 1:       pc  =               16 (      10)
hart 0: 0016: 00158593      addi a1, a1, 1
hart 0:       a1  =                7 (       7)
hart 1: 0016: 00158593      addi a1, a1, 1
hart 1:       a1  =                7 (       7)
hart 0: 0020: 00b62023      sw a1, 0(a2)
hart 0:       m[   18] =                7 (       7)
hart 1: 0020: 00b62023      sw a1, 0(a2)
hart 1:       m[10018] =                7 (       7)
hart 0: 0024: 00460613      addi a2, a2, 4
hart 0:       a2  =               28 (      1c)
hart 1: 0024: 00460613      addi a2, a2, 4
hart 1:       a2  =               28 (      1c)
hart 0: 0028: fed61ae3      bne a2, a3, 16
hart 0:       pc  =               16 (      10)
hart 1: 0028: fed61ae3      bne a2, a3, 16
hart 1:       pc  =               16 (      10)
hart 0: 0016: 00158593      addi a1, a1, 1
hart 0:       a1  =                8 (       8)
hart 1: 0016: 00158593      addi a1, a1, 1
hart 1:       a1  =                8 (       8)
hart 0: 0020: 00b62023      sw a1, 0(a2)
hart 0:       m[   1c] =                8 (       8)
hart 1: 0020: 00b62023      sw a1, 0(a2)
hart 1:       m[1001c] =                8 (       8)
hart 0: 0024: 00460613      addi a2, a2, 4
hart 0:       a2  =               32 (      20)
hart 1: 0024: 00460613      addi a2, a2, 4
hart 1:       a2  =               32 (      20)
hart 0: 0028: fed61ae3      bne a2, a3, 16
hart 0:       pc  =               16 (      10)
hart 1: 0028: fed61ae3      bne a2, a3, 16
hart 1:       pc  =               16 (      10)
hart 0: 0016: 00158593      addi a1, a1, 1
hart 0:       a1  =                9 (       9)
hart 1: 0016: 00158593      addi a1, a1, 1
hart 1:       a1  =                9 (       9)
hart 0: 0020: 00b62023      sw a1, 0(a2)
hart 0:       m[   20] =                9 (       9)
hart 1: 0020: 00b62023      sw a1, 0(a2)
hart 1:       m[10020] =                9 (       9)
hart 0: 0024: 00460613      addi a2, a2, 4
hart 0:       a2  =               36 (      24)
hart 1: 0024: 00460613      addi a2, a2, 4
hart 1:       a2  =               36 (      24)
hart 0: 0028: fed61ae3      bne a2, a3, 16
hart 0:       pc  =               16 (      10)
hart 1: 0028: fed61ae3      bne a2, a3, 16
hart 1:       pc  =               16 (      10)
hart 0: 0016: 00158593      addi a1, a1, 1
hart 0:       a1  =               10 (       a)
hart 1: 0016: 00158593      addi a1, a1, 1
hart 1:       a1  =               10 (       a)
hart 0: 0020: 00b62023      sw a1, 0(a2)
hart 0:       m[   24] =               10 (       a)
hart 1: 0020: 00b62023      sw a1, 0(a2)
hart 1:       m[10024] =               10 (       a)
hart 0: 0024: 00460613      addi a2, a2, 4
hart 0:       a2  =               40 (      28)
hart 1: 0024: 00460613      addi a2, a2, 4
hart 1:       a2  =               40 (      28)
hart 0: 0028: fed61ae3      bne a2, a3, 16
hart 0:       pc  =               32 (      20)
hart 1: 0028: fed61ae3      bne a2, a3, 16
hart 1:       pc  =               32 (      20)
hart 0: 0032: 00000593      li a1, 0
hart 0:       a1  =                0 (       0)
hart 1: 0032: 00000593      li a1, 0
hart 1:       a1  =                0 (       0)
hart 0: 0036: 00000613      li a2, 0
hart 0:       a2  =                0 (       0)
hart 1: 0036: 00000613      li a2, 0
hart 1:       a2  =                0 (       0)
hart 0: 0040: 00062703      lw a4, 0(a2)
hart 0:       a4  =                1 (       1)    (m[    0])
hart 1: 0040: 00062703      lw a4, 0(a2)
hart 1:       a4  =                1 (       1)    (m[10000])
hart 0: 0044: 00e50533      add a0, a0, a4
hart 0:       a0  =                1 (       1)
hart 1: 0044: 00e50533      add a0, a0, a4
hart 1:       a0  =                1 (       1)
hart 0: 0048: 00460613      addi a2, a2, 4
hart 0:       a2  =                4 (       4)
hart 1: 0048: 00460613      addi a2, a2, 4
hart 1:       a2  =                4 (       4)
hart 0: 0052: fed61ae3      bne a2, a3, 40
hart 0:       pc  =               40 (      28)
hart 1: 0052: fed61ae3      bne a2, a3, 40
hart 1:       pc  =               40 (      28)
hart 0: 0040: 00062703      lw a4, 0(a2)
hart 0:       a4  =                2 (       2)    (m[    4])
hart 1: 0040: 00062703      lw a4, 0(a2)
hart 1:       a4  =                2 (       2)    (m[10004])
hart 0: 0044: 00e50533      add a0, a0, a4
hart 0:       a0  =                3 (       3)
hart 1: 0044: 00e50533      add a0, a0, a4
hart 1:       a0  =                3 (       3)
hart 0: 0048: 00460613      addi a2, a2, 4
hart 0:       a2  =                8 (       8)
hart 1: 0048: 00460613      addi a2, a2, 4
hart 1:       a2  =                8 (       8)
hart 0: 0052: fed61ae3      bne a2, a3, 40
hart 0:       pc  =               40 (      28)
hart 1: 0052: fed61ae3      bne a2, a3, 40
hart 1:       pc  =               40 (      28)
hart 0: 0040: 00062703      lw a4, 0(a2)
hart 0:       a4  =                3 (       3)    (m[    8])
hart 1: 0040: 00062703      lw a4, 0(a2)
hart 1:       a4  =                3 (       3)    (m[10008])
hart 0: 0044: 00e50533      add a0, a0, a4
hart 0:       a0  =                6 (       6)
hart 1: 0044: 00e50533      add a0, a0, a4
hart 1:       a0  =                6 (       6)
hart 0: 0048: 00460613      addi a2, a2, 4
hart 0:       a2  =               12 (       c)
hart 1: 0048: 00460613      addi a2, a2, 4
hart 1:       a2  =               12 (       c)
hart 0: 0052: fed61ae3      bne a2, a3, 40
hart 0:       pc  =               40 (      28)
hart 1: 0052: fed61ae3      bne a2, a3, 40
hart 1:       pc  =               40 (      28)
hart 0: 0040: 00062703      lw a4, 0(a2)
hart 0:       a4  =                4 (       4)    (m[    c])
hart 1: 0040: 00062703      lw a4, 0(a2)
hart 1:       a4  =                4 (       4)    (m[1000c])
hart 0: 0044: 00e50533      add a0, a0, a4
hart 0:       a0  =               10 (       a)
hart 1: 0044: 00e50533      add a0, a0, a4
hart 1:       a0  =               10 (       a)
hart 0: 0048: 00460613      addi a2, a2, 4
hart 0:       a2  =               16 (      10)
hart 1: 0048: 00460613      addi a2, a2, 4
hart 1:       a2  =               16 (      10)
hart 0: 0052: fed61ae3      bne a2, a3, 40
hart 0:       pc  =               40 (      28)
hart 1: 0052: fed61ae3      bne a2, a3, 40
hart 1:       pc  =               40 (      28)
hart 0: 0040: 00062703      lw a4, 0(a2)
hart 0:       a4  =                5 (       5)    (m[   10])
hart 1: 0040: 00062703      lw a4, 0(a2)
hart 1:       a4  =                5 (       5)    (m[10010])
hart 0: 0044: 00e50533      add a0, a0, a4
hart 0:       a0  =               15 (       f)
hart 1: 0044: 00e50533      add a0, a0, a4
hart 1:       a0  =               15 (       f)
hart 0: 0048: 00460613      addi a2, a2, 4
hart 0:       a2  =               20 (      14)
hart 1: 0048: 00460613      addi a2, a2, 4
hart 1:       a2  =               20 (      14)
hart 0: 0052: fed61ae3      bne a2, a3, 40
hart 0:       pc  =               40 (      28)
hart 1: 0052: fed61ae3      bne a2, a3, 40
hart 1:       pc  =               40 (      28)
hart 0: 0040: 00062703      lw a4, 0(a2)
hart 0:       a4  =                6 (       6)    (m[   14])
hart 1: 0040: 00062703      lw a4, 0(a2)
hart 1:       a4  =                6 (       6)    (m[10014])
hart 0: 0044: 00e50533      add a0, a0, a4
hart 0:       a0  =               21 (      15)
hart 1: 0044: 00e50533      add a0, a0, a4
hart 1:       a0  =               21 (      15)
hart 0: 0048: 00460613      addi a2, a2, 4
hart 0:       a2  =               24 (      18)
hart 1: 0048: 00460613      addi a2, a2, 4
hart 1:       a2  =               24 (      18)
hart 0: 0052: fed61ae3      bne a2, a3, 40
hart 0:       pc  =               40 (      28)
hart 1: 0052: fed61ae3      bne a2, a3, 40
hart 1:       pc  =               40 (      28)
hart 0: 0040: 00062703      lw a4, 0(a2)
hart 0:       a4  =                7 (       7)    (m[   18])
hart 1: 0040: 00062703      lw a4, 0(a2)
hart 1:       a4  =                7 (       7)    (m[10018])
hart 0: 0044: 00e50533      add a0, a0, a4
hart 0:       a0  =               28 (      1c)
hart 1: 0044: 00e50533      add a0, a0, a4
hart 1:       a0  =               28 (      1c)
hart 0: 0048: 00460613      addi a2, a2, 4
hart 0:       a2  =               28 (      1c)
hart 1: 0048: 00460613      addi a2, a2, 4
hart 1:       a2  =               28 (      1c)
hart 0: 0052: fed61ae3      bne a2, a3, 40
hart 0:       pc  =               40 (      28)
hart 1: 0052: fed61ae3      bne a2, a3, 40
hart 1:       pc  =               40 (      28)
hart 0: 0040: 00062703      lw a4, 0(a2)
hart 0:       a4  =                8 (       8)    (m[   1c])
hart 1: 0040: 00062703      lw a4, 0(a2)
hart 1:       a4  =                8 (       8)    (m[1001c])
hart 0: 0044: 00e50533      add a0, a0, a4
hart 0:       a0  =               36 (      24)
hart 1: 0044: 00e50533      add a0, a0, a4
hart 1:       a0  =               36 (      24)
hart 0: 0048: 00460613      addi a2, a2, 4
hart 0:       a2  =               32 (      20)
hart 1: 0048: 00460613      addi a2, a2, 4
hart 1:       a2  =               32 (      20)
hart 0: 0052: fed61ae3      bne a2, a3, 40
hart 0:       pc  =               40 (      28)
hart 1: 0052: fed61ae3      bne a2, a3, 40
hart 1:       pc  =               40 (      28)
hart 0: 0040: 00062703      lw a4, 0(a2)
hart 0:       a4  =                9 (       9)    (m[   20])
hart 1: 0040: 00062703      lw a4, 0(a2)
hart 1:       a4  =                9 (       9)    (m[10020])
hart 0: 0044: 00e50533      add a0, a0, a4
hart 0:       a0  =               45 (      2d)
hart 1: 0044: 00e50533      add a0, a0, a4
hart 1:       a0  =               45 (      2d)
hart 0: 0048: 00460613      addi a2, a2, 4
hart 0:       a2  =               36 (      24)
hart 1: 0048: 00460613      addi a2, a2, 4
hart 1:       a2  =               36 (      24)
hart 0: 0052: fed61ae3      bne a2, a3, 40
hart 0:       pc  =               40 (      28)
hart 1: 0052: fed61ae3      bne a2, a3, 40
hart 1:       pc  =               40 (      28)
hart 0: 0040: 00062703      lw a4, 0(a2)
hart 0:       a4  =               10 (       a)    (m[   24])
hart 1: 0040: 00062703      lw a4, 0(a2)
hart 1:       a4  =               10 (       a)    (m[10024])
hart 0: 0044: 00e50533      add a0, a0, a4
hart 0:       a0  =               55 (      37)
hart 1: 0044: 00e50533      add a0, a0, a4
hart 1:       a0  =               55 (      37)
hart 0: 0048: 00460613      addi a2, a2, 4
hart 0:       a2  =               40 (      28)
hart 1: 0048: 00460613      addi a2, a2, 4
hart 1:       a2  =               40 (      28)
hart 0: 0052: fed61ae3      bne a2, a3, 40
hart 0:       pc  =               56 (      38)
hart 1: 0052: fed61ae3      bne a2, a3, 40
hart 1:       pc  =               56 (      38)
hart 0: 0056: 00a62223      sw a0, 4(a2)
hart 0:       m[   2c] =               55 (      37)
hart 1: 0056: 00a62223      sw a0, 4(a2)
hart 1:       m[1002c] =               55 (      37)
hart 0: 0060: 00008067      ret
hart 0:       pc  =                0 (       0)
hart 1: 0060: 00008067      ret
hart 1:       pc  =                0 (       0)
register file for hart 0
ra  =                0 (       0)
sp  =            65536 (   10000)
gp  =                0 (       0)
tp  =                0 (       0)
t0  =                0 (       0)
t1  =                0 (       0)
t2  =                0 (       0)
s0  =                0 (       0)
s1  =                0 (       0)
a0  =               55 (      37)
a1  =                0 (       0)
a2  =               40 (      28)
a3  =               40 (      28)
a4  =               10 (       a)
a5  =                0 (       0)
a6  =                0 (       0)
a7  =                0 (       0)
s2  =                0 (       0)
s3  =                0 (       0)
s4  =                0 (       0)
s5  =                0 (       0)
s6  =                0 (       0)
s7  =                0 (       0)
s8  =                0 (       0)
s9  =                0 (       0)
s10 =                0 (       0)
s11 =                0 (       0)
t3  =                0 (       0)
t4  =                0 (       0)
t5  =                0 (       0)
t6  =                0 (       0)
register file for hart 1
ra  =                0 (       0)
sp  =            65536 (   10000)
gp  =                0 (       0)
tp  =                0 (       0)
t0  =                0 (       0)
t1  =                0 (       0)
t2  =                0 (       0)
s0  =                0 (       0)
s1  =                0 (       0)
a0  =               55 (      37)
a1  =                0 (       0)
a2  =               40 (      28)
a3  =               40 (      28)
a4  =               10 (       a)
a5  =                0 (       0)
a6  =                0 (       0)
a7  =                0 (       0)
s2  =                0 (       0)
s3  =                0 (       0)
s4  =                0 (       0)
s5  =                0 (       0)
s6  =                0 (       0)
s7  =                0 (       0)
s8  =                0 (       0)
s9  =                0 (       0)
s10 =                0 (       0)
s11 =                0 (       0)
t3  =                0 (       0)
t4  =                0 (       0)
t5  =                0 (       0)
t6  =                0 (       0)
176 fetched and decoded instructions in 306 cycles (ipc = 0.58)
hart 0 data memory dump (non null words)
m[    0] =                1 (       1)
m[    4] =                2 (       2)
m[    8] =                3 (       3)
m[    c] =                4 (       4)
m[   10] =                5 (       5)
m[   14] =                6 (       6)
m[   18] =                7 (       7)
m[   1c] =                8 (       8)
m[   20] =                9 (       9)
m[   24] =               10 (       a)
m[   2c] =               55 (      37)
hart 1 data memory dump (non null words)
m[10000] =                1 (       1)
m[10004] =                2 (       2)
m[10008] =                3 (       3)
m[1000c] =                4 (       4)
m[10010] =                5 (       5)
m[10014] =                6 (       6)
m[10018] =                7 (       7)
m[1001c] =                8 (       8)
m[10020] =                9 (       9)
m[10024] =               10 (       a)
m[1002c] =               55 (      37)
INFO: [SIM 1] CSim done with 0 errors.
INFO: [SIM 3] *************** CSIM finish ***************
