
*** Running vivado
    with args -log design_1_multihart_ip_0_0.vds -m64 -product Vivado -mode batch -messageDb vivado.pb -notrace -source design_1_multihart_ip_0_0.tcl


****** Vivado v2024.1 (64-bit)
  **** SW Build 5076996 on Wed May 22 18:36:09 MDT 2024
  **** IP Build 5075265 on Wed May 22 21:45:21 MDT 2024
  **** SharedData Build 5076995 on Wed May 22 18:29:18 MDT 2024
  **** Start of session at: Sun Sep  8 19:27:58 2024
    ** Copyright 1986-2022 Xilinx, Inc. All Rights Reserved.
    ** Copyright 2022-2024 Advanced Micro Devices, Inc. All Rights Reserved.

source design_1_multihart_ip_0_0.tcl -notrace
create_project: Time (s): cpu = 00:00:11 ; elapsed = 00:00:11 . Memory (MB): peak = 1477.285 ; gain = 92.836 ; free physical = 12510 ; free virtual = 23459
INFO: [IP_Flow 19-234] Refreshing IP repositories
INFO: [IP_Flow 19-1700] Loaded user IP repository '/home/goossens/goossens-book-ip-projects/2024.1/multihart_4h_ip/workspace/hls_component/multihart_ip'.
INFO: [IP_Flow 19-2313] Loaded Vivado IP repository '/opt/Xilinx/Vivado/2024.1/data/ip'.
INFO: [IP_Flow 19-6924] IPCACHE: Running cache check for IP inst: design_1_multihart_ip_0_0
Command: synth_design -top design_1_multihart_ip_0_0 -part xc7z020clg400-1 -incremental_mode off -mode out_of_context
Starting synth_design
Attempting to get a license for feature 'Synthesis' and/or device 'xc7z020'
INFO: [Common 17-349] Got license for feature 'Synthesis' and/or device 'xc7z020'
INFO: [Device 21-403] Loading part xc7z020clg400-1
INFO: [Device 21-9227] Part: xc7z020clg400-1 does not have CEAM library.
INFO: [Synth 8-7079] Multithreading enabled for synth_design using a maximum of 4 processes.
INFO: [Synth 8-7078] Launching helper process for spawning children vivado processes
INFO: [Synth 8-7075] Helper process launched with PID 519550
---------------------------------------------------------------------------------
Starting RTL Elaboration : Time (s): cpu = 00:00:05 ; elapsed = 00:00:05 . Memory (MB): peak = 2273.312 ; gain = 422.715 ; free physical = 8100 ; free virtual = 19057
---------------------------------------------------------------------------------
INFO: [Synth 8-6157] synthesizing module 'design_1_multihart_ip_0_0' [/home/goossens/goossens-book-ip-projects/2024.1/multihart_4h_ip/project_1.gen/sources_1/bd/design_1/ip/design_1_multihart_ip_0_0/synth/design_1_multihart_ip_0_0.v:53]
INFO: [Synth 8-6157] synthesizing module 'multihart_ip' [/home/goossens/goossens-book-ip-projects/2024.1/multihart_4h_ip/project_1.gen/sources_1/bd/design_1/ipshared/4d62/hdl/verilog/multihart_ip.v:9]
INFO: [Synth 8-6157] synthesizing module 'multihart_ip_multihart_ip_Pipeline_VITIS_LOOP_193_1' [/home/goossens/goossens-book-ip-projects/2024.1/multihart_4h_ip/project_1.gen/sources_1/bd/design_1/ipshared/4d62/hdl/verilog/multihart_ip_multihart_ip_Pipeline_VITIS_LOOP_193_1.v:9]
INFO: [Synth 8-6157] synthesizing module 'multihart_ip_sparsemux_9_2_1_1_1' [/home/goossens/goossens-book-ip-projects/2024.1/multihart_4h_ip/project_1.gen/sources_1/bd/design_1/ipshared/4d62/hdl/verilog/multihart_ip_sparsemux_9_2_1_1_1.v:9]
INFO: [Synth 8-226] default block is never used [/home/goossens/goossens-book-ip-projects/2024.1/multihart_4h_ip/project_1.gen/sources_1/bd/design_1/ipshared/4d62/hdl/verilog/multihart_ip_sparsemux_9_2_1_1_1.v:55]
INFO: [Synth 8-6155] done synthesizing module 'multihart_ip_sparsemux_9_2_1_1_1' (0#1) [/home/goossens/goossens-book-ip-projects/2024.1/multihart_4h_ip/project_1.gen/sources_1/bd/design_1/ipshared/4d62/hdl/verilog/multihart_ip_sparsemux_9_2_1_1_1.v:9]
INFO: [Synth 8-6157] synthesizing module 'multihart_ip_sparsemux_7_2_1_1_1' [/home/goossens/goossens-book-ip-projects/2024.1/multihart_4h_ip/project_1.gen/sources_1/bd/design_1/ipshared/4d62/hdl/verilog/multihart_ip_sparsemux_7_2_1_1_1.v:9]
INFO: [Synth 8-6155] done synthesizing module 'multihart_ip_sparsemux_7_2_1_1_1' (0#1) [/home/goossens/goossens-book-ip-projects/2024.1/multihart_4h_ip/project_1.gen/sources_1/bd/design_1/ipshared/4d62/hdl/verilog/multihart_ip_sparsemux_7_2_1_1_1.v:9]
INFO: [Synth 8-6157] synthesizing module 'multihart_ip_sparsemux_9_2_15_1_1' [/home/goossens/goossens-book-ip-projects/2024.1/multihart_4h_ip/project_1.gen/sources_1/bd/design_1/ipshared/4d62/hdl/verilog/multihart_ip_sparsemux_9_2_15_1_1.v:9]
INFO: [Synth 8-226] default block is never used [/home/goossens/goossens-book-ip-projects/2024.1/multihart_4h_ip/project_1.gen/sources_1/bd/design_1/ipshared/4d62/hdl/verilog/multihart_ip_sparsemux_9_2_15_1_1.v:55]
INFO: [Synth 8-6155] done synthesizing module 'multihart_ip_sparsemux_9_2_15_1_1' (0#1) [/home/goossens/goossens-book-ip-projects/2024.1/multihart_4h_ip/project_1.gen/sources_1/bd/design_1/ipshared/4d62/hdl/verilog/multihart_ip_sparsemux_9_2_15_1_1.v:9]
INFO: [Synth 8-6157] synthesizing module 'multihart_ip_sparsemux_9_2_32_1_1' [/home/goossens/goossens-book-ip-projects/2024.1/multihart_4h_ip/project_1.gen/sources_1/bd/design_1/ipshared/4d62/hdl/verilog/multihart_ip_sparsemux_9_2_32_1_1.v:9]
INFO: [Synth 8-226] default block is never used [/home/goossens/goossens-book-ip-projects/2024.1/multihart_4h_ip/project_1.gen/sources_1/bd/design_1/ipshared/4d62/hdl/verilog/multihart_ip_sparsemux_9_2_32_1_1.v:55]
INFO: [Synth 8-6155] done synthesizing module 'multihart_ip_sparsemux_9_2_32_1_1' (0#1) [/home/goossens/goossens-book-ip-projects/2024.1/multihart_4h_ip/project_1.gen/sources_1/bd/design_1/ipshared/4d62/hdl/verilog/multihart_ip_sparsemux_9_2_32_1_1.v:9]
INFO: [Synth 8-6157] synthesizing module 'multihart_ip_sparsemux_65_5_1_1_1' [/home/goossens/goossens-book-ip-projects/2024.1/multihart_4h_ip/project_1.gen/sources_1/bd/design_1/ipshared/4d62/hdl/verilog/multihart_ip_sparsemux_65_5_1_1_1.v:9]
INFO: [Synth 8-226] default block is never used [/home/goossens/goossens-book-ip-projects/2024.1/multihart_4h_ip/project_1.gen/sources_1/bd/design_1/ipshared/4d62/hdl/verilog/multihart_ip_sparsemux_65_5_1_1_1.v:223]
INFO: [Synth 8-6155] done synthesizing module 'multihart_ip_sparsemux_65_5_1_1_1' (0#1) [/home/goossens/goossens-book-ip-projects/2024.1/multihart_4h_ip/project_1.gen/sources_1/bd/design_1/ipshared/4d62/hdl/verilog/multihart_ip_sparsemux_65_5_1_1_1.v:9]
INFO: [Synth 8-6157] synthesizing module 'multihart_ip_sparsemux_9_2_5_1_1' [/home/goossens/goossens-book-ip-projects/2024.1/multihart_4h_ip/project_1.gen/sources_1/bd/design_1/ipshared/4d62/hdl/verilog/multihart_ip_sparsemux_9_2_5_1_1.v:9]
INFO: [Synth 8-226] default block is never used [/home/goossens/goossens-book-ip-projects/2024.1/multihart_4h_ip/project_1.gen/sources_1/bd/design_1/ipshared/4d62/hdl/verilog/multihart_ip_sparsemux_9_2_5_1_1.v:55]
INFO: [Synth 8-6155] done synthesizing module 'multihart_ip_sparsemux_9_2_5_1_1' (0#1) [/home/goossens/goossens-book-ip-projects/2024.1/multihart_4h_ip/project_1.gen/sources_1/bd/design_1/ipshared/4d62/hdl/verilog/multihart_ip_sparsemux_9_2_5_1_1.v:9]
INFO: [Synth 8-6157] synthesizing module 'multihart_ip_sparsemux_7_2_2_1_1' [/home/goossens/goossens-book-ip-projects/2024.1/multihart_4h_ip/project_1.gen/sources_1/bd/design_1/ipshared/4d62/hdl/verilog/multihart_ip_sparsemux_7_2_2_1_1.v:9]
INFO: [Synth 8-6155] done synthesizing module 'multihart_ip_sparsemux_7_2_2_1_1' (0#1) [/home/goossens/goossens-book-ip-projects/2024.1/multihart_4h_ip/project_1.gen/sources_1/bd/design_1/ipshared/4d62/hdl/verilog/multihart_ip_sparsemux_7_2_2_1_1.v:9]
INFO: [Synth 8-6157] synthesizing module 'multihart_ip_sparsemux_7_2_5_1_1' [/home/goossens/goossens-book-ip-projects/2024.1/multihart_4h_ip/project_1.gen/sources_1/bd/design_1/ipshared/4d62/hdl/verilog/multihart_ip_sparsemux_7_2_5_1_1.v:9]
INFO: [Synth 8-6155] done synthesizing module 'multihart_ip_sparsemux_7_2_5_1_1' (0#1) [/home/goossens/goossens-book-ip-projects/2024.1/multihart_4h_ip/project_1.gen/sources_1/bd/design_1/ipshared/4d62/hdl/verilog/multihart_ip_sparsemux_7_2_5_1_1.v:9]
INFO: [Synth 8-6157] synthesizing module 'multihart_ip_sparsemux_9_2_3_1_1' [/home/goossens/goossens-book-ip-projects/2024.1/multihart_4h_ip/project_1.gen/sources_1/bd/design_1/ipshared/4d62/hdl/verilog/multihart_ip_sparsemux_9_2_3_1_1.v:9]
INFO: [Synth 8-226] default block is never used [/home/goossens/goossens-book-ip-projects/2024.1/multihart_4h_ip/project_1.gen/sources_1/bd/design_1/ipshared/4d62/hdl/verilog/multihart_ip_sparsemux_9_2_3_1_1.v:55]
INFO: [Synth 8-6155] done synthesizing module 'multihart_ip_sparsemux_9_2_3_1_1' (0#1) [/home/goossens/goossens-book-ip-projects/2024.1/multihart_4h_ip/project_1.gen/sources_1/bd/design_1/ipshared/4d62/hdl/verilog/multihart_ip_sparsemux_9_2_3_1_1.v:9]
INFO: [Synth 8-6157] synthesizing module 'multihart_ip_sparsemux_9_2_6_1_1' [/home/goossens/goossens-book-ip-projects/2024.1/multihart_4h_ip/project_1.gen/sources_1/bd/design_1/ipshared/4d62/hdl/verilog/multihart_ip_sparsemux_9_2_6_1_1.v:9]
INFO: [Synth 8-226] default block is never used [/home/goossens/goossens-book-ip-projects/2024.1/multihart_4h_ip/project_1.gen/sources_1/bd/design_1/ipshared/4d62/hdl/verilog/multihart_ip_sparsemux_9_2_6_1_1.v:55]
INFO: [Synth 8-6155] done synthesizing module 'multihart_ip_sparsemux_9_2_6_1_1' (0#1) [/home/goossens/goossens-book-ip-projects/2024.1/multihart_4h_ip/project_1.gen/sources_1/bd/design_1/ipshared/4d62/hdl/verilog/multihart_ip_sparsemux_9_2_6_1_1.v:9]
INFO: [Synth 8-6157] synthesizing module 'multihart_ip_sparsemux_9_2_20_1_1' [/home/goossens/goossens-book-ip-projects/2024.1/multihart_4h_ip/project_1.gen/sources_1/bd/design_1/ipshared/4d62/hdl/verilog/multihart_ip_sparsemux_9_2_20_1_1.v:9]
INFO: [Synth 8-226] default block is never used [/home/goossens/goossens-book-ip-projects/2024.1/multihart_4h_ip/project_1.gen/sources_1/bd/design_1/ipshared/4d62/hdl/verilog/multihart_ip_sparsemux_9_2_20_1_1.v:55]
INFO: [Synth 8-6155] done synthesizing module 'multihart_ip_sparsemux_9_2_20_1_1' (0#1) [/home/goossens/goossens-book-ip-projects/2024.1/multihart_4h_ip/project_1.gen/sources_1/bd/design_1/ipshared/4d62/hdl/verilog/multihart_ip_sparsemux_9_2_20_1_1.v:9]
INFO: [Synth 8-6157] synthesizing module 'multihart_ip_sparsemux_9_2_2_1_1' [/home/goossens/goossens-book-ip-projects/2024.1/multihart_4h_ip/project_1.gen/sources_1/bd/design_1/ipshared/4d62/hdl/verilog/multihart_ip_sparsemux_9_2_2_1_1.v:9]
INFO: [Synth 8-226] default block is never used [/home/goossens/goossens-book-ip-projects/2024.1/multihart_4h_ip/project_1.gen/sources_1/bd/design_1/ipshared/4d62/hdl/verilog/multihart_ip_sparsemux_9_2_2_1_1.v:55]
INFO: [Synth 8-6155] done synthesizing module 'multihart_ip_sparsemux_9_2_2_1_1' (0#1) [/home/goossens/goossens-book-ip-projects/2024.1/multihart_4h_ip/project_1.gen/sources_1/bd/design_1/ipshared/4d62/hdl/verilog/multihart_ip_sparsemux_9_2_2_1_1.v:9]
INFO: [Synth 8-6157] synthesizing module 'multihart_ip_sparsemux_65_5_32_1_1' [/home/goossens/goossens-book-ip-projects/2024.1/multihart_4h_ip/project_1.gen/sources_1/bd/design_1/ipshared/4d62/hdl/verilog/multihart_ip_sparsemux_65_5_32_1_1.v:9]
INFO: [Synth 8-226] default block is never used [/home/goossens/goossens-book-ip-projects/2024.1/multihart_4h_ip/project_1.gen/sources_1/bd/design_1/ipshared/4d62/hdl/verilog/multihart_ip_sparsemux_65_5_32_1_1.v:223]
INFO: [Synth 8-6155] done synthesizing module 'multihart_ip_sparsemux_65_5_32_1_1' (0#1) [/home/goossens/goossens-book-ip-projects/2024.1/multihart_4h_ip/project_1.gen/sources_1/bd/design_1/ipshared/4d62/hdl/verilog/multihart_ip_sparsemux_65_5_32_1_1.v:9]
INFO: [Synth 8-6157] synthesizing module 'multihart_ip_sparsemux_9_2_7_1_1' [/home/goossens/goossens-book-ip-projects/2024.1/multihart_4h_ip/project_1.gen/sources_1/bd/design_1/ipshared/4d62/hdl/verilog/multihart_ip_sparsemux_9_2_7_1_1.v:9]
INFO: [Synth 8-226] default block is never used [/home/goossens/goossens-book-ip-projects/2024.1/multihart_4h_ip/project_1.gen/sources_1/bd/design_1/ipshared/4d62/hdl/verilog/multihart_ip_sparsemux_9_2_7_1_1.v:55]
INFO: [Synth 8-6155] done synthesizing module 'multihart_ip_sparsemux_9_2_7_1_1' (0#1) [/home/goossens/goossens-book-ip-projects/2024.1/multihart_4h_ip/project_1.gen/sources_1/bd/design_1/ipshared/4d62/hdl/verilog/multihart_ip_sparsemux_9_2_7_1_1.v:9]
INFO: [Synth 8-6157] synthesizing module 'multihart_ip_sparsemux_15_6_1_1_1' [/home/goossens/goossens-book-ip-projects/2024.1/multihart_4h_ip/project_1.gen/sources_1/bd/design_1/ipshared/4d62/hdl/verilog/multihart_ip_sparsemux_15_6_1_1_1.v:9]
INFO: [Synth 8-6155] done synthesizing module 'multihart_ip_sparsemux_15_6_1_1_1' (0#1) [/home/goossens/goossens-book-ip-projects/2024.1/multihart_4h_ip/project_1.gen/sources_1/bd/design_1/ipshared/4d62/hdl/verilog/multihart_ip_sparsemux_15_6_1_1_1.v:9]
INFO: [Synth 8-6157] synthesizing module 'multihart_ip_sparsemux_17_7_32_1_1' [/home/goossens/goossens-book-ip-projects/2024.1/multihart_4h_ip/project_1.gen/sources_1/bd/design_1/ipshared/4d62/hdl/verilog/multihart_ip_sparsemux_17_7_32_1_1.v:9]
INFO: [Synth 8-6155] done synthesizing module 'multihart_ip_sparsemux_17_7_32_1_1' (0#1) [/home/goossens/goossens-book-ip-projects/2024.1/multihart_4h_ip/project_1.gen/sources_1/bd/design_1/ipshared/4d62/hdl/verilog/multihart_ip_sparsemux_17_7_32_1_1.v:9]
INFO: [Synth 8-6157] synthesizing module 'multihart_ip_sparsemux_13_5_32_1_1' [/home/goossens/goossens-book-ip-projects/2024.1/multihart_4h_ip/project_1.gen/sources_1/bd/design_1/ipshared/4d62/hdl/verilog/multihart_ip_sparsemux_13_5_32_1_1.v:9]
INFO: [Synth 8-6155] done synthesizing module 'multihart_ip_sparsemux_13_5_32_1_1' (0#1) [/home/goossens/goossens-book-ip-projects/2024.1/multihart_4h_ip/project_1.gen/sources_1/bd/design_1/ipshared/4d62/hdl/verilog/multihart_ip_sparsemux_13_5_32_1_1.v:9]
INFO: [Synth 8-6157] synthesizing module 'multihart_ip_sparsemux_9_3_32_1_1' [/home/goossens/goossens-book-ip-projects/2024.1/multihart_4h_ip/project_1.gen/sources_1/bd/design_1/ipshared/4d62/hdl/verilog/multihart_ip_sparsemux_9_3_32_1_1.v:9]
INFO: [Synth 8-6155] done synthesizing module 'multihart_ip_sparsemux_9_3_32_1_1' (0#1) [/home/goossens/goossens-book-ip-projects/2024.1/multihart_4h_ip/project_1.gen/sources_1/bd/design_1/ipshared/4d62/hdl/verilog/multihart_ip_sparsemux_9_3_32_1_1.v:9]
INFO: [Synth 8-6157] synthesizing module 'multihart_ip_sparsemux_9_3_8_1_1' [/home/goossens/goossens-book-ip-projects/2024.1/multihart_4h_ip/project_1.gen/sources_1/bd/design_1/ipshared/4d62/hdl/verilog/multihart_ip_sparsemux_9_3_8_1_1.v:9]
INFO: [Synth 8-6155] done synthesizing module 'multihart_ip_sparsemux_9_3_8_1_1' (0#1) [/home/goossens/goossens-book-ip-projects/2024.1/multihart_4h_ip/project_1.gen/sources_1/bd/design_1/ipshared/4d62/hdl/verilog/multihart_ip_sparsemux_9_3_8_1_1.v:9]
INFO: [Synth 8-6157] synthesizing module 'multihart_ip_sparsemux_13_3_32_1_1' [/home/goossens/goossens-book-ip-projects/2024.1/multihart_4h_ip/project_1.gen/sources_1/bd/design_1/ipshared/4d62/hdl/verilog/multihart_ip_sparsemux_13_3_32_1_1.v:9]
INFO: [Synth 8-6155] done synthesizing module 'multihart_ip_sparsemux_13_3_32_1_1' (0#1) [/home/goossens/goossens-book-ip-projects/2024.1/multihart_4h_ip/project_1.gen/sources_1/bd/design_1/ipshared/4d62/hdl/verilog/multihart_ip_sparsemux_13_3_32_1_1.v:9]
INFO: [Synth 8-6157] synthesizing module 'multihart_ip_flow_control_loop_pipe_sequential_init' [/home/goossens/goossens-book-ip-projects/2024.1/multihart_4h_ip/project_1.gen/sources_1/bd/design_1/ipshared/4d62/hdl/verilog/multihart_ip_flow_control_loop_pipe_sequential_init.v:11]
INFO: [Synth 8-6155] done synthesizing module 'multihart_ip_flow_control_loop_pipe_sequential_init' (0#1) [/home/goossens/goossens-book-ip-projects/2024.1/multihart_4h_ip/project_1.gen/sources_1/bd/design_1/ipshared/4d62/hdl/verilog/multihart_ip_flow_control_loop_pipe_sequential_init.v:11]
INFO: [Synth 8-6155] done synthesizing module 'multihart_ip_multihart_ip_Pipeline_VITIS_LOOP_193_1' (0#1) [/home/goossens/goossens-book-ip-projects/2024.1/multihart_4h_ip/project_1.gen/sources_1/bd/design_1/ipshared/4d62/hdl/verilog/multihart_ip_multihart_ip_Pipeline_VITIS_LOOP_193_1.v:9]
INFO: [Synth 8-6157] synthesizing module 'multihart_ip_control_s_axi' [/home/goossens/goossens-book-ip-projects/2024.1/multihart_4h_ip/project_1.gen/sources_1/bd/design_1/ipshared/4d62/hdl/verilog/multihart_ip_control_s_axi.v:9]
INFO: [Synth 8-6157] synthesizing module 'multihart_ip_control_s_axi_ram' [/home/goossens/goossens-book-ip-projects/2024.1/multihart_4h_ip/project_1.gen/sources_1/bd/design_1/ipshared/4d62/hdl/verilog/multihart_ip_control_s_axi.v:708]
INFO: [Synth 8-6155] done synthesizing module 'multihart_ip_control_s_axi_ram' (0#1) [/home/goossens/goossens-book-ip-projects/2024.1/multihart_4h_ip/project_1.gen/sources_1/bd/design_1/ipshared/4d62/hdl/verilog/multihart_ip_control_s_axi.v:708]
INFO: [Synth 8-6157] synthesizing module 'multihart_ip_control_s_axi_ram__parameterized0' [/home/goossens/goossens-book-ip-projects/2024.1/multihart_4h_ip/project_1.gen/sources_1/bd/design_1/ipshared/4d62/hdl/verilog/multihart_ip_control_s_axi.v:708]
INFO: [Synth 8-6155] done synthesizing module 'multihart_ip_control_s_axi_ram__parameterized0' (0#1) [/home/goossens/goossens-book-ip-projects/2024.1/multihart_4h_ip/project_1.gen/sources_1/bd/design_1/ipshared/4d62/hdl/verilog/multihart_ip_control_s_axi.v:708]
INFO: [Synth 8-6157] synthesizing module 'multihart_ip_control_s_axi_ram__parameterized1' [/home/goossens/goossens-book-ip-projects/2024.1/multihart_4h_ip/project_1.gen/sources_1/bd/design_1/ipshared/4d62/hdl/verilog/multihart_ip_control_s_axi.v:708]
INFO: [Synth 8-6155] done synthesizing module 'multihart_ip_control_s_axi_ram__parameterized1' (0#1) [/home/goossens/goossens-book-ip-projects/2024.1/multihart_4h_ip/project_1.gen/sources_1/bd/design_1/ipshared/4d62/hdl/verilog/multihart_ip_control_s_axi.v:708]
INFO: [Synth 8-155] case statement is not full and has no default [/home/goossens/goossens-book-ip-projects/2024.1/multihart_4h_ip/project_1.gen/sources_1/bd/design_1/ipshared/4d62/hdl/verilog/multihart_ip_control_s_axi.v:348]
INFO: [Synth 8-6155] done synthesizing module 'multihart_ip_control_s_axi' (0#1) [/home/goossens/goossens-book-ip-projects/2024.1/multihart_4h_ip/project_1.gen/sources_1/bd/design_1/ipshared/4d62/hdl/verilog/multihart_ip_control_s_axi.v:9]
INFO: [Synth 8-6155] done synthesizing module 'multihart_ip' (0#1) [/home/goossens/goossens-book-ip-projects/2024.1/multihart_4h_ip/project_1.gen/sources_1/bd/design_1/ipshared/4d62/hdl/verilog/multihart_ip.v:9]
INFO: [Synth 8-6155] done synthesizing module 'design_1_multihart_ip_0_0' (0#1) [/home/goossens/goossens-book-ip-projects/2024.1/multihart_4h_ip/project_1.gen/sources_1/bd/design_1/ip/design_1_multihart_ip_0_0/synth/design_1_multihart_ip_0_0.v:53]
WARNING: [Synth 8-6014] Unused sequential element int_ap_done_reg was removed.  [/home/goossens/goossens-book-ip-projects/2024.1/multihart_4h_ip/project_1.gen/sources_1/bd/design_1/ipshared/4d62/hdl/verilog/multihart_ip_control_s_axi.v:430]
WARNING: [Synth 8-7129] Port we0[3] in module multihart_ip_control_s_axi_ram__parameterized0 is either unconnected or has no load
WARNING: [Synth 8-7129] Port we0[2] in module multihart_ip_control_s_axi_ram__parameterized0 is either unconnected or has no load
WARNING: [Synth 8-7129] Port we0[1] in module multihart_ip_control_s_axi_ram__parameterized0 is either unconnected or has no load
WARNING: [Synth 8-7129] Port we0[0] in module multihart_ip_control_s_axi_ram__parameterized0 is either unconnected or has no load
WARNING: [Synth 8-7129] Port d0[31] in module multihart_ip_control_s_axi_ram__parameterized0 is either unconnected or has no load
WARNING: [Synth 8-7129] Port d0[30] in module multihart_ip_control_s_axi_ram__parameterized0 is either unconnected or has no load
WARNING: [Synth 8-7129] Port d0[29] in module multihart_ip_control_s_axi_ram__parameterized0 is either unconnected or has no load
WARNING: [Synth 8-7129] Port d0[28] in module multihart_ip_control_s_axi_ram__parameterized0 is either unconnected or has no load
WARNING: [Synth 8-7129] Port d0[27] in module multihart_ip_control_s_axi_ram__parameterized0 is either unconnected or has no load
WARNING: [Synth 8-7129] Port d0[26] in module multihart_ip_control_s_axi_ram__parameterized0 is either unconnected or has no load
WARNING: [Synth 8-7129] Port d0[25] in module multihart_ip_control_s_axi_ram__parameterized0 is either unconnected or has no load
WARNING: [Synth 8-7129] Port d0[24] in module multihart_ip_control_s_axi_ram__parameterized0 is either unconnected or has no load
WARNING: [Synth 8-7129] Port d0[23] in module multihart_ip_control_s_axi_ram__parameterized0 is either unconnected or has no load
WARNING: [Synth 8-7129] Port d0[22] in module multihart_ip_control_s_axi_ram__parameterized0 is either unconnected or has no load
WARNING: [Synth 8-7129] Port d0[21] in module multihart_ip_control_s_axi_ram__parameterized0 is either unconnected or has no load
WARNING: [Synth 8-7129] Port d0[20] in module multihart_ip_control_s_axi_ram__parameterized0 is either unconnected or has no load
WARNING: [Synth 8-7129] Port d0[19] in module multihart_ip_control_s_axi_ram__parameterized0 is either unconnected or has no load
WARNING: [Synth 8-7129] Port d0[18] in module multihart_ip_control_s_axi_ram__parameterized0 is either unconnected or has no load
WARNING: [Synth 8-7129] Port d0[17] in module multihart_ip_control_s_axi_ram__parameterized0 is either unconnected or has no load
WARNING: [Synth 8-7129] Port d0[16] in module multihart_ip_control_s_axi_ram__parameterized0 is either unconnected or has no load
WARNING: [Synth 8-7129] Port d0[15] in module multihart_ip_control_s_axi_ram__parameterized0 is either unconnected or has no load
WARNING: [Synth 8-7129] Port d0[14] in module multihart_ip_control_s_axi_ram__parameterized0 is either unconnected or has no load
WARNING: [Synth 8-7129] Port d0[13] in module multihart_ip_control_s_axi_ram__parameterized0 is either unconnected or has no load
WARNING: [Synth 8-7129] Port d0[12] in module multihart_ip_control_s_axi_ram__parameterized0 is either unconnected or has no load
WARNING: [Synth 8-7129] Port d0[11] in module multihart_ip_control_s_axi_ram__parameterized0 is either unconnected or has no load
WARNING: [Synth 8-7129] Port d0[10] in module multihart_ip_control_s_axi_ram__parameterized0 is either unconnected or has no load
WARNING: [Synth 8-7129] Port d0[9] in module multihart_ip_control_s_axi_ram__parameterized0 is either unconnected or has no load
WARNING: [Synth 8-7129] Port d0[8] in module multihart_ip_control_s_axi_ram__parameterized0 is either unconnected or has no load
WARNING: [Synth 8-7129] Port d0[7] in module multihart_ip_control_s_axi_ram__parameterized0 is either unconnected or has no load
WARNING: [Synth 8-7129] Port d0[6] in module multihart_ip_control_s_axi_ram__parameterized0 is either unconnected or has no load
WARNING: [Synth 8-7129] Port d0[5] in module multihart_ip_control_s_axi_ram__parameterized0 is either unconnected or has no load
WARNING: [Synth 8-7129] Port d0[4] in module multihart_ip_control_s_axi_ram__parameterized0 is either unconnected or has no load
WARNING: [Synth 8-7129] Port d0[3] in module multihart_ip_control_s_axi_ram__parameterized0 is either unconnected or has no load
WARNING: [Synth 8-7129] Port d0[2] in module multihart_ip_control_s_axi_ram__parameterized0 is either unconnected or has no load
WARNING: [Synth 8-7129] Port d0[1] in module multihart_ip_control_s_axi_ram__parameterized0 is either unconnected or has no load
WARNING: [Synth 8-7129] Port d0[0] in module multihart_ip_control_s_axi_ram__parameterized0 is either unconnected or has no load
WARNING: [Synth 8-7129] Port we0[3] in module multihart_ip_control_s_axi_ram is either unconnected or has no load
WARNING: [Synth 8-7129] Port we0[2] in module multihart_ip_control_s_axi_ram is either unconnected or has no load
WARNING: [Synth 8-7129] Port we0[1] in module multihart_ip_control_s_axi_ram is either unconnected or has no load
WARNING: [Synth 8-7129] Port we0[0] in module multihart_ip_control_s_axi_ram is either unconnected or has no load
WARNING: [Synth 8-7129] Port d0[31] in module multihart_ip_control_s_axi_ram is either unconnected or has no load
WARNING: [Synth 8-7129] Port d0[30] in module multihart_ip_control_s_axi_ram is either unconnected or has no load
WARNING: [Synth 8-7129] Port d0[29] in module multihart_ip_control_s_axi_ram is either unconnected or has no load
WARNING: [Synth 8-7129] Port d0[28] in module multihart_ip_control_s_axi_ram is either unconnected or has no load
WARNING: [Synth 8-7129] Port d0[27] in module multihart_ip_control_s_axi_ram is either unconnected or has no load
WARNING: [Synth 8-7129] Port d0[26] in module multihart_ip_control_s_axi_ram is either unconnected or has no load
WARNING: [Synth 8-7129] Port d0[25] in module multihart_ip_control_s_axi_ram is either unconnected or has no load
WARNING: [Synth 8-7129] Port d0[24] in module multihart_ip_control_s_axi_ram is either unconnected or has no load
WARNING: [Synth 8-7129] Port d0[23] in module multihart_ip_control_s_axi_ram is either unconnected or has no load
WARNING: [Synth 8-7129] Port d0[22] in module multihart_ip_control_s_axi_ram is either unconnected or has no load
WARNING: [Synth 8-7129] Port d0[21] in module multihart_ip_control_s_axi_ram is either unconnected or has no load
WARNING: [Synth 8-7129] Port d0[20] in module multihart_ip_control_s_axi_ram is either unconnected or has no load
WARNING: [Synth 8-7129] Port d0[19] in module multihart_ip_control_s_axi_ram is either unconnected or has no load
WARNING: [Synth 8-7129] Port d0[18] in module multihart_ip_control_s_axi_ram is either unconnected or has no load
WARNING: [Synth 8-7129] Port d0[17] in module multihart_ip_control_s_axi_ram is either unconnected or has no load
WARNING: [Synth 8-7129] Port d0[16] in module multihart_ip_control_s_axi_ram is either unconnected or has no load
WARNING: [Synth 8-7129] Port d0[15] in module multihart_ip_control_s_axi_ram is either unconnected or has no load
WARNING: [Synth 8-7129] Port d0[14] in module multihart_ip_control_s_axi_ram is either unconnected or has no load
WARNING: [Synth 8-7129] Port d0[13] in module multihart_ip_control_s_axi_ram is either unconnected or has no load
WARNING: [Synth 8-7129] Port d0[12] in module multihart_ip_control_s_axi_ram is either unconnected or has no load
WARNING: [Synth 8-7129] Port d0[11] in module multihart_ip_control_s_axi_ram is either unconnected or has no load
WARNING: [Synth 8-7129] Port d0[10] in module multihart_ip_control_s_axi_ram is either unconnected or has no load
WARNING: [Synth 8-7129] Port d0[9] in module multihart_ip_control_s_axi_ram is either unconnected or has no load
WARNING: [Synth 8-7129] Port d0[8] in module multihart_ip_control_s_axi_ram is either unconnected or has no load
WARNING: [Synth 8-7129] Port d0[7] in module multihart_ip_control_s_axi_ram is either unconnected or has no load
WARNING: [Synth 8-7129] Port d0[6] in module multihart_ip_control_s_axi_ram is either unconnected or has no load
WARNING: [Synth 8-7129] Port d0[5] in module multihart_ip_control_s_axi_ram is either unconnected or has no load
WARNING: [Synth 8-7129] Port d0[4] in module multihart_ip_control_s_axi_ram is either unconnected or has no load
WARNING: [Synth 8-7129] Port d0[3] in module multihart_ip_control_s_axi_ram is either unconnected or has no load
WARNING: [Synth 8-7129] Port d0[2] in module multihart_ip_control_s_axi_ram is either unconnected or has no load
WARNING: [Synth 8-7129] Port d0[1] in module multihart_ip_control_s_axi_ram is either unconnected or has no load
WARNING: [Synth 8-7129] Port d0[0] in module multihart_ip_control_s_axi_ram is either unconnected or has no load
---------------------------------------------------------------------------------
Finished RTL Elaboration : Time (s): cpu = 00:00:10 ; elapsed = 00:00:11 . Memory (MB): peak = 2482.281 ; gain = 631.684 ; free physical = 7640 ; free virtual = 18599
---------------------------------------------------------------------------------
---------------------------------------------------------------------------------
Start Handling Custom Attributes
---------------------------------------------------------------------------------
---------------------------------------------------------------------------------
Finished Handling Custom Attributes : Time (s): cpu = 00:00:11 ; elapsed = 00:00:11 . Memory (MB): peak = 2482.281 ; gain = 631.684 ; free physical = 7633 ; free virtual = 18592
---------------------------------------------------------------------------------
---------------------------------------------------------------------------------
Finished RTL Optimization Phase 1 : Time (s): cpu = 00:00:11 ; elapsed = 00:00:11 . Memory (MB): peak = 2482.281 ; gain = 631.684 ; free physical = 7633 ; free virtual = 18592
---------------------------------------------------------------------------------
Netlist sorting complete. Time (s): cpu = 00:00:00.1 ; elapsed = 00:00:00.1 . Memory (MB): peak = 2482.281 ; gain = 0.000 ; free physical = 7626 ; free virtual = 18570
INFO: [Project 1-570] Preparing netlist for logic optimization

Processing XDC Constraints
Initializing timing engine
Parsing XDC File [/home/goossens/goossens-book-ip-projects/2024.1/multihart_4h_ip/project_1.gen/sources_1/bd/design_1/ip/design_1_multihart_ip_0_0/constraints/multihart_ip_ooc.xdc] for cell 'inst'
Finished Parsing XDC File [/home/goossens/goossens-book-ip-projects/2024.1/multihart_4h_ip/project_1.gen/sources_1/bd/design_1/ip/design_1_multihart_ip_0_0/constraints/multihart_ip_ooc.xdc] for cell 'inst'
Parsing XDC File [/home/goossens/goossens-book-ip-projects/2024.1/multihart_4h_ip/project_1.runs/design_1_multihart_ip_0_0_synth_1/dont_touch.xdc]
Finished Parsing XDC File [/home/goossens/goossens-book-ip-projects/2024.1/multihart_4h_ip/project_1.runs/design_1_multihart_ip_0_0_synth_1/dont_touch.xdc]
Completed Processing XDC Constraints

Netlist sorting complete. Time (s): cpu = 00:00:00 ; elapsed = 00:00:00 . Memory (MB): peak = 2600.125 ; gain = 0.000 ; free physical = 7641 ; free virtual = 18586
INFO: [Project 1-111] Unisim Transformation Summary:
No Unisim elements were transformed.

Constraint Validation Runtime : Time (s): cpu = 00:00:00.29 ; elapsed = 00:00:00.1 . Memory (MB): peak = 2600.125 ; gain = 0.000 ; free physical = 7641 ; free virtual = 18586
INFO: [Designutils 20-5008] Incremental synthesis strategy off
---------------------------------------------------------------------------------
Finished Constraint Validation : Time (s): cpu = 00:00:20 ; elapsed = 00:00:20 . Memory (MB): peak = 2600.125 ; gain = 749.527 ; free physical = 7528 ; free virtual = 18475
---------------------------------------------------------------------------------
---------------------------------------------------------------------------------
Start Loading Part and Timing Information
---------------------------------------------------------------------------------
Loading part: xc7z020clg400-1
---------------------------------------------------------------------------------
Finished Loading Part and Timing Information : Time (s): cpu = 00:00:20 ; elapsed = 00:00:20 . Memory (MB): peak = 2608.129 ; gain = 757.531 ; free physical = 7528 ; free virtual = 18475
---------------------------------------------------------------------------------
---------------------------------------------------------------------------------
Start Applying 'set_property' XDC Constraints
---------------------------------------------------------------------------------
Applied set_property KEEP_HIERARCHY = SOFT for inst. (constraint file  /home/goossens/goossens-book-ip-projects/2024.1/multihart_4h_ip/project_1.runs/design_1_multihart_ip_0_0_synth_1/dont_touch.xdc, line 9).
---------------------------------------------------------------------------------
Finished applying 'set_property' XDC Constraints : Time (s): cpu = 00:00:20 ; elapsed = 00:00:20 . Memory (MB): peak = 2608.129 ; gain = 757.531 ; free physical = 7528 ; free virtual = 18475
---------------------------------------------------------------------------------
INFO: [Synth 8-4490] FSM extraction disabled for register 'ap_CS_fsm_reg' through user attribute
INFO: [Synth 8-4490] FSM extraction disabled for register 'ap_CS_fsm_reg' through user attribute
INFO: [Synth 8-802] inferred FSM for state register 'wstate_reg' in module 'multihart_ip_control_s_axi'
INFO: [Synth 8-802] inferred FSM for state register 'rstate_reg' in module 'multihart_ip_control_s_axi'
INFO: [Synth 8-4490] FSM extraction disabled for register 'ap_CS_fsm_reg' through user attribute
WARNING: [Synth 8-6841] Block RAM (mem_reg) originally specified as a Byte Wide Write Enable RAM cannot take advantage of ByteWide feature and is implemented with single write enable per RAM due to following reason.
(address width (15) is more than optimal threshold of 12. Implementing using BWWE will require more logic and timing would be suboptimal. Please use attribute ram_decomp = power if BWWE is desired.)
WARNING: [Synth 8-6841] Block RAM (mem_reg) originally specified as a Byte Wide Write Enable RAM cannot take advantage of ByteWide feature and is implemented with single write enable per RAM due to following reason.
(address width (15) is more than optimal threshold of 12. Implementing using BWWE will require more logic and timing would be suboptimal. Please use attribute ram_decomp = power if BWWE is desired.)
INFO: [Synth 8-3971] The signal "multihart_ip_control_s_axi_ram__parameterized1:/mem_reg" was recognized as a true dual port RAM template.
---------------------------------------------------------------------------------------------------
                   State |                     New Encoding |                Previous Encoding 
---------------------------------------------------------------------------------------------------
                  iSTATE |                              001 |                               10
*
                  RDIDLE |                              010 |                               00
                  RDDATA |                              100 |                               01
---------------------------------------------------------------------------------------------------
INFO: [Synth 8-3354] encoded FSM with state register 'rstate_reg' using encoding 'one-hot' in module 'multihart_ip_control_s_axi'
---------------------------------------------------------------------------------------------------
                   State |                     New Encoding |                Previous Encoding 
---------------------------------------------------------------------------------------------------
                  iSTATE |                             0001 |                               11
*
                  WRIDLE |                             0010 |                               00
                  WRDATA |                             0100 |                               01
                  WRRESP |                             1000 |                               10
---------------------------------------------------------------------------------------------------
INFO: [Synth 8-3354] encoded FSM with state register 'wstate_reg' using encoding 'one-hot' in module 'multihart_ip_control_s_axi'
---------------------------------------------------------------------------------
Finished RTL Optimization Phase 2 : Time (s): cpu = 00:00:25 ; elapsed = 00:00:25 . Memory (MB): peak = 2608.129 ; gain = 757.531 ; free physical = 8178 ; free virtual = 19127
---------------------------------------------------------------------------------
---------------------------------------------------------------------------------
Start RTL Component Statistics 
---------------------------------------------------------------------------------
Detailed RTL Component Info : 
+---Adders : 
	   2 Input   32 Bit       Adders := 4     
	   3 Input   32 Bit       Adders := 1     
	   2 Input   17 Bit       Adders := 1     
	   2 Input   15 Bit       Adders := 3     
	   2 Input    2 Bit       Adders := 1     
+---XORs : 
	   2 Input     32 Bit         XORs := 1     
	   2 Input      1 Bit         XORs := 83    
+---Registers : 
	               32 Bit    Registers := 187   
	               27 Bit    Registers := 1     
	               20 Bit    Registers := 17    
	               19 Bit    Registers := 1     
	               17 Bit    Registers := 12    
	               15 Bit    Registers := 47    
	                8 Bit    Registers := 1     
	                7 Bit    Registers := 17    
	                5 Bit    Registers := 67    
	                3 Bit    Registers := 46    
	                2 Bit    Registers := 31    
	                1 Bit    Registers := 406   
+---RAMs : 
	            1024K Bit	(32768 X 32 bit)          RAMs := 2     
	              128 Bit	(4 X 32 bit)          RAMs := 1     
+---Muxes : 
	   2 Input   32 Bit        Muxes := 86    
	   4 Input   32 Bit        Muxes := 8     
	   2 Input   20 Bit        Muxes := 25    
	   4 Input   20 Bit        Muxes := 2     
	   2 Input   17 Bit        Muxes := 9     
	   2 Input   16 Bit        Muxes := 1     
	   2 Input   15 Bit        Muxes := 75    
	   4 Input   15 Bit        Muxes := 7     
	   2 Input    8 Bit        Muxes := 4     
	   2 Input    7 Bit        Muxes := 26    
	   4 Input    7 Bit        Muxes := 1     
	   4 Input    6 Bit        Muxes := 1     
	   2 Input    5 Bit        Muxes := 111   
	   4 Input    5 Bit        Muxes := 16    
	   2 Input    4 Bit        Muxes := 9     
	   4 Input    4 Bit        Muxes := 1     
	   2 Input    3 Bit        Muxes := 62    
	   6 Input    3 Bit        Muxes := 1     
	   4 Input    3 Bit        Muxes := 5     
	   3 Input    3 Bit        Muxes := 1     
	   2 Input    2 Bit        Muxes := 49    
	   3 Input    2 Bit        Muxes := 17    
	   4 Input    2 Bit        Muxes := 4     
	   5 Input    2 Bit        Muxes := 1     
	   2 Input    1 Bit        Muxes := 420   
	   4 Input    1 Bit        Muxes := 36    
---------------------------------------------------------------------------------
Finished RTL Component Statistics 
---------------------------------------------------------------------------------
---------------------------------------------------------------------------------
Start Part Resource Summary
---------------------------------------------------------------------------------
Part Resources:
DSPs: 220 (col length:60)
BRAMs: 280 (col length: RAMB18 60 RAMB36 30)
---------------------------------------------------------------------------------
Finished Part Resource Summary
---------------------------------------------------------------------------------
---------------------------------------------------------------------------------
Start Cross Boundary and Area Optimization
---------------------------------------------------------------------------------
WARNING: [Synth 8-7080] Parallel synthesis criteria is not met
WARNING: [Synth 8-3936] Found unconnected internal register 'control_s_axi_U/int_start_pc/q0_reg' and it is trimmed from '32' to '15' bits. [/home/goossens/goossens-book-ip-projects/2024.1/multihart_4h_ip/project_1.gen/sources_1/bd/design_1/ipshared/4d62/hdl/verilog/multihart_ip_control_s_axi.v:772]
WARNING: [Synth 8-6841] Block RAM (control_s_axi_U/int_code_ram/mem_reg) originally specified as a Byte Wide Write Enable RAM cannot take advantage of ByteWide feature and is implemented with single write enable per RAM due to following reason.
(address width (15) is more than optimal threshold of 12. Implementing using BWWE will require more logic and timing would be suboptimal. Please use attribute ram_decomp = power if BWWE is desired.)
WARNING: [Synth 8-6841] Block RAM (control_s_axi_U/int_data_ram/mem_reg) originally specified as a Byte Wide Write Enable RAM cannot take advantage of ByteWide feature and is implemented with single write enable per RAM due to following reason.
(address width (15) is more than optimal threshold of 12. Implementing using BWWE will require more logic and timing would be suboptimal. Please use attribute ram_decomp = power if BWWE is desired.)
INFO: [Synth 8-3971] The signal "inst/control_s_axi_U/int_data_ram/mem_reg" was recognized as a true dual port RAM template.
WARNING: [Synth 8-3332] Sequential element (control_s_axi_U/FSM_onehot_rstate_reg[0]) is unused and will be removed from module multihart_ip.
WARNING: [Synth 8-3332] Sequential element (control_s_axi_U/FSM_onehot_wstate_reg[0]) is unused and will be removed from module multihart_ip.
---------------------------------------------------------------------------------
Finished Cross Boundary and Area Optimization : Time (s): cpu = 00:00:43 ; elapsed = 00:00:43 . Memory (MB): peak = 2816.277 ; gain = 965.680 ; free physical = 12771 ; free virtual = 23724
---------------------------------------------------------------------------------
---------------------------------------------------------------------------------
Start ROM, RAM, DSP, Shift Register and Retiming Reporting
---------------------------------------------------------------------------------

Block RAM: Preliminary Mapping Report (see note below)
+------------+--------------------------------------+------------------------+---+---+------------------------+---+---+------------------+--------+--------+
|Module Name | RTL Object                           | PORT A (Depth x Width) | W | R | PORT B (Depth x Width) | W | R | Ports driving FF | RAMB18 | RAMB36 | 
+------------+--------------------------------------+------------------------+---+---+------------------------+---+---+------------------+--------+--------+
|inst        | control_s_axi_U/int_code_ram/mem_reg | 32 K x 32(READ_FIRST)  | W | R | 32 K x 32(WRITE_FIRST) |   | R | Port A and B     | 0      | 32     | 
|inst        | control_s_axi_U/int_data_ram/mem_reg | 32 K x 32(READ_FIRST)  | W | R | 32 K x 32(READ_FIRST)  | W | R | Port A and B     | 0      | 32     | 
+------------+--------------------------------------+------------------------+---+---+------------------------+---+---+------------------+--------+--------+

Note: The table above is a preliminary report that shows the Block RAMs at the current stage of the synthesis flow. Some Block RAMs may be reimplemented as non Block RAM primitives later in the synthesis flow. Multiple instantiated Block RAMs are reported only once. 

Distributed RAM: Preliminary Mapping Report (see note below)
+------------+--------------------------------------+-----------+----------------------+----------------+
|Module Name | RTL Object                           | Inference | Size (Depth x Width) | Primitives     | 
+------------+--------------------------------------+-----------+----------------------+----------------+
|inst        | control_s_axi_U/int_start_pc/mem_reg | Implied   | 4 x 32               | RAM16X1D x 32  | 
+------------+--------------------------------------+-----------+----------------------+----------------+

Note: The table above is a preliminary report that shows the Distributed RAMs at the current stage of the synthesis flow. Some Distributed RAMs may be reimplemented as non Distributed RAM primitives later in the synthesis flow. Multiple instantiated RAMs are reported only once.
---------------------------------------------------------------------------------
Finished ROM, RAM, DSP, Shift Register and Retiming Reporting
---------------------------------------------------------------------------------
---------------------------------------------------------------------------------
Start Applying XDC Timing Constraints
---------------------------------------------------------------------------------
---------------------------------------------------------------------------------
Finished Applying XDC Timing Constraints : Time (s): cpu = 00:00:48 ; elapsed = 00:00:49 . Memory (MB): peak = 2816.277 ; gain = 965.680 ; free physical = 12790 ; free virtual = 23751
---------------------------------------------------------------------------------
---------------------------------------------------------------------------------
Start Timing Optimization
---------------------------------------------------------------------------------
---------------------------------------------------------------------------------
Finished Timing Optimization : Time (s): cpu = 00:01:02 ; elapsed = 00:01:03 . Memory (MB): peak = 2942.277 ; gain = 1091.680 ; free physical = 12708 ; free virtual = 23652
---------------------------------------------------------------------------------
---------------------------------------------------------------------------------
Start ROM, RAM, DSP, Shift Register and Retiming Reporting
---------------------------------------------------------------------------------

Block RAM: Final Mapping Report
+------------+--------------------------------------+------------------------+---+---+------------------------+---+---+------------------+--------+--------+
|Module Name | RTL Object                           | PORT A (Depth x Width) | W | R | PORT B (Depth x Width) | W | R | Ports driving FF | RAMB18 | RAMB36 | 
+------------+--------------------------------------+------------------------+---+---+------------------------+---+---+------------------+--------+--------+
|inst        | control_s_axi_U/int_code_ram/mem_reg | 32 K x 32(READ_FIRST)  | W | R | 32 K x 32(WRITE_FIRST) |   | R | Port A and B     | 0      | 32     | 
|inst        | control_s_axi_U/int_data_ram/mem_reg | 32 K x 32(READ_FIRST)  | W | R | 32 K x 32(READ_FIRST)  | W | R | Port A and B     | 0      | 32     | 
+------------+--------------------------------------+------------------------+---+---+------------------------+---+---+------------------+--------+--------+


Distributed RAM: Final Mapping Report
+------------+--------------------------------------+-----------+----------------------+----------------+
|Module Name | RTL Object                           | Inference | Size (Depth x Width) | Primitives     | 
+------------+--------------------------------------+-----------+----------------------+----------------+
|inst        | control_s_axi_U/int_start_pc/mem_reg | Implied   | 4 x 32               | RAM16X1D x 32  | 
+------------+--------------------------------------+-----------+----------------------+----------------+

---------------------------------------------------------------------------------
Finished ROM, RAM, DSP, Shift Register and Retiming Reporting
---------------------------------------------------------------------------------
---------------------------------------------------------------------------------
Start Technology Mapping
---------------------------------------------------------------------------------
INFO: [Synth 8-7052] The timing for the instance inst/control_s_axi_U/int_code_ram/mem_reg_0_0_0 (implemented as a Block RAM) might be sub-optimal as no optional output register could be merged into the ram block. Providing additional output register may help in improving timing.
INFO: [Synth 8-7052] The timing for the instance inst/control_s_axi_U/int_code_ram/mem_reg_0_0_0 (implemented as a Block RAM) might be sub-optimal as no optional output register could be merged into the ram block. Providing additional output register may help in improving timing.
INFO: [Synth 8-7052] The timing for the instance inst/control_s_axi_U/int_code_ram/mem_reg_0_0_1 (implemented as a Block RAM) might be sub-optimal as no optional output register could be merged into the ram block. Providing additional output register may help in improving timing.
INFO: [Synth 8-7052] The timing for the instance inst/control_s_axi_U/int_code_ram/mem_reg_0_0_1 (implemented as a Block RAM) might be sub-optimal as no optional output register could be merged into the ram block. Providing additional output register may help in improving timing.
INFO: [Synth 8-7052] The timing for the instance inst/control_s_axi_U/int_code_ram/mem_reg_0_0_2 (implemented as a Block RAM) might be sub-optimal as no optional output register could be merged into the ram block. Providing additional output register may help in improving timing.
INFO: [Synth 8-7052] The timing for the instance inst/control_s_axi_U/int_code_ram/mem_reg_0_0_2 (implemented as a Block RAM) might be sub-optimal as no optional output register could be merged into the ram block. Providing additional output register may help in improving timing.
INFO: [Synth 8-7052] The timing for the instance inst/control_s_axi_U/int_code_ram/mem_reg_0_0_3 (implemented as a Block RAM) might be sub-optimal as no optional output register could be merged into the ram block. Providing additional output register may help in improving timing.
INFO: [Synth 8-7052] The timing for the instance inst/control_s_axi_U/int_code_ram/mem_reg_0_0_3 (implemented as a Block RAM) might be sub-optimal as no optional output register could be merged into the ram block. Providing additional output register may help in improving timing.
INFO: [Synth 8-7052] The timing for the instance inst/control_s_axi_U/int_code_ram/mem_reg_0_0_4 (implemented as a Block RAM) might be sub-optimal as no optional output register could be merged into the ram block. Providing additional output register may help in improving timing.
INFO: [Synth 8-7052] The timing for the instance inst/control_s_axi_U/int_code_ram/mem_reg_0_0_4 (implemented as a Block RAM) might be sub-optimal as no optional output register could be merged into the ram block. Providing additional output register may help in improving timing.
INFO: [Synth 8-7052] The timing for the instance inst/control_s_axi_U/int_code_ram/mem_reg_0_0_5 (implemented as a Block RAM) might be sub-optimal as no optional output register could be merged into the ram block. Providing additional output register may help in improving timing.
INFO: [Synth 8-7052] The timing for the instance inst/control_s_axi_U/int_code_ram/mem_reg_0_0_5 (implemented as a Block RAM) might be sub-optimal as no optional output register could be merged into the ram block. Providing additional output register may help in improving timing.
INFO: [Synth 8-7052] The timing for the instance inst/control_s_axi_U/int_code_ram/mem_reg_0_0_6 (implemented as a Block RAM) might be sub-optimal as no optional output register could be merged into the ram block. Providing additional output register may help in improving timing.
INFO: [Synth 8-7052] The timing for the instance inst/control_s_axi_U/int_code_ram/mem_reg_0_0_6 (implemented as a Block RAM) might be sub-optimal as no optional output register could be merged into the ram block. Providing additional output register may help in improving timing.
INFO: [Synth 8-7052] The timing for the instance inst/control_s_axi_U/int_code_ram/mem_reg_0_0_7 (implemented as a Block RAM) might be sub-optimal as no optional output register could be merged into the ram block. Providing additional output register may help in improving timing.
INFO: [Synth 8-7052] The timing for the instance inst/control_s_axi_U/int_code_ram/mem_reg_0_0_7 (implemented as a Block RAM) might be sub-optimal as no optional output register could be merged into the ram block. Providing additional output register may help in improving timing.
INFO: [Synth 8-7052] The timing for the instance inst/control_s_axi_U/int_code_ram/mem_reg_1_0_0 (implemented as a Block RAM) might be sub-optimal as no optional output register could be merged into the ram block. Providing additional output register may help in improving timing.
INFO: [Synth 8-7052] The timing for the instance inst/control_s_axi_U/int_code_ram/mem_reg_1_0_0 (implemented as a Block RAM) might be sub-optimal as no optional output register could be merged into the ram block. Providing additional output register may help in improving timing.
INFO: [Synth 8-7052] The timing for the instance inst/control_s_axi_U/int_code_ram/mem_reg_1_0_1 (implemented as a Block RAM) might be sub-optimal as no optional output register could be merged into the ram block. Providing additional output register may help in improving timing.
INFO: [Synth 8-7052] The timing for the instance inst/control_s_axi_U/int_code_ram/mem_reg_1_0_1 (implemented as a Block RAM) might be sub-optimal as no optional output register could be merged into the ram block. Providing additional output register may help in improving timing.
INFO: [Synth 8-7052] The timing for the instance inst/control_s_axi_U/int_code_ram/mem_reg_1_0_2 (implemented as a Block RAM) might be sub-optimal as no optional output register could be merged into the ram block. Providing additional output register may help in improving timing.
INFO: [Synth 8-7052] The timing for the instance inst/control_s_axi_U/int_code_ram/mem_reg_1_0_2 (implemented as a Block RAM) might be sub-optimal as no optional output register could be merged into the ram block. Providing additional output register may help in improving timing.
INFO: [Synth 8-7052] The timing for the instance inst/control_s_axi_U/int_code_ram/mem_reg_1_0_3 (implemented as a Block RAM) might be sub-optimal as no optional output register could be merged into the ram block. Providing additional output register may help in improving timing.
INFO: [Synth 8-7052] The timing for the instance inst/control_s_axi_U/int_code_ram/mem_reg_1_0_3 (implemented as a Block RAM) might be sub-optimal as no optional output register could be merged into the ram block. Providing additional output register may help in improving timing.
INFO: [Synth 8-7052] The timing for the instance inst/control_s_axi_U/int_code_ram/mem_reg_1_0_4 (implemented as a Block RAM) might be sub-optimal as no optional output register could be merged into the ram block. Providing additional output register may help in improving timing.
INFO: [Synth 8-7052] The timing for the instance inst/control_s_axi_U/int_code_ram/mem_reg_1_0_4 (implemented as a Block RAM) might be sub-optimal as no optional output register could be merged into the ram block. Providing additional output register may help in improving timing.
INFO: [Synth 8-7052] The timing for the instance inst/control_s_axi_U/int_code_ram/mem_reg_1_0_5 (implemented as a Block RAM) might be sub-optimal as no optional output register could be merged into the ram block. Providing additional output register may help in improving timing.
INFO: [Synth 8-7052] The timing for the instance inst/control_s_axi_U/int_code_ram/mem_reg_1_0_5 (implemented as a Block RAM) might be sub-optimal as no optional output register could be merged into the ram block. Providing additional output register may help in improving timing.
INFO: [Synth 8-7052] The timing for the instance inst/control_s_axi_U/int_code_ram/mem_reg_1_0_6 (implemented as a Block RAM) might be sub-optimal as no optional output register could be merged into the ram block. Providing additional output register may help in improving timing.
INFO: [Synth 8-7052] The timing for the instance inst/control_s_axi_U/int_code_ram/mem_reg_1_0_6 (implemented as a Block RAM) might be sub-optimal as no optional output register could be merged into the ram block. Providing additional output register may help in improving timing.
INFO: [Synth 8-7052] The timing for the instance inst/control_s_axi_U/int_code_ram/mem_reg_1_0_7 (implemented as a Block RAM) might be sub-optimal as no optional output register could be merged into the ram block. Providing additional output register may help in improving timing.
INFO: [Synth 8-7052] The timing for the instance inst/control_s_axi_U/int_code_ram/mem_reg_1_0_7 (implemented as a Block RAM) might be sub-optimal as no optional output register could be merged into the ram block. Providing additional output register may help in improving timing.
INFO: [Synth 8-7052] The timing for the instance inst/control_s_axi_U/int_code_ram/mem_reg_2_0_0 (implemented as a Block RAM) might be sub-optimal as no optional output register could be merged into the ram block. Providing additional output register may help in improving timing.
INFO: [Synth 8-7052] The timing for the instance inst/control_s_axi_U/int_code_ram/mem_reg_2_0_0 (implemented as a Block RAM) might be sub-optimal as no optional output register could be merged into the ram block. Providing additional output register may help in improving timing.
INFO: [Synth 8-7052] The timing for the instance inst/control_s_axi_U/int_code_ram/mem_reg_2_0_1 (implemented as a Block RAM) might be sub-optimal as no optional output register could be merged into the ram block. Providing additional output register may help in improving timing.
INFO: [Synth 8-7052] The timing for the instance inst/control_s_axi_U/int_code_ram/mem_reg_2_0_1 (implemented as a Block RAM) might be sub-optimal as no optional output register could be merged into the ram block. Providing additional output register may help in improving timing.
INFO: [Synth 8-7052] The timing for the instance inst/control_s_axi_U/int_code_ram/mem_reg_2_0_2 (implemented as a Block RAM) might be sub-optimal as no optional output register could be merged into the ram block. Providing additional output register may help in improving timing.
INFO: [Synth 8-7052] The timing for the instance inst/control_s_axi_U/int_code_ram/mem_reg_2_0_2 (implemented as a Block RAM) might be sub-optimal as no optional output register could be merged into the ram block. Providing additional output register may help in improving timing.
INFO: [Synth 8-7052] The timing for the instance inst/control_s_axi_U/int_code_ram/mem_reg_2_0_3 (implemented as a Block RAM) might be sub-optimal as no optional output register could be merged into the ram block. Providing additional output register may help in improving timing.
INFO: [Synth 8-7052] The timing for the instance inst/control_s_axi_U/int_code_ram/mem_reg_2_0_3 (implemented as a Block RAM) might be sub-optimal as no optional output register could be merged into the ram block. Providing additional output register may help in improving timing.
INFO: [Synth 8-7052] The timing for the instance inst/control_s_axi_U/int_code_ram/mem_reg_2_0_4 (implemented as a Block RAM) might be sub-optimal as no optional output register could be merged into the ram block. Providing additional output register may help in improving timing.
INFO: [Synth 8-7052] The timing for the instance inst/control_s_axi_U/int_code_ram/mem_reg_2_0_4 (implemented as a Block RAM) might be sub-optimal as no optional output register could be merged into the ram block. Providing additional output register may help in improving timing.
INFO: [Synth 8-7052] The timing for the instance inst/control_s_axi_U/int_code_ram/mem_reg_2_0_5 (implemented as a Block RAM) might be sub-optimal as no optional output register could be merged into the ram block. Providing additional output register may help in improving timing.
INFO: [Synth 8-7052] The timing for the instance inst/control_s_axi_U/int_code_ram/mem_reg_2_0_5 (implemented as a Block RAM) might be sub-optimal as no optional output register could be merged into the ram block. Providing additional output register may help in improving timing.
INFO: [Synth 8-7052] The timing for the instance inst/control_s_axi_U/int_code_ram/mem_reg_2_0_6 (implemented as a Block RAM) might be sub-optimal as no optional output register could be merged into the ram block. Providing additional output register may help in improving timing.
INFO: [Synth 8-7052] The timing for the instance inst/control_s_axi_U/int_code_ram/mem_reg_2_0_6 (implemented as a Block RAM) might be sub-optimal as no optional output register could be merged into the ram block. Providing additional output register may help in improving timing.
INFO: [Synth 8-7052] The timing for the instance inst/control_s_axi_U/int_code_ram/mem_reg_2_0_7 (implemented as a Block RAM) might be sub-optimal as no optional output register could be merged into the ram block. Providing additional output register may help in improving timing.
INFO: [Synth 8-7052] The timing for the instance inst/control_s_axi_U/int_code_ram/mem_reg_2_0_7 (implemented as a Block RAM) might be sub-optimal as no optional output register could be merged into the ram block. Providing additional output register may help in improving timing.
INFO: [Synth 8-7052] The timing for the instance inst/control_s_axi_U/int_code_ram/mem_reg_3_0_0 (implemented as a Block RAM) might be sub-optimal as no optional output register could be merged into the ram block. Providing additional output register may help in improving timing.
INFO: [Synth 8-7052] The timing for the instance inst/control_s_axi_U/int_code_ram/mem_reg_3_0_0 (implemented as a Block RAM) might be sub-optimal as no optional output register could be merged into the ram block. Providing additional output register may help in improving timing.
INFO: [Synth 8-7052] The timing for the instance inst/control_s_axi_U/int_code_ram/mem_reg_3_0_1 (implemented as a Block RAM) might be sub-optimal as no optional output register could be merged into the ram block. Providing additional output register may help in improving timing.
INFO: [Synth 8-7052] The timing for the instance inst/control_s_axi_U/int_code_ram/mem_reg_3_0_1 (implemented as a Block RAM) might be sub-optimal as no optional output register could be merged into the ram block. Providing additional output register may help in improving timing.
INFO: [Synth 8-7052] The timing for the instance inst/control_s_axi_U/int_code_ram/mem_reg_3_0_2 (implemented as a Block RAM) might be sub-optimal as no optional output register could be merged into the ram block. Providing additional output register may help in improving timing.
INFO: [Synth 8-7052] The timing for the instance inst/control_s_axi_U/int_code_ram/mem_reg_3_0_2 (implemented as a Block RAM) might be sub-optimal as no optional output register could be merged into the ram block. Providing additional output register may help in improving timing.
INFO: [Synth 8-7052] The timing for the instance inst/control_s_axi_U/int_code_ram/mem_reg_3_0_3 (implemented as a Block RAM) might be sub-optimal as no optional output register could be merged into the ram block. Providing additional output register may help in improving timing.
INFO: [Synth 8-7052] The timing for the instance inst/control_s_axi_U/int_code_ram/mem_reg_3_0_3 (implemented as a Block RAM) might be sub-optimal as no optional output register could be merged into the ram block. Providing additional output register may help in improving timing.
INFO: [Synth 8-7052] The timing for the instance inst/control_s_axi_U/int_code_ram/mem_reg_3_0_4 (implemented as a Block RAM) might be sub-optimal as no optional output register could be merged into the ram block. Providing additional output register may help in improving timing.
INFO: [Synth 8-7052] The timing for the instance inst/control_s_axi_U/int_code_ram/mem_reg_3_0_4 (implemented as a Block RAM) might be sub-optimal as no optional output register could be merged into the ram block. Providing additional output register may help in improving timing.
INFO: [Synth 8-7052] The timing for the instance inst/control_s_axi_U/int_code_ram/mem_reg_3_0_5 (implemented as a Block RAM) might be sub-optimal as no optional output register could be merged into the ram block. Providing additional output register may help in improving timing.
INFO: [Synth 8-7052] The timing for the instance inst/control_s_axi_U/int_code_ram/mem_reg_3_0_5 (implemented as a Block RAM) might be sub-optimal as no optional output register could be merged into the ram block. Providing additional output register may help in improving timing.
INFO: [Synth 8-7052] The timing for the instance inst/control_s_axi_U/int_code_ram/mem_reg_3_0_6 (implemented as a Block RAM) might be sub-optimal as no optional output register could be merged into the ram block. Providing additional output register may help in improving timing.
INFO: [Synth 8-7052] The timing for the instance inst/control_s_axi_U/int_code_ram/mem_reg_3_0_6 (implemented as a Block RAM) might be sub-optimal as no optional output register could be merged into the ram block. Providing additional output register may help in improving timing.
INFO: [Synth 8-7052] The timing for the instance inst/control_s_axi_U/int_code_ram/mem_reg_3_0_7 (implemented as a Block RAM) might be sub-optimal as no optional output register could be merged into the ram block. Providing additional output register may help in improving timing.
INFO: [Synth 8-7052] The timing for the instance inst/control_s_axi_U/int_code_ram/mem_reg_3_0_7 (implemented as a Block RAM) might be sub-optimal as no optional output register could be merged into the ram block. Providing additional output register may help in improving timing.
INFO: [Synth 8-7052] The timing for the instance inst/control_s_axi_U/int_data_ram/mem_reg_0_0_0 (implemented as a Block RAM) might be sub-optimal as no optional output register could be merged into the ram block. Providing additional output register may help in improving timing.
INFO: [Synth 8-7052] The timing for the instance inst/control_s_axi_U/int_data_ram/mem_reg_0_0_0 (implemented as a Block RAM) might be sub-optimal as no optional output register could be merged into the ram block. Providing additional output register may help in improving timing.
INFO: [Synth 8-7052] The timing for the instance inst/control_s_axi_U/int_data_ram/mem_reg_0_0_1 (implemented as a Block RAM) might be sub-optimal as no optional output register could be merged into the ram block. Providing additional output register may help in improving timing.
INFO: [Synth 8-7052] The timing for the instance inst/control_s_axi_U/int_data_ram/mem_reg_0_0_1 (implemented as a Block RAM) might be sub-optimal as no optional output register could be merged into the ram block. Providing additional output register may help in improving timing.
INFO: [Synth 8-7052] The timing for the instance inst/control_s_axi_U/int_data_ram/mem_reg_0_0_2 (implemented as a Block RAM) might be sub-optimal as no optional output register could be merged into the ram block. Providing additional output register may help in improving timing.
INFO: [Synth 8-7052] The timing for the instance inst/control_s_axi_U/int_data_ram/mem_reg_0_0_2 (implemented as a Block RAM) might be sub-optimal as no optional output register could be merged into the ram block. Providing additional output register may help in improving timing.
INFO: [Synth 8-7052] The timing for the instance inst/control_s_axi_U/int_data_ram/mem_reg_0_0_3 (implemented as a Block RAM) might be sub-optimal as no optional output register could be merged into the ram block. Providing additional output register may help in improving timing.
INFO: [Synth 8-7052] The timing for the instance inst/control_s_axi_U/int_data_ram/mem_reg_0_0_3 (implemented as a Block RAM) might be sub-optimal as no optional output register could be merged into the ram block. Providing additional output register may help in improving timing.
INFO: [Synth 8-7052] The timing for the instance inst/control_s_axi_U/int_data_ram/mem_reg_0_0_4 (implemented as a Block RAM) might be sub-optimal as no optional output register could be merged into the ram block. Providing additional output register may help in improving timing.
INFO: [Synth 8-7052] The timing for the instance inst/control_s_axi_U/int_data_ram/mem_reg_0_0_4 (implemented as a Block RAM) might be sub-optimal as no optional output register could be merged into the ram block. Providing additional output register may help in improving timing.
INFO: [Synth 8-7052] The timing for the instance inst/control_s_axi_U/int_data_ram/mem_reg_0_0_5 (implemented as a Block RAM) might be sub-optimal as no optional output register could be merged into the ram block. Providing additional output register may help in improving timing.
INFO: [Synth 8-7052] The timing for the instance inst/control_s_axi_U/int_data_ram/mem_reg_0_0_5 (implemented as a Block RAM) might be sub-optimal as no optional output register could be merged into the ram block. Providing additional output register may help in improving timing.
INFO: [Synth 8-7052] The timing for the instance inst/control_s_axi_U/int_data_ram/mem_reg_0_0_6 (implemented as a Block RAM) might be sub-optimal as no optional output register could be merged into the ram block. Providing additional output register may help in improving timing.
INFO: [Synth 8-7052] The timing for the instance inst/control_s_axi_U/int_data_ram/mem_reg_0_0_6 (implemented as a Block RAM) might be sub-optimal as no optional output register could be merged into the ram block. Providing additional output register may help in improving timing.
INFO: [Synth 8-7052] The timing for the instance inst/control_s_axi_U/int_data_ram/mem_reg_0_0_7 (implemented as a Block RAM) might be sub-optimal as no optional output register could be merged into the ram block. Providing additional output register may help in improving timing.
INFO: [Synth 8-7052] The timing for the instance inst/control_s_axi_U/int_data_ram/mem_reg_0_0_7 (implemented as a Block RAM) might be sub-optimal as no optional output register could be merged into the ram block. Providing additional output register may help in improving timing.
INFO: [Synth 8-7052] The timing for the instance inst/control_s_axi_U/int_data_ram/mem_reg_1_0_0 (implemented as a Block RAM) might be sub-optimal as no optional output register could be merged into the ram block. Providing additional output register may help in improving timing.
INFO: [Synth 8-7052] The timing for the instance inst/control_s_axi_U/int_data_ram/mem_reg_1_0_0 (implemented as a Block RAM) might be sub-optimal as no optional output register could be merged into the ram block. Providing additional output register may help in improving timing.
INFO: [Synth 8-7052] The timing for the instance inst/control_s_axi_U/int_data_ram/mem_reg_1_0_1 (implemented as a Block RAM) might be sub-optimal as no optional output register could be merged into the ram block. Providing additional output register may help in improving timing.
INFO: [Synth 8-7052] The timing for the instance inst/control_s_axi_U/int_data_ram/mem_reg_1_0_1 (implemented as a Block RAM) might be sub-optimal as no optional output register could be merged into the ram block. Providing additional output register may help in improving timing.
INFO: [Synth 8-7052] The timing for the instance inst/control_s_axi_U/int_data_ram/mem_reg_1_0_2 (implemented as a Block RAM) might be sub-optimal as no optional output register could be merged into the ram block. Providing additional output register may help in improving timing.
INFO: [Synth 8-7052] The timing for the instance inst/control_s_axi_U/int_data_ram/mem_reg_1_0_2 (implemented as a Block RAM) might be sub-optimal as no optional output register could be merged into the ram block. Providing additional output register may help in improving timing.
INFO: [Synth 8-7052] The timing for the instance inst/control_s_axi_U/int_data_ram/mem_reg_1_0_3 (implemented as a Block RAM) might be sub-optimal as no optional output register could be merged into the ram block. Providing additional output register may help in improving timing.
INFO: [Synth 8-7052] The timing for the instance inst/control_s_axi_U/int_data_ram/mem_reg_1_0_3 (implemented as a Block RAM) might be sub-optimal as no optional output register could be merged into the ram block. Providing additional output register may help in improving timing.
INFO: [Synth 8-7052] The timing for the instance inst/control_s_axi_U/int_data_ram/mem_reg_1_0_4 (implemented as a Block RAM) might be sub-optimal as no optional output register could be merged into the ram block. Providing additional output register may help in improving timing.
INFO: [Synth 8-7052] The timing for the instance inst/control_s_axi_U/int_data_ram/mem_reg_1_0_4 (implemented as a Block RAM) might be sub-optimal as no optional output register could be merged into the ram block. Providing additional output register may help in improving timing.
INFO: [Synth 8-7052] The timing for the instance inst/control_s_axi_U/int_data_ram/mem_reg_1_0_5 (implemented as a Block RAM) might be sub-optimal as no optional output register could be merged into the ram block. Providing additional output register may help in improving timing.
INFO: [Synth 8-7052] The timing for the instance inst/control_s_axi_U/int_data_ram/mem_reg_1_0_5 (implemented as a Block RAM) might be sub-optimal as no optional output register could be merged into the ram block. Providing additional output register may help in improving timing.
INFO: [Synth 8-7052] The timing for the instance inst/control_s_axi_U/int_data_ram/mem_reg_1_0_6 (implemented as a Block RAM) might be sub-optimal as no optional output register could be merged into the ram block. Providing additional output register may help in improving timing.
INFO: [Synth 8-7052] The timing for the instance inst/control_s_axi_U/int_data_ram/mem_reg_1_0_6 (implemented as a Block RAM) might be sub-optimal as no optional output register could be merged into the ram block. Providing additional output register may help in improving timing.
INFO: [Synth 8-7052] The timing for the instance inst/control_s_axi_U/int_data_ram/mem_reg_1_0_7 (implemented as a Block RAM) might be sub-optimal as no optional output register could be merged into the ram block. Providing additional output register may help in improving timing.
INFO: [Synth 8-7052] The timing for the instance inst/control_s_axi_U/int_data_ram/mem_reg_1_0_7 (implemented as a Block RAM) might be sub-optimal as no optional output register could be merged into the ram block. Providing additional output register may help in improving timing.
INFO: [Synth 8-7052] The timing for the instance inst/control_s_axi_U/int_data_ram/mem_reg_2_0_0 (implemented as a Block RAM) might be sub-optimal as no optional output register could be merged into the ram block. Providing additional output register may help in improving timing.
INFO: [Synth 8-7052] The timing for the instance inst/control_s_axi_U/int_data_ram/mem_reg_2_0_0 (implemented as a Block RAM) might be sub-optimal as no optional output register could be merged into the ram block. Providing additional output register may help in improving timing.
INFO: [Synth 8-7052] The timing for the instance inst/control_s_axi_U/int_data_ram/mem_reg_2_0_1 (implemented as a Block RAM) might be sub-optimal as no optional output register could be merged into the ram block. Providing additional output register may help in improving timing.
INFO: [Synth 8-7052] The timing for the instance inst/control_s_axi_U/int_data_ram/mem_reg_2_0_1 (implemented as a Block RAM) might be sub-optimal as no optional output register could be merged into the ram block. Providing additional output register may help in improving timing.
INFO: [Common 17-14] Message 'Synth 8-7052' appears 100 times and further instances of the messages will be disabled. Use the Tcl command set_msg_config to change the current settings.
---------------------------------------------------------------------------------
Finished Technology Mapping : Time (s): cpu = 00:01:06 ; elapsed = 00:01:08 . Memory (MB): peak = 2942.277 ; gain = 1091.680 ; free physical = 12706 ; free virtual = 23651
---------------------------------------------------------------------------------
---------------------------------------------------------------------------------
Start IO Insertion
---------------------------------------------------------------------------------
---------------------------------------------------------------------------------
Start Flattening Before IO Insertion
---------------------------------------------------------------------------------
---------------------------------------------------------------------------------
Finished Flattening Before IO Insertion
---------------------------------------------------------------------------------
---------------------------------------------------------------------------------
Start Final Netlist Cleanup
---------------------------------------------------------------------------------
---------------------------------------------------------------------------------
Finished Final Netlist Cleanup
---------------------------------------------------------------------------------
---------------------------------------------------------------------------------
Finished IO Insertion : Time (s): cpu = 00:01:11 ; elapsed = 00:01:12 . Memory (MB): peak = 2942.277 ; gain = 1091.680 ; free physical = 12706 ; free virtual = 23650
---------------------------------------------------------------------------------
---------------------------------------------------------------------------------
Start Renaming Generated Instances
---------------------------------------------------------------------------------
---------------------------------------------------------------------------------
Finished Renaming Generated Instances : Time (s): cpu = 00:01:11 ; elapsed = 00:01:12 . Memory (MB): peak = 2942.277 ; gain = 1091.680 ; free physical = 12706 ; free virtual = 23650
---------------------------------------------------------------------------------
---------------------------------------------------------------------------------
Start Rebuilding User Hierarchy
---------------------------------------------------------------------------------
---------------------------------------------------------------------------------
Finished Rebuilding User Hierarchy : Time (s): cpu = 00:01:12 ; elapsed = 00:01:13 . Memory (MB): peak = 2942.277 ; gain = 1091.680 ; free physical = 12706 ; free virtual = 23650
---------------------------------------------------------------------------------
---------------------------------------------------------------------------------
Start Renaming Generated Ports
---------------------------------------------------------------------------------
---------------------------------------------------------------------------------
Finished Renaming Generated Ports : Time (s): cpu = 00:01:12 ; elapsed = 00:01:13 . Memory (MB): peak = 2942.277 ; gain = 1091.680 ; free physical = 12706 ; free virtual = 23650
---------------------------------------------------------------------------------
---------------------------------------------------------------------------------
Start Handling Custom Attributes
---------------------------------------------------------------------------------
---------------------------------------------------------------------------------
Finished Handling Custom Attributes : Time (s): cpu = 00:01:12 ; elapsed = 00:01:13 . Memory (MB): peak = 2942.277 ; gain = 1091.680 ; free physical = 12706 ; free virtual = 23650
---------------------------------------------------------------------------------
---------------------------------------------------------------------------------
Start Renaming Generated Nets
---------------------------------------------------------------------------------
---------------------------------------------------------------------------------
Finished Renaming Generated Nets : Time (s): cpu = 00:01:12 ; elapsed = 00:01:13 . Memory (MB): peak = 2942.277 ; gain = 1091.680 ; free physical = 12706 ; free virtual = 23650
---------------------------------------------------------------------------------
---------------------------------------------------------------------------------
Start Writing Synthesis Report
---------------------------------------------------------------------------------

Report BlackBoxes: 
+-+--------------+----------+
| |BlackBox name |Instances |
+-+--------------+----------+
+-+--------------+----------+

Report Cell Usage: 
+------+---------+------+
|      |Cell     |Count |
+------+---------+------+
|1     |CARRY4   |    93|
|2     |LUT1     |    60|
|3     |LUT2     |   133|
|4     |LUT3     |   601|
|5     |LUT4     |   705|
|6     |LUT5     |  1614|
|7     |LUT6     |  4806|
|8     |MUXF7    |  1124|
|9     |MUXF8    |   198|
|10    |RAM16X1D |    32|
|11    |RAMB36E1 |    64|
|13    |FDRE     |  8022|
|14    |FDSE     |    10|
+------+---------+------+
---------------------------------------------------------------------------------
Finished Writing Synthesis Report : Time (s): cpu = 00:01:12 ; elapsed = 00:01:13 . Memory (MB): peak = 2942.277 ; gain = 1091.680 ; free physical = 12706 ; free virtual = 23650
---------------------------------------------------------------------------------
Synthesis finished with 0 errors, 0 critical warnings and 8 warnings.
Synthesis Optimization Runtime : Time (s): cpu = 00:01:09 ; elapsed = 00:01:10 . Memory (MB): peak = 2942.277 ; gain = 973.836 ; free physical = 12706 ; free virtual = 23650
Synthesis Optimization Complete : Time (s): cpu = 00:01:12 ; elapsed = 00:01:13 . Memory (MB): peak = 2942.285 ; gain = 1091.680 ; free physical = 12706 ; free virtual = 23650
INFO: [Project 1-571] Translating synthesized netlist
Netlist sorting complete. Time (s): cpu = 00:00:00.09 ; elapsed = 00:00:00.09 . Memory (MB): peak = 2942.285 ; gain = 0.000 ; free physical = 13049 ; free virtual = 23993
INFO: [Netlist 29-17] Analyzing 1511 Unisim elements for replacement
INFO: [Netlist 29-28] Unisim Transformation completed in 0 CPU seconds
WARNING: [Netlist 29-101] Netlist 'design_1_multihart_ip_0_0' is not ideal for floorplanning, since the cellview 'multihart_ip_multihart_ip_Pipeline_VITIS_LOOP_193_1' contains a large number of primitives.  Please consider enabling hierarchy in synthesis if you want to do floorplanning.
INFO: [Project 1-570] Preparing netlist for logic optimization
INFO: [Opt 31-138] Pushed 0 inverter(s) to 0 load pin(s).
Netlist sorting complete. Time (s): cpu = 00:00:00 ; elapsed = 00:00:00 . Memory (MB): peak = 2998.305 ; gain = 0.000 ; free physical = 13055 ; free virtual = 23999
INFO: [Project 1-111] Unisim Transformation Summary:
  A total of 32 instances were transformed.
  RAM16X1D => RAM32X1D (RAMD32(x2)): 32 instances

Synth Design complete | Checksum: d9238f6b
INFO: [Common 17-83] Releasing license: Synthesis
198 Infos, 82 Warnings, 0 Critical Warnings and 0 Errors encountered.
synth_design completed successfully
synth_design: Time (s): cpu = 00:01:24 ; elapsed = 00:01:21 . Memory (MB): peak = 2998.305 ; gain = 1503.176 ; free physical = 13055 ; free virtual = 23999
INFO: [Common 17-2834] synth_design peak Physical Memory [PSS] (MB): overall = 2572.866; main = 2182.684; forked = 438.286
INFO: [Common 17-2834] synth_design peak Virtual Memory [VSS] (MB): overall = 4045.375; main = 2998.309; forked = 1103.094
Write ShapeDB Complete: Time (s): cpu = 00:00:00.03 ; elapsed = 00:00:00.01 . Memory (MB): peak = 3022.316 ; gain = 0.000 ; free physical = 13055 ; free virtual = 24000
INFO: [Common 17-1381] The checkpoint '/home/goossens/goossens-book-ip-projects/2024.1/multihart_4h_ip/project_1.runs/design_1_multihart_ip_0_0_synth_1/design_1_multihart_ip_0_0.dcp' has been generated.
INFO: [Coretcl 2-1648] Added synthesis output to IP cache for IP design_1_multihart_ip_0_0, cache-ID = 6cee52933cff06f5
INFO: [Coretcl 2-1174] Renamed 7 cell refs.
Write ShapeDB Complete: Time (s): cpu = 00:00:00.04 ; elapsed = 00:00:00.01 . Memory (MB): peak = 3022.316 ; gain = 0.000 ; free physical = 12991 ; free virtual = 23952
INFO: [Common 17-1381] The checkpoint '/home/goossens/goossens-book-ip-projects/2024.1/multihart_4h_ip/project_1.runs/design_1_multihart_ip_0_0_synth_1/design_1_multihart_ip_0_0.dcp' has been generated.
INFO: [Vivado 12-24828] Executing command : report_utilization -file design_1_multihart_ip_0_0_utilization_synth.rpt -pb design_1_multihart_ip_0_0_utilization_synth.pb
INFO: [Common 17-206] Exiting Vivado at Sun Sep  8 19:29:39 2024...
