#-----------------------------------------------------------
# Vivado v2024.1 (64-bit)
# SW Build 5076996 on Wed May 22 18:36:09 MDT 2024
# IP Build 5075265 on Wed May 22 21:45:21 MDT 2024
# SharedData Build 5076995 on Wed May 22 18:29:18 MDT 2024
# Start of session at: Wed Oct  9 18:29:53 2024
# Process ID: 187324
# Current directory: /home/goossens/goossens-book-ip-projects/2024.1/multicore_multihart_4c_2h_ip/workspace/hls_component/multihart_ip/hls/impl/ip
# Command line: vivado -notrace -mode batch -source run_ippack.tcl
# Log file: /home/goossens/goossens-book-ip-projects/2024.1/multicore_multihart_4c_2h_ip/workspace/hls_component/multihart_ip/hls/impl/ip/vivado.log
# Journal file: /home/goossens/goossens-book-ip-projects/2024.1/multicore_multihart_4c_2h_ip/workspace/hls_component/multihart_ip/hls/impl/ip/vivado.jou
# Running On        :goossens-Precision-5530
# Platform          :Ubuntu
# Operating System  :Ubuntu 22.04.5 LTS
# Processor Detail  :Intel(R) Xeon(R) E-2176M  CPU @ 2.70GHz
# CPU Frequency     :4194.725 MHz
# CPU Physical cores:6
# CPU Logical cores :12
# Host memory       :67049 MB
# Swap memory       :2147 MB
# Total Virtual     :69196 MB
# Available Virtual :60594 MB
#-----------------------------------------------------------
source run_ippack.tcl -notrace
INFO: calling package_hls_ip ip_types=vitis sysgen json_file=/home/goossens/goossens-book-ip-projects/2024.1/multicore_multihart_4c_2h_ip/workspace/hls_component/multihart_ip/hls/hls_data.json outdir=/home/goossens/goossens-book-ip-projects/2024.1/multicore_multihart_4c_2h_ip/workspace/hls_component/multihart_ip/hls/impl/ip srcdir=/home/goossens/goossens-book-ip-projects/2024.1/multicore_multihart_4c_2h_ip/workspace/hls_component/multihart_ip/hls sort_interfaces_ports=false
INFO: Copied 1 ipmisc file(s) to /home/goossens/goossens-book-ip-projects/2024.1/multicore_multihart_4c_2h_ip/workspace/hls_component/multihart_ip/hls/impl/ip/misc
INFO: Copied 15 verilog file(s) to /home/goossens/goossens-book-ip-projects/2024.1/multicore_multihart_4c_2h_ip/workspace/hls_component/multihart_ip/hls/impl/ip/hdl/verilog
INFO: Copied 15 vhdl file(s) to /home/goossens/goossens-book-ip-projects/2024.1/multicore_multihart_4c_2h_ip/workspace/hls_component/multihart_ip/hls/impl/ip/hdl/vhdl
INFO: Copied 10 swdriver file(s) to /home/goossens/goossens-book-ip-projects/2024.1/multicore_multihart_4c_2h_ip/workspace/hls_component/multihart_ip/hls/impl/ip/drivers
ipx::create_core: Time (s): cpu = 00:00:09 ; elapsed = 00:00:09 . Memory (MB): peak = 1508.441 ; gain = 95.836 ; free physical = 43822 ; free virtual = 57394
INFO: Import ports from HDL: /home/goossens/goossens-book-ip-projects/2024.1/multicore_multihart_4c_2h_ip/workspace/hls_component/multihart_ip/hls/impl/ip/hdl/vhdl/multihart_ip.vhd (multihart_ip)
INFO: Add axi4lite interface s_axi_control
INFO: Add clock interface ap_clk
INFO: Add reset interface ap_rst_n
INFO: Add interrupt interface interrupt
INFO: [IP_Flow 19-234] Refreshing IP repositories
INFO: [IP_Flow 19-1704] No user IP repositories specified
INFO: [IP_Flow 19-2313] Loaded Vivado IP repository '/opt/Xilinx/Vivado/2024.1/data/ip'.
INFO: Add axi4full interface m_axi_gmem
INFO: Add bram interface ip_data_ram_PORTA
INFO: Calling post_process_vitis to specialize IP
INFO: Calling post_process_sysgen to specialize IP
Generating sysgen info xml from json file
INFO: Created IP /home/goossens/goossens-book-ip-projects/2024.1/multicore_multihart_4c_2h_ip/workspace/hls_component/multihart_ip/hls/impl/ip/component.xml
INFO: Created IP archive /home/goossens/goossens-book-ip-projects/2024.1/multicore_multihart_4c_2h_ip/workspace/hls_component/multihart_ip/hls/impl/ip/xilinx_com_hls_multihart_ip_1_0.zip
INFO: [Common 17-206] Exiting Vivado at Wed Oct  9 18:30:07 2024...
