
*** Running vivado
    with args -log design_1_blk_mem_gen_0_0.vds -m64 -product Vivado -mode batch -messageDb vivado.pb -notrace -source design_1_blk_mem_gen_0_0.tcl


****** Vivado v2024.1 (64-bit)
  **** SW Build 5076996 on Wed May 22 18:36:09 MDT 2024
  **** IP Build 5075265 on Wed May 22 21:45:21 MDT 2024
  **** SharedData Build 5076995 on Wed May 22 18:29:18 MDT 2024
  **** Start of session at: Thu Oct  3 07:19:22 2024
    ** Copyright 1986-2022 Xilinx, Inc. All Rights Reserved.
    ** Copyright 2022-2024 Advanced Micro Devices, Inc. All Rights Reserved.

source design_1_blk_mem_gen_0_0.tcl -notrace
create_project: Time (s): cpu = 00:00:11 ; elapsed = 00:00:11 . Memory (MB): peak = 1477.258 ; gain = 92.836 ; free physical = 19885 ; free virtual = 50197
INFO: [IP_Flow 19-234] Refreshing IP repositories
INFO: [IP_Flow 19-1700] Loaded user IP repository '/home/goossens/goossens-book-ip-projects/2024.1/multicore_multihart_2c_4h_ip/workspace/hls_component/multihart_ip'.
INFO: [IP_Flow 19-2313] Loaded Vivado IP repository '/opt/Xilinx/Vivado/2024.1/data/ip'.
INFO: [IP_Flow 19-6924] IPCACHE: Running cache check for IP inst: design_1_blk_mem_gen_0_0
INFO: [IP_Flow 19-6922] IPCACHE: Exporting cached entry 380d0b27dbed3392 to dir: /home/goossens/goossens-book-ip-projects/2024.1/multicore_multihart_2c_4h_ip/multicore_multihart_2c_4h/multicore_multihart_2c_4h.runs/design_1_blk_mem_gen_0_0_synth_1
INFO: [IP_Flow 19-6928] IPCACHE: copied cached file /home/goossens/goossens-book-ip-projects/2024.1/multicore_multihart_2c_4h_ip/multicore_multihart_2c_4h/multicore_multihart_2c_4h.cache/ip/2024.1/3/8/380d0b27dbed3392/design_1_blk_mem_gen_0_1.dcp to /home/goossens/goossens-book-ip-projects/2024.1/multicore_multihart_2c_4h_ip/multicore_multihart_2c_4h/multicore_multihart_2c_4h.runs/design_1_blk_mem_gen_0_0_synth_1/design_1_blk_mem_gen_0_0.dcp.
INFO: [IP_Flow 19-6928] IPCACHE: copied cached file /home/goossens/goossens-book-ip-projects/2024.1/multicore_multihart_2c_4h_ip/multicore_multihart_2c_4h/multicore_multihart_2c_4h.cache/ip/2024.1/3/8/380d0b27dbed3392/design_1_blk_mem_gen_0_1_stub.v to /home/goossens/goossens-book-ip-projects/2024.1/multicore_multihart_2c_4h_ip/multicore_multihart_2c_4h/multicore_multihart_2c_4h.runs/design_1_blk_mem_gen_0_0_synth_1/design_1_blk_mem_gen_0_0_stub.v.
INFO: [IP_Flow 19-6928] IPCACHE: copied cached file /home/goossens/goossens-book-ip-projects/2024.1/multicore_multihart_2c_4h_ip/multicore_multihart_2c_4h/multicore_multihart_2c_4h.cache/ip/2024.1/3/8/380d0b27dbed3392/design_1_blk_mem_gen_0_1_sim_netlist.vhdl to /home/goossens/goossens-book-ip-projects/2024.1/multicore_multihart_2c_4h_ip/multicore_multihart_2c_4h/multicore_multihart_2c_4h.runs/design_1_blk_mem_gen_0_0_synth_1/design_1_blk_mem_gen_0_0_sim_netlist.vhdl.
INFO: [IP_Flow 19-6928] IPCACHE: copied cached file /home/goossens/goossens-book-ip-projects/2024.1/multicore_multihart_2c_4h_ip/multicore_multihart_2c_4h/multicore_multihart_2c_4h.cache/ip/2024.1/3/8/380d0b27dbed3392/design_1_blk_mem_gen_0_1_sim_netlist.v to /home/goossens/goossens-book-ip-projects/2024.1/multicore_multihart_2c_4h_ip/multicore_multihart_2c_4h/multicore_multihart_2c_4h.runs/design_1_blk_mem_gen_0_0_synth_1/design_1_blk_mem_gen_0_0_sim_netlist.v.
INFO: [IP_Flow 19-6928] IPCACHE: copied cached file /home/goossens/goossens-book-ip-projects/2024.1/multicore_multihart_2c_4h_ip/multicore_multihart_2c_4h/multicore_multihart_2c_4h.cache/ip/2024.1/3/8/380d0b27dbed3392/design_1_blk_mem_gen_0_1_stub.vhdl to /home/goossens/goossens-book-ip-projects/2024.1/multicore_multihart_2c_4h_ip/multicore_multihart_2c_4h/multicore_multihart_2c_4h.runs/design_1_blk_mem_gen_0_0_synth_1/design_1_blk_mem_gen_0_0_stub.vhdl.
INFO: [IP_Flow 19-4838] Using cached IP synthesis design for IP design_1_blk_mem_gen_0_0, cache-ID = 380d0b27dbed3392.
INFO: [Common 17-206] Exiting Vivado at Thu Oct  3 07:19:40 2024...
