Sun Sep  8 16:10:36 2024: Running xcd server. This server was built by gradle.
Sun Sep  8 16:10:36 2024: Server was asked to start on port: '39131'
Sun Sep  8 16:10:36 2024: Server is using token UUID: '6a468110-1be9-40e9-be17-9012ad9c9dc8'
Sun Sep  8 16:10:36 2024: SESSION_MGR: creating session with session uuid: '6d04a3e9-ade5-4ab9-8d63-1f78fcd2ec76' and name 'default'
Sun Sep  8 16:10:36 2024: Attempting to start server on port '39131'
Sun Sep  8 16:10:36 2024: XCD main fifo: created main fifo '/tmp/xcdmain6a468110-1be9-40e9-be17-9012ad9c9dc8', fd read = 13
Sun Sep  8 16:10:36 2024: Running Dispatch Server
Sun Sep  8 16:10:36 2024: Version 2.2.0
Sun Sep  8 16:10:37 2024: Dispatch Server: Accepted socket connection from client
Sun Sep  8 16:10:37 2024: Starting Socket connection
Sun Sep  8 16:10:37 2024: EXCHANGE_TOKEN received, server token: 6a468110-1be9-40e9-be17-9012ad9c9dc8, passed token: 6a468110-1be9-40e9-be17-9012ad9c9dc8
Sun Sep  8 16:10:38 2024: DISPATCH_HANDLER: Adding handler from function makeHandler in library libxv_system_diagram
Sun Sep  8 16:10:38 2024: SESSION_MGR: creating session with session uuid: 'e0cb97c3-3392-4501-b5bb-e618f145645e' and name 'vitis-run_compile_rv32i_pp_ip'
Sun Sep  8 16:10:38 2024: KERNEL_SVC: creating session with uuid: 'e0cb97c3-3392-4501-b5bb-e618f145645e' and name 'vitis-run_compile_rv32i_pp_ip'
Sun Sep  8 16:10:38 2024: GUIDANCE_SMGR: creating guidance session with uuid: 'e0cb97c3-3392-4501-b5bb-e618f145645e' and name 'vitis-run_compile_rv32i_pp_ip'
Sun Sep  8 16:10:38 2024: SYSTEM_DIAGRAM: creating session with uuid: 'e0cb97c3-3392-4501-b5bb-e618f145645e' and name 'vitis-run_compile_rv32i_pp_ip'
Sun Sep  8 16:10:42 2024: Dispatch Server: Accepted socket connection from client
Sun Sep  8 16:10:42 2024: Starting Socket connection
Sun Sep  8 16:10:44 2024: SESSION_MGR: closing session for UUID 'e0cb97c3-3392-4501-b5bb-e618f145645e' with name 'vitis-run_compile_rv32i_pp_ip'
Sun Sep  8 16:10:44 2024: KERNEL_SVC: closing session for UUID 'e0cb97c3-3392-4501-b5bb-e618f145645e' with name 'vitis-run_compile_rv32i_pp_ip'
Sun Sep  8 16:10:44 2024: GUIDANCE_SMGR: closing session for UUID 'e0cb97c3-3392-4501-b5bb-e618f145645e' with name 'vitis-run_compile_rv32i_pp_ip'
Sun Sep  8 16:10:44 2024: SYSTEM_DIAGRAM: closing session for UUID 'e0cb97c3-3392-4501-b5bb-e618f145645e' with name 'vitis-run_compile_rv32i_pp_ip'
Sun Sep  8 16:10:44 2024: STOP_SERVER received, server token: 6a468110-1be9-40e9-be17-9012ad9c9dc8, passed token: 6a468110-1be9-40e9-be17-9012ad9c9dc8
Sun Sep  8 16:10:44 2024: Socket received request to stop server.
Sun Sep  8 16:10:44 2024: Dispatch Server: do_await_stop
Sun Sep  8 16:10:44 2024: Dispatch Server: stopping mainFifo_
Sun Sep  8 16:10:44 2024: XCD main fifo: Stopping
Sun Sep  8 16:10:44 2024: XCD main fifo: do_read error code: Operation canceled
Sun Sep  8 16:10:44 2024: XCD main fifo: bytes_transferred: 0
Sun Sep  8 16:10:44 2024: SERVER: destructor for server bound to port 39131
Sun Sep  8 16:10:44 2024: XCD main fifo: Good unlink of /tmp/xcdmain6a468110-1be9-40e9-be17-9012ad9c9dc8
Sun Sep  8 16:10:44 2024: Server exiting with status 0.
Sun Sep  8 16:10:44 2024: Closing log file.
Sun Sep  8 16:14:33 2024: Running xcd server. This server was built by gradle.
Sun Sep  8 16:14:33 2024: Server was asked to start on port: '45613'
Sun Sep  8 16:14:33 2024: Server is using token UUID: '32675b0a-c971-4ac7-ae0e-65d6966dc040'
Sun Sep  8 16:14:33 2024: SESSION_MGR: creating session with session uuid: '6d04a3e9-ade5-4ab9-8d63-1f78fcd2ec76' and name 'default'
Sun Sep  8 16:14:33 2024: Attempting to start server on port '45613'
Sun Sep  8 16:14:33 2024: XCD main fifo: created main fifo '/tmp/xcdmain32675b0a-c971-4ac7-ae0e-65d6966dc040', fd read = 13
Sun Sep  8 16:14:33 2024: Running Dispatch Server
Sun Sep  8 16:14:33 2024: Version 2.2.0
Sun Sep  8 16:14:34 2024: Dispatch Server: Accepted socket connection from client
Sun Sep  8 16:14:34 2024: Starting Socket connection
Sun Sep  8 16:14:34 2024: EXCHANGE_TOKEN received, server token: 32675b0a-c971-4ac7-ae0e-65d6966dc040, passed token: 32675b0a-c971-4ac7-ae0e-65d6966dc040
Sun Sep  8 16:14:34 2024: DISPATCH_HANDLER: Adding handler from function makeHandler in library libxv_system_diagram
Sun Sep  8 16:14:34 2024: SESSION_MGR: creating session with session uuid: '954dbe75-a155-477a-8ce7-cfc29cd8815b' and name 'vitis-run_compile_rv32i_pp_ip'
Sun Sep  8 16:14:34 2024: KERNEL_SVC: creating session with uuid: '954dbe75-a155-477a-8ce7-cfc29cd8815b' and name 'vitis-run_compile_rv32i_pp_ip'
Sun Sep  8 16:14:34 2024: GUIDANCE_SMGR: creating guidance session with uuid: '954dbe75-a155-477a-8ce7-cfc29cd8815b' and name 'vitis-run_compile_rv32i_pp_ip'
Sun Sep  8 16:14:34 2024: SYSTEM_DIAGRAM: creating session with uuid: '954dbe75-a155-477a-8ce7-cfc29cd8815b' and name 'vitis-run_compile_rv32i_pp_ip'
Sun Sep  8 16:14:39 2024: Dispatch Server: Accepted socket connection from client
Sun Sep  8 16:14:39 2024: Starting Socket connection
Sun Sep  8 16:14:59 2024: SESSION_MGR: closing session for UUID '954dbe75-a155-477a-8ce7-cfc29cd8815b' with name 'vitis-run_compile_rv32i_pp_ip'
Sun Sep  8 16:14:59 2024: KERNEL_SVC: closing session for UUID '954dbe75-a155-477a-8ce7-cfc29cd8815b' with name 'vitis-run_compile_rv32i_pp_ip'
Sun Sep  8 16:14:59 2024: GUIDANCE_SMGR: closing session for UUID '954dbe75-a155-477a-8ce7-cfc29cd8815b' with name 'vitis-run_compile_rv32i_pp_ip'
Sun Sep  8 16:14:59 2024: SYSTEM_DIAGRAM: closing session for UUID '954dbe75-a155-477a-8ce7-cfc29cd8815b' with name 'vitis-run_compile_rv32i_pp_ip'
Sun Sep  8 16:14:59 2024: STOP_SERVER received, server token: 32675b0a-c971-4ac7-ae0e-65d6966dc040, passed token: 32675b0a-c971-4ac7-ae0e-65d6966dc040
Sun Sep  8 16:14:59 2024: Socket received request to stop server.
Sun Sep  8 16:14:59 2024: Dispatch Server: do_await_stop
Sun Sep  8 16:14:59 2024: Dispatch Server: stopping mainFifo_
Sun Sep  8 16:14:59 2024: XCD main fifo: Stopping
Sun Sep  8 16:14:59 2024: XCD main fifo: do_read error code: Operation canceled
Sun Sep  8 16:14:59 2024: XCD main fifo: bytes_transferred: 0
Sun Sep  8 16:14:59 2024: SERVER: destructor for server bound to port 45613
Sun Sep  8 16:14:59 2024: XCD main fifo: Good unlink of /tmp/xcdmain32675b0a-c971-4ac7-ae0e-65d6966dc040
Sun Sep  8 16:14:59 2024: Server exiting with status 0.
Sun Sep  8 16:14:59 2024: Closing log file.
Sun Sep  8 16:15:19 2024: Running xcd server. This server was built by gradle.
Sun Sep  8 16:15:19 2024: Server was asked to start on port: '41491'
Sun Sep  8 16:15:19 2024: Server is using token UUID: '0eae521a-e105-437e-a2f5-e1a33e01d3b2'
Sun Sep  8 16:15:19 2024: SESSION_MGR: creating session with session uuid: '6d04a3e9-ade5-4ab9-8d63-1f78fcd2ec76' and name 'default'
Sun Sep  8 16:15:19 2024: Attempting to start server on port '41491'
Sun Sep  8 16:15:19 2024: XCD main fifo: created main fifo '/tmp/xcdmain0eae521a-e105-437e-a2f5-e1a33e01d3b2', fd read = 13
Sun Sep  8 16:15:19 2024: Running Dispatch Server
Sun Sep  8 16:15:19 2024: Version 2.2.0
Sun Sep  8 16:15:20 2024: Dispatch Server: Accepted socket connection from client
Sun Sep  8 16:15:20 2024: Starting Socket connection
Sun Sep  8 16:15:20 2024: EXCHANGE_TOKEN received, server token: 0eae521a-e105-437e-a2f5-e1a33e01d3b2, passed token: 0eae521a-e105-437e-a2f5-e1a33e01d3b2
Sun Sep  8 16:15:20 2024: DISPATCH_HANDLER: Adding handler from function makeHandler in library libxv_system_diagram
Sun Sep  8 16:15:20 2024: SESSION_MGR: creating session with session uuid: 'e931d736-9287-498c-bb09-fc3d37542979' and name 'v++_compile_rv32i_pp_ip'
Sun Sep  8 16:15:20 2024: KERNEL_SVC: creating session with uuid: 'e931d736-9287-498c-bb09-fc3d37542979' and name 'v++_compile_rv32i_pp_ip'
Sun Sep  8 16:15:20 2024: GUIDANCE_SMGR: creating guidance session with uuid: 'e931d736-9287-498c-bb09-fc3d37542979' and name 'v++_compile_rv32i_pp_ip'
Sun Sep  8 16:15:20 2024: SYSTEM_DIAGRAM: creating session with uuid: 'e931d736-9287-498c-bb09-fc3d37542979' and name 'v++_compile_rv32i_pp_ip'
Sun Sep  8 16:15:25 2024: Dispatch Server: Accepted socket connection from client
Sun Sep  8 16:15:25 2024: Starting Socket connection
Sun Sep  8 16:16:12 2024: SESSION_MGR: closing session for UUID 'e931d736-9287-498c-bb09-fc3d37542979' with name 'v++_compile_rv32i_pp_ip'
Sun Sep  8 16:16:12 2024: KERNEL_SVC: closing session for UUID 'e931d736-9287-498c-bb09-fc3d37542979' with name 'v++_compile_rv32i_pp_ip'
Sun Sep  8 16:16:12 2024: GUIDANCE_SMGR: closing session for UUID 'e931d736-9287-498c-bb09-fc3d37542979' with name 'v++_compile_rv32i_pp_ip'
Sun Sep  8 16:16:12 2024: SYSTEM_DIAGRAM: closing session for UUID 'e931d736-9287-498c-bb09-fc3d37542979' with name 'v++_compile_rv32i_pp_ip'
Sun Sep  8 16:16:12 2024: STOP_SERVER received, server token: 0eae521a-e105-437e-a2f5-e1a33e01d3b2, passed token: 0eae521a-e105-437e-a2f5-e1a33e01d3b2
Sun Sep  8 16:16:12 2024: Socket received request to stop server.
Sun Sep  8 16:16:12 2024: Dispatch Server: do_await_stop
Sun Sep  8 16:16:12 2024: Dispatch Server: stopping mainFifo_
Sun Sep  8 16:16:12 2024: XCD main fifo: Stopping
Sun Sep  8 16:16:12 2024: XCD main fifo: do_read error code: Operation canceled
Sun Sep  8 16:16:12 2024: XCD main fifo: bytes_transferred: 0
Sun Sep  8 16:16:12 2024: SERVER: destructor for server bound to port 41491
Sun Sep  8 16:16:12 2024: XCD main fifo: Good unlink of /tmp/xcdmain0eae521a-e105-437e-a2f5-e1a33e01d3b2
Sun Sep  8 16:16:12 2024: Server exiting with status 0.
Sun Sep  8 16:16:12 2024: Closing log file.
Sun Sep  8 16:16:28 2024: Running xcd server. This server was built by gradle.
Sun Sep  8 16:16:28 2024: Server was asked to start on port: '42607'
Sun Sep  8 16:16:28 2024: Server is using token UUID: '0b61c28c-d1c8-482d-8d43-21d710d56697'
Sun Sep  8 16:16:28 2024: SESSION_MGR: creating session with session uuid: '6d04a3e9-ade5-4ab9-8d63-1f78fcd2ec76' and name 'default'
Sun Sep  8 16:16:28 2024: Attempting to start server on port '42607'
Sun Sep  8 16:16:28 2024: XCD main fifo: created main fifo '/tmp/xcdmain0b61c28c-d1c8-482d-8d43-21d710d56697', fd read = 13
Sun Sep  8 16:16:28 2024: Running Dispatch Server
Sun Sep  8 16:16:28 2024: Version 2.2.0
Sun Sep  8 16:16:30 2024: Dispatch Server: Accepted socket connection from client
Sun Sep  8 16:16:30 2024: Starting Socket connection
Sun Sep  8 16:16:30 2024: EXCHANGE_TOKEN received, server token: 0b61c28c-d1c8-482d-8d43-21d710d56697, passed token: 0b61c28c-d1c8-482d-8d43-21d710d56697
Sun Sep  8 16:16:30 2024: DISPATCH_HANDLER: Adding handler from function makeHandler in library libxv_system_diagram
Sun Sep  8 16:16:30 2024: SESSION_MGR: creating session with session uuid: '3d761f89-7b80-41e6-869b-c645236d7889' and name 'vitis-run_compile_rv32i_pp_ip'
Sun Sep  8 16:16:30 2024: KERNEL_SVC: creating session with uuid: '3d761f89-7b80-41e6-869b-c645236d7889' and name 'vitis-run_compile_rv32i_pp_ip'
Sun Sep  8 16:16:30 2024: GUIDANCE_SMGR: creating guidance session with uuid: '3d761f89-7b80-41e6-869b-c645236d7889' and name 'vitis-run_compile_rv32i_pp_ip'
Sun Sep  8 16:16:30 2024: SYSTEM_DIAGRAM: creating session with uuid: '3d761f89-7b80-41e6-869b-c645236d7889' and name 'vitis-run_compile_rv32i_pp_ip'
Sun Sep  8 16:16:35 2024: Dispatch Server: Accepted socket connection from client
Sun Sep  8 16:16:35 2024: Starting Socket connection
Sun Sep  8 16:16:55 2024: SESSION_MGR: closing session for UUID '3d761f89-7b80-41e6-869b-c645236d7889' with name 'vitis-run_compile_rv32i_pp_ip'
Sun Sep  8 16:16:55 2024: KERNEL_SVC: closing session for UUID '3d761f89-7b80-41e6-869b-c645236d7889' with name 'vitis-run_compile_rv32i_pp_ip'
Sun Sep  8 16:16:55 2024: GUIDANCE_SMGR: closing session for UUID '3d761f89-7b80-41e6-869b-c645236d7889' with name 'vitis-run_compile_rv32i_pp_ip'
Sun Sep  8 16:16:55 2024: SYSTEM_DIAGRAM: closing session for UUID '3d761f89-7b80-41e6-869b-c645236d7889' with name 'vitis-run_compile_rv32i_pp_ip'
Sun Sep  8 16:16:55 2024: STOP_SERVER received, server token: 0b61c28c-d1c8-482d-8d43-21d710d56697, passed token: 0b61c28c-d1c8-482d-8d43-21d710d56697
Sun Sep  8 16:16:55 2024: Socket received request to stop server.
Sun Sep  8 16:16:55 2024: Dispatch Server: do_await_stop
Sun Sep  8 16:16:55 2024: Dispatch Server: stopping mainFifo_
Sun Sep  8 16:16:55 2024: XCD main fifo: Stopping
Sun Sep  8 16:16:55 2024: XCD main fifo: do_read error code: Operation canceled
Sun Sep  8 16:16:55 2024: XCD main fifo: bytes_transferred: 0
Sun Sep  8 16:16:55 2024: SERVER: destructor for server bound to port 42607
Sun Sep  8 16:16:55 2024: XCD main fifo: Good unlink of /tmp/xcdmain0b61c28c-d1c8-482d-8d43-21d710d56697
Sun Sep  8 16:16:55 2024: Server exiting with status 0.
Sun Sep  8 16:16:55 2024: Closing log file.
