Copyright 1986-2022 Xilinx, Inc. All Rights Reserved. Copyright 2022-2024 Advanced Micro Devices, Inc. All Rights Reserved.
---------------------------------------------------------------------------------------------------------------------------------------------
| Tool Version : Vivado v.2024.1 (lin64) Build 5076996 Wed May 22 18:36:09 MDT 2024
| Date         : Mon Sep 30 07:10:36 2024
| Host         : goossens-Precision-5530 running 64-bit Ubuntu 22.04.5 LTS
| Command      : upgrade_ip
| Device       : xc7z020clg400-1
---------------------------------------------------------------------------------------------------------------------------------------------

Upgrade Log for IP 'design_1_multicore_multicycle_rst_ps7_0_100M_0'

1. Summary
----------

SUCCESS in the upgrade of design_1_multicore_multicycle_rst_ps7_0_100M_0 (xilinx.com:ip:proc_sys_reset:5.0) from (Rev. 13) to (Rev. 15)






Copyright 1986-2022 Xilinx, Inc. All Rights Reserved. Copyright 2022-2024 Advanced Micro Devices, Inc. All Rights Reserved.
---------------------------------------------------------------------------------------------------------------------------------------------
| Tool Version : Vivado v.2024.1 (lin64) Build 5076996 Wed May 22 18:36:09 MDT 2024
| Date         : Mon Sep 30 07:10:36 2024
| Host         : goossens-Precision-5530 running 64-bit Ubuntu 22.04.5 LTS
| Command      : upgrade_ip
| Device       : xc7z020clg400-1
---------------------------------------------------------------------------------------------------------------------------------------------

Upgrade Log for IP 'design_1_multicore_multicycle_blk_mem_gen_0_0'

1. Summary
----------

SUCCESS in the upgrade of design_1_multicore_multicycle_blk_mem_gen_0_0 (xilinx.com:ip:blk_mem_gen:8.4) from (Rev. 5) to (Rev. 8)






Copyright 1986-2022 Xilinx, Inc. All Rights Reserved. Copyright 2022-2024 Advanced Micro Devices, Inc. All Rights Reserved.
---------------------------------------------------------------------------------------------------------------------------------------------
| Tool Version : Vivado v.2024.1 (lin64) Build 5076996 Wed May 22 18:36:09 MDT 2024
| Date         : Mon Sep 30 07:10:36 2024
| Host         : goossens-Precision-5530 running 64-bit Ubuntu 22.04.5 LTS
| Command      : upgrade_ip
| Device       : xc7z020clg400-1
---------------------------------------------------------------------------------------------------------------------------------------------

Upgrade Log for IP 'design_1_multicore_multicycle_axi_interconnect_0_0'

1. Summary
----------

SUCCESS in the upgrade of design_1_multicore_multicycle_axi_interconnect_0_0 (xilinx.com:ip:axi_interconnect:2.1) from (Rev. 26) to (Rev. 32)






Copyright 1986-2022 Xilinx, Inc. All Rights Reserved. Copyright 2022-2024 Advanced Micro Devices, Inc. All Rights Reserved.
---------------------------------------------------------------------------------------------------------------------------------------------
| Tool Version : Vivado v.2024.1 (lin64) Build 5076996 Wed May 22 18:36:09 MDT 2024
| Date         : Mon Sep 30 07:10:36 2024
| Host         : goossens-Precision-5530 running 64-bit Ubuntu 22.04.5 LTS
| Command      : upgrade_ip
| Device       : xc7z020clg400-1
---------------------------------------------------------------------------------------------------------------------------------------------

Upgrade Log for IP 'design_1_multicore_multicycle_axi_gpio_0_1'

1. Summary
----------

SUCCESS in the upgrade of design_1_multicore_multicycle_axi_gpio_0_1 (xilinx.com:ip:axi_gpio:2.0) from (Rev. 27) to (Rev. 33)






Copyright 1986-2022 Xilinx, Inc. All Rights Reserved. Copyright 2022-2024 Advanced Micro Devices, Inc. All Rights Reserved.
---------------------------------------------------------------------------------------------------------------------------------------------
| Tool Version : Vivado v.2024.1 (lin64) Build 5076996 Wed May 22 18:36:09 MDT 2024
| Date         : Mon Sep 30 07:10:36 2024
| Host         : goossens-Precision-5530 running 64-bit Ubuntu 22.04.5 LTS
| Command      : upgrade_ip
| Device       : xc7z020clg400-1
---------------------------------------------------------------------------------------------------------------------------------------------

Upgrade Log for IP 'design_1_multicore_multicycle_axi_gpio_0_0'

1. Summary
----------

SUCCESS in the upgrade of design_1_multicore_multicycle_axi_gpio_0_0 (xilinx.com:ip:axi_gpio:2.0) from (Rev. 27) to (Rev. 33)






Copyright 1986-2022 Xilinx, Inc. All Rights Reserved. Copyright 2022-2024 Advanced Micro Devices, Inc. All Rights Reserved.
---------------------------------------------------------------------------------------------------------------------------------------------
| Tool Version : Vivado v.2024.1 (lin64) Build 5076996 Wed May 22 18:36:09 MDT 2024
| Date         : Mon Sep 30 07:10:36 2024
| Host         : goossens-Precision-5530 running 64-bit Ubuntu 22.04.5 LTS
| Command      : upgrade_ip
| Device       : xc7z020clg400-1
---------------------------------------------------------------------------------------------------------------------------------------------

Upgrade Log for IP 'design_1_multicore_multicycle_axi_bram_ctrl_0_0'

1. Summary
----------

SUCCESS in the upgrade of design_1_multicore_multicycle_axi_bram_ctrl_0_0 (xilinx.com:ip:axi_bram_ctrl:4.1) from (Rev. 6) to (Rev. 10)

2. Upgrade messages
-------------------

WARNING: upgrade cannot remove parameter C_SELECT_XPM : there is no parameter called C_SELECT_XPM in axi_bram_ctrl_v4_1

