

================================================================
== Vitis HLS Report for 'running_cond_update'
================================================================
* Date:           Thu Jul 28 14:21:45 2022

* Version:        2022.1 (Build 3526262 on Mon Apr 18 15:47:01 MDT 2022)
* Project:        fetching_decoding_ip
* Solution:       solution1 (Vivado IP Flow Target)
* Product family: zynq
* Target device:  xc7z020-clg400-1


================================================================
== Performance Estimates
================================================================
+ Timing: 
    * Summary: 
    +--------+----------+----------+------------+
    |  Clock |  Target  | Estimated| Uncertainty|
    +--------+----------+----------+------------+
    |ap_clk  |  10.00 ns|  2.473 ns|     2.70 ns|
    +--------+----------+----------+------------+

+ Latency: 
    * Summary: 
    +---------+---------+----------+----------+-----+-----+---------+
    |  Latency (cycles) |  Latency (absolute) |  Interval | Pipeline|
    |   min   |   max   |    min   |    max   | min | max |   Type  |
    +---------+---------+----------+----------+-----+-----+---------+
    |        0|        0|      0 ns|      0 ns|    1|    1|      yes|
    +---------+---------+----------+----------+-----+-----+---------+

    + Detail: 
        * Instance: 
        N/A

        * Loop: 
        N/A



================================================================
== Utilization Estimates
================================================================
* Summary: 
+-----------------+---------+-----+--------+-------+-----+
|       Name      | BRAM_18K| DSP |   FF   |  LUT  | URAM|
+-----------------+---------+-----+--------+-------+-----+
|DSP              |        -|    -|       -|      -|    -|
|Expression       |        -|    -|       0|     18|    -|
|FIFO             |        -|    -|       -|      -|    -|
|Instance         |        -|    -|       -|      -|    -|
|Memory           |        -|    -|       -|      -|    -|
|Multiplexer      |        -|    -|       -|      -|    -|
|Register         |        -|    -|       -|      -|    -|
+-----------------+---------+-----+--------+-------+-----+
|Total            |        0|    0|       0|     18|    0|
+-----------------+---------+-----+--------+-------+-----+
|Available        |      280|  220|  106400|  53200|    0|
+-----------------+---------+-----+--------+-------+-----+
|Utilization (%)  |        0|    0|       0|     ~0|    0|
+-----------------+---------+-----+--------+-------+-----+

+ Detail: 
    * Instance: 
    N/A

    * DSP: 
    N/A

    * Memory: 
    N/A

    * FIFO: 
    N/A

    * Expression: 
    +--------------+----------+----+---+----+------------+------------+
    | Variable Name| Operation| DSP| FF| LUT| Bitwidth P0| Bitwidth P1|
    +--------------+----------+----+---+----+------------+------------+
    |ap_return     |      icmp|   0|  0|  18|          32|          16|
    +--------------+----------+----+---+----+------------+------------+
    |Total         |          |   0|  0|  18|          32|          16|
    +--------------+----------+----+---+----+------------+------------+

    * Multiplexer: 
    N/A

    * Register: 
    N/A



================================================================
== Interface
================================================================
* Summary: 
+-------------+-----+-----+------------+---------------------+--------------+
|  RTL Ports  | Dir | Bits|  Protocol  |    Source Object    |    C Type    |
+-------------+-----+-----+------------+---------------------+--------------+
|ap_ready     |  out|    1|  ap_ctrl_hs|  running_cond_update|  return value|
|ap_return    |  out|    1|  ap_ctrl_hs|  running_cond_update|  return value|
|instruction  |   in|   32|     ap_none|          instruction|        scalar|
+-------------+-----+-----+------------+---------------------+--------------+

