#-----------------------------------------------------------
# Vivado v2024.1 (64-bit)
# SW Build 5076996 on Wed May 22 18:36:09 MDT 2024
# IP Build 5075265 on Wed May 22 21:45:21 MDT 2024
# SharedData Build 5076995 on Wed May 22 18:29:18 MDT 2024
# Start of session at: Wed Sep 11 21:20:23 2024
# Process ID: 1422534
# Current directory: /home/goossens/goossens-book-ip-projects/2024.1/multi_core_multi_ram_ip/workspace/hls_component/multi_core_multi_ram_ip/hls/impl/ip
# Command line: vivado -notrace -mode batch -source run_ippack.tcl
# Log file: /home/goossens/goossens-book-ip-projects/2024.1/multi_core_multi_ram_ip/workspace/hls_component/multi_core_multi_ram_ip/hls/impl/ip/vivado.log
# Journal file: /home/goossens/goossens-book-ip-projects/2024.1/multi_core_multi_ram_ip/workspace/hls_component/multi_core_multi_ram_ip/hls/impl/ip/vivado.jou
# Running On        :goossens-Precision-5530
# Platform          :Ubuntu
# Operating System  :Ubuntu 22.04.4 LTS
# Processor Detail  :Intel(R) Xeon(R) E-2176M  CPU @ 2.70GHz
# CPU Frequency     :4202.431 MHz
# CPU Physical cores:6
# CPU Logical cores :12
# Host memory       :33276 MB
# Swap memory       :2147 MB
# Total Virtual     :35424 MB
# Available Virtual :25797 MB
#-----------------------------------------------------------
source run_ippack.tcl -notrace
INFO: calling package_hls_ip ip_types=vitis sysgen json_file=/home/goossens/goossens-book-ip-projects/2024.1/multi_core_multi_ram_ip/workspace/hls_component/multi_core_multi_ram_ip/hls/hls_data.json outdir=/home/goossens/goossens-book-ip-projects/2024.1/multi_core_multi_ram_ip/workspace/hls_component/multi_core_multi_ram_ip/hls/impl/ip srcdir=/home/goossens/goossens-book-ip-projects/2024.1/multi_core_multi_ram_ip/workspace/hls_component/multi_core_multi_ram_ip/hls sort_interfaces_ports=false
INFO: Copied 1 ipmisc file(s) to /home/goossens/goossens-book-ip-projects/2024.1/multi_core_multi_ram_ip/workspace/hls_component/multi_core_multi_ram_ip/hls/impl/ip/misc
INFO: Copied 4 verilog file(s) to /home/goossens/goossens-book-ip-projects/2024.1/multi_core_multi_ram_ip/workspace/hls_component/multi_core_multi_ram_ip/hls/impl/ip/hdl/verilog
INFO: Copied 4 vhdl file(s) to /home/goossens/goossens-book-ip-projects/2024.1/multi_core_multi_ram_ip/workspace/hls_component/multi_core_multi_ram_ip/hls/impl/ip/hdl/vhdl
INFO: Copied 10 swdriver file(s) to /home/goossens/goossens-book-ip-projects/2024.1/multi_core_multi_ram_ip/workspace/hls_component/multi_core_multi_ram_ip/hls/impl/ip/drivers
ipx::create_core: Time (s): cpu = 00:00:09 ; elapsed = 00:00:09 . Memory (MB): peak = 1508.348 ; gain = 86.836 ; free physical = 8067 ; free virtual = 24245
INFO: Import ports from HDL: /home/goossens/goossens-book-ip-projects/2024.1/multi_core_multi_ram_ip/workspace/hls_component/multi_core_multi_ram_ip/hls/impl/ip/hdl/vhdl/multi_core_multi_ram_ip.vhd (multi_core_multi_ram_ip)
INFO: Add axi4lite interface s_axi_control
INFO: Add clock interface ap_clk
INFO: Add reset interface ap_rst_n
INFO: Add interrupt interface interrupt
INFO: [IP_Flow 19-234] Refreshing IP repositories
INFO: [IP_Flow 19-1704] No user IP repositories specified
INFO: [IP_Flow 19-2313] Loaded Vivado IP repository '/opt/Xilinx/Vivado/2024.1/data/ip'.
INFO: Add axi4full interface m_axi_gmem
INFO: Add bram interface local_ram_PORTA
INFO: Calling post_process_vitis to specialize IP
INFO: Calling post_process_sysgen to specialize IP
Generating sysgen info xml from json file
INFO: Created IP /home/goossens/goossens-book-ip-projects/2024.1/multi_core_multi_ram_ip/workspace/hls_component/multi_core_multi_ram_ip/hls/impl/ip/component.xml
INFO: Created IP archive /home/goossens/goossens-book-ip-projects/2024.1/multi_core_multi_ram_ip/workspace/hls_component/multi_core_multi_ram_ip/hls/impl/ip/xilinx_com_hls_multi_core_multi_ram_ip_1_0.zip
INFO: [Common 17-206] Exiting Vivado at Wed Sep 11 21:20:36 2024...
