Sun Sep  8 15:52:57 2024: Running xcd server. This server was built by gradle.
Sun Sep  8 15:52:57 2024: Server was asked to start on port: '40055'
Sun Sep  8 15:52:57 2024: Server is using token UUID: '9e5dcda9-6a6f-4f7a-8c99-2e609ada4855'
Sun Sep  8 15:52:57 2024: SESSION_MGR: creating session with session uuid: '6d04a3e9-ade5-4ab9-8d63-1f78fcd2ec76' and name 'default'
Sun Sep  8 15:52:57 2024: Attempting to start server on port '40055'
Sun Sep  8 15:52:57 2024: XCD main fifo: created main fifo '/tmp/xcdmain9e5dcda9-6a6f-4f7a-8c99-2e609ada4855', fd read = 13
Sun Sep  8 15:52:57 2024: Running Dispatch Server
Sun Sep  8 15:52:57 2024: Version 2.2.0
Sun Sep  8 15:52:58 2024: Dispatch Server: Accepted socket connection from client
Sun Sep  8 15:52:58 2024: Starting Socket connection
Sun Sep  8 15:52:58 2024: EXCHANGE_TOKEN received, server token: 9e5dcda9-6a6f-4f7a-8c99-2e609ada4855, passed token: 9e5dcda9-6a6f-4f7a-8c99-2e609ada4855
Sun Sep  8 15:52:58 2024: DISPATCH_HANDLER: Adding handler from function makeHandler in library libxv_system_diagram
Sun Sep  8 15:52:58 2024: SESSION_MGR: creating session with session uuid: 'a238e9b8-c5ee-4689-9b2a-c49a0e6f74d7' and name 'vitis-run_compile_simple_pipeline_ip'
Sun Sep  8 15:52:58 2024: KERNEL_SVC: creating session with uuid: 'a238e9b8-c5ee-4689-9b2a-c49a0e6f74d7' and name 'vitis-run_compile_simple_pipeline_ip'
Sun Sep  8 15:52:58 2024: GUIDANCE_SMGR: creating guidance session with uuid: 'a238e9b8-c5ee-4689-9b2a-c49a0e6f74d7' and name 'vitis-run_compile_simple_pipeline_ip'
Sun Sep  8 15:52:58 2024: SYSTEM_DIAGRAM: creating session with uuid: 'a238e9b8-c5ee-4689-9b2a-c49a0e6f74d7' and name 'vitis-run_compile_simple_pipeline_ip'
Sun Sep  8 15:53:03 2024: Dispatch Server: Accepted socket connection from client
Sun Sep  8 15:53:03 2024: Starting Socket connection
Sun Sep  8 15:53:21 2024: SESSION_MGR: closing session for UUID 'a238e9b8-c5ee-4689-9b2a-c49a0e6f74d7' with name 'vitis-run_compile_simple_pipeline_ip'
Sun Sep  8 15:53:21 2024: KERNEL_SVC: closing session for UUID 'a238e9b8-c5ee-4689-9b2a-c49a0e6f74d7' with name 'vitis-run_compile_simple_pipeline_ip'
Sun Sep  8 15:53:21 2024: GUIDANCE_SMGR: closing session for UUID 'a238e9b8-c5ee-4689-9b2a-c49a0e6f74d7' with name 'vitis-run_compile_simple_pipeline_ip'
Sun Sep  8 15:53:21 2024: SYSTEM_DIAGRAM: closing session for UUID 'a238e9b8-c5ee-4689-9b2a-c49a0e6f74d7' with name 'vitis-run_compile_simple_pipeline_ip'
Sun Sep  8 15:53:21 2024: STOP_SERVER received, server token: 9e5dcda9-6a6f-4f7a-8c99-2e609ada4855, passed token: 9e5dcda9-6a6f-4f7a-8c99-2e609ada4855
Sun Sep  8 15:53:21 2024: Socket received request to stop server.
Sun Sep  8 15:53:21 2024: Dispatch Server: do_await_stop
Sun Sep  8 15:53:21 2024: Dispatch Server: stopping mainFifo_
Sun Sep  8 15:53:21 2024: XCD main fifo: Stopping
Sun Sep  8 15:53:21 2024: XCD main fifo: do_read error code: Operation canceled
Sun Sep  8 15:53:21 2024: XCD main fifo: bytes_transferred: 0
Sun Sep  8 15:53:21 2024: SERVER: destructor for server bound to port 40055
Sun Sep  8 15:53:21 2024: XCD main fifo: Good unlink of /tmp/xcdmain9e5dcda9-6a6f-4f7a-8c99-2e609ada4855
Sun Sep  8 15:53:21 2024: Server exiting with status 0.
Sun Sep  8 15:53:21 2024: Closing log file.
Sun Sep  8 15:53:47 2024: Running xcd server. This server was built by gradle.
Sun Sep  8 15:53:47 2024: Server was asked to start on port: '34777'
Sun Sep  8 15:53:47 2024: Server is using token UUID: 'f42a9161-d8bc-4bfe-9e01-04db80d81852'
Sun Sep  8 15:53:47 2024: SESSION_MGR: creating session with session uuid: '6d04a3e9-ade5-4ab9-8d63-1f78fcd2ec76' and name 'default'
Sun Sep  8 15:53:47 2024: Attempting to start server on port '34777'
Sun Sep  8 15:53:47 2024: XCD main fifo: created main fifo '/tmp/xcdmainf42a9161-d8bc-4bfe-9e01-04db80d81852', fd read = 13
Sun Sep  8 15:53:47 2024: Running Dispatch Server
Sun Sep  8 15:53:47 2024: Version 2.2.0
Sun Sep  8 15:53:49 2024: Dispatch Server: Accepted socket connection from client
Sun Sep  8 15:53:49 2024: Starting Socket connection
Sun Sep  8 15:53:49 2024: EXCHANGE_TOKEN received, server token: f42a9161-d8bc-4bfe-9e01-04db80d81852, passed token: f42a9161-d8bc-4bfe-9e01-04db80d81852
Sun Sep  8 15:53:49 2024: DISPATCH_HANDLER: Adding handler from function makeHandler in library libxv_system_diagram
Sun Sep  8 15:53:49 2024: SESSION_MGR: creating session with session uuid: '656bf3b4-3be9-4c3a-a7e9-dd113f550755' and name 'v++_compile_simple_pipeline_ip'
Sun Sep  8 15:53:49 2024: KERNEL_SVC: creating session with uuid: '656bf3b4-3be9-4c3a-a7e9-dd113f550755' and name 'v++_compile_simple_pipeline_ip'
Sun Sep  8 15:53:49 2024: GUIDANCE_SMGR: creating guidance session with uuid: '656bf3b4-3be9-4c3a-a7e9-dd113f550755' and name 'v++_compile_simple_pipeline_ip'
Sun Sep  8 15:53:49 2024: SYSTEM_DIAGRAM: creating session with uuid: '656bf3b4-3be9-4c3a-a7e9-dd113f550755' and name 'v++_compile_simple_pipeline_ip'
Sun Sep  8 15:53:54 2024: Dispatch Server: Accepted socket connection from client
Sun Sep  8 15:53:54 2024: Starting Socket connection
Sun Sep  8 15:54:34 2024: SESSION_MGR: closing session for UUID '656bf3b4-3be9-4c3a-a7e9-dd113f550755' with name 'v++_compile_simple_pipeline_ip'
Sun Sep  8 15:54:34 2024: KERNEL_SVC: closing session for UUID '656bf3b4-3be9-4c3a-a7e9-dd113f550755' with name 'v++_compile_simple_pipeline_ip'
Sun Sep  8 15:54:34 2024: GUIDANCE_SMGR: closing session for UUID '656bf3b4-3be9-4c3a-a7e9-dd113f550755' with name 'v++_compile_simple_pipeline_ip'
Sun Sep  8 15:54:34 2024: SYSTEM_DIAGRAM: closing session for UUID '656bf3b4-3be9-4c3a-a7e9-dd113f550755' with name 'v++_compile_simple_pipeline_ip'
Sun Sep  8 15:54:34 2024: STOP_SERVER received, server token: f42a9161-d8bc-4bfe-9e01-04db80d81852, passed token: f42a9161-d8bc-4bfe-9e01-04db80d81852
Sun Sep  8 15:54:34 2024: Socket received request to stop server.
Sun Sep  8 15:54:34 2024: Dispatch Server: do_await_stop
Sun Sep  8 15:54:34 2024: Dispatch Server: stopping mainFifo_
Sun Sep  8 15:54:34 2024: XCD main fifo: Stopping
Sun Sep  8 15:54:34 2024: XCD main fifo: do_read error code: Operation canceled
Sun Sep  8 15:54:34 2024: XCD main fifo: bytes_transferred: 0
Sun Sep  8 15:54:34 2024: SERVER: destructor for server bound to port 34777
Sun Sep  8 15:54:34 2024: XCD main fifo: Good unlink of /tmp/xcdmainf42a9161-d8bc-4bfe-9e01-04db80d81852
Sun Sep  8 15:54:34 2024: Server exiting with status 0.
Sun Sep  8 15:54:34 2024: Closing log file.
Sun Sep  8 15:55:05 2024: Running xcd server. This server was built by gradle.
Sun Sep  8 15:55:05 2024: Server was asked to start on port: '40461'
Sun Sep  8 15:55:05 2024: Server is using token UUID: '40bfd537-277a-47c1-babc-47ccbe90f23b'
Sun Sep  8 15:55:05 2024: SESSION_MGR: creating session with session uuid: '6d04a3e9-ade5-4ab9-8d63-1f78fcd2ec76' and name 'default'
Sun Sep  8 15:55:05 2024: Attempting to start server on port '40461'
Sun Sep  8 15:55:05 2024: XCD main fifo: created main fifo '/tmp/xcdmain40bfd537-277a-47c1-babc-47ccbe90f23b', fd read = 13
Sun Sep  8 15:55:05 2024: Running Dispatch Server
Sun Sep  8 15:55:05 2024: Version 2.2.0
Sun Sep  8 15:55:06 2024: Dispatch Server: Accepted socket connection from client
Sun Sep  8 15:55:06 2024: Starting Socket connection
Sun Sep  8 15:55:06 2024: EXCHANGE_TOKEN received, server token: 40bfd537-277a-47c1-babc-47ccbe90f23b, passed token: 40bfd537-277a-47c1-babc-47ccbe90f23b
Sun Sep  8 15:55:06 2024: DISPATCH_HANDLER: Adding handler from function makeHandler in library libxv_system_diagram
Sun Sep  8 15:55:06 2024: SESSION_MGR: creating session with session uuid: '84f129d6-6ed7-450b-9cb3-cc64a9038784' and name 'vitis-run_compile_simple_pipeline_ip'
Sun Sep  8 15:55:06 2024: KERNEL_SVC: creating session with uuid: '84f129d6-6ed7-450b-9cb3-cc64a9038784' and name 'vitis-run_compile_simple_pipeline_ip'
Sun Sep  8 15:55:06 2024: GUIDANCE_SMGR: creating guidance session with uuid: '84f129d6-6ed7-450b-9cb3-cc64a9038784' and name 'vitis-run_compile_simple_pipeline_ip'
Sun Sep  8 15:55:06 2024: SYSTEM_DIAGRAM: creating session with uuid: '84f129d6-6ed7-450b-9cb3-cc64a9038784' and name 'vitis-run_compile_simple_pipeline_ip'
Sun Sep  8 15:55:11 2024: Dispatch Server: Accepted socket connection from client
Sun Sep  8 15:55:11 2024: Starting Socket connection
Sun Sep  8 15:55:31 2024: SESSION_MGR: closing session for UUID '84f129d6-6ed7-450b-9cb3-cc64a9038784' with name 'vitis-run_compile_simple_pipeline_ip'
Sun Sep  8 15:55:31 2024: KERNEL_SVC: closing session for UUID '84f129d6-6ed7-450b-9cb3-cc64a9038784' with name 'vitis-run_compile_simple_pipeline_ip'
Sun Sep  8 15:55:31 2024: GUIDANCE_SMGR: closing session for UUID '84f129d6-6ed7-450b-9cb3-cc64a9038784' with name 'vitis-run_compile_simple_pipeline_ip'
Sun Sep  8 15:55:31 2024: SYSTEM_DIAGRAM: closing session for UUID '84f129d6-6ed7-450b-9cb3-cc64a9038784' with name 'vitis-run_compile_simple_pipeline_ip'
Sun Sep  8 15:55:31 2024: STOP_SERVER received, server token: 40bfd537-277a-47c1-babc-47ccbe90f23b, passed token: 40bfd537-277a-47c1-babc-47ccbe90f23b
Sun Sep  8 15:55:31 2024: Socket received request to stop server.
Sun Sep  8 15:55:31 2024: Dispatch Server: do_await_stop
Sun Sep  8 15:55:31 2024: Dispatch Server: stopping mainFifo_
Sun Sep  8 15:55:31 2024: XCD main fifo: Stopping
Sun Sep  8 15:55:31 2024: XCD main fifo: do_read error code: Operation canceled
Sun Sep  8 15:55:31 2024: XCD main fifo: bytes_transferred: 0
Sun Sep  8 15:55:31 2024: SERVER: destructor for server bound to port 40461
Sun Sep  8 15:55:31 2024: XCD main fifo: Good unlink of /tmp/xcdmain40bfd537-277a-47c1-babc-47ccbe90f23b
Sun Sep  8 15:55:31 2024: Server exiting with status 0.
Sun Sep  8 15:55:31 2024: Closing log file.
