INFO: [SIM 2] *************** CSIM start ***************
INFO: [SIM 4] CSIM will launch CLANG as the compiler.
   Compiling ../../../../../../testbench_rv32i_npp_ip.cpp in debug mode
   Compiling ../../../../../../decode.cpp in debug mode
   Compiling ../../../../../../disassemble.cpp in debug mode
   Compiling ../../../../../../emulate.cpp in debug mode
   Compiling ../../../../../../execute.cpp in debug mode
   Compiling ../../../../../../fetch.cpp in debug mode
   Compiling ../../../../../../immediate.cpp in debug mode
   Compiling ../../../../../../print.cpp in debug mode
   Compiling ../../../../../../rv32i_npp_ip.cpp in debug mode
   Compiling ../../../../../../type.cpp in debug mode
   Generating csim.exe
ra  =                0 (       0)
sp  =                0 (       0)
gp  =                0 (       0)
tp  =                0 (       0)
t0  =                0 (       0)
t1  =                0 (       0)
t2  =                0 (       0)
s0  =                0 (       0)
s1  =                0 (       0)
a0  =               55 (      37)
a1  =                0 (       0)
a2  =               40 (      28)
a3  =               40 (      28)
a4  =               10 (       a)
a5  =                0 (       0)
a6  =                0 (       0)
a7  =                0 (       0)
s2  =                0 (       0)
s3  =                0 (       0)
s4  =                0 (       0)
s5  =                0 (       0)
s6  =                0 (       0)
s7  =                0 (       0)
s8  =                0 (       0)
s9  =                0 (       0)
s10 =                0 (       0)
s11 =                0 (       0)
t3  =                0 (       0)
t4  =                0 (       0)
t5  =                0 (       0)
t6  =                0 (       0)
88 fetched and decoded instructions
data memory dump (non null words)
m[    0] =                1 (       1)
m[    4] =                2 (       2)
m[    8] =                3 (       3)
m[    c] =                4 (       4)
m[   10] =                5 (       5)
m[   14] =                6 (       6)
m[   18] =                7 (       7)
m[   1c] =                8 (       8)
m[   20] =                9 (       9)
m[   24] =               10 (       a)
m[   2c] =               55 (      37)
INFO: [SIM 1] CSim done with 0 errors.
INFO: [SIM 3] *************** CSIM finish ***************
