INFO: [vitis-run 60-1548] Creating build summary session with primary output /home/goossens/goossens-book-ip-projects/2024.1/multi_core_multi_ram_ip/workspace/hls_component/multi_core_multi_ram_ip/multi_core_multi_ram_ip.hlsrun_package_summary, at Wed Sep 11 21:20:16 2024
INFO: [vitis-run 82-31] Launching vitis_hls: vitis_hls -nolog -run package -work_dir /home/goossens/goossens-book-ip-projects/2024.1/multi_core_multi_ram_ip/workspace/hls_component/multi_core_multi_ram_ip -config /home/goossens/goossens-book-ip-projects/2024.1/multi_core_multi_ram_ip/workspace/hls_component/hls_config.cfg -cmdlineconfig /home/goossens/goossens-book-ip-projects/2024.1/multi_core_multi_ram_ip/workspace/hls_component/multi_core_multi_ram_ip/hls/config.cmdline

****** Vitis HLS - High-Level Synthesis from C, C++ and OpenCL v2024.1 (64-bit)
  **** SW Build 5069499 on May 21 2024
  **** IP Build 5075265 on Wed May 22 21:45:21 MDT 2024
  **** SharedData Build 5076995 on Wed May 22 18:29:18 MDT 2024
  **** Start of session at: Wed Sep 11 21:20:17 2024
    ** Copyright 1986-2022 Xilinx, Inc. All Rights Reserved.
    ** Copyright 2022-2024 Advanced Micro Devices, Inc. All Rights Reserved.

source /opt/Xilinx/Vitis_HLS/2024.1/scripts/vitis_hls/hls.tcl -notrace
INFO: [HLS 200-10] For user 'goossens' on host 'goossens-Precision-5530' (Linux_x86_64 version 6.8.0-40-generic) on Wed Sep 11 21:20:19 CEST 2024
INFO: [HLS 200-10] On os Ubuntu 22.04.4 LTS
INFO: [HLS 200-10] In directory '/home/goossens/goossens-book-ip-projects/2024.1/multi_core_multi_ram_ip/workspace/hls_component'
INFO: [HLS 200-2005] Using work_dir /home/goossens/goossens-book-ip-projects/2024.1/multi_core_multi_ram_ip/workspace/hls_component/multi_core_multi_ram_ip 
INFO: [HLS 200-1611] Setting target device to 'xc7z020-clg400-1'
INFO: [HLS 200-1505] Using default flow_target 'vivado'
Resolution: For help on HLS 200-1505 see docs.xilinx.com/access/sources/dita/topic?Doc_Version=2024.1%20English&url=ug1448-hls-guidance&resourceid=200-1505.html
INFO: [HLS 200-1465] Applying ini 'syn.file=/home/goossens/goossens-book-ip-projects/2024.1/multi_core_multi_ram_ip/multi_core_multi_ram_ip.cpp' from /home/goossens/goossens-book-ip-projects/2024.1/multi_core_multi_ram_ip/workspace/hls_component/hls_config.cfg(6)
INFO: [HLS 200-10] Adding design file '/home/goossens/goossens-book-ip-projects/2024.1/multi_core_multi_ram_ip/multi_core_multi_ram_ip.cpp' to the project
INFO: [HLS 200-1465] Applying ini 'syn.file=/home/goossens/goossens-book-ip-projects/2024.1/multi_core_multi_ram_ip/multi_core_multi_ram_ip.h' from /home/goossens/goossens-book-ip-projects/2024.1/multi_core_multi_ram_ip/workspace/hls_component/hls_config.cfg(7)
INFO: [HLS 200-10] Adding design file '/home/goossens/goossens-book-ip-projects/2024.1/multi_core_multi_ram_ip/multi_core_multi_ram_ip.h' to the project
INFO: [HLS 200-1465] Applying ini 'tb.file=/home/goossens/goossens-book-ip-projects/2024.1/multi_core_multi_ram_ip/testbench_multi_core_multi_ram_ip.cpp' from /home/goossens/goossens-book-ip-projects/2024.1/multi_core_multi_ram_ip/workspace/hls_component/hls_config.cfg(12)
INFO: [HLS 200-10] Adding test bench file '/home/goossens/goossens-book-ip-projects/2024.1/multi_core_multi_ram_ip/testbench_multi_core_multi_ram_ip.cpp' to the project
INFO: [HLS 200-1465] Applying ini 'syn.top=multi_core_multi_ram_ip' from /home/goossens/goossens-book-ip-projects/2024.1/multi_core_multi_ram_ip/workspace/hls_component/hls_config.cfg(8)
INFO: [HLS 200-1465] Applying ini 'flow_target=vivado' from /home/goossens/goossens-book-ip-projects/2024.1/multi_core_multi_ram_ip/workspace/hls_component/hls_config.cfg(5)
INFO: [HLS 200-1505] Using flow_target 'vivado'
Resolution: For help on HLS 200-1505 see docs.xilinx.com/access/sources/dita/topic?Doc_Version=2024.1%20English&url=ug1448-hls-guidance&resourceid=200-1505.html
INFO: [HLS 200-1465] Applying ini 'part=xc7z020clg400-1' from /home/goossens/goossens-book-ip-projects/2024.1/multi_core_multi_ram_ip/workspace/hls_component/hls_config.cfg(1)
INFO: [HLS 200-1465] Applying ini 'clock=10ns' from /home/goossens/goossens-book-ip-projects/2024.1/multi_core_multi_ram_ip/workspace/hls_component/hls_config.cfg(4)
INFO: [SYN 201-201] Setting up clock 'default' with a period of 10ns.
INFO: [HLS 200-1465] Applying ini 'package.output.format=ip_catalog' from /home/goossens/goossens-book-ip-projects/2024.1/multi_core_multi_ram_ip/workspace/hls_component/hls_config.cfg(9)
INFO: [HLS 200-1465] Applying ini 'vivado.rtl=verilog' from /home/goossens/goossens-book-ip-projects/2024.1/multi_core_multi_ram_ip/workspace/hls_component/hls_config.cfg(10)
INFO: [IMPL 213-8] Exporting RTL as a Vivado IP.

****** Vivado v2024.1 (64-bit)
  **** SW Build 5076996 on Wed May 22 18:36:09 MDT 2024
  **** IP Build 5075265 on Wed May 22 21:45:21 MDT 2024
  **** SharedData Build 5076995 on Wed May 22 18:29:18 MDT 2024
  **** Start of session at: Wed Sep 11 21:20:23 2024
    ** Copyright 1986-2022 Xilinx, Inc. All Rights Reserved.
    ** Copyright 2022-2024 Advanced Micro Devices, Inc. All Rights Reserved.

source run_ippack.tcl -notrace
INFO: calling package_hls_ip ip_types=vitis sysgen json_file=/home/goossens/goossens-book-ip-projects/2024.1/multi_core_multi_ram_ip/workspace/hls_component/multi_core_multi_ram_ip/hls/hls_data.json outdir=/home/goossens/goossens-book-ip-projects/2024.1/multi_core_multi_ram_ip/workspace/hls_component/multi_core_multi_ram_ip/hls/impl/ip srcdir=/home/goossens/goossens-book-ip-projects/2024.1/multi_core_multi_ram_ip/workspace/hls_component/multi_core_multi_ram_ip/hls sort_interfaces_ports=false
INFO: Copied 1 ipmisc file(s) to /home/goossens/goossens-book-ip-projects/2024.1/multi_core_multi_ram_ip/workspace/hls_component/multi_core_multi_ram_ip/hls/impl/ip/misc
INFO: Copied 4 verilog file(s) to /home/goossens/goossens-book-ip-projects/2024.1/multi_core_multi_ram_ip/workspace/hls_component/multi_core_multi_ram_ip/hls/impl/ip/hdl/verilog
INFO: Copied 4 vhdl file(s) to /home/goossens/goossens-book-ip-projects/2024.1/multi_core_multi_ram_ip/workspace/hls_component/multi_core_multi_ram_ip/hls/impl/ip/hdl/vhdl
INFO: Copied 10 swdriver file(s) to /home/goossens/goossens-book-ip-projects/2024.1/multi_core_multi_ram_ip/workspace/hls_component/multi_core_multi_ram_ip/hls/impl/ip/drivers
ipx::create_core: Time (s): cpu = 00:00:09 ; elapsed = 00:00:09 . Memory (MB): peak = 1508.348 ; gain = 86.836 ; free physical = 8067 ; free virtual = 24245
INFO: Import ports from HDL: /home/goossens/goossens-book-ip-projects/2024.1/multi_core_multi_ram_ip/workspace/hls_component/multi_core_multi_ram_ip/hls/impl/ip/hdl/vhdl/multi_core_multi_ram_ip.vhd (multi_core_multi_ram_ip)
INFO: Add axi4lite interface s_axi_control
INFO: Add clock interface ap_clk
INFO: Add reset interface ap_rst_n
INFO: Add interrupt interface interrupt
INFO: [IP_Flow 19-234] Refreshing IP repositories
INFO: [IP_Flow 19-1704] No user IP repositories specified
INFO: [IP_Flow 19-2313] Loaded Vivado IP repository '/opt/Xilinx/Vivado/2024.1/data/ip'.
INFO: Add axi4full interface m_axi_gmem
INFO: Add bram interface local_ram_PORTA
INFO: Calling post_process_vitis to specialize IP
INFO: Calling post_process_sysgen to specialize IP
Generating sysgen info xml from json file
INFO: Created IP /home/goossens/goossens-book-ip-projects/2024.1/multi_core_multi_ram_ip/workspace/hls_component/multi_core_multi_ram_ip/hls/impl/ip/component.xml
INFO: Created IP archive /home/goossens/goossens-book-ip-projects/2024.1/multi_core_multi_ram_ip/workspace/hls_component/multi_core_multi_ram_ip/hls/impl/ip/xilinx_com_hls_multi_core_multi_ram_ip_1_0.zip
INFO: [Common 17-206] Exiting Vivado at Wed Sep 11 21:20:36 2024...
INFO: [HLS 200-802] Generated output file multi_core_multi_ram_ip/multi_core_multi_ram_ip.zip
INFO: [HLS 200-112] Total CPU user time: 20.08 seconds. Total CPU system time: 0.99 seconds. Total elapsed time: 22.85 seconds; peak allocated memory: 397.707 MB.
INFO: [vitis-run 60-791] Total elapsed time: 0h 0m 26s
