INFO: [SIM 2] *************** CSIM start ***************
INFO: [SIM 4] CSIM will launch CLANG as the compiler.
   Compiling ../../../../../../testbench_simple_pipeline_ip.cpp in debug mode
   Compiling ../../../../../../decode.cpp in debug mode
   Compiling ../../../../../../disassemble.cpp in debug mode
   Compiling ../../../../../../emulate.cpp in debug mode
   Compiling ../../../../../../execute.cpp in debug mode
   Compiling ../../../../../../execute_wb.cpp in debug mode
   Compiling ../../../../../../fetch.cpp in debug mode
   Compiling ../../../../../../fetch_decode.cpp in debug mode
   Compiling ../../../../../../immediate.cpp in debug mode
   Compiling ../../../../../../print.cpp in debug mode
   Compiling ../../../../../../simple_pipeline_ip.cpp in debug mode
   Compiling ../../../../../../type.cpp in debug mode
   Generating csim.exe
88 fetched and decoded instructions
data memory dump (non null words)
m[   0] =                1 (       1)
m[   4] =                2 (       2)
m[   8] =                3 (       3)
m[   c] =                4 (       4)
m[  10] =                5 (       5)
m[  14] =                6 (       6)
m[  18] =                7 (       7)
m[  1c] =                8 (       8)
m[  20] =                9 (       9)
m[  24] =               10 (       a)
m[  2c] =               55 (      37)
INFO: [SIM 1] CSim done with 0 errors.
INFO: [SIM 3] *************** CSIM finish ***************
