In file included from /home/bernard/Xilinx/Vitis_HLS/2022.1/include/floating_point_v7_0_bitacc_cmodel.h:149,
                 from /home/bernard/Xilinx/Vitis_HLS/2022.1/include/hls_fpo.h:189,
                 from /home/bernard/Xilinx/Vitis_HLS/2022.1/include/hls_half_fpo.h:64,
                 from /home/bernard/Xilinx/Vitis_HLS/2022.1/include/hls_half.h:71,
                 from /home/bernard/Xilinx/Vitis_HLS/2022.1/include/etc/ap_private.h:98,
                 from /home/bernard/Xilinx/Vitis_HLS/2022.1/include/ap_common.h:710,
                 from /home/bernard/Xilinx/Vitis_HLS/2022.1/include/ap_int.h:56,
                 from /home/bernard/book-2022.1/new_book_ip/rv32i_npp_ip/rv32i_npp_ip.h:3,
                 from /home/bernard/book-2022.1/new_book_ip/rv32i_npp_ip/fetch.cpp:2:
/home/bernard/Xilinx/Vitis_HLS/2022.1/include/mpfr.h:182:9: error: ‘__gmp_const’ does not name a type; did you mean ‘__gmpn_copyd’?
 typedef __gmp_const __mpfr_struct *mpfr_srcptr;
         ^~~~~~~~~~~
         __gmpn_copyd
/home/bernard/Xilinx/Vitis_HLS/2022.1/include/mpfr.h:182:48: error: expected constructor, destructor, or type conversion before ‘;’ token
 typedef __gmp_const __mpfr_struct *mpfr_srcptr;
                                                ^
In file included from /home/bernard/Xilinx/Vitis_HLS/2022.1/include/floating_point_v7_0_bitacc_cmodel.h:149,
                 from /home/bernard/Xilinx/Vitis_HLS/2022.1/include/hls_fpo.h:189,
                 from /home/bernard/Xilinx/Vitis_HLS/2022.1/include/hls_half_fpo.h:64,
                 from /home/bernard/Xilinx/Vitis_HLS/2022.1/include/hls_half.h:71,
                 from /home/bernard/Xilinx/Vitis_HLS/2022.1/include/etc/ap_private.h:98,
                 from /home/bernard/Xilinx/Vitis_HLS/2022.1/include/ap_common.h:710,
                 from /home/bernard/Xilinx/Vitis_HLS/2022.1/include/ap_int.h:56,
                 from /home/bernard/book-2022.1/new_book_ip/rv32i_npp_ip/rv32i_npp_ip.h:3,
                 from /home/bernard/book-2022.1/new_book_ip/rv32i_npp_ip/fetch.cpp:2:
/home/bernard/Xilinx/Vitis_HLS/2022.1/include/mpfr.h:245:2: error: ‘__gmp_const’ does not name a type; did you mean ‘__gmpn_copyd’?
 __MPFR_DECLSPEC __gmp_const char * mpfr_get_version _MPFR_PROTO ((void));
  ^~~~~~~~~~~
  __gmpn_copyd
/home/bernard/Xilinx/Vitis_HLS/2022.1/include/mpfr.h:246:2: error: ‘__gmp_const’ does not name a type; did you mean ‘__gmpn_copyd’?
 __MPFR_DECLSPEC __gmp_const char * mpfr_get_patches _MPFR_PROTO ((void));
  ^~~~~~~~~~~
  __gmpn_copyd
/home/bernard/Xilinx/Vitis_HLS/2022.1/include/mpfr.h:261:2: error: ‘__gmp_const’ does not name a type; did you mean ‘__gmpn_copyd’?
 __MPFR_DECLSPEC __gmp_const char *
  ^~~~~~~~~~~
  __gmpn_copyd
/home/bernard/Xilinx/Vitis_HLS/2022.1/include/mpfr.h:300:19: error: ‘mpfr_srcptr’ was not declared in this scope
   mpfr_can_round _MPFR_PROTO ((mpfr_srcptr, mpfr_exp_t, mpfr_rnd_t, mpfr_rnd_t,
                   ^~~~~~~~~~~
/home/bernard/Xilinx/Vitis_HLS/2022.1/include/mpfr.h:300:19: note: suggested alternative: ‘mpf_srcptr’
   mpfr_can_round _MPFR_PROTO ((mpfr_srcptr, mpfr_exp_t, mpfr_rnd_t, mpfr_rnd_t,
                   ^~~~~~~~~~~
                   mpf_srcptr
/home/bernard/Xilinx/Vitis_HLS/2022.1/include/mpfr.h:300:42: error: expected primary-expression before ‘,’ token
   mpfr_can_round _MPFR_PROTO ((mpfr_srcptr, mpfr_exp_t, mpfr_rnd_t, mpfr_rnd_t,
                                          ^
/home/bernard/Xilinx/Vitis_HLS/2022.1/include/mpfr.h:300:54: error: expected primary-expression before ‘,’ token
   mpfr_can_round _MPFR_PROTO ((mpfr_srcptr, mpfr_exp_t, mpfr_rnd_t, mpfr_rnd_t,
                                                      ^
/home/bernard/Xilinx/Vitis_HLS/2022.1/include/mpfr.h:300:66: error: expected primary-expression before ‘,’ token
   mpfr_can_round _MPFR_PROTO ((mpfr_srcptr, mpfr_exp_t, mpfr_rnd_t, mpfr_rnd_t,
                                                                  ^
/home/bernard/Xilinx/Vitis_HLS/2022.1/include/mpfr.h:300:79: error: expected primary-expression before ‘)’ token
   mpfr_can_round _MPFR_PROTO ((mpfr_srcptr, mpfr_exp_t, mpfr_rnd_t, mpfr_rnd_t,
                                                                               ^
/home/bernard/Xilinx/Vitis_HLS/2022.1/include/mpfr.h:300:79: error: expression list treated as compound expression in initializer [-fpermissive]
/home/bernard/Xilinx/Vitis_HLS/2022.1/include/mpfr.h:330:24: error: ‘mpfr_srcptr’ has not been declared
   mpfr_get_f _MPFR_PROTO ((mpf_ptr, mpfr_srcptr, mpfr_rnd_t));
                        ^~~~~~~~~~~
/home/bernard/Xilinx/Vitis_HLS/2022.1/include/mpfr.h:341:27: error: ‘__gmp_const’ has not been declared
   mpfr_set_str _MPFR_PROTO ((mpfr_ptr, __gmp_const char *, int, mpfr_rnd_t));
                           ^~~~~~~~~~~
/home/bernard/Xilinx/Vitis_HLS/2022.1/include/mpfr.h:341:44: error: two or more data types in declaration of ‘parameter’
   mpfr_set_str _MPFR_PROTO ((mpfr_ptr, __gmp_const char *, int, mpfr_rnd_t));
                                            ^
/home/bernard/Xilinx/Vitis_HLS/2022.1/include/mpfr.h:341:45: error: expected ‘)’ before ‘,’ token
   mpfr_set_str _MPFR_PROTO ((mpfr_ptr, __gmp_const char *, int, mpfr_rnd_t));
                ~                            ^
                                             )
/home/bernard/Xilinx/Vitis_HLS/2022.1/include/mpfr.h:341:47: error: expected unqualified-id before ‘int’
   mpfr_set_str _MPFR_PROTO ((mpfr_ptr, __gmp_const char *, int, mpfr_rnd_t));
                                               ^~~
/home/bernard/Xilinx/Vitis_HLS/2022.1/include/mpfr.h:343:32: error: ‘__gmp_const’ has not been declared
   mpfr_init_set_str _MPFR_PROTO ((mpfr_ptr, __gmp_const char *, int,
                                ^~~~~~~~~~~
/home/bernard/Xilinx/Vitis_HLS/2022.1/include/mpfr.h:343:49: error: two or more data types in declaration of ‘parameter’
   mpfr_init_set_str _MPFR_PROTO ((mpfr_ptr, __gmp_const char *, int,
                                                 ^
/home/bernard/Xilinx/Vitis_HLS/2022.1/include/mpfr.h:343:50: error: expected ‘)’ before ‘,’ token
   mpfr_init_set_str _MPFR_PROTO ((mpfr_ptr, __gmp_const char *, int,
                     ~                            ^
                                                  )
/home/bernard/Xilinx/Vitis_HLS/2022.1/include/mpfr.h:343:52: error: expected unqualified-id before ‘int’
   mpfr_init_set_str _MPFR_PROTO ((mpfr_ptr, __gmp_const char *, int,
                                                    ^~~
/home/bernard/Xilinx/Vitis_HLS/2022.1/include/mpfr.h:346:24: error: ‘mpfr_srcptr’ has not been declared
   mpfr_set4 _MPFR_PROTO ((mpfr_ptr, mpfr_srcptr, mpfr_rnd_t, int));
                        ^~~~~~~~~~~
/home/bernard/Xilinx/Vitis_HLS/2022.1/include/mpfr.h:348:23: error: ‘mpfr_srcptr’ has not been declared
   mpfr_abs _MPFR_PROTO ((mpfr_ptr, mpfr_srcptr, mpfr_rnd_t));
                       ^~~~~~~~~~~
/home/bernard/Xilinx/Vitis_HLS/2022.1/include/mpfr.h:350:23: error: ‘mpfr_srcptr’ has not been declared
   mpfr_set _MPFR_PROTO ((mpfr_ptr, mpfr_srcptr, mpfr_rnd_t));
                       ^~~~~~~~~~~
/home/bernard/Xilinx/Vitis_HLS/2022.1/include/mpfr.h:351:26: error: ‘mpfr_srcptr’ has not been declared
 __MPFR_DECLSPEC int mpfr_neg _MPFR_PROTO ((mpfr_ptr, mpfr_srcptr, mpfr_rnd_t));
                          ^~~~~~~~~~~
/home/bernard/Xilinx/Vitis_HLS/2022.1/include/mpfr.h:354:27: error: ‘mpfr_srcptr’ has not been declared
   mpfr_setsign _MPFR_PROTO ((mpfr_ptr, mpfr_srcptr, int, mpfr_rnd_t));
                           ^~~~~~~~~~~
/home/bernard/Xilinx/Vitis_HLS/2022.1/include/mpfr.h:356:28: error: ‘mpfr_srcptr’ has not been declared
   mpfr_copysign _MPFR_PROTO ((mpfr_ptr, mpfr_srcptr, mpfr_srcptr, mpfr_rnd_t));
                            ^~~~~~~~~~~
/home/bernard/Xilinx/Vitis_HLS/2022.1/include/mpfr.h:356:41: error: ‘mpfr_srcptr’ has not been declared
   mpfr_copysign _MPFR_PROTO ((mpfr_ptr, mpfr_srcptr, mpfr_srcptr, mpfr_rnd_t));
                                         ^~~~~~~~~~~
In file included from /home/bernard/Xilinx/Vitis_HLS/2022.1/include/floating_point_v7_0_bitacc_cmodel.h:149,
                 from /home/bernard/Xilinx/Vitis_HLS/2022.1/include/hls_fpo.h:189,
                 from /home/bernard/Xilinx/Vitis_HLS/2022.1/include/hls_half_fpo.h:64,
                 from /home/bernard/Xilinx/Vitis_HLS/2022.1/include/hls_half.h:71,
                 from /home/bernard/Xilinx/Vitis_HLS/2022.1/include/etc/ap_private.h:98,
                 from /home/bernard/Xilinx/Vitis_HLS/2022.1/include/ap_common.h:710,
                 from /home/bernard/Xilinx/Vitis_HLS/2022.1/include/ap_int.h:56,
                 from /home/bernard/book-2022.1/new_book_ip/rv32i_npp_ip/rv32i_npp_ip.h:3,
                 from /home/bernard/book-2022.1/new_book_ip/rv32i_npp_ip/fetch.cpp:2:
/home/bernard/Xilinx/Vitis_HLS/2022.1/include/mpfr.h:371:32: error: ‘mpfr_srcptr’ was not declared in this scope
 __MPFR_DECLSPEC intmax_t mpfr_get_sj _MPFR_PROTO ((mpfr_srcptr, mpfr_rnd_t));
                                ^~~~~~~~~~~
/home/bernard/Xilinx/Vitis_HLS/2022.1/include/mpfr.h:371:32: note: suggested alternative: ‘mpf_srcptr’
 __MPFR_DECLSPEC intmax_t mpfr_get_sj _MPFR_PROTO ((mpfr_srcptr, mpfr_rnd_t));
                                ^~~~~~~~~~~
                                mpf_srcptr
/home/bernard/Xilinx/Vitis_HLS/2022.1/include/mpfr.h:371:55: error: expected primary-expression before ‘)’ token
 __MPFR_DECLSPEC intmax_t mpfr_get_sj _MPFR_PROTO ((mpfr_srcptr, mpfr_rnd_t));
                                                       ^
/home/bernard/Xilinx/Vitis_HLS/2022.1/include/mpfr.h:371:55: error: expression list treated as compound expression in initializer [-fpermissive]
/home/bernard/Xilinx/Vitis_HLS/2022.1/include/mpfr.h:372:33: error: ‘mpfr_srcptr’ was not declared in this scope
 __MPFR_DECLSPEC uintmax_t mpfr_get_uj _MPFR_PROTO ((mpfr_srcptr, mpfr_rnd_t));
                                 ^~~~~~~~~~~
/home/bernard/Xilinx/Vitis_HLS/2022.1/include/mpfr.h:372:33: note: suggested alternative: ‘mpf_srcptr’
 __MPFR_DECLSPEC uintmax_t mpfr_get_uj _MPFR_PROTO ((mpfr_srcptr, mpfr_rnd_t));
                                 ^~~~~~~~~~~
                                 mpf_srcptr
/home/bernard/Xilinx/Vitis_HLS/2022.1/include/mpfr.h:372:56: error: expected primary-expression before ‘)’ token
 __MPFR_DECLSPEC uintmax_t mpfr_get_uj _MPFR_PROTO ((mpfr_srcptr, mpfr_rnd_t));
                                                        ^
/home/bernard/Xilinx/Vitis_HLS/2022.1/include/mpfr.h:372:56: error: expression list treated as compound expression in initializer [-fpermissive]
/home/bernard/Xilinx/Vitis_HLS/2022.1/include/mpfr.h:376:22: error: ‘mpfr_srcptr’ was not declared in this scope
 __MPFR_DECLSPEC float mpfr_get_flt _MPFR_PROTO ((mpfr_srcptr, mpfr_rnd_t));
                      ^~~~~~~~~~~
/home/bernard/Xilinx/Vitis_HLS/2022.1/include/mpfr.h:376:22: note: suggested alternative: ‘mpf_srcptr’
 __MPFR_DECLSPEC float mpfr_get_flt _MPFR_PROTO ((mpfr_srcptr, mpfr_rnd_t));
                      ^~~~~~~~~~~
                      mpf_srcptr
/home/bernard/Xilinx/Vitis_HLS/2022.1/include/mpfr.h:376:45: error: expected primary-expression before ‘)’ token
 __MPFR_DECLSPEC float mpfr_get_flt _MPFR_PROTO ((mpfr_srcptr, mpfr_rnd_t));
                                             ^
/home/bernard/Xilinx/Vitis_HLS/2022.1/include/mpfr.h:376:45: error: expression list treated as compound expression in initializer [-fpermissive]
/home/bernard/Xilinx/Vitis_HLS/2022.1/include/mpfr.h:377:21: error: ‘mpfr_srcptr’ was not declared in this scope
 __MPFR_DECLSPEC double mpfr_get_d _MPFR_PROTO ((mpfr_srcptr, mpfr_rnd_t));
                     ^~~~~~~~~~~
/home/bernard/Xilinx/Vitis_HLS/2022.1/include/mpfr.h:377:21: note: suggested alternative: ‘mpf_srcptr’
 __MPFR_DECLSPEC double mpfr_get_d _MPFR_PROTO ((mpfr_srcptr, mpfr_rnd_t));
                     ^~~~~~~~~~~
                     mpf_srcptr
/home/bernard/Xilinx/Vitis_HLS/2022.1/include/mpfr.h:377:44: error: expected primary-expression before ‘)’ token
 __MPFR_DECLSPEC double mpfr_get_d _MPFR_PROTO ((mpfr_srcptr, mpfr_rnd_t));
                                            ^
/home/bernard/Xilinx/Vitis_HLS/2022.1/include/mpfr.h:377:44: error: expression list treated as compound expression in initializer [-fpermissive]
/home/bernard/Xilinx/Vitis_HLS/2022.1/include/mpfr.h:382:27: error: ‘mpfr_srcptr’ was not declared in this scope
 __MPFR_DECLSPEC long double mpfr_get_ld _MPFR_PROTO ((mpfr_srcptr,
                           ^~~~~~~~~~~
/home/bernard/Xilinx/Vitis_HLS/2022.1/include/mpfr.h:382:27: note: suggested alternative: ‘mpf_srcptr’
 __MPFR_DECLSPEC long double mpfr_get_ld _MPFR_PROTO ((mpfr_srcptr,
                           ^~~~~~~~~~~
                           mpf_srcptr
/home/bernard/Xilinx/Vitis_HLS/2022.1/include/mpfr.h:382:50: error: expected primary-expression before ‘)’ token
 __MPFR_DECLSPEC long double mpfr_get_ld _MPFR_PROTO ((mpfr_srcptr,
                                                  ^
/home/bernard/Xilinx/Vitis_HLS/2022.1/include/mpfr.h:382:50: error: expression list treated as compound expression in initializer [-fpermissive]
/home/bernard/Xilinx/Vitis_HLS/2022.1/include/mpfr.h:385:33: error: ‘mpfr_srcptr’ has not been declared
 __MPFR_DECLSPEC double mpfr_get_d_2exp _MPFR_PROTO ((long*, mpfr_srcptr,
                                 ^~~~~~~~~~~
/home/bernard/Xilinx/Vitis_HLS/2022.1/include/mpfr.h:387:39: error: ‘mpfr_srcptr’ has not been declared
 __MPFR_DECLSPEC long double mpfr_get_ld_2exp _MPFR_PROTO ((long*, mpfr_srcptr,
                                       ^~~~~~~~~~~
/home/bernard/Xilinx/Vitis_HLS/2022.1/include/mpfr.h:389:20: error: ‘mpfr_srcptr’ was not declared in this scope
 __MPFR_DECLSPEC long mpfr_get_si _MPFR_PROTO ((mpfr_srcptr, mpfr_rnd_t));
                    ^~~~~~~~~~~
/home/bernard/Xilinx/Vitis_HLS/2022.1/include/mpfr.h:389:20: note: suggested alternative: ‘mpf_srcptr’
 __MPFR_DECLSPEC long mpfr_get_si _MPFR_PROTO ((mpfr_srcptr, mpfr_rnd_t));
                    ^~~~~~~~~~~
                    mpf_srcptr
/home/bernard/Xilinx/Vitis_HLS/2022.1/include/mpfr.h:389:43: error: expected primary-expression before ‘)’ token
 __MPFR_DECLSPEC long mpfr_get_si _MPFR_PROTO ((mpfr_srcptr, mpfr_rnd_t));
                                           ^
/home/bernard/Xilinx/Vitis_HLS/2022.1/include/mpfr.h:389:43: error: expression list treated as compound expression in initializer [-fpermissive]
/home/bernard/Xilinx/Vitis_HLS/2022.1/include/mpfr.h:390:29: error: ‘mpfr_srcptr’ was not declared in this scope
 __MPFR_DECLSPEC unsigned long mpfr_get_ui _MPFR_PROTO ((mpfr_srcptr,
                             ^~~~~~~~~~~
/home/bernard/Xilinx/Vitis_HLS/2022.1/include/mpfr.h:390:29: note: suggested alternative: ‘mpf_srcptr’
 __MPFR_DECLSPEC unsigned long mpfr_get_ui _MPFR_PROTO ((mpfr_srcptr,
                             ^~~~~~~~~~~
                             mpf_srcptr
/home/bernard/Xilinx/Vitis_HLS/2022.1/include/mpfr.h:390:52: error: expected primary-expression before ‘)’ token
 __MPFR_DECLSPEC unsigned long mpfr_get_ui _MPFR_PROTO ((mpfr_srcptr,
                                                    ^
/home/bernard/Xilinx/Vitis_HLS/2022.1/include/mpfr.h:390:52: error: expression list treated as compound expression in initializer [-fpermissive]
/home/bernard/Xilinx/Vitis_HLS/2022.1/include/mpfr.h:392:54: error: ‘mpfr_srcptr’ has not been declared
 __MPFR_DECLSPEC char*mpfr_get_str _MPFR_PROTO ((char*, mpfr_exp_t*, int, size_t,
                                                      ^~~~~~~~~~~
/home/bernard/Xilinx/Vitis_HLS/2022.1/include/mpfr.h:412:46: error: ‘mpfr_srcptr’ has not been declared
 __MPFR_DECLSPEC size_t mpfr_out_str _MPFR_PROTO ((FILE*, int, size_t,
                                              ^~~~~~~~~~~
/home/bernard/Xilinx/Vitis_HLS/2022.1/include/mpfr.h:415:30: error: ‘__gmp_const’ has not been declared
 __MPFR_DECLSPEC int mpfr_fprintf _MPFR_PROTO ((FILE*, __gmp_const char*,
                              ^~~~~~~~~~~
/home/bernard/Xilinx/Vitis_HLS/2022.1/include/mpfr.h:415:46: error: two or more data types in declaration of ‘parameter’
 __MPFR_DECLSPEC int mpfr_fprintf _MPFR_PROTO ((FILE*, __gmp_const char*,
                                              ^
/home/bernard/Xilinx/Vitis_HLS/2022.1/include/mpfr.h:415:47: error: expected ‘)’ before ‘,’ token
 __MPFR_DECLSPEC int mpfr_fprintf _MPFR_PROTO ((FILE*, __gmp_const char*,
                      ~                        ^
                                               )
/home/bernard/Xilinx/Vitis_HLS/2022.1/include/mpfr.h:415:49: error: expected unqualified-id before ‘...’ token
 __MPFR_DECLSPEC int mpfr_fprintf _MPFR_PROTO ((FILE*, __gmp_const char*,
                                                 ^~~
/home/bernard/Xilinx/Vitis_HLS/2022.1/include/mpfr.h:418:19: error: ‘__gmp_const’ was not declared in this scope
 __MPFR_DECLSPEC int mpfr_printf _MPFR_PROTO ((__gmp_const char*, ...));
                   ^~~~~~~~~~~
/home/bernard/Xilinx/Vitis_HLS/2022.1/include/mpfr.h:418:19: note: suggested alternative: ‘__gmpn_copyd’
 __MPFR_DECLSPEC int mpfr_printf _MPFR_PROTO ((__gmp_const char*, ...));
                   ^~~~~~~~~~~
                   __gmpn_copyd
/home/bernard/Xilinx/Vitis_HLS/2022.1/include/mpfr.h:418:38: error: expected primary-expression before ‘...’ token
 __MPFR_DECLSPEC int mpfr_printf _MPFR_PROTO ((__gmp_const char*, ...));
                                      ^~~
/home/bernard/Xilinx/Vitis_HLS/2022.1/include/mpfr.h:418:41: error: expression list treated as compound expression in initializer [-fpermissive]
 __MPFR_DECLSPEC int mpfr_printf _MPFR_PROTO ((__gmp_const char*, ...));
                                         ^
/home/bernard/Xilinx/Vitis_HLS/2022.1/include/mpfr.h:419:29: error: ‘__gmp_const’ has not been declared
 __MPFR_DECLSPEC int mpfr_asprintf _MPFR_PROTO ((char**, __gmp_const char*,
                             ^~~~~~~~~~~
/home/bernard/Xilinx/Vitis_HLS/2022.1/include/mpfr.h:419:45: error: two or more data types in declaration of ‘parameter’
 __MPFR_DECLSPEC int mpfr_asprintf _MPFR_PROTO ((char**, __gmp_const char*,
                                             ^
/home/bernard/Xilinx/Vitis_HLS/2022.1/include/mpfr.h:419:46: error: expected ‘)’ before ‘,’ token
 __MPFR_DECLSPEC int mpfr_asprintf _MPFR_PROTO ((char**, __gmp_const char*,
                    ~                         ^
                                              )
/home/bernard/Xilinx/Vitis_HLS/2022.1/include/mpfr.h:419:48: error: expected unqualified-id before ‘...’ token
 __MPFR_DECLSPEC int mpfr_asprintf _MPFR_PROTO ((char**, __gmp_const char*,
                                                ^~~
/home/bernard/Xilinx/Vitis_HLS/2022.1/include/mpfr.h:421:27: error: ‘__gmp_const’ has not been declared
 __MPFR_DECLSPEC int mpfr_sprintf _MPFR_PROTO ((char*, __gmp_const char*,
                           ^~~~~~~~~~~
/home/bernard/Xilinx/Vitis_HLS/2022.1/include/mpfr.h:421:43: error: two or more data types in declaration of ‘parameter’
 __MPFR_DECLSPEC int mpfr_sprintf _MPFR_PROTO ((char*, __gmp_const char*,
                                           ^
/home/bernard/Xilinx/Vitis_HLS/2022.1/include/mpfr.h:421:44: error: expected ‘)’ before ‘,’ token
 __MPFR_DECLSPEC int mpfr_sprintf _MPFR_PROTO ((char*, __gmp_const char*,
                   ~                        ^
                                            )
/home/bernard/Xilinx/Vitis_HLS/2022.1/include/mpfr.h:421:46: error: expected unqualified-id before ‘...’ token
 __MPFR_DECLSPEC int mpfr_sprintf _MPFR_PROTO ((char*, __gmp_const char*,
                                              ^~~
/home/bernard/Xilinx/Vitis_HLS/2022.1/include/mpfr.h:423:36: error: ‘__gmp_const’ has not been declared
 __MPFR_DECLSPEC int mpfr_snprintf _MPFR_PROTO ((char*, size_t,
                                    ^~~~~~~~~~~
/home/bernard/Xilinx/Vitis_HLS/2022.1/include/mpfr.h:423:52: error: two or more data types in declaration of ‘parameter’
 __MPFR_DECLSPEC int mpfr_snprintf _MPFR_PROTO ((char*, size_t,
                                                    ^
/home/bernard/Xilinx/Vitis_HLS/2022.1/include/mpfr.h:423:53: error: expected ‘)’ before ‘,’ token
 __MPFR_DECLSPEC int mpfr_snprintf _MPFR_PROTO ((char*, size_t,
                    ~                                ^
                                                     )
/home/bernard/Xilinx/Vitis_HLS/2022.1/include/mpfr.h:423:55: error: expected unqualified-id before ‘...’ token
 __MPFR_DECLSPEC int mpfr_snprintf _MPFR_PROTO ((char*, size_t,
                                                       ^~~
In file included from /home/bernard/Xilinx/Vitis_HLS/2022.1/include/floating_point_v7_0_bitacc_cmodel.h:149,
                 from /home/bernard/Xilinx/Vitis_HLS/2022.1/include/hls_fpo.h:189,
                 from /home/bernard/Xilinx/Vitis_HLS/2022.1/include/hls_half_fpo.h:64,
                 from /home/bernard/Xilinx/Vitis_HLS/2022.1/include/hls_half.h:71,
                 from /home/bernard/Xilinx/Vitis_HLS/2022.1/include/etc/ap_private.h:98,
                 from /home/bernard/Xilinx/Vitis_HLS/2022.1/include/ap_common.h:710,
                 from /home/bernard/Xilinx/Vitis_HLS/2022.1/include/ap_int.h:56,
                 from /home/bernard/book-2022.1/new_book_ip/rv32i_npp_ip/rv32i_npp_ip.h:3,
                 from /home/bernard/book-2022.1/new_book_ip/rv32i_npp_ip/fetch.cpp:2:
/home/bernard/Xilinx/Vitis_HLS/2022.1/include/mpfr.h:445:26: error: ‘mpfr_srcptr’ has not been declared
 __MPFR_DECLSPEC int mpfr_pow _MPFR_PROTO ((mpfr_ptr, mpfr_srcptr,
                          ^~~~~~~~~~~
/home/bernard/Xilinx/Vitis_HLS/2022.1/include/mpfr.h:445:39: error: ‘mpfr_srcptr’ has not been declared
 __MPFR_DECLSPEC int mpfr_pow _MPFR_PROTO ((mpfr_ptr, mpfr_srcptr,
                                       ^~~~~~~~~~~
/home/bernard/Xilinx/Vitis_HLS/2022.1/include/mpfr.h:447:29: error: ‘mpfr_srcptr’ has not been declared
 __MPFR_DECLSPEC int mpfr_pow_si _MPFR_PROTO ((mpfr_ptr, mpfr_srcptr,
                             ^~~~~~~~~~~
/home/bernard/Xilinx/Vitis_HLS/2022.1/include/mpfr.h:449:29: error: ‘mpfr_srcptr’ has not been declared
 __MPFR_DECLSPEC int mpfr_pow_ui _MPFR_PROTO ((mpfr_ptr, mpfr_srcptr,
                             ^~~~~~~~~~~
/home/bernard/Xilinx/Vitis_HLS/2022.1/include/mpfr.h:453:48: error: ‘mpfr_srcptr’ has not been declared
 __MPFR_DECLSPEC int mpfr_ui_pow _MPFR_PROTO ((mpfr_ptr, unsigned long int,
                                                ^~~~~~~~~~~
/home/bernard/Xilinx/Vitis_HLS/2022.1/include/mpfr.h:455:28: error: ‘mpfr_srcptr’ has not been declared
 __MPFR_DECLSPEC int mpfr_pow_z _MPFR_PROTO ((mpfr_ptr, mpfr_srcptr,
                            ^~~~~~~~~~~
/home/bernard/Xilinx/Vitis_HLS/2022.1/include/mpfr.h:458:27: error: ‘mpfr_srcptr’ has not been declared
 __MPFR_DECLSPEC int mpfr_sqrt _MPFR_PROTO ((mpfr_ptr, mpfr_srcptr,
                           ^~~~~~~~~~~
/home/bernard/Xilinx/Vitis_HLS/2022.1/include/mpfr.h:462:31: error: ‘mpfr_srcptr’ has not been declared
 __MPFR_DECLSPEC int mpfr_rec_sqrt _MPFR_PROTO ((mpfr_ptr, mpfr_srcptr,
                               ^~~~~~~~~~~
/home/bernard/Xilinx/Vitis_HLS/2022.1/include/mpfr.h:465:26: error: ‘mpfr_srcptr’ has not been declared
 __MPFR_DECLSPEC int mpfr_add _MPFR_PROTO ((mpfr_ptr, mpfr_srcptr,
                          ^~~~~~~~~~~
/home/bernard/Xilinx/Vitis_HLS/2022.1/include/mpfr.h:465:39: error: ‘mpfr_srcptr’ has not been declared
 __MPFR_DECLSPEC int mpfr_add _MPFR_PROTO ((mpfr_ptr, mpfr_srcptr,
                                       ^~~~~~~~~~~
/home/bernard/Xilinx/Vitis_HLS/2022.1/include/mpfr.h:467:26: error: ‘mpfr_srcptr’ has not been declared
 __MPFR_DECLSPEC int mpfr_sub _MPFR_PROTO ((mpfr_ptr, mpfr_srcptr,
                          ^~~~~~~~~~~
/home/bernard/Xilinx/Vitis_HLS/2022.1/include/mpfr.h:467:39: error: ‘mpfr_srcptr’ has not been declared
 __MPFR_DECLSPEC int mpfr_sub _MPFR_PROTO ((mpfr_ptr, mpfr_srcptr,
                                       ^~~~~~~~~~~
/home/bernard/Xilinx/Vitis_HLS/2022.1/include/mpfr.h:469:26: error: ‘mpfr_srcptr’ has not been declared
 __MPFR_DECLSPEC int mpfr_mul _MPFR_PROTO ((mpfr_ptr, mpfr_srcptr,
                          ^~~~~~~~~~~
/home/bernard/Xilinx/Vitis_HLS/2022.1/include/mpfr.h:469:39: error: ‘mpfr_srcptr’ has not been declared
 __MPFR_DECLSPEC int mpfr_mul _MPFR_PROTO ((mpfr_ptr, mpfr_srcptr,
                                       ^~~~~~~~~~~
/home/bernard/Xilinx/Vitis_HLS/2022.1/include/mpfr.h:471:26: error: ‘mpfr_srcptr’ has not been declared
 __MPFR_DECLSPEC int mpfr_div _MPFR_PROTO ((mpfr_ptr, mpfr_srcptr,
                          ^~~~~~~~~~~
/home/bernard/Xilinx/Vitis_HLS/2022.1/include/mpfr.h:471:39: error: ‘mpfr_srcptr’ has not been declared
 __MPFR_DECLSPEC int mpfr_div _MPFR_PROTO ((mpfr_ptr, mpfr_srcptr,
                                       ^~~~~~~~~~~
/home/bernard/Xilinx/Vitis_HLS/2022.1/include/mpfr.h:474:29: error: ‘mpfr_srcptr’ has not been declared
 __MPFR_DECLSPEC int mpfr_add_ui _MPFR_PROTO ((mpfr_ptr, mpfr_srcptr,
                             ^~~~~~~~~~~
/home/bernard/Xilinx/Vitis_HLS/2022.1/include/mpfr.h:476:29: error: ‘mpfr_srcptr’ has not been declared
 __MPFR_DECLSPEC int mpfr_sub_ui _MPFR_PROTO ((mpfr_ptr, mpfr_srcptr,
                             ^~~~~~~~~~~
/home/bernard/Xilinx/Vitis_HLS/2022.1/include/mpfr.h:478:44: error: ‘mpfr_srcptr’ has not been declared
 __MPFR_DECLSPEC int mpfr_ui_sub _MPFR_PROTO ((mpfr_ptr, unsigned long,
                                            ^~~~~~~~~~~
/home/bernard/Xilinx/Vitis_HLS/2022.1/include/mpfr.h:480:29: error: ‘mpfr_srcptr’ has not been declared
 __MPFR_DECLSPEC int mpfr_mul_ui _MPFR_PROTO ((mpfr_ptr, mpfr_srcptr,
                             ^~~~~~~~~~~
/home/bernard/Xilinx/Vitis_HLS/2022.1/include/mpfr.h:482:29: error: ‘mpfr_srcptr’ has not been declared
 __MPFR_DECLSPEC int mpfr_div_ui _MPFR_PROTO ((mpfr_ptr, mpfr_srcptr,
                             ^~~~~~~~~~~
/home/bernard/Xilinx/Vitis_HLS/2022.1/include/mpfr.h:484:44: error: ‘mpfr_srcptr’ has not been declared
 __MPFR_DECLSPEC int mpfr_ui_div _MPFR_PROTO ((mpfr_ptr, unsigned long,
                                            ^~~~~~~~~~~
/home/bernard/Xilinx/Vitis_HLS/2022.1/include/mpfr.h:487:29: error: ‘mpfr_srcptr’ has not been declared
 __MPFR_DECLSPEC int mpfr_add_si _MPFR_PROTO ((mpfr_ptr, mpfr_srcptr,
                             ^~~~~~~~~~~
/home/bernard/Xilinx/Vitis_HLS/2022.1/include/mpfr.h:489:29: error: ‘mpfr_srcptr’ has not been declared
 __MPFR_DECLSPEC int mpfr_sub_si _MPFR_PROTO ((mpfr_ptr, mpfr_srcptr,
                             ^~~~~~~~~~~
/home/bernard/Xilinx/Vitis_HLS/2022.1/include/mpfr.h:491:39: error: ‘mpfr_srcptr’ has not been declared
 __MPFR_DECLSPEC int mpfr_si_sub _MPFR_PROTO ((mpfr_ptr, long int,
                                       ^~~~~~~~~~~
/home/bernard/Xilinx/Vitis_HLS/2022.1/include/mpfr.h:493:29: error: ‘mpfr_srcptr’ has not been declared
 __MPFR_DECLSPEC int mpfr_mul_si _MPFR_PROTO ((mpfr_ptr, mpfr_srcptr,
                             ^~~~~~~~~~~
/home/bernard/Xilinx/Vitis_HLS/2022.1/include/mpfr.h:495:29: error: ‘mpfr_srcptr’ has not been declared
 __MPFR_DECLSPEC int mpfr_div_si _MPFR_PROTO ((mpfr_ptr, mpfr_srcptr,
                             ^~~~~~~~~~~
/home/bernard/Xilinx/Vitis_HLS/2022.1/include/mpfr.h:497:39: error: ‘mpfr_srcptr’ has not been declared
 __MPFR_DECLSPEC int mpfr_si_div _MPFR_PROTO ((mpfr_ptr, long int,
                                       ^~~~~~~~~~~
/home/bernard/Xilinx/Vitis_HLS/2022.1/include/mpfr.h:500:28: error: ‘mpfr_srcptr’ has not been declared
 __MPFR_DECLSPEC int mpfr_add_d _MPFR_PROTO ((mpfr_ptr, mpfr_srcptr,
                            ^~~~~~~~~~~
/home/bernard/Xilinx/Vitis_HLS/2022.1/include/mpfr.h:502:28: error: ‘mpfr_srcptr’ has not been declared
 __MPFR_DECLSPEC int mpfr_sub_d _MPFR_PROTO ((mpfr_ptr, mpfr_srcptr,
                            ^~~~~~~~~~~
/home/bernard/Xilinx/Vitis_HLS/2022.1/include/mpfr.h:504:36: error: ‘mpfr_srcptr’ has not been declared
 __MPFR_DECLSPEC int mpfr_d_sub _MPFR_PROTO ((mpfr_ptr, double,
                                    ^~~~~~~~~~~
/home/bernard/Xilinx/Vitis_HLS/2022.1/include/mpfr.h:506:28: error: ‘mpfr_srcptr’ has not been declared
 __MPFR_DECLSPEC int mpfr_mul_d _MPFR_PROTO ((mpfr_ptr, mpfr_srcptr,
                            ^~~~~~~~~~~
/home/bernard/Xilinx/Vitis_HLS/2022.1/include/mpfr.h:508:28: error: ‘mpfr_srcptr’ has not been declared
 __MPFR_DECLSPEC int mpfr_div_d _MPFR_PROTO ((mpfr_ptr, mpfr_srcptr,
                            ^~~~~~~~~~~
/home/bernard/Xilinx/Vitis_HLS/2022.1/include/mpfr.h:510:36: error: ‘mpfr_srcptr’ has not been declared
 __MPFR_DECLSPEC int mpfr_d_div _MPFR_PROTO ((mpfr_ptr, double,
                                    ^~~~~~~~~~~
/home/bernard/Xilinx/Vitis_HLS/2022.1/include/mpfr.h:513:26: error: ‘mpfr_srcptr’ has not been declared
 __MPFR_DECLSPEC int mpfr_sqr _MPFR_PROTO ((mpfr_ptr, mpfr_srcptr,mpfr_rnd_t));
                          ^~~~~~~~~~~
/home/bernard/Xilinx/Vitis_HLS/2022.1/include/mpfr.h:520:26: error: ‘mpfr_srcptr’ has not been declared
 __MPFR_DECLSPEC int mpfr_agm _MPFR_PROTO ((mpfr_ptr, mpfr_srcptr, mpfr_srcptr,
                          ^~~~~~~~~~~
/home/bernard/Xilinx/Vitis_HLS/2022.1/include/mpfr.h:520:39: error: ‘mpfr_srcptr’ has not been declared
 __MPFR_DECLSPEC int mpfr_agm _MPFR_PROTO ((mpfr_ptr, mpfr_srcptr, mpfr_srcptr,
                                       ^~~~~~~~~~~
/home/bernard/Xilinx/Vitis_HLS/2022.1/include/mpfr.h:523:26: error: ‘mpfr_srcptr’ has not been declared
 __MPFR_DECLSPEC int mpfr_log _MPFR_PROTO ((mpfr_ptr, mpfr_srcptr,mpfr_rnd_t));
                          ^~~~~~~~~~~
/home/bernard/Xilinx/Vitis_HLS/2022.1/include/mpfr.h:524:26: error: ‘mpfr_srcptr’ has not been declared
 __MPFR_DECLSPEC int mpfr_log2 _MPFR_PROTO ((mpfr_ptr,mpfr_srcptr,mpfr_rnd_t));
                          ^~~~~~~~~~~
/home/bernard/Xilinx/Vitis_HLS/2022.1/include/mpfr.h:525:28: error: ‘mpfr_srcptr’ has not been declared
 __MPFR_DECLSPEC int mpfr_log10 _MPFR_PROTO ((mpfr_ptr, mpfr_srcptr,
                            ^~~~~~~~~~~
/home/bernard/Xilinx/Vitis_HLS/2022.1/include/mpfr.h:527:28: error: ‘mpfr_srcptr’ has not been declared
 __MPFR_DECLSPEC int mpfr_log1p _MPFR_PROTO ((mpfr_ptr, mpfr_srcptr,
                            ^~~~~~~~~~~
/home/bernard/Xilinx/Vitis_HLS/2022.1/include/mpfr.h:530:26: error: ‘mpfr_srcptr’ has not been declared
 __MPFR_DECLSPEC int mpfr_exp _MPFR_PROTO ((mpfr_ptr, mpfr_srcptr,mpfr_rnd_t));
                          ^~~~~~~~~~~
/home/bernard/Xilinx/Vitis_HLS/2022.1/include/mpfr.h:531:26: error: ‘mpfr_srcptr’ has not been declared
 __MPFR_DECLSPEC int mpfr_exp2 _MPFR_PROTO ((mpfr_ptr,mpfr_srcptr,mpfr_rnd_t));
                          ^~~~~~~~~~~
/home/bernard/Xilinx/Vitis_HLS/2022.1/include/mpfr.h:532:28: error: ‘mpfr_srcptr’ has not been declared
 __MPFR_DECLSPEC int mpfr_exp10 _MPFR_PROTO ((mpfr_ptr, mpfr_srcptr,
                            ^~~~~~~~~~~
/home/bernard/Xilinx/Vitis_HLS/2022.1/include/mpfr.h:534:28: error: ‘mpfr_srcptr’ has not been declared
 __MPFR_DECLSPEC int mpfr_expm1 _MPFR_PROTO ((mpfr_ptr, mpfr_srcptr,
                            ^~~~~~~~~~~
/home/bernard/Xilinx/Vitis_HLS/2022.1/include/mpfr.h:536:26: error: ‘mpfr_srcptr’ has not been declared
 __MPFR_DECLSPEC int mpfr_eint _MPFR_PROTO ((mpfr_ptr,mpfr_srcptr,mpfr_rnd_t));
                          ^~~~~~~~~~~
/home/bernard/Xilinx/Vitis_HLS/2022.1/include/mpfr.h:537:25: error: ‘mpfr_srcptr’ has not been declared
 __MPFR_DECLSPEC int mpfr_li2 _MPFR_PROTO ((mpfr_ptr,mpfr_srcptr,mpfr_rnd_t));
                         ^~~~~~~~~~~
/home/bernard/Xilinx/Vitis_HLS/2022.1/include/mpfr.h:539:16: error: ‘mpfr_srcptr’ was not declared in this scope
 __MPFR_DECLSPEC int mpfr_cmp  _MPFR_PROTO ((mpfr_srcptr, mpfr_srcptr));
                ^~~~~~~~~~~
/home/bernard/Xilinx/Vitis_HLS/2022.1/include/mpfr.h:539:16: note: suggested alternative: ‘mpf_srcptr’
 __MPFR_DECLSPEC int mpfr_cmp  _MPFR_PROTO ((mpfr_srcptr, mpfr_srcptr));
                ^~~~~~~~~~~
                mpf_srcptr
/home/bernard/Xilinx/Vitis_HLS/2022.1/include/mpfr.h:539:39: error: expected primary-expression before ‘)’ token
 __MPFR_DECLSPEC int mpfr_cmp  _MPFR_PROTO ((mpfr_srcptr, mpfr_srcptr));
                                       ^
/home/bernard/Xilinx/Vitis_HLS/2022.1/include/mpfr.h:539:39: error: expression list treated as compound expression in initializer [-fpermissive]
/home/bernard/Xilinx/Vitis_HLS/2022.1/include/mpfr.h:540:17: error: ‘mpfr_srcptr’ was not declared in this scope
 __MPFR_DECLSPEC int mpfr_cmp3 _MPFR_PROTO ((mpfr_srcptr, mpfr_srcptr, int));
                 ^~~~~~~~~~~
/home/bernard/Xilinx/Vitis_HLS/2022.1/include/mpfr.h:540:17: note: suggested alternative: ‘mpf_srcptr’
 __MPFR_DECLSPEC int mpfr_cmp3 _MPFR_PROTO ((mpfr_srcptr, mpfr_srcptr, int));
                 ^~~~~~~~~~~
                 mpf_srcptr
/home/bernard/Xilinx/Vitis_HLS/2022.1/include/mpfr.h:540:30: error: ‘mpfr_srcptr’ was not declared in this scope
 __MPFR_DECLSPEC int mpfr_cmp3 _MPFR_PROTO ((mpfr_srcptr, mpfr_srcptr, int));
                              ^~~~~~~~~~~
/home/bernard/Xilinx/Vitis_HLS/2022.1/include/mpfr.h:540:30: note: suggested alternative: ‘mpf_srcptr’
 __MPFR_DECLSPEC int mpfr_cmp3 _MPFR_PROTO ((mpfr_srcptr, mpfr_srcptr, int));
                              ^~~~~~~~~~~
                              mpf_srcptr
/home/bernard/Xilinx/Vitis_HLS/2022.1/include/mpfr.h:540:43: error: expected primary-expression before ‘int’
 __MPFR_DECLSPEC int mpfr_cmp3 _MPFR_PROTO ((mpfr_srcptr, mpfr_srcptr, int));
                                           ^~~
/home/bernard/Xilinx/Vitis_HLS/2022.1/include/mpfr.h:540:46: error: expression list treated as compound expression in initializer [-fpermissive]
 __MPFR_DECLSPEC int mpfr_cmp3 _MPFR_PROTO ((mpfr_srcptr, mpfr_srcptr, int));
                                              ^
/home/bernard/Xilinx/Vitis_HLS/2022.1/include/mpfr.h:541:18: error: ‘mpfr_srcptr’ was not declared in this scope
 __MPFR_DECLSPEC int mpfr_cmp_d _MPFR_PROTO ((mpfr_srcptr, double));
                  ^~~~~~~~~~~
/home/bernard/Xilinx/Vitis_HLS/2022.1/include/mpfr.h:541:18: note: suggested alternative: ‘mpf_srcptr’
 __MPFR_DECLSPEC int mpfr_cmp_d _MPFR_PROTO ((mpfr_srcptr, double));
                  ^~~~~~~~~~~
                  mpf_srcptr
/home/bernard/Xilinx/Vitis_HLS/2022.1/include/mpfr.h:541:31: error: expected primary-expression before ‘double’
 __MPFR_DECLSPEC int mpfr_cmp_d _MPFR_PROTO ((mpfr_srcptr, double));
                               ^~~~~~
/home/bernard/Xilinx/Vitis_HLS/2022.1/include/mpfr.h:541:37: error: expression list treated as compound expression in initializer [-fpermissive]
 __MPFR_DECLSPEC int mpfr_cmp_d _MPFR_PROTO ((mpfr_srcptr, double));
                                     ^
/home/bernard/Xilinx/Vitis_HLS/2022.1/include/mpfr.h:542:19: error: ‘mpfr_srcptr’ was not declared in this scope
 __MPFR_DECLSPEC int mpfr_cmp_ld _MPFR_PROTO ((mpfr_srcptr, long double));
                   ^~~~~~~~~~~
/home/bernard/Xilinx/Vitis_HLS/2022.1/include/mpfr.h:542:19: note: suggested alternative: ‘mpf_srcptr’
 __MPFR_DECLSPEC int mpfr_cmp_ld _MPFR_PROTO ((mpfr_srcptr, long double));
                   ^~~~~~~~~~~
                   mpf_srcptr
/home/bernard/Xilinx/Vitis_HLS/2022.1/include/mpfr.h:542:32: error: expected primary-expression before ‘long’
 __MPFR_DECLSPEC int mpfr_cmp_ld _MPFR_PROTO ((mpfr_srcptr, long double));
                                ^~~~
/home/bernard/Xilinx/Vitis_HLS/2022.1/include/mpfr.h:542:43: error: expression list treated as compound expression in initializer [-fpermissive]
 __MPFR_DECLSPEC int mpfr_cmp_ld _MPFR_PROTO ((mpfr_srcptr, long double));
                                           ^
/home/bernard/Xilinx/Vitis_HLS/2022.1/include/mpfr.h:543:19: error: ‘mpfr_srcptr’ was not declared in this scope
 __MPFR_DECLSPEC int mpfr_cmpabs _MPFR_PROTO ((mpfr_srcptr, mpfr_srcptr));
                   ^~~~~~~~~~~
/home/bernard/Xilinx/Vitis_HLS/2022.1/include/mpfr.h:543:19: note: suggested alternative: ‘mpf_srcptr’
 __MPFR_DECLSPEC int mpfr_cmpabs _MPFR_PROTO ((mpfr_srcptr, mpfr_srcptr));
                   ^~~~~~~~~~~
                   mpf_srcptr
/home/bernard/Xilinx/Vitis_HLS/2022.1/include/mpfr.h:543:42: error: expected primary-expression before ‘)’ token
 __MPFR_DECLSPEC int mpfr_cmpabs _MPFR_PROTO ((mpfr_srcptr, mpfr_srcptr));
                                          ^
/home/bernard/Xilinx/Vitis_HLS/2022.1/include/mpfr.h:543:42: error: expression list treated as compound expression in initializer [-fpermissive]
/home/bernard/Xilinx/Vitis_HLS/2022.1/include/mpfr.h:544:19: error: ‘mpfr_srcptr’ was not declared in this scope
 __MPFR_DECLSPEC int mpfr_cmp_ui _MPFR_PROTO ((mpfr_srcptr, unsigned long));
                   ^~~~~~~~~~~
/home/bernard/Xilinx/Vitis_HLS/2022.1/include/mpfr.h:544:19: note: suggested alternative: ‘mpf_srcptr’
 __MPFR_DECLSPEC int mpfr_cmp_ui _MPFR_PROTO ((mpfr_srcptr, unsigned long));
                   ^~~~~~~~~~~
                   mpf_srcptr
/home/bernard/Xilinx/Vitis_HLS/2022.1/include/mpfr.h:544:32: error: expected primary-expression before ‘unsigned’
 __MPFR_DECLSPEC int mpfr_cmp_ui _MPFR_PROTO ((mpfr_srcptr, unsigned long));
                                ^~~~~~~~
/home/bernard/Xilinx/Vitis_HLS/2022.1/include/mpfr.h:544:45: error: expression list treated as compound expression in initializer [-fpermissive]
 __MPFR_DECLSPEC int mpfr_cmp_ui _MPFR_PROTO ((mpfr_srcptr, unsigned long));
                                             ^
/home/bernard/Xilinx/Vitis_HLS/2022.1/include/mpfr.h:545:19: error: ‘mpfr_srcptr’ was not declared in this scope
 __MPFR_DECLSPEC int mpfr_cmp_si _MPFR_PROTO ((mpfr_srcptr, long));
                   ^~~~~~~~~~~
/home/bernard/Xilinx/Vitis_HLS/2022.1/include/mpfr.h:545:19: note: suggested alternative: ‘mpf_srcptr’
 __MPFR_DECLSPEC int mpfr_cmp_si _MPFR_PROTO ((mpfr_srcptr, long));
                   ^~~~~~~~~~~
                   mpf_srcptr
/home/bernard/Xilinx/Vitis_HLS/2022.1/include/mpfr.h:545:32: error: expected primary-expression before ‘long’
 __MPFR_DECLSPEC int mpfr_cmp_si _MPFR_PROTO ((mpfr_srcptr, long));
                                ^~~~
/home/bernard/Xilinx/Vitis_HLS/2022.1/include/mpfr.h:545:36: error: expression list treated as compound expression in initializer [-fpermissive]
 __MPFR_DECLSPEC int mpfr_cmp_si _MPFR_PROTO ((mpfr_srcptr, long));
                                    ^
/home/bernard/Xilinx/Vitis_HLS/2022.1/include/mpfr.h:546:24: error: ‘mpfr_srcptr’ was not declared in this scope
 __MPFR_DECLSPEC int mpfr_cmp_ui_2exp _MPFR_PROTO ((mpfr_srcptr, unsigned long,
                        ^~~~~~~~~~~
/home/bernard/Xilinx/Vitis_HLS/2022.1/include/mpfr.h:546:24: note: suggested alternative: ‘mpf_srcptr’
 __MPFR_DECLSPEC int mpfr_cmp_ui_2exp _MPFR_PROTO ((mpfr_srcptr, unsigned long,
                        ^~~~~~~~~~~
                        mpf_srcptr
/home/bernard/Xilinx/Vitis_HLS/2022.1/include/mpfr.h:546:37: error: expected primary-expression before ‘unsigned’
 __MPFR_DECLSPEC int mpfr_cmp_ui_2exp _MPFR_PROTO ((mpfr_srcptr, unsigned long,
                                     ^~~~~~~~
/home/bernard/Xilinx/Vitis_HLS/2022.1/include/mpfr.h:546:62: error: expected primary-expression before ‘)’ token
 __MPFR_DECLSPEC int mpfr_cmp_ui_2exp _MPFR_PROTO ((mpfr_srcptr, unsigned long,
                                                              ^
/home/bernard/Xilinx/Vitis_HLS/2022.1/include/mpfr.h:546:62: error: expression list treated as compound expression in initializer [-fpermissive]
/home/bernard/Xilinx/Vitis_HLS/2022.1/include/mpfr.h:548:24: error: ‘mpfr_srcptr’ was not declared in this scope
 __MPFR_DECLSPEC int mpfr_cmp_si_2exp _MPFR_PROTO ((mpfr_srcptr, long,
                        ^~~~~~~~~~~
/home/bernard/Xilinx/Vitis_HLS/2022.1/include/mpfr.h:548:24: note: suggested alternative: ‘mpf_srcptr’
 __MPFR_DECLSPEC int mpfr_cmp_si_2exp _MPFR_PROTO ((mpfr_srcptr, long,
                        ^~~~~~~~~~~
                        mpf_srcptr
/home/bernard/Xilinx/Vitis_HLS/2022.1/include/mpfr.h:548:37: error: expected primary-expression before ‘long’
 __MPFR_DECLSPEC int mpfr_cmp_si_2exp _MPFR_PROTO ((mpfr_srcptr, long,
                                     ^~~~
/home/bernard/Xilinx/Vitis_HLS/2022.1/include/mpfr.h:548:53: error: expected primary-expression before ‘)’ token
 __MPFR_DECLSPEC int mpfr_cmp_si_2exp _MPFR_PROTO ((mpfr_srcptr, long,
                                                     ^
/home/bernard/Xilinx/Vitis_HLS/2022.1/include/mpfr.h:548:53: error: expression list treated as compound expression in initializer [-fpermissive]
/home/bernard/Xilinx/Vitis_HLS/2022.1/include/mpfr.h:550:31: error: ‘mpfr_srcptr’ has not been declared
 __MPFR_DECLSPEC void mpfr_reldiff _MPFR_PROTO ((mpfr_ptr, mpfr_srcptr,
                               ^~~~~~~~~~~
/home/bernard/Xilinx/Vitis_HLS/2022.1/include/mpfr.h:550:44: error: ‘mpfr_srcptr’ has not been declared
 __MPFR_DECLSPEC void mpfr_reldiff _MPFR_PROTO ((mpfr_ptr, mpfr_srcptr,
                                            ^~~~~~~~~~~
/home/bernard/Xilinx/Vitis_HLS/2022.1/include/mpfr.h:552:15: error: ‘mpfr_srcptr’ was not declared in this scope
 __MPFR_DECLSPEC int mpfr_eq _MPFR_PROTO((mpfr_srcptr, mpfr_srcptr,
               ^~~~~~~~~~~
/home/bernard/Xilinx/Vitis_HLS/2022.1/include/mpfr.h:552:15: note: suggested alternative: ‘mpf_srcptr’
 __MPFR_DECLSPEC int mpfr_eq _MPFR_PROTO((mpfr_srcptr, mpfr_srcptr,
               ^~~~~~~~~~~
               mpf_srcptr
/home/bernard/Xilinx/Vitis_HLS/2022.1/include/mpfr.h:552:28: error: ‘mpfr_srcptr’ was not declared in this scope
 __MPFR_DECLSPEC int mpfr_eq _MPFR_PROTO((mpfr_srcptr, mpfr_srcptr,
                            ^~~~~~~~~~~
/home/bernard/Xilinx/Vitis_HLS/2022.1/include/mpfr.h:552:28: note: suggested alternative: ‘mpf_srcptr’
 __MPFR_DECLSPEC int mpfr_eq _MPFR_PROTO((mpfr_srcptr, mpfr_srcptr,
                            ^~~~~~~~~~~
                            mpf_srcptr
/home/bernard/Xilinx/Vitis_HLS/2022.1/include/mpfr.h:552:41: error: expected primary-expression before ‘unsigned’
 __MPFR_DECLSPEC int mpfr_eq _MPFR_PROTO((mpfr_srcptr, mpfr_srcptr,
                                         ^~~~~~~~
/home/bernard/Xilinx/Vitis_HLS/2022.1/include/mpfr.h:552:54: error: expression list treated as compound expression in initializer [-fpermissive]
 __MPFR_DECLSPEC int mpfr_eq _MPFR_PROTO((mpfr_srcptr, mpfr_srcptr,
                                                      ^
/home/bernard/Xilinx/Vitis_HLS/2022.1/include/mpfr.h:556:31: error: ‘mpfr_srcptr’ has not been declared
 __MPFR_DECLSPEC int mpfr_mul_2exp _MPFR_PROTO ((mpfr_ptr, mpfr_srcptr,
                               ^~~~~~~~~~~
/home/bernard/Xilinx/Vitis_HLS/2022.1/include/mpfr.h:558:31: error: ‘mpfr_srcptr’ has not been declared
 __MPFR_DECLSPEC int mpfr_div_2exp _MPFR_PROTO ((mpfr_ptr, mpfr_srcptr,
                               ^~~~~~~~~~~
/home/bernard/Xilinx/Vitis_HLS/2022.1/include/mpfr.h:560:30: error: ‘mpfr_srcptr’ has not been declared
 __MPFR_DECLSPEC int mpfr_mul_2ui _MPFR_PROTO ((mpfr_ptr, mpfr_srcptr,
                              ^~~~~~~~~~~
/home/bernard/Xilinx/Vitis_HLS/2022.1/include/mpfr.h:562:30: error: ‘mpfr_srcptr’ has not been declared
 __MPFR_DECLSPEC int mpfr_div_2ui _MPFR_PROTO ((mpfr_ptr, mpfr_srcptr,
                              ^~~~~~~~~~~
/home/bernard/Xilinx/Vitis_HLS/2022.1/include/mpfr.h:564:30: error: ‘mpfr_srcptr’ has not been declared
 __MPFR_DECLSPEC int mpfr_mul_2si _MPFR_PROTO ((mpfr_ptr, mpfr_srcptr,
                              ^~~~~~~~~~~
/home/bernard/Xilinx/Vitis_HLS/2022.1/include/mpfr.h:566:30: error: ‘mpfr_srcptr’ has not been declared
 __MPFR_DECLSPEC int mpfr_div_2si _MPFR_PROTO ((mpfr_ptr, mpfr_srcptr,
                              ^~~~~~~~~~~
/home/bernard/Xilinx/Vitis_HLS/2022.1/include/mpfr.h:569:26: error: ‘mpfr_srcptr’ has not been declared
 __MPFR_DECLSPEC int mpfr_rint _MPFR_PROTO((mpfr_ptr,mpfr_srcptr, mpfr_rnd_t));
                          ^~~~~~~~~~~
/home/bernard/Xilinx/Vitis_HLS/2022.1/include/mpfr.h:574:33: error: ‘mpfr_srcptr’ has not been declared
 __MPFR_DECLSPEC int mpfr_rint_round _MPFR_PROTO ((mpfr_ptr, mpfr_srcptr,
                                 ^~~~~~~~~~~
/home/bernard/Xilinx/Vitis_HLS/2022.1/include/mpfr.h:576:33: error: ‘mpfr_srcptr’ has not been declared
 __MPFR_DECLSPEC int mpfr_rint_trunc _MPFR_PROTO ((mpfr_ptr, mpfr_srcptr,
                                 ^~~~~~~~~~~
/home/bernard/Xilinx/Vitis_HLS/2022.1/include/mpfr.h:578:32: error: ‘mpfr_srcptr’ has not been declared
 __MPFR_DECLSPEC int mpfr_rint_ceil _MPFR_PROTO ((mpfr_ptr, mpfr_srcptr,
                                ^~~~~~~~~~~
/home/bernard/Xilinx/Vitis_HLS/2022.1/include/mpfr.h:580:33: error: ‘mpfr_srcptr’ has not been declared
 __MPFR_DECLSPEC int mpfr_rint_floor _MPFR_PROTO ((mpfr_ptr, mpfr_srcptr,
                                 ^~~~~~~~~~~
/home/bernard/Xilinx/Vitis_HLS/2022.1/include/mpfr.h:582:26: error: ‘mpfr_srcptr’ has not been declared
 __MPFR_DECLSPEC int mpfr_frac _MPFR_PROTO ((mpfr_ptr,mpfr_srcptr,mpfr_rnd_t));
                          ^~~~~~~~~~~
/home/bernard/Xilinx/Vitis_HLS/2022.1/include/mpfr.h:583:37: error: ‘mpfr_srcptr’ has not been declared
 __MPFR_DECLSPEC int mpfr_modf _MPFR_PROTO ((mpfr_ptr, mpfr_ptr, mpfr_srcptr,
                                     ^~~~~~~~~~~
/home/bernard/Xilinx/Vitis_HLS/2022.1/include/mpfr.h:585:36: error: ‘mpfr_srcptr’ has not been declared
 __MPFR_DECLSPEC int mpfr_remquo _MPFR_PROTO ((mpfr_ptr, long*, mpfr_srcptr,
                                    ^~~~~~~~~~~
/home/bernard/Xilinx/Vitis_HLS/2022.1/include/mpfr.h:585:49: error: ‘mpfr_srcptr’ has not been declared
 __MPFR_DECLSPEC int mpfr_remquo _MPFR_PROTO ((mpfr_ptr, long*, mpfr_srcptr,
                                                 ^~~~~~~~~~~
/home/bernard/Xilinx/Vitis_HLS/2022.1/include/mpfr.h:587:32: error: ‘mpfr_srcptr’ has not been declared
 __MPFR_DECLSPEC int mpfr_remainder _MPFR_PROTO ((mpfr_ptr, mpfr_srcptr,
                                ^~~~~~~~~~~
/home/bernard/Xilinx/Vitis_HLS/2022.1/include/mpfr.h:587:45: error: ‘mpfr_srcptr’ has not been declared
 __MPFR_DECLSPEC int mpfr_remainder _MPFR_PROTO ((mpfr_ptr, mpfr_srcptr,
                                             ^~~~~~~~~~~
/home/bernard/Xilinx/Vitis_HLS/2022.1/include/mpfr.h:589:27: error: ‘mpfr_srcptr’ has not been declared
 __MPFR_DECLSPEC int mpfr_fmod _MPFR_PROTO ((mpfr_ptr, mpfr_srcptr,
                           ^~~~~~~~~~~
/home/bernard/Xilinx/Vitis_HLS/2022.1/include/mpfr.h:589:40: error: ‘mpfr_srcptr’ has not been declared
 __MPFR_DECLSPEC int mpfr_fmod _MPFR_PROTO ((mpfr_ptr, mpfr_srcptr,
                                        ^~~~~~~~~~~
/home/bernard/Xilinx/Vitis_HLS/2022.1/include/mpfr.h:592:25: error: ‘mpfr_srcptr’ was not declared in this scope
 __MPFR_DECLSPEC int mpfr_fits_ulong_p _MPFR_PROTO((mpfr_srcptr, mpfr_rnd_t));
                         ^~~~~~~~~~~
/home/bernard/Xilinx/Vitis_HLS/2022.1/include/mpfr.h:592:25: note: suggested alternative: ‘mpf_srcptr’
 __MPFR_DECLSPEC int mpfr_fits_ulong_p _MPFR_PROTO((mpfr_srcptr, mpfr_rnd_t));
                         ^~~~~~~~~~~
                         mpf_srcptr
/home/bernard/Xilinx/Vitis_HLS/2022.1/include/mpfr.h:592:48: error: expected primary-expression before ‘)’ token
 __MPFR_DECLSPEC int mpfr_fits_ulong_p _MPFR_PROTO((mpfr_srcptr, mpfr_rnd_t));
                                                ^
/home/bernard/Xilinx/Vitis_HLS/2022.1/include/mpfr.h:592:48: error: expression list treated as compound expression in initializer [-fpermissive]
/home/bernard/Xilinx/Vitis_HLS/2022.1/include/mpfr.h:593:25: error: ‘mpfr_srcptr’ was not declared in this scope
 __MPFR_DECLSPEC int mpfr_fits_slong_p _MPFR_PROTO((mpfr_srcptr, mpfr_rnd_t));
                         ^~~~~~~~~~~
/home/bernard/Xilinx/Vitis_HLS/2022.1/include/mpfr.h:593:25: note: suggested alternative: ‘mpf_srcptr’
 __MPFR_DECLSPEC int mpfr_fits_slong_p _MPFR_PROTO((mpfr_srcptr, mpfr_rnd_t));
                         ^~~~~~~~~~~
                         mpf_srcptr
/home/bernard/Xilinx/Vitis_HLS/2022.1/include/mpfr.h:593:48: error: expected primary-expression before ‘)’ token
 __MPFR_DECLSPEC int mpfr_fits_slong_p _MPFR_PROTO((mpfr_srcptr, mpfr_rnd_t));
                                                ^
/home/bernard/Xilinx/Vitis_HLS/2022.1/include/mpfr.h:593:48: error: expression list treated as compound expression in initializer [-fpermissive]
/home/bernard/Xilinx/Vitis_HLS/2022.1/include/mpfr.h:594:24: error: ‘mpfr_srcptr’ was not declared in this scope
 __MPFR_DECLSPEC int mpfr_fits_uint_p _MPFR_PROTO((mpfr_srcptr, mpfr_rnd_t));
                        ^~~~~~~~~~~
/home/bernard/Xilinx/Vitis_HLS/2022.1/include/mpfr.h:594:24: note: suggested alternative: ‘mpf_srcptr’
 __MPFR_DECLSPEC int mpfr_fits_uint_p _MPFR_PROTO((mpfr_srcptr, mpfr_rnd_t));
                        ^~~~~~~~~~~
                        mpf_srcptr
/home/bernard/Xilinx/Vitis_HLS/2022.1/include/mpfr.h:594:47: error: expected primary-expression before ‘)’ token
 __MPFR_DECLSPEC int mpfr_fits_uint_p _MPFR_PROTO((mpfr_srcptr, mpfr_rnd_t));
                                               ^
/home/bernard/Xilinx/Vitis_HLS/2022.1/include/mpfr.h:594:47: error: expression list treated as compound expression in initializer [-fpermissive]
/home/bernard/Xilinx/Vitis_HLS/2022.1/include/mpfr.h:595:24: error: ‘mpfr_srcptr’ was not declared in this scope
 __MPFR_DECLSPEC int mpfr_fits_sint_p _MPFR_PROTO((mpfr_srcptr, mpfr_rnd_t));
                        ^~~~~~~~~~~
/home/bernard/Xilinx/Vitis_HLS/2022.1/include/mpfr.h:595:24: note: suggested alternative: ‘mpf_srcptr’
 __MPFR_DECLSPEC int mpfr_fits_sint_p _MPFR_PROTO((mpfr_srcptr, mpfr_rnd_t));
                        ^~~~~~~~~~~
                        mpf_srcptr
/home/bernard/Xilinx/Vitis_HLS/2022.1/include/mpfr.h:595:47: error: expected primary-expression before ‘)’ token
 __MPFR_DECLSPEC int mpfr_fits_sint_p _MPFR_PROTO((mpfr_srcptr, mpfr_rnd_t));
                                               ^
/home/bernard/Xilinx/Vitis_HLS/2022.1/include/mpfr.h:595:47: error: expression list treated as compound expression in initializer [-fpermissive]
/home/bernard/Xilinx/Vitis_HLS/2022.1/include/mpfr.h:596:26: error: ‘mpfr_srcptr’ was not declared in this scope
 __MPFR_DECLSPEC int mpfr_fits_ushort_p _MPFR_PROTO((mpfr_srcptr, mpfr_rnd_t));
                          ^~~~~~~~~~~
/home/bernard/Xilinx/Vitis_HLS/2022.1/include/mpfr.h:596:26: note: suggested alternative: ‘mpf_srcptr’
 __MPFR_DECLSPEC int mpfr_fits_ushort_p _MPFR_PROTO((mpfr_srcptr, mpfr_rnd_t));
                          ^~~~~~~~~~~
                          mpf_srcptr
/home/bernard/Xilinx/Vitis_HLS/2022.1/include/mpfr.h:596:49: error: expected primary-expression before ‘)’ token
 __MPFR_DECLSPEC int mpfr_fits_ushort_p _MPFR_PROTO((mpfr_srcptr, mpfr_rnd_t));
                                                 ^
/home/bernard/Xilinx/Vitis_HLS/2022.1/include/mpfr.h:596:49: error: expression list treated as compound expression in initializer [-fpermissive]
/home/bernard/Xilinx/Vitis_HLS/2022.1/include/mpfr.h:597:26: error: ‘mpfr_srcptr’ was not declared in this scope
 __MPFR_DECLSPEC int mpfr_fits_sshort_p _MPFR_PROTO((mpfr_srcptr, mpfr_rnd_t));
                          ^~~~~~~~~~~
/home/bernard/Xilinx/Vitis_HLS/2022.1/include/mpfr.h:597:26: note: suggested alternative: ‘mpf_srcptr’
 __MPFR_DECLSPEC int mpfr_fits_sshort_p _MPFR_PROTO((mpfr_srcptr, mpfr_rnd_t));
                          ^~~~~~~~~~~
                          mpf_srcptr
/home/bernard/Xilinx/Vitis_HLS/2022.1/include/mpfr.h:597:49: error: expected primary-expression before ‘)’ token
 __MPFR_DECLSPEC int mpfr_fits_sshort_p _MPFR_PROTO((mpfr_srcptr, mpfr_rnd_t));
                                                 ^
/home/bernard/Xilinx/Vitis_HLS/2022.1/include/mpfr.h:597:49: error: expression list treated as compound expression in initializer [-fpermissive]
/home/bernard/Xilinx/Vitis_HLS/2022.1/include/mpfr.h:598:27: error: ‘mpfr_srcptr’ was not declared in this scope
 __MPFR_DECLSPEC int mpfr_fits_uintmax_p _MPFR_PROTO((mpfr_srcptr,mpfr_rnd_t));
                           ^~~~~~~~~~~
/home/bernard/Xilinx/Vitis_HLS/2022.1/include/mpfr.h:598:27: note: suggested alternative: ‘mpf_srcptr’
 __MPFR_DECLSPEC int mpfr_fits_uintmax_p _MPFR_PROTO((mpfr_srcptr,mpfr_rnd_t));
                           ^~~~~~~~~~~
                           mpf_srcptr
/home/bernard/Xilinx/Vitis_HLS/2022.1/include/mpfr.h:598:49: error: expected primary-expression before ‘)’ token
 __MPFR_DECLSPEC int mpfr_fits_uintmax_p _MPFR_PROTO((mpfr_srcptr,mpfr_rnd_t));
                                                 ^
/home/bernard/Xilinx/Vitis_HLS/2022.1/include/mpfr.h:598:49: error: expression list treated as compound expression in initializer [-fpermissive]
/home/bernard/Xilinx/Vitis_HLS/2022.1/include/mpfr.h:599:26: error: ‘mpfr_srcptr’ was not declared in this scope
 __MPFR_DECLSPEC int mpfr_fits_intmax_p _MPFR_PROTO((mpfr_srcptr, mpfr_rnd_t));
                          ^~~~~~~~~~~
/home/bernard/Xilinx/Vitis_HLS/2022.1/include/mpfr.h:599:26: note: suggested alternative: ‘mpf_srcptr’
 __MPFR_DECLSPEC int mpfr_fits_intmax_p _MPFR_PROTO((mpfr_srcptr, mpfr_rnd_t));
                          ^~~~~~~~~~~
                          mpf_srcptr
/home/bernard/Xilinx/Vitis_HLS/2022.1/include/mpfr.h:599:49: error: expected primary-expression before ‘)’ token
 __MPFR_DECLSPEC int mpfr_fits_intmax_p _MPFR_PROTO((mpfr_srcptr, mpfr_rnd_t));
                                                 ^
/home/bernard/Xilinx/Vitis_HLS/2022.1/include/mpfr.h:599:49: error: expression list treated as compound expression in initializer [-fpermissive]
/home/bernard/Xilinx/Vitis_HLS/2022.1/include/mpfr.h:601:30: error: ‘mpfr_srcptr’ has not been declared
 __MPFR_DECLSPEC void mpfr_extract _MPFR_PROTO ((mpz_ptr, mpfr_srcptr,
                              ^~~~~~~~~~~
/home/bernard/Xilinx/Vitis_HLS/2022.1/include/mpfr.h:604:29: error: variable or field ‘mpfr_dump’ declared void
 __MPFR_DECLSPEC void mpfr_dump _MPFR_PROTO ((mpfr_srcptr));
                             ^
/home/bernard/Xilinx/Vitis_HLS/2022.1/include/mpfr.h:604:18: error: ‘mpfr_srcptr’ was not declared in this scope
 __MPFR_DECLSPEC void mpfr_dump _MPFR_PROTO ((mpfr_srcptr));
                  ^~~~~~~~~~~
/home/bernard/Xilinx/Vitis_HLS/2022.1/include/mpfr.h:604:18: note: suggested alternative: ‘mpf_srcptr’
 __MPFR_DECLSPEC void mpfr_dump _MPFR_PROTO ((mpfr_srcptr));
                  ^~~~~~~~~~~
                  mpf_srcptr
/home/bernard/Xilinx/Vitis_HLS/2022.1/include/mpfr.h:606:18: error: ‘mpfr_srcptr’ was not declared in this scope
 __MPFR_DECLSPEC int mpfr_nan_p _MPFR_PROTO((mpfr_srcptr));
                  ^~~~~~~~~~~
/home/bernard/Xilinx/Vitis_HLS/2022.1/include/mpfr.h:606:18: note: suggested alternative: ‘mpf_srcptr’
 __MPFR_DECLSPEC int mpfr_nan_p _MPFR_PROTO((mpfr_srcptr));
                  ^~~~~~~~~~~
                  mpf_srcptr
/home/bernard/Xilinx/Vitis_HLS/2022.1/include/mpfr.h:607:18: error: ‘mpfr_srcptr’ was not declared in this scope
 __MPFR_DECLSPEC int mpfr_inf_p _MPFR_PROTO((mpfr_srcptr));
                  ^~~~~~~~~~~
/home/bernard/Xilinx/Vitis_HLS/2022.1/include/mpfr.h:607:18: note: suggested alternative: ‘mpf_srcptr’
 __MPFR_DECLSPEC int mpfr_inf_p _MPFR_PROTO((mpfr_srcptr));
                  ^~~~~~~~~~~
                  mpf_srcptr
/home/bernard/Xilinx/Vitis_HLS/2022.1/include/mpfr.h:608:21: error: ‘mpfr_srcptr’ was not declared in this scope
 __MPFR_DECLSPEC int mpfr_number_p _MPFR_PROTO((mpfr_srcptr));
                     ^~~~~~~~~~~
/home/bernard/Xilinx/Vitis_HLS/2022.1/include/mpfr.h:608:21: note: suggested alternative: ‘mpf_srcptr’
 __MPFR_DECLSPEC int mpfr_number_p _MPFR_PROTO((mpfr_srcptr));
                     ^~~~~~~~~~~
                     mpf_srcptr
/home/bernard/Xilinx/Vitis_HLS/2022.1/include/mpfr.h:609:22: error: ‘mpfr_srcptr’ was not declared in this scope
 __MPFR_DECLSPEC int mpfr_integer_p _MPFR_PROTO ((mpfr_srcptr));
                      ^~~~~~~~~~~
/home/bernard/Xilinx/Vitis_HLS/2022.1/include/mpfr.h:609:22: note: suggested alternative: ‘mpf_srcptr’
 __MPFR_DECLSPEC int mpfr_integer_p _MPFR_PROTO ((mpfr_srcptr));
                      ^~~~~~~~~~~
                      mpf_srcptr
/home/bernard/Xilinx/Vitis_HLS/2022.1/include/mpfr.h:610:19: error: ‘mpfr_srcptr’ was not declared in this scope
 __MPFR_DECLSPEC int mpfr_zero_p _MPFR_PROTO ((mpfr_srcptr));
                   ^~~~~~~~~~~
/home/bernard/Xilinx/Vitis_HLS/2022.1/include/mpfr.h:610:19: note: suggested alternative: ‘mpf_srcptr’
 __MPFR_DECLSPEC int mpfr_zero_p _MPFR_PROTO ((mpfr_srcptr));
                   ^~~~~~~~~~~
                   mpf_srcptr
/home/bernard/Xilinx/Vitis_HLS/2022.1/include/mpfr.h:611:22: error: ‘mpfr_srcptr’ was not declared in this scope
 __MPFR_DECLSPEC int mpfr_regular_p _MPFR_PROTO ((mpfr_srcptr));
                      ^~~~~~~~~~~
/home/bernard/Xilinx/Vitis_HLS/2022.1/include/mpfr.h:611:22: note: suggested alternative: ‘mpf_srcptr’
 __MPFR_DECLSPEC int mpfr_regular_p _MPFR_PROTO ((mpfr_srcptr));
                      ^~~~~~~~~~~
                      mpf_srcptr
/home/bernard/Xilinx/Vitis_HLS/2022.1/include/mpfr.h:613:22: error: ‘mpfr_srcptr’ was not declared in this scope
 __MPFR_DECLSPEC int mpfr_greater_p _MPFR_PROTO ((mpfr_srcptr, mpfr_srcptr));
                      ^~~~~~~~~~~
/home/bernard/Xilinx/Vitis_HLS/2022.1/include/mpfr.h:613:22: note: suggested alternative: ‘mpf_srcptr’
 __MPFR_DECLSPEC int mpfr_greater_p _MPFR_PROTO ((mpfr_srcptr, mpfr_srcptr));
                      ^~~~~~~~~~~
                      mpf_srcptr
/home/bernard/Xilinx/Vitis_HLS/2022.1/include/mpfr.h:613:35: error: ‘mpfr_srcptr’ was not declared in this scope
 __MPFR_DECLSPEC int mpfr_greater_p _MPFR_PROTO ((mpfr_srcptr, mpfr_srcptr));
                                   ^~~~~~~~~~~
/home/bernard/Xilinx/Vitis_HLS/2022.1/include/mpfr.h:613:35: note: suggested alternative: ‘mpf_srcptr’
 __MPFR_DECLSPEC int mpfr_greater_p _MPFR_PROTO ((mpfr_srcptr, mpfr_srcptr));
                                   ^~~~~~~~~~~
                                   mpf_srcptr
/home/bernard/Xilinx/Vitis_HLS/2022.1/include/mpfr.h:613:46: error: expression list treated as compound expression in initializer [-fpermissive]
 __MPFR_DECLSPEC int mpfr_greater_p _MPFR_PROTO ((mpfr_srcptr, mpfr_srcptr));
                                              ^
/home/bernard/Xilinx/Vitis_HLS/2022.1/include/mpfr.h:614:27: error: ‘mpfr_srcptr’ was not declared in this scope
 __MPFR_DECLSPEC int mpfr_greaterequal_p _MPFR_PROTO ((mpfr_srcptr,
                           ^~~~~~~~~~~
/home/bernard/Xilinx/Vitis_HLS/2022.1/include/mpfr.h:614:27: note: suggested alternative: ‘mpf_srcptr’
 __MPFR_DECLSPEC int mpfr_greaterequal_p _MPFR_PROTO ((mpfr_srcptr,
                           ^~~~~~~~~~~
                           mpf_srcptr
/home/bernard/Xilinx/Vitis_HLS/2022.1/include/mpfr.h:614:40: error: ‘mpfr_srcptr’ was not declared in this scope
 __MPFR_DECLSPEC int mpfr_greaterequal_p _MPFR_PROTO ((mpfr_srcptr,
                                        ^~~~~~~~~~~
/home/bernard/Xilinx/Vitis_HLS/2022.1/include/mpfr.h:614:40: note: suggested alternative: ‘mpf_srcptr’
 __MPFR_DECLSPEC int mpfr_greaterequal_p _MPFR_PROTO ((mpfr_srcptr,
                                        ^~~~~~~~~~~
                                        mpf_srcptr
/home/bernard/Xilinx/Vitis_HLS/2022.1/include/mpfr.h:614:51: error: expression list treated as compound expression in initializer [-fpermissive]
 __MPFR_DECLSPEC int mpfr_greaterequal_p _MPFR_PROTO ((mpfr_srcptr,
                                                   ^
/home/bernard/Xilinx/Vitis_HLS/2022.1/include/mpfr.h:616:19: error: ‘mpfr_srcptr’ was not declared in this scope
 __MPFR_DECLSPEC int mpfr_less_p _MPFR_PROTO ((mpfr_srcptr, mpfr_srcptr));
                   ^~~~~~~~~~~
/home/bernard/Xilinx/Vitis_HLS/2022.1/include/mpfr.h:616:19: note: suggested alternative: ‘mpf_srcptr’
 __MPFR_DECLSPEC int mpfr_less_p _MPFR_PROTO ((mpfr_srcptr, mpfr_srcptr));
                   ^~~~~~~~~~~
                   mpf_srcptr
/home/bernard/Xilinx/Vitis_HLS/2022.1/include/mpfr.h:616:32: error: ‘mpfr_srcptr’ was not declared in this scope
 __MPFR_DECLSPEC int mpfr_less_p _MPFR_PROTO ((mpfr_srcptr, mpfr_srcptr));
                                ^~~~~~~~~~~
/home/bernard/Xilinx/Vitis_HLS/2022.1/include/mpfr.h:616:32: note: suggested alternative: ‘mpf_srcptr’
 __MPFR_DECLSPEC int mpfr_less_p _MPFR_PROTO ((mpfr_srcptr, mpfr_srcptr));
                                ^~~~~~~~~~~
                                mpf_srcptr
/home/bernard/Xilinx/Vitis_HLS/2022.1/include/mpfr.h:616:43: error: expression list treated as compound expression in initializer [-fpermissive]
 __MPFR_DECLSPEC int mpfr_less_p _MPFR_PROTO ((mpfr_srcptr, mpfr_srcptr));
                                           ^
/home/bernard/Xilinx/Vitis_HLS/2022.1/include/mpfr.h:617:24: error: ‘mpfr_srcptr’ was not declared in this scope
 __MPFR_DECLSPEC int mpfr_lessequal_p _MPFR_PROTO ((mpfr_srcptr, mpfr_srcptr));
                        ^~~~~~~~~~~
/home/bernard/Xilinx/Vitis_HLS/2022.1/include/mpfr.h:617:24: note: suggested alternative: ‘mpf_srcptr’
 __MPFR_DECLSPEC int mpfr_lessequal_p _MPFR_PROTO ((mpfr_srcptr, mpfr_srcptr));
                        ^~~~~~~~~~~
                        mpf_srcptr
/home/bernard/Xilinx/Vitis_HLS/2022.1/include/mpfr.h:617:37: error: ‘mpfr_srcptr’ was not declared in this scope
 __MPFR_DECLSPEC int mpfr_lessequal_p _MPFR_PROTO ((mpfr_srcptr, mpfr_srcptr));
                                     ^~~~~~~~~~~
/home/bernard/Xilinx/Vitis_HLS/2022.1/include/mpfr.h:617:37: note: suggested alternative: ‘mpf_srcptr’
 __MPFR_DECLSPEC int mpfr_lessequal_p _MPFR_PROTO ((mpfr_srcptr, mpfr_srcptr));
                                     ^~~~~~~~~~~
                                     mpf_srcptr
/home/bernard/Xilinx/Vitis_HLS/2022.1/include/mpfr.h:617:48: error: expression list treated as compound expression in initializer [-fpermissive]
 __MPFR_DECLSPEC int mpfr_lessequal_p _MPFR_PROTO ((mpfr_srcptr, mpfr_srcptr));
                                                ^
/home/bernard/Xilinx/Vitis_HLS/2022.1/include/mpfr.h:618:26: error: ‘mpfr_srcptr’ was not declared in this scope
 __MPFR_DECLSPEC int mpfr_lessgreater_p _MPFR_PROTO((mpfr_srcptr,mpfr_srcptr));
                          ^~~~~~~~~~~
/home/bernard/Xilinx/Vitis_HLS/2022.1/include/mpfr.h:618:26: note: suggested alternative: ‘mpf_srcptr’
 __MPFR_DECLSPEC int mpfr_lessgreater_p _MPFR_PROTO((mpfr_srcptr,mpfr_srcptr));
                          ^~~~~~~~~~~
                          mpf_srcptr
/home/bernard/Xilinx/Vitis_HLS/2022.1/include/mpfr.h:618:38: error: ‘mpfr_srcptr’ was not declared in this scope
 __MPFR_DECLSPEC int mpfr_lessgreater_p _MPFR_PROTO((mpfr_srcptr,mpfr_srcptr));
                                      ^~~~~~~~~~~
/home/bernard/Xilinx/Vitis_HLS/2022.1/include/mpfr.h:618:38: note: suggested alternative: ‘mpf_srcptr’
 __MPFR_DECLSPEC int mpfr_lessgreater_p _MPFR_PROTO((mpfr_srcptr,mpfr_srcptr));
                                      ^~~~~~~~~~~
                                      mpf_srcptr
/home/bernard/Xilinx/Vitis_HLS/2022.1/include/mpfr.h:618:49: error: expression list treated as compound expression in initializer [-fpermissive]
 __MPFR_DECLSPEC int mpfr_lessgreater_p _MPFR_PROTO((mpfr_srcptr,mpfr_srcptr));
                                                 ^
/home/bernard/Xilinx/Vitis_HLS/2022.1/include/mpfr.h:619:20: error: ‘mpfr_srcptr’ was not declared in this scope
 __MPFR_DECLSPEC int mpfr_equal_p _MPFR_PROTO ((mpfr_srcptr, mpfr_srcptr));
                    ^~~~~~~~~~~
/home/bernard/Xilinx/Vitis_HLS/2022.1/include/mpfr.h:619:20: note: suggested alternative: ‘mpf_srcptr’
 __MPFR_DECLSPEC int mpfr_equal_p _MPFR_PROTO ((mpfr_srcptr, mpfr_srcptr));
                    ^~~~~~~~~~~
                    mpf_srcptr
/home/bernard/Xilinx/Vitis_HLS/2022.1/include/mpfr.h:619:33: error: ‘mpfr_srcptr’ was not declared in this scope
 __MPFR_DECLSPEC int mpfr_equal_p _MPFR_PROTO ((mpfr_srcptr, mpfr_srcptr));
                                 ^~~~~~~~~~~
/home/bernard/Xilinx/Vitis_HLS/2022.1/include/mpfr.h:619:33: note: suggested alternative: ‘mpf_srcptr’
 __MPFR_DECLSPEC int mpfr_equal_p _MPFR_PROTO ((mpfr_srcptr, mpfr_srcptr));
                                 ^~~~~~~~~~~
                                 mpf_srcptr
/home/bernard/Xilinx/Vitis_HLS/2022.1/include/mpfr.h:619:44: error: expression list treated as compound expression in initializer [-fpermissive]
 __MPFR_DECLSPEC int mpfr_equal_p _MPFR_PROTO ((mpfr_srcptr, mpfr_srcptr));
                                            ^
/home/bernard/Xilinx/Vitis_HLS/2022.1/include/mpfr.h:620:24: error: ‘mpfr_srcptr’ was not declared in this scope
 __MPFR_DECLSPEC int mpfr_unordered_p _MPFR_PROTO ((mpfr_srcptr, mpfr_srcptr));
                        ^~~~~~~~~~~
/home/bernard/Xilinx/Vitis_HLS/2022.1/include/mpfr.h:620:24: note: suggested alternative: ‘mpf_srcptr’
 __MPFR_DECLSPEC int mpfr_unordered_p _MPFR_PROTO ((mpfr_srcptr, mpfr_srcptr));
                        ^~~~~~~~~~~
                        mpf_srcptr
/home/bernard/Xilinx/Vitis_HLS/2022.1/include/mpfr.h:620:37: error: ‘mpfr_srcptr’ was not declared in this scope
 __MPFR_DECLSPEC int mpfr_unordered_p _MPFR_PROTO ((mpfr_srcptr, mpfr_srcptr));
                                     ^~~~~~~~~~~
/home/bernard/Xilinx/Vitis_HLS/2022.1/include/mpfr.h:620:37: note: suggested alternative: ‘mpf_srcptr’
 __MPFR_DECLSPEC int mpfr_unordered_p _MPFR_PROTO ((mpfr_srcptr, mpfr_srcptr));
                                     ^~~~~~~~~~~
                                     mpf_srcptr
/home/bernard/Xilinx/Vitis_HLS/2022.1/include/mpfr.h:620:48: error: expression list treated as compound expression in initializer [-fpermissive]
 __MPFR_DECLSPEC int mpfr_unordered_p _MPFR_PROTO ((mpfr_srcptr, mpfr_srcptr));
                                                ^
/home/bernard/Xilinx/Vitis_HLS/2022.1/include/mpfr.h:622:27: error: ‘mpfr_srcptr’ has not been declared
 __MPFR_DECLSPEC int mpfr_atanh _MPFR_PROTO((mpfr_ptr,mpfr_srcptr,mpfr_rnd_t));
                           ^~~~~~~~~~~
/home/bernard/Xilinx/Vitis_HLS/2022.1/include/mpfr.h:623:27: error: ‘mpfr_srcptr’ has not been declared
 __MPFR_DECLSPEC int mpfr_acosh _MPFR_PROTO((mpfr_ptr,mpfr_srcptr,mpfr_rnd_t));
                           ^~~~~~~~~~~
/home/bernard/Xilinx/Vitis_HLS/2022.1/include/mpfr.h:624:27: error: ‘mpfr_srcptr’ has not been declared
 __MPFR_DECLSPEC int mpfr_asinh _MPFR_PROTO((mpfr_ptr,mpfr_srcptr,mpfr_rnd_t));
                           ^~~~~~~~~~~
/home/bernard/Xilinx/Vitis_HLS/2022.1/include/mpfr.h:625:26: error: ‘mpfr_srcptr’ has not been declared
 __MPFR_DECLSPEC int mpfr_cosh _MPFR_PROTO((mpfr_ptr,mpfr_srcptr, mpfr_rnd_t));
                          ^~~~~~~~~~~
/home/bernard/Xilinx/Vitis_HLS/2022.1/include/mpfr.h:626:26: error: ‘mpfr_srcptr’ has not been declared
 __MPFR_DECLSPEC int mpfr_sinh _MPFR_PROTO((mpfr_ptr,mpfr_srcptr, mpfr_rnd_t));
                          ^~~~~~~~~~~
/home/bernard/Xilinx/Vitis_HLS/2022.1/include/mpfr.h:627:26: error: ‘mpfr_srcptr’ has not been declared
 __MPFR_DECLSPEC int mpfr_tanh _MPFR_PROTO((mpfr_ptr,mpfr_srcptr, mpfr_rnd_t));
                          ^~~~~~~~~~~
/home/bernard/Xilinx/Vitis_HLS/2022.1/include/mpfr.h:628:42: error: ‘mpfr_srcptr’ has not been declared
 __MPFR_DECLSPEC int mpfr_sinh_cosh _MPFR_PROTO ((mpfr_ptr, mpfr_ptr,
                                          ^~~~~~~~~~~
/home/bernard/Xilinx/Vitis_HLS/2022.1/include/mpfr.h:631:27: error: ‘mpfr_srcptr’ has not been declared
 __MPFR_DECLSPEC int mpfr_sech _MPFR_PROTO ((mpfr_ptr, mpfr_srcptr,mpfr_rnd_t));
                           ^~~~~~~~~~~
/home/bernard/Xilinx/Vitis_HLS/2022.1/include/mpfr.h:632:27: error: ‘mpfr_srcptr’ has not been declared
 __MPFR_DECLSPEC int mpfr_csch _MPFR_PROTO ((mpfr_ptr, mpfr_srcptr,mpfr_rnd_t));
                           ^~~~~~~~~~~
/home/bernard/Xilinx/Vitis_HLS/2022.1/include/mpfr.h:633:27: error: ‘mpfr_srcptr’ has not been declared
 __MPFR_DECLSPEC int mpfr_coth _MPFR_PROTO ((mpfr_ptr, mpfr_srcptr,mpfr_rnd_t));
                           ^~~~~~~~~~~
/home/bernard/Xilinx/Vitis_HLS/2022.1/include/mpfr.h:635:26: error: ‘mpfr_srcptr’ has not been declared
 __MPFR_DECLSPEC int mpfr_acos _MPFR_PROTO ((mpfr_ptr,mpfr_srcptr,mpfr_rnd_t));
                          ^~~~~~~~~~~
/home/bernard/Xilinx/Vitis_HLS/2022.1/include/mpfr.h:636:26: error: ‘mpfr_srcptr’ has not been declared
 __MPFR_DECLSPEC int mpfr_asin _MPFR_PROTO ((mpfr_ptr,mpfr_srcptr,mpfr_rnd_t));
                          ^~~~~~~~~~~
/home/bernard/Xilinx/Vitis_HLS/2022.1/include/mpfr.h:637:26: error: ‘mpfr_srcptr’ has not been declared
 __MPFR_DECLSPEC int mpfr_atan _MPFR_PROTO ((mpfr_ptr,mpfr_srcptr,mpfr_rnd_t));
                          ^~~~~~~~~~~
/home/bernard/Xilinx/Vitis_HLS/2022.1/include/mpfr.h:638:26: error: ‘mpfr_srcptr’ has not been declared
 __MPFR_DECLSPEC int mpfr_sin _MPFR_PROTO ((mpfr_ptr, mpfr_srcptr,mpfr_rnd_t));
                          ^~~~~~~~~~~
/home/bernard/Xilinx/Vitis_HLS/2022.1/include/mpfr.h:639:40: error: ‘mpfr_srcptr’ has not been declared
 __MPFR_DECLSPEC int mpfr_sin_cos _MPFR_PROTO ((mpfr_ptr, mpfr_ptr,
                                        ^~~~~~~~~~~
/home/bernard/Xilinx/Vitis_HLS/2022.1/include/mpfr.h:641:26: error: ‘mpfr_srcptr’ has not been declared
 __MPFR_DECLSPEC int mpfr_cos _MPFR_PROTO ((mpfr_ptr, mpfr_srcptr,mpfr_rnd_t));
                          ^~~~~~~~~~~
/home/bernard/Xilinx/Vitis_HLS/2022.1/include/mpfr.h:642:26: error: ‘mpfr_srcptr’ has not been declared
 __MPFR_DECLSPEC int mpfr_tan _MPFR_PROTO ((mpfr_ptr, mpfr_srcptr,mpfr_rnd_t));
                          ^~~~~~~~~~~
/home/bernard/Xilinx/Vitis_HLS/2022.1/include/mpfr.h:643:27: error: ‘mpfr_srcptr’ has not been declared
 __MPFR_DECLSPEC int mpfr_atan2 _MPFR_PROTO ((mpfr_ptr,mpfr_srcptr,mpfr_srcptr,
                           ^~~~~~~~~~~
/home/bernard/Xilinx/Vitis_HLS/2022.1/include/mpfr.h:643:39: error: ‘mpfr_srcptr’ has not been declared
 __MPFR_DECLSPEC int mpfr_atan2 _MPFR_PROTO ((mpfr_ptr,mpfr_srcptr,mpfr_srcptr,
                                       ^~~~~~~~~~~
/home/bernard/Xilinx/Vitis_HLS/2022.1/include/mpfr.h:645:26: error: ‘mpfr_srcptr’ has not been declared
 __MPFR_DECLSPEC int mpfr_sec _MPFR_PROTO ((mpfr_ptr, mpfr_srcptr,mpfr_rnd_t));
                          ^~~~~~~~~~~
/home/bernard/Xilinx/Vitis_HLS/2022.1/include/mpfr.h:646:26: error: ‘mpfr_srcptr’ has not been declared
 __MPFR_DECLSPEC int mpfr_csc _MPFR_PROTO ((mpfr_ptr, mpfr_srcptr,mpfr_rnd_t));
                          ^~~~~~~~~~~
/home/bernard/Xilinx/Vitis_HLS/2022.1/include/mpfr.h:647:26: error: ‘mpfr_srcptr’ has not been declared
 __MPFR_DECLSPEC int mpfr_cot _MPFR_PROTO ((mpfr_ptr, mpfr_srcptr,mpfr_rnd_t));
                          ^~~~~~~~~~~
/home/bernard/Xilinx/Vitis_HLS/2022.1/include/mpfr.h:649:28: error: ‘mpfr_srcptr’ has not been declared
 __MPFR_DECLSPEC int mpfr_hypot _MPFR_PROTO ((mpfr_ptr, mpfr_srcptr,
                            ^~~~~~~~~~~
/home/bernard/Xilinx/Vitis_HLS/2022.1/include/mpfr.h:649:41: error: ‘mpfr_srcptr’ has not been declared
 __MPFR_DECLSPEC int mpfr_hypot _MPFR_PROTO ((mpfr_ptr, mpfr_srcptr,
                                         ^~~~~~~~~~~
/home/bernard/Xilinx/Vitis_HLS/2022.1/include/mpfr.h:651:26: error: ‘mpfr_srcptr’ has not been declared
 __MPFR_DECLSPEC int mpfr_erf _MPFR_PROTO ((mpfr_ptr, mpfr_srcptr,mpfr_rnd_t));
                          ^~~~~~~~~~~
/home/bernard/Xilinx/Vitis_HLS/2022.1/include/mpfr.h:652:27: error: ‘mpfr_srcptr’ has not been declared
 __MPFR_DECLSPEC int mpfr_erfc _MPFR_PROTO ((mpfr_ptr, mpfr_srcptr,mpfr_rnd_t));
                           ^~~~~~~~~~~
/home/bernard/Xilinx/Vitis_HLS/2022.1/include/mpfr.h:653:26: error: ‘mpfr_srcptr’ has not been declared
 __MPFR_DECLSPEC int mpfr_cbrt _MPFR_PROTO ((mpfr_ptr,mpfr_srcptr,mpfr_rnd_t));
                          ^~~~~~~~~~~
/home/bernard/Xilinx/Vitis_HLS/2022.1/include/mpfr.h:654:26: error: ‘mpfr_srcptr’ has not been declared
 __MPFR_DECLSPEC int mpfr_root _MPFR_PROTO ((mpfr_ptr,mpfr_srcptr,unsigned long,mpfr_rnd_t));
                          ^~~~~~~~~~~
/home/bernard/Xilinx/Vitis_HLS/2022.1/include/mpfr.h:655:27: error: ‘mpfr_srcptr’ has not been declared
 __MPFR_DECLSPEC int mpfr_gamma _MPFR_PROTO((mpfr_ptr,mpfr_srcptr,mpfr_rnd_t));
                           ^~~~~~~~~~~
/home/bernard/Xilinx/Vitis_HLS/2022.1/include/mpfr.h:656:29: error: ‘mpfr_srcptr’ has not been declared
 __MPFR_DECLSPEC int mpfr_lngamma _MPFR_PROTO((mpfr_ptr,mpfr_srcptr,mpfr_rnd_t));
                             ^~~~~~~~~~~
/home/bernard/Xilinx/Vitis_HLS/2022.1/include/mpfr.h:657:33: error: ‘mpfr_srcptr’ has not been declared
 __MPFR_DECLSPEC int mpfr_lgamma _MPFR_PROTO((mpfr_ptr,int*,mpfr_srcptr,mpfr_rnd_t));
                                 ^~~~~~~~~~~
/home/bernard/Xilinx/Vitis_HLS/2022.1/include/mpfr.h:658:29: error: ‘mpfr_srcptr’ has not been declared
 __MPFR_DECLSPEC int mpfr_digamma _MPFR_PROTO((mpfr_ptr,mpfr_srcptr,mpfr_rnd_t));
                             ^~~~~~~~~~~
/home/bernard/Xilinx/Vitis_HLS/2022.1/include/mpfr.h:659:26: error: ‘mpfr_srcptr’ has not been declared
 __MPFR_DECLSPEC int mpfr_zeta _MPFR_PROTO ((mpfr_ptr,mpfr_srcptr,mpfr_rnd_t));
                          ^~~~~~~~~~~
/home/bernard/Xilinx/Vitis_HLS/2022.1/include/mpfr.h:663:25: error: ‘mpfr_srcptr’ has not been declared
 __MPFR_DECLSPEC int mpfr_j0 _MPFR_PROTO ((mpfr_ptr, mpfr_srcptr, mpfr_rnd_t));
                         ^~~~~~~~~~~
/home/bernard/Xilinx/Vitis_HLS/2022.1/include/mpfr.h:664:25: error: ‘mpfr_srcptr’ has not been declared
 __MPFR_DECLSPEC int mpfr_j1 _MPFR_PROTO ((mpfr_ptr, mpfr_srcptr, mpfr_rnd_t));
                         ^~~~~~~~~~~
/home/bernard/Xilinx/Vitis_HLS/2022.1/include/mpfr.h:665:31: error: ‘mpfr_srcptr’ has not been declared
 __MPFR_DECLSPEC int mpfr_jn _MPFR_PROTO ((mpfr_ptr, long, mpfr_srcptr,
                               ^~~~~~~~~~~
/home/bernard/Xilinx/Vitis_HLS/2022.1/include/mpfr.h:667:25: error: ‘mpfr_srcptr’ has not been declared
 __MPFR_DECLSPEC int mpfr_y0 _MPFR_PROTO ((mpfr_ptr, mpfr_srcptr, mpfr_rnd_t));
                         ^~~~~~~~~~~
/home/bernard/Xilinx/Vitis_HLS/2022.1/include/mpfr.h:668:25: error: ‘mpfr_srcptr’ has not been declared
 __MPFR_DECLSPEC int mpfr_y1 _MPFR_PROTO ((mpfr_ptr, mpfr_srcptr, mpfr_rnd_t));
                         ^~~~~~~~~~~
/home/bernard/Xilinx/Vitis_HLS/2022.1/include/mpfr.h:669:31: error: ‘mpfr_srcptr’ has not been declared
 __MPFR_DECLSPEC int mpfr_yn _MPFR_PROTO ((mpfr_ptr, long, mpfr_srcptr,
                               ^~~~~~~~~~~
/home/bernard/Xilinx/Vitis_HLS/2022.1/include/mpfr.h:672:25: error: ‘mpfr_srcptr’ has not been declared
 __MPFR_DECLSPEC int mpfr_ai _MPFR_PROTO ((mpfr_ptr, mpfr_srcptr, mpfr_rnd_t));
                         ^~~~~~~~~~~
/home/bernard/Xilinx/Vitis_HLS/2022.1/include/mpfr.h:674:26: error: ‘mpfr_srcptr’ has not been declared
 __MPFR_DECLSPEC int mpfr_min _MPFR_PROTO ((mpfr_ptr, mpfr_srcptr, mpfr_srcptr,
                          ^~~~~~~~~~~
/home/bernard/Xilinx/Vitis_HLS/2022.1/include/mpfr.h:674:39: error: ‘mpfr_srcptr’ has not been declared
 __MPFR_DECLSPEC int mpfr_min _MPFR_PROTO ((mpfr_ptr, mpfr_srcptr, mpfr_srcptr,
                                       ^~~~~~~~~~~
/home/bernard/Xilinx/Vitis_HLS/2022.1/include/mpfr.h:676:26: error: ‘mpfr_srcptr’ has not been declared
 __MPFR_DECLSPEC int mpfr_max _MPFR_PROTO ((mpfr_ptr, mpfr_srcptr, mpfr_srcptr,
                          ^~~~~~~~~~~
/home/bernard/Xilinx/Vitis_HLS/2022.1/include/mpfr.h:676:39: error: ‘mpfr_srcptr’ has not been declared
 __MPFR_DECLSPEC int mpfr_max _MPFR_PROTO ((mpfr_ptr, mpfr_srcptr, mpfr_srcptr,
                                       ^~~~~~~~~~~
/home/bernard/Xilinx/Vitis_HLS/2022.1/include/mpfr.h:678:26: error: ‘mpfr_srcptr’ has not been declared
 __MPFR_DECLSPEC int mpfr_dim _MPFR_PROTO ((mpfr_ptr, mpfr_srcptr, mpfr_srcptr,
                          ^~~~~~~~~~~
/home/bernard/Xilinx/Vitis_HLS/2022.1/include/mpfr.h:678:39: error: ‘mpfr_srcptr’ has not been declared
 __MPFR_DECLSPEC int mpfr_dim _MPFR_PROTO ((mpfr_ptr, mpfr_srcptr, mpfr_srcptr,
                                       ^~~~~~~~~~~
/home/bernard/Xilinx/Vitis_HLS/2022.1/include/mpfr.h:681:28: error: ‘mpfr_srcptr’ has not been declared
 __MPFR_DECLSPEC int mpfr_mul_z _MPFR_PROTO ((mpfr_ptr, mpfr_srcptr,
                            ^~~~~~~~~~~
/home/bernard/Xilinx/Vitis_HLS/2022.1/include/mpfr.h:683:28: error: ‘mpfr_srcptr’ has not been declared
 __MPFR_DECLSPEC int mpfr_div_z _MPFR_PROTO ((mpfr_ptr, mpfr_srcptr,
                            ^~~~~~~~~~~
/home/bernard/Xilinx/Vitis_HLS/2022.1/include/mpfr.h:685:28: error: ‘mpfr_srcptr’ has not been declared
 __MPFR_DECLSPEC int mpfr_add_z _MPFR_PROTO ((mpfr_ptr, mpfr_srcptr,
                            ^~~~~~~~~~~
/home/bernard/Xilinx/Vitis_HLS/2022.1/include/mpfr.h:687:28: error: ‘mpfr_srcptr’ has not been declared
 __MPFR_DECLSPEC int mpfr_sub_z _MPFR_PROTO ((mpfr_ptr, mpfr_srcptr,
                            ^~~~~~~~~~~
/home/bernard/Xilinx/Vitis_HLS/2022.1/include/mpfr.h:689:18: error: ‘mpfr_srcptr’ was not declared in this scope
 __MPFR_DECLSPEC int mpfr_cmp_z _MPFR_PROTO ((mpfr_srcptr, mpz_srcptr));
                  ^~~~~~~~~~~
/home/bernard/Xilinx/Vitis_HLS/2022.1/include/mpfr.h:689:18: note: suggested alternative: ‘mpf_srcptr’
 __MPFR_DECLSPEC int mpfr_cmp_z _MPFR_PROTO ((mpfr_srcptr, mpz_srcptr));
                  ^~~~~~~~~~~
                  mpf_srcptr
/home/bernard/Xilinx/Vitis_HLS/2022.1/include/mpfr.h:689:41: error: expected primary-expression before ‘)’ token
 __MPFR_DECLSPEC int mpfr_cmp_z _MPFR_PROTO ((mpfr_srcptr, mpz_srcptr));
                                         ^
/home/bernard/Xilinx/Vitis_HLS/2022.1/include/mpfr.h:689:41: error: expression list treated as compound expression in initializer [-fpermissive]
/home/bernard/Xilinx/Vitis_HLS/2022.1/include/mpfr.h:691:28: error: ‘mpfr_srcptr’ has not been declared
 __MPFR_DECLSPEC int mpfr_mul_q _MPFR_PROTO ((mpfr_ptr, mpfr_srcptr,
                            ^~~~~~~~~~~
/home/bernard/Xilinx/Vitis_HLS/2022.1/include/mpfr.h:693:28: error: ‘mpfr_srcptr’ has not been declared
 __MPFR_DECLSPEC int mpfr_div_q _MPFR_PROTO ((mpfr_ptr, mpfr_srcptr,
                            ^~~~~~~~~~~
/home/bernard/Xilinx/Vitis_HLS/2022.1/include/mpfr.h:695:28: error: ‘mpfr_srcptr’ has not been declared
 __MPFR_DECLSPEC int mpfr_add_q _MPFR_PROTO ((mpfr_ptr, mpfr_srcptr,
                            ^~~~~~~~~~~
/home/bernard/Xilinx/Vitis_HLS/2022.1/include/mpfr.h:697:28: error: ‘mpfr_srcptr’ has not been declared
 __MPFR_DECLSPEC int mpfr_sub_q _MPFR_PROTO ((mpfr_ptr, mpfr_srcptr,
                            ^~~~~~~~~~~
/home/bernard/Xilinx/Vitis_HLS/2022.1/include/mpfr.h:699:18: error: ‘mpfr_srcptr’ was not declared in this scope
 __MPFR_DECLSPEC int mpfr_cmp_q _MPFR_PROTO ((mpfr_srcptr, mpq_srcptr));
                  ^~~~~~~~~~~
/home/bernard/Xilinx/Vitis_HLS/2022.1/include/mpfr.h:699:18: note: suggested alternative: ‘mpf_srcptr’
 __MPFR_DECLSPEC int mpfr_cmp_q _MPFR_PROTO ((mpfr_srcptr, mpq_srcptr));
                  ^~~~~~~~~~~
                  mpf_srcptr
/home/bernard/Xilinx/Vitis_HLS/2022.1/include/mpfr.h:699:41: error: expected primary-expression before ‘)’ token
 __MPFR_DECLSPEC int mpfr_cmp_q _MPFR_PROTO ((mpfr_srcptr, mpq_srcptr));
                                         ^
/home/bernard/Xilinx/Vitis_HLS/2022.1/include/mpfr.h:699:41: error: expression list treated as compound expression in initializer [-fpermissive]
/home/bernard/Xilinx/Vitis_HLS/2022.1/include/mpfr.h:701:18: error: ‘mpfr_srcptr’ was not declared in this scope
 __MPFR_DECLSPEC int mpfr_cmp_f _MPFR_PROTO ((mpfr_srcptr, mpf_srcptr));
                  ^~~~~~~~~~~
/home/bernard/Xilinx/Vitis_HLS/2022.1/include/mpfr.h:701:18: note: suggested alternative: ‘mpf_srcptr’
 __MPFR_DECLSPEC int mpfr_cmp_f _MPFR_PROTO ((mpfr_srcptr, mpf_srcptr));
                  ^~~~~~~~~~~
                  mpf_srcptr
/home/bernard/Xilinx/Vitis_HLS/2022.1/include/mpfr.h:701:41: error: expected primary-expression before ‘)’ token
 __MPFR_DECLSPEC int mpfr_cmp_f _MPFR_PROTO ((mpfr_srcptr, mpf_srcptr));
                                         ^
/home/bernard/Xilinx/Vitis_HLS/2022.1/include/mpfr.h:701:41: error: expression list treated as compound expression in initializer [-fpermissive]
/home/bernard/Xilinx/Vitis_HLS/2022.1/include/mpfr.h:703:26: error: ‘mpfr_srcptr’ has not been declared
 __MPFR_DECLSPEC int mpfr_fma _MPFR_PROTO ((mpfr_ptr, mpfr_srcptr, mpfr_srcptr,
                          ^~~~~~~~~~~
/home/bernard/Xilinx/Vitis_HLS/2022.1/include/mpfr.h:703:39: error: ‘mpfr_srcptr’ has not been declared
 __MPFR_DECLSPEC int mpfr_fma _MPFR_PROTO ((mpfr_ptr, mpfr_srcptr, mpfr_srcptr,
                                       ^~~~~~~~~~~
/home/bernard/Xilinx/Vitis_HLS/2022.1/include/mpfr.h:703:52: error: ‘mpfr_srcptr’ has not been declared
 __MPFR_DECLSPEC int mpfr_fma _MPFR_PROTO ((mpfr_ptr, mpfr_srcptr, mpfr_srcptr,
                                                    ^~~~~~~~~~~
/home/bernard/Xilinx/Vitis_HLS/2022.1/include/mpfr.h:705:26: error: ‘mpfr_srcptr’ has not been declared
 __MPFR_DECLSPEC int mpfr_fms _MPFR_PROTO ((mpfr_ptr, mpfr_srcptr, mpfr_srcptr,
                          ^~~~~~~~~~~
/home/bernard/Xilinx/Vitis_HLS/2022.1/include/mpfr.h:705:39: error: ‘mpfr_srcptr’ has not been declared
 __MPFR_DECLSPEC int mpfr_fms _MPFR_PROTO ((mpfr_ptr, mpfr_srcptr, mpfr_srcptr,
                                       ^~~~~~~~~~~
/home/bernard/Xilinx/Vitis_HLS/2022.1/include/mpfr.h:705:52: error: ‘mpfr_srcptr’ has not been declared
 __MPFR_DECLSPEC int mpfr_fms _MPFR_PROTO ((mpfr_ptr, mpfr_srcptr, mpfr_srcptr,
                                                    ^~~~~~~~~~~
/home/bernard/Xilinx/Vitis_HLS/2022.1/include/mpfr.h:715:30: error: ‘__gmp_const’ has not been declared
 __MPFR_DECLSPEC int  mpfr_strtofr _MPFR_PROTO ((mpfr_ptr, __gmp_const char *,
                              ^~~~~~~~~~~
/home/bernard/Xilinx/Vitis_HLS/2022.1/include/mpfr.h:715:47: error: two or more data types in declaration of ‘parameter’
 __MPFR_DECLSPEC int  mpfr_strtofr _MPFR_PROTO ((mpfr_ptr, __gmp_const char *,
                                               ^
/home/bernard/Xilinx/Vitis_HLS/2022.1/include/mpfr.h:715:48: error: expected ‘)’ before ‘,’ token
 __MPFR_DECLSPEC int  mpfr_strtofr _MPFR_PROTO ((mpfr_ptr, __gmp_const char *,
                   ~                            ^
                                                )
/home/bernard/Xilinx/Vitis_HLS/2022.1/include/mpfr.h:715:50: error: expected unqualified-id before ‘char’
 __MPFR_DECLSPEC int  mpfr_strtofr _MPFR_PROTO ((mpfr_ptr, __gmp_const char *,
                                                  ^~~~
/home/bernard/Xilinx/Vitis_HLS/2022.1/include/mpfr.h:720:38: error: ‘mpfr_srcptr’ was not declared in this scope
 __MPFR_DECLSPEC void * mpfr_custom_get_significand _MPFR_PROTO ((mpfr_srcptr));
                                      ^~~~~~~~~~~
/home/bernard/Xilinx/Vitis_HLS/2022.1/include/mpfr.h:720:38: note: suggested alternative: ‘mpf_srcptr’
 __MPFR_DECLSPEC void * mpfr_custom_get_significand _MPFR_PROTO ((mpfr_srcptr));
                                      ^~~~~~~~~~~
                                      mpf_srcptr
/home/bernard/Xilinx/Vitis_HLS/2022.1/include/mpfr.h:721:34: error: ‘mpfr_srcptr’ was not declared in this scope
 __MPFR_DECLSPEC mpfr_exp_t mpfr_custom_get_exp  _MPFR_PROTO ((mpfr_srcptr));
                                  ^~~~~~~~~~~
/home/bernard/Xilinx/Vitis_HLS/2022.1/include/mpfr.h:721:34: note: suggested alternative: ‘mpf_srcptr’
 __MPFR_DECLSPEC mpfr_exp_t mpfr_custom_get_exp  _MPFR_PROTO ((mpfr_srcptr));
                                  ^~~~~~~~~~~
                                  mpf_srcptr
/home/bernard/Xilinx/Vitis_HLS/2022.1/include/mpfr.h:725:28: error: ‘mpfr_srcptr’ was not declared in this scope
 __MPFR_DECLSPEC int    mpfr_custom_get_kind   _MPFR_PROTO ((mpfr_srcptr));
                            ^~~~~~~~~~~
/home/bernard/Xilinx/Vitis_HLS/2022.1/include/mpfr.h:725:28: note: suggested alternative: ‘mpf_srcptr’
 __MPFR_DECLSPEC int    mpfr_custom_get_kind   _MPFR_PROTO ((mpfr_srcptr));
                            ^~~~~~~~~~~
                            mpf_srcptr
In file included from /home/bernard/Xilinx/Vitis_HLS/2022.1/include/hls_fpo.h:189,
                 from /home/bernard/Xilinx/Vitis_HLS/2022.1/include/hls_half_fpo.h:64,
                 from /home/bernard/Xilinx/Vitis_HLS/2022.1/include/hls_half.h:71,
                 from /home/bernard/Xilinx/Vitis_HLS/2022.1/include/etc/ap_private.h:98,
                 from /home/bernard/Xilinx/Vitis_HLS/2022.1/include/ap_common.h:710,
                 from /home/bernard/Xilinx/Vitis_HLS/2022.1/include/ap_int.h:56,
                 from /home/bernard/book-2022.1/new_book_ip/rv32i_npp_ip/rv32i_npp_ip.h:3,
                 from /home/bernard/book-2022.1/new_book_ip/rv32i_npp_ip/fetch.cpp:2:
/home/bernard/Xilinx/Vitis_HLS/2022.1/include/floating_point_v7_0_bitacc_cmodel.h:246:45: error: ‘mpfr_srcptr’ has not been declared
 __XIP_FPO_DLL xip_fpo_exc_t xip_fpo_set_fr      (xip_fpo_ptr, mpfr_srcptr);
                                             ^~~~~~~~~~~
/home/bernard/Xilinx/Vitis_HLS/2022.1/include/floating_point_v7_0_bitacc_cmodel.h:247:53: error: ‘mpfr_srcptr’ has not been declared
 __XIP_FPO_DLL xip_fpo_exc_t xip_fpo_fix_set_fr  (xip_fpo_fix_ptr, mpfr_srcptr);
                                                     ^~~~~~~~~~~
make: *** [obj/fetch.cpp_pre.cpp.tb.o] Error 1
