Tue Sep 10 19:04:51 2024: Running xcd server. This server was built by gradle.
Tue Sep 10 19:04:51 2024: Server was asked to start on port: '32957'
Tue Sep 10 19:04:51 2024: Server is using token UUID: 'debae3dc-74da-48e9-89b2-b9c9de8bb441'
Tue Sep 10 19:04:51 2024: SESSION_MGR: creating session with session uuid: '6d04a3e9-ade5-4ab9-8d63-1f78fcd2ec76' and name 'default'
Tue Sep 10 19:04:51 2024: Attempting to start server on port '32957'
Tue Sep 10 19:04:51 2024: XCD main fifo: created main fifo '/tmp/xcdmaindebae3dc-74da-48e9-89b2-b9c9de8bb441', fd read = 13
Tue Sep 10 19:04:51 2024: Running Dispatch Server
Tue Sep 10 19:04:51 2024: Version 2.2.0
Tue Sep 10 19:04:53 2024: Dispatch Server: Accepted socket connection from client
Tue Sep 10 19:04:53 2024: Starting Socket connection
Tue Sep 10 19:04:53 2024: EXCHANGE_TOKEN received, server token: debae3dc-74da-48e9-89b2-b9c9de8bb441, passed token: debae3dc-74da-48e9-89b2-b9c9de8bb441
Tue Sep 10 19:04:53 2024: DISPATCH_HANDLER: Adding handler from function makeHandler in library libxv_system_diagram
Tue Sep 10 19:04:53 2024: SESSION_MGR: creating session with session uuid: 'f37d9710-5bc2-4306-b9c7-7ca5dcdd569e' and name 'vitis-run_compile_multicycle_pipeline_ip'
Tue Sep 10 19:04:53 2024: KERNEL_SVC: creating session with uuid: 'f37d9710-5bc2-4306-b9c7-7ca5dcdd569e' and name 'vitis-run_compile_multicycle_pipeline_ip'
Tue Sep 10 19:04:53 2024: GUIDANCE_SMGR: creating guidance session with uuid: 'f37d9710-5bc2-4306-b9c7-7ca5dcdd569e' and name 'vitis-run_compile_multicycle_pipeline_ip'
Tue Sep 10 19:04:53 2024: SYSTEM_DIAGRAM: creating session with uuid: 'f37d9710-5bc2-4306-b9c7-7ca5dcdd569e' and name 'vitis-run_compile_multicycle_pipeline_ip'
Tue Sep 10 19:04:57 2024: Dispatch Server: Accepted socket connection from client
Tue Sep 10 19:04:57 2024: Starting Socket connection
Tue Sep 10 19:05:20 2024: SESSION_MGR: closing session for UUID 'f37d9710-5bc2-4306-b9c7-7ca5dcdd569e' with name 'vitis-run_compile_multicycle_pipeline_ip'
Tue Sep 10 19:05:20 2024: KERNEL_SVC: closing session for UUID 'f37d9710-5bc2-4306-b9c7-7ca5dcdd569e' with name 'vitis-run_compile_multicycle_pipeline_ip'
Tue Sep 10 19:05:20 2024: GUIDANCE_SMGR: closing session for UUID 'f37d9710-5bc2-4306-b9c7-7ca5dcdd569e' with name 'vitis-run_compile_multicycle_pipeline_ip'
Tue Sep 10 19:05:20 2024: SYSTEM_DIAGRAM: closing session for UUID 'f37d9710-5bc2-4306-b9c7-7ca5dcdd569e' with name 'vitis-run_compile_multicycle_pipeline_ip'
Tue Sep 10 19:05:20 2024: STOP_SERVER received, server token: debae3dc-74da-48e9-89b2-b9c9de8bb441, passed token: debae3dc-74da-48e9-89b2-b9c9de8bb441
Tue Sep 10 19:05:20 2024: Socket received request to stop server.
Tue Sep 10 19:05:20 2024: Dispatch Server: do_await_stop
Tue Sep 10 19:05:20 2024: Dispatch Server: stopping mainFifo_
Tue Sep 10 19:05:20 2024: XCD main fifo: Stopping
Tue Sep 10 19:05:20 2024: XCD main fifo: do_read error code: Operation canceled
Tue Sep 10 19:05:20 2024: XCD main fifo: bytes_transferred: 0
Tue Sep 10 19:05:20 2024: SERVER: destructor for server bound to port 32957
Tue Sep 10 19:05:20 2024: XCD main fifo: Good unlink of /tmp/xcdmaindebae3dc-74da-48e9-89b2-b9c9de8bb441
Tue Sep 10 19:05:20 2024: Server exiting with status 0.
Tue Sep 10 19:05:20 2024: Closing log file.
Tue Sep 10 19:06:20 2024: Running xcd server. This server was built by gradle.
Tue Sep 10 19:06:20 2024: Server was asked to start on port: '46741'
Tue Sep 10 19:06:20 2024: Server is using token UUID: '33a26ca5-d160-41c6-bcc8-157f8327f40e'
Tue Sep 10 19:06:20 2024: SESSION_MGR: creating session with session uuid: '6d04a3e9-ade5-4ab9-8d63-1f78fcd2ec76' and name 'default'
Tue Sep 10 19:06:20 2024: Attempting to start server on port '46741'
Tue Sep 10 19:06:20 2024: XCD main fifo: created main fifo '/tmp/xcdmain33a26ca5-d160-41c6-bcc8-157f8327f40e', fd read = 13
Tue Sep 10 19:06:20 2024: Running Dispatch Server
Tue Sep 10 19:06:20 2024: Version 2.2.0
Tue Sep 10 19:06:21 2024: Dispatch Server: Accepted socket connection from client
Tue Sep 10 19:06:21 2024: Starting Socket connection
Tue Sep 10 19:06:21 2024: EXCHANGE_TOKEN received, server token: 33a26ca5-d160-41c6-bcc8-157f8327f40e, passed token: 33a26ca5-d160-41c6-bcc8-157f8327f40e
Tue Sep 10 19:06:22 2024: DISPATCH_HANDLER: Adding handler from function makeHandler in library libxv_system_diagram
Tue Sep 10 19:06:22 2024: SESSION_MGR: creating session with session uuid: '52faebeb-6677-4d9a-9bf4-e8bb16324f4a' and name 'vitis-run_compile_multicycle_pipeline_ip'
Tue Sep 10 19:06:22 2024: KERNEL_SVC: creating session with uuid: '52faebeb-6677-4d9a-9bf4-e8bb16324f4a' and name 'vitis-run_compile_multicycle_pipeline_ip'
Tue Sep 10 19:06:22 2024: GUIDANCE_SMGR: creating guidance session with uuid: '52faebeb-6677-4d9a-9bf4-e8bb16324f4a' and name 'vitis-run_compile_multicycle_pipeline_ip'
Tue Sep 10 19:06:22 2024: SYSTEM_DIAGRAM: creating session with uuid: '52faebeb-6677-4d9a-9bf4-e8bb16324f4a' and name 'vitis-run_compile_multicycle_pipeline_ip'
Tue Sep 10 19:06:26 2024: Dispatch Server: Accepted socket connection from client
Tue Sep 10 19:06:26 2024: Starting Socket connection
Tue Sep 10 19:06:28 2024: SESSION_MGR: closing session for UUID '52faebeb-6677-4d9a-9bf4-e8bb16324f4a' with name 'vitis-run_compile_multicycle_pipeline_ip'
Tue Sep 10 19:06:28 2024: KERNEL_SVC: closing session for UUID '52faebeb-6677-4d9a-9bf4-e8bb16324f4a' with name 'vitis-run_compile_multicycle_pipeline_ip'
Tue Sep 10 19:06:28 2024: GUIDANCE_SMGR: closing session for UUID '52faebeb-6677-4d9a-9bf4-e8bb16324f4a' with name 'vitis-run_compile_multicycle_pipeline_ip'
Tue Sep 10 19:06:28 2024: SYSTEM_DIAGRAM: closing session for UUID '52faebeb-6677-4d9a-9bf4-e8bb16324f4a' with name 'vitis-run_compile_multicycle_pipeline_ip'
Tue Sep 10 19:06:28 2024: STOP_SERVER received, server token: 33a26ca5-d160-41c6-bcc8-157f8327f40e, passed token: 33a26ca5-d160-41c6-bcc8-157f8327f40e
Tue Sep 10 19:06:28 2024: Socket received request to stop server.
Tue Sep 10 19:06:28 2024: Dispatch Server: do_await_stop
Tue Sep 10 19:06:28 2024: Dispatch Server: stopping mainFifo_
Tue Sep 10 19:06:28 2024: XCD main fifo: Stopping
Tue Sep 10 19:06:28 2024: XCD main fifo: do_read error code: Operation canceled
Tue Sep 10 19:06:28 2024: XCD main fifo: bytes_transferred: 0
Tue Sep 10 19:06:28 2024: SERVER: destructor for server bound to port 46741
Tue Sep 10 19:06:28 2024: XCD main fifo: Good unlink of /tmp/xcdmain33a26ca5-d160-41c6-bcc8-157f8327f40e
Tue Sep 10 19:06:28 2024: Server exiting with status 0.
Tue Sep 10 19:06:28 2024: Closing log file.
Tue Sep 10 19:08:44 2024: Running xcd server. This server was built by gradle.
Tue Sep 10 19:08:44 2024: Server was asked to start on port: '36927'
Tue Sep 10 19:08:44 2024: Server is using token UUID: '4a2e86ba-6ee6-4d91-8670-b851cc29c0b1'
Tue Sep 10 19:08:44 2024: SESSION_MGR: creating session with session uuid: '6d04a3e9-ade5-4ab9-8d63-1f78fcd2ec76' and name 'default'
Tue Sep 10 19:08:44 2024: Attempting to start server on port '36927'
Tue Sep 10 19:08:44 2024: XCD main fifo: created main fifo '/tmp/xcdmain4a2e86ba-6ee6-4d91-8670-b851cc29c0b1', fd read = 13
Tue Sep 10 19:08:44 2024: Running Dispatch Server
Tue Sep 10 19:08:44 2024: Version 2.2.0
Tue Sep 10 19:08:46 2024: Dispatch Server: Accepted socket connection from client
Tue Sep 10 19:08:46 2024: Starting Socket connection
Tue Sep 10 19:08:46 2024: EXCHANGE_TOKEN received, server token: 4a2e86ba-6ee6-4d91-8670-b851cc29c0b1, passed token: 4a2e86ba-6ee6-4d91-8670-b851cc29c0b1
Tue Sep 10 19:08:46 2024: DISPATCH_HANDLER: Adding handler from function makeHandler in library libxv_system_diagram
Tue Sep 10 19:08:46 2024: SESSION_MGR: creating session with session uuid: '6c8c727f-ec23-427d-a180-e0f4a7bf2ab0' and name 'vitis-run_compile_multicycle_pipeline_ip'
Tue Sep 10 19:08:46 2024: KERNEL_SVC: creating session with uuid: '6c8c727f-ec23-427d-a180-e0f4a7bf2ab0' and name 'vitis-run_compile_multicycle_pipeline_ip'
Tue Sep 10 19:08:46 2024: GUIDANCE_SMGR: creating guidance session with uuid: '6c8c727f-ec23-427d-a180-e0f4a7bf2ab0' and name 'vitis-run_compile_multicycle_pipeline_ip'
Tue Sep 10 19:08:46 2024: SYSTEM_DIAGRAM: creating session with uuid: '6c8c727f-ec23-427d-a180-e0f4a7bf2ab0' and name 'vitis-run_compile_multicycle_pipeline_ip'
Tue Sep 10 19:08:50 2024: Dispatch Server: Accepted socket connection from client
Tue Sep 10 19:08:50 2024: Starting Socket connection
Tue Sep 10 19:08:52 2024: SESSION_MGR: closing session for UUID '6c8c727f-ec23-427d-a180-e0f4a7bf2ab0' with name 'vitis-run_compile_multicycle_pipeline_ip'
Tue Sep 10 19:08:52 2024: KERNEL_SVC: closing session for UUID '6c8c727f-ec23-427d-a180-e0f4a7bf2ab0' with name 'vitis-run_compile_multicycle_pipeline_ip'
Tue Sep 10 19:08:52 2024: GUIDANCE_SMGR: closing session for UUID '6c8c727f-ec23-427d-a180-e0f4a7bf2ab0' with name 'vitis-run_compile_multicycle_pipeline_ip'
Tue Sep 10 19:08:52 2024: SYSTEM_DIAGRAM: closing session for UUID '6c8c727f-ec23-427d-a180-e0f4a7bf2ab0' with name 'vitis-run_compile_multicycle_pipeline_ip'
Tue Sep 10 19:08:52 2024: STOP_SERVER received, server token: 4a2e86ba-6ee6-4d91-8670-b851cc29c0b1, passed token: 4a2e86ba-6ee6-4d91-8670-b851cc29c0b1
Tue Sep 10 19:08:52 2024: Socket received request to stop server.
Tue Sep 10 19:08:52 2024: Dispatch Server: do_await_stop
Tue Sep 10 19:08:52 2024: Dispatch Server: stopping mainFifo_
Tue Sep 10 19:08:52 2024: XCD main fifo: Stopping
Tue Sep 10 19:08:52 2024: XCD main fifo: do_read error code: Operation canceled
Tue Sep 10 19:08:52 2024: XCD main fifo: bytes_transferred: 0
Tue Sep 10 19:08:52 2024: SERVER: destructor for server bound to port 36927
Tue Sep 10 19:08:52 2024: XCD main fifo: Good unlink of /tmp/xcdmain4a2e86ba-6ee6-4d91-8670-b851cc29c0b1
Tue Sep 10 19:08:52 2024: Server exiting with status 0.
Tue Sep 10 19:08:52 2024: Closing log file.
Tue Sep 10 19:09:17 2024: Running xcd server. This server was built by gradle.
Tue Sep 10 19:09:17 2024: Server was asked to start on port: '38777'
Tue Sep 10 19:09:17 2024: Server is using token UUID: 'e098852b-5594-4601-a252-832427d8cdfe'
Tue Sep 10 19:09:17 2024: SESSION_MGR: creating session with session uuid: '6d04a3e9-ade5-4ab9-8d63-1f78fcd2ec76' and name 'default'
Tue Sep 10 19:09:17 2024: Attempting to start server on port '38777'
Tue Sep 10 19:09:17 2024: XCD main fifo: created main fifo '/tmp/xcdmaine098852b-5594-4601-a252-832427d8cdfe', fd read = 13
Tue Sep 10 19:09:17 2024: Running Dispatch Server
Tue Sep 10 19:09:17 2024: Version 2.2.0
Tue Sep 10 19:09:18 2024: Dispatch Server: Accepted socket connection from client
Tue Sep 10 19:09:18 2024: Starting Socket connection
Tue Sep 10 19:09:18 2024: EXCHANGE_TOKEN received, server token: e098852b-5594-4601-a252-832427d8cdfe, passed token: e098852b-5594-4601-a252-832427d8cdfe
Tue Sep 10 19:09:18 2024: DISPATCH_HANDLER: Adding handler from function makeHandler in library libxv_system_diagram
Tue Sep 10 19:09:18 2024: SESSION_MGR: creating session with session uuid: '6886ebef-5eaa-4437-8cc8-de2461681949' and name 'v++_compile_multicycle_pipeline_ip'
Tue Sep 10 19:09:18 2024: KERNEL_SVC: creating session with uuid: '6886ebef-5eaa-4437-8cc8-de2461681949' and name 'v++_compile_multicycle_pipeline_ip'
Tue Sep 10 19:09:18 2024: GUIDANCE_SMGR: creating guidance session with uuid: '6886ebef-5eaa-4437-8cc8-de2461681949' and name 'v++_compile_multicycle_pipeline_ip'
Tue Sep 10 19:09:18 2024: SYSTEM_DIAGRAM: creating session with uuid: '6886ebef-5eaa-4437-8cc8-de2461681949' and name 'v++_compile_multicycle_pipeline_ip'
Tue Sep 10 19:09:23 2024: Dispatch Server: Accepted socket connection from client
Tue Sep 10 19:09:23 2024: Starting Socket connection
Tue Sep 10 19:10:39 2024: SESSION_MGR: closing session for UUID '6886ebef-5eaa-4437-8cc8-de2461681949' with name 'v++_compile_multicycle_pipeline_ip'
Tue Sep 10 19:10:39 2024: KERNEL_SVC: closing session for UUID '6886ebef-5eaa-4437-8cc8-de2461681949' with name 'v++_compile_multicycle_pipeline_ip'
Tue Sep 10 19:10:39 2024: GUIDANCE_SMGR: closing session for UUID '6886ebef-5eaa-4437-8cc8-de2461681949' with name 'v++_compile_multicycle_pipeline_ip'
Tue Sep 10 19:10:39 2024: SYSTEM_DIAGRAM: closing session for UUID '6886ebef-5eaa-4437-8cc8-de2461681949' with name 'v++_compile_multicycle_pipeline_ip'
Tue Sep 10 19:10:39 2024: STOP_SERVER received, server token: e098852b-5594-4601-a252-832427d8cdfe, passed token: e098852b-5594-4601-a252-832427d8cdfe
Tue Sep 10 19:10:39 2024: Socket received request to stop server.
Tue Sep 10 19:10:39 2024: Dispatch Server: do_await_stop
Tue Sep 10 19:10:39 2024: Dispatch Server: stopping mainFifo_
Tue Sep 10 19:10:39 2024: XCD main fifo: Stopping
Tue Sep 10 19:10:39 2024: XCD main fifo: do_read error code: Operation canceled
Tue Sep 10 19:10:39 2024: XCD main fifo: bytes_transferred: 0
Tue Sep 10 19:10:39 2024: SERVER: destructor for server bound to port 38777
Tue Sep 10 19:10:39 2024: XCD main fifo: Good unlink of /tmp/xcdmaine098852b-5594-4601-a252-832427d8cdfe
Tue Sep 10 19:10:39 2024: Server exiting with status 0.
Tue Sep 10 19:10:39 2024: Closing log file.
Tue Sep 10 19:10:49 2024: Running xcd server. This server was built by gradle.
Tue Sep 10 19:10:49 2024: Server was asked to start on port: '39715'
Tue Sep 10 19:10:49 2024: Server is using token UUID: 'e0cbe9a4-bd3d-41bd-872a-fa8ff522fd4a'
Tue Sep 10 19:10:49 2024: SESSION_MGR: creating session with session uuid: '6d04a3e9-ade5-4ab9-8d63-1f78fcd2ec76' and name 'default'
Tue Sep 10 19:10:49 2024: Attempting to start server on port '39715'
Tue Sep 10 19:10:49 2024: XCD main fifo: created main fifo '/tmp/xcdmaine0cbe9a4-bd3d-41bd-872a-fa8ff522fd4a', fd read = 13
Tue Sep 10 19:10:49 2024: Running Dispatch Server
Tue Sep 10 19:10:49 2024: Version 2.2.0
Tue Sep 10 19:10:50 2024: Dispatch Server: Accepted socket connection from client
Tue Sep 10 19:10:50 2024: Starting Socket connection
Tue Sep 10 19:10:50 2024: EXCHANGE_TOKEN received, server token: e0cbe9a4-bd3d-41bd-872a-fa8ff522fd4a, passed token: e0cbe9a4-bd3d-41bd-872a-fa8ff522fd4a
Tue Sep 10 19:10:50 2024: DISPATCH_HANDLER: Adding handler from function makeHandler in library libxv_system_diagram
Tue Sep 10 19:10:50 2024: SESSION_MGR: creating session with session uuid: '17802a73-627b-4c52-88ab-bcb86a933fa2' and name 'vitis-run_compile_multicycle_pipeline_ip'
Tue Sep 10 19:10:50 2024: KERNEL_SVC: creating session with uuid: '17802a73-627b-4c52-88ab-bcb86a933fa2' and name 'vitis-run_compile_multicycle_pipeline_ip'
Tue Sep 10 19:10:50 2024: GUIDANCE_SMGR: creating guidance session with uuid: '17802a73-627b-4c52-88ab-bcb86a933fa2' and name 'vitis-run_compile_multicycle_pipeline_ip'
Tue Sep 10 19:10:50 2024: SYSTEM_DIAGRAM: creating session with uuid: '17802a73-627b-4c52-88ab-bcb86a933fa2' and name 'vitis-run_compile_multicycle_pipeline_ip'
Tue Sep 10 19:10:55 2024: Dispatch Server: Accepted socket connection from client
Tue Sep 10 19:10:55 2024: Starting Socket connection
Tue Sep 10 19:11:29 2024: SESSION_MGR: closing session for UUID '17802a73-627b-4c52-88ab-bcb86a933fa2' with name 'vitis-run_compile_multicycle_pipeline_ip'
Tue Sep 10 19:11:29 2024: KERNEL_SVC: closing session for UUID '17802a73-627b-4c52-88ab-bcb86a933fa2' with name 'vitis-run_compile_multicycle_pipeline_ip'
Tue Sep 10 19:11:29 2024: GUIDANCE_SMGR: closing session for UUID '17802a73-627b-4c52-88ab-bcb86a933fa2' with name 'vitis-run_compile_multicycle_pipeline_ip'
Tue Sep 10 19:11:29 2024: SYSTEM_DIAGRAM: closing session for UUID '17802a73-627b-4c52-88ab-bcb86a933fa2' with name 'vitis-run_compile_multicycle_pipeline_ip'
Tue Sep 10 19:11:29 2024: STOP_SERVER received, server token: e0cbe9a4-bd3d-41bd-872a-fa8ff522fd4a, passed token: e0cbe9a4-bd3d-41bd-872a-fa8ff522fd4a
Tue Sep 10 19:11:29 2024: Socket received request to stop server.
Tue Sep 10 19:11:29 2024: Dispatch Server: do_await_stop
Tue Sep 10 19:11:29 2024: Dispatch Server: stopping mainFifo_
Tue Sep 10 19:11:29 2024: XCD main fifo: Stopping
Tue Sep 10 19:11:29 2024: XCD main fifo: do_read error code: Operation canceled
Tue Sep 10 19:11:29 2024: XCD main fifo: bytes_transferred: 0
Tue Sep 10 19:11:29 2024: SERVER: destructor for server bound to port 39715
Tue Sep 10 19:11:29 2024: XCD main fifo: Good unlink of /tmp/xcdmaine0cbe9a4-bd3d-41bd-872a-fa8ff522fd4a
Tue Sep 10 19:11:29 2024: Server exiting with status 0.
Tue Sep 10 19:11:29 2024: Closing log file.
