Copyright 1986-2021 Xilinx, Inc. All Rights Reserved.
-------------------------------------------------------------------------------------------------------------------------------------------------------------------------------------------------------------------------------------
| Tool Version     : Vivado v.2021.2 (lin64) Build 3367213 Tue Oct 19 02:47:39 MDT 2021
| Date             : Sun Feb 27 08:07:20 2022
| Host             : bernard-Precision-5530 running 64-bit Ubuntu 16.04.7 LTS
| Command          : report_power -file design_1_multicore_multicycle_wrapper_power_routed.rpt -pb design_1_multicore_multicycle_wrapper_power_summary_routed.pb -rpx design_1_multicore_multicycle_wrapper_power_routed.rpx
| Design           : design_1_multicore_multicycle_wrapper
| Device           : xc7z020clg400-1
| Design State     : routed
| Grade            : commercial
| Process          : typical
| Characterization : Production
-------------------------------------------------------------------------------------------------------------------------------------------------------------------------------------------------------------------------------------

Power Report

Table of Contents
-----------------
1. Summary
1.1 On-Chip Components
1.2 Power Supply Summary
1.3 Confidence Level
2. Settings
2.1 Environment
2.2 Clock Constraints
3. Detailed Reports
3.1 By Hierarchy

1. Summary
----------

+--------------------------+--------------+
| Total On-Chip Power (W)  | 1.479        |
| Design Power Budget (W)  | Unspecified* |
| Power Budget Margin (W)  | NA           |
| Dynamic (W)              | 1.334        |
| Device Static (W)        | 0.145        |
| Effective TJA (C/W)      | 11.5         |
| Max Ambient (C)          | 67.9         |
| Junction Temperature (C) | 42.1         |
| Confidence Level         | Low          |
| Setting File             | ---          |
| Simulation Activity File | ---          |
| Design Nets Matched      | NA           |
+--------------------------+--------------+
* Specify Design Power Budget using, set_operating_conditions -design_power_budget <value in Watts>


1.1 On-Chip Components
----------------------

+-------------------------+-----------+----------+-----------+-----------------+
| On-Chip                 | Power (W) | Used     | Available | Utilization (%) |
+-------------------------+-----------+----------+-----------+-----------------+
| Clocks                  |     0.018 |        3 |       --- |             --- |
| Slice Logic             |     0.008 |    14420 |       --- |             --- |
|   LUT as Logic          |     0.007 |     5920 |     53200 |           11.13 |
|   CARRY4                |    <0.001 |      305 |     13300 |            2.29 |
|   Register              |    <0.001 |     6135 |    106400 |            5.77 |
|   F7/F8 Muxes           |    <0.001 |       37 |     53200 |            0.07 |
|   LUT as Shift Register |    <0.001 |      188 |     17400 |            1.08 |
|   Others                |     0.000 |      378 |       --- |             --- |
| Signals                 |     0.012 |    11615 |       --- |             --- |
| Block RAM               |     0.037 |       65 |       140 |           46.43 |
| I/O                     |     0.002 |        8 |       125 |            6.40 |
| PS7                     |     1.256 |        1 |       --- |             --- |
| Static Power            |     0.145 |          |           |                 |
| Total                   |     1.479 |          |           |                 |
+-------------------------+-----------+----------+-----------+-----------------+


1.2 Power Supply Summary
------------------------

+-----------+-------------+-----------+-------------+------------+-------------+-------------+------------+
| Source    | Voltage (V) | Total (A) | Dynamic (A) | Static (A) | Powerup (A) | Budget (A)  | Margin (A) |
+-----------+-------------+-----------+-------------+------------+-------------+-------------+------------+
| Vccint    |       1.000 |     0.088 |       0.072 |      0.015 |       NA    | Unspecified | NA         |
| Vccaux    |       1.800 |     0.014 |       0.000 |      0.014 |       NA    | Unspecified | NA         |
| Vcco33    |       3.300 |     0.002 |       0.001 |      0.001 |       NA    | Unspecified | NA         |
| Vcco25    |       2.500 |     0.000 |       0.000 |      0.000 |       NA    | Unspecified | NA         |
| Vcco18    |       1.800 |     0.000 |       0.000 |      0.000 |       NA    | Unspecified | NA         |
| Vcco15    |       1.500 |     0.000 |       0.000 |      0.000 |       NA    | Unspecified | NA         |
| Vcco135   |       1.350 |     0.000 |       0.000 |      0.000 |       NA    | Unspecified | NA         |
| Vcco12    |       1.200 |     0.000 |       0.000 |      0.000 |       NA    | Unspecified | NA         |
| Vccaux_io |       1.800 |     0.000 |       0.000 |      0.000 |       NA    | Unspecified | NA         |
| Vccbram   |       1.000 |     0.008 |       0.003 |      0.005 |       NA    | Unspecified | NA         |
| MGTAVcc   |       1.000 |     0.000 |       0.000 |      0.000 |       NA    | Unspecified | NA         |
| MGTAVtt   |       1.200 |     0.000 |       0.000 |      0.000 |       NA    | Unspecified | NA         |
| MGTVccaux |       1.800 |     0.000 |       0.000 |      0.000 |       NA    | Unspecified | NA         |
| Vccpint   |       1.000 |     0.675 |       0.647 |      0.028 |       NA    | Unspecified | NA         |
| Vccpaux   |       1.800 |     0.036 |       0.026 |      0.010 |       NA    | Unspecified | NA         |
| Vccpll    |       1.800 |     0.017 |       0.014 |      0.003 |       NA    | Unspecified | NA         |
| Vcco_ddr  |       1.500 |     0.354 |       0.352 |      0.002 |       NA    | Unspecified | NA         |
| Vcco_mio0 |       3.300 |     0.003 |       0.002 |      0.001 |       NA    | Unspecified | NA         |
| Vcco_mio1 |       1.800 |     0.003 |       0.002 |      0.001 |       NA    | Unspecified | NA         |
| Vccadc    |       1.800 |     0.020 |       0.000 |      0.020 |       NA    | Unspecified | NA         |
+-----------+-------------+-----------+-------------+------------+-------------+-------------+------------+


1.3 Confidence Level
--------------------

+-----------------------------+------------+--------------------------------------------------------+------------------------------------------------------------------------------------------------------------+
| User Input Data             | Confidence | Details                                                | Action                                                                                                     |
+-----------------------------+------------+--------------------------------------------------------+------------------------------------------------------------------------------------------------------------+
| Design implementation state | High       | Design is routed                                       |                                                                                                            |
| Clock nodes activity        | High       | User specified more than 95% of clocks                 |                                                                                                            |
| I/O nodes activity          | Low        | More than 75% of inputs are missing user specification | Provide missing input activity with simulation results or by editing the "By Resource Type -> I/Os" view   |
| Internal nodes activity     | Medium     | User specified less than 25% of internal nodes         | Provide missing internal nodes activity with simulation results or by editing the "By Resource Type" views |
| Device models               | High       | Device models are Production                           |                                                                                                            |
|                             |            |                                                        |                                                                                                            |
| Overall confidence level    | Low        |                                                        |                                                                                                            |
+-----------------------------+------------+--------------------------------------------------------+------------------------------------------------------------------------------------------------------------+


2. Settings
-----------

2.1 Environment
---------------

+-----------------------+------------------------+
| Ambient Temp (C)      | 25.0                   |
| ThetaJA (C/W)         | 11.5                   |
| Airflow (LFM)         | 250                    |
| Heat Sink             | none                   |
| ThetaSA (C/W)         | 0.0                    |
| Board Selection       | medium (10"x10")       |
| # of Board Layers     | 8to11 (8 to 11 Layers) |
| Board Temperature (C) | 25.0                   |
+-----------------------+------------------------+


2.2 Clock Constraints
---------------------

+------------+----------------------------------------------------------------------------------+-----------------+
| Clock      | Domain                                                                           | Constraint (ns) |
+------------+----------------------------------------------------------------------------------+-----------------+
| clk_fpga_0 | design_1_multicore_multicycle_i/processing_system7_0/inst/FCLK_CLK_unbuffered[0] |            10.0 |
+------------+----------------------------------------------------------------------------------+-----------------+


3. Detailed Reports
-------------------

3.1 By Hierarchy
----------------

+---------------------------------------+-----------+
| Name                                  | Power (W) |
+---------------------------------------+-----------+
| design_1_multicore_multicycle_wrapper |     1.334 |
|   design_1_multicore_multicycle_i     |     1.331 |
|     axi_interconnect_0                |     0.009 |
|       s00_couplers                    |     0.003 |
|       s01_couplers                    |     0.004 |
|       xbar                            |     0.002 |
|     blk_mem_gen_0                     |     0.016 |
|       U0                              |     0.016 |
|     multicycle_pipeline_0             |     0.049 |
|       inst                            |     0.049 |
|     processing_system7_0              |     1.256 |
|       inst                            |     1.256 |
+---------------------------------------+-----------+


