/home/goossens/goossens-book-ip-projects/2024.1/simple_pipeline_ip/workspace/hls_component/simple_pipeline_ip/hls/.autopilot/db/execute_wb.pp.0.cpp:1317:7: warning: Added loop label VITIS_LOOP_1223_1:   [xilinx-label-all-loops]
      for (i = 0; i < __N - 1; ++i) {
      ^~~
      VITIS_LOOP_1223_1: 
/home/goossens/goossens-book-ip-projects/2024.1/simple_pipeline_ip/workspace/hls_component/simple_pipeline_ip/hls/.autopilot/db/execute_wb.pp.0.cpp:1317:7: note: FIX-IT applied suggested code changes
/home/goossens/goossens-book-ip-projects/2024.1/simple_pipeline_ip/workspace/hls_component/simple_pipeline_ip/hls/.autopilot/db/execute_wb.pp.0.cpp:2291:5: warning: Added loop label VITIS_LOOP_676_1:   [xilinx-label-all-loops]
    for (unsigned i = low; i != high; ++i) {
    ^~~
    VITIS_LOOP_676_1: 
/home/goossens/goossens-book-ip-projects/2024.1/simple_pipeline_ip/workspace/hls_component/simple_pipeline_ip/hls/.autopilot/db/execute_wb.pp.0.cpp:2291:5: note: FIX-IT applied suggested code changes
/home/goossens/goossens-book-ip-projects/2024.1/simple_pipeline_ip/workspace/hls_component/simple_pipeline_ip/hls/.autopilot/db/execute_wb.pp.0.cpp:2305:5: warning: Added loop label VITIS_LOOP_690_1:   [xilinx-label-all-loops]
    for (unsigned i = low; i != high; ++i) {
    ^~~
    VITIS_LOOP_690_1: 
/home/goossens/goossens-book-ip-projects/2024.1/simple_pipeline_ip/workspace/hls_component/simple_pipeline_ip/hls/.autopilot/db/execute_wb.pp.0.cpp:2305:5: note: FIX-IT applied suggested code changes
/home/goossens/goossens-book-ip-projects/2024.1/simple_pipeline_ip/workspace/hls_component/simple_pipeline_ip/hls/.autopilot/db/execute_wb.pp.0.cpp:2319:5: warning: Added loop label VITIS_LOOP_704_1:   [xilinx-label-all-loops]
    for (unsigned i = low; i != high; ++i) {
    ^~~
    VITIS_LOOP_704_1: 
/home/goossens/goossens-book-ip-projects/2024.1/simple_pipeline_ip/workspace/hls_component/simple_pipeline_ip/hls/.autopilot/db/execute_wb.pp.0.cpp:2319:5: note: FIX-IT applied suggested code changes
/home/goossens/goossens-book-ip-projects/2024.1/simple_pipeline_ip/workspace/hls_component/simple_pipeline_ip/hls/.autopilot/db/execute_wb.pp.0.cpp:3948:7: warning: Added loop label VITIS_LOOP_1247_1:   [xilinx-label-all-loops]
      for (i = 0; i < __N - 1; ++i) {
      ^~~
      VITIS_LOOP_1247_1: 
/home/goossens/goossens-book-ip-projects/2024.1/simple_pipeline_ip/workspace/hls_component/simple_pipeline_ip/hls/.autopilot/db/execute_wb.pp.0.cpp:3948:7: note: FIX-IT applied suggested code changes
