Wed Oct  9 17:33:39 2024: Running xcd server. This server was built by gradle.
Wed Oct  9 17:33:39 2024: Server was asked to start on port: '41191'
Wed Oct  9 17:33:39 2024: Server is using token UUID: 'ce816436-9223-4804-b727-7ecf7c808dab'
Wed Oct  9 17:33:39 2024: SESSION_MGR: creating session with session uuid: '6d04a3e9-ade5-4ab9-8d63-1f78fcd2ec76' and name 'default'
Wed Oct  9 17:33:39 2024: Attempting to start server on port '41191'
Wed Oct  9 17:33:39 2024: XCD main fifo: created main fifo '/tmp/xcdmaince816436-9223-4804-b727-7ecf7c808dab', fd read = 13
Wed Oct  9 17:33:39 2024: Running Dispatch Server
Wed Oct  9 17:33:39 2024: Version 2.2.0
Wed Oct  9 17:33:40 2024: Dispatch Server: Accepted socket connection from client
Wed Oct  9 17:33:40 2024: Starting Socket connection
Wed Oct  9 17:33:40 2024: EXCHANGE_TOKEN received, server token: ce816436-9223-4804-b727-7ecf7c808dab, passed token: ce816436-9223-4804-b727-7ecf7c808dab
Wed Oct  9 17:33:41 2024: DISPATCH_HANDLER: Adding handler from function makeHandler in library libxv_system_diagram
Wed Oct  9 17:33:41 2024: SESSION_MGR: creating session with session uuid: '06eb32cc-c502-4d60-979b-b242badd5c28' and name 'vitis-run_compile_multihart_ip'
Wed Oct  9 17:33:41 2024: KERNEL_SVC: creating session with uuid: '06eb32cc-c502-4d60-979b-b242badd5c28' and name 'vitis-run_compile_multihart_ip'
Wed Oct  9 17:33:41 2024: GUIDANCE_SMGR: creating guidance session with uuid: '06eb32cc-c502-4d60-979b-b242badd5c28' and name 'vitis-run_compile_multihart_ip'
Wed Oct  9 17:33:41 2024: SYSTEM_DIAGRAM: creating session with uuid: '06eb32cc-c502-4d60-979b-b242badd5c28' and name 'vitis-run_compile_multihart_ip'
Wed Oct  9 17:33:45 2024: Dispatch Server: Accepted socket connection from client
Wed Oct  9 17:33:45 2024: Starting Socket connection
Wed Oct  9 17:34:09 2024: SESSION_MGR: closing session for UUID '06eb32cc-c502-4d60-979b-b242badd5c28' with name 'vitis-run_compile_multihart_ip'
Wed Oct  9 17:34:09 2024: KERNEL_SVC: closing session for UUID '06eb32cc-c502-4d60-979b-b242badd5c28' with name 'vitis-run_compile_multihart_ip'
Wed Oct  9 17:34:09 2024: GUIDANCE_SMGR: closing session for UUID '06eb32cc-c502-4d60-979b-b242badd5c28' with name 'vitis-run_compile_multihart_ip'
Wed Oct  9 17:34:09 2024: SYSTEM_DIAGRAM: closing session for UUID '06eb32cc-c502-4d60-979b-b242badd5c28' with name 'vitis-run_compile_multihart_ip'
Wed Oct  9 17:34:09 2024: STOP_SERVER received, server token: ce816436-9223-4804-b727-7ecf7c808dab, passed token: ce816436-9223-4804-b727-7ecf7c808dab
Wed Oct  9 17:34:09 2024: Socket received request to stop server.
Wed Oct  9 17:34:09 2024: Dispatch Server: do_await_stop
Wed Oct  9 17:34:09 2024: Dispatch Server: stopping mainFifo_
Wed Oct  9 17:34:09 2024: XCD main fifo: Stopping
Wed Oct  9 17:34:09 2024: XCD main fifo: do_read error code: Operation canceled
Wed Oct  9 17:34:09 2024: XCD main fifo: bytes_transferred: 0
Wed Oct  9 17:34:09 2024: SERVER: destructor for server bound to port 41191
Wed Oct  9 17:34:09 2024: XCD main fifo: Good unlink of /tmp/xcdmaince816436-9223-4804-b727-7ecf7c808dab
Wed Oct  9 17:34:09 2024: Server exiting with status 0.
Wed Oct  9 17:34:09 2024: Closing log file.
Wed Oct  9 17:34:33 2024: Running xcd server. This server was built by gradle.
Wed Oct  9 17:34:33 2024: Server was asked to start on port: '38969'
Wed Oct  9 17:34:33 2024: Server is using token UUID: 'c9b60561-bc82-436f-afd6-caa05328511c'
Wed Oct  9 17:34:33 2024: SESSION_MGR: creating session with session uuid: '6d04a3e9-ade5-4ab9-8d63-1f78fcd2ec76' and name 'default'
Wed Oct  9 17:34:33 2024: Attempting to start server on port '38969'
Wed Oct  9 17:34:33 2024: XCD main fifo: created main fifo '/tmp/xcdmainc9b60561-bc82-436f-afd6-caa05328511c', fd read = 13
Wed Oct  9 17:34:33 2024: Running Dispatch Server
Wed Oct  9 17:34:33 2024: Version 2.2.0
Wed Oct  9 17:34:34 2024: Dispatch Server: Accepted socket connection from client
Wed Oct  9 17:34:34 2024: Starting Socket connection
Wed Oct  9 17:34:34 2024: EXCHANGE_TOKEN received, server token: c9b60561-bc82-436f-afd6-caa05328511c, passed token: c9b60561-bc82-436f-afd6-caa05328511c
Wed Oct  9 17:34:35 2024: DISPATCH_HANDLER: Adding handler from function makeHandler in library libxv_system_diagram
Wed Oct  9 17:34:35 2024: SESSION_MGR: creating session with session uuid: 'b18c5ebd-afb8-4bf3-b9c7-6607a6cba9ab' and name 'v++_compile_multihart_ip'
Wed Oct  9 17:34:35 2024: KERNEL_SVC: creating session with uuid: 'b18c5ebd-afb8-4bf3-b9c7-6607a6cba9ab' and name 'v++_compile_multihart_ip'
Wed Oct  9 17:34:35 2024: GUIDANCE_SMGR: creating guidance session with uuid: 'b18c5ebd-afb8-4bf3-b9c7-6607a6cba9ab' and name 'v++_compile_multihart_ip'
Wed Oct  9 17:34:35 2024: SYSTEM_DIAGRAM: creating session with uuid: 'b18c5ebd-afb8-4bf3-b9c7-6607a6cba9ab' and name 'v++_compile_multihart_ip'
Wed Oct  9 17:34:39 2024: Dispatch Server: Accepted socket connection from client
Wed Oct  9 17:34:39 2024: Starting Socket connection
Wed Oct  9 17:47:02 2024: SESSION_MGR: closing session for UUID 'b18c5ebd-afb8-4bf3-b9c7-6607a6cba9ab' with name 'v++_compile_multihart_ip'
Wed Oct  9 17:47:02 2024: KERNEL_SVC: closing session for UUID 'b18c5ebd-afb8-4bf3-b9c7-6607a6cba9ab' with name 'v++_compile_multihart_ip'
Wed Oct  9 17:47:02 2024: GUIDANCE_SMGR: closing session for UUID 'b18c5ebd-afb8-4bf3-b9c7-6607a6cba9ab' with name 'v++_compile_multihart_ip'
Wed Oct  9 17:47:02 2024: SYSTEM_DIAGRAM: closing session for UUID 'b18c5ebd-afb8-4bf3-b9c7-6607a6cba9ab' with name 'v++_compile_multihart_ip'
Wed Oct  9 17:47:02 2024: STOP_SERVER received, server token: c9b60561-bc82-436f-afd6-caa05328511c, passed token: c9b60561-bc82-436f-afd6-caa05328511c
Wed Oct  9 17:47:02 2024: Socket received request to stop server.
Wed Oct  9 17:47:02 2024: Dispatch Server: do_await_stop
Wed Oct  9 17:47:02 2024: Dispatch Server: stopping mainFifo_
Wed Oct  9 17:47:02 2024: XCD main fifo: Stopping
Wed Oct  9 17:47:02 2024: XCD main fifo: do_read error code: Operation canceled
Wed Oct  9 17:47:02 2024: XCD main fifo: bytes_transferred: 0
Wed Oct  9 17:47:02 2024: SERVER: destructor for server bound to port 38969
Wed Oct  9 17:47:02 2024: XCD main fifo: Good unlink of /tmp/xcdmainc9b60561-bc82-436f-afd6-caa05328511c
Wed Oct  9 17:47:02 2024: Server exiting with status 0.
Wed Oct  9 17:47:02 2024: Closing log file.
Wed Oct  9 17:55:00 2024: Running xcd server. This server was built by gradle.
Wed Oct  9 17:55:00 2024: Server was asked to start on port: '40919'
Wed Oct  9 17:55:00 2024: Server is using token UUID: '9f5b7f6f-f6d9-472c-91d0-58e659078377'
Wed Oct  9 17:55:00 2024: SESSION_MGR: creating session with session uuid: '6d04a3e9-ade5-4ab9-8d63-1f78fcd2ec76' and name 'default'
Wed Oct  9 17:55:00 2024: Attempting to start server on port '40919'
Wed Oct  9 17:55:00 2024: XCD main fifo: created main fifo '/tmp/xcdmain9f5b7f6f-f6d9-472c-91d0-58e659078377', fd read = 13
Wed Oct  9 17:55:00 2024: Running Dispatch Server
Wed Oct  9 17:55:00 2024: Version 2.2.0
Wed Oct  9 17:55:02 2024: Dispatch Server: Accepted socket connection from client
Wed Oct  9 17:55:02 2024: Starting Socket connection
Wed Oct  9 17:55:02 2024: EXCHANGE_TOKEN received, server token: 9f5b7f6f-f6d9-472c-91d0-58e659078377, passed token: 9f5b7f6f-f6d9-472c-91d0-58e659078377
Wed Oct  9 17:55:02 2024: DISPATCH_HANDLER: Adding handler from function makeHandler in library libxv_system_diagram
Wed Oct  9 17:55:02 2024: SESSION_MGR: creating session with session uuid: '950d6b61-c5cb-4a0d-b8fc-222c63925fd4' and name 'vitis-run_compile_multihart_ip'
Wed Oct  9 17:55:02 2024: KERNEL_SVC: creating session with uuid: '950d6b61-c5cb-4a0d-b8fc-222c63925fd4' and name 'vitis-run_compile_multihart_ip'
Wed Oct  9 17:55:02 2024: GUIDANCE_SMGR: creating guidance session with uuid: '950d6b61-c5cb-4a0d-b8fc-222c63925fd4' and name 'vitis-run_compile_multihart_ip'
Wed Oct  9 17:55:02 2024: SYSTEM_DIAGRAM: creating session with uuid: '950d6b61-c5cb-4a0d-b8fc-222c63925fd4' and name 'vitis-run_compile_multihart_ip'
Wed Oct  9 17:55:07 2024: Dispatch Server: Accepted socket connection from client
Wed Oct  9 17:55:07 2024: Starting Socket connection
Wed Oct  9 17:55:29 2024: SESSION_MGR: closing session for UUID '950d6b61-c5cb-4a0d-b8fc-222c63925fd4' with name 'vitis-run_compile_multihart_ip'
Wed Oct  9 17:55:29 2024: KERNEL_SVC: closing session for UUID '950d6b61-c5cb-4a0d-b8fc-222c63925fd4' with name 'vitis-run_compile_multihart_ip'
Wed Oct  9 17:55:29 2024: GUIDANCE_SMGR: closing session for UUID '950d6b61-c5cb-4a0d-b8fc-222c63925fd4' with name 'vitis-run_compile_multihart_ip'
Wed Oct  9 17:55:29 2024: SYSTEM_DIAGRAM: closing session for UUID '950d6b61-c5cb-4a0d-b8fc-222c63925fd4' with name 'vitis-run_compile_multihart_ip'
Wed Oct  9 17:55:29 2024: STOP_SERVER received, server token: 9f5b7f6f-f6d9-472c-91d0-58e659078377, passed token: 9f5b7f6f-f6d9-472c-91d0-58e659078377
Wed Oct  9 17:55:29 2024: Socket received request to stop server.
Wed Oct  9 17:55:29 2024: Dispatch Server: do_await_stop
Wed Oct  9 17:55:29 2024: Dispatch Server: stopping mainFifo_
Wed Oct  9 17:55:29 2024: XCD main fifo: Stopping
Wed Oct  9 17:55:29 2024: XCD main fifo: do_read error code: Operation canceled
Wed Oct  9 17:55:29 2024: XCD main fifo: bytes_transferred: 0
Wed Oct  9 17:55:29 2024: SERVER: destructor for server bound to port 40919
Wed Oct  9 17:55:29 2024: XCD main fifo: Good unlink of /tmp/xcdmain9f5b7f6f-f6d9-472c-91d0-58e659078377
Wed Oct  9 17:55:29 2024: Server exiting with status 0.
Wed Oct  9 17:55:29 2024: Closing log file.
