

================================================================
== Vitis HLS Report for 'rv32i_npp_ip'
================================================================
* Date:           Mon Jul 11 17:35:56 2022

* Version:        2022.1 (Build 3526262 on Mon Apr 18 15:47:01 MDT 2022)
* Project:        rv32i_npp_bram_ip
* Solution:       solution1 (Vivado IP Flow Target)
* Product family: zynq
* Target device:  xc7z020-clg400-1


================================================================
== Performance Estimates
================================================================
+ Timing: 
    * Summary: 
    +--------+----------+-----------+------------+
    |  Clock |  Target  | Estimated | Uncertainty|
    +--------+----------+-----------+------------+
    |ap_clk  |  10.00 ns|  10.358 ns|     2.70 ns|
    +--------+----------+-----------+------------+

+ Latency: 
    * Summary: 
    +---------+---------+----------+----------+-----+-----+---------+
    |  Latency (cycles) |  Latency (absolute) |  Interval | Pipeline|
    |   min   |   max   |    min   |    max   | min | max |   Type  |
    +---------+---------+----------+----------+-----+-----+---------+
    |        ?|        ?|         ?|         ?|    ?|    ?|       no|
    +---------+---------+----------+----------+-----+-----+---------+

    + Detail: 
        * Instance: 
        +--------------------------------------------------+---------------------------------------+---------+---------+----------+----------+-----+-----+---------+
        |                                                  |                                       |  Latency (cycles) |  Latency (absolute) |  Interval | Pipeline|
        |                     Instance                     |                 Module                |   min   |   max   |    min   |    max   | min | max |   Type  |
        +--------------------------------------------------+---------------------------------------+---------+---------+----------+----------+-----+-----+---------+
        |grp_rv32i_npp_ip_Pipeline_VITIS_LOOP_42_1_fu_191  |rv32i_npp_ip_Pipeline_VITIS_LOOP_42_1  |       34|       34|  0.340 us|  0.340 us|   34|   34|       no|
        |grp_rv32i_npp_ip_Pipeline_VITIS_LOOP_45_2_fu_227  |rv32i_npp_ip_Pipeline_VITIS_LOOP_45_2  |        ?|        ?|         ?|         ?|    ?|    ?|       no|
        +--------------------------------------------------+---------------------------------------+---------+---------+----------+----------+-----+-----+---------+

        * Loop: 
        N/A

============================================================
+ Verbose Summary: Synthesis Manager
============================================================
InlineROM: 1
ExposeGlobal: 0
============================================================
+ Verbose Summary: CDFG Model
============================================================
IsTopModel: 1
ResetActiveHigh: 1
IsCombinational: 0
IsDatapathOnly: 0
HasWiredReturn: 1
HasMFsm: 0
HasVarLatency: 1
IsPipeline: 0
IsRtlPipelined: 0
IsInstanceOverlapped: 0
IsDontTouch: 0
HasImplIP: 0
IsGatedGlobalClock: 0


============================================================
+ Verbose Summary: Schedule
============================================================
* Number of FSM states : 5
* Pipeline : 0
* Dataflow Pipeline: 0

* FSM state transitions: 
1 --> 2 
2 --> 3 
3 --> 4 
4 --> 5 
5 --> 

* FSM state operations: 

State 1 <SV = 0> <Delay = 0.00>
ST_1 : Operation 6 [1/1] (0.00ns)   --->   "%nbi_loc = alloca i64 1"   --->   Operation 6 'alloca' 'nbi_loc' <Predicate = true> <Delay = 0.00>
ST_1 : Operation 7 [1/1] (0.00ns)   --->   "%reg_file_loc = alloca i64 1"   --->   Operation 7 'alloca' 'reg_file_loc' <Predicate = true> <Delay = 0.00>
ST_1 : Operation 8 [1/1] (0.00ns)   --->   "%reg_file_1_loc = alloca i64 1"   --->   Operation 8 'alloca' 'reg_file_1_loc' <Predicate = true> <Delay = 0.00>
ST_1 : Operation 9 [1/1] (0.00ns)   --->   "%reg_file_2_loc = alloca i64 1"   --->   Operation 9 'alloca' 'reg_file_2_loc' <Predicate = true> <Delay = 0.00>
ST_1 : Operation 10 [1/1] (0.00ns)   --->   "%reg_file_3_loc = alloca i64 1"   --->   Operation 10 'alloca' 'reg_file_3_loc' <Predicate = true> <Delay = 0.00>
ST_1 : Operation 11 [1/1] (0.00ns)   --->   "%reg_file_4_loc = alloca i64 1"   --->   Operation 11 'alloca' 'reg_file_4_loc' <Predicate = true> <Delay = 0.00>
ST_1 : Operation 12 [1/1] (0.00ns)   --->   "%reg_file_5_loc = alloca i64 1"   --->   Operation 12 'alloca' 'reg_file_5_loc' <Predicate = true> <Delay = 0.00>
ST_1 : Operation 13 [1/1] (0.00ns)   --->   "%reg_file_6_loc = alloca i64 1"   --->   Operation 13 'alloca' 'reg_file_6_loc' <Predicate = true> <Delay = 0.00>
ST_1 : Operation 14 [1/1] (0.00ns)   --->   "%reg_file_7_loc = alloca i64 1"   --->   Operation 14 'alloca' 'reg_file_7_loc' <Predicate = true> <Delay = 0.00>
ST_1 : Operation 15 [1/1] (0.00ns)   --->   "%reg_file_8_loc = alloca i64 1"   --->   Operation 15 'alloca' 'reg_file_8_loc' <Predicate = true> <Delay = 0.00>
ST_1 : Operation 16 [1/1] (0.00ns)   --->   "%reg_file_9_loc = alloca i64 1"   --->   Operation 16 'alloca' 'reg_file_9_loc' <Predicate = true> <Delay = 0.00>
ST_1 : Operation 17 [1/1] (0.00ns)   --->   "%reg_file_10_loc = alloca i64 1"   --->   Operation 17 'alloca' 'reg_file_10_loc' <Predicate = true> <Delay = 0.00>
ST_1 : Operation 18 [1/1] (0.00ns)   --->   "%reg_file_11_loc = alloca i64 1"   --->   Operation 18 'alloca' 'reg_file_11_loc' <Predicate = true> <Delay = 0.00>
ST_1 : Operation 19 [1/1] (0.00ns)   --->   "%reg_file_12_loc = alloca i64 1"   --->   Operation 19 'alloca' 'reg_file_12_loc' <Predicate = true> <Delay = 0.00>
ST_1 : Operation 20 [1/1] (0.00ns)   --->   "%reg_file_13_loc = alloca i64 1"   --->   Operation 20 'alloca' 'reg_file_13_loc' <Predicate = true> <Delay = 0.00>
ST_1 : Operation 21 [1/1] (0.00ns)   --->   "%reg_file_14_loc = alloca i64 1"   --->   Operation 21 'alloca' 'reg_file_14_loc' <Predicate = true> <Delay = 0.00>
ST_1 : Operation 22 [1/1] (0.00ns)   --->   "%reg_file_15_loc = alloca i64 1"   --->   Operation 22 'alloca' 'reg_file_15_loc' <Predicate = true> <Delay = 0.00>
ST_1 : Operation 23 [1/1] (0.00ns)   --->   "%reg_file_16_loc = alloca i64 1"   --->   Operation 23 'alloca' 'reg_file_16_loc' <Predicate = true> <Delay = 0.00>
ST_1 : Operation 24 [1/1] (0.00ns)   --->   "%reg_file_17_loc = alloca i64 1"   --->   Operation 24 'alloca' 'reg_file_17_loc' <Predicate = true> <Delay = 0.00>
ST_1 : Operation 25 [1/1] (0.00ns)   --->   "%reg_file_18_loc = alloca i64 1"   --->   Operation 25 'alloca' 'reg_file_18_loc' <Predicate = true> <Delay = 0.00>
ST_1 : Operation 26 [1/1] (0.00ns)   --->   "%reg_file_19_loc = alloca i64 1"   --->   Operation 26 'alloca' 'reg_file_19_loc' <Predicate = true> <Delay = 0.00>
ST_1 : Operation 27 [1/1] (0.00ns)   --->   "%reg_file_20_loc = alloca i64 1"   --->   Operation 27 'alloca' 'reg_file_20_loc' <Predicate = true> <Delay = 0.00>
ST_1 : Operation 28 [1/1] (0.00ns)   --->   "%reg_file_21_loc = alloca i64 1"   --->   Operation 28 'alloca' 'reg_file_21_loc' <Predicate = true> <Delay = 0.00>
ST_1 : Operation 29 [1/1] (0.00ns)   --->   "%reg_file_22_loc = alloca i64 1"   --->   Operation 29 'alloca' 'reg_file_22_loc' <Predicate = true> <Delay = 0.00>
ST_1 : Operation 30 [1/1] (0.00ns)   --->   "%reg_file_23_loc = alloca i64 1"   --->   Operation 30 'alloca' 'reg_file_23_loc' <Predicate = true> <Delay = 0.00>
ST_1 : Operation 31 [1/1] (0.00ns)   --->   "%reg_file_24_loc = alloca i64 1"   --->   Operation 31 'alloca' 'reg_file_24_loc' <Predicate = true> <Delay = 0.00>
ST_1 : Operation 32 [1/1] (0.00ns)   --->   "%reg_file_25_loc = alloca i64 1"   --->   Operation 32 'alloca' 'reg_file_25_loc' <Predicate = true> <Delay = 0.00>
ST_1 : Operation 33 [1/1] (0.00ns)   --->   "%reg_file_26_loc = alloca i64 1"   --->   Operation 33 'alloca' 'reg_file_26_loc' <Predicate = true> <Delay = 0.00>
ST_1 : Operation 34 [1/1] (0.00ns)   --->   "%reg_file_27_loc = alloca i64 1"   --->   Operation 34 'alloca' 'reg_file_27_loc' <Predicate = true> <Delay = 0.00>
ST_1 : Operation 35 [1/1] (0.00ns)   --->   "%reg_file_28_loc = alloca i64 1"   --->   Operation 35 'alloca' 'reg_file_28_loc' <Predicate = true> <Delay = 0.00>
ST_1 : Operation 36 [1/1] (0.00ns)   --->   "%reg_file_29_loc = alloca i64 1"   --->   Operation 36 'alloca' 'reg_file_29_loc' <Predicate = true> <Delay = 0.00>
ST_1 : Operation 37 [1/1] (0.00ns)   --->   "%reg_file_30_loc = alloca i64 1"   --->   Operation 37 'alloca' 'reg_file_30_loc' <Predicate = true> <Delay = 0.00>
ST_1 : Operation 38 [1/1] (0.00ns)   --->   "%reg_file_31_loc = alloca i64 1"   --->   Operation 38 'alloca' 'reg_file_31_loc' <Predicate = true> <Delay = 0.00>
ST_1 : Operation 39 [2/2] (0.00ns)   --->   "%call_ln0 = call void @rv32i_npp_ip_Pipeline_VITIS_LOOP_42_1, i32 %reg_file_31_loc, i32 %reg_file_30_loc, i32 %reg_file_29_loc, i32 %reg_file_28_loc, i32 %reg_file_27_loc, i32 %reg_file_26_loc, i32 %reg_file_25_loc, i32 %reg_file_24_loc, i32 %reg_file_23_loc, i32 %reg_file_22_loc, i32 %reg_file_21_loc, i32 %reg_file_20_loc, i32 %reg_file_19_loc, i32 %reg_file_18_loc, i32 %reg_file_17_loc, i32 %reg_file_16_loc, i32 %reg_file_15_loc, i32 %reg_file_14_loc, i32 %reg_file_13_loc, i32 %reg_file_12_loc, i32 %reg_file_11_loc, i32 %reg_file_10_loc, i32 %reg_file_9_loc, i32 %reg_file_8_loc, i32 %reg_file_7_loc, i32 %reg_file_6_loc, i32 %reg_file_5_loc, i32 %reg_file_4_loc, i32 %reg_file_3_loc, i32 %reg_file_2_loc, i32 %reg_file_1_loc, i32 %reg_file_loc"   --->   Operation 39 'call' 'call_ln0' <Predicate = true> <Delay = 0.00> <CoreType = "Generic">   --->   Core 0 '' <Latency = 0> <II = 1> <Delay = 1.00> <Generic> <Opcode : >

State 2 <SV = 1> <Delay = 3.01>
ST_2 : Operation 40 [1/2] (3.01ns)   --->   "%call_ln0 = call void @rv32i_npp_ip_Pipeline_VITIS_LOOP_42_1, i32 %reg_file_31_loc, i32 %reg_file_30_loc, i32 %reg_file_29_loc, i32 %reg_file_28_loc, i32 %reg_file_27_loc, i32 %reg_file_26_loc, i32 %reg_file_25_loc, i32 %reg_file_24_loc, i32 %reg_file_23_loc, i32 %reg_file_22_loc, i32 %reg_file_21_loc, i32 %reg_file_20_loc, i32 %reg_file_19_loc, i32 %reg_file_18_loc, i32 %reg_file_17_loc, i32 %reg_file_16_loc, i32 %reg_file_15_loc, i32 %reg_file_14_loc, i32 %reg_file_13_loc, i32 %reg_file_12_loc, i32 %reg_file_11_loc, i32 %reg_file_10_loc, i32 %reg_file_9_loc, i32 %reg_file_8_loc, i32 %reg_file_7_loc, i32 %reg_file_6_loc, i32 %reg_file_5_loc, i32 %reg_file_4_loc, i32 %reg_file_3_loc, i32 %reg_file_2_loc, i32 %reg_file_1_loc, i32 %reg_file_loc"   --->   Operation 40 'call' 'call_ln0' <Predicate = true> <Delay = 3.01> <CoreType = "Generic">   --->   Core 0 '' <Latency = 0> <II = 1> <Delay = 1.00> <Generic> <Opcode : >

State 3 <SV = 2> <Delay = 6.67>
ST_3 : Operation 41 [1/1] (1.00ns)   --->   "%start_pc_read = read i32 @_ssdm_op_Read.s_axilite.i32, i32 %start_pc"   --->   Operation 41 'read' 'start_pc_read' <Predicate = true> <Delay = 1.00> <CoreInst = "s_axilite">   --->   Core 114 's_axilite' <Latency = 0> <II = 1> <Delay = 1.00> <Adapter> <Opcode : 'read' 'write'>
ST_3 : Operation 42 [1/1] (0.00ns)   --->   "%reg_file_31_loc_load = load i32 %reg_file_31_loc"   --->   Operation 42 'load' 'reg_file_31_loc_load' <Predicate = true> <Delay = 0.00>
ST_3 : Operation 43 [1/1] (0.00ns)   --->   "%reg_file_30_loc_load = load i32 %reg_file_30_loc"   --->   Operation 43 'load' 'reg_file_30_loc_load' <Predicate = true> <Delay = 0.00>
ST_3 : Operation 44 [1/1] (0.00ns)   --->   "%reg_file_29_loc_load = load i32 %reg_file_29_loc"   --->   Operation 44 'load' 'reg_file_29_loc_load' <Predicate = true> <Delay = 0.00>
ST_3 : Operation 45 [1/1] (0.00ns)   --->   "%reg_file_28_loc_load = load i32 %reg_file_28_loc"   --->   Operation 45 'load' 'reg_file_28_loc_load' <Predicate = true> <Delay = 0.00>
ST_3 : Operation 46 [1/1] (0.00ns)   --->   "%reg_file_27_loc_load = load i32 %reg_file_27_loc"   --->   Operation 46 'load' 'reg_file_27_loc_load' <Predicate = true> <Delay = 0.00>
ST_3 : Operation 47 [1/1] (0.00ns)   --->   "%reg_file_26_loc_load = load i32 %reg_file_26_loc"   --->   Operation 47 'load' 'reg_file_26_loc_load' <Predicate = true> <Delay = 0.00>
ST_3 : Operation 48 [1/1] (0.00ns)   --->   "%reg_file_25_loc_load = load i32 %reg_file_25_loc"   --->   Operation 48 'load' 'reg_file_25_loc_load' <Predicate = true> <Delay = 0.00>
ST_3 : Operation 49 [1/1] (0.00ns)   --->   "%reg_file_24_loc_load = load i32 %reg_file_24_loc"   --->   Operation 49 'load' 'reg_file_24_loc_load' <Predicate = true> <Delay = 0.00>
ST_3 : Operation 50 [1/1] (0.00ns)   --->   "%reg_file_23_loc_load = load i32 %reg_file_23_loc"   --->   Operation 50 'load' 'reg_file_23_loc_load' <Predicate = true> <Delay = 0.00>
ST_3 : Operation 51 [1/1] (0.00ns)   --->   "%reg_file_22_loc_load = load i32 %reg_file_22_loc"   --->   Operation 51 'load' 'reg_file_22_loc_load' <Predicate = true> <Delay = 0.00>
ST_3 : Operation 52 [1/1] (0.00ns)   --->   "%reg_file_21_loc_load = load i32 %reg_file_21_loc"   --->   Operation 52 'load' 'reg_file_21_loc_load' <Predicate = true> <Delay = 0.00>
ST_3 : Operation 53 [1/1] (0.00ns)   --->   "%reg_file_20_loc_load = load i32 %reg_file_20_loc"   --->   Operation 53 'load' 'reg_file_20_loc_load' <Predicate = true> <Delay = 0.00>
ST_3 : Operation 54 [1/1] (0.00ns)   --->   "%reg_file_19_loc_load = load i32 %reg_file_19_loc"   --->   Operation 54 'load' 'reg_file_19_loc_load' <Predicate = true> <Delay = 0.00>
ST_3 : Operation 55 [1/1] (0.00ns)   --->   "%reg_file_18_loc_load = load i32 %reg_file_18_loc"   --->   Operation 55 'load' 'reg_file_18_loc_load' <Predicate = true> <Delay = 0.00>
ST_3 : Operation 56 [1/1] (0.00ns)   --->   "%reg_file_17_loc_load = load i32 %reg_file_17_loc"   --->   Operation 56 'load' 'reg_file_17_loc_load' <Predicate = true> <Delay = 0.00>
ST_3 : Operation 57 [1/1] (0.00ns)   --->   "%reg_file_16_loc_load = load i32 %reg_file_16_loc"   --->   Operation 57 'load' 'reg_file_16_loc_load' <Predicate = true> <Delay = 0.00>
ST_3 : Operation 58 [1/1] (0.00ns)   --->   "%reg_file_15_loc_load = load i32 %reg_file_15_loc"   --->   Operation 58 'load' 'reg_file_15_loc_load' <Predicate = true> <Delay = 0.00>
ST_3 : Operation 59 [1/1] (0.00ns)   --->   "%reg_file_14_loc_load = load i32 %reg_file_14_loc"   --->   Operation 59 'load' 'reg_file_14_loc_load' <Predicate = true> <Delay = 0.00>
ST_3 : Operation 60 [1/1] (0.00ns)   --->   "%reg_file_13_loc_load = load i32 %reg_file_13_loc"   --->   Operation 60 'load' 'reg_file_13_loc_load' <Predicate = true> <Delay = 0.00>
ST_3 : Operation 61 [1/1] (0.00ns)   --->   "%reg_file_12_loc_load = load i32 %reg_file_12_loc"   --->   Operation 61 'load' 'reg_file_12_loc_load' <Predicate = true> <Delay = 0.00>
ST_3 : Operation 62 [1/1] (0.00ns)   --->   "%reg_file_11_loc_load = load i32 %reg_file_11_loc"   --->   Operation 62 'load' 'reg_file_11_loc_load' <Predicate = true> <Delay = 0.00>
ST_3 : Operation 63 [1/1] (0.00ns)   --->   "%reg_file_10_loc_load = load i32 %reg_file_10_loc"   --->   Operation 63 'load' 'reg_file_10_loc_load' <Predicate = true> <Delay = 0.00>
ST_3 : Operation 64 [1/1] (0.00ns)   --->   "%reg_file_9_loc_load = load i32 %reg_file_9_loc"   --->   Operation 64 'load' 'reg_file_9_loc_load' <Predicate = true> <Delay = 0.00>
ST_3 : Operation 65 [1/1] (0.00ns)   --->   "%reg_file_8_loc_load = load i32 %reg_file_8_loc"   --->   Operation 65 'load' 'reg_file_8_loc_load' <Predicate = true> <Delay = 0.00>
ST_3 : Operation 66 [1/1] (0.00ns)   --->   "%reg_file_7_loc_load = load i32 %reg_file_7_loc"   --->   Operation 66 'load' 'reg_file_7_loc_load' <Predicate = true> <Delay = 0.00>
ST_3 : Operation 67 [1/1] (0.00ns)   --->   "%reg_file_6_loc_load = load i32 %reg_file_6_loc"   --->   Operation 67 'load' 'reg_file_6_loc_load' <Predicate = true> <Delay = 0.00>
ST_3 : Operation 68 [1/1] (0.00ns)   --->   "%reg_file_5_loc_load = load i32 %reg_file_5_loc"   --->   Operation 68 'load' 'reg_file_5_loc_load' <Predicate = true> <Delay = 0.00>
ST_3 : Operation 69 [1/1] (0.00ns)   --->   "%reg_file_4_loc_load = load i32 %reg_file_4_loc"   --->   Operation 69 'load' 'reg_file_4_loc_load' <Predicate = true> <Delay = 0.00>
ST_3 : Operation 70 [1/1] (0.00ns)   --->   "%reg_file_3_loc_load = load i32 %reg_file_3_loc"   --->   Operation 70 'load' 'reg_file_3_loc_load' <Predicate = true> <Delay = 0.00>
ST_3 : Operation 71 [1/1] (0.00ns)   --->   "%reg_file_2_loc_load = load i32 %reg_file_2_loc"   --->   Operation 71 'load' 'reg_file_2_loc_load' <Predicate = true> <Delay = 0.00>
ST_3 : Operation 72 [1/1] (0.00ns)   --->   "%reg_file_1_loc_load = load i32 %reg_file_1_loc"   --->   Operation 72 'load' 'reg_file_1_loc_load' <Predicate = true> <Delay = 0.00>
ST_3 : Operation 73 [1/1] (0.00ns)   --->   "%reg_file_loc_load = load i32 %reg_file_loc"   --->   Operation 73 'load' 'reg_file_loc_load' <Predicate = true> <Delay = 0.00>
ST_3 : Operation 74 [1/1] (0.00ns)   --->   "%pc_V = trunc i32 %start_pc_read"   --->   Operation 74 'trunc' 'pc_V' <Predicate = true> <Delay = 0.00>
ST_3 : Operation 75 [2/2] (5.67ns)   --->   "%call_ln261 = call void @rv32i_npp_ip_Pipeline_VITIS_LOOP_45_2, i32 %reg_file_26_loc_load, i32 %reg_file_27_loc_load, i32 %reg_file_28_loc_load, i32 %reg_file_29_loc_load, i32 %reg_file_30_loc_load, i16 %pc_V, i32 %reg_file_25_loc_load, i32 %reg_file_24_loc_load, i32 %reg_file_23_loc_load, i32 %reg_file_22_loc_load, i32 %reg_file_21_loc_load, i32 %reg_file_20_loc_load, i32 %reg_file_19_loc_load, i32 %reg_file_18_loc_load, i32 %reg_file_17_loc_load, i32 %reg_file_16_loc_load, i32 %reg_file_15_loc_load, i32 %reg_file_14_loc_load, i32 %reg_file_13_loc_load, i32 %reg_file_12_loc_load, i32 %reg_file_11_loc_load, i32 %reg_file_10_loc_load, i32 %reg_file_9_loc_load, i32 %reg_file_8_loc_load, i32 %reg_file_7_loc_load, i32 %reg_file_6_loc_load, i32 %reg_file_5_loc_load, i32 %reg_file_4_loc_load, i32 %reg_file_3_loc_load, i32 %reg_file_2_loc_load, i32 %reg_file_1_loc_load, i32 %reg_file_loc_load, i32 %reg_file_31_loc_load, i32 %code_ram, i32 %data_ram, i32 %nbi_loc"   --->   Operation 75 'call' 'call_ln261' <Predicate = true> <Delay = 5.67> <CoreType = "Generic">   --->   Core 0 '' <Latency = 0> <II = 1> <Delay = 1.00> <Generic> <Opcode : >

State 4 <SV = 3> <Delay = 3.45>
ST_4 : Operation 76 [1/2] (3.45ns)   --->   "%call_ln261 = call void @rv32i_npp_ip_Pipeline_VITIS_LOOP_45_2, i32 %reg_file_26_loc_load, i32 %reg_file_27_loc_load, i32 %reg_file_28_loc_load, i32 %reg_file_29_loc_load, i32 %reg_file_30_loc_load, i16 %pc_V, i32 %reg_file_25_loc_load, i32 %reg_file_24_loc_load, i32 %reg_file_23_loc_load, i32 %reg_file_22_loc_load, i32 %reg_file_21_loc_load, i32 %reg_file_20_loc_load, i32 %reg_file_19_loc_load, i32 %reg_file_18_loc_load, i32 %reg_file_17_loc_load, i32 %reg_file_16_loc_load, i32 %reg_file_15_loc_load, i32 %reg_file_14_loc_load, i32 %reg_file_13_loc_load, i32 %reg_file_12_loc_load, i32 %reg_file_11_loc_load, i32 %reg_file_10_loc_load, i32 %reg_file_9_loc_load, i32 %reg_file_8_loc_load, i32 %reg_file_7_loc_load, i32 %reg_file_6_loc_load, i32 %reg_file_5_loc_load, i32 %reg_file_4_loc_load, i32 %reg_file_3_loc_load, i32 %reg_file_2_loc_load, i32 %reg_file_1_loc_load, i32 %reg_file_loc_load, i32 %reg_file_31_loc_load, i32 %code_ram, i32 %data_ram, i32 %nbi_loc"   --->   Operation 76 'call' 'call_ln261' <Predicate = true> <Delay = 3.45> <CoreType = "Generic">   --->   Core 0 '' <Latency = 0> <II = 1> <Delay = 1.00> <Generic> <Opcode : >

State 5 <SV = 4> <Delay = 1.00>
ST_5 : Operation 77 [1/1] (0.00ns)   --->   "%spectopmodule_ln24 = spectopmodule void @_ssdm_op_SpecTopModule, void @empty_6" [rv32i_npp_ip.cpp:24]   --->   Operation 77 'spectopmodule' 'spectopmodule_ln24' <Predicate = true> <Delay = 0.00>
ST_5 : Operation 78 [1/1] (0.00ns)   --->   "%specbitsmap_ln0 = specbitsmap void @_ssdm_op_SpecBitsMap, i32 %start_pc"   --->   Operation 78 'specbitsmap' 'specbitsmap_ln0' <Predicate = true> <Delay = 0.00>
ST_5 : Operation 79 [1/1] (0.00ns)   --->   "%specinterface_ln0 = specinterface void @_ssdm_op_SpecInterface, i32 %start_pc, void @empty, i32 0, i32 0, void @empty_0, i32 0, i32 0, void @empty_1, void @empty_2, void @empty_0, i32 0, i32 0, i32 0, i32 0, void @empty_0, void @empty_0, i32 4294967295, i32 0"   --->   Operation 79 'specinterface' 'specinterface_ln0' <Predicate = true> <Delay = 0.00>
ST_5 : Operation 80 [1/1] (0.00ns)   --->   "%specinterface_ln0 = specinterface void @_ssdm_op_SpecInterface, i32 %start_pc, void @empty_3, i32 0, i32 0, void @empty_0, i32 0, i32 0, void @empty_0, void @empty_0, void @empty_0, i32 0, i32 0, i32 0, i32 0, void @empty_0, void @empty_0, i32 4294967295, i32 0"   --->   Operation 80 'specinterface' 'specinterface_ln0' <Predicate = true> <Delay = 0.00>
ST_5 : Operation 81 [1/1] (0.00ns)   --->   "%specinterface_ln0 = specinterface void @_ssdm_op_SpecInterface, i32 %code_ram, void @empty_4, i32 0, i32 0, void @empty_0, i32 4294967295, i32 0, void @empty_0, void @empty_0, void @empty_0, i32 0, i32 0, i32 0, i32 0, void @empty_0, void @empty_0, i32 4294967295, i32 0"   --->   Operation 81 'specinterface' 'specinterface_ln0' <Predicate = true> <Delay = 0.00>
ST_5 : Operation 82 [1/1] (0.00ns)   --->   "%specbitsmap_ln0 = specbitsmap void @_ssdm_op_SpecBitsMap, i32 %code_ram"   --->   Operation 82 'specbitsmap' 'specbitsmap_ln0' <Predicate = true> <Delay = 0.00>
ST_5 : Operation 83 [1/1] (0.00ns)   --->   "%specinterface_ln0 = specinterface void @_ssdm_op_SpecInterface, i32 %data_ram, void @empty_4, i32 0, i32 0, void @empty_0, i32 4294967295, i32 0, void @empty_0, void @empty_0, void @empty_0, i32 0, i32 0, i32 0, i32 0, void @empty_0, void @empty_0, i32 4294967295, i32 0"   --->   Operation 83 'specinterface' 'specinterface_ln0' <Predicate = true> <Delay = 0.00>
ST_5 : Operation 84 [1/1] (0.00ns)   --->   "%specbitsmap_ln0 = specbitsmap void @_ssdm_op_SpecBitsMap, i32 %data_ram"   --->   Operation 84 'specbitsmap' 'specbitsmap_ln0' <Predicate = true> <Delay = 0.00>
ST_5 : Operation 85 [1/1] (0.00ns)   --->   "%specbitsmap_ln0 = specbitsmap void @_ssdm_op_SpecBitsMap, i32 %nb_instruction"   --->   Operation 85 'specbitsmap' 'specbitsmap_ln0' <Predicate = true> <Delay = 0.00>
ST_5 : Operation 86 [1/1] (0.00ns)   --->   "%specinterface_ln0 = specinterface void @_ssdm_op_SpecInterface, i32 %nb_instruction, void @empty, i32 0, i32 0, void @empty_0, i32 0, i32 0, void @empty_1, void @empty_5, void @empty_0, i32 0, i32 0, i32 0, i32 0, void @empty_0, void @empty_0, i32 4294967295, i32 0"   --->   Operation 86 'specinterface' 'specinterface_ln0' <Predicate = true> <Delay = 0.00>
ST_5 : Operation 87 [1/1] (0.00ns)   --->   "%specinterface_ln0 = specinterface void @_ssdm_op_SpecInterface, i32 %nb_instruction, void @empty_3, i32 0, i32 0, void @empty_0, i32 0, i32 0, void @empty_0, void @empty_0, void @empty_0, i32 0, i32 0, i32 0, i32 0, void @empty_0, void @empty_0, i32 4294967295, i32 0"   --->   Operation 87 'specinterface' 'specinterface_ln0' <Predicate = true> <Delay = 0.00>
ST_5 : Operation 88 [1/1] (0.00ns)   --->   "%specinterface_ln0 = specinterface void @_ssdm_op_SpecInterface, i32 0, void @empty, i32 0, i32 0, void @empty_0, i32 0, i32 0, void @empty_1, void @empty_0, void @empty_0, i32 0, i32 0, i32 0, i32 0, void @empty_0, void @empty_0, i32 4294967295, i32 0"   --->   Operation 88 'specinterface' 'specinterface_ln0' <Predicate = true> <Delay = 0.00>
ST_5 : Operation 89 [1/1] (0.00ns)   --->   "%specbramwithbyteenable_ln0 = specbramwithbyteenable void @_ssdm_op_SpecBRAMWithByteEnable, i32 %data_ram"   --->   Operation 89 'specbramwithbyteenable' 'specbramwithbyteenable_ln0' <Predicate = true> <Delay = 0.00>
ST_5 : Operation 90 [1/1] (0.00ns)   --->   "%nbi_loc_load = load i32 %nbi_loc"   --->   Operation 90 'load' 'nbi_loc_load' <Predicate = true> <Delay = 0.00>
ST_5 : Operation 91 [1/1] (1.00ns)   --->   "%write_ln58 = write void @_ssdm_op_Write.s_axilite.i32P0A, i32 %nb_instruction, i32 %nbi_loc_load" [rv32i_npp_ip.cpp:58]   --->   Operation 91 'write' 'write_ln58' <Predicate = true> <Delay = 1.00> <CoreInst = "s_axilite">   --->   Core 114 's_axilite' <Latency = 0> <II = 1> <Delay = 1.00> <Adapter> <Opcode : 'read' 'write'>
ST_5 : Operation 92 [1/1] (0.00ns)   --->   "%ret_ln64 = ret" [rv32i_npp_ip.cpp:64]   --->   Operation 92 'ret' 'ret_ln64' <Predicate = true> <Delay = 0.00>


============================================================
+ Verbose Summary: Binding
============================================================
STG Binding: 
---------------- STG Properties BEGIN ----------------
- Is combinational: 0
- Is one-state seq: 0
- Is datapath-only: 0
- Is pipelined: 0
- Is top level: 1
Port [ Return ] is wired: 1; IO mode=ap_ctrl_hs:ce=0
Port [ start_pc]:  wired=1; compound=0; hidden=0; nouse=0; global=0; static=0; extern=0; dir=0; type=0; pingpong=0; private_global=0; IO mode=ap_none:ce=0
Port [ code_ram]:  wired=1; compound=1; hidden=0; nouse=0; global=0; static=0; extern=0; dir=0; type=1; pingpong=0; private_global=0; MemPort=[13]; IO mode=bram:ce=0
Port [ data_ram]:  wired=1; compound=1; hidden=0; nouse=0; global=0; static=0; extern=0; dir=2; type=1; pingpong=0; private_global=0; MemPort=[23]; IO mode=bram:ce=0
Port [ nb_instruction]:  wired=1; compound=0; hidden=0; nouse=0; global=0; static=0; extern=0; dir=1; type=0; pingpong=0; private_global=0; IO mode=ap_vld:ce=0
---------------- STG Properties END ------------------

---------------- Datapath Model BEGIN ----------------

<LifeTime>
<method=bitvector/>
nbi_loc                    (alloca                ) [ 001111]
reg_file_loc               (alloca                ) [ 011100]
reg_file_1_loc             (alloca                ) [ 011100]
reg_file_2_loc             (alloca                ) [ 011100]
reg_file_3_loc             (alloca                ) [ 011100]
reg_file_4_loc             (alloca                ) [ 011100]
reg_file_5_loc             (alloca                ) [ 011100]
reg_file_6_loc             (alloca                ) [ 011100]
reg_file_7_loc             (alloca                ) [ 011100]
reg_file_8_loc             (alloca                ) [ 011100]
reg_file_9_loc             (alloca                ) [ 011100]
reg_file_10_loc            (alloca                ) [ 011100]
reg_file_11_loc            (alloca                ) [ 011100]
reg_file_12_loc            (alloca                ) [ 011100]
reg_file_13_loc            (alloca                ) [ 011100]
reg_file_14_loc            (alloca                ) [ 011100]
reg_file_15_loc            (alloca                ) [ 011100]
reg_file_16_loc            (alloca                ) [ 011100]
reg_file_17_loc            (alloca                ) [ 011100]
reg_file_18_loc            (alloca                ) [ 011100]
reg_file_19_loc            (alloca                ) [ 011100]
reg_file_20_loc            (alloca                ) [ 011100]
reg_file_21_loc            (alloca                ) [ 011100]
reg_file_22_loc            (alloca                ) [ 011100]
reg_file_23_loc            (alloca                ) [ 011100]
reg_file_24_loc            (alloca                ) [ 011100]
reg_file_25_loc            (alloca                ) [ 011100]
reg_file_26_loc            (alloca                ) [ 011100]
reg_file_27_loc            (alloca                ) [ 011100]
reg_file_28_loc            (alloca                ) [ 011100]
reg_file_29_loc            (alloca                ) [ 011100]
reg_file_30_loc            (alloca                ) [ 011100]
reg_file_31_loc            (alloca                ) [ 011100]
call_ln0                   (call                  ) [ 000000]
start_pc_read              (read                  ) [ 000000]
reg_file_31_loc_load       (load                  ) [ 000010]
reg_file_30_loc_load       (load                  ) [ 000010]
reg_file_29_loc_load       (load                  ) [ 000010]
reg_file_28_loc_load       (load                  ) [ 000010]
reg_file_27_loc_load       (load                  ) [ 000010]
reg_file_26_loc_load       (load                  ) [ 000010]
reg_file_25_loc_load       (load                  ) [ 000010]
reg_file_24_loc_load       (load                  ) [ 000010]
reg_file_23_loc_load       (load                  ) [ 000010]
reg_file_22_loc_load       (load                  ) [ 000010]
reg_file_21_loc_load       (load                  ) [ 000010]
reg_file_20_loc_load       (load                  ) [ 000010]
reg_file_19_loc_load       (load                  ) [ 000010]
reg_file_18_loc_load       (load                  ) [ 000010]
reg_file_17_loc_load       (load                  ) [ 000010]
reg_file_16_loc_load       (load                  ) [ 000010]
reg_file_15_loc_load       (load                  ) [ 000010]
reg_file_14_loc_load       (load                  ) [ 000010]
reg_file_13_loc_load       (load                  ) [ 000010]
reg_file_12_loc_load       (load                  ) [ 000010]
reg_file_11_loc_load       (load                  ) [ 000010]
reg_file_10_loc_load       (load                  ) [ 000010]
reg_file_9_loc_load        (load                  ) [ 000010]
reg_file_8_loc_load        (load                  ) [ 000010]
reg_file_7_loc_load        (load                  ) [ 000010]
reg_file_6_loc_load        (load                  ) [ 000010]
reg_file_5_loc_load        (load                  ) [ 000010]
reg_file_4_loc_load        (load                  ) [ 000010]
reg_file_3_loc_load        (load                  ) [ 000010]
reg_file_2_loc_load        (load                  ) [ 000010]
reg_file_1_loc_load        (load                  ) [ 000010]
reg_file_loc_load          (load                  ) [ 000010]
pc_V                       (trunc                 ) [ 000010]
call_ln261                 (call                  ) [ 000000]
spectopmodule_ln24         (spectopmodule         ) [ 000000]
specbitsmap_ln0            (specbitsmap           ) [ 000000]
specinterface_ln0          (specinterface         ) [ 000000]
specinterface_ln0          (specinterface         ) [ 000000]
specinterface_ln0          (specinterface         ) [ 000000]
specbitsmap_ln0            (specbitsmap           ) [ 000000]
specinterface_ln0          (specinterface         ) [ 000000]
specbitsmap_ln0            (specbitsmap           ) [ 000000]
specbitsmap_ln0            (specbitsmap           ) [ 000000]
specinterface_ln0          (specinterface         ) [ 000000]
specinterface_ln0          (specinterface         ) [ 000000]
specinterface_ln0          (specinterface         ) [ 000000]
specbramwithbyteenable_ln0 (specbramwithbyteenable) [ 000000]
nbi_loc_load               (load                  ) [ 000000]
write_ln58                 (write                 ) [ 000000]
ret_ln64                   (ret                   ) [ 000000]
</LifeTime>

<model>

<comp_list>
<comp id="0" class="1000" name="start_pc">
<pin_list>
<pin id="1" dir="1" index="0" bw="1" slack="0"/>
</pin_list>
<bind>
<StgValue><ssdm name="start_pc"/></StgValue>
</bind>
</comp>

<comp id="2" class="1000" name="code_ram">
<pin_list>
<pin id="3" dir="1" index="0" bw="1" slack="0"/>
</pin_list>
<bind>
<StgValue><ssdm name="code_ram"/><MemPortTyVec>1 3 </MemPortTyVec>
</StgValue>
</bind>
</comp>

<comp id="4" class="1000" name="data_ram">
<pin_list>
<pin id="5" dir="1" index="0" bw="1" slack="0"/>
</pin_list>
<bind>
<StgValue><ssdm name="data_ram"/><MemPortTyVec>2 3 </MemPortTyVec>
</StgValue>
</bind>
</comp>

<comp id="6" class="1000" name="nb_instruction">
<pin_list>
<pin id="7" dir="1" index="0" bw="1" slack="0"/>
</pin_list>
<bind>
<StgValue><ssdm name="nb_instruction"/></StgValue>
</bind>
</comp>

<comp id="8" class="1001" name="const_8">
<pin_list>
<pin id="9" dir="1" index="0" bw="1" slack="0"/>
</pin_list>
<bind>
<StgValue><ssdm name=""/></StgValue>
</bind>
</comp>

<comp id="10" class="1001" name="const_10">
<pin_list>
<pin id="11" dir="1" index="0" bw="1" slack="0"/>
</pin_list>
<bind>
<StgValue><ssdm name="rv32i_npp_ip_Pipeline_VITIS_LOOP_42_1"/></StgValue>
</bind>
</comp>

<comp id="12" class="1001" name="const_12">
<pin_list>
<pin id="13" dir="1" index="0" bw="1" slack="0"/>
</pin_list>
<bind>
<StgValue><ssdm name="_ssdm_op_Read.s_axilite.i32"/></StgValue>
</bind>
</comp>

<comp id="14" class="1001" name="const_14">
<pin_list>
<pin id="15" dir="1" index="0" bw="1" slack="0"/>
</pin_list>
<bind>
<StgValue><ssdm name="rv32i_npp_ip_Pipeline_VITIS_LOOP_45_2"/></StgValue>
</bind>
</comp>

<comp id="16" class="1001" name="const_16">
<pin_list>
<pin id="17" dir="1" index="0" bw="1" slack="2147483647"/>
</pin_list>
<bind>
<StgValue><ssdm name="_ssdm_op_SpecTopModule"/></StgValue>
</bind>
</comp>

<comp id="18" class="1001" name="const_18">
<pin_list>
<pin id="19" dir="1" index="0" bw="1" slack="2147483647"/>
</pin_list>
<bind>
<StgValue><ssdm name="empty_6"/></StgValue>
</bind>
</comp>

<comp id="20" class="1001" name="const_20">
<pin_list>
<pin id="21" dir="1" index="0" bw="1" slack="2147483647"/>
</pin_list>
<bind>
<StgValue><ssdm name="_ssdm_op_SpecBitsMap"/></StgValue>
</bind>
</comp>

<comp id="22" class="1001" name="const_22">
<pin_list>
<pin id="23" dir="1" index="0" bw="1" slack="2147483647"/>
</pin_list>
<bind>
<StgValue><ssdm name="_ssdm_op_SpecInterface"/></StgValue>
</bind>
</comp>

<comp id="24" class="1001" name="const_24">
<pin_list>
<pin id="25" dir="1" index="0" bw="1" slack="2147483647"/>
</pin_list>
<bind>
<StgValue><ssdm name="empty"/></StgValue>
</bind>
</comp>

<comp id="26" class="1001" name="const_26">
<pin_list>
<pin id="27" dir="1" index="0" bw="1" slack="2147483647"/>
</pin_list>
<bind>
<StgValue><ssdm name=""/></StgValue>
</bind>
</comp>

<comp id="28" class="1001" name="const_28">
<pin_list>
<pin id="29" dir="1" index="0" bw="1" slack="2147483647"/>
</pin_list>
<bind>
<StgValue><ssdm name="empty_0"/></StgValue>
</bind>
</comp>

<comp id="30" class="1001" name="const_30">
<pin_list>
<pin id="31" dir="1" index="0" bw="1" slack="2147483647"/>
</pin_list>
<bind>
<StgValue><ssdm name="empty_1"/></StgValue>
</bind>
</comp>

<comp id="32" class="1001" name="const_32">
<pin_list>
<pin id="33" dir="1" index="0" bw="1" slack="2147483647"/>
</pin_list>
<bind>
<StgValue><ssdm name="empty_2"/></StgValue>
</bind>
</comp>

<comp id="34" class="1001" name="const_34">
<pin_list>
<pin id="35" dir="1" index="0" bw="1" slack="2147483647"/>
</pin_list>
<bind>
<StgValue><ssdm name=""/></StgValue>
</bind>
</comp>

<comp id="36" class="1001" name="const_36">
<pin_list>
<pin id="37" dir="1" index="0" bw="1" slack="2147483647"/>
</pin_list>
<bind>
<StgValue><ssdm name="empty_3"/></StgValue>
</bind>
</comp>

<comp id="38" class="1001" name="const_38">
<pin_list>
<pin id="39" dir="1" index="0" bw="1" slack="2147483647"/>
</pin_list>
<bind>
<StgValue><ssdm name="empty_4"/></StgValue>
</bind>
</comp>

<comp id="40" class="1001" name="const_40">
<pin_list>
<pin id="41" dir="1" index="0" bw="1" slack="2147483647"/>
</pin_list>
<bind>
<StgValue><ssdm name="empty_5"/></StgValue>
</bind>
</comp>

<comp id="42" class="1001" name="const_42">
<pin_list>
<pin id="43" dir="1" index="0" bw="1" slack="2147483647"/>
</pin_list>
<bind>
<StgValue><ssdm name="_ssdm_op_SpecBRAMWithByteEnable"/></StgValue>
</bind>
</comp>

<comp id="44" class="1001" name="const_44">
<pin_list>
<pin id="45" dir="1" index="0" bw="1" slack="0"/>
</pin_list>
<bind>
<StgValue><ssdm name="_ssdm_op_Write.s_axilite.i32P0A"/></StgValue>
</bind>
</comp>

<comp id="46" class="1004" name="nbi_loc_fu_46">
<pin_list>
<pin id="47" dir="0" index="0" bw="1" slack="0"/>
<pin id="48" dir="1" index="1" bw="32" slack="2"/>
</pin_list>
<bind>
<opcode="alloca(26) " fcode="alloca"/>
<opset="nbi_loc/1 "/>
</bind>
</comp>

<comp id="50" class="1004" name="reg_file_loc_fu_50">
<pin_list>
<pin id="51" dir="0" index="0" bw="1" slack="0"/>
<pin id="52" dir="1" index="1" bw="32" slack="0"/>
</pin_list>
<bind>
<opcode="alloca(26) " fcode="alloca"/>
<opset="reg_file_loc/1 "/>
</bind>
</comp>

<comp id="54" class="1004" name="reg_file_1_loc_fu_54">
<pin_list>
<pin id="55" dir="0" index="0" bw="1" slack="0"/>
<pin id="56" dir="1" index="1" bw="32" slack="0"/>
</pin_list>
<bind>
<opcode="alloca(26) " fcode="alloca"/>
<opset="reg_file_1_loc/1 "/>
</bind>
</comp>

<comp id="58" class="1004" name="reg_file_2_loc_fu_58">
<pin_list>
<pin id="59" dir="0" index="0" bw="1" slack="0"/>
<pin id="60" dir="1" index="1" bw="32" slack="0"/>
</pin_list>
<bind>
<opcode="alloca(26) " fcode="alloca"/>
<opset="reg_file_2_loc/1 "/>
</bind>
</comp>

<comp id="62" class="1004" name="reg_file_3_loc_fu_62">
<pin_list>
<pin id="63" dir="0" index="0" bw="1" slack="0"/>
<pin id="64" dir="1" index="1" bw="32" slack="0"/>
</pin_list>
<bind>
<opcode="alloca(26) " fcode="alloca"/>
<opset="reg_file_3_loc/1 "/>
</bind>
</comp>

<comp id="66" class="1004" name="reg_file_4_loc_fu_66">
<pin_list>
<pin id="67" dir="0" index="0" bw="1" slack="0"/>
<pin id="68" dir="1" index="1" bw="32" slack="0"/>
</pin_list>
<bind>
<opcode="alloca(26) " fcode="alloca"/>
<opset="reg_file_4_loc/1 "/>
</bind>
</comp>

<comp id="70" class="1004" name="reg_file_5_loc_fu_70">
<pin_list>
<pin id="71" dir="0" index="0" bw="1" slack="0"/>
<pin id="72" dir="1" index="1" bw="32" slack="0"/>
</pin_list>
<bind>
<opcode="alloca(26) " fcode="alloca"/>
<opset="reg_file_5_loc/1 "/>
</bind>
</comp>

<comp id="74" class="1004" name="reg_file_6_loc_fu_74">
<pin_list>
<pin id="75" dir="0" index="0" bw="1" slack="0"/>
<pin id="76" dir="1" index="1" bw="32" slack="0"/>
</pin_list>
<bind>
<opcode="alloca(26) " fcode="alloca"/>
<opset="reg_file_6_loc/1 "/>
</bind>
</comp>

<comp id="78" class="1004" name="reg_file_7_loc_fu_78">
<pin_list>
<pin id="79" dir="0" index="0" bw="1" slack="0"/>
<pin id="80" dir="1" index="1" bw="32" slack="0"/>
</pin_list>
<bind>
<opcode="alloca(26) " fcode="alloca"/>
<opset="reg_file_7_loc/1 "/>
</bind>
</comp>

<comp id="82" class="1004" name="reg_file_8_loc_fu_82">
<pin_list>
<pin id="83" dir="0" index="0" bw="1" slack="0"/>
<pin id="84" dir="1" index="1" bw="32" slack="0"/>
</pin_list>
<bind>
<opcode="alloca(26) " fcode="alloca"/>
<opset="reg_file_8_loc/1 "/>
</bind>
</comp>

<comp id="86" class="1004" name="reg_file_9_loc_fu_86">
<pin_list>
<pin id="87" dir="0" index="0" bw="1" slack="0"/>
<pin id="88" dir="1" index="1" bw="32" slack="0"/>
</pin_list>
<bind>
<opcode="alloca(26) " fcode="alloca"/>
<opset="reg_file_9_loc/1 "/>
</bind>
</comp>

<comp id="90" class="1004" name="reg_file_10_loc_fu_90">
<pin_list>
<pin id="91" dir="0" index="0" bw="1" slack="0"/>
<pin id="92" dir="1" index="1" bw="32" slack="0"/>
</pin_list>
<bind>
<opcode="alloca(26) " fcode="alloca"/>
<opset="reg_file_10_loc/1 "/>
</bind>
</comp>

<comp id="94" class="1004" name="reg_file_11_loc_fu_94">
<pin_list>
<pin id="95" dir="0" index="0" bw="1" slack="0"/>
<pin id="96" dir="1" index="1" bw="32" slack="0"/>
</pin_list>
<bind>
<opcode="alloca(26) " fcode="alloca"/>
<opset="reg_file_11_loc/1 "/>
</bind>
</comp>

<comp id="98" class="1004" name="reg_file_12_loc_fu_98">
<pin_list>
<pin id="99" dir="0" index="0" bw="1" slack="0"/>
<pin id="100" dir="1" index="1" bw="32" slack="0"/>
</pin_list>
<bind>
<opcode="alloca(26) " fcode="alloca"/>
<opset="reg_file_12_loc/1 "/>
</bind>
</comp>

<comp id="102" class="1004" name="reg_file_13_loc_fu_102">
<pin_list>
<pin id="103" dir="0" index="0" bw="1" slack="0"/>
<pin id="104" dir="1" index="1" bw="32" slack="0"/>
</pin_list>
<bind>
<opcode="alloca(26) " fcode="alloca"/>
<opset="reg_file_13_loc/1 "/>
</bind>
</comp>

<comp id="106" class="1004" name="reg_file_14_loc_fu_106">
<pin_list>
<pin id="107" dir="0" index="0" bw="1" slack="0"/>
<pin id="108" dir="1" index="1" bw="32" slack="0"/>
</pin_list>
<bind>
<opcode="alloca(26) " fcode="alloca"/>
<opset="reg_file_14_loc/1 "/>
</bind>
</comp>

<comp id="110" class="1004" name="reg_file_15_loc_fu_110">
<pin_list>
<pin id="111" dir="0" index="0" bw="1" slack="0"/>
<pin id="112" dir="1" index="1" bw="32" slack="0"/>
</pin_list>
<bind>
<opcode="alloca(26) " fcode="alloca"/>
<opset="reg_file_15_loc/1 "/>
</bind>
</comp>

<comp id="114" class="1004" name="reg_file_16_loc_fu_114">
<pin_list>
<pin id="115" dir="0" index="0" bw="1" slack="0"/>
<pin id="116" dir="1" index="1" bw="32" slack="0"/>
</pin_list>
<bind>
<opcode="alloca(26) " fcode="alloca"/>
<opset="reg_file_16_loc/1 "/>
</bind>
</comp>

<comp id="118" class="1004" name="reg_file_17_loc_fu_118">
<pin_list>
<pin id="119" dir="0" index="0" bw="1" slack="0"/>
<pin id="120" dir="1" index="1" bw="32" slack="0"/>
</pin_list>
<bind>
<opcode="alloca(26) " fcode="alloca"/>
<opset="reg_file_17_loc/1 "/>
</bind>
</comp>

<comp id="122" class="1004" name="reg_file_18_loc_fu_122">
<pin_list>
<pin id="123" dir="0" index="0" bw="1" slack="0"/>
<pin id="124" dir="1" index="1" bw="32" slack="0"/>
</pin_list>
<bind>
<opcode="alloca(26) " fcode="alloca"/>
<opset="reg_file_18_loc/1 "/>
</bind>
</comp>

<comp id="126" class="1004" name="reg_file_19_loc_fu_126">
<pin_list>
<pin id="127" dir="0" index="0" bw="1" slack="0"/>
<pin id="128" dir="1" index="1" bw="32" slack="0"/>
</pin_list>
<bind>
<opcode="alloca(26) " fcode="alloca"/>
<opset="reg_file_19_loc/1 "/>
</bind>
</comp>

<comp id="130" class="1004" name="reg_file_20_loc_fu_130">
<pin_list>
<pin id="131" dir="0" index="0" bw="1" slack="0"/>
<pin id="132" dir="1" index="1" bw="32" slack="0"/>
</pin_list>
<bind>
<opcode="alloca(26) " fcode="alloca"/>
<opset="reg_file_20_loc/1 "/>
</bind>
</comp>

<comp id="134" class="1004" name="reg_file_21_loc_fu_134">
<pin_list>
<pin id="135" dir="0" index="0" bw="1" slack="0"/>
<pin id="136" dir="1" index="1" bw="32" slack="0"/>
</pin_list>
<bind>
<opcode="alloca(26) " fcode="alloca"/>
<opset="reg_file_21_loc/1 "/>
</bind>
</comp>

<comp id="138" class="1004" name="reg_file_22_loc_fu_138">
<pin_list>
<pin id="139" dir="0" index="0" bw="1" slack="0"/>
<pin id="140" dir="1" index="1" bw="32" slack="0"/>
</pin_list>
<bind>
<opcode="alloca(26) " fcode="alloca"/>
<opset="reg_file_22_loc/1 "/>
</bind>
</comp>

<comp id="142" class="1004" name="reg_file_23_loc_fu_142">
<pin_list>
<pin id="143" dir="0" index="0" bw="1" slack="0"/>
<pin id="144" dir="1" index="1" bw="32" slack="0"/>
</pin_list>
<bind>
<opcode="alloca(26) " fcode="alloca"/>
<opset="reg_file_23_loc/1 "/>
</bind>
</comp>

<comp id="146" class="1004" name="reg_file_24_loc_fu_146">
<pin_list>
<pin id="147" dir="0" index="0" bw="1" slack="0"/>
<pin id="148" dir="1" index="1" bw="32" slack="0"/>
</pin_list>
<bind>
<opcode="alloca(26) " fcode="alloca"/>
<opset="reg_file_24_loc/1 "/>
</bind>
</comp>

<comp id="150" class="1004" name="reg_file_25_loc_fu_150">
<pin_list>
<pin id="151" dir="0" index="0" bw="1" slack="0"/>
<pin id="152" dir="1" index="1" bw="32" slack="0"/>
</pin_list>
<bind>
<opcode="alloca(26) " fcode="alloca"/>
<opset="reg_file_25_loc/1 "/>
</bind>
</comp>

<comp id="154" class="1004" name="reg_file_26_loc_fu_154">
<pin_list>
<pin id="155" dir="0" index="0" bw="1" slack="0"/>
<pin id="156" dir="1" index="1" bw="32" slack="0"/>
</pin_list>
<bind>
<opcode="alloca(26) " fcode="alloca"/>
<opset="reg_file_26_loc/1 "/>
</bind>
</comp>

<comp id="158" class="1004" name="reg_file_27_loc_fu_158">
<pin_list>
<pin id="159" dir="0" index="0" bw="1" slack="0"/>
<pin id="160" dir="1" index="1" bw="32" slack="0"/>
</pin_list>
<bind>
<opcode="alloca(26) " fcode="alloca"/>
<opset="reg_file_27_loc/1 "/>
</bind>
</comp>

<comp id="162" class="1004" name="reg_file_28_loc_fu_162">
<pin_list>
<pin id="163" dir="0" index="0" bw="1" slack="0"/>
<pin id="164" dir="1" index="1" bw="32" slack="0"/>
</pin_list>
<bind>
<opcode="alloca(26) " fcode="alloca"/>
<opset="reg_file_28_loc/1 "/>
</bind>
</comp>

<comp id="166" class="1004" name="reg_file_29_loc_fu_166">
<pin_list>
<pin id="167" dir="0" index="0" bw="1" slack="0"/>
<pin id="168" dir="1" index="1" bw="32" slack="0"/>
</pin_list>
<bind>
<opcode="alloca(26) " fcode="alloca"/>
<opset="reg_file_29_loc/1 "/>
</bind>
</comp>

<comp id="170" class="1004" name="reg_file_30_loc_fu_170">
<pin_list>
<pin id="171" dir="0" index="0" bw="1" slack="0"/>
<pin id="172" dir="1" index="1" bw="32" slack="0"/>
</pin_list>
<bind>
<opcode="alloca(26) " fcode="alloca"/>
<opset="reg_file_30_loc/1 "/>
</bind>
</comp>

<comp id="174" class="1004" name="reg_file_31_loc_fu_174">
<pin_list>
<pin id="175" dir="0" index="0" bw="1" slack="0"/>
<pin id="176" dir="1" index="1" bw="32" slack="0"/>
</pin_list>
<bind>
<opcode="alloca(26) " fcode="alloca"/>
<opset="reg_file_31_loc/1 "/>
</bind>
</comp>

<comp id="178" class="1004" name="start_pc_read_read_fu_178">
<pin_list>
<pin id="179" dir="0" index="0" bw="32" slack="0"/>
<pin id="180" dir="0" index="1" bw="32" slack="0"/>
<pin id="181" dir="1" index="2" bw="32" slack="0"/>
</pin_list>
<bind>
<opcode="read(1150) " fcode="read"/>
<opset="start_pc_read/3 "/>
</bind>
</comp>

<comp id="184" class="1004" name="write_ln58_write_fu_184">
<pin_list>
<pin id="185" dir="0" index="0" bw="0" slack="0"/>
<pin id="186" dir="0" index="1" bw="32" slack="0"/>
<pin id="187" dir="0" index="2" bw="32" slack="0"/>
<pin id="188" dir="1" index="3" bw="0" slack="2147483647"/>
</pin_list>
<bind>
<opcode="write(1151) " fcode="write"/>
<opset="write_ln58/5 "/>
</bind>
</comp>

<comp id="191" class="1004" name="grp_rv32i_npp_ip_Pipeline_VITIS_LOOP_42_1_fu_191">
<pin_list>
<pin id="192" dir="0" index="0" bw="0" slack="0"/>
<pin id="193" dir="0" index="1" bw="32" slack="0"/>
<pin id="194" dir="0" index="2" bw="32" slack="0"/>
<pin id="195" dir="0" index="3" bw="32" slack="0"/>
<pin id="196" dir="0" index="4" bw="32" slack="0"/>
<pin id="197" dir="0" index="5" bw="32" slack="0"/>
<pin id="198" dir="0" index="6" bw="32" slack="0"/>
<pin id="199" dir="0" index="7" bw="32" slack="0"/>
<pin id="200" dir="0" index="8" bw="32" slack="0"/>
<pin id="201" dir="0" index="9" bw="32" slack="0"/>
<pin id="202" dir="0" index="10" bw="32" slack="0"/>
<pin id="203" dir="0" index="11" bw="32" slack="0"/>
<pin id="204" dir="0" index="12" bw="32" slack="0"/>
<pin id="205" dir="0" index="13" bw="32" slack="0"/>
<pin id="206" dir="0" index="14" bw="32" slack="0"/>
<pin id="207" dir="0" index="15" bw="32" slack="0"/>
<pin id="208" dir="0" index="16" bw="32" slack="0"/>
<pin id="209" dir="0" index="17" bw="32" slack="0"/>
<pin id="210" dir="0" index="18" bw="32" slack="0"/>
<pin id="211" dir="0" index="19" bw="32" slack="0"/>
<pin id="212" dir="0" index="20" bw="32" slack="0"/>
<pin id="213" dir="0" index="21" bw="32" slack="0"/>
<pin id="214" dir="0" index="22" bw="32" slack="0"/>
<pin id="215" dir="0" index="23" bw="32" slack="0"/>
<pin id="216" dir="0" index="24" bw="32" slack="0"/>
<pin id="217" dir="0" index="25" bw="32" slack="0"/>
<pin id="218" dir="0" index="26" bw="32" slack="0"/>
<pin id="219" dir="0" index="27" bw="32" slack="0"/>
<pin id="220" dir="0" index="28" bw="32" slack="0"/>
<pin id="221" dir="0" index="29" bw="32" slack="0"/>
<pin id="222" dir="0" index="30" bw="32" slack="0"/>
<pin id="223" dir="0" index="31" bw="32" slack="0"/>
<pin id="224" dir="0" index="32" bw="32" slack="0"/>
<pin id="225" dir="1" index="33" bw="0" slack="2147483647"/>
</pin_list>
<bind>
<opcode="call(48) " fcode="call"/>
<opset="call_ln0/1 "/>
</bind>
</comp>

<comp id="227" class="1004" name="grp_rv32i_npp_ip_Pipeline_VITIS_LOOP_45_2_fu_227">
<pin_list>
<pin id="228" dir="0" index="0" bw="0" slack="0"/>
<pin id="229" dir="0" index="1" bw="32" slack="0"/>
<pin id="230" dir="0" index="2" bw="32" slack="0"/>
<pin id="231" dir="0" index="3" bw="32" slack="0"/>
<pin id="232" dir="0" index="4" bw="32" slack="0"/>
<pin id="233" dir="0" index="5" bw="32" slack="0"/>
<pin id="234" dir="0" index="6" bw="16" slack="0"/>
<pin id="235" dir="0" index="7" bw="32" slack="0"/>
<pin id="236" dir="0" index="8" bw="32" slack="0"/>
<pin id="237" dir="0" index="9" bw="32" slack="0"/>
<pin id="238" dir="0" index="10" bw="32" slack="0"/>
<pin id="239" dir="0" index="11" bw="32" slack="0"/>
<pin id="240" dir="0" index="12" bw="32" slack="0"/>
<pin id="241" dir="0" index="13" bw="32" slack="0"/>
<pin id="242" dir="0" index="14" bw="32" slack="0"/>
<pin id="243" dir="0" index="15" bw="32" slack="0"/>
<pin id="244" dir="0" index="16" bw="32" slack="0"/>
<pin id="245" dir="0" index="17" bw="32" slack="0"/>
<pin id="246" dir="0" index="18" bw="32" slack="0"/>
<pin id="247" dir="0" index="19" bw="32" slack="0"/>
<pin id="248" dir="0" index="20" bw="32" slack="0"/>
<pin id="249" dir="0" index="21" bw="32" slack="0"/>
<pin id="250" dir="0" index="22" bw="32" slack="0"/>
<pin id="251" dir="0" index="23" bw="32" slack="0"/>
<pin id="252" dir="0" index="24" bw="32" slack="0"/>
<pin id="253" dir="0" index="25" bw="32" slack="0"/>
<pin id="254" dir="0" index="26" bw="32" slack="0"/>
<pin id="255" dir="0" index="27" bw="32" slack="0"/>
<pin id="256" dir="0" index="28" bw="32" slack="0"/>
<pin id="257" dir="0" index="29" bw="32" slack="0"/>
<pin id="258" dir="0" index="30" bw="32" slack="0"/>
<pin id="259" dir="0" index="31" bw="32" slack="0"/>
<pin id="260" dir="0" index="32" bw="32" slack="0"/>
<pin id="261" dir="0" index="33" bw="32" slack="0"/>
<pin id="262" dir="0" index="34" bw="32" slack="0"/>
<pin id="263" dir="0" index="35" bw="32" slack="0"/>
<pin id="264" dir="0" index="36" bw="32" slack="2"/>
<pin id="265" dir="1" index="37" bw="0" slack="2147483647"/>
</pin_list>
<bind>
<opcode="call(48) " fcode="call"/>
<opset="call_ln261/3 "/>
</bind>
</comp>

<comp id="269" class="1004" name="reg_file_31_loc_load_load_fu_269">
<pin_list>
<pin id="270" dir="0" index="0" bw="32" slack="2"/>
<pin id="271" dir="1" index="1" bw="32" slack="0"/>
</pin_list>
<bind>
<opcode="load(27) " fcode="load"/>
<opset="reg_file_31_loc_load/3 "/>
</bind>
</comp>

<comp id="273" class="1004" name="reg_file_30_loc_load_load_fu_273">
<pin_list>
<pin id="274" dir="0" index="0" bw="32" slack="2"/>
<pin id="275" dir="1" index="1" bw="32" slack="0"/>
</pin_list>
<bind>
<opcode="load(27) " fcode="load"/>
<opset="reg_file_30_loc_load/3 "/>
</bind>
</comp>

<comp id="277" class="1004" name="reg_file_29_loc_load_load_fu_277">
<pin_list>
<pin id="278" dir="0" index="0" bw="32" slack="2"/>
<pin id="279" dir="1" index="1" bw="32" slack="0"/>
</pin_list>
<bind>
<opcode="load(27) " fcode="load"/>
<opset="reg_file_29_loc_load/3 "/>
</bind>
</comp>

<comp id="281" class="1004" name="reg_file_28_loc_load_load_fu_281">
<pin_list>
<pin id="282" dir="0" index="0" bw="32" slack="2"/>
<pin id="283" dir="1" index="1" bw="32" slack="0"/>
</pin_list>
<bind>
<opcode="load(27) " fcode="load"/>
<opset="reg_file_28_loc_load/3 "/>
</bind>
</comp>

<comp id="285" class="1004" name="reg_file_27_loc_load_load_fu_285">
<pin_list>
<pin id="286" dir="0" index="0" bw="32" slack="2"/>
<pin id="287" dir="1" index="1" bw="32" slack="0"/>
</pin_list>
<bind>
<opcode="load(27) " fcode="load"/>
<opset="reg_file_27_loc_load/3 "/>
</bind>
</comp>

<comp id="289" class="1004" name="reg_file_26_loc_load_load_fu_289">
<pin_list>
<pin id="290" dir="0" index="0" bw="32" slack="2"/>
<pin id="291" dir="1" index="1" bw="32" slack="0"/>
</pin_list>
<bind>
<opcode="load(27) " fcode="load"/>
<opset="reg_file_26_loc_load/3 "/>
</bind>
</comp>

<comp id="293" class="1004" name="reg_file_25_loc_load_load_fu_293">
<pin_list>
<pin id="294" dir="0" index="0" bw="32" slack="2"/>
<pin id="295" dir="1" index="1" bw="32" slack="0"/>
</pin_list>
<bind>
<opcode="load(27) " fcode="load"/>
<opset="reg_file_25_loc_load/3 "/>
</bind>
</comp>

<comp id="297" class="1004" name="reg_file_24_loc_load_load_fu_297">
<pin_list>
<pin id="298" dir="0" index="0" bw="32" slack="2"/>
<pin id="299" dir="1" index="1" bw="32" slack="0"/>
</pin_list>
<bind>
<opcode="load(27) " fcode="load"/>
<opset="reg_file_24_loc_load/3 "/>
</bind>
</comp>

<comp id="301" class="1004" name="reg_file_23_loc_load_load_fu_301">
<pin_list>
<pin id="302" dir="0" index="0" bw="32" slack="2"/>
<pin id="303" dir="1" index="1" bw="32" slack="0"/>
</pin_list>
<bind>
<opcode="load(27) " fcode="load"/>
<opset="reg_file_23_loc_load/3 "/>
</bind>
</comp>

<comp id="305" class="1004" name="reg_file_22_loc_load_load_fu_305">
<pin_list>
<pin id="306" dir="0" index="0" bw="32" slack="2"/>
<pin id="307" dir="1" index="1" bw="32" slack="0"/>
</pin_list>
<bind>
<opcode="load(27) " fcode="load"/>
<opset="reg_file_22_loc_load/3 "/>
</bind>
</comp>

<comp id="309" class="1004" name="reg_file_21_loc_load_load_fu_309">
<pin_list>
<pin id="310" dir="0" index="0" bw="32" slack="2"/>
<pin id="311" dir="1" index="1" bw="32" slack="0"/>
</pin_list>
<bind>
<opcode="load(27) " fcode="load"/>
<opset="reg_file_21_loc_load/3 "/>
</bind>
</comp>

<comp id="313" class="1004" name="reg_file_20_loc_load_load_fu_313">
<pin_list>
<pin id="314" dir="0" index="0" bw="32" slack="2"/>
<pin id="315" dir="1" index="1" bw="32" slack="0"/>
</pin_list>
<bind>
<opcode="load(27) " fcode="load"/>
<opset="reg_file_20_loc_load/3 "/>
</bind>
</comp>

<comp id="317" class="1004" name="reg_file_19_loc_load_load_fu_317">
<pin_list>
<pin id="318" dir="0" index="0" bw="32" slack="2"/>
<pin id="319" dir="1" index="1" bw="32" slack="0"/>
</pin_list>
<bind>
<opcode="load(27) " fcode="load"/>
<opset="reg_file_19_loc_load/3 "/>
</bind>
</comp>

<comp id="321" class="1004" name="reg_file_18_loc_load_load_fu_321">
<pin_list>
<pin id="322" dir="0" index="0" bw="32" slack="2"/>
<pin id="323" dir="1" index="1" bw="32" slack="0"/>
</pin_list>
<bind>
<opcode="load(27) " fcode="load"/>
<opset="reg_file_18_loc_load/3 "/>
</bind>
</comp>

<comp id="325" class="1004" name="reg_file_17_loc_load_load_fu_325">
<pin_list>
<pin id="326" dir="0" index="0" bw="32" slack="2"/>
<pin id="327" dir="1" index="1" bw="32" slack="0"/>
</pin_list>
<bind>
<opcode="load(27) " fcode="load"/>
<opset="reg_file_17_loc_load/3 "/>
</bind>
</comp>

<comp id="329" class="1004" name="reg_file_16_loc_load_load_fu_329">
<pin_list>
<pin id="330" dir="0" index="0" bw="32" slack="2"/>
<pin id="331" dir="1" index="1" bw="32" slack="0"/>
</pin_list>
<bind>
<opcode="load(27) " fcode="load"/>
<opset="reg_file_16_loc_load/3 "/>
</bind>
</comp>

<comp id="333" class="1004" name="reg_file_15_loc_load_load_fu_333">
<pin_list>
<pin id="334" dir="0" index="0" bw="32" slack="2"/>
<pin id="335" dir="1" index="1" bw="32" slack="0"/>
</pin_list>
<bind>
<opcode="load(27) " fcode="load"/>
<opset="reg_file_15_loc_load/3 "/>
</bind>
</comp>

<comp id="337" class="1004" name="reg_file_14_loc_load_load_fu_337">
<pin_list>
<pin id="338" dir="0" index="0" bw="32" slack="2"/>
<pin id="339" dir="1" index="1" bw="32" slack="0"/>
</pin_list>
<bind>
<opcode="load(27) " fcode="load"/>
<opset="reg_file_14_loc_load/3 "/>
</bind>
</comp>

<comp id="341" class="1004" name="reg_file_13_loc_load_load_fu_341">
<pin_list>
<pin id="342" dir="0" index="0" bw="32" slack="2"/>
<pin id="343" dir="1" index="1" bw="32" slack="0"/>
</pin_list>
<bind>
<opcode="load(27) " fcode="load"/>
<opset="reg_file_13_loc_load/3 "/>
</bind>
</comp>

<comp id="345" class="1004" name="reg_file_12_loc_load_load_fu_345">
<pin_list>
<pin id="346" dir="0" index="0" bw="32" slack="2"/>
<pin id="347" dir="1" index="1" bw="32" slack="0"/>
</pin_list>
<bind>
<opcode="load(27) " fcode="load"/>
<opset="reg_file_12_loc_load/3 "/>
</bind>
</comp>

<comp id="349" class="1004" name="reg_file_11_loc_load_load_fu_349">
<pin_list>
<pin id="350" dir="0" index="0" bw="32" slack="2"/>
<pin id="351" dir="1" index="1" bw="32" slack="0"/>
</pin_list>
<bind>
<opcode="load(27) " fcode="load"/>
<opset="reg_file_11_loc_load/3 "/>
</bind>
</comp>

<comp id="353" class="1004" name="reg_file_10_loc_load_load_fu_353">
<pin_list>
<pin id="354" dir="0" index="0" bw="32" slack="2"/>
<pin id="355" dir="1" index="1" bw="32" slack="0"/>
</pin_list>
<bind>
<opcode="load(27) " fcode="load"/>
<opset="reg_file_10_loc_load/3 "/>
</bind>
</comp>

<comp id="357" class="1004" name="reg_file_9_loc_load_load_fu_357">
<pin_list>
<pin id="358" dir="0" index="0" bw="32" slack="2"/>
<pin id="359" dir="1" index="1" bw="32" slack="0"/>
</pin_list>
<bind>
<opcode="load(27) " fcode="load"/>
<opset="reg_file_9_loc_load/3 "/>
</bind>
</comp>

<comp id="361" class="1004" name="reg_file_8_loc_load_load_fu_361">
<pin_list>
<pin id="362" dir="0" index="0" bw="32" slack="2"/>
<pin id="363" dir="1" index="1" bw="32" slack="0"/>
</pin_list>
<bind>
<opcode="load(27) " fcode="load"/>
<opset="reg_file_8_loc_load/3 "/>
</bind>
</comp>

<comp id="365" class="1004" name="reg_file_7_loc_load_load_fu_365">
<pin_list>
<pin id="366" dir="0" index="0" bw="32" slack="2"/>
<pin id="367" dir="1" index="1" bw="32" slack="0"/>
</pin_list>
<bind>
<opcode="load(27) " fcode="load"/>
<opset="reg_file_7_loc_load/3 "/>
</bind>
</comp>

<comp id="369" class="1004" name="reg_file_6_loc_load_load_fu_369">
<pin_list>
<pin id="370" dir="0" index="0" bw="32" slack="2"/>
<pin id="371" dir="1" index="1" bw="32" slack="0"/>
</pin_list>
<bind>
<opcode="load(27) " fcode="load"/>
<opset="reg_file_6_loc_load/3 "/>
</bind>
</comp>

<comp id="373" class="1004" name="reg_file_5_loc_load_load_fu_373">
<pin_list>
<pin id="374" dir="0" index="0" bw="32" slack="2"/>
<pin id="375" dir="1" index="1" bw="32" slack="0"/>
</pin_list>
<bind>
<opcode="load(27) " fcode="load"/>
<opset="reg_file_5_loc_load/3 "/>
</bind>
</comp>

<comp id="377" class="1004" name="reg_file_4_loc_load_load_fu_377">
<pin_list>
<pin id="378" dir="0" index="0" bw="32" slack="2"/>
<pin id="379" dir="1" index="1" bw="32" slack="0"/>
</pin_list>
<bind>
<opcode="load(27) " fcode="load"/>
<opset="reg_file_4_loc_load/3 "/>
</bind>
</comp>

<comp id="381" class="1004" name="reg_file_3_loc_load_load_fu_381">
<pin_list>
<pin id="382" dir="0" index="0" bw="32" slack="2"/>
<pin id="383" dir="1" index="1" bw="32" slack="0"/>
</pin_list>
<bind>
<opcode="load(27) " fcode="load"/>
<opset="reg_file_3_loc_load/3 "/>
</bind>
</comp>

<comp id="385" class="1004" name="reg_file_2_loc_load_load_fu_385">
<pin_list>
<pin id="386" dir="0" index="0" bw="32" slack="2"/>
<pin id="387" dir="1" index="1" bw="32" slack="0"/>
</pin_list>
<bind>
<opcode="load(27) " fcode="load"/>
<opset="reg_file_2_loc_load/3 "/>
</bind>
</comp>

<comp id="389" class="1004" name="reg_file_1_loc_load_load_fu_389">
<pin_list>
<pin id="390" dir="0" index="0" bw="32" slack="2"/>
<pin id="391" dir="1" index="1" bw="32" slack="0"/>
</pin_list>
<bind>
<opcode="load(27) " fcode="load"/>
<opset="reg_file_1_loc_load/3 "/>
</bind>
</comp>

<comp id="393" class="1004" name="reg_file_loc_load_load_fu_393">
<pin_list>
<pin id="394" dir="0" index="0" bw="32" slack="2"/>
<pin id="395" dir="1" index="1" bw="32" slack="0"/>
</pin_list>
<bind>
<opcode="load(27) " fcode="load"/>
<opset="reg_file_loc_load/3 "/>
</bind>
</comp>

<comp id="397" class="1004" name="pc_V_fu_397">
<pin_list>
<pin id="398" dir="0" index="0" bw="32" slack="0"/>
<pin id="399" dir="1" index="1" bw="16" slack="0"/>
</pin_list>
<bind>
<opcode="trunc(33) " fcode="trunc"/>
<opset="pc_V/3 "/>
</bind>
</comp>

<comp id="402" class="1004" name="nbi_loc_load_load_fu_402">
<pin_list>
<pin id="403" dir="0" index="0" bw="32" slack="4"/>
<pin id="404" dir="1" index="1" bw="32" slack="0"/>
</pin_list>
<bind>
<opcode="load(27) " fcode="load"/>
<opset="nbi_loc_load/5 "/>
</bind>
</comp>

<comp id="406" class="1005" name="nbi_loc_reg_406">
<pin_list>
<pin id="407" dir="0" index="0" bw="32" slack="2"/>
<pin id="408" dir="1" index="1" bw="32" slack="2"/>
</pin_list>
<bind>
<opset="nbi_loc "/>
</bind>
</comp>

<comp id="412" class="1005" name="reg_file_loc_reg_412">
<pin_list>
<pin id="413" dir="0" index="0" bw="32" slack="0"/>
<pin id="414" dir="1" index="1" bw="32" slack="0"/>
</pin_list>
<bind>
<opset="reg_file_loc "/>
</bind>
</comp>

<comp id="418" class="1005" name="reg_file_1_loc_reg_418">
<pin_list>
<pin id="419" dir="0" index="0" bw="32" slack="0"/>
<pin id="420" dir="1" index="1" bw="32" slack="0"/>
</pin_list>
<bind>
<opset="reg_file_1_loc "/>
</bind>
</comp>

<comp id="424" class="1005" name="reg_file_2_loc_reg_424">
<pin_list>
<pin id="425" dir="0" index="0" bw="32" slack="0"/>
<pin id="426" dir="1" index="1" bw="32" slack="0"/>
</pin_list>
<bind>
<opset="reg_file_2_loc "/>
</bind>
</comp>

<comp id="430" class="1005" name="reg_file_3_loc_reg_430">
<pin_list>
<pin id="431" dir="0" index="0" bw="32" slack="0"/>
<pin id="432" dir="1" index="1" bw="32" slack="0"/>
</pin_list>
<bind>
<opset="reg_file_3_loc "/>
</bind>
</comp>

<comp id="436" class="1005" name="reg_file_4_loc_reg_436">
<pin_list>
<pin id="437" dir="0" index="0" bw="32" slack="0"/>
<pin id="438" dir="1" index="1" bw="32" slack="0"/>
</pin_list>
<bind>
<opset="reg_file_4_loc "/>
</bind>
</comp>

<comp id="442" class="1005" name="reg_file_5_loc_reg_442">
<pin_list>
<pin id="443" dir="0" index="0" bw="32" slack="0"/>
<pin id="444" dir="1" index="1" bw="32" slack="0"/>
</pin_list>
<bind>
<opset="reg_file_5_loc "/>
</bind>
</comp>

<comp id="448" class="1005" name="reg_file_6_loc_reg_448">
<pin_list>
<pin id="449" dir="0" index="0" bw="32" slack="0"/>
<pin id="450" dir="1" index="1" bw="32" slack="0"/>
</pin_list>
<bind>
<opset="reg_file_6_loc "/>
</bind>
</comp>

<comp id="454" class="1005" name="reg_file_7_loc_reg_454">
<pin_list>
<pin id="455" dir="0" index="0" bw="32" slack="0"/>
<pin id="456" dir="1" index="1" bw="32" slack="0"/>
</pin_list>
<bind>
<opset="reg_file_7_loc "/>
</bind>
</comp>

<comp id="460" class="1005" name="reg_file_8_loc_reg_460">
<pin_list>
<pin id="461" dir="0" index="0" bw="32" slack="0"/>
<pin id="462" dir="1" index="1" bw="32" slack="0"/>
</pin_list>
<bind>
<opset="reg_file_8_loc "/>
</bind>
</comp>

<comp id="466" class="1005" name="reg_file_9_loc_reg_466">
<pin_list>
<pin id="467" dir="0" index="0" bw="32" slack="0"/>
<pin id="468" dir="1" index="1" bw="32" slack="0"/>
</pin_list>
<bind>
<opset="reg_file_9_loc "/>
</bind>
</comp>

<comp id="472" class="1005" name="reg_file_10_loc_reg_472">
<pin_list>
<pin id="473" dir="0" index="0" bw="32" slack="0"/>
<pin id="474" dir="1" index="1" bw="32" slack="0"/>
</pin_list>
<bind>
<opset="reg_file_10_loc "/>
</bind>
</comp>

<comp id="478" class="1005" name="reg_file_11_loc_reg_478">
<pin_list>
<pin id="479" dir="0" index="0" bw="32" slack="0"/>
<pin id="480" dir="1" index="1" bw="32" slack="0"/>
</pin_list>
<bind>
<opset="reg_file_11_loc "/>
</bind>
</comp>

<comp id="484" class="1005" name="reg_file_12_loc_reg_484">
<pin_list>
<pin id="485" dir="0" index="0" bw="32" slack="0"/>
<pin id="486" dir="1" index="1" bw="32" slack="0"/>
</pin_list>
<bind>
<opset="reg_file_12_loc "/>
</bind>
</comp>

<comp id="490" class="1005" name="reg_file_13_loc_reg_490">
<pin_list>
<pin id="491" dir="0" index="0" bw="32" slack="0"/>
<pin id="492" dir="1" index="1" bw="32" slack="0"/>
</pin_list>
<bind>
<opset="reg_file_13_loc "/>
</bind>
</comp>

<comp id="496" class="1005" name="reg_file_14_loc_reg_496">
<pin_list>
<pin id="497" dir="0" index="0" bw="32" slack="0"/>
<pin id="498" dir="1" index="1" bw="32" slack="0"/>
</pin_list>
<bind>
<opset="reg_file_14_loc "/>
</bind>
</comp>

<comp id="502" class="1005" name="reg_file_15_loc_reg_502">
<pin_list>
<pin id="503" dir="0" index="0" bw="32" slack="0"/>
<pin id="504" dir="1" index="1" bw="32" slack="0"/>
</pin_list>
<bind>
<opset="reg_file_15_loc "/>
</bind>
</comp>

<comp id="508" class="1005" name="reg_file_16_loc_reg_508">
<pin_list>
<pin id="509" dir="0" index="0" bw="32" slack="0"/>
<pin id="510" dir="1" index="1" bw="32" slack="0"/>
</pin_list>
<bind>
<opset="reg_file_16_loc "/>
</bind>
</comp>

<comp id="514" class="1005" name="reg_file_17_loc_reg_514">
<pin_list>
<pin id="515" dir="0" index="0" bw="32" slack="0"/>
<pin id="516" dir="1" index="1" bw="32" slack="0"/>
</pin_list>
<bind>
<opset="reg_file_17_loc "/>
</bind>
</comp>

<comp id="520" class="1005" name="reg_file_18_loc_reg_520">
<pin_list>
<pin id="521" dir="0" index="0" bw="32" slack="0"/>
<pin id="522" dir="1" index="1" bw="32" slack="0"/>
</pin_list>
<bind>
<opset="reg_file_18_loc "/>
</bind>
</comp>

<comp id="526" class="1005" name="reg_file_19_loc_reg_526">
<pin_list>
<pin id="527" dir="0" index="0" bw="32" slack="0"/>
<pin id="528" dir="1" index="1" bw="32" slack="0"/>
</pin_list>
<bind>
<opset="reg_file_19_loc "/>
</bind>
</comp>

<comp id="532" class="1005" name="reg_file_20_loc_reg_532">
<pin_list>
<pin id="533" dir="0" index="0" bw="32" slack="0"/>
<pin id="534" dir="1" index="1" bw="32" slack="0"/>
</pin_list>
<bind>
<opset="reg_file_20_loc "/>
</bind>
</comp>

<comp id="538" class="1005" name="reg_file_21_loc_reg_538">
<pin_list>
<pin id="539" dir="0" index="0" bw="32" slack="0"/>
<pin id="540" dir="1" index="1" bw="32" slack="0"/>
</pin_list>
<bind>
<opset="reg_file_21_loc "/>
</bind>
</comp>

<comp id="544" class="1005" name="reg_file_22_loc_reg_544">
<pin_list>
<pin id="545" dir="0" index="0" bw="32" slack="0"/>
<pin id="546" dir="1" index="1" bw="32" slack="0"/>
</pin_list>
<bind>
<opset="reg_file_22_loc "/>
</bind>
</comp>

<comp id="550" class="1005" name="reg_file_23_loc_reg_550">
<pin_list>
<pin id="551" dir="0" index="0" bw="32" slack="0"/>
<pin id="552" dir="1" index="1" bw="32" slack="0"/>
</pin_list>
<bind>
<opset="reg_file_23_loc "/>
</bind>
</comp>

<comp id="556" class="1005" name="reg_file_24_loc_reg_556">
<pin_list>
<pin id="557" dir="0" index="0" bw="32" slack="0"/>
<pin id="558" dir="1" index="1" bw="32" slack="0"/>
</pin_list>
<bind>
<opset="reg_file_24_loc "/>
</bind>
</comp>

<comp id="562" class="1005" name="reg_file_25_loc_reg_562">
<pin_list>
<pin id="563" dir="0" index="0" bw="32" slack="0"/>
<pin id="564" dir="1" index="1" bw="32" slack="0"/>
</pin_list>
<bind>
<opset="reg_file_25_loc "/>
</bind>
</comp>

<comp id="568" class="1005" name="reg_file_26_loc_reg_568">
<pin_list>
<pin id="569" dir="0" index="0" bw="32" slack="0"/>
<pin id="570" dir="1" index="1" bw="32" slack="0"/>
</pin_list>
<bind>
<opset="reg_file_26_loc "/>
</bind>
</comp>

<comp id="574" class="1005" name="reg_file_27_loc_reg_574">
<pin_list>
<pin id="575" dir="0" index="0" bw="32" slack="0"/>
<pin id="576" dir="1" index="1" bw="32" slack="0"/>
</pin_list>
<bind>
<opset="reg_file_27_loc "/>
</bind>
</comp>

<comp id="580" class="1005" name="reg_file_28_loc_reg_580">
<pin_list>
<pin id="581" dir="0" index="0" bw="32" slack="0"/>
<pin id="582" dir="1" index="1" bw="32" slack="0"/>
</pin_list>
<bind>
<opset="reg_file_28_loc "/>
</bind>
</comp>

<comp id="586" class="1005" name="reg_file_29_loc_reg_586">
<pin_list>
<pin id="587" dir="0" index="0" bw="32" slack="0"/>
<pin id="588" dir="1" index="1" bw="32" slack="0"/>
</pin_list>
<bind>
<opset="reg_file_29_loc "/>
</bind>
</comp>

<comp id="592" class="1005" name="reg_file_30_loc_reg_592">
<pin_list>
<pin id="593" dir="0" index="0" bw="32" slack="0"/>
<pin id="594" dir="1" index="1" bw="32" slack="0"/>
</pin_list>
<bind>
<opset="reg_file_30_loc "/>
</bind>
</comp>

<comp id="598" class="1005" name="reg_file_31_loc_reg_598">
<pin_list>
<pin id="599" dir="0" index="0" bw="32" slack="0"/>
<pin id="600" dir="1" index="1" bw="32" slack="0"/>
</pin_list>
<bind>
<opset="reg_file_31_loc "/>
</bind>
</comp>

<comp id="700" class="1005" name="pc_V_reg_700">
<pin_list>
<pin id="701" dir="0" index="0" bw="16" slack="1"/>
<pin id="702" dir="1" index="1" bw="16" slack="1"/>
</pin_list>
<bind>
<opset="pc_V "/>
</bind>
</comp>

</comp_list>

<net_list>
<net id="49"><net_src comp="8" pin="0"/><net_sink comp="46" pin=0"/></net>

<net id="53"><net_src comp="8" pin="0"/><net_sink comp="50" pin=0"/></net>

<net id="57"><net_src comp="8" pin="0"/><net_sink comp="54" pin=0"/></net>

<net id="61"><net_src comp="8" pin="0"/><net_sink comp="58" pin=0"/></net>

<net id="65"><net_src comp="8" pin="0"/><net_sink comp="62" pin=0"/></net>

<net id="69"><net_src comp="8" pin="0"/><net_sink comp="66" pin=0"/></net>

<net id="73"><net_src comp="8" pin="0"/><net_sink comp="70" pin=0"/></net>

<net id="77"><net_src comp="8" pin="0"/><net_sink comp="74" pin=0"/></net>

<net id="81"><net_src comp="8" pin="0"/><net_sink comp="78" pin=0"/></net>

<net id="85"><net_src comp="8" pin="0"/><net_sink comp="82" pin=0"/></net>

<net id="89"><net_src comp="8" pin="0"/><net_sink comp="86" pin=0"/></net>

<net id="93"><net_src comp="8" pin="0"/><net_sink comp="90" pin=0"/></net>

<net id="97"><net_src comp="8" pin="0"/><net_sink comp="94" pin=0"/></net>

<net id="101"><net_src comp="8" pin="0"/><net_sink comp="98" pin=0"/></net>

<net id="105"><net_src comp="8" pin="0"/><net_sink comp="102" pin=0"/></net>

<net id="109"><net_src comp="8" pin="0"/><net_sink comp="106" pin=0"/></net>

<net id="113"><net_src comp="8" pin="0"/><net_sink comp="110" pin=0"/></net>

<net id="117"><net_src comp="8" pin="0"/><net_sink comp="114" pin=0"/></net>

<net id="121"><net_src comp="8" pin="0"/><net_sink comp="118" pin=0"/></net>

<net id="125"><net_src comp="8" pin="0"/><net_sink comp="122" pin=0"/></net>

<net id="129"><net_src comp="8" pin="0"/><net_sink comp="126" pin=0"/></net>

<net id="133"><net_src comp="8" pin="0"/><net_sink comp="130" pin=0"/></net>

<net id="137"><net_src comp="8" pin="0"/><net_sink comp="134" pin=0"/></net>

<net id="141"><net_src comp="8" pin="0"/><net_sink comp="138" pin=0"/></net>

<net id="145"><net_src comp="8" pin="0"/><net_sink comp="142" pin=0"/></net>

<net id="149"><net_src comp="8" pin="0"/><net_sink comp="146" pin=0"/></net>

<net id="153"><net_src comp="8" pin="0"/><net_sink comp="150" pin=0"/></net>

<net id="157"><net_src comp="8" pin="0"/><net_sink comp="154" pin=0"/></net>

<net id="161"><net_src comp="8" pin="0"/><net_sink comp="158" pin=0"/></net>

<net id="165"><net_src comp="8" pin="0"/><net_sink comp="162" pin=0"/></net>

<net id="169"><net_src comp="8" pin="0"/><net_sink comp="166" pin=0"/></net>

<net id="173"><net_src comp="8" pin="0"/><net_sink comp="170" pin=0"/></net>

<net id="177"><net_src comp="8" pin="0"/><net_sink comp="174" pin=0"/></net>

<net id="182"><net_src comp="12" pin="0"/><net_sink comp="178" pin=0"/></net>

<net id="183"><net_src comp="0" pin="0"/><net_sink comp="178" pin=1"/></net>

<net id="189"><net_src comp="44" pin="0"/><net_sink comp="184" pin=0"/></net>

<net id="190"><net_src comp="6" pin="0"/><net_sink comp="184" pin=1"/></net>

<net id="226"><net_src comp="10" pin="0"/><net_sink comp="191" pin=0"/></net>

<net id="266"><net_src comp="14" pin="0"/><net_sink comp="227" pin=0"/></net>

<net id="267"><net_src comp="2" pin="0"/><net_sink comp="227" pin=34"/></net>

<net id="268"><net_src comp="4" pin="0"/><net_sink comp="227" pin=35"/></net>

<net id="272"><net_src comp="269" pin="1"/><net_sink comp="227" pin=33"/></net>

<net id="276"><net_src comp="273" pin="1"/><net_sink comp="227" pin=5"/></net>

<net id="280"><net_src comp="277" pin="1"/><net_sink comp="227" pin=4"/></net>

<net id="284"><net_src comp="281" pin="1"/><net_sink comp="227" pin=3"/></net>

<net id="288"><net_src comp="285" pin="1"/><net_sink comp="227" pin=2"/></net>

<net id="292"><net_src comp="289" pin="1"/><net_sink comp="227" pin=1"/></net>

<net id="296"><net_src comp="293" pin="1"/><net_sink comp="227" pin=7"/></net>

<net id="300"><net_src comp="297" pin="1"/><net_sink comp="227" pin=8"/></net>

<net id="304"><net_src comp="301" pin="1"/><net_sink comp="227" pin=9"/></net>

<net id="308"><net_src comp="305" pin="1"/><net_sink comp="227" pin=10"/></net>

<net id="312"><net_src comp="309" pin="1"/><net_sink comp="227" pin=11"/></net>

<net id="316"><net_src comp="313" pin="1"/><net_sink comp="227" pin=12"/></net>

<net id="320"><net_src comp="317" pin="1"/><net_sink comp="227" pin=13"/></net>

<net id="324"><net_src comp="321" pin="1"/><net_sink comp="227" pin=14"/></net>

<net id="328"><net_src comp="325" pin="1"/><net_sink comp="227" pin=15"/></net>

<net id="332"><net_src comp="329" pin="1"/><net_sink comp="227" pin=16"/></net>

<net id="336"><net_src comp="333" pin="1"/><net_sink comp="227" pin=17"/></net>

<net id="340"><net_src comp="337" pin="1"/><net_sink comp="227" pin=18"/></net>

<net id="344"><net_src comp="341" pin="1"/><net_sink comp="227" pin=19"/></net>

<net id="348"><net_src comp="345" pin="1"/><net_sink comp="227" pin=20"/></net>

<net id="352"><net_src comp="349" pin="1"/><net_sink comp="227" pin=21"/></net>

<net id="356"><net_src comp="353" pin="1"/><net_sink comp="227" pin=22"/></net>

<net id="360"><net_src comp="357" pin="1"/><net_sink comp="227" pin=23"/></net>

<net id="364"><net_src comp="361" pin="1"/><net_sink comp="227" pin=24"/></net>

<net id="368"><net_src comp="365" pin="1"/><net_sink comp="227" pin=25"/></net>

<net id="372"><net_src comp="369" pin="1"/><net_sink comp="227" pin=26"/></net>

<net id="376"><net_src comp="373" pin="1"/><net_sink comp="227" pin=27"/></net>

<net id="380"><net_src comp="377" pin="1"/><net_sink comp="227" pin=28"/></net>

<net id="384"><net_src comp="381" pin="1"/><net_sink comp="227" pin=29"/></net>

<net id="388"><net_src comp="385" pin="1"/><net_sink comp="227" pin=30"/></net>

<net id="392"><net_src comp="389" pin="1"/><net_sink comp="227" pin=31"/></net>

<net id="396"><net_src comp="393" pin="1"/><net_sink comp="227" pin=32"/></net>

<net id="400"><net_src comp="178" pin="2"/><net_sink comp="397" pin=0"/></net>

<net id="401"><net_src comp="397" pin="1"/><net_sink comp="227" pin=6"/></net>

<net id="405"><net_src comp="402" pin="1"/><net_sink comp="184" pin=2"/></net>

<net id="409"><net_src comp="46" pin="1"/><net_sink comp="406" pin=0"/></net>

<net id="410"><net_src comp="406" pin="1"/><net_sink comp="227" pin=36"/></net>

<net id="411"><net_src comp="406" pin="1"/><net_sink comp="402" pin=0"/></net>

<net id="415"><net_src comp="50" pin="1"/><net_sink comp="412" pin=0"/></net>

<net id="416"><net_src comp="412" pin="1"/><net_sink comp="191" pin=32"/></net>

<net id="417"><net_src comp="412" pin="1"/><net_sink comp="393" pin=0"/></net>

<net id="421"><net_src comp="54" pin="1"/><net_sink comp="418" pin=0"/></net>

<net id="422"><net_src comp="418" pin="1"/><net_sink comp="191" pin=31"/></net>

<net id="423"><net_src comp="418" pin="1"/><net_sink comp="389" pin=0"/></net>

<net id="427"><net_src comp="58" pin="1"/><net_sink comp="424" pin=0"/></net>

<net id="428"><net_src comp="424" pin="1"/><net_sink comp="191" pin=30"/></net>

<net id="429"><net_src comp="424" pin="1"/><net_sink comp="385" pin=0"/></net>

<net id="433"><net_src comp="62" pin="1"/><net_sink comp="430" pin=0"/></net>

<net id="434"><net_src comp="430" pin="1"/><net_sink comp="191" pin=29"/></net>

<net id="435"><net_src comp="430" pin="1"/><net_sink comp="381" pin=0"/></net>

<net id="439"><net_src comp="66" pin="1"/><net_sink comp="436" pin=0"/></net>

<net id="440"><net_src comp="436" pin="1"/><net_sink comp="191" pin=28"/></net>

<net id="441"><net_src comp="436" pin="1"/><net_sink comp="377" pin=0"/></net>

<net id="445"><net_src comp="70" pin="1"/><net_sink comp="442" pin=0"/></net>

<net id="446"><net_src comp="442" pin="1"/><net_sink comp="191" pin=27"/></net>

<net id="447"><net_src comp="442" pin="1"/><net_sink comp="373" pin=0"/></net>

<net id="451"><net_src comp="74" pin="1"/><net_sink comp="448" pin=0"/></net>

<net id="452"><net_src comp="448" pin="1"/><net_sink comp="191" pin=26"/></net>

<net id="453"><net_src comp="448" pin="1"/><net_sink comp="369" pin=0"/></net>

<net id="457"><net_src comp="78" pin="1"/><net_sink comp="454" pin=0"/></net>

<net id="458"><net_src comp="454" pin="1"/><net_sink comp="191" pin=25"/></net>

<net id="459"><net_src comp="454" pin="1"/><net_sink comp="365" pin=0"/></net>

<net id="463"><net_src comp="82" pin="1"/><net_sink comp="460" pin=0"/></net>

<net id="464"><net_src comp="460" pin="1"/><net_sink comp="191" pin=24"/></net>

<net id="465"><net_src comp="460" pin="1"/><net_sink comp="361" pin=0"/></net>

<net id="469"><net_src comp="86" pin="1"/><net_sink comp="466" pin=0"/></net>

<net id="470"><net_src comp="466" pin="1"/><net_sink comp="191" pin=23"/></net>

<net id="471"><net_src comp="466" pin="1"/><net_sink comp="357" pin=0"/></net>

<net id="475"><net_src comp="90" pin="1"/><net_sink comp="472" pin=0"/></net>

<net id="476"><net_src comp="472" pin="1"/><net_sink comp="191" pin=22"/></net>

<net id="477"><net_src comp="472" pin="1"/><net_sink comp="353" pin=0"/></net>

<net id="481"><net_src comp="94" pin="1"/><net_sink comp="478" pin=0"/></net>

<net id="482"><net_src comp="478" pin="1"/><net_sink comp="191" pin=21"/></net>

<net id="483"><net_src comp="478" pin="1"/><net_sink comp="349" pin=0"/></net>

<net id="487"><net_src comp="98" pin="1"/><net_sink comp="484" pin=0"/></net>

<net id="488"><net_src comp="484" pin="1"/><net_sink comp="191" pin=20"/></net>

<net id="489"><net_src comp="484" pin="1"/><net_sink comp="345" pin=0"/></net>

<net id="493"><net_src comp="102" pin="1"/><net_sink comp="490" pin=0"/></net>

<net id="494"><net_src comp="490" pin="1"/><net_sink comp="191" pin=19"/></net>

<net id="495"><net_src comp="490" pin="1"/><net_sink comp="341" pin=0"/></net>

<net id="499"><net_src comp="106" pin="1"/><net_sink comp="496" pin=0"/></net>

<net id="500"><net_src comp="496" pin="1"/><net_sink comp="191" pin=18"/></net>

<net id="501"><net_src comp="496" pin="1"/><net_sink comp="337" pin=0"/></net>

<net id="505"><net_src comp="110" pin="1"/><net_sink comp="502" pin=0"/></net>

<net id="506"><net_src comp="502" pin="1"/><net_sink comp="191" pin=17"/></net>

<net id="507"><net_src comp="502" pin="1"/><net_sink comp="333" pin=0"/></net>

<net id="511"><net_src comp="114" pin="1"/><net_sink comp="508" pin=0"/></net>

<net id="512"><net_src comp="508" pin="1"/><net_sink comp="191" pin=16"/></net>

<net id="513"><net_src comp="508" pin="1"/><net_sink comp="329" pin=0"/></net>

<net id="517"><net_src comp="118" pin="1"/><net_sink comp="514" pin=0"/></net>

<net id="518"><net_src comp="514" pin="1"/><net_sink comp="191" pin=15"/></net>

<net id="519"><net_src comp="514" pin="1"/><net_sink comp="325" pin=0"/></net>

<net id="523"><net_src comp="122" pin="1"/><net_sink comp="520" pin=0"/></net>

<net id="524"><net_src comp="520" pin="1"/><net_sink comp="191" pin=14"/></net>

<net id="525"><net_src comp="520" pin="1"/><net_sink comp="321" pin=0"/></net>

<net id="529"><net_src comp="126" pin="1"/><net_sink comp="526" pin=0"/></net>

<net id="530"><net_src comp="526" pin="1"/><net_sink comp="191" pin=13"/></net>

<net id="531"><net_src comp="526" pin="1"/><net_sink comp="317" pin=0"/></net>

<net id="535"><net_src comp="130" pin="1"/><net_sink comp="532" pin=0"/></net>

<net id="536"><net_src comp="532" pin="1"/><net_sink comp="191" pin=12"/></net>

<net id="537"><net_src comp="532" pin="1"/><net_sink comp="313" pin=0"/></net>

<net id="541"><net_src comp="134" pin="1"/><net_sink comp="538" pin=0"/></net>

<net id="542"><net_src comp="538" pin="1"/><net_sink comp="191" pin=11"/></net>

<net id="543"><net_src comp="538" pin="1"/><net_sink comp="309" pin=0"/></net>

<net id="547"><net_src comp="138" pin="1"/><net_sink comp="544" pin=0"/></net>

<net id="548"><net_src comp="544" pin="1"/><net_sink comp="191" pin=10"/></net>

<net id="549"><net_src comp="544" pin="1"/><net_sink comp="305" pin=0"/></net>

<net id="553"><net_src comp="142" pin="1"/><net_sink comp="550" pin=0"/></net>

<net id="554"><net_src comp="550" pin="1"/><net_sink comp="191" pin=9"/></net>

<net id="555"><net_src comp="550" pin="1"/><net_sink comp="301" pin=0"/></net>

<net id="559"><net_src comp="146" pin="1"/><net_sink comp="556" pin=0"/></net>

<net id="560"><net_src comp="556" pin="1"/><net_sink comp="191" pin=8"/></net>

<net id="561"><net_src comp="556" pin="1"/><net_sink comp="297" pin=0"/></net>

<net id="565"><net_src comp="150" pin="1"/><net_sink comp="562" pin=0"/></net>

<net id="566"><net_src comp="562" pin="1"/><net_sink comp="191" pin=7"/></net>

<net id="567"><net_src comp="562" pin="1"/><net_sink comp="293" pin=0"/></net>

<net id="571"><net_src comp="154" pin="1"/><net_sink comp="568" pin=0"/></net>

<net id="572"><net_src comp="568" pin="1"/><net_sink comp="191" pin=6"/></net>

<net id="573"><net_src comp="568" pin="1"/><net_sink comp="289" pin=0"/></net>

<net id="577"><net_src comp="158" pin="1"/><net_sink comp="574" pin=0"/></net>

<net id="578"><net_src comp="574" pin="1"/><net_sink comp="191" pin=5"/></net>

<net id="579"><net_src comp="574" pin="1"/><net_sink comp="285" pin=0"/></net>

<net id="583"><net_src comp="162" pin="1"/><net_sink comp="580" pin=0"/></net>

<net id="584"><net_src comp="580" pin="1"/><net_sink comp="191" pin=4"/></net>

<net id="585"><net_src comp="580" pin="1"/><net_sink comp="281" pin=0"/></net>

<net id="589"><net_src comp="166" pin="1"/><net_sink comp="586" pin=0"/></net>

<net id="590"><net_src comp="586" pin="1"/><net_sink comp="191" pin=3"/></net>

<net id="591"><net_src comp="586" pin="1"/><net_sink comp="277" pin=0"/></net>

<net id="595"><net_src comp="170" pin="1"/><net_sink comp="592" pin=0"/></net>

<net id="596"><net_src comp="592" pin="1"/><net_sink comp="191" pin=2"/></net>

<net id="597"><net_src comp="592" pin="1"/><net_sink comp="273" pin=0"/></net>

<net id="601"><net_src comp="174" pin="1"/><net_sink comp="598" pin=0"/></net>

<net id="602"><net_src comp="598" pin="1"/><net_sink comp="191" pin=1"/></net>

<net id="603"><net_src comp="598" pin="1"/><net_sink comp="269" pin=0"/></net>

<net id="703"><net_src comp="397" pin="1"/><net_sink comp="700" pin=0"/></net>

<net id="704"><net_src comp="700" pin="1"/><net_sink comp="227" pin=6"/></net>

</net_list>

</model> 
---------------- Datapath Model END ------------------

* FSMD analyzer results:
  - Output states:
	Port: data_ram | {3 4 }
	Port: nb_instruction | {5 }
 - Input state : 
	Port: rv32i_npp_ip : start_pc | {3 }
	Port: rv32i_npp_ip : code_ram | {3 4 }
	Port: rv32i_npp_ip : data_ram | {3 4 }
  - Chain level:
	State 1
		call_ln0 : 1
	State 2
	State 3
		call_ln261 : 1
	State 4
	State 5
		write_ln58 : 1


============================================================
+ Verbose Summary: Datapath Resource usage 
============================================================

* Functional unit list:
|----------|--------------------------------------------------|---------|---------|---------|
| Operation|                  Functional Unit                 |  Delay  |    FF   |   LUT   |
|----------|--------------------------------------------------|---------|---------|---------|
|   call   | grp_rv32i_npp_ip_Pipeline_VITIS_LOOP_42_1_fu_191 |    0    |   1030  |    24   |
|          | grp_rv32i_npp_ip_Pipeline_VITIS_LOOP_45_2_fu_227 | 14.4113 |   2128  |   2135  |
|----------|--------------------------------------------------|---------|---------|---------|
|   read   |             start_pc_read_read_fu_178            |    0    |    0    |    0    |
|----------|--------------------------------------------------|---------|---------|---------|
|   write  |              write_ln58_write_fu_184             |    0    |    0    |    0    |
|----------|--------------------------------------------------|---------|---------|---------|
|   trunc  |                    pc_V_fu_397                   |    0    |    0    |    0    |
|----------|--------------------------------------------------|---------|---------|---------|
|   Total  |                                                  | 14.4113 |   3158  |   2159  |
|----------|--------------------------------------------------|---------|---------|---------|

Memories:
N/A

* Register list:
+-----------------------+--------+
|                       |   FF   |
+-----------------------+--------+
|    nbi_loc_reg_406    |   32   |
|      pc_V_reg_700     |   16   |
|reg_file_10_loc_reg_472|   32   |
|reg_file_11_loc_reg_478|   32   |
|reg_file_12_loc_reg_484|   32   |
|reg_file_13_loc_reg_490|   32   |
|reg_file_14_loc_reg_496|   32   |
|reg_file_15_loc_reg_502|   32   |
|reg_file_16_loc_reg_508|   32   |
|reg_file_17_loc_reg_514|   32   |
|reg_file_18_loc_reg_520|   32   |
|reg_file_19_loc_reg_526|   32   |
| reg_file_1_loc_reg_418|   32   |
|reg_file_20_loc_reg_532|   32   |
|reg_file_21_loc_reg_538|   32   |
|reg_file_22_loc_reg_544|   32   |
|reg_file_23_loc_reg_550|   32   |
|reg_file_24_loc_reg_556|   32   |
|reg_file_25_loc_reg_562|   32   |
|reg_file_26_loc_reg_568|   32   |
|reg_file_27_loc_reg_574|   32   |
|reg_file_28_loc_reg_580|   32   |
|reg_file_29_loc_reg_586|   32   |
| reg_file_2_loc_reg_424|   32   |
|reg_file_30_loc_reg_592|   32   |
|reg_file_31_loc_reg_598|   32   |
| reg_file_3_loc_reg_430|   32   |
| reg_file_4_loc_reg_436|   32   |
| reg_file_5_loc_reg_442|   32   |
| reg_file_6_loc_reg_448|   32   |
| reg_file_7_loc_reg_454|   32   |
| reg_file_8_loc_reg_460|   32   |
| reg_file_9_loc_reg_466|   32   |
|  reg_file_loc_reg_412 |   32   |
+-----------------------+--------+
|         Total         |  1072  |
+-----------------------+--------+

* Multiplexer (MUX) list: 
|--------------------------------------------------|------|------|------|--------||---------||---------|
|                       Comp                       |  Pin | Size |  BW  | S x BW ||  Delay  ||   LUT   |
|--------------------------------------------------|------|------|------|--------||---------||---------|
| grp_rv32i_npp_ip_Pipeline_VITIS_LOOP_45_2_fu_227 |  p6  |   2  |  16  |   32   ||    9    |
|--------------------------------------------------|------|------|------|--------||---------||---------|
|                       Total                      |      |      |      |   32   ||  1.588  ||    9    |
|--------------------------------------------------|------|------|------|--------||---------||---------|



* Summary:
+-----------+--------+--------+--------+
|           |  Delay |   FF   |   LUT  |
+-----------+--------+--------+--------+
|  Function |   14   |  3158  |  2159  |
|   Memory  |    -   |    -   |    -   |
|Multiplexer|    1   |    -   |    9   |
|  Register |    -   |  1072  |    -   |
+-----------+--------+--------+--------+
|   Total   |   15   |  4230  |  2168  |
+-----------+--------+--------+--------+
