

================================================================
== Vitis HLS Report for 'rv32i_npp_ip'
================================================================
* Date:           Wed Sep 11 20:50:57 2024

* Version:        2024.1 (Build 5069499 on May 21 2024)
* Project:        rv32i_npp_ip
* Solution:       hls (Vivado IP Flow Target)
* Product family: zynq
* Target device:  xc7z020-clg400-1


================================================================
== Performance Estimates
================================================================
+ Timing: 
    * Summary: 
    +--------+----------+----------+------------+
    |  Clock |  Target  | Estimated| Uncertainty|
    +--------+----------+----------+------------+
    |ap_clk  |  10.00 ns|  9.688 ns|     2.70 ns|
    +--------+----------+----------+------------+

+ Latency: 
    * Summary: 
    +---------+---------+----------+----------+-----+-----+-----------------------------------------------+
    |  Latency (cycles) |  Latency (absolute) |  Interval |                    Pipeline                   |
    |   min   |   max   |    min   |    max   | min | max |                      Type                     |
    +---------+---------+----------+----------+-----+-----+-----------------------------------------------+
    |        ?|        ?|         ?|         ?|    0|    0|  loop auto-rewind stp(delay=0 clock cycles(s))|
    +---------+---------+----------+----------+-----+-----+-----------------------------------------------+

    + Detail: 
        * Instance: 
        N/A

        * Loop: 
        +-------------------+---------+---------+----------+-----------+-----------+------+----------+
        |                   |  Latency (cycles) | Iteration|  Initiation Interval  | Trip |          |
        |     Loop Name     |   min   |   max   |  Latency |  achieved |   target  | Count| Pipelined|
        +-------------------+---------+---------+----------+-----------+-----------+------+----------+
        |- VITIS_LOOP_45_2  |        ?|        ?|         7|          7|          7|     ?|       yes|
        +-------------------+---------+---------+----------+-----------+-----------+------+----------+



================================================================
== Utilization Estimates
================================================================
* Summary: 
+-----------------+---------+-----+--------+-------+-----+
|       Name      | BRAM_18K| DSP |   FF   |  LUT  | URAM|
+-----------------+---------+-----+--------+-------+-----+
|DSP              |        -|    -|       -|      -|    -|
|Expression       |        -|    -|       0|   2195|    -|
|FIFO             |        -|    -|       -|      -|    -|
|Instance         |        0|    -|     112|    497|    -|
|Memory           |        -|    -|       -|      -|    -|
|Multiplexer      |        -|    -|       0|    844|    -|
|Register         |        -|    -|    2862|      -|    -|
+-----------------+---------+-----+--------+-------+-----+
|Total            |        0|    0|    2974|   3536|    0|
+-----------------+---------+-----+--------+-------+-----+
|Available        |      280|  220|  106400|  53200|    0|
+-----------------+---------+-----+--------+-------+-----+
|Utilization (%)  |        0|    0|       2|      6|    0|
+-----------------+---------+-----+--------+-------+-----+

+ Detail: 
    * Instance: 
    +--------------------------+-----------------------+---------+----+-----+-----+-----+
    |         Instance         |         Module        | BRAM_18K| DSP|  FF | LUT | URAM|
    +--------------------------+-----------------------+---------+----+-----+-----+-----+
    |control_s_axi_U           |control_s_axi          |        0|   0|  112|  168|    0|
    |sparsemux_15_6_1_1_1_U3   |sparsemux_15_6_1_1_1   |        0|   0|    0|   31|    0|
    |sparsemux_65_5_32_1_1_U1  |sparsemux_65_5_32_1_1  |        0|   0|    0|  142|    0|
    |sparsemux_65_5_32_1_1_U2  |sparsemux_65_5_32_1_1  |        0|   0|    0|  142|    0|
    |sparsemux_9_3_8_1_1_U4    |sparsemux_9_3_8_1_1    |        0|   0|    0|   14|    0|
    +--------------------------+-----------------------+---------+----+-----+-----+-----+
    |Total                     |                       |        0|   0|  112|  497|    0|
    +--------------------------+-----------------------+---------+----+-----+-----+-----+

    * DSP: 
    N/A

    * Memory: 
    N/A

    * FIFO: 
    N/A

    * Expression: 
    +-------------------------------+----------+----+---+-----+------------+------------+
    |         Variable Name         | Operation| DSP| FF| LUT | Bitwidth P0| Bitwidth P1|
    +-------------------------------+----------+----+---+-----+------------+------------+
    |add_ln138_fu_2279_p2           |         +|   0|  0|   24|          17|          17|
    |add_ln147_fu_2260_p2           |         +|   0|  0|   20|          15|          15|
    |add_ln153_fu_2227_p2           |         +|   0|  0|   20|          15|          15|
    |add_ln40_fu_2338_p2            |         +|   0|  0|   39|          32|           1|
    |grp_fu_633_p2                  |         +|   0|  0|   39|          32|          32|
    |grp_fu_647_p2                  |         +|   0|  0|   20|          15|           1|
    |npc4_fu_1414_p2                |         +|   0|  0|   20|          15|           3|
    |result_2_fu_1428_p2            |         +|   0|  0|   39|          32|          32|
    |result_7_fu_1730_p2            |         +|   0|  0|   39|          32|          32|
    |result_19_fu_1641_p2           |         -|   0|  0|   39|          32|          32|
    |result_6_fu_1724_p2            |         -|   0|  0|   39|          32|          32|
    |and_ln22_fu_2047_p2            |       and|   0|  0|    2|           1|           1|
    |and_ln55_1_fu_1637_p2          |       and|   0|  0|    2|           1|           1|
    |and_ln55_fu_1720_p2            |       and|   0|  0|    2|           1|           1|
    |ap_predicate_pred448_state4    |       and|   0|  0|    2|           1|           1|
    |ap_predicate_pred453_state4    |       and|   0|  0|    2|           1|           1|
    |ap_predicate_pred466_state4    |       and|   0|  0|    2|           1|           1|
    |ap_predicate_pred471_state4    |       and|   0|  0|    2|           1|           1|
    |ap_predicate_pred476_state4    |       and|   0|  0|    2|           1|           1|
    |ap_predicate_pred482_state4    |       and|   0|  0|    2|           1|           1|
    |ap_predicate_pred488_state4    |       and|   0|  0|    2|           1|           1|
    |ap_predicate_pred493_state4    |       and|   0|  0|    2|           1|           1|
    |ap_predicate_pred498_state4    |       and|   0|  0|    2|           1|           1|
    |ap_predicate_pred502_state4    |       and|   0|  0|    2|           1|           1|
    |ap_predicate_pred506_state4    |       and|   0|  0|    2|           1|           1|
    |ap_predicate_pred510_state4    |       and|   0|  0|    2|           1|           1|
    |ap_predicate_pred515_state4    |       and|   0|  0|    2|           1|           1|
    |ap_predicate_pred520_state4    |       and|   0|  0|    2|           1|           1|
    |ap_predicate_pred524_state4    |       and|   0|  0|    2|           1|           1|
    |ap_predicate_pred528_state4    |       and|   0|  0|    2|           1|           1|
    |ap_predicate_pred90_state4     |       and|   0|  0|    2|           1|           1|
    |result_18_fu_1655_p2           |       and|   0|  0|   32|          32|          32|
    |result_5_fu_1744_p2            |       and|   0|  0|   32|          32|          32|
    |result_13_fu_1685_p2           |      ashr|   0|  0|  100|          32|          32|
    |result_26_fu_1590_p2           |      ashr|   0|  0|  100|          32|          32|
    |d_i_is_jalr_fu_1016_p2         |      icmp|   0|  0|   13|           5|           4|
    |d_i_is_load_fu_1004_p2         |      icmp|   0|  0|   13|           5|           1|
    |d_i_is_lui_fu_1022_p2          |      icmp|   0|  0|   13|           5|           4|
    |d_i_is_op_imm_fu_1028_p2       |      icmp|   0|  0|   13|           5|           3|
    |d_i_is_r_type_fu_1054_p2       |      icmp|   0|  0|   11|           3|           1|
    |d_i_is_store_fu_1010_p2        |      icmp|   0|  0|   13|           5|           4|
    |grp_fu_625_p2                  |      icmp|   0|  0|   39|          32|          32|
    |grp_fu_629_p2                  |      icmp|   0|  0|   39|          32|          32|
    |icmp_ln188_1_fu_1951_p2        |      icmp|   0|  0|   10|           2|           1|
    |icmp_ln188_2_fu_1956_p2        |      icmp|   0|  0|   10|           2|           1|
    |icmp_ln188_fu_1946_p2          |      icmp|   0|  0|   11|           2|           3|
    |icmp_ln18_1_fu_2324_p2         |      icmp|   0|  0|   20|          15|           1|
    |icmp_ln18_fu_2316_p2           |      icmp|   0|  0|   39|          32|          16|
    |icmp_ln22_1_fu_2041_p2         |      icmp|   0|  0|   13|           5|           5|
    |icmp_ln22_fu_2019_p2           |      icmp|   0|  0|   13|           5|           1|
    |icmp_ln31_1_fu_1482_p2         |      icmp|   0|  0|   11|           3|           3|
    |icmp_ln31_2_fu_1487_p2         |      icmp|   0|  0|   13|           3|           4|
    |icmp_ln31_3_fu_1492_p2         |      icmp|   0|  0|   11|           3|           1|
    |icmp_ln31_4_fu_1497_p2         |      icmp|   0|  0|   11|           3|           1|
    |icmp_ln31_5_fu_1502_p2         |      icmp|   0|  0|   11|           3|           2|
    |icmp_ln31_6_fu_1507_p2         |      icmp|   0|  0|   11|           3|           2|
    |icmp_ln31_fu_1477_p2           |      icmp|   0|  0|   11|           3|           3|
    |icmp_ln37_fu_1459_p2           |      icmp|   0|  0|   39|          32|          32|
    |result_1_fu_1534_p10           |      icmp|   0|  0|   39|          32|          32|
    |result_1_fu_1534_p2            |      icmp|   0|  0|   39|          32|          32|
    |result_1_fu_1534_p8            |      icmp|   0|  0|   39|          32|          32|
    |result_23_fu_1621_p2           |      icmp|   0|  0|   39|          32|          32|
    |result_24_fu_1615_p2           |      icmp|   0|  0|   39|          32|          32|
    |result_14_fu_1691_p2           |      lshr|   0|  0|  100|          32|          32|
    |result_27_fu_1596_p2           |      lshr|   0|  0|  100|          32|          32|
    |or_ln18_fu_2330_p2             |        or|   0|  0|    2|           1|           1|
    |or_ln31_fu_1512_p2             |        or|   0|  0|    2|           1|           1|
    |result_16_fu_1675_p2           |        or|   0|  0|   32|          32|          32|
    |result_29_fu_1580_p2           |        or|   0|  0|   32|          32|          32|
    |conv25_i110_i_i_pn_fu_2252_p3  |    select|   0|  0|   15|           1|          15|
    |h_fu_2003_p3                   |    select|   0|  0|   16|           1|          16|
    |result_15_fu_1697_p3           |    select|   0|  0|   32|           1|          32|
    |result_21_fu_1647_p3           |    select|   0|  0|   32|           1|          32|
    |result_28_fu_1602_p3           |    select|   0|  0|   32|           1|          32|
    |result_3_fu_1434_p3            |    select|   0|  0|   32|           1|          32|
    |result_8_fu_1736_p3            |    select|   0|  0|   32|           1|          32|
    |select_ln136_fu_2294_p3        |    select|   0|  0|   15|           1|          15|
    |shift_1_fu_1669_p3             |    select|   0|  0|    5|           1|           5|
    |shift_3_fu_1574_p3             |    select|   0|  0|    5|           1|           5|
    |result_22_fu_1631_p2           |       shl|   0|  0|  100|          32|          32|
    |result_9_fu_1714_p2            |       shl|   0|  0|  100|          32|          32|
    |shl_ln233_2_fu_1869_p2         |       shl|   0|  0|  100|          32|          32|
    |shl_ln233_fu_1850_p2           |       shl|   0|  0|    9|           1|           4|
    |shl_ln236_2_fu_1836_p2         |       shl|   0|  0|  100|          32|          32|
    |shl_ln236_fu_1818_p2           |       shl|   0|  0|    9|           2|           4|
    |result_12_fu_1704_p2           |       xor|   0|  0|   32|          32|          32|
    |result_1_fu_1534_p14           |       xor|   0|  0|    2|           1|           2|
    |result_1_fu_1534_p4            |       xor|   0|  0|    2|           1|           2|
    |result_25_fu_1609_p2           |       xor|   0|  0|   32|          32|          32|
    +-------------------------------+----------+----+---+-----+------------+------------+
    |Total                          |          |   0|  0| 2195|        1122|        1227|
    +-------------------------------+----------+----+---+-----+------------+------------+

    * Multiplexer: 
    +----------------------------------------+-----+-----------+-----+-----------+
    |                  Name                  | LUT | Input Size| Bits| Total Bits|
    +----------------------------------------+-----+-----------+-----+-----------+
    |ap_NS_fsm                               |   42|          8|    1|          8|
    |ap_done_int                             |    9|          2|    1|          2|
    |ap_phi_mux_d_i_imm_5_phi_fu_527_p12     |   31|          6|   20|        120|
    |ap_phi_mux_d_i_type_phi_fu_481_p26      |   42|          8|    3|         24|
    |ap_phi_mux_result_30_phi_fu_547_p48     |  100|         20|   32|        640|
    |ap_phi_reg_pp0_iter0_result_30_reg_543  |   14|          3|   13|         39|
    |ap_phi_reg_pp0_iter0_result_35_reg_600  |   37|          7|   32|        224|
    |ap_sig_allocacmp_pc_1                   |    9|          2|   15|         30|
    |d_i_imm_5_reg_523                       |   31|          6|   20|        120|
    |d_i_type_reg_478                        |   42|          8|    3|         24|
    |data_ram_Addr_A_orig                    |   25|          5|   32|        160|
    |data_ram_Din_A_local                    |   20|          4|   32|        128|
    |data_ram_WEN_A_local                    |   20|          4|    4|         16|
    |nbi_fu_282                              |    9|          2|   32|         64|
    |pc_fu_286                               |   25|          5|   15|         75|
    |reg_file_10_fu_330                      |    9|          2|   32|         64|
    |reg_file_11_fu_334                      |    9|          2|   32|         64|
    |reg_file_12_fu_338                      |    9|          2|   32|         64|
    |reg_file_13_fu_342                      |    9|          2|   32|         64|
    |reg_file_14_fu_346                      |    9|          2|   32|         64|
    |reg_file_15_fu_350                      |    9|          2|   32|         64|
    |reg_file_16_fu_354                      |    9|          2|   32|         64|
    |reg_file_17_fu_358                      |    9|          2|   32|         64|
    |reg_file_18_fu_362                      |    9|          2|   32|         64|
    |reg_file_19_fu_366                      |    9|          2|   32|         64|
    |reg_file_1_fu_294                       |    9|          2|   32|         64|
    |reg_file_20_fu_370                      |    9|          2|   32|         64|
    |reg_file_21_fu_374                      |    9|          2|   32|         64|
    |reg_file_22_fu_378                      |    9|          2|   32|         64|
    |reg_file_23_fu_382                      |    9|          2|   32|         64|
    |reg_file_24_fu_386                      |    9|          2|   32|         64|
    |reg_file_25_fu_390                      |    9|          2|   32|         64|
    |reg_file_26_fu_394                      |    9|          2|   32|         64|
    |reg_file_27_fu_398                      |    9|          2|   32|         64|
    |reg_file_28_fu_402                      |    9|          2|   32|         64|
    |reg_file_29_fu_406                      |    9|          2|   32|         64|
    |reg_file_2_fu_298                       |    9|          2|   32|         64|
    |reg_file_30_fu_410                      |    9|          2|   32|         64|
    |reg_file_31_fu_414                      |    9|          2|   32|         64|
    |reg_file_3_fu_302                       |    9|          2|   32|         64|
    |reg_file_4_fu_306                       |    9|          2|   32|         64|
    |reg_file_5_fu_310                       |    9|          2|   32|         64|
    |reg_file_6_fu_314                       |    9|          2|   32|         64|
    |reg_file_7_fu_318                       |    9|          2|   32|         64|
    |reg_file_8_fu_322                       |    9|          2|   32|         64|
    |reg_file_9_fu_326                       |    9|          2|   32|         64|
    |reg_file_fu_290                         |    9|          2|   32|         64|
    |result_30_reg_543                       |  100|         20|   32|        640|
    +----------------------------------------+-----+-----------+-----+-----------+
    |Total                                   |  844|        174| 1311|       4362|
    +----------------------------------------+-----+-----------+-----+-----------+

    * Register: 
    +----------------------------------------+----+----+-----+-----------+
    |                  Name                  | FF | LUT| Bits| Const Bits|
    +----------------------------------------+----+----+-----+-----------+
    |a01_reg_3025                            |   2|   0|    2|          0|
    |a1_reg_3036                             |  15|   0|   15|          0|
    |ap_CS_fsm                               |   7|   0|    7|          0|
    |ap_done_reg                             |   1|   0|    1|          0|
    |ap_phi_reg_pp0_iter0_result_30_reg_543  |  13|   0|   32|         19|
    |ap_phi_reg_pp0_iter0_result_35_reg_600  |  32|   0|   32|          0|
    |ap_predicate_pred448_state4             |   1|   0|    1|          0|
    |ap_predicate_pred453_state4             |   1|   0|    1|          0|
    |ap_predicate_pred466_state4             |   1|   0|    1|          0|
    |ap_predicate_pred471_state4             |   1|   0|    1|          0|
    |ap_predicate_pred476_state4             |   1|   0|    1|          0|
    |ap_predicate_pred482_state4             |   1|   0|    1|          0|
    |ap_predicate_pred488_state4             |   1|   0|    1|          0|
    |ap_predicate_pred493_state4             |   1|   0|    1|          0|
    |ap_predicate_pred498_state4             |   1|   0|    1|          0|
    |ap_predicate_pred502_state4             |   1|   0|    1|          0|
    |ap_predicate_pred506_state4             |   1|   0|    1|          0|
    |ap_predicate_pred510_state4             |   1|   0|    1|          0|
    |ap_predicate_pred515_state4             |   1|   0|    1|          0|
    |ap_predicate_pred520_state4             |   1|   0|    1|          0|
    |ap_predicate_pred524_state4             |   1|   0|    1|          0|
    |ap_predicate_pred528_state4             |   1|   0|    1|          0|
    |ap_predicate_pred90_state4              |   1|   0|    1|          0|
    |d_i_func3_reg_2828                      |   3|   0|    3|          0|
    |d_i_imm_5_reg_523                       |  20|   0|   20|          0|
    |d_i_is_jalr_reg_2867                    |   1|   0|    1|          0|
    |d_i_is_load_reg_2859                    |   1|   0|    1|          0|
    |d_i_is_lui_reg_2872                     |   1|   0|    1|          0|
    |d_i_is_op_imm_reg_2877                  |   1|   0|    1|          0|
    |d_i_is_r_type_reg_2889                  |   1|   0|    1|          0|
    |d_i_is_store_reg_2863                   |   1|   0|    1|          0|
    |d_i_rd_reg_2817                         |   5|   0|    5|          0|
    |d_i_rs1_reg_2839                        |   5|   0|    5|          0|
    |d_i_rs2_reg_2844                        |   5|   0|    5|          0|
    |d_i_type_reg_478                        |   3|   0|    3|          0|
    |d_imm_inst_11_8_reg_2903                |   4|   0|    4|          0|
    |d_imm_inst_19_12_reg_2823               |   8|   0|    8|          0|
    |d_imm_inst_31_reg_2897                  |   1|   0|    1|          0|
    |d_imm_inst_7_reg_2908                   |   1|   0|    1|          0|
    |f7_6_reg_2851                           |   1|   0|    1|          0|
    |icmp_ln18_reg_3084                      |   1|   0|    1|          0|
    |instruction_reg_2804                    |  32|   0|   32|          0|
    |msize_reg_3032                          |   2|   0|    2|          0|
    |nbi_fu_282                              |  32|   0|   32|          0|
    |pc_1_reg_2599                           |  15|   0|   15|          0|
    |pc_fu_286                               |  15|   0|   15|          0|
    |reg_652                                 |  32|   0|   32|          0|
    |reg_file_10_fu_330                      |  32|   0|   32|          0|
    |reg_file_11_fu_334                      |  32|   0|   32|          0|
    |reg_file_12_fu_338                      |  32|   0|   32|          0|
    |reg_file_13_fu_342                      |  32|   0|   32|          0|
    |reg_file_14_fu_346                      |  32|   0|   32|          0|
    |reg_file_15_fu_350                      |  32|   0|   32|          0|
    |reg_file_16_fu_354                      |  32|   0|   32|          0|
    |reg_file_17_fu_358                      |  32|   0|   32|          0|
    |reg_file_18_fu_362                      |  32|   0|   32|          0|
    |reg_file_19_fu_366                      |  32|   0|   32|          0|
    |reg_file_1_fu_294                       |  32|   0|   32|          0|
    |reg_file_20_fu_370                      |  32|   0|   32|          0|
    |reg_file_21_fu_374                      |  32|   0|   32|          0|
    |reg_file_22_fu_378                      |  32|   0|   32|          0|
    |reg_file_23_fu_382                      |  32|   0|   32|          0|
    |reg_file_24_fu_386                      |  32|   0|   32|          0|
    |reg_file_25_fu_390                      |  32|   0|   32|          0|
    |reg_file_26_fu_394                      |  32|   0|   32|          0|
    |reg_file_27_fu_398                      |  32|   0|   32|          0|
    |reg_file_28_fu_402                      |  32|   0|   32|          0|
    |reg_file_29_fu_406                      |  32|   0|   32|          0|
    |reg_file_2_fu_298                       |  32|   0|   32|          0|
    |reg_file_30_fu_410                      |  32|   0|   32|          0|
    |reg_file_31_fu_414                      |  32|   0|   32|          0|
    |reg_file_32_reg_2612                    |  32|   0|   32|          0|
    |reg_file_33_reg_2618                    |  32|   0|   32|          0|
    |reg_file_34_reg_2624                    |  32|   0|   32|          0|
    |reg_file_35_reg_2630                    |  32|   0|   32|          0|
    |reg_file_36_reg_2636                    |  32|   0|   32|          0|
    |reg_file_37_reg_2642                    |  32|   0|   32|          0|
    |reg_file_38_reg_2648                    |  32|   0|   32|          0|
    |reg_file_39_reg_2654                    |  32|   0|   32|          0|
    |reg_file_3_fu_302                       |  32|   0|   32|          0|
    |reg_file_40_reg_2660                    |  32|   0|   32|          0|
    |reg_file_41_reg_2666                    |  32|   0|   32|          0|
    |reg_file_42_reg_2672                    |  32|   0|   32|          0|
    |reg_file_43_reg_2678                    |  32|   0|   32|          0|
    |reg_file_44_reg_2684                    |  32|   0|   32|          0|
    |reg_file_45_reg_2690                    |  32|   0|   32|          0|
    |reg_file_46_reg_2696                    |  32|   0|   32|          0|
    |reg_file_47_reg_2702                    |  32|   0|   32|          0|
    |reg_file_48_reg_2708                    |  32|   0|   32|          0|
    |reg_file_49_reg_2714                    |  32|   0|   32|          0|
    |reg_file_4_fu_306                       |  32|   0|   32|          0|
    |reg_file_50_reg_2720                    |  32|   0|   32|          0|
    |reg_file_51_reg_2726                    |  32|   0|   32|          0|
    |reg_file_52_reg_2732                    |  32|   0|   32|          0|
    |reg_file_53_reg_2738                    |  32|   0|   32|          0|
    |reg_file_54_reg_2744                    |  32|   0|   32|          0|
    |reg_file_55_reg_2750                    |  32|   0|   32|          0|
    |reg_file_56_reg_2756                    |  32|   0|   32|          0|
    |reg_file_57_reg_2762                    |  32|   0|   32|          0|
    |reg_file_58_reg_2768                    |  32|   0|   32|          0|
    |reg_file_59_reg_2774                    |  32|   0|   32|          0|
    |reg_file_5_fu_310                       |  32|   0|   32|          0|
    |reg_file_60_reg_2780                    |  32|   0|   32|          0|
    |reg_file_61_reg_2786                    |  32|   0|   32|          0|
    |reg_file_62_reg_2792                    |  32|   0|   32|          0|
    |reg_file_63_reg_2798                    |  32|   0|   32|          0|
    |reg_file_6_fu_314                       |  32|   0|   32|          0|
    |reg_file_7_fu_318                       |  32|   0|   32|          0|
    |reg_file_8_fu_322                       |  32|   0|   32|          0|
    |reg_file_9_fu_326                       |  32|   0|   32|          0|
    |reg_file_fu_290                         |  32|   0|   32|          0|
    |result_10_reg_3005                      |   1|   0|    1|          0|
    |result_11_reg_3000                      |   1|   0|    1|          0|
    |result_12_reg_2995                      |  32|   0|   32|          0|
    |result_15_reg_2990                      |  32|   0|   32|          0|
    |result_16_reg_2985                      |  32|   0|   32|          0|
    |result_18_reg_2975                      |  32|   0|   32|          0|
    |result_1_reg_2935                       |   1|   0|    1|          0|
    |result_21_reg_2970                      |  32|   0|   32|          0|
    |result_22_reg_2965                      |  32|   0|   32|          0|
    |result_23_reg_2960                      |   1|   0|    1|          0|
    |result_24_reg_2955                      |   1|   0|    1|          0|
    |result_25_reg_2950                      |  32|   0|   32|          0|
    |result_28_reg_2945                      |  32|   0|   32|          0|
    |result_29_reg_2940                      |  32|   0|   32|          0|
    |result_30_reg_543                       |  32|   0|   32|          0|
    |result_3_reg_2930                       |  30|   0|   32|          2|
    |result_5_reg_3020                       |  32|   0|   32|          0|
    |result_8_reg_3015                       |  32|   0|   32|          0|
    |result_9_reg_3010                       |  32|   0|   32|          0|
    |rv2_reg_2918                            |  32|   0|   32|          0|
    |shl_ln236_2_reg_3046                    |  32|   0|   32|          0|
    |shl_ln236_reg_3041                      |   4|   0|    4|          0|
    |trunc_ln251_reg_2913                    |  17|   0|   17|          0|
    +----------------------------------------+----+----+-----+-----------+
    |Total                                   |2862|   0| 2883|         21|
    +----------------------------------------+----+----+-----+-----------+



================================================================
== Interface
================================================================
* Summary: 
+-----------------------+-----+-----+------------+--------------+--------------+
|       RTL Ports       | Dir | Bits|  Protocol  | Source Object|    C Type    |
+-----------------------+-----+-----+------------+--------------+--------------+
|s_axi_control_AWVALID  |   in|    1|       s_axi|       control|       pointer|
|s_axi_control_AWREADY  |  out|    1|       s_axi|       control|       pointer|
|s_axi_control_AWADDR   |   in|    5|       s_axi|       control|       pointer|
|s_axi_control_WVALID   |   in|    1|       s_axi|       control|       pointer|
|s_axi_control_WREADY   |  out|    1|       s_axi|       control|       pointer|
|s_axi_control_WDATA    |   in|   32|       s_axi|       control|       pointer|
|s_axi_control_WSTRB    |   in|    4|       s_axi|       control|       pointer|
|s_axi_control_ARVALID  |   in|    1|       s_axi|       control|       pointer|
|s_axi_control_ARREADY  |  out|    1|       s_axi|       control|       pointer|
|s_axi_control_ARADDR   |   in|    5|       s_axi|       control|       pointer|
|s_axi_control_RVALID   |  out|    1|       s_axi|       control|       pointer|
|s_axi_control_RREADY   |   in|    1|       s_axi|       control|       pointer|
|s_axi_control_RDATA    |  out|   32|       s_axi|       control|       pointer|
|s_axi_control_RRESP    |  out|    2|       s_axi|       control|       pointer|
|s_axi_control_BVALID   |  out|    1|       s_axi|       control|       pointer|
|s_axi_control_BREADY   |   in|    1|       s_axi|       control|       pointer|
|s_axi_control_BRESP    |  out|    2|       s_axi|       control|       pointer|
|ap_clk                 |   in|    1|  ap_ctrl_hs|  rv32i_npp_ip|  return value|
|ap_rst_n               |   in|    1|  ap_ctrl_hs|  rv32i_npp_ip|  return value|
|interrupt              |  out|    1|  ap_ctrl_hs|  rv32i_npp_ip|  return value|
|code_ram_Addr_A        |  out|   32|        bram|      code_ram|         array|
|code_ram_EN_A          |  out|    1|        bram|      code_ram|         array|
|code_ram_WEN_A         |  out|    4|        bram|      code_ram|         array|
|code_ram_Din_A         |  out|   32|        bram|      code_ram|         array|
|code_ram_Dout_A        |   in|   32|        bram|      code_ram|         array|
|code_ram_Clk_A         |  out|    1|        bram|      code_ram|         array|
|code_ram_Rst_A         |  out|    1|        bram|      code_ram|         array|
|data_ram_Addr_A        |  out|   32|        bram|      data_ram|         array|
|data_ram_EN_A          |  out|    1|        bram|      data_ram|         array|
|data_ram_WEN_A         |  out|    4|        bram|      data_ram|         array|
|data_ram_Din_A         |  out|   32|        bram|      data_ram|         array|
|data_ram_Dout_A        |   in|   32|        bram|      data_ram|         array|
|data_ram_Clk_A         |  out|    1|        bram|      data_ram|         array|
|data_ram_Rst_A         |  out|    1|        bram|      data_ram|         array|
+-----------------------+-----+-----+------------+--------------+--------------+

