Sun Sep  8 19:20:09 2024: Running xcd server. This server was built by gradle.
Sun Sep  8 19:20:09 2024: Server was asked to start on port: '33195'
Sun Sep  8 19:20:09 2024: Server is using token UUID: '66b5165a-2b9e-4caa-b490-cb6a68f024bf'
Sun Sep  8 19:20:09 2024: SESSION_MGR: creating session with session uuid: '6d04a3e9-ade5-4ab9-8d63-1f78fcd2ec76' and name 'default'
Sun Sep  8 19:20:09 2024: Attempting to start server on port '33195'
Sun Sep  8 19:20:09 2024: XCD main fifo: created main fifo '/tmp/xcdmain66b5165a-2b9e-4caa-b490-cb6a68f024bf', fd read = 13
Sun Sep  8 19:20:09 2024: Running Dispatch Server
Sun Sep  8 19:20:09 2024: Version 2.2.0
Sun Sep  8 19:20:10 2024: Dispatch Server: Accepted socket connection from client
Sun Sep  8 19:20:10 2024: Starting Socket connection
Sun Sep  8 19:20:10 2024: EXCHANGE_TOKEN received, server token: 66b5165a-2b9e-4caa-b490-cb6a68f024bf, passed token: 66b5165a-2b9e-4caa-b490-cb6a68f024bf
Sun Sep  8 19:20:10 2024: DISPATCH_HANDLER: Adding handler from function makeHandler in library libxv_system_diagram
Sun Sep  8 19:20:10 2024: SESSION_MGR: creating session with session uuid: '72a970dc-c35e-4f64-b10e-26d5416615b6' and name 'vitis-run_compile_multihart_ip'
Sun Sep  8 19:20:10 2024: KERNEL_SVC: creating session with uuid: '72a970dc-c35e-4f64-b10e-26d5416615b6' and name 'vitis-run_compile_multihart_ip'
Sun Sep  8 19:20:10 2024: GUIDANCE_SMGR: creating guidance session with uuid: '72a970dc-c35e-4f64-b10e-26d5416615b6' and name 'vitis-run_compile_multihart_ip'
Sun Sep  8 19:20:10 2024: SYSTEM_DIAGRAM: creating session with uuid: '72a970dc-c35e-4f64-b10e-26d5416615b6' and name 'vitis-run_compile_multihart_ip'
Sun Sep  8 19:20:15 2024: Dispatch Server: Accepted socket connection from client
Sun Sep  8 19:20:15 2024: Starting Socket connection
Sun Sep  8 19:20:38 2024: SESSION_MGR: closing session for UUID '72a970dc-c35e-4f64-b10e-26d5416615b6' with name 'vitis-run_compile_multihart_ip'
Sun Sep  8 19:20:38 2024: KERNEL_SVC: closing session for UUID '72a970dc-c35e-4f64-b10e-26d5416615b6' with name 'vitis-run_compile_multihart_ip'
Sun Sep  8 19:20:38 2024: GUIDANCE_SMGR: closing session for UUID '72a970dc-c35e-4f64-b10e-26d5416615b6' with name 'vitis-run_compile_multihart_ip'
Sun Sep  8 19:20:38 2024: SYSTEM_DIAGRAM: closing session for UUID '72a970dc-c35e-4f64-b10e-26d5416615b6' with name 'vitis-run_compile_multihart_ip'
Sun Sep  8 19:20:38 2024: STOP_SERVER received, server token: 66b5165a-2b9e-4caa-b490-cb6a68f024bf, passed token: 66b5165a-2b9e-4caa-b490-cb6a68f024bf
Sun Sep  8 19:20:38 2024: Socket received request to stop server.
Sun Sep  8 19:20:38 2024: Dispatch Server: do_await_stop
Sun Sep  8 19:20:38 2024: Dispatch Server: stopping mainFifo_
Sun Sep  8 19:20:38 2024: XCD main fifo: Stopping
Sun Sep  8 19:20:38 2024: XCD main fifo: do_read error code: Operation canceled
Sun Sep  8 19:20:38 2024: XCD main fifo: bytes_transferred: 0
Sun Sep  8 19:20:38 2024: SERVER: destructor for server bound to port 33195
Sun Sep  8 19:20:38 2024: XCD main fifo: Good unlink of /tmp/xcdmain66b5165a-2b9e-4caa-b490-cb6a68f024bf
Sun Sep  8 19:20:38 2024: Server exiting with status 0.
Sun Sep  8 19:20:38 2024: Closing log file.
Sun Sep  8 19:22:25 2024: Running xcd server. This server was built by gradle.
Sun Sep  8 19:22:25 2024: Server was asked to start on port: '37859'
Sun Sep  8 19:22:25 2024: Server is using token UUID: '276f72c3-a156-4a71-9b43-b26224272f50'
Sun Sep  8 19:22:25 2024: SESSION_MGR: creating session with session uuid: '6d04a3e9-ade5-4ab9-8d63-1f78fcd2ec76' and name 'default'
Sun Sep  8 19:22:25 2024: Attempting to start server on port '37859'
Sun Sep  8 19:22:25 2024: XCD main fifo: created main fifo '/tmp/xcdmain276f72c3-a156-4a71-9b43-b26224272f50', fd read = 13
Sun Sep  8 19:22:25 2024: Running Dispatch Server
Sun Sep  8 19:22:25 2024: Version 2.2.0
Sun Sep  8 19:22:27 2024: Dispatch Server: Accepted socket connection from client
Sun Sep  8 19:22:27 2024: Starting Socket connection
Sun Sep  8 19:22:27 2024: EXCHANGE_TOKEN received, server token: 276f72c3-a156-4a71-9b43-b26224272f50, passed token: 276f72c3-a156-4a71-9b43-b26224272f50
Sun Sep  8 19:22:27 2024: DISPATCH_HANDLER: Adding handler from function makeHandler in library libxv_system_diagram
Sun Sep  8 19:22:27 2024: SESSION_MGR: creating session with session uuid: '940ffc8a-7632-4872-b6fb-582d5f7dcaec' and name 'vitis-run_compile_multihart_ip'
Sun Sep  8 19:22:27 2024: KERNEL_SVC: creating session with uuid: '940ffc8a-7632-4872-b6fb-582d5f7dcaec' and name 'vitis-run_compile_multihart_ip'
Sun Sep  8 19:22:27 2024: GUIDANCE_SMGR: creating guidance session with uuid: '940ffc8a-7632-4872-b6fb-582d5f7dcaec' and name 'vitis-run_compile_multihart_ip'
Sun Sep  8 19:22:27 2024: SYSTEM_DIAGRAM: creating session with uuid: '940ffc8a-7632-4872-b6fb-582d5f7dcaec' and name 'vitis-run_compile_multihart_ip'
Sun Sep  8 19:22:31 2024: Dispatch Server: Accepted socket connection from client
Sun Sep  8 19:22:31 2024: Starting Socket connection
Sun Sep  8 19:22:33 2024: SESSION_MGR: closing session for UUID '940ffc8a-7632-4872-b6fb-582d5f7dcaec' with name 'vitis-run_compile_multihart_ip'
Sun Sep  8 19:22:33 2024: KERNEL_SVC: closing session for UUID '940ffc8a-7632-4872-b6fb-582d5f7dcaec' with name 'vitis-run_compile_multihart_ip'
Sun Sep  8 19:22:33 2024: GUIDANCE_SMGR: closing session for UUID '940ffc8a-7632-4872-b6fb-582d5f7dcaec' with name 'vitis-run_compile_multihart_ip'
Sun Sep  8 19:22:33 2024: SYSTEM_DIAGRAM: closing session for UUID '940ffc8a-7632-4872-b6fb-582d5f7dcaec' with name 'vitis-run_compile_multihart_ip'
Sun Sep  8 19:22:33 2024: STOP_SERVER received, server token: 276f72c3-a156-4a71-9b43-b26224272f50, passed token: 276f72c3-a156-4a71-9b43-b26224272f50
Sun Sep  8 19:22:33 2024: Socket received request to stop server.
Sun Sep  8 19:22:33 2024: Dispatch Server: do_await_stop
Sun Sep  8 19:22:33 2024: Dispatch Server: stopping mainFifo_
Sun Sep  8 19:22:33 2024: XCD main fifo: Stopping
Sun Sep  8 19:22:33 2024: XCD main fifo: do_read error code: Operation canceled
Sun Sep  8 19:22:33 2024: XCD main fifo: bytes_transferred: 0
Sun Sep  8 19:22:33 2024: SERVER: destructor for server bound to port 37859
Sun Sep  8 19:22:33 2024: XCD main fifo: Good unlink of /tmp/xcdmain276f72c3-a156-4a71-9b43-b26224272f50
Sun Sep  8 19:22:33 2024: Server exiting with status 0.
Sun Sep  8 19:22:33 2024: Closing log file.
Sun Sep  8 19:23:22 2024: Running xcd server. This server was built by gradle.
Sun Sep  8 19:23:22 2024: Server was asked to start on port: '46443'
Sun Sep  8 19:23:22 2024: Server is using token UUID: 'b375647e-ee8a-48ae-acde-f9ac3af37c96'
Sun Sep  8 19:23:22 2024: SESSION_MGR: creating session with session uuid: '6d04a3e9-ade5-4ab9-8d63-1f78fcd2ec76' and name 'default'
Sun Sep  8 19:23:22 2024: Attempting to start server on port '46443'
Sun Sep  8 19:23:22 2024: XCD main fifo: created main fifo '/tmp/xcdmainb375647e-ee8a-48ae-acde-f9ac3af37c96', fd read = 13
Sun Sep  8 19:23:22 2024: Running Dispatch Server
Sun Sep  8 19:23:22 2024: Version 2.2.0
Sun Sep  8 19:23:24 2024: Dispatch Server: Accepted socket connection from client
Sun Sep  8 19:23:24 2024: Starting Socket connection
Sun Sep  8 19:23:24 2024: EXCHANGE_TOKEN received, server token: b375647e-ee8a-48ae-acde-f9ac3af37c96, passed token: b375647e-ee8a-48ae-acde-f9ac3af37c96
Sun Sep  8 19:23:24 2024: DISPATCH_HANDLER: Adding handler from function makeHandler in library libxv_system_diagram
Sun Sep  8 19:23:24 2024: SESSION_MGR: creating session with session uuid: '77a815cb-8729-475c-b87c-64a3da71d34e' and name 'v++_compile_multihart_ip'
Sun Sep  8 19:23:24 2024: KERNEL_SVC: creating session with uuid: '77a815cb-8729-475c-b87c-64a3da71d34e' and name 'v++_compile_multihart_ip'
Sun Sep  8 19:23:24 2024: GUIDANCE_SMGR: creating guidance session with uuid: '77a815cb-8729-475c-b87c-64a3da71d34e' and name 'v++_compile_multihart_ip'
Sun Sep  8 19:23:24 2024: SYSTEM_DIAGRAM: creating session with uuid: '77a815cb-8729-475c-b87c-64a3da71d34e' and name 'v++_compile_multihart_ip'
Sun Sep  8 19:23:28 2024: Dispatch Server: Accepted socket connection from client
Sun Sep  8 19:23:28 2024: Starting Socket connection
Sun Sep  8 19:25:51 2024: SESSION_MGR: closing session for UUID '77a815cb-8729-475c-b87c-64a3da71d34e' with name 'v++_compile_multihart_ip'
Sun Sep  8 19:25:51 2024: KERNEL_SVC: closing session for UUID '77a815cb-8729-475c-b87c-64a3da71d34e' with name 'v++_compile_multihart_ip'
Sun Sep  8 19:25:51 2024: GUIDANCE_SMGR: closing session for UUID '77a815cb-8729-475c-b87c-64a3da71d34e' with name 'v++_compile_multihart_ip'
Sun Sep  8 19:25:51 2024: SYSTEM_DIAGRAM: closing session for UUID '77a815cb-8729-475c-b87c-64a3da71d34e' with name 'v++_compile_multihart_ip'
Sun Sep  8 19:25:51 2024: STOP_SERVER received, server token: b375647e-ee8a-48ae-acde-f9ac3af37c96, passed token: b375647e-ee8a-48ae-acde-f9ac3af37c96
Sun Sep  8 19:25:51 2024: Socket received request to stop server.
Sun Sep  8 19:25:51 2024: Dispatch Server: do_await_stop
Sun Sep  8 19:25:51 2024: Dispatch Server: stopping mainFifo_
Sun Sep  8 19:25:51 2024: XCD main fifo: Stopping
Sun Sep  8 19:25:51 2024: XCD main fifo: do_read error code: Operation canceled
Sun Sep  8 19:25:51 2024: XCD main fifo: bytes_transferred: 0
Sun Sep  8 19:25:51 2024: SERVER: destructor for server bound to port 46443
Sun Sep  8 19:25:51 2024: XCD main fifo: Good unlink of /tmp/xcdmainb375647e-ee8a-48ae-acde-f9ac3af37c96
Sun Sep  8 19:25:51 2024: Server exiting with status 0.
Sun Sep  8 19:25:51 2024: Closing log file.
Sun Sep  8 19:26:09 2024: Running xcd server. This server was built by gradle.
Sun Sep  8 19:26:09 2024: Server was asked to start on port: '37949'
Sun Sep  8 19:26:09 2024: Server is using token UUID: 'c23be47f-2917-453b-8954-f5a2834b08b7'
Sun Sep  8 19:26:09 2024: SESSION_MGR: creating session with session uuid: '6d04a3e9-ade5-4ab9-8d63-1f78fcd2ec76' and name 'default'
Sun Sep  8 19:26:09 2024: Attempting to start server on port '37949'
Sun Sep  8 19:26:09 2024: XCD main fifo: created main fifo '/tmp/xcdmainc23be47f-2917-453b-8954-f5a2834b08b7', fd read = 13
Sun Sep  8 19:26:09 2024: Running Dispatch Server
Sun Sep  8 19:26:09 2024: Version 2.2.0
Sun Sep  8 19:26:11 2024: Dispatch Server: Accepted socket connection from client
Sun Sep  8 19:26:11 2024: Starting Socket connection
Sun Sep  8 19:26:11 2024: EXCHANGE_TOKEN received, server token: c23be47f-2917-453b-8954-f5a2834b08b7, passed token: c23be47f-2917-453b-8954-f5a2834b08b7
Sun Sep  8 19:26:11 2024: DISPATCH_HANDLER: Adding handler from function makeHandler in library libxv_system_diagram
Sun Sep  8 19:26:11 2024: SESSION_MGR: creating session with session uuid: '3ec67c29-0659-4a33-90e3-91bd824b0530' and name 'vitis-run_compile_multihart_ip'
Sun Sep  8 19:26:11 2024: KERNEL_SVC: creating session with uuid: '3ec67c29-0659-4a33-90e3-91bd824b0530' and name 'vitis-run_compile_multihart_ip'
Sun Sep  8 19:26:11 2024: GUIDANCE_SMGR: creating guidance session with uuid: '3ec67c29-0659-4a33-90e3-91bd824b0530' and name 'vitis-run_compile_multihart_ip'
Sun Sep  8 19:26:11 2024: SYSTEM_DIAGRAM: creating session with uuid: '3ec67c29-0659-4a33-90e3-91bd824b0530' and name 'vitis-run_compile_multihart_ip'
Sun Sep  8 19:26:16 2024: Dispatch Server: Accepted socket connection from client
Sun Sep  8 19:26:16 2024: Starting Socket connection
Sun Sep  8 19:26:36 2024: SESSION_MGR: closing session for UUID '3ec67c29-0659-4a33-90e3-91bd824b0530' with name 'vitis-run_compile_multihart_ip'
Sun Sep  8 19:26:36 2024: KERNEL_SVC: closing session for UUID '3ec67c29-0659-4a33-90e3-91bd824b0530' with name 'vitis-run_compile_multihart_ip'
Sun Sep  8 19:26:36 2024: GUIDANCE_SMGR: closing session for UUID '3ec67c29-0659-4a33-90e3-91bd824b0530' with name 'vitis-run_compile_multihart_ip'
Sun Sep  8 19:26:36 2024: SYSTEM_DIAGRAM: closing session for UUID '3ec67c29-0659-4a33-90e3-91bd824b0530' with name 'vitis-run_compile_multihart_ip'
Sun Sep  8 19:26:36 2024: STOP_SERVER received, server token: c23be47f-2917-453b-8954-f5a2834b08b7, passed token: c23be47f-2917-453b-8954-f5a2834b08b7
Sun Sep  8 19:26:36 2024: Socket received request to stop server.
Sun Sep  8 19:26:36 2024: Dispatch Server: do_await_stop
Sun Sep  8 19:26:36 2024: Dispatch Server: stopping mainFifo_
Sun Sep  8 19:26:36 2024: XCD main fifo: Stopping
Sun Sep  8 19:26:36 2024: XCD main fifo: do_read error code: Operation canceled
Sun Sep  8 19:26:36 2024: XCD main fifo: bytes_transferred: 0
Sun Sep  8 19:26:36 2024: SERVER: destructor for server bound to port 37949
Sun Sep  8 19:26:36 2024: XCD main fifo: Good unlink of /tmp/xcdmainc23be47f-2917-453b-8954-f5a2834b08b7
Sun Sep  8 19:26:36 2024: Server exiting with status 0.
Sun Sep  8 19:26:36 2024: Closing log file.
