/home/goossens/goossens-book-ip-projects/2024.1/rv32i_npp_bram_ip/workspace/hls_component/rv32i_npp_ip/hls/.autopilot/db/decode.pp.0.cpp:1314:7: warning: Added loop label VITIS_LOOP_1223_1:   [xilinx-label-all-loops]
      for (i = 0; i < __N - 1; ++i) {
      ^~~
      VITIS_LOOP_1223_1: 
/home/goossens/goossens-book-ip-projects/2024.1/rv32i_npp_bram_ip/workspace/hls_component/rv32i_npp_ip/hls/.autopilot/db/decode.pp.0.cpp:1314:7: note: FIX-IT applied suggested code changes
/home/goossens/goossens-book-ip-projects/2024.1/rv32i_npp_bram_ip/workspace/hls_component/rv32i_npp_ip/hls/.autopilot/db/decode.pp.0.cpp:2288:5: warning: Added loop label VITIS_LOOP_676_1:   [xilinx-label-all-loops]
    for (unsigned i = low; i != high; ++i) {
    ^~~
    VITIS_LOOP_676_1: 
/home/goossens/goossens-book-ip-projects/2024.1/rv32i_npp_bram_ip/workspace/hls_component/rv32i_npp_ip/hls/.autopilot/db/decode.pp.0.cpp:2288:5: note: FIX-IT applied suggested code changes
/home/goossens/goossens-book-ip-projects/2024.1/rv32i_npp_bram_ip/workspace/hls_component/rv32i_npp_ip/hls/.autopilot/db/decode.pp.0.cpp:2302:5: warning: Added loop label VITIS_LOOP_690_1:   [xilinx-label-all-loops]
    for (unsigned i = low; i != high; ++i) {
    ^~~
    VITIS_LOOP_690_1: 
/home/goossens/goossens-book-ip-projects/2024.1/rv32i_npp_bram_ip/workspace/hls_component/rv32i_npp_ip/hls/.autopilot/db/decode.pp.0.cpp:2302:5: note: FIX-IT applied suggested code changes
/home/goossens/goossens-book-ip-projects/2024.1/rv32i_npp_bram_ip/workspace/hls_component/rv32i_npp_ip/hls/.autopilot/db/decode.pp.0.cpp:2316:5: warning: Added loop label VITIS_LOOP_704_1:   [xilinx-label-all-loops]
    for (unsigned i = low; i != high; ++i) {
    ^~~
    VITIS_LOOP_704_1: 
/home/goossens/goossens-book-ip-projects/2024.1/rv32i_npp_bram_ip/workspace/hls_component/rv32i_npp_ip/hls/.autopilot/db/decode.pp.0.cpp:2316:5: note: FIX-IT applied suggested code changes
/home/goossens/goossens-book-ip-projects/2024.1/rv32i_npp_bram_ip/workspace/hls_component/rv32i_npp_ip/hls/.autopilot/db/decode.pp.0.cpp:3945:7: warning: Added loop label VITIS_LOOP_1247_1:   [xilinx-label-all-loops]
      for (i = 0; i < __N - 1; ++i) {
      ^~~
      VITIS_LOOP_1247_1: 
/home/goossens/goossens-book-ip-projects/2024.1/rv32i_npp_bram_ip/workspace/hls_component/rv32i_npp_ip/hls/.autopilot/db/decode.pp.0.cpp:3945:7: note: FIX-IT applied suggested code changes
