Copyright 1986-2022 Xilinx, Inc. All Rights Reserved.
----------------------------------------------------------------------------------------------------
| Tool Version : Vivado v.2022.1 (lin64) Build 3526262 Mon Apr 18 15:47:01 MDT 2022
| Date         : Wed Jul 13 19:51:03 2022
| Host         : goossens-Precision-5530 running 64-bit Ubuntu 22.04 LTS
| Command      : report_clock_utilization -file design_1_4c_2h_wrapper_clock_utilization_routed.rpt
| Design       : design_1_4c_2h_wrapper
| Device       : 7z020-clg400
| Speed File   : -1  PRODUCTION 1.12 2019-11-22
| Design State : Routed
----------------------------------------------------------------------------------------------------

Clock Utilization Report

Table of Contents
-----------------
1. Clock Primitive Utilization
2. Global Clock Resources
3. Global Clock Source Details
4. Clock Regions: Key Resource Utilization
5. Clock Regions : Global Clock Summary
6. Device Cell Placement Summary for Global Clock g0
7. Clock Region Cell Placement per Global Clock: Region X0Y0
8. Clock Region Cell Placement per Global Clock: Region X1Y0
9. Clock Region Cell Placement per Global Clock: Region X0Y1
10. Clock Region Cell Placement per Global Clock: Region X1Y1
11. Clock Region Cell Placement per Global Clock: Region X0Y2
12. Clock Region Cell Placement per Global Clock: Region X1Y2

1. Clock Primitive Utilization
------------------------------

+----------+------+-----------+-----+--------------+--------+
| Type     | Used | Available | LOC | Clock Region | Pblock |
+----------+------+-----------+-----+--------------+--------+
| BUFGCTRL |    1 |        32 |   0 |            0 |      0 |
| BUFH     |    0 |        72 |   0 |            0 |      0 |
| BUFIO    |    0 |        16 |   0 |            0 |      0 |
| BUFMR    |    0 |         8 |   0 |            0 |      0 |
| BUFR     |    0 |        16 |   0 |            0 |      0 |
| MMCM     |    0 |         4 |   0 |            0 |      0 |
| PLL      |    0 |         4 |   0 |            0 |      0 |
+----------+------+-----------+-----+--------------+--------+


2. Global Clock Resources
-------------------------

+-----------+-----------+-----------------+------------+----------------+--------------+-------------------+-------------+-----------------+--------------+------------+--------------------------------------------------------------------------------+------------------------------------------------------+
| Global Id | Source Id | Driver Type/Pin | Constraint | Site           | Clock Region | Load Clock Region | Clock Loads | Non-Clock Loads | Clock Period | Clock      | Driver Pin                                                                     | Net                                                  |
+-----------+-----------+-----------------+------------+----------------+--------------+-------------------+-------------+-----------------+--------------+------------+--------------------------------------------------------------------------------+------------------------------------------------------+
| g0        | src0      | BUFG/O          | None       | BUFGCTRL_X0Y16 | n/a          |                 6 |       33822 |               0 |       10.000 | clk_fpga_0 | design_1_4c_2h_i/processing_system7_0/inst/buffer_fclk_clk_0.FCLK_CLK_0_BUFG/O | design_1_4c_2h_i/processing_system7_0/inst/FCLK_CLK0 |
+-----------+-----------+-----------------+------------+----------------+--------------+-------------------+-------------+-----------------+--------------+------------+--------------------------------------------------------------------------------+------------------------------------------------------+
* Clock Loads column represents the clock pin loads (pin count). Internal cell leaf pins are not counted
** Non-Clock Loads column represents the non-clock pin loads (pin count)


3. Global Clock Source Details
------------------------------

+-----------+-----------+-----------------+------------+----------+--------------+-------------+-----------------+---------------------+--------------+-------------------------------------------------------------+-------------------------------------------------------------------+
| Source Id | Global Id | Driver Type/Pin | Constraint | Site     | Clock Region | Clock Loads | Non-Clock Loads | Source Clock Period | Source Clock | Driver Pin                                                  | Net                                                               |
+-----------+-----------+-----------------+------------+----------+--------------+-------------+-----------------+---------------------+--------------+-------------------------------------------------------------+-------------------------------------------------------------------+
| src0      | g0        | PS7/FCLKCLK[0]  | PS7_X0Y0   | PS7_X0Y0 | X0Y2         |           1 |               0 |              10.000 | clk_fpga_0   | design_1_4c_2h_i/processing_system7_0/inst/PS7_i/FCLKCLK[0] | design_1_4c_2h_i/processing_system7_0/inst/FCLK_CLK_unbuffered[0] |
+-----------+-----------+-----------------+------------+----------+--------------+-------------+-----------------+---------------------+--------------+-------------------------------------------------------------+-------------------------------------------------------------------+
* Clock Loads column represents the clock pin loads (pin count). Internal cell leaf pins are not counted
** Non-Clock Loads column represents the non-clock pin loads (pin count)


4. Clock Regions: Key Resource Utilization
------------------------------------------

+-------------------+--------------+--------------+--------------+--------------+--------------+--------------+--------------+--------------+--------------+--------------+--------------+--------------+--------------+--------------+--------------+
|                   | Global Clock |     BUFRs    |    BUFMRs    |    BUFIOs    |     MMCM     |      PLL     |      GT      |      PCI     |    ILOGIC    |    OLOGIC    |      FF      |     LUTM     |    RAMB18    |    RAMB36    |    DSP48E2   |
+-------------------+------+-------+------+-------+------+-------+------+-------+------+-------+------+-------+------+-------+------+-------+------+-------+------+-------+------+-------+------+-------+------+-------+------+-------+------+-------+
| Clock Region Name | Used | Avail | Used | Avail | Used | Avail | Used | Avail | Used | Avail | Used | Avail | Used | Avail | Used | Avail | Used | Avail | Used | Avail | Used | Avail | Used | Avail | Used | Avail | Used | Avail | Used | Avail |
+-------------------+------+-------+------+-------+------+-------+------+-------+------+-------+------+-------+------+-------+------+-------+------+-------+------+-------+------+-------+------+-------+------+-------+------+-------+------+-------+
| X0Y0              |    1 |    12 |    0 |     4 |    0 |     2 |    0 |     4 |    0 |     1 |    0 |     1 |    0 |     0 |    0 |     0 |    0 |    50 |    0 |    50 | 6253 |  2500 | 2917 |  1000 |    1 |    60 |   27 |    30 |    0 |    60 |
| X1Y0              |    1 |    12 |    0 |     4 |    0 |     2 |    0 |     4 |    0 |     1 |    0 |     1 |    0 |     0 |    0 |     0 |    0 |    50 |    0 |    50 | 8811 |  3200 | 2934 |   850 |    1 |    60 |   29 |    30 |    0 |    40 |
| X0Y1              |    1 |    12 |    0 |     0 |    0 |     0 |    0 |     0 |    0 |     0 |    0 |     0 |    0 |     0 |    0 |     0 |    0 |     0 |    0 |     0 | 2552 |  1200 |  883 |   400 |    0 |    20 |   10 |    10 |    0 |    20 |
| X1Y1              |    1 |    12 |    0 |     4 |    0 |     2 |    0 |     4 |    0 |     1 |    0 |     1 |    0 |     0 |    0 |     0 |    0 |    50 |    0 |    50 | 8138 |  2600 | 3322 |   850 |    0 |    60 |   29 |    30 |    0 |    40 |
| X0Y2              |    1 |    12 |    0 |     0 |    0 |     0 |    0 |     0 |    0 |     0 |    0 |     0 |    0 |     0 |    0 |     0 |    0 |     0 |    0 |     0 | 1306 |  1200 |  386 |   400 |    1 |    20 |    7 |    10 |    0 |    20 |
| X1Y2              |    1 |    12 |    0 |     4 |    0 |     2 |    0 |     4 |    0 |     1 |    0 |     1 |    0 |     0 |    0 |     0 |    0 |    50 |    0 |    50 | 4879 |  2600 | 1810 |   850 |    0 |    60 |   26 |    30 |    0 |    40 |
+-------------------+------+-------+------+-------+------+-------+------+-------+------+-------+------+-------+------+-------+------+-------+------+-------+------+-------+------+-------+------+-------+------+-------+------+-------+------+-------+
* Global Clock column represents track count; while other columns represents cell counts


5. Clock Regions : Global Clock Summary
---------------------------------------

All Modules
+----+----+----+
|    | X0 | X1 |
+----+----+----+
| Y2 |  1 |  1 |
| Y1 |  1 |  1 |
| Y0 |  1 |  1 |
+----+----+----+


6. Device Cell Placement Summary for Global Clock g0
----------------------------------------------------

+-----------+-----------------+-------------------+------------+-------------+---------------+-------------+----------+----------------+----------+------------------------------------------------------+
| Global Id | Driver Type/Pin | Driver Region (D) | Clock      | Period (ns) | Waveform (ns) | Slice Loads | IO Loads | Clocking Loads | GT Loads | Net                                                  |
+-----------+-----------------+-------------------+------------+-------------+---------------+-------------+----------+----------------+----------+------------------------------------------------------+
| g0        | BUFG/O          | n/a               | clk_fpga_0 |      10.000 | {0.000 5.000} |       33558 |        0 |              0 |        0 | design_1_4c_2h_i/processing_system7_0/inst/FCLK_CLK0 |
+-----------+-----------------+-------------------+------------+-------------+---------------+-------------+----------+----------------+----------+------------------------------------------------------+
* Slice Loads column represents load cell count of all cell types other than IO, GT and clock resources
** IO Loads column represents load cell count of IO types
*** Clocking Loads column represents load cell count that are clock resources (global clock buffer, MMCM, PLL, etc)
**** GT Loads column represents load cell count of GT types


+----+-------+-------+-----------------------+
|    | X0    | X1    | HORIZONTAL PROG DELAY |
+----+-------+-------+-----------------------+
| Y2 |  1349 |  5050 |                     0 |
| Y1 |  2647 |  8697 |                     0 |
| Y0 |  6661 |  9154 |                     0 |
+----+-------+-------+-----------------------+


7. Clock Region Cell Placement per Global Clock: Region X0Y0
------------------------------------------------------------

+-----------+-------+-----------------+------------+-------------+-----------------+------+-------------+------+-----+----+------+-----+---------+------------------------------------------------------+
| Global Id | Track | Driver Type/Pin | Constraint | Clock Loads | Non-Clock Loads | FF   | Memory LUTs | RAMB | DSP | GT | MMCM | PLL | Hard IP | Net                                                  |
+-----------+-------+-----------------+------------+-------------+-----------------+------+-------------+------+-----+----+------+-----+---------+------------------------------------------------------+
| g0        | n/a   | BUFG/O          | None       |        6661 |               0 | 6253 |         377 |   28 |   0 |  0 |    0 |   0 |       0 | design_1_4c_2h_i/processing_system7_0/inst/FCLK_CLK0 |
+-----------+-------+-----------------+------------+-------------+-----------------+------+-------------+------+-----+----+------+-----+---------+------------------------------------------------------+
* Clock Loads column represents the clock pin loads (pin count). Internal cell leaf pins are not counted
** Non-Clock Loads column represents the non-clock pin loads (pin count)
*** Columns FF, LUTRAM, RAMB through 'Hard IP' represents load cell counts


8. Clock Region Cell Placement per Global Clock: Region X1Y0
------------------------------------------------------------

+-----------+-------+-----------------+------------+-------------+-----------------+------+-------------+------+-----+----+------+-----+---------+------------------------------------------------------+
| Global Id | Track | Driver Type/Pin | Constraint | Clock Loads | Non-Clock Loads | FF   | Memory LUTs | RAMB | DSP | GT | MMCM | PLL | Hard IP | Net                                                  |
+-----------+-------+-----------------+------------+-------------+-----------------+------+-------------+------+-----+----+------+-----+---------+------------------------------------------------------+
| g0        | n/a   | BUFG/O          | None       |        9154 |               0 | 8811 |         312 |   30 |   0 |  0 |    0 |   0 |       0 | design_1_4c_2h_i/processing_system7_0/inst/FCLK_CLK0 |
+-----------+-------+-----------------+------------+-------------+-----------------+------+-------------+------+-----+----+------+-----+---------+------------------------------------------------------+
* Clock Loads column represents the clock pin loads (pin count). Internal cell leaf pins are not counted
** Non-Clock Loads column represents the non-clock pin loads (pin count)
*** Columns FF, LUTRAM, RAMB through 'Hard IP' represents load cell counts


9. Clock Region Cell Placement per Global Clock: Region X0Y1
------------------------------------------------------------

+-----------+-------+-----------------+------------+-------------+-----------------+------+-------------+------+-----+----+------+-----+---------+------------------------------------------------------+
| Global Id | Track | Driver Type/Pin | Constraint | Clock Loads | Non-Clock Loads | FF   | Memory LUTs | RAMB | DSP | GT | MMCM | PLL | Hard IP | Net                                                  |
+-----------+-------+-----------------+------------+-------------+-----------------+------+-------------+------+-----+----+------+-----+---------+------------------------------------------------------+
| g0        | n/a   | BUFG/O          | None       |        2647 |               0 | 2552 |          85 |   10 |   0 |  0 |    0 |   0 |       0 | design_1_4c_2h_i/processing_system7_0/inst/FCLK_CLK0 |
+-----------+-------+-----------------+------------+-------------+-----------------+------+-------------+------+-----+----+------+-----+---------+------------------------------------------------------+
* Clock Loads column represents the clock pin loads (pin count). Internal cell leaf pins are not counted
** Non-Clock Loads column represents the non-clock pin loads (pin count)
*** Columns FF, LUTRAM, RAMB through 'Hard IP' represents load cell counts


10. Clock Region Cell Placement per Global Clock: Region X1Y1
-------------------------------------------------------------

+-----------+-------+-----------------+------------+-------------+-----------------+------+-------------+------+-----+----+------+-----+---------+------------------------------------------------------+
| Global Id | Track | Driver Type/Pin | Constraint | Clock Loads | Non-Clock Loads | FF   | Memory LUTs | RAMB | DSP | GT | MMCM | PLL | Hard IP | Net                                                  |
+-----------+-------+-----------------+------------+-------------+-----------------+------+-------------+------+-----+----+------+-----+---------+------------------------------------------------------+
| g0        | n/a   | BUFG/O          | None       |        8697 |               0 | 8138 |         530 |   29 |   0 |  0 |    0 |   0 |       0 | design_1_4c_2h_i/processing_system7_0/inst/FCLK_CLK0 |
+-----------+-------+-----------------+------------+-------------+-----------------+------+-------------+------+-----+----+------+-----+---------+------------------------------------------------------+
* Clock Loads column represents the clock pin loads (pin count). Internal cell leaf pins are not counted
** Non-Clock Loads column represents the non-clock pin loads (pin count)
*** Columns FF, LUTRAM, RAMB through 'Hard IP' represents load cell counts


11. Clock Region Cell Placement per Global Clock: Region X0Y2
-------------------------------------------------------------

+-----------+-------+-----------------+------------+-------------+-----------------+------+-------------+------+-----+----+------+-----+---------+------------------------------------------------------+
| Global Id | Track | Driver Type/Pin | Constraint | Clock Loads | Non-Clock Loads | FF   | Memory LUTs | RAMB | DSP | GT | MMCM | PLL | Hard IP | Net                                                  |
+-----------+-------+-----------------+------------+-------------+-----------------+------+-------------+------+-----+----+------+-----+---------+------------------------------------------------------+
| g0        | n/a   | BUFG/O          | None       |        1349 |               0 | 1306 |          33 |    8 |   0 |  0 |    0 |   0 |       0 | design_1_4c_2h_i/processing_system7_0/inst/FCLK_CLK0 |
+-----------+-------+-----------------+------------+-------------+-----------------+------+-------------+------+-----+----+------+-----+---------+------------------------------------------------------+
* Clock Loads column represents the clock pin loads (pin count). Internal cell leaf pins are not counted
** Non-Clock Loads column represents the non-clock pin loads (pin count)
*** Columns FF, LUTRAM, RAMB through 'Hard IP' represents load cell counts


12. Clock Region Cell Placement per Global Clock: Region X1Y2
-------------------------------------------------------------

+-----------+-------+-----------------+------------+-------------+-----------------+------+-------------+------+-----+----+------+-----+---------+------------------------------------------------------+
| Global Id | Track | Driver Type/Pin | Constraint | Clock Loads | Non-Clock Loads | FF   | Memory LUTs | RAMB | DSP | GT | MMCM | PLL | Hard IP | Net                                                  |
+-----------+-------+-----------------+------------+-------------+-----------------+------+-------------+------+-----+----+------+-----+---------+------------------------------------------------------+
| g0        | n/a   | BUFG/O          | None       |        5050 |               0 | 4879 |         145 |   26 |   0 |  0 |    0 |   0 |       0 | design_1_4c_2h_i/processing_system7_0/inst/FCLK_CLK0 |
+-----------+-------+-----------------+------------+-------------+-----------------+------+-------------+------+-----+----+------+-----+---------+------------------------------------------------------+
* Clock Loads column represents the clock pin loads (pin count). Internal cell leaf pins are not counted
** Non-Clock Loads column represents the non-clock pin loads (pin count)
*** Columns FF, LUTRAM, RAMB through 'Hard IP' represents load cell counts



# Location of BUFG Primitives 
set_property LOC BUFGCTRL_X0Y16 [get_cells design_1_4c_2h_i/processing_system7_0/inst/buffer_fclk_clk_0.FCLK_CLK_0_BUFG]

# Location of IO Primitives which is load of clock spine

# Location of clock ports

# Clock net "design_1_4c_2h_i/processing_system7_0/inst/FCLK_CLK0" driven by instance "design_1_4c_2h_i/processing_system7_0/inst/buffer_fclk_clk_0.FCLK_CLK_0_BUFG" located at site "BUFGCTRL_X0Y16"
#startgroup
create_pblock {CLKAG_design_1_4c_2h_i/processing_system7_0/inst/FCLK_CLK0}
add_cells_to_pblock [get_pblocks  {CLKAG_design_1_4c_2h_i/processing_system7_0/inst/FCLK_CLK0}] [get_cells -filter { PRIMITIVE_GROUP != I/O && IS_PRIMITIVE==1 && PRIMITIVE_LEVEL !=INTERNAL } -of_object [get_pins -filter {DIRECTION==IN} -of_objects [get_nets -hierarchical -filter {PARENT=="design_1_4c_2h_i/processing_system7_0/inst/FCLK_CLK0"}]]]
resize_pblock [get_pblocks {CLKAG_design_1_4c_2h_i/processing_system7_0/inst/FCLK_CLK0}] -add {CLOCKREGION_X0Y0:CLOCKREGION_X0Y0 CLOCKREGION_X0Y1:CLOCKREGION_X0Y1 CLOCKREGION_X0Y2:CLOCKREGION_X0Y2 CLOCKREGION_X1Y0:CLOCKREGION_X1Y0 CLOCKREGION_X1Y1:CLOCKREGION_X1Y1 CLOCKREGION_X1Y2:CLOCKREGION_X1Y2}
#endgroup
