directive:1:9: warning: HLS pragma dump _XLX_SEP_ PragmaIsValid=1_XLX_SEP_ PragmaType=top_XLX_SEP_ PragmaContext=directive_XLX_SEP_ PragmaFunction=rv32i_pp_ip_XLX_SEP_ PragmaOptions=name=rv32i_pp_ip_XLX_SEP_ [-Wdump-hls-pragmas]
#pragma HLSDIRECTIVE TOP name=rv32i_pp_ip
        ^
../../rv32i_pp_ip.cpp:37:9: warning: HLS pragma dump _XLX_SEP_ PragmaIsValid=1_XLX_SEP_ PragmaType=interface_XLX_SEP_ PragmaContext=_XLX_SEP_ PragmaFunction=rv32i_pp_ip_XLX_SEP_ PragmaOptions=s_axilite port=start_pc_XLX_SEP_ [-Wdump-hls-pragmas]
#pragma HLS INTERFACE s_axilite port=start_pc
        ^
../../rv32i_pp_ip.cpp:38:9: warning: HLS pragma dump _XLX_SEP_ PragmaIsValid=1_XLX_SEP_ PragmaType=interface_XLX_SEP_ PragmaContext=_XLX_SEP_ PragmaFunction=rv32i_pp_ip_XLX_SEP_ PragmaOptions=s_axilite port=code_ram_XLX_SEP_ [-Wdump-hls-pragmas]
#pragma HLS INTERFACE s_axilite port=code_ram
        ^
../../rv32i_pp_ip.cpp:39:9: warning: HLS pragma dump _XLX_SEP_ PragmaIsValid=1_XLX_SEP_ PragmaType=interface_XLX_SEP_ PragmaContext=_XLX_SEP_ PragmaFunction=rv32i_pp_ip_XLX_SEP_ PragmaOptions=s_axilite port=data_ram_XLX_SEP_ [-Wdump-hls-pragmas]
#pragma HLS INTERFACE s_axilite port=data_ram
        ^
../../rv32i_pp_ip.cpp:40:9: warning: HLS pragma dump _XLX_SEP_ PragmaIsValid=1_XLX_SEP_ PragmaType=interface_XLX_SEP_ PragmaContext=_XLX_SEP_ PragmaFunction=rv32i_pp_ip_XLX_SEP_ PragmaOptions=s_axilite port=nb_instruction_XLX_SEP_ [-Wdump-hls-pragmas]
#pragma HLS INTERFACE s_axilite port=nb_instruction
        ^
../../rv32i_pp_ip.cpp:41:9: warning: HLS pragma dump _XLX_SEP_ PragmaIsValid=1_XLX_SEP_ PragmaType=interface_XLX_SEP_ PragmaContext=_XLX_SEP_ PragmaFunction=rv32i_pp_ip_XLX_SEP_ PragmaOptions=s_axilite port=nb_cycle_XLX_SEP_ [-Wdump-hls-pragmas]
#pragma HLS INTERFACE s_axilite port=nb_cycle
        ^
../../rv32i_pp_ip.cpp:42:9: warning: HLS pragma dump _XLX_SEP_ PragmaIsValid=1_XLX_SEP_ PragmaType=interface_XLX_SEP_ PragmaContext=_XLX_SEP_ PragmaFunction=rv32i_pp_ip_XLX_SEP_ PragmaOptions=s_axilite port=return_XLX_SEP_ [-Wdump-hls-pragmas]
#pragma HLS INTERFACE s_axilite port=return
        ^
../../rv32i_pp_ip.cpp:43:9: warning: HLS pragma dump _XLX_SEP_ PragmaIsValid=1_XLX_SEP_ PragmaType=inline_XLX_SEP_ PragmaContext=_XLX_SEP_ PragmaFunction=rv32i_pp_ip_XLX_SEP_ PragmaOptions=recursive_XLX_SEP_ [-Wdump-hls-pragmas]
#pragma HLS INLINE recursive
        ^
../../rv32i_pp_ip.cpp:45:9: warning: HLS pragma dump _XLX_SEP_ PragmaIsValid=1_XLX_SEP_ PragmaType=array_partition_XLX_SEP_ PragmaContext=_XLX_SEP_ PragmaFunction=rv32i_pp_ip_XLX_SEP_ PragmaOptions=variable=reg_file dim=1 complete_XLX_SEP_ [-Wdump-hls-pragmas]
#pragma HLS ARRAY_PARTITION variable=reg_file dim=1 complete
        ^
../../rv32i_pp_ip.cpp:63:9: warning: HLS pragma dump _XLX_SEP_ PragmaIsValid=1_XLX_SEP_ PragmaType=pipeline_XLX_SEP_ PragmaContext=_XLX_SEP_ PragmaFunction=rv32i_pp_ip_XLX_SEP_ PragmaOptions=II=3_XLX_SEP_ [-Wdump-hls-pragmas]
#pragma HLS PIPELINE II=3
        ^
10 warnings generated.
