================================================================
== Design Size Report
================================================================

* Total Instructions per Compilation Phase
+---------------+-----------------------------+--------------+----------------------------------------------------------------------------------------+
| Phase         | Step                        | Instructions | Description                                                                            |
+---------------+-----------------------------+--------------+----------------------------------------------------------------------------------------+
| Compile/Link  |                             | 10,724       | After all functions are compiled and linked into a single design                       |
|               |                             |              |                                                                                        |
| Unroll/Inline |                             |              | After user unroll and inline pragmas are applied                                       |
|               | (1) unroll                  |  1,385       | user unroll pragmas are applied                                                        |
|               | (2) simplification          |    878       | simplification of applied user unroll pragmas                                          |
|               | (3) inline                  |    861       | user inline pragmas are applied                                                        |
|               | (4) simplification          |    854       | simplification of applied user inline pragmas                                          |
|               |                             |              |                                                                                        |
| Array/Struct  |                             |              | After user array partition and struct aggregate/disaggregate pragmas are applied       |
|               | (1) array partition         |  1,243       | user array partition pragmas are applied                                               |
|               | (2) simplification          |  1,034       | simplification of applied user array partition & struct aggregate/disaggregate pragmas |
|               | (3) aggregate/disaggregate  |  1,034       | user struct aggregate/disaggregate pragmas are applied                                 |
|               | (4) array reshape           |  1,034       | apply array reshape pragmas                                                            |
|               | (5) access patterns         |  1,036       | array access pattern optmizations                                                      |
|               |                             |              |                                                                                        |
| Performance   |                             |              | After transformations are applied to meet performance pragma targets                   |
|               | (1) loop simplification     |  1,036       | loop and instruction simplification                                                    |
|               | (2) parallelization         |  1,034       | loops are unrolled or pipelined to meet performance targets                            |
|               | (3) array partition         |  1,034       | arrays are partitioned to meet performance targets                                     |
|               | (4) simplification          |    972       | simplification of design after performance transformations                             |
|               |                             |              |                                                                                        |
| HW Transforms |                             |              | After hardware transfomations                                                          |
|               | (1) lowering                |  1,029       | initial conversion to HW specific instructions                                         |
|               | (2) optimizations           |  1,011       | high level synthesis optimizations                                                     |
+---------------+-----------------------------+--------------+----------------------------------------------------------------------------------------+

* Instructions per Function for each Compilation Phase
+----------------------------+-------------------------------+--------------+---------------+--------------+-------------+---------------+
| Function                   | Location                      | Compile/Link | Unroll/Inline | Array/Struct | Performance | HW Transforms |
+----------------------------+-------------------------------+--------------+---------------+--------------+-------------+---------------+
| + multicycle_pipeline_ip   | multicycle_pipeline_ip.cpp:52 | 10,724       | 854           | 1,036        | 972         | 1,011         |
|    init_reg_file           | multicycle_pipeline_ip.cpp:21 |   244        |               |              |             |               |
|    new_cycle               | new_cycle.cpp:2               |    17        |               |              |             |               |
|  + fetch                   | fetch.cpp:41                  |   615        |               |              |             |               |
|   + stage_job              | fetch.cpp:17                  |   201        |               |              |             |               |
|      decode_control        | fetch.cpp:8                   |   188        |               |              |             |               |
|     set_output_to_f        | fetch.cpp:25                  |   144        |               |              |             |               |
|     set_output_to_d        | fetch.cpp:30                  |    18        |               |              |             |               |
|  + decode                  | decode.cpp:110                | 5,454        |               |              |             |               |
|   + stage_job              | decode.cpp:77                 | 5,331        |               |              |             |               |
|    + decode_instruction    | decode.cpp:11                 | 1,778        |               |              |             |               |
|     + type                 | type.cpp:55                   |   892        |               |              |             |               |
|        type_00             | type.cpp:3                    |   180        |               |              |             |               |
|        type_01             | type.cpp:16                   |   180        |               |              |             |               |
|        type_10             | type.cpp:29                   |   180        |               |              |             |               |
|        type_11             | type.cpp:42                   |   180        |               |              |             |               |
|    + decode_immediate      | decode.cpp:55                 | 3,313        |               |              |             |               |
|       i_immediate          | immediate.cpp:2               |   504        |               |              |             |               |
|       s_immediate          | immediate.cpp:8               |   504        |               |              |             |               |
|       b_immediate          | immediate.cpp:14              |   504        |               |              |             |               |
|       u_immediate          | immediate.cpp:20              |   658        |               |              |             |               |
|       j_immediate          | immediate.cpp:27              |   658        |               |              |             |               |
|     set_output_to_f        | decode.cpp:90                 |     4        |               |              |             |               |
|     set_output_to_i        | decode.cpp:95                 |     7        |               |              |             |               |
|  + issue                   | issue.cpp:45                  |   373        |               |              |             |               |
|     save_input_from_d      | issue.cpp:8                   |     9        |               |              |             |               |
|     stage_job              | issue.cpp:18                  |    23        |               |              |             |               |
|     set_output_to_e        | issue.cpp:26                  |    11        |               |              |             |               |
|  + execute                 | execute.cpp:76                | 1,610        |               |              |             |               |
|   + compute                | execute.cpp:10                | 1,069        |               |              |             |               |
|      compute_branch_result | compute.cpp:3                 |   185        |               |              |             |               |
|      compute_op_result     | compute.cpp:29                |   232        |               |              |             |               |
|      compute_result        | compute.cpp:71                |   400        |               |              |             |               |
|      compute_next_pc       | compute.cpp:114               |   212        |               |              |             |               |
|     stage_job              | execute.cpp:24                |   179        |               |              |             |               |
|     set_output_to_f        | execute.cpp:33                |     4        |               |              |             |               |
|     set_output_to_m        | execute.cpp:38                |   166        |               |              |             |               |
|  + mem_access              | mem_access.cpp:56             | 1,528        |               |              |             |               |
|   + stage_job              | mem_access.cpp:10             | 1,225        |               |              |             |               |
|      mem_load              | mem.cpp:3                     |   618        |               |              |             |               |
|      mem_store             | mem.cpp:68                    |   527        |               |              |             |               |
|     set_output_to_w        | mem_access.cpp:29             |    17        |               |              |             |               |
|  + write_back              | wb.cpp:24                     |   114        |               |              |             |               |
|     stage_job              | wb.cpp:12                     |    40        |               |              |             |               |
|    statistic_update        | multicycle_pipeline_ip.cpp:45 |   155        |               |              |             |               |
|    running_cond_update     | multicycle_pipeline_ip.cpp:37 |    49        |               |              |             |               |
+----------------------------+-------------------------------+--------------+---------------+--------------+-------------+---------------+

* Design Size Message Settings
+---------------------------------------------+--------+------------------------------------------------------------------+
| Message Setting                             | Value  | Description                                                      |
+---------------------------------------------+--------+------------------------------------------------------------------+
| config_compile -design_size_maximum_warning | 100000 | Show a warning when total design instructions exceeds this value |
+---------------------------------------------+--------+------------------------------------------------------------------+


