INFO: [SIM 2] *************** CSIM start ***************
INFO: [SIM 4] CSIM will launch CLANG as the compiler.
   Compiling ../../../../../../testbench_par_multihart_ip.cpp in debug mode
   Generating csim.exe
hart 0: 0000: 00000513      li a0, 0
hart 0:       a0  =                0 (       0)
hart 1: 0116: 00359293      slli t0, a1, 3
hart 1:       t0  =                8 (       8)
hart 2: 0116: 00359293      slli t0, a1, 3
hart 2:       t0  =               16 (      10)
hart 0: 0004: 00000593      li a1, 0
hart 0:       a1  =                0 (       0)
hart 1: 0120: 00159313      slli t1, a1, 1
hart 1:       t1  =                2 (       2)
hart 2: 0120: 00159313      slli t1, a1, 1
hart 2:       t1  =                4 (       4)
hart 0: 0008: 00000613      li a2, 0
hart 0:       a2  =                0 (       0)
hart 1: 0124: 00000513      li a0, 0
hart 1:       a0  =                0 (       0)
hart 2: 0124: 00000513      li a0, 0
hart 2:       a0  =                0 (       0)
hart 0: 0012: 02860693      addi a3, a2, 40
hart 0:       a3  =               40 (      28)
hart 1: 0128: 006285b3      add a1, t0, t1
hart 1:       a1  =               10 (       a)
hart 2: 0128: 006285b3      add a1, t0, t1
hart 2:       a1  =               20 (      14)
hart 0: 0016: 00158593      addi a1, a1, 1
hart 0:       a1  =                1 (       1)
hart 1: 0132: 00000613      li a2, 0
hart 1:       a2  =                0 (       0)
hart 2: 0132: 00000613      li a2, 0
hart 2:       a2  =                0 (       0)
hart 0: 0020: 00b62023      sw a1, 0(a2)
hart 0:       m[    0] =                1 (       1)
hart 1: 0136: 02860693      addi a3, a2, 40
hart 1:       a3  =               40 (      28)
hart 2: 0136: 02860693      addi a3, a2, 40
hart 2:       a3  =               40 (      28)
hart 0: 0024: 00460613      addi a2, a2, 4
hart 0:       a2  =                4 (       4)
hart 1: 0140: 00158593      addi a1, a1, 1
hart 1:       a1  =               11 (       b)
hart 2: 0140: 00158593      addi a1, a1, 1
hart 2:       a1  =               21 (      15)
hart 3: 0116: 00359293      slli t0, a1, 3
hart 3:       t0  =               24 (      18)
hart 0: 0028: fed61ae3      bne a2, a3, 16
hart 0:       pc  =               16 (      10)
hart 1: 0144: 00b62023      sw a1, 0(a2)
hart 1:       m[ 8000] =               11 (       b)
hart 2: 0144: 00b62023      sw a1, 0(a2)
hart 2:       m[10000] =               21 (      15)
hart 3: 0120: 00159313      slli t1, a1, 1
hart 3:       t1  =                6 (       6)
hart 1: 0148: 00460613      addi a2, a2, 4
hart 1:       a2  =                4 (       4)
hart 2: 0148: 00460613      addi a2, a2, 4
hart 2:       a2  =                4 (       4)
hart 3: 0124: 00000513      li a0, 0
hart 3:       a0  =                0 (       0)
hart 0: 0016: 00158593      addi a1, a1, 1
hart 0:       a1  =                2 (       2)
hart 1: 0152: fed61ae3      bne a2, a3, 140
hart 1:       pc  =              140 (      8c)
hart 2: 0152: fed61ae3      bne a2, a3, 140
hart 2:       pc  =              140 (      8c)
hart 3: 0128: 006285b3      add a1, t0, t1
hart 3:       a1  =               30 (      1e)
hart 0: 0020: 00b62023      sw a1, 0(a2)
hart 0:       m[    4] =                2 (       2)
hart 3: 0132: 00000613      li a2, 0
hart 3:       a2  =                0 (       0)
hart 0: 0024: 00460613      addi a2, a2, 4
hart 0:       a2  =                8 (       8)
hart 1: 0140: 00158593      addi a1, a1, 1
hart 1:       a1  =               12 (       c)
hart 2: 0140: 00158593      addi a1, a1, 1
hart 2:       a1  =               22 (      16)
hart 3: 0136: 02860693      addi a3, a2, 40
hart 3:       a3  =               40 (      28)
hart 0: 0028: fed61ae3      bne a2, a3, 16
hart 0:       pc  =               16 (      10)
hart 1: 0144: 00b62023      sw a1, 0(a2)
hart 1:       m[ 8004] =               12 (       c)
hart 2: 0144: 00b62023      sw a1, 0(a2)
hart 2:       m[10004] =               22 (      16)
hart 3: 0140: 00158593      addi a1, a1, 1
hart 3:       a1  =               31 (      1f)
hart 1: 0148: 00460613      addi a2, a2, 4
hart 1:       a2  =                8 (       8)
hart 2: 0148: 00460613      addi a2, a2, 4
hart 2:       a2  =                8 (       8)
hart 0: 0016: 00158593      addi a1, a1, 1
hart 0:       a1  =                3 (       3)
hart 3: 0144: 00b62023      sw a1, 0(a2)
hart 3:       m[18000] =               31 (      1f)
hart 1: 0152: fed61ae3      bne a2, a3, 140
hart 1:       pc  =              140 (      8c)
hart 2: 0152: fed61ae3      bne a2, a3, 140
hart 2:       pc  =              140 (      8c)
hart 0: 0020: 00b62023      sw a1, 0(a2)
hart 0:       m[    8] =                3 (       3)
hart 3: 0148: 00460613      addi a2, a2, 4
hart 3:       a2  =                4 (       4)
hart 0: 0024: 00460613      addi a2, a2, 4
hart 0:       a2  =               12 (       c)
hart 1: 0140: 00158593      addi a1, a1, 1
hart 1:       a1  =               13 (       d)
hart 2: 0140: 00158593      addi a1, a1, 1
hart 2:       a1  =               23 (      17)
hart 0: 0028: fed61ae3      bne a2, a3, 16
hart 0:       pc  =               16 (      10)
hart 1: 0144: 00b62023      sw a1, 0(a2)
hart 1:       m[ 8008] =               13 (       d)
hart 2: 0144: 00b62023      sw a1, 0(a2)
hart 2:       m[10008] =               23 (      17)
hart 3: 0152: fed61ae3      bne a2, a3, 140
hart 3:       pc  =              140 (      8c)
hart 1: 0148: 00460613      addi a2, a2, 4
hart 1:       a2  =               12 (       c)
hart 2: 0148: 00460613      addi a2, a2, 4
hart 2:       a2  =               12 (       c)
hart 0: 0016: 00158593      addi a1, a1, 1
hart 0:       a1  =                4 (       4)
hart 1: 0152: fed61ae3      bne a2, a3, 140
hart 1:       pc  =              140 (      8c)
hart 2: 0152: fed61ae3      bne a2, a3, 140
hart 2:       pc  =              140 (      8c)
hart 0: 0020: 00b62023      sw a1, 0(a2)
hart 0:       m[    c] =                4 (       4)
hart 3: 0140: 00158593      addi a1, a1, 1
hart 3:       a1  =               32 (      20)
hart 0: 0024: 00460613      addi a2, a2, 4
hart 0:       a2  =               16 (      10)
hart 1: 0140: 00158593      addi a1, a1, 1
hart 1:       a1  =               14 (       e)
hart 2: 0140: 00158593      addi a1, a1, 1
hart 2:       a1  =               24 (      18)
hart 0: 0028: fed61ae3      bne a2, a3, 16
hart 0:       pc  =               16 (      10)
hart 1: 0144: 00b62023      sw a1, 0(a2)
hart 1:       m[ 800c] =               14 (       e)
hart 2: 0144: 00b62023      sw a1, 0(a2)
hart 2:       m[1000c] =               24 (      18)
hart 3: 0144: 00b62023      sw a1, 0(a2)
hart 3:       m[18004] =               32 (      20)
hart 1: 0148: 00460613      addi a2, a2, 4
hart 1:       a2  =               16 (      10)
hart 2: 0148: 00460613      addi a2, a2, 4
hart 2:       a2  =               16 (      10)
hart 3: 0148: 00460613      addi a2, a2, 4
hart 3:       a2  =                8 (       8)
hart 0: 0016: 00158593      addi a1, a1, 1
hart 0:       a1  =                5 (       5)
hart 1: 0152: fed61ae3      bne a2, a3, 140
hart 1:       pc  =              140 (      8c)
hart 2: 0152: fed61ae3      bne a2, a3, 140
hart 2:       pc  =              140 (      8c)
hart 3: 0152: fed61ae3      bne a2, a3, 140
hart 3:       pc  =              140 (      8c)
hart 0: 0020: 00b62023      sw a1, 0(a2)
hart 0:       m[   10] =                5 (       5)
hart 0: 0024: 00460613      addi a2, a2, 4
hart 0:       a2  =               20 (      14)
hart 1: 0140: 00158593      addi a1, a1, 1
hart 1:       a1  =               15 (       f)
hart 2: 0140: 00158593      addi a1, a1, 1
hart 2:       a1  =               25 (      19)
hart 3: 0140: 00158593      addi a1, a1, 1
hart 3:       a1  =               33 (      21)
hart 0: 0028: fed61ae3      bne a2, a3, 16
hart 0:       pc  =               16 (      10)
hart 1: 0144: 00b62023      sw a1, 0(a2)
hart 1:       m[ 8010] =               15 (       f)
hart 2: 0144: 00b62023      sw a1, 0(a2)
hart 2:       m[10010] =               25 (      19)
hart 3: 0144: 00b62023      sw a1, 0(a2)
hart 3:       m[18008] =               33 (      21)
hart 1: 0148: 00460613      addi a2, a2, 4
hart 1:       a2  =               20 (      14)
hart 2: 0148: 00460613      addi a2, a2, 4
hart 2:       a2  =               20 (      14)
hart 0: 0016: 00158593      addi a1, a1, 1
hart 0:       a1  =                6 (       6)
hart 3: 0148: 00460613      addi a2, a2, 4
hart 3:       a2  =               12 (       c)
hart 1: 0152: fed61ae3      bne a2, a3, 140
hart 1:       pc  =              140 (      8c)
hart 2: 0152: fed61ae3      bne a2, a3, 140
hart 2:       pc  =              140 (      8c)
hart 0: 0020: 00b62023      sw a1, 0(a2)
hart 0:       m[   14] =                6 (       6)
hart 3: 0152: fed61ae3      bne a2, a3, 140
hart 3:       pc  =              140 (      8c)
hart 0: 0024: 00460613      addi a2, a2, 4
hart 0:       a2  =               24 (      18)
hart 1: 0140: 00158593      addi a1, a1, 1
hart 1:       a1  =               16 (      10)
hart 2: 0140: 00158593      addi a1, a1, 1
hart 2:       a1  =               26 (      1a)
hart 0: 0028: fed61ae3      bne a2, a3, 16
hart 0:       pc  =               16 (      10)
hart 1: 0144: 00b62023      sw a1, 0(a2)
hart 1:       m[ 8014] =               16 (      10)
hart 2: 0144: 00b62023      sw a1, 0(a2)
hart 2:       m[10014] =               26 (      1a)
hart 3: 0140: 00158593      addi a1, a1, 1
hart 3:       a1  =               34 (      22)
hart 1: 0148: 00460613      addi a2, a2, 4
hart 1:       a2  =               24 (      18)
hart 2: 0148: 00460613      addi a2, a2, 4
hart 2:       a2  =               24 (      18)
hart 0: 0016: 00158593      addi a1, a1, 1
hart 0:       a1  =                7 (       7)
hart 1: 0152: fed61ae3      bne a2, a3, 140
hart 1:       pc  =              140 (      8c)
hart 2: 0152: fed61ae3      bne a2, a3, 140
hart 2:       pc  =              140 (      8c)
hart 0: 0020: 00b62023      sw a1, 0(a2)
hart 0:       m[   18] =                7 (       7)
hart 3: 0144: 00b62023      sw a1, 0(a2)
hart 3:       m[1800c] =               34 (      22)
hart 0: 0024: 00460613      addi a2, a2, 4
hart 0:       a2  =               28 (      1c)
hart 1: 0140: 00158593      addi a1, a1, 1
hart 1:       a1  =               17 (      11)
hart 2: 0140: 00158593      addi a1, a1, 1
hart 2:       a1  =               27 (      1b)
hart 0: 0028: fed61ae3      bne a2, a3, 16
hart 0:       pc  =               16 (      10)
hart 1: 0144: 00b62023      sw a1, 0(a2)
hart 1:       m[ 8018] =               17 (      11)
hart 2: 0144: 00b62023      sw a1, 0(a2)
hart 2:       m[10018] =               27 (      1b)
hart 3: 0148: 00460613      addi a2, a2, 4
hart 3:       a2  =               16 (      10)
hart 1: 0148: 00460613      addi a2, a2, 4
hart 1:       a2  =               28 (      1c)
hart 2: 0148: 00460613      addi a2, a2, 4
hart 2:       a2  =               28 (      1c)
hart 0: 0016: 00158593      addi a1, a1, 1
hart 0:       a1  =                8 (       8)
hart 3: 0152: fed61ae3      bne a2, a3, 140
hart 3:       pc  =              140 (      8c)
hart 1: 0152: fed61ae3      bne a2, a3, 140
hart 1:       pc  =              140 (      8c)
hart 2: 0152: fed61ae3      bne a2, a3, 140
hart 2:       pc  =              140 (      8c)
hart 0: 0020: 00b62023      sw a1, 0(a2)
hart 0:       m[   1c] =                8 (       8)
hart 0: 0024: 00460613      addi a2, a2, 4
hart 0:       a2  =               32 (      20)
hart 3: 0140: 00158593      addi a1, a1, 1
hart 3:       a1  =               35 (      23)
hart 1: 0140: 00158593      addi a1, a1, 1
hart 1:       a1  =               18 (      12)
hart 2: 0140: 00158593      addi a1, a1, 1
hart 2:       a1  =               28 (      1c)
hart 0: 0028: fed61ae3      bne a2, a3, 16
hart 0:       pc  =               16 (      10)
hart 3: 0144: 00b62023      sw a1, 0(a2)
hart 3:       m[18010] =               35 (      23)
hart 1: 0144: 00b62023      sw a1, 0(a2)
hart 1:       m[ 801c] =               18 (      12)
hart 2: 0144: 00b62023      sw a1, 0(a2)
hart 2:       m[1001c] =               28 (      1c)
hart 3: 0148: 00460613      addi a2, a2, 4
hart 3:       a2  =               20 (      14)
hart 1: 0148: 00460613      addi a2, a2, 4
hart 1:       a2  =               32 (      20)
hart 0: 0016: 00158593      addi a1, a1, 1
hart 0:       a1  =                9 (       9)
hart 2: 0148: 00460613      addi a2, a2, 4
hart 2:       a2  =               32 (      20)
hart 3: 0152: fed61ae3      bne a2, a3, 140
hart 3:       pc  =              140 (      8c)
hart 1: 0152: fed61ae3      bne a2, a3, 140
hart 1:       pc  =              140 (      8c)
hart 0: 0020: 00b62023      sw a1, 0(a2)
hart 0:       m[   20] =                9 (       9)
hart 2: 0152: fed61ae3      bne a2, a3, 140
hart 2:       pc  =              140 (      8c)
hart 0: 0024: 00460613      addi a2, a2, 4
hart 0:       a2  =               36 (      24)
hart 3: 0140: 00158593      addi a1, a1, 1
hart 3:       a1  =               36 (      24)
hart 1: 0140: 00158593      addi a1, a1, 1
hart 1:       a1  =               19 (      13)
hart 0: 0028: fed61ae3      bne a2, a3, 16
hart 0:       pc  =               16 (      10)
hart 2: 0140: 00158593      addi a1, a1, 1
hart 2:       a1  =               29 (      1d)
hart 1: 0144: 00b62023      sw a1, 0(a2)
hart 1:       m[ 8020] =               19 (      13)
hart 3: 0144: 00b62023      sw a1, 0(a2)
hart 3:       m[18014] =               36 (      24)
hart 1: 0148: 00460613      addi a2, a2, 4
hart 1:       a2  =               36 (      24)
hart 2: 0144: 00b62023      sw a1, 0(a2)
hart 2:       m[10020] =               29 (      1d)
hart 0: 0016: 00158593      addi a1, a1, 1
hart 0:       a1  =               10 (       a)
hart 2: 0148: 00460613      addi a2, a2, 4
hart 2:       a2  =               36 (      24)
hart 1: 0152: fed61ae3      bne a2, a3, 140
hart 1:       pc  =              140 (      8c)
hart 0: 0020: 00b62023      sw a1, 0(a2)
hart 0:       m[   24] =               10 (       a)
hart 3: 0148: 00460613      addi a2, a2, 4
hart 3:       a2  =               24 (      18)
hart 2: 0152: fed61ae3      bne a2, a3, 140
hart 2:       pc  =              140 (      8c)
hart 0: 0024: 00460613      addi a2, a2, 4
hart 0:       a2  =               40 (      28)
hart 1: 0140: 00158593      addi a1, a1, 1
hart 1:       a1  =               20 (      14)
hart 3: 0152: fed61ae3      bne a2, a3, 140
hart 3:       pc  =              140 (      8c)
hart 0: 0028: fed61ae3      bne a2, a3, 16
hart 0:       pc  =               32 (      20)
hart 1: 0144: 00b62023      sw a1, 0(a2)
hart 1:       m[ 8024] =               20 (      14)
hart 2: 0140: 00158593      addi a1, a1, 1
hart 2:       a1  =               30 (      1e)
hart 1: 0148: 00460613      addi a2, a2, 4
hart 1:       a2  =               40 (      28)
hart 0: 0032: 00000593      li a1, 0
hart 0:       a1  =                0 (       0)
hart 2: 0144: 00b62023      sw a1, 0(a2)
hart 2:       m[10024] =               30 (      1e)
hart 1: 0152: fed61ae3      bne a2, a3, 140
hart 1:       pc  =              156 (      9c)
hart 3: 0140: 00158593      addi a1, a1, 1
hart 3:       a1  =               37 (      25)
hart 0: 0036: 00000613      li a2, 0
hart 0:       a2  =                0 (       0)
hart 2: 0148: 00460613      addi a2, a2, 4
hart 2:       a2  =               40 (      28)
hart 3: 0144: 00b62023      sw a1, 0(a2)
hart 3:       m[18018] =               37 (      25)
hart 0: 0040: 00062703      lw a4, 0(a2)
hart 0:       a4  =                1 (       1)    (m[    0])
hart 1: 0156: 00000593      li a1, 0
hart 1:       a1  =                0 (       0)
hart 2: 0152: fed61ae3      bne a2, a3, 140
hart 2:       pc  =              156 (      9c)
hart 0: 0044: 00460613      addi a2, a2, 4
hart 0:       a2  =                4 (       4)
hart 1: 0160: 00000613      li a2, 0
hart 1:       a2  =                0 (       0)
hart 3: 0148: 00460613      addi a2, a2, 4
hart 3:       a2  =               28 (      1c)
hart 0: 0048: 00e50533      add a0, a0, a4
hart 0:       a0  =                1 (       1)
hart 2: 0156: 00000593      li a1, 0
hart 2:       a1  =                0 (       0)
hart 1: 0164: 00062703      lw a4, 0(a2)
hart 1:       a4  =               11 (       b)    (m[ 8000])
hart 0: 0052: fed61ae3      bne a2, a3, 40
hart 0:       pc  =               40 (      28)
hart 3: 0152: fed61ae3      bne a2, a3, 140
hart 3:       pc  =              140 (      8c)
hart 1: 0168: 00460613      addi a2, a2, 4
hart 1:       a2  =                4 (       4)
hart 2: 0160: 00000613      li a2, 0
hart 2:       a2  =                0 (       0)
hart 1: 0172: 00e50533      add a0, a0, a4
hart 1:       a0  =               11 (       b)
hart 0: 0040: 00062703      lw a4, 0(a2)
hart 0:       a4  =                2 (       2)    (m[    4])
hart 2: 0164: 00062703      lw a4, 0(a2)
hart 2:       a4  =               21 (      15)    (m[10000])
hart 3: 0140: 00158593      addi a1, a1, 1
hart 3:       a1  =               38 (      26)
hart 1: 0176: fed61ae3      bne a2, a3, 164
hart 1:       pc  =              164 (      a4)
hart 2: 0168: 00460613      addi a2, a2, 4
hart 2:       a2  =                4 (       4)
hart 0: 0044: 00460613      addi a2, a2, 4
hart 0:       a2  =                8 (       8)
hart 3: 0144: 00b62023      sw a1, 0(a2)
hart 3:       m[1801c] =               38 (      26)
hart 2: 0172: 00e50533      add a0, a0, a4
hart 2:       a0  =               21 (      15)
hart 0: 0048: 00e50533      add a0, a0, a4
hart 0:       a0  =                3 (       3)
hart 3: 0148: 00460613      addi a2, a2, 4
hart 3:       a2  =               32 (      20)
hart 1: 0164: 00062703      lw a4, 0(a2)
hart 1:       a4  =               12 (       c)    (m[ 8004])
hart 2: 0176: fed61ae3      bne a2, a3, 164
hart 2:       pc  =              164 (      a4)
hart 0: 0052: fed61ae3      bne a2, a3, 40
hart 0:       pc  =               40 (      28)
hart 3: 0152: fed61ae3      bne a2, a3, 140
hart 3:       pc  =              140 (      8c)
hart 1: 0168: 00460613      addi a2, a2, 4
hart 1:       a2  =                8 (       8)
hart 1: 0172: 00e50533      add a0, a0, a4
hart 1:       a0  =               23 (      17)
hart 2: 0164: 00062703      lw a4, 0(a2)
hart 2:       a4  =               22 (      16)    (m[10004])
hart 0: 0040: 00062703      lw a4, 0(a2)
hart 0:       a4  =                3 (       3)    (m[    8])
hart 3: 0140: 00158593      addi a1, a1, 1
hart 3:       a1  =               39 (      27)
hart 1: 0176: fed61ae3      bne a2, a3, 164
hart 1:       pc  =              164 (      a4)
hart 2: 0168: 00460613      addi a2, a2, 4
hart 2:       a2  =                8 (       8)
hart 0: 0044: 00460613      addi a2, a2, 4
hart 0:       a2  =               12 (       c)
hart 3: 0144: 00b62023      sw a1, 0(a2)
hart 3:       m[18020] =               39 (      27)
hart 2: 0172: 00e50533      add a0, a0, a4
hart 2:       a0  =               43 (      2b)
hart 0: 0048: 00e50533      add a0, a0, a4
hart 0:       a0  =                6 (       6)
hart 1: 0164: 00062703      lw a4, 0(a2)
hart 1:       a4  =               13 (       d)    (m[ 8008])
hart 3: 0148: 00460613      addi a2, a2, 4
hart 3:       a2  =               36 (      24)
hart 2: 0176: fed61ae3      bne a2, a3, 164
hart 2:       pc  =              164 (      a4)
hart 0: 0052: fed61ae3      bne a2, a3, 40
hart 0:       pc  =               40 (      28)
hart 1: 0168: 00460613      addi a2, a2, 4
hart 1:       a2  =               12 (       c)
hart 3: 0152: fed61ae3      bne a2, a3, 140
hart 3:       pc  =              140 (      8c)
hart 1: 0172: 00e50533      add a0, a0, a4
hart 1:       a0  =               36 (      24)
hart 2: 0164: 00062703      lw a4, 0(a2)
hart 2:       a4  =               23 (      17)    (m[10008])
hart 0: 0040: 00062703      lw a4, 0(a2)
hart 0:       a4  =                4 (       4)    (m[    c])
hart 1: 0176: fed61ae3      bne a2, a3, 164
hart 1:       pc  =              164 (      a4)
hart 2: 0168: 00460613      addi a2, a2, 4
hart 2:       a2  =               12 (       c)
hart 0: 0044: 00460613      addi a2, a2, 4
hart 0:       a2  =               16 (      10)
hart 3: 0140: 00158593      addi a1, a1, 1
hart 3:       a1  =               40 (      28)
hart 2: 0172: 00e50533      add a0, a0, a4
hart 2:       a0  =               66 (      42)
hart 0: 0048: 00e50533      add a0, a0, a4
hart 0:       a0  =               10 (       a)
hart 1: 0164: 00062703      lw a4, 0(a2)
hart 1:       a4  =               14 (       e)    (m[ 800c])
hart 2: 0176: fed61ae3      bne a2, a3, 164
hart 2:       pc  =              164 (      a4)
hart 0: 0052: fed61ae3      bne a2, a3, 40
hart 0:       pc  =               40 (      28)
hart 1: 0168: 00460613      addi a2, a2, 4
hart 1:       a2  =               16 (      10)
hart 3: 0144: 00b62023      sw a1, 0(a2)
hart 3:       m[18024] =               40 (      28)
hart 1: 0172: 00e50533      add a0, a0, a4
hart 1:       a0  =               50 (      32)
hart 2: 0164: 00062703      lw a4, 0(a2)
hart 2:       a4  =               24 (      18)    (m[1000c])
hart 0: 0040: 00062703      lw a4, 0(a2)
hart 0:       a4  =                5 (       5)    (m[   10])
hart 1: 0176: fed61ae3      bne a2, a3, 164
hart 1:       pc  =              164 (      a4)
hart 2: 0168: 00460613      addi a2, a2, 4
hart 2:       a2  =               16 (      10)
hart 0: 0044: 00460613      addi a2, a2, 4
hart 0:       a2  =               20 (      14)
hart 3: 0148: 00460613      addi a2, a2, 4
hart 3:       a2  =               40 (      28)
hart 2: 0172: 00e50533      add a0, a0, a4
hart 2:       a0  =               90 (      5a)
hart 0: 0048: 00e50533      add a0, a0, a4
hart 0:       a0  =               15 (       f)
hart 1: 0164: 00062703      lw a4, 0(a2)
hart 1:       a4  =               15 (       f)    (m[ 8010])
hart 2: 0176: fed61ae3      bne a2, a3, 164
hart 2:       pc  =              164 (      a4)
hart 0: 0052: fed61ae3      bne a2, a3, 40
hart 0:       pc  =               40 (      28)
hart 1: 0168: 00460613      addi a2, a2, 4
hart 1:       a2  =               20 (      14)
hart 3: 0152: fed61ae3      bne a2, a3, 140
hart 3:       pc  =              156 (      9c)
hart 1: 0172: 00e50533      add a0, a0, a4
hart 1:       a0  =               65 (      41)
hart 2: 0164: 00062703      lw a4, 0(a2)
hart 2:       a4  =               25 (      19)    (m[10010])
hart 0: 0040: 00062703      lw a4, 0(a2)
hart 0:       a4  =                6 (       6)    (m[   14])
hart 1: 0176: fed61ae3      bne a2, a3, 164
hart 1:       pc  =              164 (      a4)
hart 2: 0168: 00460613      addi a2, a2, 4
hart 2:       a2  =               20 (      14)
hart 0: 0044: 00460613      addi a2, a2, 4
hart 0:       a2  =               24 (      18)
hart 3: 0156: 00000593      li a1, 0
hart 3:       a1  =                0 (       0)
hart 2: 0172: 00e50533      add a0, a0, a4
hart 2:       a0  =              115 (      73)
hart 0: 0048: 00e50533      add a0, a0, a4
hart 0:       a0  =               21 (      15)
hart 1: 0164: 00062703      lw a4, 0(a2)
hart 1:       a4  =               16 (      10)    (m[ 8014])
hart 2: 0176: fed61ae3      bne a2, a3, 164
hart 2:       pc  =              164 (      a4)
hart 0: 0052: fed61ae3      bne a2, a3, 40
hart 0:       pc  =               40 (      28)
hart 1: 0168: 00460613      addi a2, a2, 4
hart 1:       a2  =               24 (      18)
hart 3: 0160: 00000613      li a2, 0
hart 3:       a2  =                0 (       0)
hart 1: 0172: 00e50533      add a0, a0, a4
hart 1:       a0  =               81 (      51)
hart 2: 0164: 00062703      lw a4, 0(a2)
hart 2:       a4  =               26 (      1a)    (m[10014])
hart 0: 0040: 00062703      lw a4, 0(a2)
hart 0:       a4  =                7 (       7)    (m[   18])
hart 1: 0176: fed61ae3      bne a2, a3, 164
hart 1:       pc  =              164 (      a4)
hart 2: 0168: 00460613      addi a2, a2, 4
hart 2:       a2  =               24 (      18)
hart 0: 0044: 00460613      addi a2, a2, 4
hart 0:       a2  =               28 (      1c)
hart 3: 0164: 00062703      lw a4, 0(a2)
hart 3:       a4  =               31 (      1f)    (m[18000])
hart 2: 0172: 00e50533      add a0, a0, a4
hart 2:       a0  =              141 (      8d)
hart 0: 0048: 00e50533      add a0, a0, a4
hart 0:       a0  =               28 (      1c)
hart 1: 0164: 00062703      lw a4, 0(a2)
hart 1:       a4  =               17 (      11)    (m[ 8018])
hart 2: 0176: fed61ae3      bne a2, a3, 164
hart 2:       pc  =              164 (      a4)
hart 0: 0052: fed61ae3      bne a2, a3, 40
hart 0:       pc  =               40 (      28)
hart 1: 0168: 00460613      addi a2, a2, 4
hart 1:       a2  =               28 (      1c)
hart 3: 0168: 00460613      addi a2, a2, 4
hart 3:       a2  =                4 (       4)
hart 1: 0172: 00e50533      add a0, a0, a4
hart 1:       a0  =               98 (      62)
hart 2: 0164: 00062703      lw a4, 0(a2)
hart 2:       a4  =               27 (      1b)    (m[10018])
hart 0: 0040: 00062703      lw a4, 0(a2)
hart 0:       a4  =                8 (       8)    (m[   1c])
hart 1: 0176: fed61ae3      bne a2, a3, 164
hart 1:       pc  =              164 (      a4)
hart 2: 0168: 00460613      addi a2, a2, 4
hart 2:       a2  =               28 (      1c)
hart 0: 0044: 00460613      addi a2, a2, 4
hart 0:       a2  =               32 (      20)
hart 3: 0172: 00e50533      add a0, a0, a4
hart 3:       a0  =               31 (      1f)
hart 2: 0172: 00e50533      add a0, a0, a4
hart 2:       a0  =              168 (      a8)
hart 0: 0048: 00e50533      add a0, a0, a4
hart 0:       a0  =               36 (      24)
hart 1: 0164: 00062703      lw a4, 0(a2)
hart 1:       a4  =               18 (      12)    (m[ 801c])
hart 2: 0176: fed61ae3      bne a2, a3, 164
hart 2:       pc  =              164 (      a4)
hart 0: 0052: fed61ae3      bne a2, a3, 40
hart 0:       pc  =               40 (      28)
hart 1: 0168: 00460613      addi a2, a2, 4
hart 1:       a2  =               32 (      20)
hart 3: 0176: fed61ae3      bne a2, a3, 164
hart 3:       pc  =              164 (      a4)
hart 1: 0172: 00e50533      add a0, a0, a4
hart 1:       a0  =              116 (      74)
hart 2: 0164: 00062703      lw a4, 0(a2)
hart 2:       a4  =               28 (      1c)    (m[1001c])
hart 0: 0040: 00062703      lw a4, 0(a2)
hart 0:       a4  =                9 (       9)    (m[   20])
hart 1: 0176: fed61ae3      bne a2, a3, 164
hart 1:       pc  =              164 (      a4)
hart 2: 0168: 00460613      addi a2, a2, 4
hart 2:       a2  =               32 (      20)
hart 0: 0044: 00460613      addi a2, a2, 4
hart 0:       a2  =               36 (      24)
hart 3: 0164: 00062703      lw a4, 0(a2)
hart 3:       a4  =               32 (      20)    (m[18004])
hart 2: 0172: 00e50533      add a0, a0, a4
hart 2:       a0  =              196 (      c4)
hart 0: 0048: 00e50533      add a0, a0, a4
hart 0:       a0  =               45 (      2d)
hart 1: 0164: 00062703      lw a4, 0(a2)
hart 1:       a4  =               19 (      13)    (m[ 8020])
hart 2: 0176: fed61ae3      bne a2, a3, 164
hart 2:       pc  =              164 (      a4)
hart 0: 0052: fed61ae3      bne a2, a3, 40
hart 0:       pc  =               40 (      28)
hart 1: 0168: 00460613      addi a2, a2, 4
hart 1:       a2  =               36 (      24)
hart 3: 0168: 00460613      addi a2, a2, 4
hart 3:       a2  =                8 (       8)
hart 1: 0172: 00e50533      add a0, a0, a4
hart 1:       a0  =              135 (      87)
hart 2: 0164: 00062703      lw a4, 0(a2)
hart 2:       a4  =               29 (      1d)    (m[10020])
hart 0: 0040: 00062703      lw a4, 0(a2)
hart 0:       a4  =               10 (       a)    (m[   24])
hart 1: 0176: fed61ae3      bne a2, a3, 164
hart 1:       pc  =              164 (      a4)
hart 2: 0168: 00460613      addi a2, a2, 4
hart 2:       a2  =               36 (      24)
hart 0: 0044: 00460613      addi a2, a2, 4
hart 0:       a2  =               40 (      28)
hart 3: 0172: 00e50533      add a0, a0, a4
hart 3:       a0  =               63 (      3f)
hart 2: 0172: 00e50533      add a0, a0, a4
hart 2:       a0  =              225 (      e1)
hart 0: 0048: 00e50533      add a0, a0, a4
hart 0:       a0  =               55 (      37)
hart 1: 0164: 00062703      lw a4, 0(a2)
hart 1:       a4  =               20 (      14)    (m[ 8024])
hart 2: 0176: fed61ae3      bne a2, a3, 164
hart 2:       pc  =              164 (      a4)
hart 0: 0052: fed61ae3      bne a2, a3, 40
hart 0:       pc  =               56 (      38)
hart 1: 0168: 00460613      addi a2, a2, 4
hart 1:       a2  =               40 (      28)
hart 3: 0176: fed61ae3      bne a2, a3, 164
hart 3:       pc  =              164 (      a4)
hart 1: 0172: 00e50533      add a0, a0, a4
hart 1:       a0  =              155 (      9b)
hart 2: 0164: 00062703      lw a4, 0(a2)
hart 2:       a4  =               30 (      1e)    (m[10024])
hart 0: 0056: 02800613      li a2, 40
hart 0:       a2  =               40 (      28)
hart 1: 0176: fed61ae3      bne a2, a3, 164
hart 1:       pc  =              180 (      b4)
hart 2: 0168: 00460613      addi a2, a2, 4
hart 2:       a2  =               40 (      28)
hart 0: 0060: 00a62023      sw a0, 0(a2)
hart 0:       m[   28] =               55 (      37)
hart 3: 0164: 00062703      lw a4, 0(a2)
hart 3:       a4  =               33 (      21)    (m[18008])
hart 2: 0172: 00e50533      add a0, a0, a4
hart 2:       a0  =              255 (      ff)
hart 0: 0064: 00100593      li a1, 1
hart 0:       a1  =                1 (       1)
hart 1: 0180: 02800613      li a2, 40
hart 1:       a2  =               40 (      28)
hart 2: 0176: fed61ae3      bne a2, a3, 164
hart 2:       pc  =              180 (      b4)
hart 0: 0068: 00400613      li a2, 4
hart 0:       a2  =                4 (       4)
hart 3: 0168: 00460613      addi a2, a2, 4
hart 3:       a2  =               12 (       c)
hart 1: 0184: 00a62023      sw a0, 0(a2)
hart 1:       m[ 8028] =              155 (      9b)
hart 0: 0072: 00008737      lui a4, 32768
hart 0:       a4  =            32768 (    8000)
hart 1: 0188: 00008067      ret
hart 1:       pc  =                0 (       0)
hart 2: 0180: 02800613      li a2, 40
hart 2:       a2  =               40 (      28)
hart 0: 0076: 00070793      addi a5, a4, 0
hart 0:       a5  =            32768 (    8000)
hart 3: 0172: 00e50533      add a0, a0, a4
hart 3:       a0  =               96 (      60)
hart 2: 0184: 00a62023      sw a0, 0(a2)
hart 2:       m[10028] =              255 (      ff)
hart 0: 0080: 02872683      lw a3, 40(a4)
hart 0:       a3  =              155 (      9b)    (m[ 8028])
hart 3: 0176: fed61ae3      bne a2, a3, 164
hart 3:       pc  =              164 (      a4)
hart 2: 0188: 00008067      ret
hart 2:       pc  =                0 (       0)
hart 0: 0084: fe068ee3      beq a3, zero, 80
hart 0:       pc  =               88 (      58)
hart 3: 0164: 00062703      lw a4, 0(a2)
hart 3:       a4  =               34 (      22)    (m[1800c])
hart 3: 0168: 00460613      addi a2, a2, 4
hart 3:       a2  =               16 (      10)
hart 0: 0088: 00d50533      add a0, a0, a3
hart 0:       a0  =              210 (      d2)
hart 3: 0172: 00e50533      add a0, a0, a4
hart 3:       a0  =              130 (      82)
hart 0: 0092: 00f70733      add a4, a4, a5
hart 0:       a4  =            65536 (   10000)
hart 3: 0176: fed61ae3      bne a2, a3, 164
hart 3:       pc  =              164 (      a4)
hart 0: 0096: 00158593      addi a1, a1, 1
hart 0:       a1  =                2 (       2)
hart 3: 0164: 00062703      lw a4, 0(a2)
hart 3:       a4  =               35 (      23)    (m[18010])
hart 0: 0100: fec596e3      bne a1, a2, 80
hart 0:       pc  =               80 (      50)
hart 3: 0168: 00460613      addi a2, a2, 4
hart 3:       a2  =               20 (      14)
hart 3: 0172: 00e50533      add a0, a0, a4
hart 3:       a0  =              165 (      a5)
hart 0: 0080: 02872683      lw a3, 40(a4)
hart 0:       a3  =              255 (      ff)    (m[10028])
hart 3: 0176: fed61ae3      bne a2, a3, 164
hart 3:       pc  =              164 (      a4)
hart 0: 0084: fe068ee3      beq a3, zero, 80
hart 0:       pc  =               88 (      58)
hart 3: 0164: 00062703      lw a4, 0(a2)
hart 3:       a4  =               36 (      24)    (m[18014])
hart 3: 0168: 00460613      addi a2, a2, 4
hart 3:       a2  =               24 (      18)
hart 0: 0088: 00d50533      add a0, a0, a3
hart 0:       a0  =              465 (     1d1)
hart 3: 0172: 00e50533      add a0, a0, a4
hart 3:       a0  =              201 (      c9)
hart 0: 0092: 00f70733      add a4, a4, a5
hart 0:       a4  =            98304 (   18000)
hart 3: 0176: fed61ae3      bne a2, a3, 164
hart 3:       pc  =              164 (      a4)
hart 0: 0096: 00158593      addi a1, a1, 1
hart 0:       a1  =                3 (       3)
hart 3: 0164: 00062703      lw a4, 0(a2)
hart 3:       a4  =               37 (      25)    (m[18018])
hart 0: 0100: fec596e3      bne a1, a2, 80
hart 0:       pc  =               80 (      50)
hart 3: 0168: 00460613      addi a2, a2, 4
hart 3:       a2  =               28 (      1c)
hart 3: 0172: 00e50533      add a0, a0, a4
hart 3:       a0  =              238 (      ee)
hart 0: 0080: 02872683      lw a3, 40(a4)
hart 0:       a3  =                0 (       0)    (m[18028])
hart 3: 0176: fed61ae3      bne a2, a3, 164
hart 3:       pc  =              164 (      a4)
hart 0: 0084: fe068ee3      beq a3, zero, 80
hart 0:       pc  =               80 (      50)
hart 3: 0164: 00062703      lw a4, 0(a2)
hart 3:       a4  =               38 (      26)    (m[1801c])
hart 3: 0168: 00460613      addi a2, a2, 4
hart 3:       a2  =               32 (      20)
hart 0: 0080: 02872683      lw a3, 40(a4)
hart 0:       a3  =                0 (       0)    (m[18028])
hart 3: 0172: 00e50533      add a0, a0, a4
hart 3:       a0  =              276 (     114)
hart 3: 0176: fed61ae3      bne a2, a3, 164
hart 3:       pc  =              164 (      a4)
hart 0: 0084: fe068ee3      beq a3, zero, 80
hart 0:       pc  =               80 (      50)
hart 3: 0164: 00062703      lw a4, 0(a2)
hart 3:       a4  =               39 (      27)    (m[18020])
hart 0: 0080: 02872683      lw a3, 40(a4)
hart 0:       a3  =                0 (       0)    (m[18028])
hart 3: 0168: 00460613      addi a2, a2, 4
hart 3:       a2  =               36 (      24)
hart 3: 0172: 00e50533      add a0, a0, a4
hart 3:       a0  =              315 (     13b)
hart 0: 0084: fe068ee3      beq a3, zero, 80
hart 0:       pc  =               80 (      50)
hart 3: 0176: fed61ae3      bne a2, a3, 164
hart 3:       pc  =              164 (      a4)
hart 0: 0080: 02872683      lw a3, 40(a4)
hart 0:       a3  =                0 (       0)    (m[18028])
hart 3: 0164: 00062703      lw a4, 0(a2)
hart 3:       a4  =               40 (      28)    (m[18024])
hart 3: 0168: 00460613      addi a2, a2, 4
hart 3:       a2  =               40 (      28)
hart 0: 0084: fe068ee3      beq a3, zero, 80
hart 0:       pc  =               80 (      50)
hart 3: 0172: 00e50533      add a0, a0, a4
hart 3:       a0  =              355 (     163)
hart 3: 0176: fed61ae3      bne a2, a3, 164
hart 3:       pc  =              180 (      b4)
hart 0: 0080: 02872683      lw a3, 40(a4)
hart 0:       a3  =                0 (       0)    (m[18028])
hart 3: 0180: 02800613      li a2, 40
hart 3:       a2  =               40 (      28)
hart 0: 0084: fe068ee3      beq a3, zero, 80
hart 0:       pc  =               80 (      50)
hart 3: 0184: 00a62023      sw a0, 0(a2)
hart 3:       m[18028] =              355 (     163)
hart 0: 0080: 02872683      lw a3, 40(a4)
hart 0:       a3  =              355 (     163)    (m[18028])
hart 3: 0188: 00008067      ret
hart 3:       pc  =                0 (       0)
hart 0: 0084: fe068ee3      beq a3, zero, 80
hart 0:       pc  =               88 (      58)
hart 0: 0088: 00d50533      add a0, a0, a3
hart 0:       a0  =              820 (     334)
hart 0: 0092: 00f70733      add a4, a4, a5
hart 0:       a4  =           131072 (   20000)
hart 0: 0096: 00158593      addi a1, a1, 1
hart 0:       a1  =                4 (       4)
hart 0: 0100: fec596e3      bne a1, a2, 80
hart 0:       pc  =              104 (      68)
hart 0: 0104: 02c00613      li a2, 44
hart 0:       a2  =               44 (      2c)
hart 0: 0108: 00a62023      sw a0, 0(a2)
hart 0:       m[   2c] =              820 (     334)
hart 0: 0112: 00008067      ret
hart 0:       pc  =                0 (       0)
register file for hart 0
ra  =                0 (       0)
sp  =            32768 (    8000)
gp  =                0 (       0)
tp  =                0 (       0)
t0  =                0 (       0)
t1  =                0 (       0)
t2  =                0 (       0)
s0  =                0 (       0)
s1  =                0 (       0)
a0  =              820 (     334)
a1  =                4 (       4)
a2  =               44 (      2c)
a3  =              355 (     163)
a4  =           131072 (   20000)
a5  =            32768 (    8000)
a6  =                0 (       0)
a7  =                0 (       0)
s2  =                0 (       0)
s3  =                0 (       0)
s4  =                0 (       0)
s5  =                0 (       0)
s6  =                0 (       0)
s7  =                0 (       0)
s8  =                0 (       0)
s9  =                0 (       0)
s10 =                0 (       0)
s11 =                0 (       0)
t3  =                0 (       0)
t4  =                0 (       0)
t5  =                0 (       0)
t6  =                0 (       0)
register file for hart 1
ra  =                0 (       0)
sp  =            32768 (    8000)
gp  =                0 (       0)
tp  =                0 (       0)
t0  =                8 (       8)
t1  =                2 (       2)
t2  =                0 (       0)
s0  =                0 (       0)
s1  =                0 (       0)
a0  =              155 (      9b)
a1  =                0 (       0)
a2  =               40 (      28)
a3  =               40 (      28)
a4  =               20 (      14)
a5  =                0 (       0)
a6  =                0 (       0)
a7  =                0 (       0)
s2  =                0 (       0)
s3  =                0 (       0)
s4  =                0 (       0)
s5  =                0 (       0)
s6  =                0 (       0)
s7  =                0 (       0)
s8  =                0 (       0)
s9  =                0 (       0)
s10 =                0 (       0)
s11 =                0 (       0)
t3  =                0 (       0)
t4  =                0 (       0)
t5  =                0 (       0)
t6  =                0 (       0)
register file for hart 2
ra  =                0 (       0)
sp  =            32768 (    8000)
gp  =                0 (       0)
tp  =                0 (       0)
t0  =               16 (      10)
t1  =                4 (       4)
t2  =                0 (       0)
s0  =                0 (       0)
s1  =                0 (       0)
a0  =              255 (      ff)
a1  =                0 (       0)
a2  =               40 (      28)
a3  =               40 (      28)
a4  =               30 (      1e)
a5  =                0 (       0)
a6  =                0 (       0)
a7  =                0 (       0)
s2  =                0 (       0)
s3  =                0 (       0)
s4  =                0 (       0)
s5  =                0 (       0)
s6  =                0 (       0)
s7  =                0 (       0)
s8  =                0 (       0)
s9  =                0 (       0)
s10 =                0 (       0)
s11 =                0 (       0)
t3  =                0 (       0)
t4  =                0 (       0)
t5  =                0 (       0)
t6  =                0 (       0)
register file for hart 3
ra  =                0 (       0)
sp  =            32768 (    8000)
gp  =                0 (       0)
tp  =                0 (       0)
t0  =               24 (      18)
t1  =                6 (       6)
t2  =                0 (       0)
s0  =                0 (       0)
s1  =                0 (       0)
a0  =              355 (     163)
a1  =                0 (       0)
a2  =               40 (      28)
a3  =               40 (      28)
a4  =               40 (      28)
a5  =                0 (       0)
a6  =                0 (       0)
a7  =                0 (       0)
s2  =                0 (       0)
s3  =                0 (       0)
s4  =                0 (       0)
s5  =                0 (       0)
s6  =                0 (       0)
s7  =                0 (       0)
s8  =                0 (       0)
s9  =                0 (       0)
s10 =                0 (       0)
s11 =                0 (       0)
t3  =                0 (       0)
t4  =                0 (       0)
t5  =                0 (       0)
t6  =                0 (       0)
396 fetched and decoded instructions in 464 cycles (ipc = 0.85)
hart 0: data memory dump (non null words)
m[    0] =                1 (       1)
m[    4] =                2 (       2)
m[    8] =                3 (       3)
m[    c] =                4 (       4)
m[   10] =                5 (       5)
m[   14] =                6 (       6)
m[   18] =                7 (       7)
m[   1c] =                8 (       8)
m[   20] =                9 (       9)
m[   24] =               10 (       a)
m[   28] =               55 (      37)
m[   2c] =              820 (     334)
hart 1: data memory dump (non null words)
m[ 8000] =               11 (       b)
m[ 8004] =               12 (       c)
m[ 8008] =               13 (       d)
m[ 800c] =               14 (       e)
m[ 8010] =               15 (       f)
m[ 8014] =               16 (      10)
m[ 8018] =               17 (      11)
m[ 801c] =               18 (      12)
m[ 8020] =               19 (      13)
m[ 8024] =               20 (      14)
m[ 8028] =              155 (      9b)
hart 2: data memory dump (non null words)
m[10000] =               21 (      15)
m[10004] =               22 (      16)
m[10008] =               23 (      17)
m[1000c] =               24 (      18)
m[10010] =               25 (      19)
m[10014] =               26 (      1a)
m[10018] =               27 (      1b)
m[1001c] =               28 (      1c)
m[10020] =               29 (      1d)
m[10024] =               30 (      1e)
m[10028] =              255 (      ff)
hart 3: data memory dump (non null words)
m[18000] =               31 (      1f)
m[18004] =               32 (      20)
m[18008] =               33 (      21)
m[1800c] =               34 (      22)
m[18010] =               35 (      23)
m[18014] =               36 (      24)
m[18018] =               37 (      25)
m[1801c] =               38 (      26)
m[18020] =               39 (      27)
m[18024] =               40 (      28)
m[18028] =              355 (     163)
INFO: [SIM 1] CSim done with 0 errors.
INFO: [SIM 3] *************** CSIM finish ***************
