

================================================================
== Vitis HLS Report for 'rv32i_npp_ip_Pipeline_VITIS_LOOP_45_2'
================================================================
* Date:           Mon Jul 11 17:49:08 2022

* Version:        2022.1 (Build 3526262 on Mon Apr 18 15:47:01 MDT 2022)
* Project:        rv32i_npp_ip
* Solution:       solution1 (Vivado IP Flow Target)
* Product family: zynq
* Target device:  xc7z020-clg400-1


================================================================
== Performance Estimates
================================================================
+ Timing: 
    * Summary: 
    +--------+----------+-----------+------------+
    |  Clock |  Target  | Estimated | Uncertainty|
    +--------+----------+-----------+------------+
    |ap_clk  |  10.00 ns|  10.358 ns|     2.70 ns|
    +--------+----------+-----------+------------+

+ Latency: 
    * Summary: 
    +---------+---------+----------+----------+-----+-----+---------+
    |  Latency (cycles) |  Latency (absolute) |  Interval | Pipeline|
    |   min   |   max   |    min   |    max   | min | max |   Type  |
    +---------+---------+----------+----------+-----+-----+---------+
    |        ?|        ?|         ?|         ?|    ?|    ?|       no|
    +---------+---------+----------+----------+-----+-----+---------+

    + Detail: 
        * Instance: 
        N/A

        * Loop: 
        +-------------------+---------+---------+----------+-----------+-----------+------+----------+
        |                   |  Latency (cycles) | Iteration|  Initiation Interval  | Trip |          |
        |     Loop Name     |   min   |   max   |  Latency |  achieved |   target  | Count| Pipelined|
        +-------------------+---------+---------+----------+-----------+-----------+------+----------+
        |- VITIS_LOOP_45_2  |        ?|        ?|         7|          7|          7|     ?|       yes|
        +-------------------+---------+---------+----------+-----------+-----------+------+----------+



================================================================
== Utilization Estimates
================================================================
* Summary: 
+-----------------+---------+-----+--------+-------+-----+
|       Name      | BRAM_18K| DSP |   FF   |  LUT  | URAM|
+-----------------+---------+-----+--------+-------+-----+
|DSP              |        -|    -|       -|      -|    -|
|Expression       |        -|    -|       0|   1921|    -|
|FIFO             |        -|    -|       -|      -|    -|
|Instance         |        -|    -|       0|    284|    -|
|Memory           |        -|    -|       -|      -|    -|
|Multiplexer      |        -|    -|       -|    763|    -|
|Register         |        -|    -|    1379|      -|    -|
+-----------------+---------+-----+--------+-------+-----+
|Total            |        0|    0|    1379|   2968|    0|
+-----------------+---------+-----+--------+-------+-----+
|Available        |      280|  220|  106400|  53200|    0|
+-----------------+---------+-----+--------+-------+-----+
|Utilization (%)  |        0|    0|       1|      5|    0|
+-----------------+---------+-----+--------+-------+-----+

+ Detail: 
    * Instance: 
    +--------------------+----------------+---------+----+---+-----+-----+
    |      Instance      |     Module     | BRAM_18K| DSP| FF| LUT | URAM|
    +--------------------+----------------+---------+----+---+-----+-----+
    |mux_325_32_1_1_U33  |mux_325_32_1_1  |        0|   0|  0|  142|    0|
    |mux_325_32_1_1_U34  |mux_325_32_1_1  |        0|   0|  0|  142|    0|
    +--------------------+----------------+---------+----+---+-----+-----+
    |Total               |                |        0|   0|  0|  284|    0|
    +--------------------+----------------+---------+----+---+-----+-----+

    * DSP: 
    N/A

    * Memory: 
    N/A

    * FIFO: 
    N/A

    * Expression: 
    +----------------------------+----------+----+---+-----+------------+------------+
    |        Variable Name       | Operation| DSP| FF| LUT | Bitwidth P0| Bitwidth P1|
    +----------------------------+----------+----+---+-----+------------+------------+
    |add_ln138_fu_2362_p2        |         +|   0|  0|   25|          18|          18|
    |add_ln40_fu_2419_p2         |         +|   0|  0|   39|          32|           1|
    |grp_fu_871_p2               |         +|   0|  0|   39|          32|          32|
    |grp_fu_905_p2               |         +|   0|  0|   23|          16|          16|
    |grp_fu_910_p2               |         +|   0|  0|   23|          16|           1|
    |npc4_fu_1605_p2             |         +|   0|  0|   23|          16|           3|
    |result_2_fu_1615_p2         |         +|   0|  0|   39|          32|          32|
    |result_6_fu_1910_p2         |         +|   0|  0|   39|          32|          32|
    |result_18_fu_1825_p2        |         -|   0|  0|   39|          32|          32|
    |result_5_fu_1906_p2         |         -|   0|  0|   39|          32|          32|
    |and_ln31_1_fu_1717_p2       |       and|   0|  0|    2|           1|           1|
    |and_ln31_fu_1711_p2         |       and|   0|  0|    2|           1|           1|
    |and_ln55_1_fu_1821_p2       |       and|   0|  0|    2|           1|           1|
    |and_ln55_fu_1902_p2         |       and|   0|  0|    2|           1|           1|
    |and_ln57_fu_2410_p2         |       and|   0|  0|    2|           1|           1|
    |result_17_fu_1838_p2        |       and|   0|  0|   32|          32|          32|
    |result_4_fu_1922_p2         |       and|   0|  0|   32|          32|          32|
    |result_12_fu_1864_p2        |      ashr|   0|  0|  100|          32|          32|
    |result_25_fu_1772_p2        |      ashr|   0|  0|  100|          32|          32|
    |d_i_is_jalr_V_fu_1161_p2    |      icmp|   0|  0|    9|           5|           4|
    |d_i_is_load_V_fu_1155_p2    |      icmp|   0|  0|    9|           5|           1|
    |d_i_is_lui_V_fu_1167_p2     |      icmp|   0|  0|    9|           5|           4|
    |d_i_is_op_imm_V_fu_1173_p2  |      icmp|   0|  0|    9|           5|           3|
    |d_i_is_r_type_V_fu_1199_p2  |      icmp|   0|  0|    8|           3|           1|
    |empty_fu_2158_p2            |      icmp|   0|  0|    9|           5|           5|
    |grp_fu_858_p2               |      icmp|   0|  0|    9|           5|           4|
    |grp_fu_863_p2               |      icmp|   0|  0|   18|          32|          32|
    |grp_fu_867_p2               |      icmp|   0|  0|   18|          32|          32|
    |icmp_ln1069_1_fu_2404_p2    |      icmp|   0|  0|   13|          16|           1|
    |icmp_ln1069_fu_2153_p2      |      icmp|   0|  0|    9|           5|           1|
    |icmp_ln188_1_fu_2046_p2     |      icmp|   0|  0|    8|           2|           1|
    |icmp_ln188_2_fu_2051_p2     |      icmp|   0|  0|    8|           2|           1|
    |icmp_ln188_fu_2041_p2       |      icmp|   0|  0|    8|           2|           3|
    |icmp_ln18_fu_2399_p2        |      icmp|   0|  0|   18|          32|          16|
    |icmp_ln31_1_fu_1661_p2      |      icmp|   0|  0|    8|           3|           3|
    |icmp_ln31_2_fu_1666_p2      |      icmp|   0|  0|    9|           3|           4|
    |icmp_ln31_3_fu_1701_p2      |      icmp|   0|  0|    8|           3|           2|
    |icmp_ln31_4_fu_1706_p2      |      icmp|   0|  0|    8|           3|           2|
    |icmp_ln31_5_fu_1723_p2      |      icmp|   0|  0|    8|           3|           1|
    |icmp_ln31_6_fu_1736_p2      |      icmp|   0|  0|    8|           3|           1|
    |icmp_ln31_fu_1656_p2        |      icmp|   0|  0|    8|           3|           3|
    |icmp_ln32_fu_1634_p2        |      icmp|   0|  0|   18|          32|          32|
    |icmp_ln33_fu_1638_p2        |      icmp|   0|  0|   18|          32|          32|
    |icmp_ln37_fu_1642_p2        |      icmp|   0|  0|   18|          32|          32|
    |icmp_ln38_fu_1652_p2        |      icmp|   0|  0|   18|          32|          32|
    |result_22_fu_1803_p2        |      icmp|   0|  0|   18|          32|          32|
    |result_23_fu_1794_p2        |      icmp|   0|  0|   18|          32|          32|
    |result_13_fu_1869_p2        |      lshr|   0|  0|  100|          32|          32|
    |result_26_fu_1777_p2        |      lshr|   0|  0|  100|          32|          32|
    |ap_condition_418            |        or|   0|  0|    2|           1|           1|
    |empty_24_fu_2163_p2         |        or|   0|  0|    2|           1|           1|
    |or_ln31_fu_1679_p2          |        or|   0|  0|    2|           1|           1|
    |result_15_fu_1856_p2        |        or|   0|  0|   32|          32|          32|
    |result_28_fu_1763_p2        |        or|   0|  0|   32|          32|          32|
    |b_4_fu_2104_p3              |    select|   0|  0|    8|           1|           8|
    |b_5_fu_2111_p3              |    select|   0|  0|    8|           1|           8|
    |b_fu_2118_p3                |    select|   0|  0|    8|           1|           8|
    |next_pc_V_4_fu_2377_p3      |    select|   0|  0|   16|           1|          16|
    |result_14_fu_1874_p3        |    select|   0|  0|   32|           1|          32|
    |result_1_fu_1741_p3         |    select|   0|  0|    2|           1|           1|
    |result_20_fu_1830_p3        |    select|   0|  0|   32|           1|          32|
    |result_27_fu_1782_p3        |    select|   0|  0|   32|           1|          32|
    |result_33_fu_2135_p3        |    select|   0|  0|   16|           1|          16|
    |result_7_fu_1914_p3         |    select|   0|  0|   32|           1|          32|
    |select_ln111_fu_1621_p3     |    select|   0|  0|   32|           1|          32|
    |select_ln31_1_fu_1685_p3    |    select|   0|  0|    2|           1|           1|
    |select_ln31_2_fu_1693_p3    |    select|   0|  0|    2|           1|           1|
    |select_ln31_3_fu_1728_p3    |    select|   0|  0|    2|           1|           1|
    |select_ln31_fu_1671_p3      |    select|   0|  0|    2|           1|           1|
    |shift_V_2_fu_1850_p3        |    select|   0|  0|    5|           1|           5|
    |shift_V_5_fu_1757_p3        |    select|   0|  0|    5|           1|           5|
    |result_21_fu_1816_p2        |       shl|   0|  0|  100|          32|          32|
    |result_8_fu_1897_p2         |       shl|   0|  0|  100|          32|          32|
    |shl_ln233_2_fu_2024_p2      |       shl|   0|  0|  100|          32|          32|
    |shl_ln233_fu_2005_p2        |       shl|   0|  0|    9|           1|           4|
    |shl_ln236_2_fu_1985_p2      |       shl|   0|  0|  100|          32|          32|
    |shl_ln236_fu_1966_p2        |       shl|   0|  0|    9|           2|           4|
    |result_11_fu_1881_p2        |       xor|   0|  0|   32|          32|          32|
    |result_24_fu_1789_p2        |       xor|   0|  0|   32|          32|          32|
    |xor_ln37_fu_1646_p2         |       xor|   0|  0|    2|           1|           2|
    |xor_ln39_fu_1628_p2         |       xor|   0|  0|    2|           1|           2|
    +----------------------------+----------+----+---+-----+------------+------------+
    |Total                       |          |   0|  0| 1921|        1105|        1215|
    +----------------------------+----------+----+---+-----+------------+------------+

    * Multiplexer: 
    +------------------------------------------+-----+-----------+-----+-----------+
    |                   Name                   | LUT | Input Size| Bits| Total Bits|
    +------------------------------------------+-----+-----------+-----+-----------+
    |ap_NS_fsm                                 |   42|          8|    1|          8|
    |ap_done_int                               |    9|          2|    1|          2|
    |ap_phi_mux_d_i_type_V_phi_fu_699_p34      |   42|          8|    3|         24|
    |ap_phi_mux_reg_file_33_phi_fu_833_p16     |   37|          7|   32|        224|
    |ap_phi_reg_pp0_iter0_d_i_imm_V_6_reg_753  |   31|          6|   20|        120|
    |ap_phi_reg_pp0_iter0_result_29_reg_773    |  113|         22|   32|        704|
    |ap_sig_allocacmp_pc_V_2                   |    9|          2|   16|         32|
    |d_i_type_V_reg_696                        |   42|          8|    3|         24|
    |data_ram_address0                         |   25|          5|   16|         80|
    |data_ram_d0                               |   20|          4|   32|        128|
    |data_ram_we0                              |   20|          4|    4|         16|
    |grp_fu_858_p0                             |   14|          3|    5|         15|
    |grp_fu_875_p1                             |   14|          3|   32|         96|
    |grp_fu_886_p1                             |   14|          3|   32|         96|
    |grp_load_fu_855_p1                        |   14|          3|   16|         48|
    |nbi_fu_308                                |    9|          2|   32|         64|
    |pc_V_1_fu_312                             |   20|          4|   16|         64|
    |reg_file_10_fu_356                        |    9|          2|   32|         64|
    |reg_file_11_fu_360                        |    9|          2|   32|         64|
    |reg_file_12_fu_364                        |    9|          2|   32|         64|
    |reg_file_13_fu_368                        |    9|          2|   32|         64|
    |reg_file_14_fu_372                        |    9|          2|   32|         64|
    |reg_file_15_fu_376                        |    9|          2|   32|         64|
    |reg_file_16_fu_380                        |    9|          2|   32|         64|
    |reg_file_17_fu_384                        |    9|          2|   32|         64|
    |reg_file_18_fu_388                        |    9|          2|   32|         64|
    |reg_file_19_fu_392                        |    9|          2|   32|         64|
    |reg_file_1_fu_320                         |    9|          2|   32|         64|
    |reg_file_20_fu_396                        |    9|          2|   32|         64|
    |reg_file_21_fu_400                        |    9|          2|   32|         64|
    |reg_file_22_fu_404                        |    9|          2|   32|         64|
    |reg_file_23_fu_408                        |    9|          2|   32|         64|
    |reg_file_24_fu_412                        |    9|          2|   32|         64|
    |reg_file_25_fu_416                        |    9|          2|   32|         64|
    |reg_file_26_fu_420                        |    9|          2|   32|         64|
    |reg_file_27_fu_424                        |    9|          2|   32|         64|
    |reg_file_28_fu_428                        |    9|          2|   32|         64|
    |reg_file_29_fu_432                        |    9|          2|   32|         64|
    |reg_file_2_fu_324                         |    9|          2|   32|         64|
    |reg_file_30_fu_436                        |    9|          2|   32|         64|
    |reg_file_31_fu_440                        |    9|          2|   32|         64|
    |reg_file_3_fu_328                         |    9|          2|   32|         64|
    |reg_file_4_fu_332                         |    9|          2|   32|         64|
    |reg_file_5_fu_336                         |    9|          2|   32|         64|
    |reg_file_6_fu_340                         |    9|          2|   32|         64|
    |reg_file_7_fu_344                         |    9|          2|   32|         64|
    |reg_file_8_fu_348                         |    9|          2|   32|         64|
    |reg_file_9_fu_352                         |    9|          2|   32|         64|
    |reg_file_fu_316                           |    9|          2|   32|         64|
    +------------------------------------------+-----+-----------+-----+-----------+
    |Total                                     |  763|        158| 1317|       3793|
    +------------------------------------------+-----+-----------+-----+-----------+

    * Register: 
    +------------------------------------------+----+----+-----+-----------+
    |                   Name                   | FF | LUT| Bits| Const Bits|
    +------------------------------------------+----+----+-----+-----------+
    |a01_reg_2949                              |   2|   0|    2|          0|
    |ap_CS_fsm                                 |   7|   0|    7|          0|
    |ap_done_reg                               |   1|   0|    1|          0|
    |ap_phi_reg_pp0_iter0_d_i_imm_V_6_reg_753  |  20|   0|   20|          0|
    |ap_phi_reg_pp0_iter0_reg_file_33_reg_830  |  32|   0|   32|          0|
    |ap_phi_reg_pp0_iter0_result_29_reg_773    |  32|   0|   32|          0|
    |d_i_func3_V_reg_2709                      |   3|   0|    3|          0|
    |d_i_imm_V_6_reg_753                       |  20|   0|   20|          0|
    |d_i_is_jalr_V_reg_2742                    |   1|   0|    1|          0|
    |d_i_is_load_V_reg_2734                    |   1|   0|    1|          0|
    |d_i_is_lui_V_reg_2747                     |   1|   0|    1|          0|
    |d_i_is_op_imm_V_reg_2752                  |   1|   0|    1|          0|
    |d_i_is_r_type_V_reg_2764                  |   1|   0|    1|          0|
    |d_i_is_store_V_reg_2738                   |   1|   0|    1|          0|
    |d_i_opcode_V_reg_2698                     |   5|   0|    5|          0|
    |d_i_rd_V_reg_2704                         |   5|   0|    5|          0|
    |d_i_rs2_V_reg_2720                        |   5|   0|    5|          0|
    |d_i_type_V_reg_696                        |   3|   0|    3|          0|
    |f7_6_reg_2726                             |   1|   0|    1|          0|
    |icmp_ln188_1_reg_3005                     |   1|   0|    1|          0|
    |icmp_ln188_2_reg_3010                     |   1|   0|    1|          0|
    |icmp_ln188_reg_3000                       |   1|   0|    1|          0|
    |instruction_reg_2692                      |  32|   0|   32|          0|
    |nbi_fu_308                                |  32|   0|   32|          0|
    |pc_V_1_fu_312                             |  16|   0|   16|          0|
    |pc_V_2_reg_2680                           |  16|   0|   16|          0|
    |reg_file_10_fu_356                        |  32|   0|   32|          0|
    |reg_file_11_fu_360                        |  32|   0|   32|          0|
    |reg_file_12_fu_364                        |  32|   0|   32|          0|
    |reg_file_13_fu_368                        |  32|   0|   32|          0|
    |reg_file_14_fu_372                        |  32|   0|   32|          0|
    |reg_file_15_fu_376                        |  32|   0|   32|          0|
    |reg_file_16_fu_380                        |  32|   0|   32|          0|
    |reg_file_17_fu_384                        |  32|   0|   32|          0|
    |reg_file_18_fu_388                        |  32|   0|   32|          0|
    |reg_file_19_fu_392                        |  32|   0|   32|          0|
    |reg_file_1_fu_320                         |  32|   0|   32|          0|
    |reg_file_20_fu_396                        |  32|   0|   32|          0|
    |reg_file_21_fu_400                        |  32|   0|   32|          0|
    |reg_file_22_fu_404                        |  32|   0|   32|          0|
    |reg_file_23_fu_408                        |  32|   0|   32|          0|
    |reg_file_24_fu_412                        |  32|   0|   32|          0|
    |reg_file_25_fu_416                        |  32|   0|   32|          0|
    |reg_file_26_fu_420                        |  32|   0|   32|          0|
    |reg_file_27_fu_424                        |  32|   0|   32|          0|
    |reg_file_28_fu_428                        |  32|   0|   32|          0|
    |reg_file_29_fu_432                        |  32|   0|   32|          0|
    |reg_file_2_fu_324                         |  32|   0|   32|          0|
    |reg_file_30_fu_436                        |  32|   0|   32|          0|
    |reg_file_31_fu_440                        |  32|   0|   32|          0|
    |reg_file_3_fu_328                         |  32|   0|   32|          0|
    |reg_file_4_fu_332                         |  32|   0|   32|          0|
    |reg_file_5_fu_336                         |  32|   0|   32|          0|
    |reg_file_6_fu_340                         |  32|   0|   32|          0|
    |reg_file_7_fu_344                         |  32|   0|   32|          0|
    |reg_file_8_fu_348                         |  32|   0|   32|          0|
    |reg_file_9_fu_352                         |  32|   0|   32|          0|
    |reg_file_fu_316                           |  32|   0|   32|          0|
    |result_29_reg_773                         |  32|   0|   32|          0|
    |rv1_reg_2797                              |  32|   0|   32|          0|
    |rv2_reg_2830                              |  32|   0|   32|          0|
    |trunc_ln251_reg_2825                      |  18|   0|   18|          0|
    +------------------------------------------+----+----+-----+-----------+
    |Total                                     |1379|   0| 1379|          0|
    +------------------------------------------+----+----+-----+-----------+



================================================================
== Interface
================================================================
* Summary: 
+--------------------+-----+-----+------------+---------------------------------------+--------------+
|      RTL Ports     | Dir | Bits|  Protocol  |             Source Object             |    C Type    |
+--------------------+-----+-----+------------+---------------------------------------+--------------+
|ap_clk              |   in|    1|  ap_ctrl_hs|  rv32i_npp_ip_Pipeline_VITIS_LOOP_45_2|  return value|
|ap_rst              |   in|    1|  ap_ctrl_hs|  rv32i_npp_ip_Pipeline_VITIS_LOOP_45_2|  return value|
|ap_start            |   in|    1|  ap_ctrl_hs|  rv32i_npp_ip_Pipeline_VITIS_LOOP_45_2|  return value|
|ap_done             |  out|    1|  ap_ctrl_hs|  rv32i_npp_ip_Pipeline_VITIS_LOOP_45_2|  return value|
|ap_idle             |  out|    1|  ap_ctrl_hs|  rv32i_npp_ip_Pipeline_VITIS_LOOP_45_2|  return value|
|ap_ready            |  out|    1|  ap_ctrl_hs|  rv32i_npp_ip_Pipeline_VITIS_LOOP_45_2|  return value|
|reg_file_26_reload  |   in|   32|     ap_none|                     reg_file_26_reload|        scalar|
|reg_file_27_reload  |   in|   32|     ap_none|                     reg_file_27_reload|        scalar|
|reg_file_28_reload  |   in|   32|     ap_none|                     reg_file_28_reload|        scalar|
|reg_file_29_reload  |   in|   32|     ap_none|                     reg_file_29_reload|        scalar|
|reg_file_30_reload  |   in|   32|     ap_none|                     reg_file_30_reload|        scalar|
|pc_V                |   in|   16|     ap_none|                                   pc_V|        scalar|
|reg_file_25_reload  |   in|   32|     ap_none|                     reg_file_25_reload|        scalar|
|reg_file_24_reload  |   in|   32|     ap_none|                     reg_file_24_reload|        scalar|
|reg_file_23_reload  |   in|   32|     ap_none|                     reg_file_23_reload|        scalar|
|reg_file_22_reload  |   in|   32|     ap_none|                     reg_file_22_reload|        scalar|
|reg_file_21_reload  |   in|   32|     ap_none|                     reg_file_21_reload|        scalar|
|reg_file_20_reload  |   in|   32|     ap_none|                     reg_file_20_reload|        scalar|
|reg_file_19_reload  |   in|   32|     ap_none|                     reg_file_19_reload|        scalar|
|reg_file_18_reload  |   in|   32|     ap_none|                     reg_file_18_reload|        scalar|
|reg_file_17_reload  |   in|   32|     ap_none|                     reg_file_17_reload|        scalar|
|reg_file_16_reload  |   in|   32|     ap_none|                     reg_file_16_reload|        scalar|
|reg_file_15_reload  |   in|   32|     ap_none|                     reg_file_15_reload|        scalar|
|reg_file_14_reload  |   in|   32|     ap_none|                     reg_file_14_reload|        scalar|
|reg_file_13_reload  |   in|   32|     ap_none|                     reg_file_13_reload|        scalar|
|reg_file_12_reload  |   in|   32|     ap_none|                     reg_file_12_reload|        scalar|
|reg_file_11_reload  |   in|   32|     ap_none|                     reg_file_11_reload|        scalar|
|reg_file_10_reload  |   in|   32|     ap_none|                     reg_file_10_reload|        scalar|
|reg_file_9_reload   |   in|   32|     ap_none|                      reg_file_9_reload|        scalar|
|reg_file_8_reload   |   in|   32|     ap_none|                      reg_file_8_reload|        scalar|
|reg_file_7_reload   |   in|   32|     ap_none|                      reg_file_7_reload|        scalar|
|reg_file_6_reload   |   in|   32|     ap_none|                      reg_file_6_reload|        scalar|
|reg_file_5_reload   |   in|   32|     ap_none|                      reg_file_5_reload|        scalar|
|reg_file_4_reload   |   in|   32|     ap_none|                      reg_file_4_reload|        scalar|
|reg_file_3_reload   |   in|   32|     ap_none|                      reg_file_3_reload|        scalar|
|reg_file_2_reload   |   in|   32|     ap_none|                      reg_file_2_reload|        scalar|
|reg_file_1_reload   |   in|   32|     ap_none|                      reg_file_1_reload|        scalar|
|reg_file_reload     |   in|   32|     ap_none|                        reg_file_reload|        scalar|
|reg_file_31_reload  |   in|   32|     ap_none|                     reg_file_31_reload|        scalar|
|code_ram_address0   |  out|   16|   ap_memory|                               code_ram|         array|
|code_ram_ce0        |  out|    1|   ap_memory|                               code_ram|         array|
|code_ram_q0         |   in|   32|   ap_memory|                               code_ram|         array|
|data_ram_address0   |  out|   16|   ap_memory|                               data_ram|         array|
|data_ram_ce0        |  out|    1|   ap_memory|                               data_ram|         array|
|data_ram_we0        |  out|    4|   ap_memory|                               data_ram|         array|
|data_ram_d0         |  out|   32|   ap_memory|                               data_ram|         array|
|data_ram_q0         |   in|   32|   ap_memory|                               data_ram|         array|
|nbi_out             |  out|   32|      ap_vld|                                nbi_out|       pointer|
|nbi_out_ap_vld      |  out|    1|      ap_vld|                                nbi_out|       pointer|
+--------------------+-----+-----+------------+---------------------------------------+--------------+

