INFO: [v++ 60-1548] Creating build summary session with primary output /home/goossens/goossens-book-ip-projects/2024.1/multihart_8h_ip/workspace/hls_component/multihart_ip/multihart_ip.hlscompile_summary, at Sun Sep  8 19:57:07 2024
INFO: [v++ 82-31] Launching vitis_hls: vitis_hls -nolog -run csynth -work_dir /home/goossens/goossens-book-ip-projects/2024.1/multihart_8h_ip/workspace/hls_component/multihart_ip -config /home/goossens/goossens-book-ip-projects/2024.1/multihart_8h_ip/workspace/hls_component/hls_config.cfg -cmdlineconfig /home/goossens/goossens-book-ip-projects/2024.1/multihart_8h_ip/workspace/hls_component/multihart_ip/hls/config.cmdline

****** Vitis HLS - High-Level Synthesis from C, C++ and OpenCL v2024.1 (64-bit)
  **** SW Build 5069499 on May 21 2024
  **** IP Build 5075265 on Wed May 22 21:45:21 MDT 2024
  **** SharedData Build 5076995 on Wed May 22 18:29:18 MDT 2024
  **** Start of session at: Sun Sep  8 19:57:08 2024
    ** Copyright 1986-2022 Xilinx, Inc. All Rights Reserved.
    ** Copyright 2022-2024 Advanced Micro Devices, Inc. All Rights Reserved.

source /opt/Xilinx/Vitis_HLS/2024.1/scripts/vitis_hls/hls.tcl -notrace
INFO: [HLS 200-10] For user 'goossens' on host 'goossens-Precision-5530' (Linux_x86_64 version 6.8.0-40-generic) on Sun Sep 08 19:57:10 CEST 2024
INFO: [HLS 200-10] On os Ubuntu 22.04.4 LTS
INFO: [HLS 200-10] In directory '/home/goossens/goossens-book-ip-projects/2024.1/multihart_8h_ip/workspace/hls_component'
INFO: [HLS 200-2005] Using work_dir /home/goossens/goossens-book-ip-projects/2024.1/multihart_8h_ip/workspace/hls_component/multihart_ip 
INFO: [HLS 200-1505] Using default flow_target 'vivado'
Resolution: For help on HLS 200-1505 see docs.xilinx.com/access/sources/dita/topic?Doc_Version=2024.1%20English&url=ug1448-hls-guidance&resourceid=200-1505.html
INFO: [HLS 200-1465] Applying ini 'syn.file=/home/goossens/goossens-book-ip-projects/2024.1/multihart_8h_ip/compute.cpp' from /home/goossens/goossens-book-ip-projects/2024.1/multihart_8h_ip/workspace/hls_component/hls_config.cfg(6)
INFO: [HLS 200-10] Adding design file '/home/goossens/goossens-book-ip-projects/2024.1/multihart_8h_ip/compute.cpp' to the project
INFO: [HLS 200-1465] Applying ini 'syn.file=/home/goossens/goossens-book-ip-projects/2024.1/multihart_8h_ip/decode.cpp' from /home/goossens/goossens-book-ip-projects/2024.1/multihart_8h_ip/workspace/hls_component/hls_config.cfg(7)
INFO: [HLS 200-10] Adding design file '/home/goossens/goossens-book-ip-projects/2024.1/multihart_8h_ip/decode.cpp' to the project
INFO: [HLS 200-1465] Applying ini 'syn.file=/home/goossens/goossens-book-ip-projects/2024.1/multihart_8h_ip/disassemble.cpp' from /home/goossens/goossens-book-ip-projects/2024.1/multihart_8h_ip/workspace/hls_component/hls_config.cfg(8)
INFO: [HLS 200-10] Adding design file '/home/goossens/goossens-book-ip-projects/2024.1/multihart_8h_ip/disassemble.cpp' to the project
INFO: [HLS 200-1465] Applying ini 'syn.file=/home/goossens/goossens-book-ip-projects/2024.1/multihart_8h_ip/emulate.cpp' from /home/goossens/goossens-book-ip-projects/2024.1/multihart_8h_ip/workspace/hls_component/hls_config.cfg(9)
INFO: [HLS 200-10] Adding design file '/home/goossens/goossens-book-ip-projects/2024.1/multihart_8h_ip/emulate.cpp' to the project
INFO: [HLS 200-1465] Applying ini 'syn.file=/home/goossens/goossens-book-ip-projects/2024.1/multihart_8h_ip/execute.cpp' from /home/goossens/goossens-book-ip-projects/2024.1/multihart_8h_ip/workspace/hls_component/hls_config.cfg(10)
INFO: [HLS 200-10] Adding design file '/home/goossens/goossens-book-ip-projects/2024.1/multihart_8h_ip/execute.cpp' to the project
INFO: [HLS 200-1465] Applying ini 'syn.file=/home/goossens/goossens-book-ip-projects/2024.1/multihart_8h_ip/fetch.cpp' from /home/goossens/goossens-book-ip-projects/2024.1/multihart_8h_ip/workspace/hls_component/hls_config.cfg(11)
INFO: [HLS 200-10] Adding design file '/home/goossens/goossens-book-ip-projects/2024.1/multihart_8h_ip/fetch.cpp' to the project
INFO: [HLS 200-1465] Applying ini 'syn.file=/home/goossens/goossens-book-ip-projects/2024.1/multihart_8h_ip/immediate.cpp' from /home/goossens/goossens-book-ip-projects/2024.1/multihart_8h_ip/workspace/hls_component/hls_config.cfg(12)
INFO: [HLS 200-10] Adding design file '/home/goossens/goossens-book-ip-projects/2024.1/multihart_8h_ip/immediate.cpp' to the project
INFO: [HLS 200-1465] Applying ini 'syn.file=/home/goossens/goossens-book-ip-projects/2024.1/multihart_8h_ip/issue.cpp' from /home/goossens/goossens-book-ip-projects/2024.1/multihart_8h_ip/workspace/hls_component/hls_config.cfg(13)
INFO: [HLS 200-10] Adding design file '/home/goossens/goossens-book-ip-projects/2024.1/multihart_8h_ip/issue.cpp' to the project
INFO: [HLS 200-1465] Applying ini 'syn.file=/home/goossens/goossens-book-ip-projects/2024.1/multihart_8h_ip/mem.cpp' from /home/goossens/goossens-book-ip-projects/2024.1/multihart_8h_ip/workspace/hls_component/hls_config.cfg(14)
INFO: [HLS 200-10] Adding design file '/home/goossens/goossens-book-ip-projects/2024.1/multihart_8h_ip/mem.cpp' to the project
INFO: [HLS 200-1465] Applying ini 'syn.file=/home/goossens/goossens-book-ip-projects/2024.1/multihart_8h_ip/mem_access.cpp' from /home/goossens/goossens-book-ip-projects/2024.1/multihart_8h_ip/workspace/hls_component/hls_config.cfg(15)
INFO: [HLS 200-10] Adding design file '/home/goossens/goossens-book-ip-projects/2024.1/multihart_8h_ip/mem_access.cpp' to the project
INFO: [HLS 200-1465] Applying ini 'syn.file=/home/goossens/goossens-book-ip-projects/2024.1/multihart_8h_ip/multihart_ip.cpp' from /home/goossens/goossens-book-ip-projects/2024.1/multihart_8h_ip/workspace/hls_component/hls_config.cfg(16)
INFO: [HLS 200-10] Adding design file '/home/goossens/goossens-book-ip-projects/2024.1/multihart_8h_ip/multihart_ip.cpp' to the project
INFO: [HLS 200-1465] Applying ini 'syn.file=/home/goossens/goossens-book-ip-projects/2024.1/multihart_8h_ip/new_cycle.cpp' from /home/goossens/goossens-book-ip-projects/2024.1/multihart_8h_ip/workspace/hls_component/hls_config.cfg(17)
INFO: [HLS 200-10] Adding design file '/home/goossens/goossens-book-ip-projects/2024.1/multihart_8h_ip/new_cycle.cpp' to the project
INFO: [HLS 200-1465] Applying ini 'syn.file=/home/goossens/goossens-book-ip-projects/2024.1/multihart_8h_ip/print.cpp' from /home/goossens/goossens-book-ip-projects/2024.1/multihart_8h_ip/workspace/hls_component/hls_config.cfg(18)
INFO: [HLS 200-10] Adding design file '/home/goossens/goossens-book-ip-projects/2024.1/multihart_8h_ip/print.cpp' to the project
INFO: [HLS 200-1465] Applying ini 'syn.file=/home/goossens/goossens-book-ip-projects/2024.1/multihart_8h_ip/type.cpp' from /home/goossens/goossens-book-ip-projects/2024.1/multihart_8h_ip/workspace/hls_component/hls_config.cfg(19)
INFO: [HLS 200-10] Adding design file '/home/goossens/goossens-book-ip-projects/2024.1/multihart_8h_ip/type.cpp' to the project
INFO: [HLS 200-1465] Applying ini 'syn.file=/home/goossens/goossens-book-ip-projects/2024.1/multihart_8h_ip/wb.cpp' from /home/goossens/goossens-book-ip-projects/2024.1/multihart_8h_ip/workspace/hls_component/hls_config.cfg(20)
INFO: [HLS 200-10] Adding design file '/home/goossens/goossens-book-ip-projects/2024.1/multihart_8h_ip/wb.cpp' to the project
INFO: [HLS 200-1465] Applying ini 'tb.file=/home/goossens/goossens-book-ip-projects/2024.1/multihart_8h_ip/testbench_seq_multihart_ip.cpp' from /home/goossens/goossens-book-ip-projects/2024.1/multihart_8h_ip/workspace/hls_component/hls_config.cfg(22)
INFO: [HLS 200-10] Adding test bench file '/home/goossens/goossens-book-ip-projects/2024.1/multihart_8h_ip/testbench_seq_multihart_ip.cpp' to the project
INFO: [HLS 200-1465] Applying ini 'syn.top=multihart_ip' from /home/goossens/goossens-book-ip-projects/2024.1/multihart_8h_ip/workspace/hls_component/hls_config.cfg(21)
INFO: [HLS 200-1465] Applying ini 'flow_target=vivado' from /home/goossens/goossens-book-ip-projects/2024.1/multihart_8h_ip/workspace/hls_component/hls_config.cfg(5)
INFO: [HLS 200-1505] Using flow_target 'vivado'
Resolution: For help on HLS 200-1505 see docs.xilinx.com/access/sources/dita/topic?Doc_Version=2024.1%20English&url=ug1448-hls-guidance&resourceid=200-1505.html
INFO: [HLS 200-1465] Applying ini 'part=xc7z020clg400-1' from /home/goossens/goossens-book-ip-projects/2024.1/multihart_8h_ip/workspace/hls_component/hls_config.cfg(1)
INFO: [HLS 200-1611] Setting target device to 'xc7z020-clg400-1'
INFO: [HLS 200-1465] Applying ini 'clock=10ns' from /home/goossens/goossens-book-ip-projects/2024.1/multihart_8h_ip/workspace/hls_component/hls_config.cfg(4)
INFO: [SYN 201-201] Setting up clock 'default' with a period of 10ns.
INFO: [HLS 200-1465] Applying ini 'package.output.format=ip_catalog' from /home/goossens/goossens-book-ip-projects/2024.1/multihart_8h_ip/workspace/hls_component/hls_config.cfg(23)
INFO: [HLS 200-1465] Applying ini 'vivado.rtl=verilog' from /home/goossens/goossens-book-ip-projects/2024.1/multihart_8h_ip/workspace/hls_component/hls_config.cfg(24)
INFO: [HLS 200-111] Finished File checks and directory preparation: CPU user time: 3.44 seconds. CPU system time: 0.32 seconds. Elapsed time: 3.56 seconds; current allocated memory: 340.199 MB.
INFO: [HLS 200-10] Analyzing design file '../../wb.cpp' ... 
INFO: [HLS 200-10] Analyzing design file '../../type.cpp' ... 
INFO: [HLS 200-10] Analyzing design file '../../print.cpp' ... 
INFO: [HLS 200-10] Analyzing design file '../../new_cycle.cpp' ... 
INFO: [HLS 200-10] Analyzing design file '../../multihart_ip.cpp' ... 
INFO: [HLS 200-10] Analyzing design file '../../mem_access.cpp' ... 
INFO: [HLS 200-10] Analyzing design file '../../mem.cpp' ... 
INFO: [HLS 200-10] Analyzing design file '../../issue.cpp' ... 
INFO: [HLS 200-10] Analyzing design file '../../immediate.cpp' ... 
INFO: [HLS 200-10] Analyzing design file '../../fetch.cpp' ... 
INFO: [HLS 200-10] Analyzing design file '../../execute.cpp' ... 
INFO: [HLS 200-10] Analyzing design file '../../emulate.cpp' ... 
INFO: [HLS 200-10] Analyzing design file '../../disassemble.cpp' ... 
INFO: [HLS 200-10] Analyzing design file '../../decode.cpp' ... 
INFO: [HLS 200-10] Analyzing design file '../../compute.cpp' ... 
INFO: [HLS 200-111] Finished Source Code Analysis and Preprocessing: CPU user time: 36.05 seconds. CPU system time: 7.8 seconds. Elapsed time: 43.9 seconds; current allocated memory: 342.809 MB.
INFO: [HLS 200-777] Using interface defaults for 'Vivado' flow target.
INFO: [HLS 200-1995] There were 21,067 instructions in the design after the 'Compile/Link' phase of compilation. See the Design Size Report for more details: /home/goossens/goossens-book-ip-projects/2024.1/multihart_8h_ip/workspace/hls_component/multihart_ip/hls/syn/report/csynth_design_size.rpt
INFO: [HLS 200-1995] There were 6,676 instructions in the design after the 'Unroll/Inline (step 1)' phase of compilation. See the Design Size Report for more details: /home/goossens/goossens-book-ip-projects/2024.1/multihart_8h_ip/workspace/hls_component/multihart_ip/hls/syn/report/csynth_design_size.rpt
INFO: [HLS 200-1995] There were 3,310 instructions in the design after the 'Unroll/Inline (step 2)' phase of compilation. See the Design Size Report for more details: /home/goossens/goossens-book-ip-projects/2024.1/multihart_8h_ip/workspace/hls_component/multihart_ip/hls/syn/report/csynth_design_size.rpt
INFO: [HLS 200-1995] There were 3,297 instructions in the design after the 'Unroll/Inline (step 3)' phase of compilation. See the Design Size Report for more details: /home/goossens/goossens-book-ip-projects/2024.1/multihart_8h_ip/workspace/hls_component/multihart_ip/hls/syn/report/csynth_design_size.rpt
INFO: [HLS 200-1995] There were 3,281 instructions in the design after the 'Unroll/Inline (step 4)' phase of compilation. See the Design Size Report for more details: /home/goossens/goossens-book-ip-projects/2024.1/multihart_8h_ip/workspace/hls_component/multihart_ip/hls/syn/report/csynth_design_size.rpt
INFO: [HLS 200-1995] There were 9,354 instructions in the design after the 'Array/Struct' phase of compilation. See the Design Size Report for more details: /home/goossens/goossens-book-ip-projects/2024.1/multihart_8h_ip/workspace/hls_component/multihart_ip/hls/syn/report/csynth_design_size.rpt
INFO: [HLS 200-1995] There were 7,777 instructions in the design after the 'Array/Struct (step 2)' phase of compilation. See the Design Size Report for more details: /home/goossens/goossens-book-ip-projects/2024.1/multihart_8h_ip/workspace/hls_component/multihart_ip/hls/syn/report/csynth_design_size.rpt
INFO: [HLS 200-1995] There were 7,777 instructions in the design after the 'Array/Struct (step 3)' phase of compilation. See the Design Size Report for more details: /home/goossens/goossens-book-ip-projects/2024.1/multihart_8h_ip/workspace/hls_component/multihart_ip/hls/syn/report/csynth_design_size.rpt
INFO: [HLS 200-1995] There were 7,764 instructions in the design after the 'Array/Struct (step 4)' phase of compilation. See the Design Size Report for more details: /home/goossens/goossens-book-ip-projects/2024.1/multihart_8h_ip/workspace/hls_component/multihart_ip/hls/syn/report/csynth_design_size.rpt
INFO: [HLS 200-1995] There were 7,785 instructions in the design after the 'Array/Struct (step 5)' phase of compilation. See the Design Size Report for more details: /home/goossens/goossens-book-ip-projects/2024.1/multihart_8h_ip/workspace/hls_component/multihart_ip/hls/syn/report/csynth_design_size.rpt
INFO: [HLS 200-1995] There were 7,726 instructions in the design after the 'Performance (step 1)' phase of compilation. See the Design Size Report for more details: /home/goossens/goossens-book-ip-projects/2024.1/multihart_8h_ip/workspace/hls_component/multihart_ip/hls/syn/report/csynth_design_size.rpt
INFO: [HLS 200-1995] There were 7,724 instructions in the design after the 'Performance (step 2)' phase of compilation. See the Design Size Report for more details: /home/goossens/goossens-book-ip-projects/2024.1/multihart_8h_ip/workspace/hls_component/multihart_ip/hls/syn/report/csynth_design_size.rpt
INFO: [HLS 200-1995] There were 7,724 instructions in the design after the 'Performance (step 3)' phase of compilation. See the Design Size Report for more details: /home/goossens/goossens-book-ip-projects/2024.1/multihart_8h_ip/workspace/hls_component/multihart_ip/hls/syn/report/csynth_design_size.rpt
INFO: [HLS 200-1995] There were 6,876 instructions in the design after the 'Performance (step 4)' phase of compilation. See the Design Size Report for more details: /home/goossens/goossens-book-ip-projects/2024.1/multihart_8h_ip/workspace/hls_component/multihart_ip/hls/syn/report/csynth_design_size.rpt
INFO: [HLS 200-1995] There were 6,922 instructions in the design after the 'HW Transforms (step 1)' phase of compilation. See the Design Size Report for more details: /home/goossens/goossens-book-ip-projects/2024.1/multihart_8h_ip/workspace/hls_component/multihart_ip/hls/syn/report/csynth_design_size.rpt
INFO: [HLS 200-1995] There were 6,897 instructions in the design after the 'HW Transforms (step 2)' phase of compilation. See the Design Size Report for more details: /home/goossens/goossens-book-ip-projects/2024.1/multihart_8h_ip/workspace/hls_component/multihart_ip/hls/syn/report/csynth_design_size.rpt
INFO: [HLS 214-415] Performing recursive inline in function 'multihart_ip' (../../multihart_ip.cpp:116:9)
INFO: [HLS 214-131] Inlining function 'select_hart(ap_uint<1>*, ap_uint<1>*, ap_uint<1>*, ap_uint<3>*) (.214)' into 'fetch(from_d_to_f_s, from_e_to_f_s, ap_uint<1>*, unsigned int*, f_state_s*, from_f_to_d_s*, ap_uint<1>*) (.209)' (../../fetch.cpp:115:3)
INFO: [HLS 214-131] Inlining function 'set_output_to_d(ap_uint<3>, f_state_s*, from_f_to_d_s*) (.210)' into 'fetch(from_d_to_f_s, from_e_to_f_s, ap_uint<1>*, unsigned int*, f_state_s*, from_f_to_d_s*, ap_uint<1>*) (.209)' (../../fetch.cpp:144:5)
INFO: [HLS 214-131] Inlining function 'stage_job(ap_uint<3>, f_state_s*, unsigned int*) (.211)' into 'fetch(from_d_to_f_s, from_e_to_f_s, ap_uint<1>*, unsigned int*, f_state_s*, from_f_to_d_s*, ap_uint<1>*) (.209)' (../../fetch.cpp:135:5)
INFO: [HLS 214-131] Inlining function 'save_input_from_e(from_e_to_f_s, f_state_s*) (.212)' into 'fetch(from_d_to_f_s, from_e_to_f_s, ap_uint<1>*, unsigned int*, f_state_s*, from_f_to_d_s*, ap_uint<1>*) (.209)' (../../fetch.cpp:123:5)
INFO: [HLS 214-131] Inlining function 'save_input_from_d(from_d_to_f_s, f_state_s*) (.213)' into 'fetch(from_d_to_f_s, from_e_to_f_s, ap_uint<1>*, unsigned int*, f_state_s*, from_f_to_d_s*, ap_uint<1>*) (.209)' (../../fetch.cpp:119:5)
INFO: [HLS 214-131] Inlining function 'type_11(ap_uint<3>) (.187)' into 'type(ap_uint<5>) (.186)' (../../type.cpp:62:23)
INFO: [HLS 214-131] Inlining function 'type_10(ap_uint<3>) (.188)' into 'type(ap_uint<5>) (.186)' (../../type.cpp:61:23)
INFO: [HLS 214-131] Inlining function 'type_01(ap_uint<3>) (.189)' into 'type(ap_uint<5>) (.186)' (../../type.cpp:60:23)
INFO: [HLS 214-131] Inlining function 'type_00(ap_uint<3>) (.190)' into 'type(ap_uint<5>) (.186)' (../../type.cpp:59:23)
INFO: [HLS 214-131] Inlining function 'type(ap_uint<5>) (.186)' into 'decode_instruction(unsigned int, decoded_instruction_s*) (.185)' (../../decode.cpp:64:15)
INFO: [HLS 214-131] Inlining function 'j_immediate(decoded_immediate_s) (.146)' into 'decode_immediate(unsigned int, decoded_instruction_s*) (.144)' (../../decode.cpp:85:24)
INFO: [HLS 214-131] Inlining function 'u_immediate(decoded_immediate_s) (.157)' into 'decode_immediate(unsigned int, decoded_instruction_s*) (.144)' (../../decode.cpp:84:24)
INFO: [HLS 214-131] Inlining function 'b_immediate(decoded_immediate_s) (.160)' into 'decode_immediate(unsigned int, decoded_instruction_s*) (.144)' (../../decode.cpp:83:24)
INFO: [HLS 214-131] Inlining function 's_immediate(decoded_immediate_s) (.172)' into 'decode_immediate(unsigned int, decoded_instruction_s*) (.144)' (../../decode.cpp:82:24)
INFO: [HLS 214-131] Inlining function 'i_immediate(decoded_immediate_s) (.173)' into 'decode_immediate(unsigned int, decoded_instruction_s*) (.144)' (../../decode.cpp:81:24)
INFO: [HLS 214-131] Inlining function 'decode_immediate(unsigned int, decoded_instruction_s*) (.144)' into 'stage_job(ap_uint<3>, d_state_s*) (.137)' (../../decode.cpp:104:3)
INFO: [HLS 214-131] Inlining function 'decode_instruction(unsigned int, decoded_instruction_s*) (.185)' into 'stage_job(ap_uint<3>, d_state_s*) (.137)' (../../decode.cpp:103:3)
INFO: [HLS 214-131] Inlining function 'select_hart(ap_uint<1>*, ap_uint<1>*, ap_uint<1>*, ap_uint<3>*) (.26.208)' into 'decode(from_f_to_d_s, ap_uint<1>*, d_state_s*, from_d_to_f_s*, from_d_to_i_s*, ap_uint<1>*) (.134)' (../../decode.cpp:196:3)
INFO: [HLS 214-131] Inlining function 'set_output_to_i(ap_uint<3>, d_state_s*, from_d_to_i_s*) (.135)' into 'decode(from_f_to_d_s, ap_uint<1>*, d_state_s*, from_d_to_f_s*, from_d_to_i_s*, ap_uint<1>*) (.134)' (../../decode.cpp:225:5)
INFO: [HLS 214-131] Inlining function 'set_output_to_f(ap_uint<3>, d_state_s*, from_d_to_f_s*) (.136)' into 'decode(from_f_to_d_s, ap_uint<1>*, d_state_s*, from_d_to_f_s*, from_d_to_i_s*, ap_uint<1>*) (.134)' (../../decode.cpp:224:5)
INFO: [HLS 214-131] Inlining function 'stage_job(ap_uint<3>, d_state_s*) (.137)' into 'decode(from_f_to_d_s, ap_uint<1>*, d_state_s*, from_d_to_f_s*, from_d_to_i_s*, ap_uint<1>*) (.134)' (../../decode.cpp:209:5)
INFO: [HLS 214-131] Inlining function 'save_input_from_f(from_f_to_d_s, d_state_s*) (.207)' into 'decode(from_f_to_d_s, ap_uint<1>*, d_state_s*, from_d_to_f_s*, from_d_to_i_s*, ap_uint<1>*) (.134)' (../../decode.cpp:200:5)
INFO: [HLS 214-131] Inlining function 'select_hart(i_state_s*, ap_uint<1>*, ap_uint<1>*, ap_uint<1> (*) [32], ap_uint<1>*, ap_uint<3>*) (.133)' into 'issue(from_d_to_i_s, ap_uint<1>*, int (*) [32], ap_uint<1> (*) [32], i_state_s*, from_i_to_e_s*, ap_uint<1>*, ap_uint<1>*, ap_uint<3>*, ap_uint<5>*) (.129)' (../../issue.cpp:199:3)
INFO: [HLS 214-131] Inlining function 'set_output_to_e(ap_uint<3>, i_state_s*, from_i_to_e_s*) (.130)' into 'issue(from_d_to_i_s, ap_uint<1>*, int (*) [32], ap_uint<1> (*) [32], i_state_s*, from_i_to_e_s*, ap_uint<1>*, ap_uint<1>*, ap_uint<3>*, ap_uint<5>*) (.129)' (../../issue.cpp:227:5)
INFO: [HLS 214-131] Inlining function 'stage_job(ap_uint<3>, i_state_s*, int (*) [32]) (.131)' into 'issue(from_d_to_i_s, ap_uint<1>*, int (*) [32], ap_uint<1> (*) [32], i_state_s*, from_i_to_e_s*, ap_uint<1>*, ap_uint<1>*, ap_uint<3>*, ap_uint<5>*) (.129)' (../../issue.cpp:219:5)
INFO: [HLS 214-131] Inlining function 'save_input_from_d(from_d_to_i_s, ap_uint<1> (*) [32], i_state_s*) (.132)' into 'issue(from_d_to_i_s, ap_uint<1>*, int (*) [32], ap_uint<1> (*) [32], i_state_s*, from_i_to_e_s*, ap_uint<1>*, ap_uint<1>*, ap_uint<3>*, ap_uint<5>*) (.129)' (../../issue.cpp:203:5)
INFO: [HLS 214-131] Inlining function 'compute_next_pc(ap_uint<15>, decoded_instruction_s, int) (.92)' into 'compute(ap_uint<3>, e_state_s*, ap_uint<1>*, int*, int*, ap_uint<15>*) (.91)' (../../execute.cpp:53:18)
INFO: [HLS 214-131] Inlining function 'compute_result(int, ap_uint<15>, decoded_instruction_s) (.103)' into 'compute(ap_uint<3>, e_state_s*, ap_uint<1>*, int*, int*, ap_uint<15>*) (.91)' (../../execute.cpp:49:14)
INFO: [HLS 214-131] Inlining function 'compute_op_result(int, int, decoded_instruction_s) (.116)' into 'compute(ap_uint<3>, e_state_s*, ap_uint<1>*, int*, int*, ap_uint<15>*) (.91)' (../../execute.cpp:45:14)
INFO: [HLS 214-131] Inlining function 'compute_branch_result(int, int, ap_uint<3>) (.126)' into 'compute(ap_uint<3>, e_state_s*, ap_uint<1>*, int*, int*, ap_uint<15>*) (.91)' (../../execute.cpp:41:12)
INFO: [HLS 214-131] Inlining function 'select_hart(ap_uint<1>*, ap_uint<1>*, ap_uint<1>*, ap_uint<3>*) (.21.128)' into 'execute(from_i_to_e_s, ap_uint<1>*, e_state_s*, from_e_to_f_s*, from_e_to_m_s*, ap_uint<1>*) (.79)' (../../execute.cpp:181:3)
INFO: [HLS 214-131] Inlining function 'set_output_to_m(ap_uint<3>, int, int, ap_uint<15>, e_state_s*, from_e_to_m_s*) (.80)' into 'execute(from_i_to_e_s, ap_uint<1>*, e_state_s*, from_e_to_f_s*, from_e_to_m_s*, ap_uint<1>*) (.79)' (../../execute.cpp:209:5)
INFO: [HLS 214-131] Inlining function 'set_output_to_f(ap_uint<3>, e_state_s*, from_e_to_f_s*) (.87)' into 'execute(from_i_to_e_s, ap_uint<1>*, e_state_s*, from_e_to_f_s*, from_e_to_m_s*, ap_uint<1>*) (.79)' (../../execute.cpp:208:5)
INFO: [HLS 214-131] Inlining function 'stage_job(ap_uint<3>, e_state_s*, ap_uint<1>, ap_uint<15>) (.88)' into 'execute(from_i_to_e_s, ap_uint<1>*, e_state_s*, from_e_to_f_s*, from_e_to_m_s*, ap_uint<1>*) (.79)' (../../execute.cpp:196:5)
INFO: [HLS 214-131] Inlining function 'compute(ap_uint<3>, e_state_s*, ap_uint<1>*, int*, int*, ap_uint<15>*) (.91)' into 'execute(from_i_to_e_s, ap_uint<1>*, e_state_s*, from_e_to_f_s*, from_e_to_m_s*, ap_uint<1>*) (.79)' (../../execute.cpp:194:5)
INFO: [HLS 214-131] Inlining function 'save_input_from_i(from_i_to_e_s, e_state_s*) (.127)' into 'execute(from_i_to_e_s, ap_uint<1>*, e_state_s*, from_e_to_f_s*, from_e_to_m_s*, ap_uint<1>*) (.79)' (../../execute.cpp:185:5)
INFO: [HLS 214-131] Inlining function 'mem_store(ap_uint<3>, int (*) [4096], ap_uint<17>, int, ap_uint<2>) (.23)' into 'stage_job(ap_uint<3>, ap_uint<1>, ap_uint<1>, ap_uint<17>, ap_uint<3>, int (*) [4096], int*) (.22)' (../../mem_access.cpp:53:5)
INFO: [HLS 214-131] Inlining function 'mem_load(ap_uint<3>, int (*) [4096], ap_uint<17>, ap_uint<3>) (.59)' into 'stage_job(ap_uint<3>, ap_uint<1>, ap_uint<1>, ap_uint<17>, ap_uint<3>, int (*) [4096], int*) (.22)' (../../mem_access.cpp:51:14)
INFO: [HLS 214-131] Inlining function 'select_hart(ap_uint<1>*, ap_uint<1>*, ap_uint<1>*, ap_uint<3>*) (.78)' into 'mem_access(from_e_to_m_s, ap_uint<1>*, int (*) [4096], m_state_s*, from_m_to_w_s*, ap_uint<1>*) (.20)' (../../mem_access.cpp:137:3)
INFO: [HLS 214-131] Inlining function 'set_output_to_w(ap_uint<3>, m_state_s*, from_m_to_w_s*) (.21)' into 'mem_access(from_e_to_m_s, ap_uint<1>*, int (*) [4096], m_state_s*, from_m_to_w_s*, ap_uint<1>*) (.20)' (../../mem_access.cpp:163:5)
INFO: [HLS 214-131] Inlining function 'stage_job(ap_uint<3>, ap_uint<1>, ap_uint<1>, ap_uint<17>, ap_uint<3>, int (*) [4096], int*) (.22)' into 'mem_access(from_e_to_m_s, ap_uint<1>*, int (*) [4096], m_state_s*, from_m_to_w_s*, ap_uint<1>*) (.20)' (../../mem_access.cpp:150:5)
INFO: [HLS 214-131] Inlining function 'save_input_from_e(from_e_to_m_s, m_state_s*) (.68)' into 'mem_access(from_e_to_m_s, ap_uint<1>*, int (*) [4096], m_state_s*, from_m_to_w_s*, ap_uint<1>*) (.20)' (../../mem_access.cpp:141:5)
INFO: [HLS 214-131] Inlining function 'select_hart(ap_uint<1>*, ap_uint<1>*, ap_uint<3>*) (.16)' into 'write_back(from_m_to_w_s, int (*) [32], w_state_s*, ap_uint<1>*, ap_uint<1>*, ap_uint<3>*, ap_uint<5>*, ap_uint<1>*) (.11)' (../../wb.cpp:115:3)
INFO: [HLS 214-131] Inlining function 'stage_job(ap_uint<3>, w_state_s*, int (*) [32], ap_uint<1>*) (.12)' into 'write_back(from_m_to_w_s, int (*) [32], w_state_s*, ap_uint<1>*, ap_uint<1>*, ap_uint<3>*, ap_uint<5>*, ap_uint<1>*) (.11)' (../../wb.cpp:133:5)
INFO: [HLS 214-131] Inlining function 'save_input_from_m(from_m_to_w_s, w_state_s*) (.15)' into 'write_back(from_m_to_w_s, int (*) [32], w_state_s*, ap_uint<1>*, ap_uint<1>*, ap_uint<3>*, ap_uint<5>*, ap_uint<1>*) (.11)' (../../wb.cpp:119:5)
INFO: [HLS 214-131] Inlining function 'lock_unlock_update(ap_uint<1>, ap_uint<3>, ap_uint<5>, ap_uint<1>, ap_uint<3>, ap_uint<5>, ap_uint<1> (*) [32]) (.2)' into 'multihart_ip(unsigned int, unsigned int*, unsigned int*, int (*) [4096], unsigned int*, unsigned int*)' (../../multihart_ip.cpp:224:5)
INFO: [HLS 214-131] Inlining function 'write_back(from_m_to_w_s, int (*) [32], w_state_s*, ap_uint<1>*, ap_uint<1>*, ap_uint<3>*, ap_uint<5>*, ap_uint<1>*) (.11)' into 'multihart_ip(unsigned int, unsigned int*, unsigned int*, int (*) [4096], unsigned int*, unsigned int*)' (../../multihart_ip.cpp:221:5)
INFO: [HLS 214-131] Inlining function 'mem_access(from_e_to_m_s, ap_uint<1>*, int (*) [4096], m_state_s*, from_m_to_w_s*, ap_uint<1>*) (.20)' into 'multihart_ip(unsigned int, unsigned int*, unsigned int*, int (*) [4096], unsigned int*, unsigned int*)' (../../multihart_ip.cpp:219:5)
INFO: [HLS 214-131] Inlining function 'execute(from_i_to_e_s, ap_uint<1>*, e_state_s*, from_e_to_f_s*, from_e_to_m_s*, ap_uint<1>*) (.79)' into 'multihart_ip(unsigned int, unsigned int*, unsigned int*, int (*) [4096], unsigned int*, unsigned int*)' (../../multihart_ip.cpp:214:5)
INFO: [HLS 214-131] Inlining function 'issue(from_d_to_i_s, ap_uint<1>*, int (*) [32], ap_uint<1> (*) [32], i_state_s*, from_i_to_e_s*, ap_uint<1>*, ap_uint<1>*, ap_uint<3>*, ap_uint<5>*) (.129)' into 'multihart_ip(unsigned int, unsigned int*, unsigned int*, int (*) [4096], unsigned int*, unsigned int*)' (../../multihart_ip.cpp:211:5)
INFO: [HLS 214-131] Inlining function 'decode(from_f_to_d_s, ap_uint<1>*, d_state_s*, from_d_to_f_s*, from_d_to_i_s*, ap_uint<1>*) (.134)' into 'multihart_ip(unsigned int, unsigned int*, unsigned int*, int (*) [4096], unsigned int*, unsigned int*)' (../../multihart_ip.cpp:209:5)
INFO: [HLS 214-131] Inlining function 'fetch(from_d_to_f_s, from_e_to_f_s, ap_uint<1>*, unsigned int*, f_state_s*, from_f_to_d_s*, ap_uint<1>*) (.209)' into 'multihart_ip(unsigned int, unsigned int*, unsigned int*, int (*) [4096], unsigned int*, unsigned int*)' (../../multihart_ip.cpp:207:5)
INFO: [HLS 214-131] Inlining function 'running_cond_update(ap_uint<1>*, ap_uint<1>*) (.215)' into 'multihart_ip(unsigned int, unsigned int*, unsigned int*, int (*) [4096], unsigned int*, unsigned int*)' (../../multihart_ip.cpp:206:5)
INFO: [HLS 214-131] Inlining function 'statistic_update(from_i_to_e_s, counter_s) (.228)' into 'multihart_ip(unsigned int, unsigned int*, unsigned int*, int (*) [4096], unsigned int*, unsigned int*)' (../../multihart_ip.cpp:205:15)
INFO: [HLS 214-131] Inlining function 'new_cycle(from_f_to_d_s, from_d_to_f_s, from_d_to_i_s, from_i_to_e_s, from_e_to_f_s, from_e_to_m_s, from_m_to_w_s, from_d_to_f_s*, from_e_to_f_s*, from_f_to_d_s*, from_d_to_i_s*, from_i_to_e_s*, from_e_to_m_s*, from_m_to_w_s*) (.229)' into 'multihart_ip(unsigned int, unsigned int*, unsigned int*, int (*) [4096], unsigned int*, unsigned int*)' (../../multihart_ip.cpp:202:2)
INFO: [HLS 214-131] Inlining function 'init_file(int (*) [32], ap_uint<1> (*) [32]) (.230)' into 'multihart_ip(unsigned int, unsigned int*, unsigned int*, int (*) [4096], unsigned int*, unsigned int*)' (../../multihart_ip.cpp:183:3)
INFO: [HLS 214-131] Inlining function 'init_w_state(ap_uint<1>*) (.240)' into 'multihart_ip(unsigned int, unsigned int*, unsigned int*, int (*) [4096], unsigned int*, unsigned int*)' (../../multihart_ip.cpp:182:3)
INFO: [HLS 214-131] Inlining function 'init_m_state(ap_uint<1>*) (.241)' into 'multihart_ip(unsigned int, unsigned int*, unsigned int*, int (*) [4096], unsigned int*, unsigned int*)' (../../multihart_ip.cpp:181:3)
INFO: [HLS 214-131] Inlining function 'init_e_state(ap_uint<1>*) (.242)' into 'multihart_ip(unsigned int, unsigned int*, unsigned int*, int (*) [4096], unsigned int*, unsigned int*)' (../../multihart_ip.cpp:180:3)
INFO: [HLS 214-131] Inlining function 'init_i_state(ap_uint<1>*) (.243)' into 'multihart_ip(unsigned int, unsigned int*, unsigned int*, int (*) [4096], unsigned int*, unsigned int*)' (../../multihart_ip.cpp:179:3)
INFO: [HLS 214-131] Inlining function 'init_d_state(ap_uint<1>*) (.244)' into 'multihart_ip(unsigned int, unsigned int*, unsigned int*, int (*) [4096], unsigned int*, unsigned int*)' (../../multihart_ip.cpp:178:3)
INFO: [HLS 214-131] Inlining function 'init_f_state(ap_uint<8>, unsigned int*, f_state_s*, ap_uint<1>*) (.245)' into 'multihart_ip(unsigned int, unsigned int*, unsigned int*, int (*) [4096], unsigned int*, unsigned int*)' (../../multihart_ip.cpp:176:3)
INFO: [HLS 214-131] Inlining function 'init_exit(ap_uint<8>, ap_uint<1>*) (.252)' into 'multihart_ip(unsigned int, unsigned int*, unsigned int*, int (*) [4096], unsigned int*, unsigned int*)' (../../multihart_ip.cpp:175:3)
INFO: [HLS 214-291] Loop 'VITIS_LOOP_66_1' is marked as complete unroll implied by the pipeline pragma (../../multihart_ip.cpp:66:20)
INFO: [HLS 214-186] Unrolling loop 'VITIS_LOOP_66_1' (../../multihart_ip.cpp:66:20) in function 'multihart_ip' completely with a factor of 8 (../../multihart_ip.cpp:108:0)
INFO: [HLS 214-186] Unrolling loop 'VITIS_LOOP_30_1' (../../multihart_ip.cpp:30:20) in function 'multihart_ip' completely with a factor of 8 (../../multihart_ip.cpp:108:0)
INFO: [HLS 214-186] Unrolling loop 'VITIS_LOOP_33_2' (../../multihart_ip.cpp:33:22) in function 'multihart_ip' completely with a factor of 32 (../../multihart_ip.cpp:108:0)
INFO: [HLS 214-186] Unrolling loop 'VITIS_LOOP_17_1' (../../wb.cpp:17:20) in function 'multihart_ip' completely with a factor of 8 (../../multihart_ip.cpp:108:0)
INFO: [HLS 214-186] Unrolling loop 'VITIS_LOOP_13_1' (../../mem_access.cpp:13:20) in function 'multihart_ip' completely with a factor of 8 (../../multihart_ip.cpp:108:0)
INFO: [HLS 214-186] Unrolling loop 'VITIS_LOOP_14_1' (../../execute.cpp:14:20) in function 'multihart_ip' completely with a factor of 8 (../../multihart_ip.cpp:108:0)
INFO: [HLS 214-186] Unrolling loop 'VITIS_LOOP_11_1' (../../issue.cpp:11:20) in function 'multihart_ip' completely with a factor of 8 (../../multihart_ip.cpp:108:0)
INFO: [HLS 214-186] Unrolling loop 'VITIS_LOOP_14_1' (../../decode.cpp:14:20) in function 'multihart_ip' completely with a factor of 8 (../../multihart_ip.cpp:108:0)
INFO: [HLS 214-186] Unrolling loop 'VITIS_LOOP_16_1' (../../fetch.cpp:16:20) in function 'multihart_ip' completely with a factor of 8 (../../multihart_ip.cpp:108:0)
INFO: [HLS 214-186] Unrolling loop 'VITIS_LOOP_52_1' (../../multihart_ip.cpp:52:20) in function 'multihart_ip' completely with a factor of 8 (../../multihart_ip.cpp:108:0)
INFO: [HLS 214-248] Applying array_partition to 'reg_file': Complete partitioning on dimension 1. Complete partitioning on dimension 2. (../../multihart_ip.cpp:117:6)
INFO: [HLS 214-248] Applying array_partition to 'is_reg_computed': Complete partitioning on dimension 1. Complete partitioning on dimension 2. (../../multihart_ip.cpp:119:8)
INFO: [HLS 214-248] Applying array_partition to 'f_state_is_full': Complete partitioning on dimension 1. (../../multihart_ip.cpp:123:9)
INFO: [HLS 214-248] Applying array_partition to 'f_state.fetch_pc': Complete partitioning on dimension 1. (../../multihart_ip.cpp:125:12)
INFO: [HLS 214-248] Applying array_partition to 'd_state_is_full': Complete partitioning on dimension 1. (../../multihart_ip.cpp:129:9)
INFO: [HLS 214-248] Applying array_partition to 'd_state.fetch_pc': Complete partitioning on dimension 1. (../../multihart_ip.cpp:131:12)
INFO: [HLS 214-248] Applying array_partition to 'd_state.instruction': Complete partitioning on dimension 1. (../../multihart_ip.cpp:131:12)
INFO: [HLS 214-248] Applying array_partition to 'd_state.d_i.is_branch': Complete partitioning on dimension 1. (../../multihart_ip.cpp:131:12)
INFO: [HLS 214-248] Applying array_partition to 'd_state.d_i.is_jalr': Complete partitioning on dimension 1. (../../multihart_ip.cpp:131:12)
INFO: [HLS 214-248] Applying array_partition to 'i_state_is_full': Complete partitioning on dimension 1. (../../multihart_ip.cpp:136:9)
INFO: [HLS 214-248] Applying array_partition to 'i_state.fetch_pc': Complete partitioning on dimension 1. (../../multihart_ip.cpp:138:12)
INFO: [HLS 214-248] Applying array_partition to 'i_state.d_i.opcode': Complete partitioning on dimension 1. (../../multihart_ip.cpp:138:12)
INFO: [HLS 214-248] Applying array_partition to 'i_state.d_i.rd': Complete partitioning on dimension 1. (../../multihart_ip.cpp:138:12)
INFO: [HLS 214-248] Applying array_partition to 'i_state.d_i.func3': Complete partitioning on dimension 1. (../../multihart_ip.cpp:138:12)
INFO: [HLS 214-248] Applying array_partition to 'i_state.d_i.rs1': Complete partitioning on dimension 1. (../../multihart_ip.cpp:138:12)
INFO: [HLS 214-248] Applying array_partition to 'i_state.d_i.rs2': Complete partitioning on dimension 1. (../../multihart_ip.cpp:138:12)
INFO: [HLS 214-248] Applying array_partition to 'i_state.d_i.func7': Complete partitioning on dimension 1. (../../multihart_ip.cpp:138:12)
INFO: [HLS 214-248] Applying array_partition to 'i_state.d_i.type': Complete partitioning on dimension 1. (../../multihart_ip.cpp:138:12)
INFO: [HLS 214-248] Applying array_partition to 'i_state.d_i.imm': Complete partitioning on dimension 1. (../../multihart_ip.cpp:138:12)
INFO: [HLS 214-248] Applying array_partition to 'i_state.d_i.is_rs1_reg': Complete partitioning on dimension 1. (../../multihart_ip.cpp:138:12)
INFO: [HLS 214-248] Applying array_partition to 'i_state.d_i.is_rs2_reg': Complete partitioning on dimension 1. (../../multihart_ip.cpp:138:12)
INFO: [HLS 214-248] Applying array_partition to 'i_state.d_i.is_load': Complete partitioning on dimension 1. (../../multihart_ip.cpp:138:12)
INFO: [HLS 214-248] Applying array_partition to 'i_state.d_i.is_store': Complete partitioning on dimension 1. (../../multihart_ip.cpp:138:12)
INFO: [HLS 214-248] Applying array_partition to 'i_state.d_i.is_branch': Complete partitioning on dimension 1. (../../multihart_ip.cpp:138:12)
INFO: [HLS 214-248] Applying array_partition to 'i_state.d_i.is_jalr': Complete partitioning on dimension 1. (../../multihart_ip.cpp:138:12)
INFO: [HLS 214-248] Applying array_partition to 'i_state.d_i.is_jal': Complete partitioning on dimension 1. (../../multihart_ip.cpp:138:12)
INFO: [HLS 214-248] Applying array_partition to 'i_state.d_i.is_ret': Complete partitioning on dimension 1. (../../multihart_ip.cpp:138:12)
INFO: [HLS 214-248] Applying array_partition to 'i_state.d_i.is_lui': Complete partitioning on dimension 1. (../../multihart_ip.cpp:138:12)
INFO: [HLS 214-248] Applying array_partition to 'i_state.d_i.is_op_imm': Complete partitioning on dimension 1. (../../multihart_ip.cpp:138:12)
INFO: [HLS 214-248] Applying array_partition to 'i_state.d_i.has_no_dest': Complete partitioning on dimension 1. (../../multihart_ip.cpp:138:12)
INFO: [HLS 214-248] Applying array_partition to 'i_state.d_i.is_r_type': Complete partitioning on dimension 1. (../../multihart_ip.cpp:138:12)
INFO: [HLS 214-248] Applying array_partition to 'i_state.relative_pc': Complete partitioning on dimension 1. (../../multihart_ip.cpp:138:12)
INFO: [HLS 214-248] Applying array_partition to 'i_state.wait_12': Complete partitioning on dimension 1. (../../multihart_ip.cpp:138:12)
INFO: [HLS 214-248] Applying array_partition to 'e_state_is_full': Complete partitioning on dimension 1. (../../multihart_ip.cpp:142:9)
INFO: [HLS 214-248] Applying array_partition to 'e_state.rv1': Complete partitioning on dimension 1. (../../multihart_ip.cpp:144:12)
INFO: [HLS 214-248] Applying array_partition to 'e_state.rv2': Complete partitioning on dimension 1. (../../multihart_ip.cpp:144:12)
INFO: [HLS 214-248] Applying array_partition to 'e_state.fetch_pc': Complete partitioning on dimension 1. (../../multihart_ip.cpp:144:12)
INFO: [HLS 214-248] Applying array_partition to 'e_state.d_i.rd': Complete partitioning on dimension 1. (../../multihart_ip.cpp:144:12)
INFO: [HLS 214-248] Applying array_partition to 'e_state.d_i.func3': Complete partitioning on dimension 1. (../../multihart_ip.cpp:144:12)
INFO: [HLS 214-248] Applying array_partition to 'e_state.d_i.rs2': Complete partitioning on dimension 1. (../../multihart_ip.cpp:144:12)
INFO: [HLS 214-248] Applying array_partition to 'e_state.d_i.func7': Complete partitioning on dimension 1. (../../multihart_ip.cpp:144:12)
INFO: [HLS 214-248] Applying array_partition to 'e_state.d_i.type': Complete partitioning on dimension 1. (../../multihart_ip.cpp:144:12)
INFO: [HLS 214-248] Applying array_partition to 'e_state.d_i.imm': Complete partitioning on dimension 1. (../../multihart_ip.cpp:144:12)
INFO: [HLS 214-248] Applying array_partition to 'e_state.d_i.is_load': Complete partitioning on dimension 1. (../../multihart_ip.cpp:144:12)
INFO: [HLS 214-248] Applying array_partition to 'e_state.d_i.is_store': Complete partitioning on dimension 1. (../../multihart_ip.cpp:144:12)
INFO: [HLS 214-248] Applying array_partition to 'e_state.d_i.is_branch': Complete partitioning on dimension 1. (../../multihart_ip.cpp:144:12)
INFO: [HLS 214-248] Applying array_partition to 'e_state.d_i.is_jalr': Complete partitioning on dimension 1. (../../multihart_ip.cpp:144:12)
INFO: [HLS 214-248] Applying array_partition to 'e_state.d_i.is_jal': Complete partitioning on dimension 1. (../../multihart_ip.cpp:144:12)
INFO: [HLS 214-248] Applying array_partition to 'e_state.d_i.is_ret': Complete partitioning on dimension 1. (../../multihart_ip.cpp:144:12)
INFO: [HLS 214-248] Applying array_partition to 'e_state.d_i.is_lui': Complete partitioning on dimension 1. (../../multihart_ip.cpp:144:12)
INFO: [HLS 214-248] Applying array_partition to 'e_state.d_i.has_no_dest': Complete partitioning on dimension 1. (../../multihart_ip.cpp:144:12)
INFO: [HLS 214-248] Applying array_partition to 'e_state.d_i.is_r_type': Complete partitioning on dimension 1. (../../multihart_ip.cpp:144:12)
INFO: [HLS 214-248] Applying array_partition to 'e_state.relative_pc': Complete partitioning on dimension 1. (../../multihart_ip.cpp:144:12)
INFO: [HLS 214-248] Applying array_partition to 'e_state.is_target': Complete partitioning on dimension 1. (../../multihart_ip.cpp:144:12)
INFO: [HLS 214-248] Applying array_partition to 'm_state_is_full': Complete partitioning on dimension 1. (../../multihart_ip.cpp:149:9)
INFO: [HLS 214-248] Applying array_partition to 'm_state.rd': Complete partitioning on dimension 1. (../../multihart_ip.cpp:151:12)
INFO: [HLS 214-248] Applying array_partition to 'm_state.has_no_dest': Complete partitioning on dimension 1. (../../multihart_ip.cpp:151:12)
INFO: [HLS 214-248] Applying array_partition to 'm_state.is_load': Complete partitioning on dimension 1. (../../multihart_ip.cpp:151:12)
INFO: [HLS 214-248] Applying array_partition to 'm_state.is_store': Complete partitioning on dimension 1. (../../multihart_ip.cpp:151:12)
INFO: [HLS 214-248] Applying array_partition to 'm_state.func3': Complete partitioning on dimension 1. (../../multihart_ip.cpp:151:12)
INFO: [HLS 214-248] Applying array_partition to 'm_state.is_ret': Complete partitioning on dimension 1. (../../multihart_ip.cpp:151:12)
INFO: [HLS 214-248] Applying array_partition to 'm_state.address': Complete partitioning on dimension 1. (../../multihart_ip.cpp:151:12)
INFO: [HLS 214-248] Applying array_partition to 'm_state.value': Complete partitioning on dimension 1. (../../multihart_ip.cpp:151:12)
INFO: [HLS 214-248] Applying array_partition to 'm_state.accessed_h': Complete partitioning on dimension 1. (../../multihart_ip.cpp:151:12)
INFO: [HLS 214-248] Applying array_partition to 'w_state_is_full': Complete partitioning on dimension 1. (../../multihart_ip.cpp:155:9)
INFO: [HLS 214-248] Applying array_partition to 'w_state.value': Complete partitioning on dimension 1. (../../multihart_ip.cpp:157:12)
INFO: [HLS 214-248] Applying array_partition to 'w_state.rd': Complete partitioning on dimension 1. (../../multihart_ip.cpp:157:12)
INFO: [HLS 214-248] Applying array_partition to 'w_state.has_no_dest': Complete partitioning on dimension 1. (../../multihart_ip.cpp:157:12)
INFO: [HLS 214-248] Applying array_partition to 'w_state.is_ret': Complete partitioning on dimension 1. (../../multihart_ip.cpp:157:12)
INFO: [HLS 214-248] Applying array_partition to 'has_exited': Complete partitioning on dimension 1. (../../multihart_ip.cpp:159:8)
WARNING: [HLS 214-358] Array transformation on index using bit extension logic may lead to poor performance. Please use int or long for array index computation to benefit from optimizations. (../../wb.cpp:127:7)
WARNING: [HLS 214-358] Array transformation on index using bit extension logic may lead to poor performance. Please use int or long for array index computation to benefit from optimizations. (../../wb.cpp:45:5)
WARNING: [HLS 214-358] Array transformation on index using bit extension logic may lead to poor performance. Please use int or long for array index computation to benefit from optimizations. (../../issue.cpp:44:23)
WARNING: [HLS 214-358] Array transformation on index using bit extension logic may lead to poor performance. Please use int or long for array index computation to benefit from optimizations. (../../issue.cpp:45:23)
WARNING: [HLS 214-358] Array transformation on index using bit extension logic may lead to poor performance. Please use int or long for array index computation to benefit from optimizations. (../../multihart_ip.cpp:98:29)
WARNING: [HLS 214-358] Array transformation on index using bit extension logic may lead to poor performance. Please use int or long for array index computation to benefit from optimizations. (../../multihart_ip.cpp:98:5)
WARNING: [HLS 214-358] Array transformation on index using bit extension logic may lead to poor performance. Please use int or long for array index computation to benefit from optimizations. (../../multihart_ip.cpp:99:29)
WARNING: [HLS 214-358] Array transformation on index using bit extension logic may lead to poor performance. Please use int or long for array index computation to benefit from optimizations. (../../multihart_ip.cpp:99:5)
WARNING: [HLS 214-358] Array transformation on index using bit extension logic may lead to poor performance. Please use int or long for array index computation to benefit from optimizations. (../../multihart_ip.cpp:95:29)
WARNING: [HLS 214-358] Array transformation on index using bit extension logic may lead to poor performance. Please use int or long for array index computation to benefit from optimizations. (../../multihart_ip.cpp:95:5)
WARNING: [HLS 214-358] Array transformation on index using bit extension logic may lead to poor performance. Please use int or long for array index computation to benefit from optimizations. (../../multihart_ip.cpp:93:29)
WARNING: [HLS 214-358] Array transformation on index using bit extension logic may lead to poor performance. Please use int or long for array index computation to benefit from optimizations. (../../multihart_ip.cpp:93:5)
WARNING: [HLS 214-358] Array transformation on index using bit extension logic may lead to poor performance. Please use int or long for array index computation to benefit from optimizations. (../../issue.cpp:202:5)
WARNING: [HLS 214-358] Array transformation on index using bit extension logic may lead to poor performance. Please use int or long for array index computation to benefit from optimizations. (../../issue.cpp:33:5)
WARNING: [HLS 214-358] Array transformation on index using bit extension logic may lead to poor performance. Please use int or long for array index computation to benefit from optimizations. (../../issue.cpp:30:5)
WARNING: [HLS 214-358] Array transformation on index using bit extension logic may lead to poor performance. Please use int or long for array index computation to benefit from optimizations. (../../issue.cpp:142:5)
WARNING: [HLS 214-358] Array transformation on index using bit extension logic may lead to poor performance. Please use int or long for array index computation to benefit from optimizations. (../../issue.cpp:139:5)
WARNING: [HLS 214-358] Array transformation on index using bit extension logic may lead to poor performance. Please use int or long for array index computation to benefit from optimizations. (../../issue.cpp:134:5)
WARNING: [HLS 214-358] Array transformation on index using bit extension logic may lead to poor performance. Please use int or long for array index computation to benefit from optimizations. (../../issue.cpp:131:5)
WARNING: [HLS 214-358] Array transformation on index using bit extension logic may lead to poor performance. Please use int or long for array index computation to benefit from optimizations. (../../issue.cpp:126:5)
WARNING: [HLS 214-358] Array transformation on index using bit extension logic may lead to poor performance. Please use int or long for array index computation to benefit from optimizations. (../../issue.cpp:123:5)
WARNING: [HLS 214-358] Array transformation on index using bit extension logic may lead to poor performance. Please use int or long for array index computation to benefit from optimizations. (../../issue.cpp:118:5)
WARNING: [HLS 214-358] Array transformation on index using bit extension logic may lead to poor performance. Please use int or long for array index computation to benefit from optimizations. (../../issue.cpp:115:5)
WARNING: [HLS 214-358] Array transformation on index using bit extension logic may lead to poor performance. Please use int or long for array index computation to benefit from optimizations. (../../issue.cpp:106:5)
WARNING: [HLS 214-358] Array transformation on index using bit extension logic may lead to poor performance. Please use int or long for array index computation to benefit from optimizations. (../../issue.cpp:103:5)
WARNING: [HLS 214-358] Array transformation on index using bit extension logic may lead to poor performance. Please use int or long for array index computation to benefit from optimizations. (../../issue.cpp:98:5)
WARNING: [HLS 214-358] Array transformation on index using bit extension logic may lead to poor performance. Please use int or long for array index computation to benefit from optimizations. (../../issue.cpp:95:5)
WARNING: [HLS 214-358] Array transformation on index using bit extension logic may lead to poor performance. Please use int or long for array index computation to benefit from optimizations. (../../issue.cpp:87:5)
WARNING: [HLS 214-358] Array transformation on index using bit extension logic may lead to poor performance. Please use int or long for array index computation to benefit from optimizations. (../../issue.cpp:84:5)
WARNING: [HLS 214-358] Array transformation on index using bit extension logic may lead to poor performance. Please use int or long for array index computation to benefit from optimizations. (../../issue.cpp:77:5)
WARNING: [HLS 214-358] Array transformation on index using bit extension logic may lead to poor performance. Please use int or long for array index computation to benefit from optimizations. (../../issue.cpp:74:5)
WARNING: [HLS 214-358] Array transformation on index using bit extension logic may lead to poor performance. Please use int or long for array index computation to benefit from optimizations. (../../fetch.cpp:134:5)
WARNING: [HLS 214-358] Array transformation on index using bit extension logic may lead to poor performance. Please use int or long for array index computation to benefit from optimizations. (../../fetch.cpp:122:5)
WARNING: [HLS 214-358] Array transformation on index using bit extension logic may lead to poor performance. Please use int or long for array index computation to benefit from optimizations. (../../fetch.cpp:118:5)
WARNING: [HLS 214-358] Array transformation on index using bit extension logic may lead to poor performance. Please use int or long for array index computation to benefit from optimizations. (../../decode.cpp:208:5)
WARNING: [HLS 214-358] Array transformation on index using bit extension logic may lead to poor performance. Please use int or long for array index computation to benefit from optimizations. (../../decode.cpp:199:5)
WARNING: [HLS 214-358] Array transformation on index using bit extension logic may lead to poor performance. Please use int or long for array index computation to benefit from optimizations. (../../fetch.cpp:131:26)
WARNING: [HLS 214-358] Array transformation on index using bit extension logic may lead to poor performance. Please use int or long for array index computation to benefit from optimizations. (../../fetch.cpp:128:26)
WARNING: [HLS 214-358] Array transformation on index using bit extension logic may lead to poor performance. Please use int or long for array index computation to benefit from optimizations. (../../fetch.cpp:127:26)
WARNING: [HLS 214-358] Array transformation on index using bit extension logic may lead to poor performance. Please use int or long for array index computation to benefit from optimizations. (../../decode.cpp:204:26)
WARNING: [HLS 214-358] Array transformation on index using bit extension logic may lead to poor performance. Please use int or long for array index computation to benefit from optimizations. (../../issue.cpp:213:7)
WARNING: [HLS 214-358] Array transformation on index using bit extension logic may lead to poor performance. Please use int or long for array index computation to benefit from optimizations. (../../issue.cpp:207:26)
WARNING: [HLS 214-358] Array transformation on index using bit extension logic may lead to poor performance. Please use int or long for array index computation to benefit from optimizations. (../../execute.cpp:193:5)
WARNING: [HLS 214-358] Array transformation on index using bit extension logic may lead to poor performance. Please use int or long for array index computation to benefit from optimizations. (../../execute.cpp:184:5)
WARNING: [HLS 214-358] Array transformation on index using bit extension logic may lead to poor performance. Please use int or long for array index computation to benefit from optimizations. (../../mem_access.cpp:149:5)
WARNING: [HLS 214-358] Array transformation on index using bit extension logic may lead to poor performance. Please use int or long for array index computation to benefit from optimizations. (../../mem_access.cpp:140:5)
WARNING: [HLS 214-358] Array transformation on index using bit extension logic may lead to poor performance. Please use int or long for array index computation to benefit from optimizations. (../../execute.cpp:189:26)
WARNING: [HLS 214-358] Array transformation on index using bit extension logic may lead to poor performance. Please use int or long for array index computation to benefit from optimizations. (../../wb.cpp:118:5)
WARNING: [HLS 214-358] Array transformation on index using bit extension logic may lead to poor performance. Please use int or long for array index computation to benefit from optimizations. (../../mem_access.cpp:145:26)
INFO: [HLS 200-111] Finished Compiling Optimization and Transform: CPU user time: 15.63 seconds. CPU system time: 0.54 seconds. Elapsed time: 19.35 seconds; current allocated memory: 347.168 MB.
INFO: [HLS 200-111] Finished Checking Pragmas: CPU user time: 0.01 seconds. CPU system time: 0.01 seconds. Elapsed time: 0.01 seconds; current allocated memory: 347.168 MB.
INFO: [HLS 200-10] Starting code transformations ...
INFO: [HLS 200-111] Finished Standard Transforms: CPU user time: 1.06 seconds. CPU system time: 0.01 seconds. Elapsed time: 1.08 seconds; current allocated memory: 377.055 MB.
INFO: [HLS 200-10] Checking synthesizability ...
INFO: [HLS 200-111] Finished Checking Synthesizability: CPU user time: 1.02 seconds. CPU system time: 0.03 seconds. Elapsed time: 1.04 seconds; current allocated memory: 408.324 MB.
INFO: [XFORM 203-401] Performing if-conversion on hyperblock from (../../multihart_ip.cpp:194:9) to (../../decode.cpp:203:17) in function 'multihart_ip'... converting 46 basic blocks.
INFO: [XFORM 203-401] Performing if-conversion on hyperblock from (../../decode.cpp:208:5) to (../../decode.cpp:78:3) in function 'multihart_ip'... converting 24 basic blocks.
INFO: [XFORM 203-401] Performing if-conversion on hyperblock from (../../multihart_ip.cpp:129:9) to (../../mem_access.cpp:144:17) in function 'multihart_ip'... converting 140 basic blocks.
INFO: [XFORM 203-401] Performing if-conversion on hyperblock from (../../decode.cpp:102:24) to (../../decode.cpp:229:42) in function 'multihart_ip'... converting 4 basic blocks.
INFO: [XFORM 203-401] Performing if-conversion on hyperblock from (../../mem_access.cpp:149:5) to (../../mem_access.cpp:50:7) in function 'multihart_ip'... converting 9 basic blocks.
INFO: [XFORM 203-401] Performing if-conversion on hyperblock from (../../multihart_ip.cpp:149:9) to (../../wb.cpp:131:7) in function 'multihart_ip'... converting 12 basic blocks.
INFO: [XFORM 203-401] Performing if-conversion on hyperblock from (../../mem.cpp:7:11) to (../../mem_access.cpp:51:12) in function 'multihart_ip'... converting 5 basic blocks.
INFO: [XFORM 203-401] Performing if-conversion on hyperblock from (../../wb.cpp:132:35) to (../../wb.cpp:44:7) in function 'multihart_ip'... converting 9 basic blocks.
INFO: [XFORM 203-11] Balancing expressions in function 'multihart_ip' (../../multihart_ip.cpp:4:44)...155 expression(s) balanced.
INFO: [HLS 200-111] Finished Loop, function and other optimizations: CPU user time: 8.89 seconds. CPU system time: 0.04 seconds. Elapsed time: 8.93 seconds; current allocated memory: 498.449 MB.
INFO: [HLS 200-111] Finished Architecture Synthesis: CPU user time: 13.57 seconds. CPU system time: 0 seconds. Elapsed time: 13.57 seconds; current allocated memory: 506.871 MB.
INFO: [HLS 200-10] Starting hardware synthesis ...
INFO: [HLS 200-10] Synthesizing 'multihart_ip' ...
INFO: [HLS 200-10] ----------------------------------------------------------------
INFO: [HLS 200-42] -- Implementing module 'multihart_ip_Pipeline_VITIS_LOOP_193_1' 
INFO: [HLS 200-10] ----------------------------------------------------------------
INFO: [SCHED 204-11] Starting scheduling ...
INFO: [SCHED 204-61] Pipelining loop 'VITIS_LOOP_193_1'.
INFO: [HLS 200-1470] Pipelining result : Target II = 2, Final II = 2, Depth = 3, loop 'VITIS_LOOP_193_1'
WARNING: [HLS 200-871] Estimated clock period (20.099 ns) exceeds the target (target clock period: 10.000 ns, clock uncertainty: 2.700 ns, effective delay budget: 7.300 ns).
Resolution: For help on HLS 200-871 see docs.xilinx.com/access/sources/dita/topic?Doc_Version=2024.1%20English&url=ug1448-hls-guidance&resourceid=200-871.html
WARNING: [HLS 200-1016] The critical path in module 'multihart_ip_Pipeline_VITIS_LOOP_193_1' consists of the following:
	'load' operation 1 bit ('is_reg_computed') on local variable 'is_reg_computed', ../../multihart_ip.cpp:119 [1861]  (0.000 ns)
	'sparsemux' operation 1 bit ('tmp_20', ../../issue.cpp:30->../../issue.cpp:203->../../multihart_ip.cpp:211) [3494]  (3.205 ns)
	'sparsemux' operation 1 bit ('tmp_28', ../../issue.cpp:30->../../issue.cpp:203->../../multihart_ip.cpp:211) [3502]  (2.304 ns)
	'and' operation 1 bit ('is_locked_1', ../../issue.cpp:30->../../issue.cpp:203->../../multihart_ip.cpp:211) [3503]  (0.000 ns)
	'or' operation 1 bit ('i_state.wait_12', ../../issue.cpp:35->../../issue.cpp:203->../../multihart_ip.cpp:211) [3514]  (0.978 ns)
	'select' operation 1 bit ('i_state.wait_12', ../../issue.cpp:34->../../issue.cpp:203->../../multihart_ip.cpp:211) [3523]  (0.993 ns)
	'sparsemux' operation 1 bit ('tmp_39', ../../issue.cpp:208->../../multihart_ip.cpp:211) [3712]  (2.304 ns)
	'and' operation 1 bit ('and_ln208', ../../issue.cpp:208->../../multihart_ip.cpp:211) [3723]  (0.978 ns)
	'select' operation 3 bit ('conv_i32_i6307663', ../../issue.cpp:208->../../multihart_ip.cpp:211) [3725]  (0.980 ns)
	'sparsemux' operation 5 bit ('tmp_42', ../../issue.cpp:215->../../multihart_ip.cpp:211) [3729]  (2.304 ns)
	'sparsemux' operation 5 bit ('i_destination', ../../issue.cpp:207->../../multihart_ip.cpp:211) [3810]  (1.588 ns)
	'icmp' operation 1 bit ('icmp_ln96_1', ../../multihart_ip.cpp:96->../../multihart_ip.cpp:224) [5947]  (1.780 ns)
	'or' operation 1 bit ('or_ln96', ../../multihart_ip.cpp:96->../../multihart_ip.cpp:224) [5948]  (0.978 ns)
	blocking operation 1.7073 ns on control path)

Resolution: For help on HLS 200-1016 see docs.xilinx.com/access/sources/dita/topic?Doc_Version=2024.1%20English&url=ug1448-hls-guidance&resourceid=200-1016.html
INFO: [SCHED 204-11] Finished scheduling.
INFO: [HLS 200-111] Finished Scheduling: CPU user time: 261.33 seconds. CPU system time: 2.37 seconds. Elapsed time: 263.78 seconds; current allocated memory: 3.000 GB.
INFO: [BIND 205-100] Starting micro-architecture generation ...
INFO: [BIND 205-101] Performing variable lifetime analysis.
INFO: [BIND 205-101] Exploring resource sharing.
INFO: [BIND 205-101] Binding ...
INFO: [BIND 205-100] Finished micro-architecture generation.
INFO: [HLS 200-111] Finished Binding: CPU user time: 2.9 seconds. CPU system time: 0.02 seconds. Elapsed time: 2.92 seconds; current allocated memory: 3.000 GB.
INFO: [HLS 200-10] ----------------------------------------------------------------
INFO: [HLS 200-42] -- Implementing module 'multihart_ip' 
INFO: [HLS 200-10] ----------------------------------------------------------------
INFO: [SCHED 204-11] Starting scheduling ...
INFO: [SCHED 204-11] Finished scheduling.
INFO: [HLS 200-111] Finished Scheduling: CPU user time: 1.09 seconds. CPU system time: 0.02 seconds. Elapsed time: 1.12 seconds; current allocated memory: 3.000 GB.
INFO: [BIND 205-100] Starting micro-architecture generation ...
INFO: [BIND 205-101] Performing variable lifetime analysis.
INFO: [BIND 205-101] Exploring resource sharing.
INFO: [BIND 205-101] Binding ...
INFO: [BIND 205-100] Finished micro-architecture generation.
INFO: [HLS 200-111] Finished Binding: CPU user time: 0.05 seconds. CPU system time: 0 seconds. Elapsed time: 0.05 seconds; current allocated memory: 3.000 GB.
INFO: [HLS 200-10] ----------------------------------------------------------------
INFO: [HLS 200-10] -- Generating RTL for module 'multihart_ip_Pipeline_VITIS_LOOP_193_1' 
INFO: [HLS 200-10] ----------------------------------------------------------------
INFO: [HLS 200-1030] Apply Unified Pipeline Control on module 'multihart_ip_Pipeline_VITIS_LOOP_193_1' pipeline 'VITIS_LOOP_193_1' pipeline type 'loop pipeline'
INFO: [RTGEN 206-104] Estimated max fanout for 'multihart_ip_Pipeline_VITIS_LOOP_193_1' is 8384, found 2 HDL expressions with this fanout: (ap_loop_init == 1'b1), ((1'b0 == ap_block_pp0_stage0_11001) & (1'b1 == ap_CS_fsm_pp0_stage0))
INFO: [RTGEN 206-100] Generating core module 'sparsemux_13_3_32_1_1': 1 instance(s).
INFO: [RTGEN 206-100] Generating core module 'sparsemux_13_5_32_1_1': 1 instance(s).
INFO: [RTGEN 206-100] Generating core module 'sparsemux_15_6_1_1_1': 1 instance(s).
INFO: [RTGEN 206-100] Generating core module 'sparsemux_17_3_14_1_1': 1 instance(s).
INFO: [RTGEN 206-100] Generating core module 'sparsemux_17_3_15_1_1': 6 instance(s).
INFO: [RTGEN 206-100] Generating core module 'sparsemux_17_3_1_1_1': 34 instance(s).
INFO: [RTGEN 206-100] Generating core module 'sparsemux_17_3_20_1_1': 2 instance(s).
INFO: [RTGEN 206-100] Generating core module 'sparsemux_17_3_32_1_1': 9 instance(s).
INFO: [RTGEN 206-100] Generating core module 'sparsemux_17_3_3_1_1': 6 instance(s).
INFO: [RTGEN 206-100] Generating core module 'sparsemux_17_3_5_1_1': 8 instance(s).
INFO: [RTGEN 206-100] Generating core module 'sparsemux_17_3_6_1_1': 1 instance(s).
INFO: [RTGEN 206-100] Generating core module 'sparsemux_17_3_7_1_1': 1 instance(s).
INFO: [RTGEN 206-100] Generating core module 'sparsemux_17_7_32_1_1': 1 instance(s).
INFO: [RTGEN 206-100] Generating core module 'sparsemux_65_5_1_1_1': 32 instance(s).
INFO: [RTGEN 206-100] Generating core module 'sparsemux_65_5_32_1_1': 16 instance(s).
INFO: [RTGEN 206-100] Generating core module 'sparsemux_7_2_1_1_1': 2 instance(s).
INFO: [RTGEN 206-100] Generating core module 'sparsemux_7_2_3_1_1': 1 instance(s).
INFO: [RTGEN 206-100] Generating core module 'sparsemux_7_2_5_1_1': 1 instance(s).
INFO: [RTGEN 206-100] Generating core module 'sparsemux_9_3_32_1_1': 1 instance(s).
INFO: [RTGEN 206-100] Generating core module 'sparsemux_9_3_8_1_1': 1 instance(s).
INFO: [RTGEN 206-100] Finished creating RTL model for 'multihart_ip_Pipeline_VITIS_LOOP_193_1'.
INFO: [HLS 200-111] Finished Creating RTL model: CPU user time: 1.85 seconds. CPU system time: 0.01 seconds. Elapsed time: 1.86 seconds; current allocated memory: 3.000 GB.
INFO: [HLS 200-10] ----------------------------------------------------------------
INFO: [HLS 200-10] -- Generating RTL for module 'multihart_ip' 
INFO: [HLS 200-10] ----------------------------------------------------------------
WARNING: [RTGEN 206-101] Design contains AXI ports. Reset is fixed to synchronous and active low.
INFO: [RTGEN 206-500] Setting interface mode on port 'multihart_ip/running_hart_set' to 's_axilite & ap_none'.
INFO: [RTGEN 206-500] Setting interface mode on port 'multihart_ip/start_pc' to 's_axilite & ap_memory'.
INFO: [RTGEN 206-500] Setting interface mode on port 'multihart_ip/code_ram' to 's_axilite & ap_memory'.
INFO: [RTGEN 206-500] Setting interface mode on port 'multihart_ip/data_ram' to 's_axilite & ap_memory'.
INFO: [RTGEN 206-500] Setting interface mode on port 'multihart_ip/nb_instruction' to 's_axilite & ap_vld'.
INFO: [RTGEN 206-500] Setting interface mode on port 'multihart_ip/nb_cycle' to 's_axilite & ap_vld'.
INFO: [RTGEN 206-500] Setting interface mode on function 'multihart_ip' to 's_axilite & ap_ctrl_hs'.
INFO: [RTGEN 206-100] Bundling port 'running_hart_set', 'start_pc', 'nb_instruction', 'nb_cycle', 'code_ram', 'data_ram' to AXI-Lite port control.
INFO: [RTGEN 206-100] Finished creating RTL model for 'multihart_ip'.
INFO: [HLS 200-111] Finished Creating RTL model: CPU user time: 3.16 seconds. CPU system time: 0.21 seconds. Elapsed time: 3.39 seconds; current allocated memory: 3.000 GB.
INFO: [HLS 200-111] Finished Generating all RTL models: CPU user time: 0.42 seconds. CPU system time: 0.02 seconds. Elapsed time: 0.43 seconds; current allocated memory: 3.000 GB.
INFO: [HLS 200-111] Finished Updating report files: CPU user time: 0.83 seconds. CPU system time: 0.02 seconds. Elapsed time: 0.85 seconds; current allocated memory: 3.000 GB.
INFO: [VHDL 208-304] Generating VHDL RTL for multihart_ip.
INFO: [VLOG 209-307] Generating Verilog RTL for multihart_ip.
INFO: [HLS 200-790] **** Loop Constraint Status: All loop constraints were satisfied.
INFO: [HLS 200-789] **** Estimated Fmax: 49.75 MHz
INFO: [HLS 200-112] Total CPU user time: 351.54 seconds. Total CPU system time: 11.47 seconds. Total elapsed time: 366.14 seconds; peak allocated memory: 3.000 GB.
INFO: [v++ 60-791] Total elapsed time: 0h 6m 10s
