INFO: [vitis-run 60-1548] Creating build summary session with primary output /home/goossens/goossens-book-ip-projects/2024.1/multihart_8h_ip/workspace/hls_component/multihart_ip/multihart_ip.hlsrun_csim_summary, at Sun Sep  8 19:55:56 2024
INFO: [vitis-run 82-31] Launching vitis_hls: vitis_hls -nolog -run csim -work_dir /home/goossens/goossens-book-ip-projects/2024.1/multihart_8h_ip/workspace/hls_component/multihart_ip -config /home/goossens/goossens-book-ip-projects/2024.1/multihart_8h_ip/workspace/hls_component/hls_config.cfg -cmdlineconfig /home/goossens/goossens-book-ip-projects/2024.1/multihart_8h_ip/workspace/hls_component/multihart_ip/hls/config.cmdline

****** Vitis HLS - High-Level Synthesis from C, C++ and OpenCL v2024.1 (64-bit)
  **** SW Build 5069499 on May 21 2024
  **** IP Build 5075265 on Wed May 22 21:45:21 MDT 2024
  **** SharedData Build 5076995 on Wed May 22 18:29:18 MDT 2024
  **** Start of session at: Sun Sep  8 19:55:57 2024
    ** Copyright 1986-2022 Xilinx, Inc. All Rights Reserved.
    ** Copyright 2022-2024 Advanced Micro Devices, Inc. All Rights Reserved.

source /opt/Xilinx/Vitis_HLS/2024.1/scripts/vitis_hls/hls.tcl -notrace
INFO: [HLS 200-10] For user 'goossens' on host 'goossens-Precision-5530' (Linux_x86_64 version 6.8.0-40-generic) on Sun Sep 08 19:55:59 CEST 2024
INFO: [HLS 200-10] On os Ubuntu 22.04.4 LTS
INFO: [HLS 200-10] In directory '/home/goossens/goossens-book-ip-projects/2024.1/multihart_8h_ip/workspace/hls_component'
INFO: [HLS 200-2005] Using work_dir /home/goossens/goossens-book-ip-projects/2024.1/multihart_8h_ip/workspace/hls_component/multihart_ip 
INFO: [HLS 200-1505] Using default flow_target 'vivado'
Resolution: For help on HLS 200-1505 see docs.xilinx.com/access/sources/dita/topic?Doc_Version=2024.1%20English&url=ug1448-hls-guidance&resourceid=200-1505.html
INFO: [HLS 200-1465] Applying ini 'syn.file=/home/goossens/goossens-book-ip-projects/2024.1/multihart_8h_ip/compute.cpp' from /home/goossens/goossens-book-ip-projects/2024.1/multihart_8h_ip/workspace/hls_component/hls_config.cfg(6)
INFO: [HLS 200-10] Adding design file '/home/goossens/goossens-book-ip-projects/2024.1/multihart_8h_ip/compute.cpp' to the project
INFO: [HLS 200-1465] Applying ini 'syn.file=/home/goossens/goossens-book-ip-projects/2024.1/multihart_8h_ip/decode.cpp' from /home/goossens/goossens-book-ip-projects/2024.1/multihart_8h_ip/workspace/hls_component/hls_config.cfg(7)
INFO: [HLS 200-10] Adding design file '/home/goossens/goossens-book-ip-projects/2024.1/multihart_8h_ip/decode.cpp' to the project
INFO: [HLS 200-1465] Applying ini 'syn.file=/home/goossens/goossens-book-ip-projects/2024.1/multihart_8h_ip/disassemble.cpp' from /home/goossens/goossens-book-ip-projects/2024.1/multihart_8h_ip/workspace/hls_component/hls_config.cfg(8)
INFO: [HLS 200-10] Adding design file '/home/goossens/goossens-book-ip-projects/2024.1/multihart_8h_ip/disassemble.cpp' to the project
INFO: [HLS 200-1465] Applying ini 'syn.file=/home/goossens/goossens-book-ip-projects/2024.1/multihart_8h_ip/emulate.cpp' from /home/goossens/goossens-book-ip-projects/2024.1/multihart_8h_ip/workspace/hls_component/hls_config.cfg(9)
INFO: [HLS 200-10] Adding design file '/home/goossens/goossens-book-ip-projects/2024.1/multihart_8h_ip/emulate.cpp' to the project
INFO: [HLS 200-1465] Applying ini 'syn.file=/home/goossens/goossens-book-ip-projects/2024.1/multihart_8h_ip/execute.cpp' from /home/goossens/goossens-book-ip-projects/2024.1/multihart_8h_ip/workspace/hls_component/hls_config.cfg(10)
INFO: [HLS 200-10] Adding design file '/home/goossens/goossens-book-ip-projects/2024.1/multihart_8h_ip/execute.cpp' to the project
INFO: [HLS 200-1465] Applying ini 'syn.file=/home/goossens/goossens-book-ip-projects/2024.1/multihart_8h_ip/fetch.cpp' from /home/goossens/goossens-book-ip-projects/2024.1/multihart_8h_ip/workspace/hls_component/hls_config.cfg(11)
INFO: [HLS 200-10] Adding design file '/home/goossens/goossens-book-ip-projects/2024.1/multihart_8h_ip/fetch.cpp' to the project
INFO: [HLS 200-1465] Applying ini 'syn.file=/home/goossens/goossens-book-ip-projects/2024.1/multihart_8h_ip/immediate.cpp' from /home/goossens/goossens-book-ip-projects/2024.1/multihart_8h_ip/workspace/hls_component/hls_config.cfg(12)
INFO: [HLS 200-10] Adding design file '/home/goossens/goossens-book-ip-projects/2024.1/multihart_8h_ip/immediate.cpp' to the project
INFO: [HLS 200-1465] Applying ini 'syn.file=/home/goossens/goossens-book-ip-projects/2024.1/multihart_8h_ip/issue.cpp' from /home/goossens/goossens-book-ip-projects/2024.1/multihart_8h_ip/workspace/hls_component/hls_config.cfg(13)
INFO: [HLS 200-10] Adding design file '/home/goossens/goossens-book-ip-projects/2024.1/multihart_8h_ip/issue.cpp' to the project
INFO: [HLS 200-1465] Applying ini 'syn.file=/home/goossens/goossens-book-ip-projects/2024.1/multihart_8h_ip/mem.cpp' from /home/goossens/goossens-book-ip-projects/2024.1/multihart_8h_ip/workspace/hls_component/hls_config.cfg(14)
INFO: [HLS 200-10] Adding design file '/home/goossens/goossens-book-ip-projects/2024.1/multihart_8h_ip/mem.cpp' to the project
INFO: [HLS 200-1465] Applying ini 'syn.file=/home/goossens/goossens-book-ip-projects/2024.1/multihart_8h_ip/mem_access.cpp' from /home/goossens/goossens-book-ip-projects/2024.1/multihart_8h_ip/workspace/hls_component/hls_config.cfg(15)
INFO: [HLS 200-10] Adding design file '/home/goossens/goossens-book-ip-projects/2024.1/multihart_8h_ip/mem_access.cpp' to the project
INFO: [HLS 200-1465] Applying ini 'syn.file=/home/goossens/goossens-book-ip-projects/2024.1/multihart_8h_ip/multihart_ip.cpp' from /home/goossens/goossens-book-ip-projects/2024.1/multihart_8h_ip/workspace/hls_component/hls_config.cfg(16)
INFO: [HLS 200-10] Adding design file '/home/goossens/goossens-book-ip-projects/2024.1/multihart_8h_ip/multihart_ip.cpp' to the project
INFO: [HLS 200-1465] Applying ini 'syn.file=/home/goossens/goossens-book-ip-projects/2024.1/multihart_8h_ip/new_cycle.cpp' from /home/goossens/goossens-book-ip-projects/2024.1/multihart_8h_ip/workspace/hls_component/hls_config.cfg(17)
INFO: [HLS 200-10] Adding design file '/home/goossens/goossens-book-ip-projects/2024.1/multihart_8h_ip/new_cycle.cpp' to the project
INFO: [HLS 200-1465] Applying ini 'syn.file=/home/goossens/goossens-book-ip-projects/2024.1/multihart_8h_ip/print.cpp' from /home/goossens/goossens-book-ip-projects/2024.1/multihart_8h_ip/workspace/hls_component/hls_config.cfg(18)
INFO: [HLS 200-10] Adding design file '/home/goossens/goossens-book-ip-projects/2024.1/multihart_8h_ip/print.cpp' to the project
INFO: [HLS 200-1465] Applying ini 'syn.file=/home/goossens/goossens-book-ip-projects/2024.1/multihart_8h_ip/type.cpp' from /home/goossens/goossens-book-ip-projects/2024.1/multihart_8h_ip/workspace/hls_component/hls_config.cfg(19)
INFO: [HLS 200-10] Adding design file '/home/goossens/goossens-book-ip-projects/2024.1/multihart_8h_ip/type.cpp' to the project
INFO: [HLS 200-1465] Applying ini 'syn.file=/home/goossens/goossens-book-ip-projects/2024.1/multihart_8h_ip/wb.cpp' from /home/goossens/goossens-book-ip-projects/2024.1/multihart_8h_ip/workspace/hls_component/hls_config.cfg(20)
INFO: [HLS 200-10] Adding design file '/home/goossens/goossens-book-ip-projects/2024.1/multihart_8h_ip/wb.cpp' to the project
INFO: [HLS 200-1465] Applying ini 'tb.file=/home/goossens/goossens-book-ip-projects/2024.1/multihart_8h_ip/testbench_seq_multihart_ip.cpp' from /home/goossens/goossens-book-ip-projects/2024.1/multihart_8h_ip/workspace/hls_component/hls_config.cfg(22)
INFO: [HLS 200-10] Adding test bench file '/home/goossens/goossens-book-ip-projects/2024.1/multihart_8h_ip/testbench_seq_multihart_ip.cpp' to the project
INFO: [HLS 200-1465] Applying ini 'syn.top=multihart_ip' from /home/goossens/goossens-book-ip-projects/2024.1/multihart_8h_ip/workspace/hls_component/hls_config.cfg(21)
INFO: [HLS 200-1465] Applying ini 'flow_target=vivado' from /home/goossens/goossens-book-ip-projects/2024.1/multihart_8h_ip/workspace/hls_component/hls_config.cfg(5)
INFO: [HLS 200-1505] Using flow_target 'vivado'
Resolution: For help on HLS 200-1505 see docs.xilinx.com/access/sources/dita/topic?Doc_Version=2024.1%20English&url=ug1448-hls-guidance&resourceid=200-1505.html
INFO: [HLS 200-1465] Applying ini 'part=xc7z020clg400-1' from /home/goossens/goossens-book-ip-projects/2024.1/multihart_8h_ip/workspace/hls_component/hls_config.cfg(1)
INFO: [HLS 200-1611] Setting target device to 'xc7z020-clg400-1'
INFO: [HLS 200-1465] Applying ini 'clock=10ns' from /home/goossens/goossens-book-ip-projects/2024.1/multihart_8h_ip/workspace/hls_component/hls_config.cfg(4)
INFO: [SYN 201-201] Setting up clock 'default' with a period of 10ns.
INFO: [HLS 200-1465] Applying ini 'package.output.format=ip_catalog' from /home/goossens/goossens-book-ip-projects/2024.1/multihart_8h_ip/workspace/hls_component/hls_config.cfg(23)
INFO: [HLS 200-1465] Applying ini 'vivado.rtl=verilog' from /home/goossens/goossens-book-ip-projects/2024.1/multihart_8h_ip/workspace/hls_component/hls_config.cfg(24)
INFO: [SIM 211-2] *************** CSIM start ***************
INFO: [SIM 211-4] CSIM will launch CLANG as the compiler.
INFO: [HLS 200-2036] Building debug C Simulation binaries
   Compiling ../../../../../../testbench_seq_multihart_ip.cpp in debug mode
   Compiling ../../../../../../wb.cpp in debug mode
   Compiling ../../../../../../type.cpp in debug mode
   Compiling ../../../../../../print.cpp in debug mode
   Compiling ../../../../../../new_cycle.cpp in debug mode
   Compiling ../../../../../../multihart_ip.cpp in debug mode
   Compiling ../../../../../../mem_access.cpp in debug mode
   Compiling ../../../../../../mem.cpp in debug mode
   Compiling ../../../../../../issue.cpp in debug mode
   Compiling ../../../../../../immediate.cpp in debug mode
   Compiling ../../../../../../fetch.cpp in debug mode
   Compiling ../../../../../../execute.cpp in debug mode
   Compiling ../../../../../../emulate.cpp in debug mode
   Compiling ../../../../../../disassemble.cpp in debug mode
   Compiling ../../../../../../decode.cpp in debug mode
   Compiling ../../../../../../compute.cpp in debug mode
   Generating csim.exe
../../../../../../disassemble.cpp:79:26: warning: format specifies type 'int' but the argument has type 'func3_t' (aka 'ap_uint<3>') [-Wformat]
        printf("%d", d_i.func3);
                ~~       ^~~~~
../../../../../../disassemble.cpp:99:20: warning: format specifies type 'int' but the argument has type 'unsigned long' [-Wformat]
      printf("%d", ((int)pc+((int)(d_i.imm>>1)))*
              ~~   ^~~~~~~~~~~~~~~~~~~~~~~~~~~~~~
              %lu
../../../../../../disassemble.cpp:121:20: warning: format specifies type 'int' but the argument has type 'unsigned long' [-Wformat]
      printf("%d", ((int)pc+((int)(d_i.imm>>1)))*
              ~~   ^~~~~~~~~~~~~~~~~~~~~~~~~~~~~~
              %lu
3 warnings generated.
hart 0: 0000: 00000513      li a0, 0
hart 0:       a0  =                0 (       0)
hart 1: 0000: 00000513      li a0, 0
hart 1:       a0  =                0 (       0)
hart 2: 0000: 00000513      li a0, 0
hart 2:       a0  =                0 (       0)
hart 0: 0004: 00000593      li a1, 0
hart 0:       a1  =                0 (       0)
hart 1: 0004: 00000593      li a1, 0
hart 1:       a1  =                0 (       0)
hart 2: 0004: 00000593      li a1, 0
hart 2:       a1  =                0 (       0)
hart 0: 0008: 00000613      li a2, 0
hart 0:       a2  =                0 (       0)
hart 1: 0008: 00000613      li a2, 0
hart 1:       a2  =                0 (       0)
hart 2: 0008: 00000613      li a2, 0
hart 2:       a2  =                0 (       0)
hart 0: 0012: 02860693      addi a3, a2, 40
hart 0:       a3  =               40 (      28)
hart 1: 0012: 02860693      addi a3, a2, 40
hart 1:       a3  =               40 (      28)
hart 2: 0012: 02860693      addi a3, a2, 40
hart 2:       a3  =               40 (      28)
hart 0: 0016: 00158593      addi a1, a1, 1
hart 0:       a1  =                1 (       1)
hart 1: 0016: 00158593      addi a1, a1, 1
hart 1:       a1  =                1 (       1)
hart 2: 0016: 00158593      addi a1, a1, 1
hart 2:       a1  =                1 (       1)
hart 0: 0020: 00b62023      sw a1, 0(a2)
hart 0:       m[    0] =                1 (       1)
hart 1: 0020: 00b62023      sw a1, 0(a2)
hart 1:       m[ 4000] =                1 (       1)
hart 2: 0020: 00b62023      sw a1, 0(a2)
hart 2:       m[ 8000] =                1 (       1)
hart 0: 0024: 00460613      addi a2, a2, 4
hart 0:       a2  =                4 (       4)
hart 1: 0024: 00460613      addi a2, a2, 4
hart 1:       a2  =                4 (       4)
hart 2: 0024: 00460613      addi a2, a2, 4
hart 2:       a2  =                4 (       4)
hart 3: 0000: 00000513      li a0, 0
hart 3:       a0  =                0 (       0)
hart 0: 0028: fed61ae3      bne a2, a3, 16
hart 0:       pc  =               16 (      10)
hart 1: 0028: fed61ae3      bne a2, a3, 16
hart 1:       pc  =               16 (      10)
hart 2: 0028: fed61ae3      bne a2, a3, 16
hart 2:       pc  =               16 (      10)
hart 3: 0004: 00000593      li a1, 0
hart 3:       a1  =                0 (       0)
hart 4: 0000: 00000513      li a0, 0
hart 4:       a0  =                0 (       0)
hart 5: 0000: 00000513      li a0, 0
hart 5:       a0  =                0 (       0)
hart 6: 0000: 00000513      li a0, 0
hart 6:       a0  =                0 (       0)
hart 0: 0016: 00158593      addi a1, a1, 1
hart 0:       a1  =                2 (       2)
hart 1: 0016: 00158593      addi a1, a1, 1
hart 1:       a1  =                2 (       2)
hart 2: 0016: 00158593      addi a1, a1, 1
hart 2:       a1  =                2 (       2)
hart 3: 0008: 00000613      li a2, 0
hart 3:       a2  =                0 (       0)
hart 0: 0020: 00b62023      sw a1, 0(a2)
hart 0:       m[    4] =                2 (       2)
hart 1: 0020: 00b62023      sw a1, 0(a2)
hart 1:       m[ 4004] =                2 (       2)
hart 2: 0020: 00b62023      sw a1, 0(a2)
hart 2:       m[ 8004] =                2 (       2)
hart 3: 0012: 02860693      addi a3, a2, 40
hart 3:       a3  =               40 (      28)
hart 0: 0024: 00460613      addi a2, a2, 4
hart 0:       a2  =                8 (       8)
hart 1: 0024: 00460613      addi a2, a2, 4
hart 1:       a2  =                8 (       8)
hart 2: 0024: 00460613      addi a2, a2, 4
hart 2:       a2  =                8 (       8)
hart 3: 0016: 00158593      addi a1, a1, 1
hart 3:       a1  =                1 (       1)
hart 0: 0028: fed61ae3      bne a2, a3, 16
hart 0:       pc  =               16 (      10)
hart 1: 0028: fed61ae3      bne a2, a3, 16
hart 1:       pc  =               16 (      10)
hart 2: 0028: fed61ae3      bne a2, a3, 16
hart 2:       pc  =               16 (      10)
hart 3: 0020: 00b62023      sw a1, 0(a2)
hart 3:       m[ c000] =                1 (       1)
hart 4: 0004: 00000593      li a1, 0
hart 4:       a1  =                0 (       0)
hart 5: 0004: 00000593      li a1, 0
hart 5:       a1  =                0 (       0)
hart 6: 0004: 00000593      li a1, 0
hart 6:       a1  =                0 (       0)
hart 0: 0016: 00158593      addi a1, a1, 1
hart 0:       a1  =                3 (       3)
hart 1: 0016: 00158593      addi a1, a1, 1
hart 1:       a1  =                3 (       3)
hart 2: 0016: 00158593      addi a1, a1, 1
hart 2:       a1  =                3 (       3)
hart 3: 0024: 00460613      addi a2, a2, 4
hart 3:       a2  =                4 (       4)
hart 0: 0020: 00b62023      sw a1, 0(a2)
hart 0:       m[    8] =                3 (       3)
hart 1: 0020: 00b62023      sw a1, 0(a2)
hart 1:       m[ 4008] =                3 (       3)
hart 2: 0020: 00b62023      sw a1, 0(a2)
hart 2:       m[ 8008] =                3 (       3)
hart 3: 0028: fed61ae3      bne a2, a3, 16
hart 3:       pc  =               16 (      10)
hart 0: 0024: 00460613      addi a2, a2, 4
hart 0:       a2  =               12 (       c)
hart 1: 0024: 00460613      addi a2, a2, 4
hart 1:       a2  =               12 (       c)
hart 2: 0024: 00460613      addi a2, a2, 4
hart 2:       a2  =               12 (       c)
hart 4: 0008: 00000613      li a2, 0
hart 4:       a2  =                0 (       0)
hart 0: 0028: fed61ae3      bne a2, a3, 16
hart 0:       pc  =               16 (      10)
hart 1: 0028: fed61ae3      bne a2, a3, 16
hart 1:       pc  =               16 (      10)
hart 2: 0028: fed61ae3      bne a2, a3, 16
hart 2:       pc  =               16 (      10)
hart 3: 0016: 00158593      addi a1, a1, 1
hart 3:       a1  =                2 (       2)
hart 4: 0012: 02860693      addi a3, a2, 40
hart 4:       a3  =               40 (      28)
hart 5: 0008: 00000613      li a2, 0
hart 5:       a2  =                0 (       0)
hart 6: 0008: 00000613      li a2, 0
hart 6:       a2  =                0 (       0)
hart 0: 0016: 00158593      addi a1, a1, 1
hart 0:       a1  =                4 (       4)
hart 1: 0016: 00158593      addi a1, a1, 1
hart 1:       a1  =                4 (       4)
hart 2: 0016: 00158593      addi a1, a1, 1
hart 2:       a1  =                4 (       4)
hart 3: 0020: 00b62023      sw a1, 0(a2)
hart 3:       m[ c004] =                2 (       2)
hart 0: 0020: 00b62023      sw a1, 0(a2)
hart 0:       m[    c] =                4 (       4)
hart 1: 0020: 00b62023      sw a1, 0(a2)
hart 1:       m[ 400c] =                4 (       4)
hart 2: 0020: 00b62023      sw a1, 0(a2)
hart 2:       m[ 800c] =                4 (       4)
hart 3: 0024: 00460613      addi a2, a2, 4
hart 3:       a2  =                8 (       8)
hart 0: 0024: 00460613      addi a2, a2, 4
hart 0:       a2  =               16 (      10)
hart 1: 0024: 00460613      addi a2, a2, 4
hart 1:       a2  =               16 (      10)
hart 2: 0024: 00460613      addi a2, a2, 4
hart 2:       a2  =               16 (      10)
hart 3: 0028: fed61ae3      bne a2, a3, 16
hart 3:       pc  =               16 (      10)
hart 0: 0028: fed61ae3      bne a2, a3, 16
hart 0:       pc  =               16 (      10)
hart 1: 0028: fed61ae3      bne a2, a3, 16
hart 1:       pc  =               16 (      10)
hart 2: 0028: fed61ae3      bne a2, a3, 16
hart 2:       pc  =               16 (      10)
hart 4: 0016: 00158593      addi a1, a1, 1
hart 4:       a1  =                1 (       1)
hart 5: 0012: 02860693      addi a3, a2, 40
hart 5:       a3  =               40 (      28)
hart 6: 0012: 02860693      addi a3, a2, 40
hart 6:       a3  =               40 (      28)
hart 3: 0016: 00158593      addi a1, a1, 1
hart 3:       a1  =                3 (       3)
hart 0: 0016: 00158593      addi a1, a1, 1
hart 0:       a1  =                5 (       5)
hart 1: 0016: 00158593      addi a1, a1, 1
hart 1:       a1  =                5 (       5)
hart 2: 0016: 00158593      addi a1, a1, 1
hart 2:       a1  =                5 (       5)
hart 3: 0020: 00b62023      sw a1, 0(a2)
hart 3:       m[ c008] =                3 (       3)
hart 0: 0020: 00b62023      sw a1, 0(a2)
hart 0:       m[   10] =                5 (       5)
hart 1: 0020: 00b62023      sw a1, 0(a2)
hart 1:       m[ 4010] =                5 (       5)
hart 2: 0020: 00b62023      sw a1, 0(a2)
hart 2:       m[ 8010] =                5 (       5)
hart 3: 0024: 00460613      addi a2, a2, 4
hart 3:       a2  =               12 (       c)
hart 0: 0024: 00460613      addi a2, a2, 4
hart 0:       a2  =               20 (      14)
hart 1: 0024: 00460613      addi a2, a2, 4
hart 1:       a2  =               20 (      14)
hart 2: 0024: 00460613      addi a2, a2, 4
hart 2:       a2  =               20 (      14)
hart 3: 0028: fed61ae3      bne a2, a3, 16
hart 3:       pc  =               16 (      10)
hart 0: 0028: fed61ae3      bne a2, a3, 16
hart 0:       pc  =               16 (      10)
hart 1: 0028: fed61ae3      bne a2, a3, 16
hart 1:       pc  =               16 (      10)
hart 2: 0028: fed61ae3      bne a2, a3, 16
hart 2:       pc  =               16 (      10)
hart 4: 0020: 00b62023      sw a1, 0(a2)
hart 4:       m[10000] =                1 (       1)
hart 5: 0016: 00158593      addi a1, a1, 1
hart 5:       a1  =                1 (       1)
hart 6: 0016: 00158593      addi a1, a1, 1
hart 6:       a1  =                1 (       1)
hart 3: 0016: 00158593      addi a1, a1, 1
hart 3:       a1  =                4 (       4)
hart 0: 0016: 00158593      addi a1, a1, 1
hart 0:       a1  =                6 (       6)
hart 1: 0016: 00158593      addi a1, a1, 1
hart 1:       a1  =                6 (       6)
hart 2: 0016: 00158593      addi a1, a1, 1
hart 2:       a1  =                6 (       6)
hart 3: 0020: 00b62023      sw a1, 0(a2)
hart 3:       m[ c00c] =                4 (       4)
hart 0: 0020: 00b62023      sw a1, 0(a2)
hart 0:       m[   14] =                6 (       6)
hart 1: 0020: 00b62023      sw a1, 0(a2)
hart 1:       m[ 4014] =                6 (       6)
hart 2: 0020: 00b62023      sw a1, 0(a2)
hart 2:       m[ 8014] =                6 (       6)
hart 3: 0024: 00460613      addi a2, a2, 4
hart 3:       a2  =               16 (      10)
hart 0: 0024: 00460613      addi a2, a2, 4
hart 0:       a2  =               24 (      18)
hart 1: 0024: 00460613      addi a2, a2, 4
hart 1:       a2  =               24 (      18)
hart 2: 0024: 00460613      addi a2, a2, 4
hart 2:       a2  =               24 (      18)
hart 3: 0028: fed61ae3      bne a2, a3, 16
hart 3:       pc  =               16 (      10)
hart 0: 0028: fed61ae3      bne a2, a3, 16
hart 0:       pc  =               16 (      10)
hart 1: 0028: fed61ae3      bne a2, a3, 16
hart 1:       pc  =               16 (      10)
hart 2: 0028: fed61ae3      bne a2, a3, 16
hart 2:       pc  =               16 (      10)
hart 4: 0024: 00460613      addi a2, a2, 4
hart 4:       a2  =                4 (       4)
hart 5: 0020: 00b62023      sw a1, 0(a2)
hart 5:       m[14000] =                1 (       1)
hart 6: 0020: 00b62023      sw a1, 0(a2)
hart 6:       m[18000] =                1 (       1)
hart 3: 0016: 00158593      addi a1, a1, 1
hart 3:       a1  =                5 (       5)
hart 0: 0016: 00158593      addi a1, a1, 1
hart 0:       a1  =                7 (       7)
hart 1: 0016: 00158593      addi a1, a1, 1
hart 1:       a1  =                7 (       7)
hart 2: 0016: 00158593      addi a1, a1, 1
hart 2:       a1  =                7 (       7)
hart 3: 0020: 00b62023      sw a1, 0(a2)
hart 3:       m[ c010] =                5 (       5)
hart 0: 0020: 00b62023      sw a1, 0(a2)
hart 0:       m[   18] =                7 (       7)
hart 1: 0020: 00b62023      sw a1, 0(a2)
hart 1:       m[ 4018] =                7 (       7)
hart 2: 0020: 00b62023      sw a1, 0(a2)
hart 2:       m[ 8018] =                7 (       7)
hart 3: 0024: 00460613      addi a2, a2, 4
hart 3:       a2  =               20 (      14)
hart 0: 0024: 00460613      addi a2, a2, 4
hart 0:       a2  =               28 (      1c)
hart 1: 0024: 00460613      addi a2, a2, 4
hart 1:       a2  =               28 (      1c)
hart 2: 0024: 00460613      addi a2, a2, 4
hart 2:       a2  =               28 (      1c)
hart 3: 0028: fed61ae3      bne a2, a3, 16
hart 3:       pc  =               16 (      10)
hart 0: 0028: fed61ae3      bne a2, a3, 16
hart 0:       pc  =               16 (      10)
hart 1: 0028: fed61ae3      bne a2, a3, 16
hart 1:       pc  =               16 (      10)
hart 2: 0028: fed61ae3      bne a2, a3, 16
hart 2:       pc  =               16 (      10)
hart 4: 0028: fed61ae3      bne a2, a3, 16
hart 4:       pc  =               16 (      10)
hart 5: 0024: 00460613      addi a2, a2, 4
hart 5:       a2  =                4 (       4)
hart 6: 0024: 00460613      addi a2, a2, 4
hart 6:       a2  =                4 (       4)
hart 3: 0016: 00158593      addi a1, a1, 1
hart 3:       a1  =                6 (       6)
hart 0: 0016: 00158593      addi a1, a1, 1
hart 0:       a1  =                8 (       8)
hart 1: 0016: 00158593      addi a1, a1, 1
hart 1:       a1  =                8 (       8)
hart 2: 0016: 00158593      addi a1, a1, 1
hart 2:       a1  =                8 (       8)
hart 3: 0020: 00b62023      sw a1, 0(a2)
hart 3:       m[ c014] =                6 (       6)
hart 0: 0020: 00b62023      sw a1, 0(a2)
hart 0:       m[   1c] =                8 (       8)
hart 1: 0020: 00b62023      sw a1, 0(a2)
hart 1:       m[ 401c] =                8 (       8)
hart 2: 0020: 00b62023      sw a1, 0(a2)
hart 2:       m[ 801c] =                8 (       8)
hart 3: 0024: 00460613      addi a2, a2, 4
hart 3:       a2  =               24 (      18)
hart 0: 0024: 00460613      addi a2, a2, 4
hart 0:       a2  =               32 (      20)
hart 1: 0024: 00460613      addi a2, a2, 4
hart 1:       a2  =               32 (      20)
hart 2: 0024: 00460613      addi a2, a2, 4
hart 2:       a2  =               32 (      20)
hart 3: 0028: fed61ae3      bne a2, a3, 16
hart 3:       pc  =               16 (      10)
hart 0: 0028: fed61ae3      bne a2, a3, 16
hart 0:       pc  =               16 (      10)
hart 1: 0028: fed61ae3      bne a2, a3, 16
hart 1:       pc  =               16 (      10)
hart 2: 0028: fed61ae3      bne a2, a3, 16
hart 2:       pc  =               16 (      10)
hart 4: 0016: 00158593      addi a1, a1, 1
hart 4:       a1  =                2 (       2)
hart 5: 0028: fed61ae3      bne a2, a3, 16
hart 5:       pc  =               16 (      10)
hart 6: 0028: fed61ae3      bne a2, a3, 16
hart 6:       pc  =               16 (      10)
hart 3: 0016: 00158593      addi a1, a1, 1
hart 3:       a1  =                7 (       7)
hart 0: 0016: 00158593      addi a1, a1, 1
hart 0:       a1  =                9 (       9)
hart 1: 0016: 00158593      addi a1, a1, 1
hart 1:       a1  =                9 (       9)
hart 2: 0016: 00158593      addi a1, a1, 1
hart 2:       a1  =                9 (       9)
hart 3: 0020: 00b62023      sw a1, 0(a2)
hart 3:       m[ c018] =                7 (       7)
hart 0: 0020: 00b62023      sw a1, 0(a2)
hart 0:       m[   20] =                9 (       9)
hart 1: 0020: 00b62023      sw a1, 0(a2)
hart 1:       m[ 4020] =                9 (       9)
hart 2: 0020: 00b62023      sw a1, 0(a2)
hart 2:       m[ 8020] =                9 (       9)
hart 3: 0024: 00460613      addi a2, a2, 4
hart 3:       a2  =               28 (      1c)
hart 0: 0024: 00460613      addi a2, a2, 4
hart 0:       a2  =               36 (      24)
hart 1: 0024: 00460613      addi a2, a2, 4
hart 1:       a2  =               36 (      24)
hart 2: 0024: 00460613      addi a2, a2, 4
hart 2:       a2  =               36 (      24)
hart 3: 0028: fed61ae3      bne a2, a3, 16
hart 3:       pc  =               16 (      10)
hart 0: 0028: fed61ae3      bne a2, a3, 16
hart 0:       pc  =               16 (      10)
hart 1: 0028: fed61ae3      bne a2, a3, 16
hart 1:       pc  =               16 (      10)
hart 2: 0028: fed61ae3      bne a2, a3, 16
hart 2:       pc  =               16 (      10)
hart 4: 0020: 00b62023      sw a1, 0(a2)
hart 4:       m[10004] =                2 (       2)
hart 5: 0016: 00158593      addi a1, a1, 1
hart 5:       a1  =                2 (       2)
hart 6: 0016: 00158593      addi a1, a1, 1
hart 6:       a1  =                2 (       2)
hart 3: 0016: 00158593      addi a1, a1, 1
hart 3:       a1  =                8 (       8)
hart 0: 0016: 00158593      addi a1, a1, 1
hart 0:       a1  =               10 (       a)
hart 1: 0016: 00158593      addi a1, a1, 1
hart 1:       a1  =               10 (       a)
hart 2: 0016: 00158593      addi a1, a1, 1
hart 2:       a1  =               10 (       a)
hart 3: 0020: 00b62023      sw a1, 0(a2)
hart 3:       m[ c01c] =                8 (       8)
hart 0: 0020: 00b62023      sw a1, 0(a2)
hart 0:       m[   24] =               10 (       a)
hart 1: 0020: 00b62023      sw a1, 0(a2)
hart 1:       m[ 4024] =               10 (       a)
hart 2: 0020: 00b62023      sw a1, 0(a2)
hart 2:       m[ 8024] =               10 (       a)
hart 3: 0024: 00460613      addi a2, a2, 4
hart 3:       a2  =               32 (      20)
hart 0: 0024: 00460613      addi a2, a2, 4
hart 0:       a2  =               40 (      28)
hart 1: 0024: 00460613      addi a2, a2, 4
hart 1:       a2  =               40 (      28)
hart 2: 0024: 00460613      addi a2, a2, 4
hart 2:       a2  =               40 (      28)
hart 3: 0028: fed61ae3      bne a2, a3, 16
hart 3:       pc  =               16 (      10)
hart 0: 0028: fed61ae3      bne a2, a3, 16
hart 0:       pc  =               32 (      20)
hart 1: 0028: fed61ae3      bne a2, a3, 16
hart 1:       pc  =               32 (      20)
hart 2: 0028: fed61ae3      bne a2, a3, 16
hart 2:       pc  =               32 (      20)
hart 4: 0024: 00460613      addi a2, a2, 4
hart 4:       a2  =                8 (       8)
hart 5: 0020: 00b62023      sw a1, 0(a2)
hart 5:       m[14004] =                2 (       2)
hart 6: 0020: 00b62023      sw a1, 0(a2)
hart 6:       m[18004] =                2 (       2)
hart 3: 0016: 00158593      addi a1, a1, 1
hart 3:       a1  =                9 (       9)
hart 0: 0032: 00000593      li a1, 0
hart 0:       a1  =                0 (       0)
hart 1: 0032: 00000593      li a1, 0
hart 1:       a1  =                0 (       0)
hart 2: 0032: 00000593      li a1, 0
hart 2:       a1  =                0 (       0)
hart 3: 0020: 00b62023      sw a1, 0(a2)
hart 3:       m[ c020] =                9 (       9)
hart 0: 0036: 00000613      li a2, 0
hart 0:       a2  =                0 (       0)
hart 1: 0036: 00000613      li a2, 0
hart 1:       a2  =                0 (       0)
hart 2: 0036: 00000613      li a2, 0
hart 2:       a2  =                0 (       0)
hart 3: 0024: 00460613      addi a2, a2, 4
hart 3:       a2  =               36 (      24)
hart 0: 0040: 00062703      lw a4, 0(a2)
hart 0:       a4  =                1 (       1)    (m[    0])
hart 1: 0040: 00062703      lw a4, 0(a2)
hart 1:       a4  =                1 (       1)    (m[ 4000])
hart 2: 0040: 00062703      lw a4, 0(a2)
hart 2:       a4  =                1 (       1)    (m[ 8000])
hart 3: 0028: fed61ae3      bne a2, a3, 16
hart 3:       pc  =               16 (      10)
hart 0: 0044: 00e50533      add a0, a0, a4
hart 0:       a0  =                1 (       1)
hart 1: 0044: 00e50533      add a0, a0, a4
hart 1:       a0  =                1 (       1)
hart 2: 0044: 00e50533      add a0, a0, a4
hart 2:       a0  =                1 (       1)
hart 4: 0028: fed61ae3      bne a2, a3, 16
hart 4:       pc  =               16 (      10)
hart 0: 0048: 00460613      addi a2, a2, 4
hart 0:       a2  =                4 (       4)
hart 1: 0048: 00460613      addi a2, a2, 4
hart 1:       a2  =                4 (       4)
hart 2: 0048: 00460613      addi a2, a2, 4
hart 2:       a2  =                4 (       4)
hart 3: 0016: 00158593      addi a1, a1, 1
hart 3:       a1  =               10 (       a)
hart 0: 0052: fed61ae3      bne a2, a3, 40
hart 0:       pc  =               40 (      28)
hart 1: 0052: fed61ae3      bne a2, a3, 40
hart 1:       pc  =               40 (      28)
hart 2: 0052: fed61ae3      bne a2, a3, 40
hart 2:       pc  =               40 (      28)
hart 3: 0020: 00b62023      sw a1, 0(a2)
hart 3:       m[ c024] =               10 (       a)
hart 4: 0016: 00158593      addi a1, a1, 1
hart 4:       a1  =                3 (       3)
hart 5: 0024: 00460613      addi a2, a2, 4
hart 5:       a2  =                8 (       8)
hart 6: 0024: 00460613      addi a2, a2, 4
hart 6:       a2  =                8 (       8)
hart 0: 0040: 00062703      lw a4, 0(a2)
hart 0:       a4  =                2 (       2)    (m[    4])
hart 1: 0040: 00062703      lw a4, 0(a2)
hart 1:       a4  =                2 (       2)    (m[ 4004])
hart 2: 0040: 00062703      lw a4, 0(a2)
hart 2:       a4  =                2 (       2)    (m[ 8004])
hart 3: 0024: 00460613      addi a2, a2, 4
hart 3:       a2  =               40 (      28)
hart 0: 0044: 00e50533      add a0, a0, a4
hart 0:       a0  =                3 (       3)
hart 1: 0044: 00e50533      add a0, a0, a4
hart 1:       a0  =                3 (       3)
hart 2: 0044: 00e50533      add a0, a0, a4
hart 2:       a0  =                3 (       3)
hart 3: 0028: fed61ae3      bne a2, a3, 16
hart 3:       pc  =               32 (      20)
hart 0: 0048: 00460613      addi a2, a2, 4
hart 0:       a2  =                8 (       8)
hart 1: 0048: 00460613      addi a2, a2, 4
hart 1:       a2  =                8 (       8)
hart 2: 0048: 00460613      addi a2, a2, 4
hart 2:       a2  =                8 (       8)
hart 4: 0020: 00b62023      sw a1, 0(a2)
hart 4:       m[10008] =                3 (       3)
hart 0: 0052: fed61ae3      bne a2, a3, 40
hart 0:       pc  =               40 (      28)
hart 1: 0052: fed61ae3      bne a2, a3, 40
hart 1:       pc  =               40 (      28)
hart 2: 0052: fed61ae3      bne a2, a3, 40
hart 2:       pc  =               40 (      28)
hart 3: 0032: 00000593      li a1, 0
hart 3:       a1  =                0 (       0)
hart 4: 0024: 00460613      addi a2, a2, 4
hart 4:       a2  =               12 (       c)
hart 5: 0028: fed61ae3      bne a2, a3, 16
hart 5:       pc  =               16 (      10)
hart 6: 0028: fed61ae3      bne a2, a3, 16
hart 6:       pc  =               16 (      10)
hart 0: 0040: 00062703      lw a4, 0(a2)
hart 0:       a4  =                3 (       3)    (m[    8])
hart 1: 0040: 00062703      lw a4, 0(a2)
hart 1:       a4  =                3 (       3)    (m[ 4008])
hart 2: 0040: 00062703      lw a4, 0(a2)
hart 2:       a4  =                3 (       3)    (m[ 8008])
hart 3: 0036: 00000613      li a2, 0
hart 3:       a2  =                0 (       0)
hart 0: 0044: 00e50533      add a0, a0, a4
hart 0:       a0  =                6 (       6)
hart 1: 0044: 00e50533      add a0, a0, a4
hart 1:       a0  =                6 (       6)
hart 2: 0044: 00e50533      add a0, a0, a4
hart 2:       a0  =                6 (       6)
hart 3: 0040: 00062703      lw a4, 0(a2)
hart 3:       a4  =                1 (       1)    (m[ c000])
hart 0: 0048: 00460613      addi a2, a2, 4
hart 0:       a2  =               12 (       c)
hart 1: 0048: 00460613      addi a2, a2, 4
hart 1:       a2  =               12 (       c)
hart 2: 0048: 00460613      addi a2, a2, 4
hart 2:       a2  =               12 (       c)
hart 3: 0044: 00e50533      add a0, a0, a4
hart 3:       a0  =                1 (       1)
hart 0: 0052: fed61ae3      bne a2, a3, 40
hart 0:       pc  =               40 (      28)
hart 1: 0052: fed61ae3      bne a2, a3, 40
hart 1:       pc  =               40 (      28)
hart 2: 0052: fed61ae3      bne a2, a3, 40
hart 2:       pc  =               40 (      28)
hart 3: 0048: 00460613      addi a2, a2, 4
hart 3:       a2  =                4 (       4)
hart 4: 0028: fed61ae3      bne a2, a3, 16
hart 4:       pc  =               16 (      10)
hart 5: 0016: 00158593      addi a1, a1, 1
hart 5:       a1  =                3 (       3)
hart 6: 0016: 00158593      addi a1, a1, 1
hart 6:       a1  =                3 (       3)
hart 0: 0040: 00062703      lw a4, 0(a2)
hart 0:       a4  =                4 (       4)    (m[    c])
hart 1: 0040: 00062703      lw a4, 0(a2)
hart 1:       a4  =                4 (       4)    (m[ 400c])
hart 2: 0040: 00062703      lw a4, 0(a2)
hart 2:       a4  =                4 (       4)    (m[ 800c])
hart 3: 0052: fed61ae3      bne a2, a3, 40
hart 3:       pc  =               40 (      28)
hart 0: 0044: 00e50533      add a0, a0, a4
hart 0:       a0  =               10 (       a)
hart 1: 0044: 00e50533      add a0, a0, a4
hart 1:       a0  =               10 (       a)
hart 2: 0044: 00e50533      add a0, a0, a4
hart 2:       a0  =               10 (       a)
hart 4: 0016: 00158593      addi a1, a1, 1
hart 4:       a1  =                4 (       4)
hart 0: 0048: 00460613      addi a2, a2, 4
hart 0:       a2  =               16 (      10)
hart 1: 0048: 00460613      addi a2, a2, 4
hart 1:       a2  =               16 (      10)
hart 2: 0048: 00460613      addi a2, a2, 4
hart 2:       a2  =               16 (      10)
hart 3: 0040: 00062703      lw a4, 0(a2)
hart 3:       a4  =                2 (       2)    (m[ c004])
hart 0: 0052: fed61ae3      bne a2, a3, 40
hart 0:       pc  =               40 (      28)
hart 1: 0052: fed61ae3      bne a2, a3, 40
hart 1:       pc  =               40 (      28)
hart 2: 0052: fed61ae3      bne a2, a3, 40
hart 2:       pc  =               40 (      28)
hart 3: 0044: 00e50533      add a0, a0, a4
hart 3:       a0  =                3 (       3)
hart 4: 0020: 00b62023      sw a1, 0(a2)
hart 4:       m[1000c] =                4 (       4)
hart 5: 0020: 00b62023      sw a1, 0(a2)
hart 5:       m[14008] =                3 (       3)
hart 6: 0020: 00b62023      sw a1, 0(a2)
hart 6:       m[18008] =                3 (       3)
hart 0: 0040: 00062703      lw a4, 0(a2)
hart 0:       a4  =                5 (       5)    (m[   10])
hart 1: 0040: 00062703      lw a4, 0(a2)
hart 1:       a4  =                5 (       5)    (m[ 4010])
hart 2: 0040: 00062703      lw a4, 0(a2)
hart 2:       a4  =                5 (       5)    (m[ 8010])
hart 3: 0048: 00460613      addi a2, a2, 4
hart 3:       a2  =                8 (       8)
hart 0: 0044: 00e50533      add a0, a0, a4
hart 0:       a0  =               15 (       f)
hart 1: 0044: 00e50533      add a0, a0, a4
hart 1:       a0  =               15 (       f)
hart 2: 0044: 00e50533      add a0, a0, a4
hart 2:       a0  =               15 (       f)
hart 3: 0052: fed61ae3      bne a2, a3, 40
hart 3:       pc  =               40 (      28)
hart 0: 0048: 00460613      addi a2, a2, 4
hart 0:       a2  =               20 (      14)
hart 1: 0048: 00460613      addi a2, a2, 4
hart 1:       a2  =               20 (      14)
hart 2: 0048: 00460613      addi a2, a2, 4
hart 2:       a2  =               20 (      14)
hart 4: 0024: 00460613      addi a2, a2, 4
hart 4:       a2  =               16 (      10)
hart 0: 0052: fed61ae3      bne a2, a3, 40
hart 0:       pc  =               40 (      28)
hart 1: 0052: fed61ae3      bne a2, a3, 40
hart 1:       pc  =               40 (      28)
hart 2: 0052: fed61ae3      bne a2, a3, 40
hart 2:       pc  =               40 (      28)
hart 3: 0040: 00062703      lw a4, 0(a2)
hart 3:       a4  =                3 (       3)    (m[ c008])
hart 4: 0028: fed61ae3      bne a2, a3, 16
hart 4:       pc  =               16 (      10)
hart 5: 0024: 00460613      addi a2, a2, 4
hart 5:       a2  =               12 (       c)
hart 6: 0024: 00460613      addi a2, a2, 4
hart 6:       a2  =               12 (       c)
hart 0: 0040: 00062703      lw a4, 0(a2)
hart 0:       a4  =                6 (       6)    (m[   14])
hart 1: 0040: 00062703      lw a4, 0(a2)
hart 1:       a4  =                6 (       6)    (m[ 4014])
hart 2: 0040: 00062703      lw a4, 0(a2)
hart 2:       a4  =                6 (       6)    (m[ 8014])
hart 3: 0044: 00e50533      add a0, a0, a4
hart 3:       a0  =                6 (       6)
hart 0: 0044: 00e50533      add a0, a0, a4
hart 0:       a0  =               21 (      15)
hart 1: 0044: 00e50533      add a0, a0, a4
hart 1:       a0  =               21 (      15)
hart 2: 0044: 00e50533      add a0, a0, a4
hart 2:       a0  =               21 (      15)
hart 3: 0048: 00460613      addi a2, a2, 4
hart 3:       a2  =               12 (       c)
hart 0: 0048: 00460613      addi a2, a2, 4
hart 0:       a2  =               24 (      18)
hart 1: 0048: 00460613      addi a2, a2, 4
hart 1:       a2  =               24 (      18)
hart 2: 0048: 00460613      addi a2, a2, 4
hart 2:       a2  =               24 (      18)
hart 3: 0052: fed61ae3      bne a2, a3, 40
hart 3:       pc  =               40 (      28)
hart 0: 0052: fed61ae3      bne a2, a3, 40
hart 0:       pc  =               40 (      28)
hart 1: 0052: fed61ae3      bne a2, a3, 40
hart 1:       pc  =               40 (      28)
hart 2: 0052: fed61ae3      bne a2, a3, 40
hart 2:       pc  =               40 (      28)
hart 4: 0016: 00158593      addi a1, a1, 1
hart 4:       a1  =                5 (       5)
hart 5: 0028: fed61ae3      bne a2, a3, 16
hart 5:       pc  =               16 (      10)
hart 6: 0028: fed61ae3      bne a2, a3, 16
hart 6:       pc  =               16 (      10)
hart 3: 0040: 00062703      lw a4, 0(a2)
hart 3:       a4  =                4 (       4)    (m[ c00c])
hart 0: 0040: 00062703      lw a4, 0(a2)
hart 0:       a4  =                7 (       7)    (m[   18])
hart 1: 0040: 00062703      lw a4, 0(a2)
hart 1:       a4  =                7 (       7)    (m[ 4018])
hart 2: 0040: 00062703      lw a4, 0(a2)
hart 2:       a4  =                7 (       7)    (m[ 8018])
hart 3: 0044: 00e50533      add a0, a0, a4
hart 3:       a0  =               10 (       a)
hart 0: 0044: 00e50533      add a0, a0, a4
hart 0:       a0  =               28 (      1c)
hart 1: 0044: 00e50533      add a0, a0, a4
hart 1:       a0  =               28 (      1c)
hart 2: 0044: 00e50533      add a0, a0, a4
hart 2:       a0  =               28 (      1c)
hart 3: 0048: 00460613      addi a2, a2, 4
hart 3:       a2  =               16 (      10)
hart 0: 0048: 00460613      addi a2, a2, 4
hart 0:       a2  =               28 (      1c)
hart 1: 0048: 00460613      addi a2, a2, 4
hart 1:       a2  =               28 (      1c)
hart 2: 0048: 00460613      addi a2, a2, 4
hart 2:       a2  =               28 (      1c)
hart 3: 0052: fed61ae3      bne a2, a3, 40
hart 3:       pc  =               40 (      28)
hart 0: 0052: fed61ae3      bne a2, a3, 40
hart 0:       pc  =               40 (      28)
hart 1: 0052: fed61ae3      bne a2, a3, 40
hart 1:       pc  =               40 (      28)
hart 2: 0052: fed61ae3      bne a2, a3, 40
hart 2:       pc  =               40 (      28)
hart 4: 0020: 00b62023      sw a1, 0(a2)
hart 4:       m[10010] =                5 (       5)
hart 5: 0016: 00158593      addi a1, a1, 1
hart 5:       a1  =                4 (       4)
hart 6: 0016: 00158593      addi a1, a1, 1
hart 6:       a1  =                4 (       4)
hart 3: 0040: 00062703      lw a4, 0(a2)
hart 3:       a4  =                5 (       5)    (m[ c010])
hart 0: 0040: 00062703      lw a4, 0(a2)
hart 0:       a4  =                8 (       8)    (m[   1c])
hart 1: 0040: 00062703      lw a4, 0(a2)
hart 1:       a4  =                8 (       8)    (m[ 401c])
hart 2: 0040: 00062703      lw a4, 0(a2)
hart 2:       a4  =                8 (       8)    (m[ 801c])
hart 3: 0044: 00e50533      add a0, a0, a4
hart 3:       a0  =               15 (       f)
hart 0: 0044: 00e50533      add a0, a0, a4
hart 0:       a0  =               36 (      24)
hart 1: 0044: 00e50533      add a0, a0, a4
hart 1:       a0  =               36 (      24)
hart 2: 0044: 00e50533      add a0, a0, a4
hart 2:       a0  =               36 (      24)
hart 3: 0048: 00460613      addi a2, a2, 4
hart 3:       a2  =               20 (      14)
hart 0: 0048: 00460613      addi a2, a2, 4
hart 0:       a2  =               32 (      20)
hart 1: 0048: 00460613      addi a2, a2, 4
hart 1:       a2  =               32 (      20)
hart 2: 0048: 00460613      addi a2, a2, 4
hart 2:       a2  =               32 (      20)
hart 3: 0052: fed61ae3      bne a2, a3, 40
hart 3:       pc  =               40 (      28)
hart 0: 0052: fed61ae3      bne a2, a3, 40
hart 0:       pc  =               40 (      28)
hart 1: 0052: fed61ae3      bne a2, a3, 40
hart 1:       pc  =               40 (      28)
hart 2: 0052: fed61ae3      bne a2, a3, 40
hart 2:       pc  =               40 (      28)
hart 4: 0024: 00460613      addi a2, a2, 4
hart 4:       a2  =               20 (      14)
hart 5: 0020: 00b62023      sw a1, 0(a2)
hart 5:       m[1400c] =                4 (       4)
hart 6: 0020: 00b62023      sw a1, 0(a2)
hart 6:       m[1800c] =                4 (       4)
hart 3: 0040: 00062703      lw a4, 0(a2)
hart 3:       a4  =                6 (       6)    (m[ c014])
hart 0: 0040: 00062703      lw a4, 0(a2)
hart 0:       a4  =                9 (       9)    (m[   20])
hart 1: 0040: 00062703      lw a4, 0(a2)
hart 1:       a4  =                9 (       9)    (m[ 4020])
hart 2: 0040: 00062703      lw a4, 0(a2)
hart 2:       a4  =                9 (       9)    (m[ 8020])
hart 3: 0044: 00e50533      add a0, a0, a4
hart 3:       a0  =               21 (      15)
hart 0: 0044: 00e50533      add a0, a0, a4
hart 0:       a0  =               45 (      2d)
hart 1: 0044: 00e50533      add a0, a0, a4
hart 1:       a0  =               45 (      2d)
hart 2: 0044: 00e50533      add a0, a0, a4
hart 2:       a0  =               45 (      2d)
hart 3: 0048: 00460613      addi a2, a2, 4
hart 3:       a2  =               24 (      18)
hart 0: 0048: 00460613      addi a2, a2, 4
hart 0:       a2  =               36 (      24)
hart 1: 0048: 00460613      addi a2, a2, 4
hart 1:       a2  =               36 (      24)
hart 2: 0048: 00460613      addi a2, a2, 4
hart 2:       a2  =               36 (      24)
hart 3: 0052: fed61ae3      bne a2, a3, 40
hart 3:       pc  =               40 (      28)
hart 0: 0052: fed61ae3      bne a2, a3, 40
hart 0:       pc  =               40 (      28)
hart 1: 0052: fed61ae3      bne a2, a3, 40
hart 1:       pc  =               40 (      28)
hart 2: 0052: fed61ae3      bne a2, a3, 40
hart 2:       pc  =               40 (      28)
hart 4: 0028: fed61ae3      bne a2, a3, 16
hart 4:       pc  =               16 (      10)
hart 5: 0024: 00460613      addi a2, a2, 4
hart 5:       a2  =               16 (      10)
hart 6: 0024: 00460613      addi a2, a2, 4
hart 6:       a2  =               16 (      10)
hart 3: 0040: 00062703      lw a4, 0(a2)
hart 3:       a4  =                7 (       7)    (m[ c018])
hart 0: 0040: 00062703      lw a4, 0(a2)
hart 0:       a4  =               10 (       a)    (m[   24])
hart 1: 0040: 00062703      lw a4, 0(a2)
hart 1:       a4  =               10 (       a)    (m[ 4024])
hart 2: 0040: 00062703      lw a4, 0(a2)
hart 2:       a4  =               10 (       a)    (m[ 8024])
hart 3: 0044: 00e50533      add a0, a0, a4
hart 3:       a0  =               28 (      1c)
hart 0: 0044: 00e50533      add a0, a0, a4
hart 0:       a0  =               55 (      37)
hart 1: 0044: 00e50533      add a0, a0, a4
hart 1:       a0  =               55 (      37)
hart 2: 0044: 00e50533      add a0, a0, a4
hart 2:       a0  =               55 (      37)
hart 3: 0048: 00460613      addi a2, a2, 4
hart 3:       a2  =               28 (      1c)
hart 0: 0048: 00460613      addi a2, a2, 4
hart 0:       a2  =               40 (      28)
hart 1: 0048: 00460613      addi a2, a2, 4
hart 1:       a2  =               40 (      28)
hart 2: 0048: 00460613      addi a2, a2, 4
hart 2:       a2  =               40 (      28)
hart 3: 0052: fed61ae3      bne a2, a3, 40
hart 3:       pc  =               40 (      28)
hart 0: 0052: fed61ae3      bne a2, a3, 40
hart 0:       pc  =               56 (      38)
hart 1: 0052: fed61ae3      bne a2, a3, 40
hart 1:       pc  =               56 (      38)
hart 2: 0052: fed61ae3      bne a2, a3, 40
hart 2:       pc  =               56 (      38)
hart 4: 0016: 00158593      addi a1, a1, 1
hart 4:       a1  =                6 (       6)
hart 5: 0028: fed61ae3      bne a2, a3, 16
hart 5:       pc  =               16 (      10)
hart 6: 0028: fed61ae3      bne a2, a3, 16
hart 6:       pc  =               16 (      10)
hart 3: 0040: 00062703      lw a4, 0(a2)
hart 3:       a4  =                8 (       8)    (m[ c01c])
hart 0: 0056: 00a62223      sw a0, 4(a2)
hart 0:       m[   2c] =               55 (      37)
hart 1: 0056: 00a62223      sw a0, 4(a2)
hart 1:       m[ 402c] =               55 (      37)
hart 2: 0056: 00a62223      sw a0, 4(a2)
hart 2:       m[ 802c] =               55 (      37)
hart 3: 0044: 00e50533      add a0, a0, a4
hart 3:       a0  =               36 (      24)
hart 0: 0060: 00008067      ret
hart 0:       pc  =                0 (       0)
hart 1: 0060: 00008067      ret
hart 1:       pc  =                0 (       0)
hart 2: 0060: 00008067      ret
hart 2:       pc  =                0 (       0)
hart 3: 0048: 00460613      addi a2, a2, 4
hart 3:       a2  =               32 (      20)
hart 4: 0020: 00b62023      sw a1, 0(a2)
hart 4:       m[10014] =                6 (       6)
hart 5: 0016: 00158593      addi a1, a1, 1
hart 5:       a1  =                5 (       5)
hart 6: 0016: 00158593      addi a1, a1, 1
hart 6:       a1  =                5 (       5)
hart 3: 0052: fed61ae3      bne a2, a3, 40
hart 3:       pc  =               40 (      28)
hart 4: 0024: 00460613      addi a2, a2, 4
hart 4:       a2  =               24 (      18)
hart 5: 0020: 00b62023      sw a1, 0(a2)
hart 5:       m[14010] =                5 (       5)
hart 6: 0020: 00b62023      sw a1, 0(a2)
hart 6:       m[18010] =                5 (       5)
hart 7: 0000: 00000513      li a0, 0
hart 7:       a0  =                0 (       0)
hart 4: 0028: fed61ae3      bne a2, a3, 16
hart 4:       pc  =               16 (      10)
hart 5: 0024: 00460613      addi a2, a2, 4
hart 5:       a2  =               20 (      14)
hart 3: 0040: 00062703      lw a4, 0(a2)
hart 3:       a4  =                9 (       9)    (m[ c020])
hart 6: 0024: 00460613      addi a2, a2, 4
hart 6:       a2  =               20 (      14)
hart 7: 0004: 00000593      li a1, 0
hart 7:       a1  =                0 (       0)
hart 5: 0028: fed61ae3      bne a2, a3, 16
hart 5:       pc  =               16 (      10)
hart 3: 0044: 00e50533      add a0, a0, a4
hart 3:       a0  =               45 (      2d)
hart 4: 0016: 00158593      addi a1, a1, 1
hart 4:       a1  =                7 (       7)
hart 6: 0028: fed61ae3      bne a2, a3, 16
hart 6:       pc  =               16 (      10)
hart 7: 0008: 00000613      li a2, 0
hart 7:       a2  =                0 (       0)
hart 3: 0048: 00460613      addi a2, a2, 4
hart 3:       a2  =               36 (      24)
hart 4: 0020: 00b62023      sw a1, 0(a2)
hart 4:       m[10018] =                7 (       7)
hart 5: 0016: 00158593      addi a1, a1, 1
hart 5:       a1  =                6 (       6)
hart 7: 0012: 02860693      addi a3, a2, 40
hart 7:       a3  =               40 (      28)
hart 3: 0052: fed61ae3      bne a2, a3, 40
hart 3:       pc  =               40 (      28)
hart 4: 0024: 00460613      addi a2, a2, 4
hart 4:       a2  =               28 (      1c)
hart 5: 0020: 00b62023      sw a1, 0(a2)
hart 5:       m[14014] =                6 (       6)
hart 6: 0016: 00158593      addi a1, a1, 1
hart 6:       a1  =                6 (       6)
hart 7: 0016: 00158593      addi a1, a1, 1
hart 7:       a1  =                1 (       1)
hart 4: 0028: fed61ae3      bne a2, a3, 16
hart 4:       pc  =               16 (      10)
hart 5: 0024: 00460613      addi a2, a2, 4
hart 5:       a2  =               24 (      18)
hart 3: 0040: 00062703      lw a4, 0(a2)
hart 3:       a4  =               10 (       a)    (m[ c024])
hart 6: 0020: 00b62023      sw a1, 0(a2)
hart 6:       m[18014] =                6 (       6)
hart 7: 0020: 00b62023      sw a1, 0(a2)
hart 7:       m[1c000] =                1 (       1)
hart 5: 0028: fed61ae3      bne a2, a3, 16
hart 5:       pc  =               16 (      10)
hart 3: 0044: 00e50533      add a0, a0, a4
hart 3:       a0  =               55 (      37)
hart 4: 0016: 00158593      addi a1, a1, 1
hart 4:       a1  =                8 (       8)
hart 6: 0024: 00460613      addi a2, a2, 4
hart 6:       a2  =               24 (      18)
hart 7: 0024: 00460613      addi a2, a2, 4
hart 7:       a2  =                4 (       4)
hart 3: 0048: 00460613      addi a2, a2, 4
hart 3:       a2  =               40 (      28)
hart 4: 0020: 00b62023      sw a1, 0(a2)
hart 4:       m[1001c] =                8 (       8)
hart 5: 0016: 00158593      addi a1, a1, 1
hart 5:       a1  =                7 (       7)
hart 6: 0028: fed61ae3      bne a2, a3, 16
hart 6:       pc  =               16 (      10)
hart 3: 0052: fed61ae3      bne a2, a3, 40
hart 3:       pc  =               56 (      38)
hart 4: 0024: 00460613      addi a2, a2, 4
hart 4:       a2  =               32 (      20)
hart 5: 0020: 00b62023      sw a1, 0(a2)
hart 5:       m[14018] =                7 (       7)
hart 7: 0028: fed61ae3      bne a2, a3, 16
hart 7:       pc  =               16 (      10)
hart 5: 0024: 00460613      addi a2, a2, 4
hart 5:       a2  =               28 (      1c)
hart 4: 0028: fed61ae3      bne a2, a3, 16
hart 4:       pc  =               16 (      10)
hart 6: 0016: 00158593      addi a1, a1, 1
hart 6:       a1  =                7 (       7)
hart 3: 0056: 00a62223      sw a0, 4(a2)
hart 3:       m[ c02c] =               55 (      37)
hart 5: 0028: fed61ae3      bne a2, a3, 16
hart 5:       pc  =               16 (      10)
hart 7: 0016: 00158593      addi a1, a1, 1
hart 7:       a1  =                2 (       2)
hart 6: 0020: 00b62023      sw a1, 0(a2)
hart 6:       m[18018] =                7 (       7)
hart 3: 0060: 00008067      ret
hart 3:       pc  =                0 (       0)
hart 4: 0016: 00158593      addi a1, a1, 1
hart 4:       a1  =                9 (       9)
hart 6: 0024: 00460613      addi a2, a2, 4
hart 6:       a2  =               28 (      1c)
hart 7: 0020: 00b62023      sw a1, 0(a2)
hart 7:       m[1c004] =                2 (       2)
hart 5: 0016: 00158593      addi a1, a1, 1
hart 5:       a1  =                8 (       8)
hart 4: 0020: 00b62023      sw a1, 0(a2)
hart 4:       m[10020] =                9 (       9)
hart 6: 0028: fed61ae3      bne a2, a3, 16
hart 6:       pc  =               16 (      10)
hart 7: 0024: 00460613      addi a2, a2, 4
hart 7:       a2  =                8 (       8)
hart 5: 0020: 00b62023      sw a1, 0(a2)
hart 5:       m[1401c] =                8 (       8)
hart 4: 0024: 00460613      addi a2, a2, 4
hart 4:       a2  =               36 (      24)
hart 5: 0024: 00460613      addi a2, a2, 4
hart 5:       a2  =               32 (      20)
hart 7: 0028: fed61ae3      bne a2, a3, 16
hart 7:       pc  =               16 (      10)
hart 6: 0016: 00158593      addi a1, a1, 1
hart 6:       a1  =                8 (       8)
hart 4: 0028: fed61ae3      bne a2, a3, 16
hart 4:       pc  =               16 (      10)
hart 5: 0028: fed61ae3      bne a2, a3, 16
hart 5:       pc  =               16 (      10)
hart 7: 0016: 00158593      addi a1, a1, 1
hart 7:       a1  =                3 (       3)
hart 6: 0020: 00b62023      sw a1, 0(a2)
hart 6:       m[1801c] =                8 (       8)
hart 6: 0024: 00460613      addi a2, a2, 4
hart 6:       a2  =               32 (      20)
hart 7: 0020: 00b62023      sw a1, 0(a2)
hart 7:       m[1c008] =                3 (       3)
hart 4: 0016: 00158593      addi a1, a1, 1
hart 4:       a1  =               10 (       a)
hart 5: 0016: 00158593      addi a1, a1, 1
hart 5:       a1  =                9 (       9)
hart 7: 0024: 00460613      addi a2, a2, 4
hart 7:       a2  =               12 (       c)
hart 6: 0028: fed61ae3      bne a2, a3, 16
hart 6:       pc  =               16 (      10)
hart 4: 0020: 00b62023      sw a1, 0(a2)
hart 4:       m[10024] =               10 (       a)
hart 5: 0020: 00b62023      sw a1, 0(a2)
hart 5:       m[14020] =                9 (       9)
hart 7: 0028: fed61ae3      bne a2, a3, 16
hart 7:       pc  =               16 (      10)
hart 4: 0024: 00460613      addi a2, a2, 4
hart 4:       a2  =               40 (      28)
hart 5: 0024: 00460613      addi a2, a2, 4
hart 5:       a2  =               36 (      24)
hart 6: 0016: 00158593      addi a1, a1, 1
hart 6:       a1  =                9 (       9)
hart 4: 0028: fed61ae3      bne a2, a3, 16
hart 4:       pc  =               32 (      20)
hart 5: 0028: fed61ae3      bne a2, a3, 16
hart 5:       pc  =               16 (      10)
hart 6: 0020: 00b62023      sw a1, 0(a2)
hart 6:       m[18020] =                9 (       9)
hart 7: 0016: 00158593      addi a1, a1, 1
hart 7:       a1  =                4 (       4)
hart 6: 0024: 00460613      addi a2, a2, 4
hart 6:       a2  =               36 (      24)
hart 4: 0032: 00000593      li a1, 0
hart 4:       a1  =                0 (       0)
hart 5: 0016: 00158593      addi a1, a1, 1
hart 5:       a1  =               10 (       a)
hart 6: 0028: fed61ae3      bne a2, a3, 16
hart 6:       pc  =               16 (      10)
hart 4: 0036: 00000613      li a2, 0
hart 4:       a2  =                0 (       0)
hart 5: 0020: 00b62023      sw a1, 0(a2)
hart 5:       m[14024] =               10 (       a)
hart 7: 0020: 00b62023      sw a1, 0(a2)
hart 7:       m[1c00c] =                4 (       4)
hart 5: 0024: 00460613      addi a2, a2, 4
hart 5:       a2  =               40 (      28)
hart 4: 0040: 00062703      lw a4, 0(a2)
hart 4:       a4  =                1 (       1)    (m[10000])
hart 7: 0024: 00460613      addi a2, a2, 4
hart 7:       a2  =               16 (      10)
hart 6: 0016: 00158593      addi a1, a1, 1
hart 6:       a1  =               10 (       a)
hart 5: 0028: fed61ae3      bne a2, a3, 16
hart 5:       pc  =               32 (      20)
hart 4: 0044: 00e50533      add a0, a0, a4
hart 4:       a0  =                1 (       1)
hart 7: 0028: fed61ae3      bne a2, a3, 16
hart 7:       pc  =               16 (      10)
hart 6: 0020: 00b62023      sw a1, 0(a2)
hart 6:       m[18024] =               10 (       a)
hart 4: 0048: 00460613      addi a2, a2, 4
hart 4:       a2  =                4 (       4)
hart 6: 0024: 00460613      addi a2, a2, 4
hart 6:       a2  =               40 (      28)
hart 5: 0032: 00000593      li a1, 0
hart 5:       a1  =                0 (       0)
hart 4: 0052: fed61ae3      bne a2, a3, 40
hart 4:       pc  =               40 (      28)
hart 7: 0016: 00158593      addi a1, a1, 1
hart 7:       a1  =                5 (       5)
hart 6: 0028: fed61ae3      bne a2, a3, 16
hart 6:       pc  =               32 (      20)
hart 5: 0036: 00000613      li a2, 0
hart 5:       a2  =                0 (       0)
hart 7: 0020: 00b62023      sw a1, 0(a2)
hart 7:       m[1c010] =                5 (       5)
hart 4: 0040: 00062703      lw a4, 0(a2)
hart 4:       a4  =                2 (       2)    (m[10004])
hart 5: 0040: 00062703      lw a4, 0(a2)
hart 5:       a4  =                1 (       1)    (m[14000])
hart 7: 0024: 00460613      addi a2, a2, 4
hart 7:       a2  =               20 (      14)
hart 6: 0032: 00000593      li a1, 0
hart 6:       a1  =                0 (       0)
hart 4: 0044: 00e50533      add a0, a0, a4
hart 4:       a0  =                3 (       3)
hart 5: 0044: 00e50533      add a0, a0, a4
hart 5:       a0  =                1 (       1)
hart 7: 0028: fed61ae3      bne a2, a3, 16
hart 7:       pc  =               16 (      10)
hart 6: 0036: 00000613      li a2, 0
hart 6:       a2  =                0 (       0)
hart 5: 0048: 00460613      addi a2, a2, 4
hart 5:       a2  =                4 (       4)
hart 4: 0048: 00460613      addi a2, a2, 4
hart 4:       a2  =                8 (       8)
hart 6: 0040: 00062703      lw a4, 0(a2)
hart 6:       a4  =                1 (       1)    (m[18000])
hart 5: 0052: fed61ae3      bne a2, a3, 40
hart 5:       pc  =               40 (      28)
hart 4: 0052: fed61ae3      bne a2, a3, 40
hart 4:       pc  =               40 (      28)
hart 7: 0016: 00158593      addi a1, a1, 1
hart 7:       a1  =                6 (       6)
hart 6: 0044: 00e50533      add a0, a0, a4
hart 6:       a0  =                1 (       1)
hart 5: 0040: 00062703      lw a4, 0(a2)
hart 5:       a4  =                2 (       2)    (m[14004])
hart 7: 0020: 00b62023      sw a1, 0(a2)
hart 7:       m[1c014] =                6 (       6)
hart 4: 0040: 00062703      lw a4, 0(a2)
hart 4:       a4  =                3 (       3)    (m[10008])
hart 6: 0048: 00460613      addi a2, a2, 4
hart 6:       a2  =                4 (       4)
hart 5: 0044: 00e50533      add a0, a0, a4
hart 5:       a0  =                3 (       3)
hart 4: 0044: 00e50533      add a0, a0, a4
hart 4:       a0  =                6 (       6)
hart 5: 0048: 00460613      addi a2, a2, 4
hart 5:       a2  =                8 (       8)
hart 6: 0052: fed61ae3      bne a2, a3, 40
hart 6:       pc  =               40 (      28)
hart 4: 0048: 00460613      addi a2, a2, 4
hart 4:       a2  =               12 (       c)
hart 7: 0024: 00460613      addi a2, a2, 4
hart 7:       a2  =               24 (      18)
hart 5: 0052: fed61ae3      bne a2, a3, 40
hart 5:       pc  =               40 (      28)
hart 4: 0052: fed61ae3      bne a2, a3, 40
hart 4:       pc  =               40 (      28)
hart 6: 0040: 00062703      lw a4, 0(a2)
hart 6:       a4  =                2 (       2)    (m[18004])
hart 7: 0028: fed61ae3      bne a2, a3, 16
hart 7:       pc  =               16 (      10)
hart 5: 0040: 00062703      lw a4, 0(a2)
hart 5:       a4  =                3 (       3)    (m[14008])
hart 6: 0044: 00e50533      add a0, a0, a4
hart 6:       a0  =                3 (       3)
hart 4: 0040: 00062703      lw a4, 0(a2)
hart 4:       a4  =                4 (       4)    (m[1000c])
hart 6: 0048: 00460613      addi a2, a2, 4
hart 6:       a2  =                8 (       8)
hart 5: 0044: 00e50533      add a0, a0, a4
hart 5:       a0  =                6 (       6)
hart 7: 0016: 00158593      addi a1, a1, 1
hart 7:       a1  =                7 (       7)
hart 4: 0044: 00e50533      add a0, a0, a4
hart 4:       a0  =               10 (       a)
hart 5: 0048: 00460613      addi a2, a2, 4
hart 5:       a2  =               12 (       c)
hart 6: 0052: fed61ae3      bne a2, a3, 40
hart 6:       pc  =               40 (      28)
hart 7: 0020: 00b62023      sw a1, 0(a2)
hart 7:       m[1c018] =                7 (       7)
hart 4: 0048: 00460613      addi a2, a2, 4
hart 4:       a2  =               16 (      10)
hart 5: 0052: fed61ae3      bne a2, a3, 40
hart 5:       pc  =               40 (      28)
hart 7: 0024: 00460613      addi a2, a2, 4
hart 7:       a2  =               28 (      1c)
hart 6: 0040: 00062703      lw a4, 0(a2)
hart 6:       a4  =                3 (       3)    (m[18008])
hart 4: 0052: fed61ae3      bne a2, a3, 40
hart 4:       pc  =               40 (      28)
hart 7: 0028: fed61ae3      bne a2, a3, 16
hart 7:       pc  =               16 (      10)
hart 5: 0040: 00062703      lw a4, 0(a2)
hart 5:       a4  =                4 (       4)    (m[1400c])
hart 6: 0044: 00e50533      add a0, a0, a4
hart 6:       a0  =                6 (       6)
hart 4: 0040: 00062703      lw a4, 0(a2)
hart 4:       a4  =                5 (       5)    (m[10010])
hart 5: 0044: 00e50533      add a0, a0, a4
hart 5:       a0  =               10 (       a)
hart 6: 0048: 00460613      addi a2, a2, 4
hart 6:       a2  =               12 (       c)
hart 7: 0016: 00158593      addi a1, a1, 1
hart 7:       a1  =                8 (       8)
hart 4: 0044: 00e50533      add a0, a0, a4
hart 4:       a0  =               15 (       f)
hart 5: 0048: 00460613      addi a2, a2, 4
hart 5:       a2  =               16 (      10)
hart 6: 0052: fed61ae3      bne a2, a3, 40
hart 6:       pc  =               40 (      28)
hart 4: 0048: 00460613      addi a2, a2, 4
hart 4:       a2  =               20 (      14)
hart 7: 0020: 00b62023      sw a1, 0(a2)
hart 7:       m[1c01c] =                8 (       8)
hart 5: 0052: fed61ae3      bne a2, a3, 40
hart 5:       pc  =               40 (      28)
hart 7: 0024: 00460613      addi a2, a2, 4
hart 7:       a2  =               32 (      20)
hart 4: 0052: fed61ae3      bne a2, a3, 40
hart 4:       pc  =               40 (      28)
hart 6: 0040: 00062703      lw a4, 0(a2)
hart 6:       a4  =                4 (       4)    (m[1800c])
hart 7: 0028: fed61ae3      bne a2, a3, 16
hart 7:       pc  =               16 (      10)
hart 5: 0040: 00062703      lw a4, 0(a2)
hart 5:       a4  =                5 (       5)    (m[14010])
hart 6: 0044: 00e50533      add a0, a0, a4
hart 6:       a0  =               10 (       a)
hart 4: 0040: 00062703      lw a4, 0(a2)
hart 4:       a4  =                6 (       6)    (m[10014])
hart 6: 0048: 00460613      addi a2, a2, 4
hart 6:       a2  =               16 (      10)
hart 5: 0044: 00e50533      add a0, a0, a4
hart 5:       a0  =               15 (       f)
hart 7: 0016: 00158593      addi a1, a1, 1
hart 7:       a1  =                9 (       9)
hart 4: 0044: 00e50533      add a0, a0, a4
hart 4:       a0  =               21 (      15)
hart 5: 0048: 00460613      addi a2, a2, 4
hart 5:       a2  =               20 (      14)
hart 6: 0052: fed61ae3      bne a2, a3, 40
hart 6:       pc  =               40 (      28)
hart 4: 0048: 00460613      addi a2, a2, 4
hart 4:       a2  =               24 (      18)
hart 7: 0020: 00b62023      sw a1, 0(a2)
hart 7:       m[1c020] =                9 (       9)
hart 5: 0052: fed61ae3      bne a2, a3, 40
hart 5:       pc  =               40 (      28)
hart 7: 0024: 00460613      addi a2, a2, 4
hart 7:       a2  =               36 (      24)
hart 4: 0052: fed61ae3      bne a2, a3, 40
hart 4:       pc  =               40 (      28)
hart 6: 0040: 00062703      lw a4, 0(a2)
hart 6:       a4  =                5 (       5)    (m[18010])
hart 7: 0028: fed61ae3      bne a2, a3, 16
hart 7:       pc  =               16 (      10)
hart 5: 0040: 00062703      lw a4, 0(a2)
hart 5:       a4  =                6 (       6)    (m[14014])
hart 6: 0044: 00e50533      add a0, a0, a4
hart 6:       a0  =               15 (       f)
hart 4: 0040: 00062703      lw a4, 0(a2)
hart 4:       a4  =                7 (       7)    (m[10018])
hart 6: 0048: 00460613      addi a2, a2, 4
hart 6:       a2  =               20 (      14)
hart 5: 0044: 00e50533      add a0, a0, a4
hart 5:       a0  =               21 (      15)
hart 7: 0016: 00158593      addi a1, a1, 1
hart 7:       a1  =               10 (       a)
hart 4: 0044: 00e50533      add a0, a0, a4
hart 4:       a0  =               28 (      1c)
hart 5: 0048: 00460613      addi a2, a2, 4
hart 5:       a2  =               24 (      18)
hart 6: 0052: fed61ae3      bne a2, a3, 40
hart 6:       pc  =               40 (      28)
hart 4: 0048: 00460613      addi a2, a2, 4
hart 4:       a2  =               28 (      1c)
hart 7: 0020: 00b62023      sw a1, 0(a2)
hart 7:       m[1c024] =               10 (       a)
hart 5: 0052: fed61ae3      bne a2, a3, 40
hart 5:       pc  =               40 (      28)
hart 7: 0024: 00460613      addi a2, a2, 4
hart 7:       a2  =               40 (      28)
hart 4: 0052: fed61ae3      bne a2, a3, 40
hart 4:       pc  =               40 (      28)
hart 6: 0040: 00062703      lw a4, 0(a2)
hart 6:       a4  =                6 (       6)    (m[18014])
hart 7: 0028: fed61ae3      bne a2, a3, 16
hart 7:       pc  =               32 (      20)
hart 5: 0040: 00062703      lw a4, 0(a2)
hart 5:       a4  =                7 (       7)    (m[14018])
hart 6: 0044: 00e50533      add a0, a0, a4
hart 6:       a0  =               21 (      15)
hart 4: 0040: 00062703      lw a4, 0(a2)
hart 4:       a4  =                8 (       8)    (m[1001c])
hart 6: 0048: 00460613      addi a2, a2, 4
hart 6:       a2  =               24 (      18)
hart 5: 0044: 00e50533      add a0, a0, a4
hart 5:       a0  =               28 (      1c)
hart 7: 0032: 00000593      li a1, 0
hart 7:       a1  =                0 (       0)
hart 4: 0044: 00e50533      add a0, a0, a4
hart 4:       a0  =               36 (      24)
hart 5: 0048: 00460613      addi a2, a2, 4
hart 5:       a2  =               28 (      1c)
hart 6: 0052: fed61ae3      bne a2, a3, 40
hart 6:       pc  =               40 (      28)
hart 4: 0048: 00460613      addi a2, a2, 4
hart 4:       a2  =               32 (      20)
hart 7: 0036: 00000613      li a2, 0
hart 7:       a2  =                0 (       0)
hart 5: 0052: fed61ae3      bne a2, a3, 40
hart 5:       pc  =               40 (      28)
hart 4: 0052: fed61ae3      bne a2, a3, 40
hart 4:       pc  =               40 (      28)
hart 6: 0040: 00062703      lw a4, 0(a2)
hart 6:       a4  =                7 (       7)    (m[18018])
hart 7: 0040: 00062703      lw a4, 0(a2)
hart 7:       a4  =                1 (       1)    (m[1c000])
hart 5: 0040: 00062703      lw a4, 0(a2)
hart 5:       a4  =                8 (       8)    (m[1401c])
hart 6: 0044: 00e50533      add a0, a0, a4
hart 6:       a0  =               28 (      1c)
hart 4: 0040: 00062703      lw a4, 0(a2)
hart 4:       a4  =                9 (       9)    (m[10020])
hart 7: 0044: 00e50533      add a0, a0, a4
hart 7:       a0  =                1 (       1)
hart 5: 0044: 00e50533      add a0, a0, a4
hart 5:       a0  =               36 (      24)
hart 6: 0048: 00460613      addi a2, a2, 4
hart 6:       a2  =               28 (      1c)
hart 4: 0044: 00e50533      add a0, a0, a4
hart 4:       a0  =               45 (      2d)
hart 5: 0048: 00460613      addi a2, a2, 4
hart 5:       a2  =               32 (      20)
hart 7: 0048: 00460613      addi a2, a2, 4
hart 7:       a2  =                4 (       4)
hart 4: 0048: 00460613      addi a2, a2, 4
hart 4:       a2  =               36 (      24)
hart 6: 0052: fed61ae3      bne a2, a3, 40
hart 6:       pc  =               40 (      28)
hart 5: 0052: fed61ae3      bne a2, a3, 40
hart 5:       pc  =               40 (      28)
hart 7: 0052: fed61ae3      bne a2, a3, 40
hart 7:       pc  =               40 (      28)
hart 4: 0052: fed61ae3      bne a2, a3, 40
hart 4:       pc  =               40 (      28)
hart 6: 0040: 00062703      lw a4, 0(a2)
hart 6:       a4  =                8 (       8)    (m[1801c])
hart 5: 0040: 00062703      lw a4, 0(a2)
hart 5:       a4  =                9 (       9)    (m[14020])
hart 7: 0040: 00062703      lw a4, 0(a2)
hart 7:       a4  =                2 (       2)    (m[1c004])
hart 6: 0044: 00e50533      add a0, a0, a4
hart 6:       a0  =               36 (      24)
hart 4: 0040: 00062703      lw a4, 0(a2)
hart 4:       a4  =               10 (       a)    (m[10024])
hart 5: 0044: 00e50533      add a0, a0, a4
hart 5:       a0  =               45 (      2d)
hart 6: 0048: 00460613      addi a2, a2, 4
hart 6:       a2  =               32 (      20)
hart 5: 0048: 00460613      addi a2, a2, 4
hart 5:       a2  =               36 (      24)
hart 4: 0044: 00e50533      add a0, a0, a4
hart 4:       a0  =               55 (      37)
hart 6: 0052: fed61ae3      bne a2, a3, 40
hart 6:       pc  =               40 (      28)
hart 4: 0048: 00460613      addi a2, a2, 4
hart 4:       a2  =               40 (      28)
hart 5: 0052: fed61ae3      bne a2, a3, 40
hart 5:       pc  =               40 (      28)
hart 7: 0044: 00e50533      add a0, a0, a4
hart 7:       a0  =                3 (       3)
hart 4: 0052: fed61ae3      bne a2, a3, 40
hart 4:       pc  =               56 (      38)
hart 7: 0048: 00460613      addi a2, a2, 4
hart 7:       a2  =                8 (       8)
hart 6: 0040: 00062703      lw a4, 0(a2)
hart 6:       a4  =                9 (       9)    (m[18020])
hart 5: 0040: 00062703      lw a4, 0(a2)
hart 5:       a4  =               10 (       a)    (m[14024])
hart 7: 0052: fed61ae3      bne a2, a3, 40
hart 7:       pc  =               40 (      28)
hart 6: 0044: 00e50533      add a0, a0, a4
hart 6:       a0  =               45 (      2d)
hart 4: 0056: 00a62223      sw a0, 4(a2)
hart 4:       m[1002c] =               55 (      37)
hart 5: 0044: 00e50533      add a0, a0, a4
hart 5:       a0  =               55 (      37)
hart 6: 0048: 00460613      addi a2, a2, 4
hart 6:       a2  =               36 (      24)
hart 4: 0060: 00008067      ret
hart 4:       pc  =                0 (       0)
hart 5: 0048: 00460613      addi a2, a2, 4
hart 5:       a2  =               40 (      28)
hart 7: 0040: 00062703      lw a4, 0(a2)
hart 7:       a4  =                3 (       3)    (m[1c008])
hart 6: 0052: fed61ae3      bne a2, a3, 40
hart 6:       pc  =               40 (      28)
hart 5: 0052: fed61ae3      bne a2, a3, 40
hart 5:       pc  =               56 (      38)
hart 7: 0044: 00e50533      add a0, a0, a4
hart 7:       a0  =                6 (       6)
hart 6: 0040: 00062703      lw a4, 0(a2)
hart 6:       a4  =               10 (       a)    (m[18024])
hart 7: 0048: 00460613      addi a2, a2, 4
hart 7:       a2  =               12 (       c)
hart 5: 0056: 00a62223      sw a0, 4(a2)
hart 5:       m[1402c] =               55 (      37)
hart 6: 0044: 00e50533      add a0, a0, a4
hart 6:       a0  =               55 (      37)
hart 7: 0052: fed61ae3      bne a2, a3, 40
hart 7:       pc  =               40 (      28)
hart 6: 0048: 00460613      addi a2, a2, 4
hart 6:       a2  =               40 (      28)
hart 5: 0060: 00008067      ret
hart 5:       pc  =                0 (       0)
hart 7: 0040: 00062703      lw a4, 0(a2)
hart 7:       a4  =                4 (       4)    (m[1c00c])
hart 6: 0052: fed61ae3      bne a2, a3, 40
hart 6:       pc  =               56 (      38)
hart 7: 0044: 00e50533      add a0, a0, a4
hart 7:       a0  =               10 (       a)
hart 6: 0056: 00a62223      sw a0, 4(a2)
hart 6:       m[1802c] =               55 (      37)
hart 7: 0048: 00460613      addi a2, a2, 4
hart 7:       a2  =               16 (      10)
hart 6: 0060: 00008067      ret
hart 6:       pc  =                0 (       0)
hart 7: 0052: fed61ae3      bne a2, a3, 40
hart 7:       pc  =               40 (      28)
hart 7: 0040: 00062703      lw a4, 0(a2)
hart 7:       a4  =                5 (       5)    (m[1c010])
hart 7: 0044: 00e50533      add a0, a0, a4
hart 7:       a0  =               15 (       f)
hart 7: 0048: 00460613      addi a2, a2, 4
hart 7:       a2  =               20 (      14)
hart 7: 0052: fed61ae3      bne a2, a3, 40
hart 7:       pc  =               40 (      28)
hart 7: 0040: 00062703      lw a4, 0(a2)
hart 7:       a4  =                6 (       6)    (m[1c014])
hart 7: 0044: 00e50533      add a0, a0, a4
hart 7:       a0  =               21 (      15)
hart 7: 0048: 00460613      addi a2, a2, 4
hart 7:       a2  =               24 (      18)
hart 7: 0052: fed61ae3      bne a2, a3, 40
hart 7:       pc  =               40 (      28)
hart 7: 0040: 00062703      lw a4, 0(a2)
hart 7:       a4  =                7 (       7)    (m[1c018])
hart 7: 0044: 00e50533      add a0, a0, a4
hart 7:       a0  =               28 (      1c)
hart 7: 0048: 00460613      addi a2, a2, 4
hart 7:       a2  =               28 (      1c)
hart 7: 0052: fed61ae3      bne a2, a3, 40
hart 7:       pc  =               40 (      28)
hart 7: 0040: 00062703      lw a4, 0(a2)
hart 7:       a4  =                8 (       8)    (m[1c01c])
hart 7: 0044: 00e50533      add a0, a0, a4
hart 7:       a0  =               36 (      24)
hart 7: 0048: 00460613      addi a2, a2, 4
hart 7:       a2  =               32 (      20)
hart 7: 0052: fed61ae3      bne a2, a3, 40
hart 7:       pc  =               40 (      28)
hart 7: 0040: 00062703      lw a4, 0(a2)
hart 7:       a4  =                9 (       9)    (m[1c020])
hart 7: 0044: 00e50533      add a0, a0, a4
hart 7:       a0  =               45 (      2d)
hart 7: 0048: 00460613      addi a2, a2, 4
hart 7:       a2  =               36 (      24)
hart 7: 0052: fed61ae3      bne a2, a3, 40
hart 7:       pc  =               40 (      28)
hart 7: 0040: 00062703      lw a4, 0(a2)
hart 7:       a4  =               10 (       a)    (m[1c024])
hart 7: 0044: 00e50533      add a0, a0, a4
hart 7:       a0  =               55 (      37)
hart 7: 0048: 00460613      addi a2, a2, 4
hart 7:       a2  =               40 (      28)
hart 7: 0052: fed61ae3      bne a2, a3, 40
hart 7:       pc  =               56 (      38)
hart 7: 0056: 00a62223      sw a0, 4(a2)
hart 7:       m[1c02c] =               55 (      37)
hart 7: 0060: 00008067      ret
hart 7:       pc  =                0 (       0)
register file for hart 0
ra  =                0 (       0)
sp  =            16384 (    4000)
gp  =                0 (       0)
tp  =                0 (       0)
t0  =                0 (       0)
t1  =                0 (       0)
t2  =                0 (       0)
s0  =                0 (       0)
s1  =                0 (       0)
a0  =               55 (      37)
a1  =                0 (       0)
a2  =               40 (      28)
a3  =               40 (      28)
a4  =               10 (       a)
a5  =                0 (       0)
a6  =                0 (       0)
a7  =                0 (       0)
s2  =                0 (       0)
s3  =                0 (       0)
s4  =                0 (       0)
s5  =                0 (       0)
s6  =                0 (       0)
s7  =                0 (       0)
s8  =                0 (       0)
s9  =                0 (       0)
s10 =                0 (       0)
s11 =                0 (       0)
t3  =                0 (       0)
t4  =                0 (       0)
t5  =                0 (       0)
t6  =                0 (       0)
register file for hart 1
ra  =                0 (       0)
sp  =            16384 (    4000)
gp  =                0 (       0)
tp  =                0 (       0)
t0  =                0 (       0)
t1  =                0 (       0)
t2  =                0 (       0)
s0  =                0 (       0)
s1  =                0 (       0)
a0  =               55 (      37)
a1  =                0 (       0)
a2  =               40 (      28)
a3  =               40 (      28)
a4  =               10 (       a)
a5  =                0 (       0)
a6  =                0 (       0)
a7  =                0 (       0)
s2  =                0 (       0)
s3  =                0 (       0)
s4  =                0 (       0)
s5  =                0 (       0)
s6  =                0 (       0)
s7  =                0 (       0)
s8  =                0 (       0)
s9  =                0 (       0)
s10 =                0 (       0)
s11 =                0 (       0)
t3  =                0 (       0)
t4  =                0 (       0)
t5  =                0 (       0)
t6  =                0 (       0)
register file for hart 2
ra  =                0 (       0)
sp  =            16384 (    4000)
gp  =                0 (       0)
tp  =                0 (       0)
t0  =                0 (       0)
t1  =                0 (       0)
t2  =                0 (       0)
s0  =                0 (       0)
s1  =                0 (       0)
a0  =               55 (      37)
a1  =                0 (       0)
a2  =               40 (      28)
a3  =               40 (      28)
a4  =               10 (       a)
a5  =                0 (       0)
a6  =                0 (       0)
a7  =                0 (       0)
s2  =                0 (       0)
s3  =                0 (       0)
s4  =                0 (       0)
s5  =                0 (       0)
s6  =                0 (       0)
s7  =                0 (       0)
s8  =                0 (       0)
s9  =                0 (       0)
s10 =                0 (       0)
s11 =                0 (       0)
t3  =                0 (       0)
t4  =                0 (       0)
t5  =                0 (       0)
t6  =                0 (       0)
register file for hart 3
ra  =                0 (       0)
sp  =            16384 (    4000)
gp  =                0 (       0)
tp  =                0 (       0)
t0  =                0 (       0)
t1  =                0 (       0)
t2  =                0 (       0)
s0  =                0 (       0)
s1  =                0 (       0)
a0  =               55 (      37)
a1  =                0 (       0)
a2  =               40 (      28)
a3  =               40 (      28)
a4  =               10 (       a)
a5  =                0 (       0)
a6  =                0 (       0)
a7  =                0 (       0)
s2  =                0 (       0)
s3  =                0 (       0)
s4  =                0 (       0)
s5  =                0 (       0)
s6  =                0 (       0)
s7  =                0 (       0)
s8  =                0 (       0)
s9  =                0 (       0)
s10 =                0 (       0)
s11 =                0 (       0)
t3  =                0 (       0)
t4  =                0 (       0)
t5  =                0 (       0)
t6  =                0 (       0)
register file for hart 4
ra  =                0 (       0)
sp  =            16384 (    4000)
gp  =                0 (       0)
tp  =                0 (       0)
t0  =                0 (       0)
t1  =                0 (       0)
t2  =                0 (       0)
s0  =                0 (       0)
s1  =                0 (       0)
a0  =               55 (      37)
a1  =                0 (       0)
a2  =               40 (      28)
a3  =               40 (      28)
a4  =               10 (       a)
a5  =                0 (       0)
a6  =                0 (       0)
a7  =                0 (       0)
s2  =                0 (       0)
s3  =                0 (       0)
s4  =                0 (       0)
s5  =                0 (       0)
s6  =                0 (       0)
s7  =                0 (       0)
s8  =                0 (       0)
s9  =                0 (       0)
s10 =                0 (       0)
s11 =                0 (       0)
t3  =                0 (       0)
t4  =                0 (       0)
t5  =                0 (       0)
t6  =                0 (       0)
register file for hart 5
ra  =                0 (       0)
sp  =            16384 (    4000)
gp  =                0 (       0)
tp  =                0 (       0)
t0  =                0 (       0)
t1  =                0 (       0)
t2  =                0 (       0)
s0  =                0 (       0)
s1  =                0 (       0)
a0  =               55 (      37)
a1  =                0 (       0)
a2  =               40 (      28)
a3  =               40 (      28)
a4  =               10 (       a)
a5  =                0 (       0)
a6  =                0 (       0)
a7  =                0 (       0)
s2  =                0 (       0)
s3  =                0 (       0)
s4  =                0 (       0)
s5  =                0 (       0)
s6  =                0 (       0)
s7  =                0 (       0)
s8  =                0 (       0)
s9  =                0 (       0)
s10 =                0 (       0)
s11 =                0 (       0)
t3  =                0 (       0)
t4  =                0 (       0)
t5  =                0 (       0)
t6  =                0 (       0)
register file for hart 6
ra  =                0 (       0)
sp  =            16384 (    4000)
gp  =                0 (       0)
tp  =                0 (       0)
t0  =                0 (       0)
t1  =                0 (       0)
t2  =                0 (       0)
s0  =                0 (       0)
s1  =                0 (       0)
a0  =               55 (      37)
a1  =                0 (       0)
a2  =               40 (      28)
a3  =               40 (      28)
a4  =               10 (       a)
a5  =                0 (       0)
a6  =                0 (       0)
a7  =                0 (       0)
s2  =                0 (       0)
s3  =                0 (       0)
s4  =                0 (       0)
s5  =                0 (       0)
s6  =                0 (       0)
s7  =                0 (       0)
s8  =                0 (       0)
s9  =                0 (       0)
s10 =                0 (       0)
s11 =                0 (       0)
t3  =                0 (       0)
t4  =                0 (       0)
t5  =                0 (       0)
t6  =                0 (       0)
register file for hart 7
ra  =                0 (       0)
sp  =            16384 (    4000)
gp  =                0 (       0)
tp  =                0 (       0)
t0  =                0 (       0)
t1  =                0 (       0)
t2  =                0 (       0)
s0  =                0 (       0)
s1  =                0 (       0)
a0  =               55 (      37)
a1  =                0 (       0)
a2  =               40 (      28)
a3  =               40 (      28)
a4  =               10 (       a)
a5  =                0 (       0)
a6  =                0 (       0)
a7  =                0 (       0)
s2  =                0 (       0)
s3  =                0 (       0)
s4  =                0 (       0)
s5  =                0 (       0)
s6  =                0 (       0)
s7  =                0 (       0)
s8  =                0 (       0)
s9  =                0 (       0)
s10 =                0 (       0)
s11 =                0 (       0)
t3  =                0 (       0)
t4  =                0 (       0)
t5  =                0 (       0)
t6  =                0 (       0)
704 fetched and decoded instructions in 804 cycles (ipc = 0.88)
hart 0 data memory dump (non null words)
m[    0] =                1 (       1)
m[    4] =                2 (       2)
m[    8] =                3 (       3)
m[    c] =                4 (       4)
m[   10] =                5 (       5)
m[   14] =                6 (       6)
m[   18] =                7 (       7)
m[   1c] =                8 (       8)
m[   20] =                9 (       9)
m[   24] =               10 (       a)
m[   2c] =               55 (      37)
hart 1 data memory dump (non null words)
m[ 4000] =                1 (       1)
m[ 4004] =                2 (       2)
m[ 4008] =                3 (       3)
m[ 400c] =                4 (       4)
m[ 4010] =                5 (       5)
m[ 4014] =                6 (       6)
m[ 4018] =                7 (       7)
m[ 401c] =                8 (       8)
m[ 4020] =                9 (       9)
m[ 4024] =               10 (       a)
m[ 402c] =               55 (      37)
hart 2 data memory dump (non null words)
m[ 8000] =                1 (       1)
m[ 8004] =                2 (       2)
m[ 8008] =                3 (       3)
m[ 800c] =                4 (       4)
m[ 8010] =                5 (       5)
m[ 8014] =                6 (       6)
m[ 8018] =                7 (       7)
m[ 801c] =                8 (       8)
m[ 8020] =                9 (       9)
m[ 8024] =               10 (       a)
m[ 802c] =               55 (      37)
hart 3 data memory dump (non null words)
m[ c000] =                1 (       1)
m[ c004] =                2 (       2)
m[ c008] =                3 (       3)
m[ c00c] =                4 (       4)
m[ c010] =                5 (       5)
m[ c014] =                6 (       6)
m[ c018] =                7 (       7)
m[ c01c] =                8 (       8)
m[ c020] =                9 (       9)
m[ c024] =               10 (       a)
m[ c02c] =               55 (      37)
hart 4 data memory dump (non null words)
m[10000] =                1 (       1)
m[10004] =                2 (       2)
m[10008] =                3 (       3)
m[1000c] =                4 (       4)
m[10010] =                5 (       5)
m[10014] =                6 (       6)
m[10018] =                7 (       7)
m[1001c] =                8 (       8)
m[10020] =                9 (       9)
m[10024] =               10 (       a)
m[1002c] =               55 (      37)
hart 5 data memory dump (non null words)
m[14000] =                1 (       1)
m[14004] =                2 (       2)
m[14008] =                3 (       3)
m[1400c] =                4 (       4)
m[14010] =                5 (       5)
m[14014] =                6 (       6)
m[14018] =                7 (       7)
m[1401c] =                8 (       8)
m[14020] =                9 (       9)
m[14024] =               10 (       a)
m[1402c] =               55 (      37)
hart 6 data memory dump (non null words)
m[18000] =                1 (       1)
m[18004] =                2 (       2)
m[18008] =                3 (       3)
m[1800c] =                4 (       4)
m[18010] =                5 (       5)
m[18014] =                6 (       6)
m[18018] =                7 (       7)
m[1801c] =                8 (       8)
m[18020] =                9 (       9)
m[18024] =               10 (       a)
m[1802c] =               55 (      37)
hart 7 data memory dump (non null words)
m[1c000] =                1 (       1)
m[1c004] =                2 (       2)
m[1c008] =                3 (       3)
m[1c00c] =                4 (       4)
m[1c010] =                5 (       5)
m[1c014] =                6 (       6)
m[1c018] =                7 (       7)
m[1c01c] =                8 (       8)
m[1c020] =                9 (       9)
m[1c024] =               10 (       a)
m[1c02c] =               55 (      37)
INFO: [SIM 211-1] CSim done with 0 errors.
INFO: [SIM 211-3] *************** CSIM finish ***************
INFO: [HLS 200-112] Total CPU user time: 25.53 seconds. Total CPU system time: 1.57 seconds. Total elapsed time: 26.86 seconds; peak allocated memory: 340.160 MB.
INFO: [vitis-run 60-791] Total elapsed time: 0h 0m 30s
