INFO: [vitis-run 60-1548] Creating build summary session with primary output /home/goossens/goossens-book-ip-projects/2024.1/multihart_2h_ip/workspace_seq/hls_component/multihart_ip/multihart_ip.hlsrun_csim_summary, at Sun Sep  8 17:10:49 2024
INFO: [vitis-run 82-31] Launching vitis_hls: vitis_hls -nolog -run csim -work_dir /home/goossens/goossens-book-ip-projects/2024.1/multihart_2h_ip/workspace_seq/hls_component/multihart_ip -config /home/goossens/goossens-book-ip-projects/2024.1/multihart_2h_ip/workspace_seq/hls_component/hls_config.cfg -cmdlineconfig /home/goossens/goossens-book-ip-projects/2024.1/multihart_2h_ip/workspace_seq/hls_component/multihart_ip/hls/config.cmdline

****** Vitis HLS - High-Level Synthesis from C, C++ and OpenCL v2024.1 (64-bit)
  **** SW Build 5069499 on May 21 2024
  **** IP Build 5075265 on Wed May 22 21:45:21 MDT 2024
  **** SharedData Build 5076995 on Wed May 22 18:29:18 MDT 2024
  **** Start of session at: Sun Sep  8 17:10:51 2024
    ** Copyright 1986-2022 Xilinx, Inc. All Rights Reserved.
    ** Copyright 2022-2024 Advanced Micro Devices, Inc. All Rights Reserved.

source /opt/Xilinx/Vitis_HLS/2024.1/scripts/vitis_hls/hls.tcl -notrace
INFO: [HLS 200-10] For user 'goossens' on host 'goossens-Precision-5530' (Linux_x86_64 version 6.8.0-40-generic) on Sun Sep 08 17:10:52 CEST 2024
INFO: [HLS 200-10] On os Ubuntu 22.04.4 LTS
INFO: [HLS 200-10] In directory '/home/goossens/goossens-book-ip-projects/2024.1/multihart_2h_ip/workspace_seq/hls_component'
INFO: [HLS 200-2005] Using work_dir /home/goossens/goossens-book-ip-projects/2024.1/multihart_2h_ip/workspace_seq/hls_component/multihart_ip 
INFO: [HLS 200-1505] Using default flow_target 'vivado'
Resolution: For help on HLS 200-1505 see docs.xilinx.com/access/sources/dita/topic?Doc_Version=2024.1%20English&url=ug1448-hls-guidance&resourceid=200-1505.html
INFO: [HLS 200-1465] Applying ini 'syn.file=/home/goossens/goossens-book-ip-projects/2024.1/multihart_2h_ip/compute.cpp' from /home/goossens/goossens-book-ip-projects/2024.1/multihart_2h_ip/workspace_seq/hls_component/hls_config.cfg(6)
INFO: [HLS 200-10] Adding design file '/home/goossens/goossens-book-ip-projects/2024.1/multihart_2h_ip/compute.cpp' to the project
INFO: [HLS 200-1465] Applying ini 'syn.file=/home/goossens/goossens-book-ip-projects/2024.1/multihart_2h_ip/decode.cpp' from /home/goossens/goossens-book-ip-projects/2024.1/multihart_2h_ip/workspace_seq/hls_component/hls_config.cfg(7)
INFO: [HLS 200-10] Adding design file '/home/goossens/goossens-book-ip-projects/2024.1/multihart_2h_ip/decode.cpp' to the project
INFO: [HLS 200-1465] Applying ini 'syn.file=/home/goossens/goossens-book-ip-projects/2024.1/multihart_2h_ip/disassemble.cpp' from /home/goossens/goossens-book-ip-projects/2024.1/multihart_2h_ip/workspace_seq/hls_component/hls_config.cfg(8)
INFO: [HLS 200-10] Adding design file '/home/goossens/goossens-book-ip-projects/2024.1/multihart_2h_ip/disassemble.cpp' to the project
INFO: [HLS 200-1465] Applying ini 'syn.file=/home/goossens/goossens-book-ip-projects/2024.1/multihart_2h_ip/emulate.cpp' from /home/goossens/goossens-book-ip-projects/2024.1/multihart_2h_ip/workspace_seq/hls_component/hls_config.cfg(9)
INFO: [HLS 200-10] Adding design file '/home/goossens/goossens-book-ip-projects/2024.1/multihart_2h_ip/emulate.cpp' to the project
INFO: [HLS 200-1465] Applying ini 'syn.file=/home/goossens/goossens-book-ip-projects/2024.1/multihart_2h_ip/execute.cpp' from /home/goossens/goossens-book-ip-projects/2024.1/multihart_2h_ip/workspace_seq/hls_component/hls_config.cfg(10)
INFO: [HLS 200-10] Adding design file '/home/goossens/goossens-book-ip-projects/2024.1/multihart_2h_ip/execute.cpp' to the project
INFO: [HLS 200-1465] Applying ini 'syn.file=/home/goossens/goossens-book-ip-projects/2024.1/multihart_2h_ip/fetch.cpp' from /home/goossens/goossens-book-ip-projects/2024.1/multihart_2h_ip/workspace_seq/hls_component/hls_config.cfg(11)
INFO: [HLS 200-10] Adding design file '/home/goossens/goossens-book-ip-projects/2024.1/multihart_2h_ip/fetch.cpp' to the project
INFO: [HLS 200-1465] Applying ini 'syn.file=/home/goossens/goossens-book-ip-projects/2024.1/multihart_2h_ip/immediate.cpp' from /home/goossens/goossens-book-ip-projects/2024.1/multihart_2h_ip/workspace_seq/hls_component/hls_config.cfg(12)
INFO: [HLS 200-10] Adding design file '/home/goossens/goossens-book-ip-projects/2024.1/multihart_2h_ip/immediate.cpp' to the project
INFO: [HLS 200-1465] Applying ini 'syn.file=/home/goossens/goossens-book-ip-projects/2024.1/multihart_2h_ip/issue.cpp' from /home/goossens/goossens-book-ip-projects/2024.1/multihart_2h_ip/workspace_seq/hls_component/hls_config.cfg(13)
INFO: [HLS 200-10] Adding design file '/home/goossens/goossens-book-ip-projects/2024.1/multihart_2h_ip/issue.cpp' to the project
INFO: [HLS 200-1465] Applying ini 'syn.file=/home/goossens/goossens-book-ip-projects/2024.1/multihart_2h_ip/mem.cpp' from /home/goossens/goossens-book-ip-projects/2024.1/multihart_2h_ip/workspace_seq/hls_component/hls_config.cfg(14)
INFO: [HLS 200-10] Adding design file '/home/goossens/goossens-book-ip-projects/2024.1/multihart_2h_ip/mem.cpp' to the project
INFO: [HLS 200-1465] Applying ini 'syn.file=/home/goossens/goossens-book-ip-projects/2024.1/multihart_2h_ip/mem_access.cpp' from /home/goossens/goossens-book-ip-projects/2024.1/multihart_2h_ip/workspace_seq/hls_component/hls_config.cfg(15)
INFO: [HLS 200-10] Adding design file '/home/goossens/goossens-book-ip-projects/2024.1/multihart_2h_ip/mem_access.cpp' to the project
INFO: [HLS 200-1465] Applying ini 'syn.file=/home/goossens/goossens-book-ip-projects/2024.1/multihart_2h_ip/multihart_ip.cpp' from /home/goossens/goossens-book-ip-projects/2024.1/multihart_2h_ip/workspace_seq/hls_component/hls_config.cfg(16)
INFO: [HLS 200-10] Adding design file '/home/goossens/goossens-book-ip-projects/2024.1/multihart_2h_ip/multihart_ip.cpp' to the project
INFO: [HLS 200-1465] Applying ini 'syn.file=/home/goossens/goossens-book-ip-projects/2024.1/multihart_2h_ip/new_cycle.cpp' from /home/goossens/goossens-book-ip-projects/2024.1/multihart_2h_ip/workspace_seq/hls_component/hls_config.cfg(17)
INFO: [HLS 200-10] Adding design file '/home/goossens/goossens-book-ip-projects/2024.1/multihart_2h_ip/new_cycle.cpp' to the project
INFO: [HLS 200-1465] Applying ini 'syn.file=/home/goossens/goossens-book-ip-projects/2024.1/multihart_2h_ip/print.cpp' from /home/goossens/goossens-book-ip-projects/2024.1/multihart_2h_ip/workspace_seq/hls_component/hls_config.cfg(18)
INFO: [HLS 200-10] Adding design file '/home/goossens/goossens-book-ip-projects/2024.1/multihart_2h_ip/print.cpp' to the project
INFO: [HLS 200-1465] Applying ini 'syn.file=/home/goossens/goossens-book-ip-projects/2024.1/multihart_2h_ip/type.cpp' from /home/goossens/goossens-book-ip-projects/2024.1/multihart_2h_ip/workspace_seq/hls_component/hls_config.cfg(19)
INFO: [HLS 200-10] Adding design file '/home/goossens/goossens-book-ip-projects/2024.1/multihart_2h_ip/type.cpp' to the project
INFO: [HLS 200-1465] Applying ini 'syn.file=/home/goossens/goossens-book-ip-projects/2024.1/multihart_2h_ip/wb.cpp' from /home/goossens/goossens-book-ip-projects/2024.1/multihart_2h_ip/workspace_seq/hls_component/hls_config.cfg(20)
INFO: [HLS 200-10] Adding design file '/home/goossens/goossens-book-ip-projects/2024.1/multihart_2h_ip/wb.cpp' to the project
INFO: [HLS 200-1465] Applying ini 'tb.file=/home/goossens/goossens-book-ip-projects/2024.1/multihart_2h_ip/testbench_seq_multihart_ip.cpp' from /home/goossens/goossens-book-ip-projects/2024.1/multihart_2h_ip/workspace_seq/hls_component/hls_config.cfg(22)
INFO: [HLS 200-10] Adding test bench file '/home/goossens/goossens-book-ip-projects/2024.1/multihart_2h_ip/testbench_seq_multihart_ip.cpp' to the project
INFO: [HLS 200-1465] Applying ini 'syn.top=multihart_ip' from /home/goossens/goossens-book-ip-projects/2024.1/multihart_2h_ip/workspace_seq/hls_component/hls_config.cfg(21)
INFO: [HLS 200-1465] Applying ini 'flow_target=vivado' from /home/goossens/goossens-book-ip-projects/2024.1/multihart_2h_ip/workspace_seq/hls_component/hls_config.cfg(5)
INFO: [HLS 200-1505] Using flow_target 'vivado'
Resolution: For help on HLS 200-1505 see docs.xilinx.com/access/sources/dita/topic?Doc_Version=2024.1%20English&url=ug1448-hls-guidance&resourceid=200-1505.html
INFO: [HLS 200-1465] Applying ini 'part=xc7z020clg400-1' from /home/goossens/goossens-book-ip-projects/2024.1/multihart_2h_ip/workspace_seq/hls_component/hls_config.cfg(1)
INFO: [HLS 200-1611] Setting target device to 'xc7z020-clg400-1'
INFO: [HLS 200-1465] Applying ini 'clock=10ns' from /home/goossens/goossens-book-ip-projects/2024.1/multihart_2h_ip/workspace_seq/hls_component/hls_config.cfg(4)
INFO: [SYN 201-201] Setting up clock 'default' with a period of 10ns.
INFO: [HLS 200-1465] Applying ini 'package.output.format=ip_catalog' from /home/goossens/goossens-book-ip-projects/2024.1/multihart_2h_ip/workspace_seq/hls_component/hls_config.cfg(23)
INFO: [HLS 200-1465] Applying ini 'vivado.rtl=verilog' from /home/goossens/goossens-book-ip-projects/2024.1/multihart_2h_ip/workspace_seq/hls_component/hls_config.cfg(24)
INFO: [SIM 211-2] *************** CSIM start ***************
INFO: [SIM 211-4] CSIM will launch CLANG as the compiler.
INFO: [HLS 200-2036] Building debug C Simulation binaries
   Compiling ../../../../../../testbench_seq_multihart_ip.cpp in debug mode
   Compiling ../../../../../../wb.cpp in debug mode
   Compiling ../../../../../../type.cpp in debug mode
   Compiling ../../../../../../print.cpp in debug mode
   Compiling ../../../../../../new_cycle.cpp in debug mode
   Compiling ../../../../../../multihart_ip.cpp in debug mode
   Compiling ../../../../../../mem_access.cpp in debug mode
   Compiling ../../../../../../mem.cpp in debug mode
   Compiling ../../../../../../issue.cpp in debug mode
   Compiling ../../../../../../immediate.cpp in debug mode
   Compiling ../../../../../../fetch.cpp in debug mode
   Compiling ../../../../../../execute.cpp in debug mode
   Compiling ../../../../../../emulate.cpp in debug mode
   Compiling ../../../../../../disassemble.cpp in debug mode
   Compiling ../../../../../../decode.cpp in debug mode
   Compiling ../../../../../../compute.cpp in debug mode
   Generating csim.exe
../../../../../../disassemble.cpp:79:26: warning: format specifies type 'int' but the argument has type 'func3_t' (aka 'ap_uint<3>') [-Wformat]
        printf("%d", d_i.func3);
                ~~       ^~~~~
../../../../../../disassemble.cpp:99:20: warning: format specifies type 'int' but the argument has type 'unsigned long' [-Wformat]
      printf("%d", ((int)pc+((int)(d_i.imm>>1)))*
              ~~   ^~~~~~~~~~~~~~~~~~~~~~~~~~~~~~
              %lu
../../../../../../disassemble.cpp:121:20: warning: format specifies type 'int' but the argument has type 'unsigned long' [-Wformat]
      printf("%d", ((int)pc+((int)(d_i.imm>>1)))*
              ~~   ^~~~~~~~~~~~~~~~~~~~~~~~~~~~~~
              %lu
3 warnings generated.
hart 0: 0000: 00000513      li a0, 0
hart 0:       a0  =                0 (       0)
hart 1: 0000: 00000513      li a0, 0
hart 1:       a0  =                0 (       0)
hart 0: 0004: 00000593      li a1, 0
hart 0:       a1  =                0 (       0)
hart 1: 0004: 00000593      li a1, 0
hart 1:       a1  =                0 (       0)
hart 0: 0008: 00000613      li a2, 0
hart 0:       a2  =                0 (       0)
hart 1: 0008: 00000613      li a2, 0
hart 1:       a2  =                0 (       0)
hart 0: 0012: 02860693      addi a3, a2, 40
hart 0:       a3  =               40 (      28)
hart 1: 0012: 02860693      addi a3, a2, 40
hart 1:       a3  =               40 (      28)
hart 0: 0016: 00158593      addi a1, a1, 1
hart 0:       a1  =                1 (       1)
hart 1: 0016: 00158593      addi a1, a1, 1
hart 1:       a1  =                1 (       1)
hart 0: 0020: 00b62023      sw a1, 0(a2)
hart 0:       m[    0] =                1 (       1)
hart 1: 0020: 00b62023      sw a1, 0(a2)
hart 1:       m[10000] =                1 (       1)
hart 0: 0024: 00460613      addi a2, a2, 4
hart 0:       a2  =                4 (       4)
hart 1: 0024: 00460613      addi a2, a2, 4
hart 1:       a2  =                4 (       4)
hart 0: 0028: fed61ae3      bne a2, a3, 16
hart 0:       pc  =               16 (      10)
hart 1: 0028: fed61ae3      bne a2, a3, 16
hart 1:       pc  =               16 (      10)
hart 0: 0016: 00158593      addi a1, a1, 1
hart 0:       a1  =                2 (       2)
hart 1: 0016: 00158593      addi a1, a1, 1
hart 1:       a1  =                2 (       2)
hart 0: 0020: 00b62023      sw a1, 0(a2)
hart 0:       m[    4] =                2 (       2)
hart 1: 0020: 00b62023      sw a1, 0(a2)
hart 1:       m[10004] =                2 (       2)
hart 0: 0024: 00460613      addi a2, a2, 4
hart 0:       a2  =                8 (       8)
hart 1: 0024: 00460613      addi a2, a2, 4
hart 1:       a2  =                8 (       8)
hart 0: 0028: fed61ae3      bne a2, a3, 16
hart 0:       pc  =               16 (      10)
hart 1: 0028: fed61ae3      bne a2, a3, 16
hart 1:       pc  =               16 (      10)
hart 0: 0016: 00158593      addi a1, a1, 1
hart 0:       a1  =                3 (       3)
hart 1: 0016: 00158593      addi a1, a1, 1
hart 1:       a1  =                3 (       3)
hart 0: 0020: 00b62023      sw a1, 0(a2)
hart 0:       m[    8] =                3 (       3)
hart 1: 0020: 00b62023      sw a1, 0(a2)
hart 1:       m[10008] =                3 (       3)
hart 0: 0024: 00460613      addi a2, a2, 4
hart 0:       a2  =               12 (       c)
hart 1: 0024: 00460613      addi a2, a2, 4
hart 1:       a2  =               12 (       c)
hart 0: 0028: fed61ae3      bne a2, a3, 16
hart 0:       pc  =               16 (      10)
hart 1: 0028: fed61ae3      bne a2, a3, 16
hart 1:       pc  =               16 (      10)
hart 0: 0016: 00158593      addi a1, a1, 1
hart 0:       a1  =                4 (       4)
hart 1: 0016: 00158593      addi a1, a1, 1
hart 1:       a1  =                4 (       4)
hart 0: 0020: 00b62023      sw a1, 0(a2)
hart 0:       m[    c] =                4 (       4)
hart 1: 0020: 00b62023      sw a1, 0(a2)
hart 1:       m[1000c] =                4 (       4)
hart 0: 0024: 00460613      addi a2, a2, 4
hart 0:       a2  =               16 (      10)
hart 1: 0024: 00460613      addi a2, a2, 4
hart 1:       a2  =               16 (      10)
hart 0: 0028: fed61ae3      bne a2, a3, 16
hart 0:       pc  =               16 (      10)
hart 1: 0028: fed61ae3      bne a2, a3, 16
hart 1:       pc  =               16 (      10)
hart 0: 0016: 00158593      addi a1, a1, 1
hart 0:       a1  =                5 (       5)
hart 1: 0016: 00158593      addi a1, a1, 1
hart 1:       a1  =                5 (       5)
hart 0: 0020: 00b62023      sw a1, 0(a2)
hart 0:       m[   10] =                5 (       5)
hart 1: 0020: 00b62023      sw a1, 0(a2)
hart 1:       m[10010] =                5 (       5)
hart 0: 0024: 00460613      addi a2, a2, 4
hart 0:       a2  =               20 (      14)
hart 1: 0024: 00460613      addi a2, a2, 4
hart 1:       a2  =               20 (      14)
hart 0: 0028: fed61ae3      bne a2, a3, 16
hart 0:       pc  =               16 (      10)
hart 1: 0028: fed61ae3      bne a2, a3, 16
hart 1:       pc  =               16 (      10)
hart 0: 0016: 00158593      addi a1, a1, 1
hart 0:       a1  =                6 (       6)
hart 1: 0016: 00158593      addi a1, a1, 1
hart 1:       a1  =                6 (       6)
hart 0: 0020: 00b62023      sw a1, 0(a2)
hart 0:       m[   14] =                6 (       6)
hart 1: 0020: 00b62023      sw a1, 0(a2)
hart 1:       m[10014] =                6 (       6)
hart 0: 0024: 00460613      addi a2, a2, 4
hart 0:       a2  =               24 (      18)
hart 1: 0024: 00460613      addi a2, a2, 4
hart 1:       a2  =               24 (      18)
hart 0: 0028: fed61ae3      bne a2, a3, 16
hart 0:       pc  =               16 (      10)
hart 1: 0028: fed61ae3      bne a2, a3, 16
hart 1:       pc  =               16 (      10)
hart 0: 0016: 00158593      addi a1, a1, 1
hart 0:       a1  =                7 (       7)
hart 1: 0016: 00158593      addi a1, a1, 1
hart 1:       a1  =                7 (       7)
hart 0: 0020: 00b62023      sw a1, 0(a2)
hart 0:       m[   18] =                7 (       7)
hart 1: 0020: 00b62023      sw a1, 0(a2)
hart 1:       m[10018] =                7 (       7)
hart 0: 0024: 00460613      addi a2, a2, 4
hart 0:       a2  =               28 (      1c)
hart 1: 0024: 00460613      addi a2, a2, 4
hart 1:       a2  =               28 (      1c)
hart 0: 0028: fed61ae3      bne a2, a3, 16
hart 0:       pc  =               16 (      10)
hart 1: 0028: fed61ae3      bne a2, a3, 16
hart 1:       pc  =               16 (      10)
hart 0: 0016: 00158593      addi a1, a1, 1
hart 0:       a1  =                8 (       8)
hart 1: 0016: 00158593      addi a1, a1, 1
hart 1:       a1  =                8 (       8)
hart 0: 0020: 00b62023      sw a1, 0(a2)
hart 0:       m[   1c] =                8 (       8)
hart 1: 0020: 00b62023      sw a1, 0(a2)
hart 1:       m[1001c] =                8 (       8)
hart 0: 0024: 00460613      addi a2, a2, 4
hart 0:       a2  =               32 (      20)
hart 1: 0024: 00460613      addi a2, a2, 4
hart 1:       a2  =               32 (      20)
hart 0: 0028: fed61ae3      bne a2, a3, 16
hart 0:       pc  =               16 (      10)
hart 1: 0028: fed61ae3      bne a2, a3, 16
hart 1:       pc  =               16 (      10)
hart 0: 0016: 00158593      addi a1, a1, 1
hart 0:       a1  =                9 (       9)
hart 1: 0016: 00158593      addi a1, a1, 1
hart 1:       a1  =                9 (       9)
hart 0: 0020: 00b62023      sw a1, 0(a2)
hart 0:       m[   20] =                9 (       9)
hart 1: 0020: 00b62023      sw a1, 0(a2)
hart 1:       m[10020] =                9 (       9)
hart 0: 0024: 00460613      addi a2, a2, 4
hart 0:       a2  =               36 (      24)
hart 1: 0024: 00460613      addi a2, a2, 4
hart 1:       a2  =               36 (      24)
hart 0: 0028: fed61ae3      bne a2, a3, 16
hart 0:       pc  =               16 (      10)
hart 1: 0028: fed61ae3      bne a2, a3, 16
hart 1:       pc  =               16 (      10)
hart 0: 0016: 00158593      addi a1, a1, 1
hart 0:       a1  =               10 (       a)
hart 1: 0016: 00158593      addi a1, a1, 1
hart 1:       a1  =               10 (       a)
hart 0: 0020: 00b62023      sw a1, 0(a2)
hart 0:       m[   24] =               10 (       a)
hart 1: 0020: 00b62023      sw a1, 0(a2)
hart 1:       m[10024] =               10 (       a)
hart 0: 0024: 00460613      addi a2, a2, 4
hart 0:       a2  =               40 (      28)
hart 1: 0024: 00460613      addi a2, a2, 4
hart 1:       a2  =               40 (      28)
hart 0: 0028: fed61ae3      bne a2, a3, 16
hart 0:       pc  =               32 (      20)
hart 1: 0028: fed61ae3      bne a2, a3, 16
hart 1:       pc  =               32 (      20)
hart 0: 0032: 00000593      li a1, 0
hart 0:       a1  =                0 (       0)
hart 1: 0032: 00000593      li a1, 0
hart 1:       a1  =                0 (       0)
hart 0: 0036: 00000613      li a2, 0
hart 0:       a2  =                0 (       0)
hart 1: 0036: 00000613      li a2, 0
hart 1:       a2  =                0 (       0)
hart 0: 0040: 00062703      lw a4, 0(a2)
hart 0:       a4  =                1 (       1)    (m[    0])
hart 1: 0040: 00062703      lw a4, 0(a2)
hart 1:       a4  =                1 (       1)    (m[10000])
hart 0: 0044: 00e50533      add a0, a0, a4
hart 0:       a0  =                1 (       1)
hart 1: 0044: 00e50533      add a0, a0, a4
hart 1:       a0  =                1 (       1)
hart 0: 0048: 00460613      addi a2, a2, 4
hart 0:       a2  =                4 (       4)
hart 1: 0048: 00460613      addi a2, a2, 4
hart 1:       a2  =                4 (       4)
hart 0: 0052: fed61ae3      bne a2, a3, 40
hart 0:       pc  =               40 (      28)
hart 1: 0052: fed61ae3      bne a2, a3, 40
hart 1:       pc  =               40 (      28)
hart 0: 0040: 00062703      lw a4, 0(a2)
hart 0:       a4  =                2 (       2)    (m[    4])
hart 1: 0040: 00062703      lw a4, 0(a2)
hart 1:       a4  =                2 (       2)    (m[10004])
hart 0: 0044: 00e50533      add a0, a0, a4
hart 0:       a0  =                3 (       3)
hart 1: 0044: 00e50533      add a0, a0, a4
hart 1:       a0  =                3 (       3)
hart 0: 0048: 00460613      addi a2, a2, 4
hart 0:       a2  =                8 (       8)
hart 1: 0048: 00460613      addi a2, a2, 4
hart 1:       a2  =                8 (       8)
hart 0: 0052: fed61ae3      bne a2, a3, 40
hart 0:       pc  =               40 (      28)
hart 1: 0052: fed61ae3      bne a2, a3, 40
hart 1:       pc  =               40 (      28)
hart 0: 0040: 00062703      lw a4, 0(a2)
hart 0:       a4  =                3 (       3)    (m[    8])
hart 1: 0040: 00062703      lw a4, 0(a2)
hart 1:       a4  =                3 (       3)    (m[10008])
hart 0: 0044: 00e50533      add a0, a0, a4
hart 0:       a0  =                6 (       6)
hart 1: 0044: 00e50533      add a0, a0, a4
hart 1:       a0  =                6 (       6)
hart 0: 0048: 00460613      addi a2, a2, 4
hart 0:       a2  =               12 (       c)
hart 1: 0048: 00460613      addi a2, a2, 4
hart 1:       a2  =               12 (       c)
hart 0: 0052: fed61ae3      bne a2, a3, 40
hart 0:       pc  =               40 (      28)
hart 1: 0052: fed61ae3      bne a2, a3, 40
hart 1:       pc  =               40 (      28)
hart 0: 0040: 00062703      lw a4, 0(a2)
hart 0:       a4  =                4 (       4)    (m[    c])
hart 1: 0040: 00062703      lw a4, 0(a2)
hart 1:       a4  =                4 (       4)    (m[1000c])
hart 0: 0044: 00e50533      add a0, a0, a4
hart 0:       a0  =               10 (       a)
hart 1: 0044: 00e50533      add a0, a0, a4
hart 1:       a0  =               10 (       a)
hart 0: 0048: 00460613      addi a2, a2, 4
hart 0:       a2  =               16 (      10)
hart 1: 0048: 00460613      addi a2, a2, 4
hart 1:       a2  =               16 (      10)
hart 0: 0052: fed61ae3      bne a2, a3, 40
hart 0:       pc  =               40 (      28)
hart 1: 0052: fed61ae3      bne a2, a3, 40
hart 1:       pc  =               40 (      28)
hart 0: 0040: 00062703      lw a4, 0(a2)
hart 0:       a4  =                5 (       5)    (m[   10])
hart 1: 0040: 00062703      lw a4, 0(a2)
hart 1:       a4  =                5 (       5)    (m[10010])
hart 0: 0044: 00e50533      add a0, a0, a4
hart 0:       a0  =               15 (       f)
hart 1: 0044: 00e50533      add a0, a0, a4
hart 1:       a0  =               15 (       f)
hart 0: 0048: 00460613      addi a2, a2, 4
hart 0:       a2  =               20 (      14)
hart 1: 0048: 00460613      addi a2, a2, 4
hart 1:       a2  =               20 (      14)
hart 0: 0052: fed61ae3      bne a2, a3, 40
hart 0:       pc  =               40 (      28)
hart 1: 0052: fed61ae3      bne a2, a3, 40
hart 1:       pc  =               40 (      28)
hart 0: 0040: 00062703      lw a4, 0(a2)
hart 0:       a4  =                6 (       6)    (m[   14])
hart 1: 0040: 00062703      lw a4, 0(a2)
hart 1:       a4  =                6 (       6)    (m[10014])
hart 0: 0044: 00e50533      add a0, a0, a4
hart 0:       a0  =               21 (      15)
hart 1: 0044: 00e50533      add a0, a0, a4
hart 1:       a0  =               21 (      15)
hart 0: 0048: 00460613      addi a2, a2, 4
hart 0:       a2  =               24 (      18)
hart 1: 0048: 00460613      addi a2, a2, 4
hart 1:       a2  =               24 (      18)
hart 0: 0052: fed61ae3      bne a2, a3, 40
hart 0:       pc  =               40 (      28)
hart 1: 0052: fed61ae3      bne a2, a3, 40
hart 1:       pc  =               40 (      28)
hart 0: 0040: 00062703      lw a4, 0(a2)
hart 0:       a4  =                7 (       7)    (m[   18])
hart 1: 0040: 00062703      lw a4, 0(a2)
hart 1:       a4  =                7 (       7)    (m[10018])
hart 0: 0044: 00e50533      add a0, a0, a4
hart 0:       a0  =               28 (      1c)
hart 1: 0044: 00e50533      add a0, a0, a4
hart 1:       a0  =               28 (      1c)
hart 0: 0048: 00460613      addi a2, a2, 4
hart 0:       a2  =               28 (      1c)
hart 1: 0048: 00460613      addi a2, a2, 4
hart 1:       a2  =               28 (      1c)
hart 0: 0052: fed61ae3      bne a2, a3, 40
hart 0:       pc  =               40 (      28)
hart 1: 0052: fed61ae3      bne a2, a3, 40
hart 1:       pc  =               40 (      28)
hart 0: 0040: 00062703      lw a4, 0(a2)
hart 0:       a4  =                8 (       8)    (m[   1c])
hart 1: 0040: 00062703      lw a4, 0(a2)
hart 1:       a4  =                8 (       8)    (m[1001c])
hart 0: 0044: 00e50533      add a0, a0, a4
hart 0:       a0  =               36 (      24)
hart 1: 0044: 00e50533      add a0, a0, a4
hart 1:       a0  =               36 (      24)
hart 0: 0048: 00460613      addi a2, a2, 4
hart 0:       a2  =               32 (      20)
hart 1: 0048: 00460613      addi a2, a2, 4
hart 1:       a2  =               32 (      20)
hart 0: 0052: fed61ae3      bne a2, a3, 40
hart 0:       pc  =               40 (      28)
hart 1: 0052: fed61ae3      bne a2, a3, 40
hart 1:       pc  =               40 (      28)
hart 0: 0040: 00062703      lw a4, 0(a2)
hart 0:       a4  =                9 (       9)    (m[   20])
hart 1: 0040: 00062703      lw a4, 0(a2)
hart 1:       a4  =                9 (       9)    (m[10020])
hart 0: 0044: 00e50533      add a0, a0, a4
hart 0:       a0  =               45 (      2d)
hart 1: 0044: 00e50533      add a0, a0, a4
hart 1:       a0  =               45 (      2d)
hart 0: 0048: 00460613      addi a2, a2, 4
hart 0:       a2  =               36 (      24)
hart 1: 0048: 00460613      addi a2, a2, 4
hart 1:       a2  =               36 (      24)
hart 0: 0052: fed61ae3      bne a2, a3, 40
hart 0:       pc  =               40 (      28)
hart 1: 0052: fed61ae3      bne a2, a3, 40
hart 1:       pc  =               40 (      28)
hart 0: 0040: 00062703      lw a4, 0(a2)
hart 0:       a4  =               10 (       a)    (m[   24])
hart 1: 0040: 00062703      lw a4, 0(a2)
hart 1:       a4  =               10 (       a)    (m[10024])
hart 0: 0044: 00e50533      add a0, a0, a4
hart 0:       a0  =               55 (      37)
hart 1: 0044: 00e50533      add a0, a0, a4
hart 1:       a0  =               55 (      37)
hart 0: 0048: 00460613      addi a2, a2, 4
hart 0:       a2  =               40 (      28)
hart 1: 0048: 00460613      addi a2, a2, 4
hart 1:       a2  =               40 (      28)
hart 0: 0052: fed61ae3      bne a2, a3, 40
hart 0:       pc  =               56 (      38)
hart 1: 0052: fed61ae3      bne a2, a3, 40
hart 1:       pc  =               56 (      38)
hart 0: 0056: 00a62223      sw a0, 4(a2)
hart 0:       m[   2c] =               55 (      37)
hart 1: 0056: 00a62223      sw a0, 4(a2)
hart 1:       m[1002c] =               55 (      37)
hart 0: 0060: 00008067      ret
hart 0:       pc  =                0 (       0)
hart 1: 0060: 00008067      ret
hart 1:       pc  =                0 (       0)
register file for hart 0
ra  =                0 (       0)
sp  =            65536 (   10000)
gp  =                0 (       0)
tp  =                0 (       0)
t0  =                0 (       0)
t1  =                0 (       0)
t2  =                0 (       0)
s0  =                0 (       0)
s1  =                0 (       0)
a0  =               55 (      37)
a1  =                0 (       0)
a2  =               40 (      28)
a3  =               40 (      28)
a4  =               10 (       a)
a5  =                0 (       0)
a6  =                0 (       0)
a7  =                0 (       0)
s2  =                0 (       0)
s3  =                0 (       0)
s4  =                0 (       0)
s5  =                0 (       0)
s6  =                0 (       0)
s7  =                0 (       0)
s8  =                0 (       0)
s9  =                0 (       0)
s10 =                0 (       0)
s11 =                0 (       0)
t3  =                0 (       0)
t4  =                0 (       0)
t5  =                0 (       0)
t6  =                0 (       0)
register file for hart 1
ra  =                0 (       0)
sp  =            65536 (   10000)
gp  =                0 (       0)
tp  =                0 (       0)
t0  =                0 (       0)
t1  =                0 (       0)
t2  =                0 (       0)
s0  =                0 (       0)
s1  =                0 (       0)
a0  =               55 (      37)
a1  =                0 (       0)
a2  =               40 (      28)
a3  =               40 (      28)
a4  =               10 (       a)
a5  =                0 (       0)
a6  =                0 (       0)
a7  =                0 (       0)
s2  =                0 (       0)
s3  =                0 (       0)
s4  =                0 (       0)
s5  =                0 (       0)
s6  =                0 (       0)
s7  =                0 (       0)
s8  =                0 (       0)
s9  =                0 (       0)
s10 =                0 (       0)
s11 =                0 (       0)
t3  =                0 (       0)
t4  =                0 (       0)
t5  =                0 (       0)
t6  =                0 (       0)
176 fetched and decoded instructions in 306 cycles (ipc = 0.58)
hart 0 data memory dump (non null words)
m[    0] =                1 (       1)
m[    4] =                2 (       2)
m[    8] =                3 (       3)
m[    c] =                4 (       4)
m[   10] =                5 (       5)
m[   14] =                6 (       6)
m[   18] =                7 (       7)
m[   1c] =                8 (       8)
m[   20] =                9 (       9)
m[   24] =               10 (       a)
m[   2c] =               55 (      37)
hart 1 data memory dump (non null words)
m[10000] =                1 (       1)
m[10004] =                2 (       2)
m[10008] =                3 (       3)
m[1000c] =                4 (       4)
m[10010] =                5 (       5)
m[10014] =                6 (       6)
m[10018] =                7 (       7)
m[1001c] =                8 (       8)
m[10020] =                9 (       9)
m[10024] =               10 (       a)
m[1002c] =               55 (      37)
INFO: [SIM 211-1] CSim done with 0 errors.
INFO: [SIM 211-3] *************** CSIM finish ***************
INFO: [HLS 200-112] Total CPU user time: 25.08 seconds. Total CPU system time: 1.46 seconds. Total elapsed time: 26.36 seconds; peak allocated memory: 340.137 MB.
INFO: [vitis-run 60-791] Total elapsed time: 0h 0m 30s
