Sun Sep  8 17:10:48 2024: Running xcd server. This server was built by gradle.
Sun Sep  8 17:10:48 2024: Server was asked to start on port: '44803'
Sun Sep  8 17:10:48 2024: Server is using token UUID: 'f4f2ad30-8624-4781-96bd-cd28fbc797b4'
Sun Sep  8 17:10:48 2024: SESSION_MGR: creating session with session uuid: '6d04a3e9-ade5-4ab9-8d63-1f78fcd2ec76' and name 'default'
Sun Sep  8 17:10:48 2024: Attempting to start server on port '44803'
Sun Sep  8 17:10:48 2024: XCD main fifo: created main fifo '/tmp/xcdmainf4f2ad30-8624-4781-96bd-cd28fbc797b4', fd read = 13
Sun Sep  8 17:10:48 2024: Running Dispatch Server
Sun Sep  8 17:10:48 2024: Version 2.2.0
Sun Sep  8 17:10:49 2024: Dispatch Server: Accepted socket connection from client
Sun Sep  8 17:10:49 2024: Starting Socket connection
Sun Sep  8 17:10:49 2024: EXCHANGE_TOKEN received, server token: f4f2ad30-8624-4781-96bd-cd28fbc797b4, passed token: f4f2ad30-8624-4781-96bd-cd28fbc797b4
Sun Sep  8 17:10:49 2024: DISPATCH_HANDLER: Adding handler from function makeHandler in library libxv_system_diagram
Sun Sep  8 17:10:49 2024: SESSION_MGR: creating session with session uuid: '93822d44-206a-4768-a5e4-af299c715965' and name 'vitis-run_compile_multihart_ip'
Sun Sep  8 17:10:49 2024: KERNEL_SVC: creating session with uuid: '93822d44-206a-4768-a5e4-af299c715965' and name 'vitis-run_compile_multihart_ip'
Sun Sep  8 17:10:49 2024: GUIDANCE_SMGR: creating guidance session with uuid: '93822d44-206a-4768-a5e4-af299c715965' and name 'vitis-run_compile_multihart_ip'
Sun Sep  8 17:10:49 2024: SYSTEM_DIAGRAM: creating session with uuid: '93822d44-206a-4768-a5e4-af299c715965' and name 'vitis-run_compile_multihart_ip'
Sun Sep  8 17:10:54 2024: Dispatch Server: Accepted socket connection from client
Sun Sep  8 17:10:54 2024: Starting Socket connection
Sun Sep  8 17:11:17 2024: SESSION_MGR: closing session for UUID '93822d44-206a-4768-a5e4-af299c715965' with name 'vitis-run_compile_multihart_ip'
Sun Sep  8 17:11:17 2024: KERNEL_SVC: closing session for UUID '93822d44-206a-4768-a5e4-af299c715965' with name 'vitis-run_compile_multihart_ip'
Sun Sep  8 17:11:17 2024: GUIDANCE_SMGR: closing session for UUID '93822d44-206a-4768-a5e4-af299c715965' with name 'vitis-run_compile_multihart_ip'
Sun Sep  8 17:11:17 2024: SYSTEM_DIAGRAM: closing session for UUID '93822d44-206a-4768-a5e4-af299c715965' with name 'vitis-run_compile_multihart_ip'
Sun Sep  8 17:11:17 2024: STOP_SERVER received, server token: f4f2ad30-8624-4781-96bd-cd28fbc797b4, passed token: f4f2ad30-8624-4781-96bd-cd28fbc797b4
Sun Sep  8 17:11:17 2024: Socket received request to stop server.
Sun Sep  8 17:11:17 2024: Dispatch Server: do_await_stop
Sun Sep  8 17:11:17 2024: Dispatch Server: stopping mainFifo_
Sun Sep  8 17:11:17 2024: XCD main fifo: Stopping
Sun Sep  8 17:11:17 2024: XCD main fifo: do_read error code: Operation canceled
Sun Sep  8 17:11:17 2024: XCD main fifo: bytes_transferred: 0
Sun Sep  8 17:11:17 2024: SERVER: destructor for server bound to port 44803
Sun Sep  8 17:11:17 2024: XCD main fifo: Good unlink of /tmp/xcdmainf4f2ad30-8624-4781-96bd-cd28fbc797b4
Sun Sep  8 17:11:17 2024: Server exiting with status 0.
Sun Sep  8 17:11:17 2024: Closing log file.
Sun Sep  8 17:15:50 2024: Running xcd server. This server was built by gradle.
Sun Sep  8 17:15:50 2024: Server was asked to start on port: '39717'
Sun Sep  8 17:15:50 2024: Server is using token UUID: '8eb45832-78dc-4556-b027-c26c2b19915b'
Sun Sep  8 17:15:50 2024: SESSION_MGR: creating session with session uuid: '6d04a3e9-ade5-4ab9-8d63-1f78fcd2ec76' and name 'default'
Sun Sep  8 17:15:50 2024: Attempting to start server on port '39717'
Sun Sep  8 17:15:50 2024: XCD main fifo: created main fifo '/tmp/xcdmain8eb45832-78dc-4556-b027-c26c2b19915b', fd read = 13
Sun Sep  8 17:15:50 2024: Running Dispatch Server
Sun Sep  8 17:15:50 2024: Version 2.2.0
Sun Sep  8 17:15:51 2024: Dispatch Server: Accepted socket connection from client
Sun Sep  8 17:15:51 2024: Starting Socket connection
Sun Sep  8 17:15:51 2024: EXCHANGE_TOKEN received, server token: 8eb45832-78dc-4556-b027-c26c2b19915b, passed token: 8eb45832-78dc-4556-b027-c26c2b19915b
Sun Sep  8 17:15:51 2024: DISPATCH_HANDLER: Adding handler from function makeHandler in library libxv_system_diagram
Sun Sep  8 17:15:51 2024: SESSION_MGR: creating session with session uuid: '2e31ab7d-234c-45c6-8dfe-5a305360d674' and name 'v++_compile_multihart_ip'
Sun Sep  8 17:15:51 2024: KERNEL_SVC: creating session with uuid: '2e31ab7d-234c-45c6-8dfe-5a305360d674' and name 'v++_compile_multihart_ip'
Sun Sep  8 17:15:51 2024: GUIDANCE_SMGR: creating guidance session with uuid: '2e31ab7d-234c-45c6-8dfe-5a305360d674' and name 'v++_compile_multihart_ip'
Sun Sep  8 17:15:51 2024: SYSTEM_DIAGRAM: creating session with uuid: '2e31ab7d-234c-45c6-8dfe-5a305360d674' and name 'v++_compile_multihart_ip'
Sun Sep  8 17:15:56 2024: Dispatch Server: Accepted socket connection from client
Sun Sep  8 17:15:56 2024: Starting Socket connection
Sun Sep  8 17:17:04 2024: SESSION_MGR: closing session for UUID '2e31ab7d-234c-45c6-8dfe-5a305360d674' with name 'v++_compile_multihart_ip'
Sun Sep  8 17:17:04 2024: KERNEL_SVC: closing session for UUID '2e31ab7d-234c-45c6-8dfe-5a305360d674' with name 'v++_compile_multihart_ip'
Sun Sep  8 17:17:04 2024: GUIDANCE_SMGR: closing session for UUID '2e31ab7d-234c-45c6-8dfe-5a305360d674' with name 'v++_compile_multihart_ip'
Sun Sep  8 17:17:04 2024: SYSTEM_DIAGRAM: closing session for UUID '2e31ab7d-234c-45c6-8dfe-5a305360d674' with name 'v++_compile_multihart_ip'
Sun Sep  8 17:17:04 2024: STOP_SERVER received, server token: 8eb45832-78dc-4556-b027-c26c2b19915b, passed token: 8eb45832-78dc-4556-b027-c26c2b19915b
Sun Sep  8 17:17:04 2024: Socket received request to stop server.
Sun Sep  8 17:17:04 2024: Dispatch Server: do_await_stop
Sun Sep  8 17:17:04 2024: Dispatch Server: stopping mainFifo_
Sun Sep  8 17:17:04 2024: XCD main fifo: Stopping
Sun Sep  8 17:17:04 2024: XCD main fifo: do_read error code: Operation canceled
Sun Sep  8 17:17:04 2024: XCD main fifo: bytes_transferred: 0
Sun Sep  8 17:17:04 2024: SERVER: destructor for server bound to port 39717
Sun Sep  8 17:17:04 2024: XCD main fifo: Good unlink of /tmp/xcdmain8eb45832-78dc-4556-b027-c26c2b19915b
Sun Sep  8 17:17:04 2024: Server exiting with status 0.
Sun Sep  8 17:17:04 2024: Closing log file.
Sun Sep  8 17:17:13 2024: Running xcd server. This server was built by gradle.
Sun Sep  8 17:17:13 2024: Server was asked to start on port: '34605'
Sun Sep  8 17:17:13 2024: Server is using token UUID: '442d9a03-6944-45bf-9dae-7b449b421a45'
Sun Sep  8 17:17:13 2024: SESSION_MGR: creating session with session uuid: '6d04a3e9-ade5-4ab9-8d63-1f78fcd2ec76' and name 'default'
Sun Sep  8 17:17:13 2024: Attempting to start server on port '34605'
Sun Sep  8 17:17:13 2024: XCD main fifo: created main fifo '/tmp/xcdmain442d9a03-6944-45bf-9dae-7b449b421a45', fd read = 13
Sun Sep  8 17:17:13 2024: Running Dispatch Server
Sun Sep  8 17:17:13 2024: Version 2.2.0
Sun Sep  8 17:17:15 2024: Dispatch Server: Accepted socket connection from client
Sun Sep  8 17:17:15 2024: Starting Socket connection
Sun Sep  8 17:17:15 2024: EXCHANGE_TOKEN received, server token: 442d9a03-6944-45bf-9dae-7b449b421a45, passed token: 442d9a03-6944-45bf-9dae-7b449b421a45
Sun Sep  8 17:17:15 2024: DISPATCH_HANDLER: Adding handler from function makeHandler in library libxv_system_diagram
Sun Sep  8 17:17:15 2024: SESSION_MGR: creating session with session uuid: '41bb86d8-0434-49da-8bf9-5366c28944ba' and name 'vitis-run_compile_multihart_ip'
Sun Sep  8 17:17:15 2024: KERNEL_SVC: creating session with uuid: '41bb86d8-0434-49da-8bf9-5366c28944ba' and name 'vitis-run_compile_multihart_ip'
Sun Sep  8 17:17:15 2024: GUIDANCE_SMGR: creating guidance session with uuid: '41bb86d8-0434-49da-8bf9-5366c28944ba' and name 'vitis-run_compile_multihart_ip'
Sun Sep  8 17:17:15 2024: SYSTEM_DIAGRAM: creating session with uuid: '41bb86d8-0434-49da-8bf9-5366c28944ba' and name 'vitis-run_compile_multihart_ip'
Sun Sep  8 17:17:20 2024: Dispatch Server: Accepted socket connection from client
Sun Sep  8 17:17:20 2024: Starting Socket connection
Sun Sep  8 17:17:40 2024: SESSION_MGR: closing session for UUID '41bb86d8-0434-49da-8bf9-5366c28944ba' with name 'vitis-run_compile_multihart_ip'
Sun Sep  8 17:17:40 2024: KERNEL_SVC: closing session for UUID '41bb86d8-0434-49da-8bf9-5366c28944ba' with name 'vitis-run_compile_multihart_ip'
Sun Sep  8 17:17:40 2024: GUIDANCE_SMGR: closing session for UUID '41bb86d8-0434-49da-8bf9-5366c28944ba' with name 'vitis-run_compile_multihart_ip'
Sun Sep  8 17:17:40 2024: SYSTEM_DIAGRAM: closing session for UUID '41bb86d8-0434-49da-8bf9-5366c28944ba' with name 'vitis-run_compile_multihart_ip'
Sun Sep  8 17:17:40 2024: STOP_SERVER received, server token: 442d9a03-6944-45bf-9dae-7b449b421a45, passed token: 442d9a03-6944-45bf-9dae-7b449b421a45
Sun Sep  8 17:17:40 2024: Socket received request to stop server.
Sun Sep  8 17:17:40 2024: Dispatch Server: do_await_stop
Sun Sep  8 17:17:40 2024: Dispatch Server: stopping mainFifo_
Sun Sep  8 17:17:40 2024: XCD main fifo: Stopping
Sun Sep  8 17:17:40 2024: XCD main fifo: do_read error code: Operation canceled
Sun Sep  8 17:17:40 2024: XCD main fifo: bytes_transferred: 0
Sun Sep  8 17:17:40 2024: SERVER: destructor for server bound to port 34605
Sun Sep  8 17:17:40 2024: XCD main fifo: Good unlink of /tmp/xcdmain442d9a03-6944-45bf-9dae-7b449b421a45
Sun Sep  8 17:17:40 2024: Server exiting with status 0.
Sun Sep  8 17:17:40 2024: Closing log file.
Sun Sep  8 17:42:54 2024: Running xcd server. This server was built by gradle.
Sun Sep  8 17:42:54 2024: Server was asked to start on port: '40681'
Sun Sep  8 17:42:54 2024: Server is using token UUID: '6c78e12e-5c74-4fcf-86d3-f8b47aff4f20'
Sun Sep  8 17:42:54 2024: SESSION_MGR: creating session with session uuid: '6d04a3e9-ade5-4ab9-8d63-1f78fcd2ec76' and name 'default'
Sun Sep  8 17:42:54 2024: Attempting to start server on port '40681'
Sun Sep  8 17:42:54 2024: XCD main fifo: created main fifo '/tmp/xcdmain6c78e12e-5c74-4fcf-86d3-f8b47aff4f20', fd read = 13
Sun Sep  8 17:42:54 2024: Running Dispatch Server
Sun Sep  8 17:42:54 2024: Version 2.2.0
Sun Sep  8 17:42:55 2024: Dispatch Server: Accepted socket connection from client
Sun Sep  8 17:42:55 2024: Starting Socket connection
Sun Sep  8 17:42:55 2024: EXCHANGE_TOKEN received, server token: 6c78e12e-5c74-4fcf-86d3-f8b47aff4f20, passed token: 6c78e12e-5c74-4fcf-86d3-f8b47aff4f20
Sun Sep  8 17:42:55 2024: DISPATCH_HANDLER: Adding handler from function makeHandler in library libxv_system_diagram
Sun Sep  8 17:42:55 2024: SESSION_MGR: creating session with session uuid: '5de3d2a1-7717-402b-a03f-952416f6c4f5' and name 'vitis-run_compile_multihart_ip'
Sun Sep  8 17:42:55 2024: KERNEL_SVC: creating session with uuid: '5de3d2a1-7717-402b-a03f-952416f6c4f5' and name 'vitis-run_compile_multihart_ip'
Sun Sep  8 17:42:55 2024: GUIDANCE_SMGR: creating guidance session with uuid: '5de3d2a1-7717-402b-a03f-952416f6c4f5' and name 'vitis-run_compile_multihart_ip'
Sun Sep  8 17:42:55 2024: SYSTEM_DIAGRAM: creating session with uuid: '5de3d2a1-7717-402b-a03f-952416f6c4f5' and name 'vitis-run_compile_multihart_ip'
Sun Sep  8 17:43:00 2024: Dispatch Server: Accepted socket connection from client
Sun Sep  8 17:43:00 2024: Starting Socket connection
Sun Sep  8 17:43:02 2024: SESSION_MGR: closing session for UUID '5de3d2a1-7717-402b-a03f-952416f6c4f5' with name 'vitis-run_compile_multihart_ip'
Sun Sep  8 17:43:02 2024: KERNEL_SVC: closing session for UUID '5de3d2a1-7717-402b-a03f-952416f6c4f5' with name 'vitis-run_compile_multihart_ip'
Sun Sep  8 17:43:02 2024: GUIDANCE_SMGR: closing session for UUID '5de3d2a1-7717-402b-a03f-952416f6c4f5' with name 'vitis-run_compile_multihart_ip'
Sun Sep  8 17:43:02 2024: SYSTEM_DIAGRAM: closing session for UUID '5de3d2a1-7717-402b-a03f-952416f6c4f5' with name 'vitis-run_compile_multihart_ip'
Sun Sep  8 17:43:02 2024: STOP_SERVER received, server token: 6c78e12e-5c74-4fcf-86d3-f8b47aff4f20, passed token: 6c78e12e-5c74-4fcf-86d3-f8b47aff4f20
Sun Sep  8 17:43:02 2024: Socket received request to stop server.
Sun Sep  8 17:43:02 2024: Dispatch Server: do_await_stop
Sun Sep  8 17:43:02 2024: Dispatch Server: stopping mainFifo_
Sun Sep  8 17:43:02 2024: XCD main fifo: Stopping
Sun Sep  8 17:43:02 2024: XCD main fifo: do_read error code: Operation canceled
Sun Sep  8 17:43:02 2024: XCD main fifo: bytes_transferred: 0
Sun Sep  8 17:43:02 2024: SERVER: destructor for server bound to port 40681
Sun Sep  8 17:43:02 2024: XCD main fifo: Good unlink of /tmp/xcdmain6c78e12e-5c74-4fcf-86d3-f8b47aff4f20
Sun Sep  8 17:43:02 2024: Server exiting with status 0.
Sun Sep  8 17:43:02 2024: Closing log file.
Sun Sep  8 17:57:13 2024: Running xcd server. This server was built by gradle.
Sun Sep  8 17:57:13 2024: Server was asked to start on port: '34429'
Sun Sep  8 17:57:13 2024: Server is using token UUID: '8cd45314-e70c-455f-87aa-db9099f1419e'
Sun Sep  8 17:57:13 2024: SESSION_MGR: creating session with session uuid: '6d04a3e9-ade5-4ab9-8d63-1f78fcd2ec76' and name 'default'
Sun Sep  8 17:57:13 2024: Attempting to start server on port '34429'
Sun Sep  8 17:57:13 2024: XCD main fifo: created main fifo '/tmp/xcdmain8cd45314-e70c-455f-87aa-db9099f1419e', fd read = 13
Sun Sep  8 17:57:13 2024: Running Dispatch Server
Sun Sep  8 17:57:13 2024: Version 2.2.0
Sun Sep  8 17:57:14 2024: Dispatch Server: Accepted socket connection from client
Sun Sep  8 17:57:14 2024: Starting Socket connection
Sun Sep  8 17:57:14 2024: EXCHANGE_TOKEN received, server token: 8cd45314-e70c-455f-87aa-db9099f1419e, passed token: 8cd45314-e70c-455f-87aa-db9099f1419e
Sun Sep  8 17:57:14 2024: DISPATCH_HANDLER: Adding handler from function makeHandler in library libxv_system_diagram
Sun Sep  8 17:57:14 2024: SESSION_MGR: creating session with session uuid: '64adc864-e204-4d49-a104-f2b14bbc3077' and name 'vitis-run_compile_multihart_ip'
Sun Sep  8 17:57:14 2024: KERNEL_SVC: creating session with uuid: '64adc864-e204-4d49-a104-f2b14bbc3077' and name 'vitis-run_compile_multihart_ip'
Sun Sep  8 17:57:14 2024: GUIDANCE_SMGR: creating guidance session with uuid: '64adc864-e204-4d49-a104-f2b14bbc3077' and name 'vitis-run_compile_multihart_ip'
Sun Sep  8 17:57:14 2024: SYSTEM_DIAGRAM: creating session with uuid: '64adc864-e204-4d49-a104-f2b14bbc3077' and name 'vitis-run_compile_multihart_ip'
Sun Sep  8 17:57:19 2024: Dispatch Server: Accepted socket connection from client
Sun Sep  8 17:57:19 2024: Starting Socket connection
Sun Sep  8 17:57:19 2024: SESSION_MGR: closing session for UUID '64adc864-e204-4d49-a104-f2b14bbc3077' with name 'vitis-run_compile_multihart_ip'
Sun Sep  8 17:57:19 2024: KERNEL_SVC: closing session for UUID '64adc864-e204-4d49-a104-f2b14bbc3077' with name 'vitis-run_compile_multihart_ip'
Sun Sep  8 17:57:19 2024: GUIDANCE_SMGR: closing session for UUID '64adc864-e204-4d49-a104-f2b14bbc3077' with name 'vitis-run_compile_multihart_ip'
Sun Sep  8 17:57:19 2024: SYSTEM_DIAGRAM: closing session for UUID '64adc864-e204-4d49-a104-f2b14bbc3077' with name 'vitis-run_compile_multihart_ip'
Sun Sep  8 17:57:19 2024: STOP_SERVER received, server token: 8cd45314-e70c-455f-87aa-db9099f1419e, passed token: 8cd45314-e70c-455f-87aa-db9099f1419e
Sun Sep  8 17:57:19 2024: Socket received request to stop server.
Sun Sep  8 17:57:19 2024: Dispatch Server: do_await_stop
Sun Sep  8 17:57:19 2024: Dispatch Server: stopping mainFifo_
Sun Sep  8 17:57:19 2024: XCD main fifo: Stopping
Sun Sep  8 17:57:19 2024: XCD main fifo: do_read error code: Operation canceled
Sun Sep  8 17:57:19 2024: XCD main fifo: bytes_transferred: 0
Sun Sep  8 17:57:19 2024: SERVER: destructor for server bound to port 34429
Sun Sep  8 17:57:19 2024: XCD main fifo: Good unlink of /tmp/xcdmain8cd45314-e70c-455f-87aa-db9099f1419e
Sun Sep  8 17:57:19 2024: Server exiting with status 0.
Sun Sep  8 17:57:19 2024: Closing log file.
Sun Sep  8 17:59:07 2024: Running xcd server. This server was built by gradle.
Sun Sep  8 17:59:07 2024: Server was asked to start on port: '36697'
Sun Sep  8 17:59:07 2024: Server is using token UUID: 'd6c22c61-6506-4f8a-a0cd-9d170779fdd6'
Sun Sep  8 17:59:07 2024: SESSION_MGR: creating session with session uuid: '6d04a3e9-ade5-4ab9-8d63-1f78fcd2ec76' and name 'default'
Sun Sep  8 17:59:07 2024: Attempting to start server on port '36697'
Sun Sep  8 17:59:07 2024: XCD main fifo: created main fifo '/tmp/xcdmaind6c22c61-6506-4f8a-a0cd-9d170779fdd6', fd read = 13
Sun Sep  8 17:59:07 2024: Running Dispatch Server
Sun Sep  8 17:59:07 2024: Version 2.2.0
Sun Sep  8 17:59:09 2024: Dispatch Server: Accepted socket connection from client
Sun Sep  8 17:59:09 2024: Starting Socket connection
Sun Sep  8 17:59:09 2024: EXCHANGE_TOKEN received, server token: d6c22c61-6506-4f8a-a0cd-9d170779fdd6, passed token: d6c22c61-6506-4f8a-a0cd-9d170779fdd6
Sun Sep  8 17:59:09 2024: DISPATCH_HANDLER: Adding handler from function makeHandler in library libxv_system_diagram
Sun Sep  8 17:59:09 2024: SESSION_MGR: creating session with session uuid: '000d1c4d-a8f5-4352-afbe-697045ad26f6' and name 'vitis-run_compile_multihart_ip'
Sun Sep  8 17:59:09 2024: KERNEL_SVC: creating session with uuid: '000d1c4d-a8f5-4352-afbe-697045ad26f6' and name 'vitis-run_compile_multihart_ip'
Sun Sep  8 17:59:09 2024: GUIDANCE_SMGR: creating guidance session with uuid: '000d1c4d-a8f5-4352-afbe-697045ad26f6' and name 'vitis-run_compile_multihart_ip'
Sun Sep  8 17:59:09 2024: SYSTEM_DIAGRAM: creating session with uuid: '000d1c4d-a8f5-4352-afbe-697045ad26f6' and name 'vitis-run_compile_multihart_ip'
Sun Sep  8 17:59:13 2024: Dispatch Server: Accepted socket connection from client
Sun Sep  8 17:59:13 2024: Starting Socket connection
Sun Sep  8 17:59:14 2024: SESSION_MGR: closing session for UUID '000d1c4d-a8f5-4352-afbe-697045ad26f6' with name 'vitis-run_compile_multihart_ip'
Sun Sep  8 17:59:14 2024: KERNEL_SVC: closing session for UUID '000d1c4d-a8f5-4352-afbe-697045ad26f6' with name 'vitis-run_compile_multihart_ip'
Sun Sep  8 17:59:14 2024: GUIDANCE_SMGR: closing session for UUID '000d1c4d-a8f5-4352-afbe-697045ad26f6' with name 'vitis-run_compile_multihart_ip'
Sun Sep  8 17:59:14 2024: SYSTEM_DIAGRAM: closing session for UUID '000d1c4d-a8f5-4352-afbe-697045ad26f6' with name 'vitis-run_compile_multihart_ip'
Sun Sep  8 17:59:14 2024: STOP_SERVER received, server token: d6c22c61-6506-4f8a-a0cd-9d170779fdd6, passed token: d6c22c61-6506-4f8a-a0cd-9d170779fdd6
Sun Sep  8 17:59:14 2024: Socket received request to stop server.
Sun Sep  8 17:59:14 2024: Dispatch Server: do_await_stop
Sun Sep  8 17:59:14 2024: Dispatch Server: stopping mainFifo_
Sun Sep  8 17:59:14 2024: XCD main fifo: Stopping
Sun Sep  8 17:59:14 2024: XCD main fifo: do_read error code: Operation canceled
Sun Sep  8 17:59:14 2024: XCD main fifo: bytes_transferred: 0
Sun Sep  8 17:59:14 2024: SERVER: destructor for server bound to port 36697
Sun Sep  8 17:59:14 2024: XCD main fifo: Good unlink of /tmp/xcdmaind6c22c61-6506-4f8a-a0cd-9d170779fdd6
Sun Sep  8 17:59:14 2024: Server exiting with status 0.
Sun Sep  8 17:59:14 2024: Closing log file.
Sun Sep  8 18:04:20 2024: Running xcd server. This server was built by gradle.
Sun Sep  8 18:04:20 2024: Server was asked to start on port: '40435'
Sun Sep  8 18:04:20 2024: Server is using token UUID: '8a61bcdc-34e4-47fa-960f-2435bb933ea0'
Sun Sep  8 18:04:20 2024: SESSION_MGR: creating session with session uuid: '6d04a3e9-ade5-4ab9-8d63-1f78fcd2ec76' and name 'default'
Sun Sep  8 18:04:20 2024: Attempting to start server on port '40435'
Sun Sep  8 18:04:20 2024: XCD main fifo: created main fifo '/tmp/xcdmain8a61bcdc-34e4-47fa-960f-2435bb933ea0', fd read = 13
Sun Sep  8 18:04:20 2024: Running Dispatch Server
Sun Sep  8 18:04:20 2024: Version 2.2.0
Sun Sep  8 18:04:21 2024: Dispatch Server: Accepted socket connection from client
Sun Sep  8 18:04:21 2024: Starting Socket connection
Sun Sep  8 18:04:21 2024: EXCHANGE_TOKEN received, server token: 8a61bcdc-34e4-47fa-960f-2435bb933ea0, passed token: 8a61bcdc-34e4-47fa-960f-2435bb933ea0
Sun Sep  8 18:04:21 2024: DISPATCH_HANDLER: Adding handler from function makeHandler in library libxv_system_diagram
Sun Sep  8 18:04:21 2024: SESSION_MGR: creating session with session uuid: 'd0b63e78-1add-469b-a953-d2c6c7c22865' and name 'vitis-run_compile_multihart_ip'
Sun Sep  8 18:04:21 2024: KERNEL_SVC: creating session with uuid: 'd0b63e78-1add-469b-a953-d2c6c7c22865' and name 'vitis-run_compile_multihart_ip'
Sun Sep  8 18:04:21 2024: GUIDANCE_SMGR: creating guidance session with uuid: 'd0b63e78-1add-469b-a953-d2c6c7c22865' and name 'vitis-run_compile_multihart_ip'
Sun Sep  8 18:04:21 2024: SYSTEM_DIAGRAM: creating session with uuid: 'd0b63e78-1add-469b-a953-d2c6c7c22865' and name 'vitis-run_compile_multihart_ip'
Sun Sep  8 18:04:26 2024: Dispatch Server: Accepted socket connection from client
Sun Sep  8 18:04:26 2024: Starting Socket connection
Sun Sep  8 18:04:27 2024: SESSION_MGR: closing session for UUID 'd0b63e78-1add-469b-a953-d2c6c7c22865' with name 'vitis-run_compile_multihart_ip'
Sun Sep  8 18:04:27 2024: KERNEL_SVC: closing session for UUID 'd0b63e78-1add-469b-a953-d2c6c7c22865' with name 'vitis-run_compile_multihart_ip'
Sun Sep  8 18:04:27 2024: GUIDANCE_SMGR: closing session for UUID 'd0b63e78-1add-469b-a953-d2c6c7c22865' with name 'vitis-run_compile_multihart_ip'
Sun Sep  8 18:04:27 2024: SYSTEM_DIAGRAM: closing session for UUID 'd0b63e78-1add-469b-a953-d2c6c7c22865' with name 'vitis-run_compile_multihart_ip'
Sun Sep  8 18:04:27 2024: STOP_SERVER received, server token: 8a61bcdc-34e4-47fa-960f-2435bb933ea0, passed token: 8a61bcdc-34e4-47fa-960f-2435bb933ea0
Sun Sep  8 18:04:27 2024: Socket received request to stop server.
Sun Sep  8 18:04:27 2024: Dispatch Server: do_await_stop
Sun Sep  8 18:04:27 2024: Dispatch Server: stopping mainFifo_
Sun Sep  8 18:04:27 2024: XCD main fifo: Stopping
Sun Sep  8 18:04:27 2024: XCD main fifo: do_read error code: Operation canceled
Sun Sep  8 18:04:27 2024: XCD main fifo: bytes_transferred: 0
Sun Sep  8 18:04:27 2024: SERVER: destructor for server bound to port 40435
Sun Sep  8 18:04:27 2024: XCD main fifo: Good unlink of /tmp/xcdmain8a61bcdc-34e4-47fa-960f-2435bb933ea0
Sun Sep  8 18:04:27 2024: Server exiting with status 0.
Sun Sep  8 18:04:27 2024: Closing log file.
Sun Sep  8 18:11:38 2024: Running xcd server. This server was built by gradle.
Sun Sep  8 18:11:38 2024: Server was asked to start on port: '43575'
Sun Sep  8 18:11:38 2024: Server is using token UUID: '7b046c36-03b5-44a3-897f-0a461ef720bc'
Sun Sep  8 18:11:38 2024: SESSION_MGR: creating session with session uuid: '6d04a3e9-ade5-4ab9-8d63-1f78fcd2ec76' and name 'default'
Sun Sep  8 18:11:38 2024: Attempting to start server on port '43575'
Sun Sep  8 18:11:38 2024: XCD main fifo: created main fifo '/tmp/xcdmain7b046c36-03b5-44a3-897f-0a461ef720bc', fd read = 13
Sun Sep  8 18:11:38 2024: Running Dispatch Server
Sun Sep  8 18:11:38 2024: Version 2.2.0
Sun Sep  8 18:11:39 2024: Dispatch Server: Accepted socket connection from client
Sun Sep  8 18:11:39 2024: Starting Socket connection
Sun Sep  8 18:11:39 2024: EXCHANGE_TOKEN received, server token: 7b046c36-03b5-44a3-897f-0a461ef720bc, passed token: 7b046c36-03b5-44a3-897f-0a461ef720bc
Sun Sep  8 18:11:39 2024: DISPATCH_HANDLER: Adding handler from function makeHandler in library libxv_system_diagram
Sun Sep  8 18:11:39 2024: SESSION_MGR: creating session with session uuid: 'c47b72cc-e1e5-4410-a7ba-7c213483034c' and name 'vitis-run_compile_multihart_ip'
Sun Sep  8 18:11:39 2024: KERNEL_SVC: creating session with uuid: 'c47b72cc-e1e5-4410-a7ba-7c213483034c' and name 'vitis-run_compile_multihart_ip'
Sun Sep  8 18:11:39 2024: GUIDANCE_SMGR: creating guidance session with uuid: 'c47b72cc-e1e5-4410-a7ba-7c213483034c' and name 'vitis-run_compile_multihart_ip'
Sun Sep  8 18:11:39 2024: SYSTEM_DIAGRAM: creating session with uuid: 'c47b72cc-e1e5-4410-a7ba-7c213483034c' and name 'vitis-run_compile_multihart_ip'
Sun Sep  8 18:11:44 2024: Dispatch Server: Accepted socket connection from client
Sun Sep  8 18:11:44 2024: Starting Socket connection
Sun Sep  8 18:11:45 2024: SESSION_MGR: closing session for UUID 'c47b72cc-e1e5-4410-a7ba-7c213483034c' with name 'vitis-run_compile_multihart_ip'
Sun Sep  8 18:11:45 2024: KERNEL_SVC: closing session for UUID 'c47b72cc-e1e5-4410-a7ba-7c213483034c' with name 'vitis-run_compile_multihart_ip'
Sun Sep  8 18:11:45 2024: GUIDANCE_SMGR: closing session for UUID 'c47b72cc-e1e5-4410-a7ba-7c213483034c' with name 'vitis-run_compile_multihart_ip'
Sun Sep  8 18:11:45 2024: SYSTEM_DIAGRAM: closing session for UUID 'c47b72cc-e1e5-4410-a7ba-7c213483034c' with name 'vitis-run_compile_multihart_ip'
Sun Sep  8 18:11:45 2024: STOP_SERVER received, server token: 7b046c36-03b5-44a3-897f-0a461ef720bc, passed token: 7b046c36-03b5-44a3-897f-0a461ef720bc
Sun Sep  8 18:11:45 2024: Socket received request to stop server.
Sun Sep  8 18:11:45 2024: Dispatch Server: do_await_stop
Sun Sep  8 18:11:45 2024: Dispatch Server: stopping mainFifo_
Sun Sep  8 18:11:45 2024: XCD main fifo: Stopping
Sun Sep  8 18:11:45 2024: XCD main fifo: do_read error code: Operation canceled
Sun Sep  8 18:11:45 2024: XCD main fifo: bytes_transferred: 0
Sun Sep  8 18:11:45 2024: SERVER: destructor for server bound to port 43575
Sun Sep  8 18:11:45 2024: XCD main fifo: Good unlink of /tmp/xcdmain7b046c36-03b5-44a3-897f-0a461ef720bc
Sun Sep  8 18:11:45 2024: Server exiting with status 0.
Sun Sep  8 18:11:45 2024: Closing log file.
