
*** Running vivado
    with args -log design_1_wrapper.vdi -applog -m64 -product Vivado -messageDb vivado.pb -mode batch -source design_1_wrapper.tcl -notrace


****** Vivado v2024.1 (64-bit)
  **** SW Build 5076996 on Wed May 22 18:36:09 MDT 2024
  **** IP Build 5075265 on Wed May 22 21:45:21 MDT 2024
  **** SharedData Build 5076995 on Wed May 22 18:29:18 MDT 2024
  **** Start of session at: Sun Sep  8 15:15:39 2024
    ** Copyright 1986-2022 Xilinx, Inc. All Rights Reserved.
    ** Copyright 2022-2024 Advanced Micro Devices, Inc. All Rights Reserved.

source design_1_wrapper.tcl -notrace
create_project: Time (s): cpu = 00:00:08 ; elapsed = 00:00:08 . Memory (MB): peak = 1476.766 ; gain = 43.836 ; free physical = 17695 ; free virtual = 25790
INFO: [IP_Flow 19-234] Refreshing IP repositories
INFO: [IP_Flow 19-1700] Loaded user IP repository '/home/goossens/goossens-book-ip-projects/2024.1/fetching_decoding_ip/workspace/hls_component/fetching_decoding_ip'.
INFO: [IP_Flow 19-2313] Loaded Vivado IP repository '/opt/Xilinx/Vivado/2024.1/data/ip'.
Command: link_design -top design_1_wrapper -part xc7z020clg400-1
Design is defaulting to srcset: sources_1
Design is defaulting to constrset: constrs_1
INFO: [Device 21-403] Loading part xc7z020clg400-1
INFO: [Device 21-9227] Part: xc7z020clg400-1 does not have CEAM library.
INFO: [Project 1-454] Reading design checkpoint '/home/goossens/goossens-book-ip-projects/2024.1/fetching_decoding_ip/project_1.gen/sources_1/bd/design_1/ip/design_1_fetching_decoding_ip_0_0/design_1_fetching_decoding_ip_0_0.dcp' for cell 'design_1_i/fetching_decoding_ip_0'
INFO: [Project 1-454] Reading design checkpoint '/home/goossens/goossens-book-ip-projects/2024.1/fetching_decoding_ip/project_1.gen/sources_1/bd/design_1/ip/design_1_processing_system7_0_0/design_1_processing_system7_0_0.dcp' for cell 'design_1_i/processing_system7_0'
INFO: [Project 1-454] Reading design checkpoint '/home/goossens/goossens-book-ip-projects/2024.1/fetching_decoding_ip/project_1.gen/sources_1/bd/design_1/ip/design_1_rst_ps7_0_100M_0/design_1_rst_ps7_0_100M_0.dcp' for cell 'design_1_i/rst_ps7_0_100M'
INFO: [Project 1-454] Reading design checkpoint '/home/goossens/goossens-book-ip-projects/2024.1/fetching_decoding_ip/project_1.gen/sources_1/bd/design_1/ip/design_1_auto_pc_0/design_1_auto_pc_0.dcp' for cell 'design_1_i/ps7_0_axi_periph/s00_couplers/auto_pc'
Netlist sorting complete. Time (s): cpu = 00:00:00.03 ; elapsed = 00:00:00.02 . Memory (MB): peak = 1879.430 ; gain = 0.000 ; free physical = 17293 ; free virtual = 25388
INFO: [Netlist 29-17] Analyzing 70 Unisim elements for replacement
INFO: [Netlist 29-28] Unisim Transformation completed in 0 CPU seconds
INFO: [Project 1-479] Netlist was created with Vivado 2024.1
INFO: [Project 1-570] Preparing netlist for logic optimization
Parsing XDC File [/home/goossens/goossens-book-ip-projects/2024.1/fetching_decoding_ip/project_1.gen/sources_1/bd/design_1/ip/design_1_processing_system7_0_0/design_1_processing_system7_0_0.xdc] for cell 'design_1_i/processing_system7_0/inst'
Finished Parsing XDC File [/home/goossens/goossens-book-ip-projects/2024.1/fetching_decoding_ip/project_1.gen/sources_1/bd/design_1/ip/design_1_processing_system7_0_0/design_1_processing_system7_0_0.xdc] for cell 'design_1_i/processing_system7_0/inst'
Parsing XDC File [/home/goossens/goossens-book-ip-projects/2024.1/fetching_decoding_ip/project_1.gen/sources_1/bd/design_1/ip/design_1_rst_ps7_0_100M_0/design_1_rst_ps7_0_100M_0_board.xdc] for cell 'design_1_i/rst_ps7_0_100M/U0'
Finished Parsing XDC File [/home/goossens/goossens-book-ip-projects/2024.1/fetching_decoding_ip/project_1.gen/sources_1/bd/design_1/ip/design_1_rst_ps7_0_100M_0/design_1_rst_ps7_0_100M_0_board.xdc] for cell 'design_1_i/rst_ps7_0_100M/U0'
Parsing XDC File [/home/goossens/goossens-book-ip-projects/2024.1/fetching_decoding_ip/project_1.gen/sources_1/bd/design_1/ip/design_1_rst_ps7_0_100M_0/design_1_rst_ps7_0_100M_0.xdc] for cell 'design_1_i/rst_ps7_0_100M/U0'
Finished Parsing XDC File [/home/goossens/goossens-book-ip-projects/2024.1/fetching_decoding_ip/project_1.gen/sources_1/bd/design_1/ip/design_1_rst_ps7_0_100M_0/design_1_rst_ps7_0_100M_0.xdc] for cell 'design_1_i/rst_ps7_0_100M/U0'
INFO: [Opt 31-138] Pushed 0 inverter(s) to 0 load pin(s).
Netlist sorting complete. Time (s): cpu = 00:00:00 ; elapsed = 00:00:00 . Memory (MB): peak = 2214.977 ; gain = 0.000 ; free physical = 17162 ; free virtual = 25258
INFO: [Project 1-111] Unisim Transformation Summary:
No Unisim elements were transformed.

15 Infos, 0 Warnings, 0 Critical Warnings and 0 Errors encountered.
link_design completed successfully
link_design: Time (s): cpu = 00:00:09 ; elapsed = 00:00:09 . Memory (MB): peak = 2214.977 ; gain = 714.461 ; free physical = 17162 ; free virtual = 25258
Command: opt_design
Attempting to get a license for feature 'Implementation' and/or device 'xc7z020'
INFO: [Common 17-349] Got license for feature 'Implementation' and/or device 'xc7z020'
Running DRC as a precondition to command opt_design

Starting DRC Task
INFO: [DRC 23-27] Running DRC with 8 threads
INFO: [Project 1-461] DRC finished with 0 Errors
INFO: [Project 1-462] Please refer to the DRC report (report_drc) for more information.

Time (s): cpu = 00:00:01 ; elapsed = 00:00:00.63 . Memory (MB): peak = 2214.977 ; gain = 0.000 ; free physical = 17144 ; free virtual = 25239

Starting Cache Timing Information Task
INFO: [Timing 38-35] Done setting XDC timing constraints.
Ending Cache Timing Information Task | Checksum: e351d6a9

Time (s): cpu = 00:00:06 ; elapsed = 00:00:06 . Memory (MB): peak = 2658.488 ; gain = 443.512 ; free physical = 16726 ; free virtual = 24821

Starting Logic Optimization Task

Phase 1 Initialization

Phase 1.1 Core Generation And Design Setup
Phase 1.1 Core Generation And Design Setup | Checksum: e351d6a9

Time (s): cpu = 00:00:00 ; elapsed = 00:00:00 . Memory (MB): peak = 2975.293 ; gain = 0.000 ; free physical = 16407 ; free virtual = 24503

Phase 1.2 Setup Constraints And Sort Netlist
Phase 1.2 Setup Constraints And Sort Netlist | Checksum: e351d6a9

Time (s): cpu = 00:00:00 ; elapsed = 00:00:00 . Memory (MB): peak = 2975.293 ; gain = 0.000 ; free physical = 16407 ; free virtual = 24503
Phase 1 Initialization | Checksum: e351d6a9

Time (s): cpu = 00:00:00 ; elapsed = 00:00:00.01 . Memory (MB): peak = 2975.293 ; gain = 0.000 ; free physical = 16407 ; free virtual = 24503

Phase 2 Timer Update And Timing Data Collection

Phase 2.1 Timer Update
Phase 2.1 Timer Update | Checksum: e351d6a9

Time (s): cpu = 00:00:00.08 ; elapsed = 00:00:00.03 . Memory (MB): peak = 2975.293 ; gain = 0.000 ; free physical = 16407 ; free virtual = 24503

Phase 2.2 Timing Data Collection
Phase 2.2 Timing Data Collection | Checksum: e351d6a9

Time (s): cpu = 00:00:00.09 ; elapsed = 00:00:00.04 . Memory (MB): peak = 2975.293 ; gain = 0.000 ; free physical = 16407 ; free virtual = 24503
Phase 2 Timer Update And Timing Data Collection | Checksum: e351d6a9

Time (s): cpu = 00:00:00.09 ; elapsed = 00:00:00.04 . Memory (MB): peak = 2975.293 ; gain = 0.000 ; free physical = 16407 ; free virtual = 24503

Phase 3 Retarget
INFO: [Opt 31-1834] Total Chains To Be Transformed Were: 0 AND Number of Transformed insts Created are: 0
INFO: [Opt 31-138] Pushed 0 inverter(s) to 0 load pin(s).
INFO: [Opt 31-49] Retargeted 0 cell(s).
Phase 3 Retarget | Checksum: 147d8c6ec

Time (s): cpu = 00:00:00.22 ; elapsed = 00:00:00.1 . Memory (MB): peak = 2975.293 ; gain = 0.000 ; free physical = 16407 ; free virtual = 24503
Retarget | Checksum: 147d8c6ec
INFO: [Opt 31-389] Phase Retarget created 4 cells and removed 29 cells

Phase 4 Constant propagation
INFO: [Opt 31-138] Pushed 0 inverter(s) to 0 load pin(s).
Phase 4 Constant propagation | Checksum: 1373b6358

Time (s): cpu = 00:00:00.23 ; elapsed = 00:00:00.11 . Memory (MB): peak = 2975.293 ; gain = 0.000 ; free physical = 16407 ; free virtual = 24503
Constant propagation | Checksum: 1373b6358
INFO: [Opt 31-389] Phase Constant propagation created 0 cells and removed 8 cells

Phase 5 Sweep
Phase 5 Sweep | Checksum: 1bd08cdbb

Time (s): cpu = 00:00:00.34 ; elapsed = 00:00:00.22 . Memory (MB): peak = 2975.293 ; gain = 0.000 ; free physical = 16407 ; free virtual = 24503
Sweep | Checksum: 1bd08cdbb
INFO: [Opt 31-389] Phase Sweep created 0 cells and removed 115 cells

Phase 6 BUFG optimization
Phase 6 BUFG optimization | Checksum: 1bd08cdbb

Time (s): cpu = 00:00:00.37 ; elapsed = 00:00:00.24 . Memory (MB): peak = 2975.293 ; gain = 0.000 ; free physical = 16407 ; free virtual = 24503
BUFG optimization | Checksum: 1bd08cdbb
INFO: [Opt 31-662] Phase BUFG optimization created 0 cells of which 0 are BUFGs and removed 0 cells.

Phase 7 Shift Register Optimization
INFO: [Opt 31-1064] SRL Remap converted 0 SRLs to 0 registers and converted 0 registers of register chains to 0 SRLs
Phase 7 Shift Register Optimization | Checksum: 1bd08cdbb

Time (s): cpu = 00:00:00.37 ; elapsed = 00:00:00.25 . Memory (MB): peak = 2975.293 ; gain = 0.000 ; free physical = 16407 ; free virtual = 24503
Shift Register Optimization | Checksum: 1bd08cdbb
INFO: [Opt 31-389] Phase Shift Register Optimization created 0 cells and removed 0 cells

Phase 8 Post Processing Netlist
Phase 8 Post Processing Netlist | Checksum: 1bc891612

Time (s): cpu = 00:00:00.39 ; elapsed = 00:00:00.26 . Memory (MB): peak = 2975.293 ; gain = 0.000 ; free physical = 16407 ; free virtual = 24503
Post Processing Netlist | Checksum: 1bc891612
INFO: [Opt 31-389] Phase Post Processing Netlist created 0 cells and removed 0 cells

Phase 9 Finalization

Phase 9.1 Finalizing Design Cores and Updating Shapes
Phase 9.1 Finalizing Design Cores and Updating Shapes | Checksum: 15cfa73d1

Time (s): cpu = 00:00:00.52 ; elapsed = 00:00:00.31 . Memory (MB): peak = 2975.293 ; gain = 0.000 ; free physical = 16407 ; free virtual = 24503

Phase 9.2 Verifying Netlist Connectivity

Starting Connectivity Check Task

Time (s): cpu = 00:00:00.01 ; elapsed = 00:00:00 . Memory (MB): peak = 2975.293 ; gain = 0.000 ; free physical = 16407 ; free virtual = 24503
Phase 9.2 Verifying Netlist Connectivity | Checksum: 15cfa73d1

Time (s): cpu = 00:00:00.53 ; elapsed = 00:00:00.31 . Memory (MB): peak = 2975.293 ; gain = 0.000 ; free physical = 16407 ; free virtual = 24503
Phase 9 Finalization | Checksum: 15cfa73d1

Time (s): cpu = 00:00:00.53 ; elapsed = 00:00:00.32 . Memory (MB): peak = 2975.293 ; gain = 0.000 ; free physical = 16407 ; free virtual = 24503
Opt_design Change Summary
=========================


-------------------------------------------------------------------------------------------------------------------------
|  Phase                        |  #Cells created  |  #Cells Removed  |  #Constrained objects preventing optimizations  |
-------------------------------------------------------------------------------------------------------------------------
|  Retarget                     |               4  |              29  |                                              0  |
|  Constant propagation         |               0  |               8  |                                              0  |
|  Sweep                        |               0  |             115  |                                              0  |
|  BUFG optimization            |               0  |               0  |                                              0  |
|  Shift Register Optimization  |               0  |               0  |                                              0  |
|  Post Processing Netlist      |               0  |               0  |                                              0  |
-------------------------------------------------------------------------------------------------------------------------


Ending Logic Optimization Task | Checksum: 15cfa73d1

Time (s): cpu = 00:00:00.53 ; elapsed = 00:00:00.32 . Memory (MB): peak = 2975.293 ; gain = 0.000 ; free physical = 16407 ; free virtual = 24503

Starting Power Optimization Task
INFO: [Pwropt 34-132] Skipping clock gating for clocks with a period < 2.00 ns.
INFO: [Timing 38-35] Done setting XDC timing constraints.
Running Vector-less Activity Propagation...

Finished Running Vector-less Activity Propagation
INFO: [Pwropt 34-9] Applying IDT optimizations ...
INFO: [Pwropt 34-10] Applying ODC optimizations ...


Starting PowerOpt Patch Enables Task
INFO: [Pwropt 34-162] WRITE_MODE attribute of 0 BRAM(s) out of a total of 32 has been updated to save power. Run report_power_opt to get a complete listing of the BRAMs updated.
INFO: [Pwropt 34-201] Structural ODC has moved 0 WE to EN ports
Number of BRAM Ports augmented: 0 newly gated: 0 Total Ports: 64
Ending PowerOpt Patch Enables Task | Checksum: 15cfa73d1

Time (s): cpu = 00:00:00.09 ; elapsed = 00:00:00.09 . Memory (MB): peak = 3211.160 ; gain = 0.000 ; free physical = 16296 ; free virtual = 24392
Ending Power Optimization Task | Checksum: 15cfa73d1

Time (s): cpu = 00:00:02 ; elapsed = 00:00:02 . Memory (MB): peak = 3211.160 ; gain = 235.867 ; free physical = 16296 ; free virtual = 24392

Starting Final Cleanup Task
Ending Final Cleanup Task | Checksum: 15cfa73d1

Time (s): cpu = 00:00:00 ; elapsed = 00:00:00 . Memory (MB): peak = 3211.160 ; gain = 0.000 ; free physical = 16296 ; free virtual = 24392

Starting Netlist Obfuscation Task
Netlist sorting complete. Time (s): cpu = 00:00:00 ; elapsed = 00:00:00 . Memory (MB): peak = 3211.160 ; gain = 0.000 ; free physical = 16296 ; free virtual = 24392
Ending Netlist Obfuscation Task | Checksum: 15cfa73d1

Time (s): cpu = 00:00:00.01 ; elapsed = 00:00:00.01 . Memory (MB): peak = 3211.160 ; gain = 0.000 ; free physical = 16296 ; free virtual = 24392
INFO: [Common 17-83] Releasing license: Implementation
38 Infos, 0 Warnings, 0 Critical Warnings and 0 Errors encountered.
opt_design completed successfully
opt_design: Time (s): cpu = 00:00:11 ; elapsed = 00:00:10 . Memory (MB): peak = 3211.160 ; gain = 996.184 ; free physical = 16296 ; free virtual = 24392
INFO: [Vivado 12-24828] Executing command : report_drc -file design_1_wrapper_drc_opted.rpt -pb design_1_wrapper_drc_opted.pb -rpx design_1_wrapper_drc_opted.rpx
Command: report_drc -file design_1_wrapper_drc_opted.rpt -pb design_1_wrapper_drc_opted.pb -rpx design_1_wrapper_drc_opted.rpx
INFO: [IP_Flow 19-1839] IP Catalog is up to date.
INFO: [DRC 23-27] Running DRC with 8 threads
INFO: [Vivado_Tcl 2-168] The results of DRC are in file /home/goossens/goossens-book-ip-projects/2024.1/fetching_decoding_ip/project_1.runs/impl_1/design_1_wrapper_drc_opted.rpt.
report_drc completed successfully
INFO: [Timing 38-480] Writing timing data to binary archive.
Write ShapeDB Complete: Time (s): cpu = 00:00:00.02 ; elapsed = 00:00:00.01 . Memory (MB): peak = 3211.160 ; gain = 0.000 ; free physical = 16283 ; free virtual = 24379
Wrote PlaceDB: Time (s): cpu = 00:00:00.04 ; elapsed = 00:00:00 . Memory (MB): peak = 3211.160 ; gain = 0.000 ; free physical = 16283 ; free virtual = 24379
Wrote PulsedLatchDB: Time (s): cpu = 00:00:00 ; elapsed = 00:00:00 . Memory (MB): peak = 3211.160 ; gain = 0.000 ; free physical = 16283 ; free virtual = 24379
Writing XDEF routing.
Writing XDEF routing logical nets.
Writing XDEF routing special nets.
Wrote RouteStorage: Time (s): cpu = 00:00:00.07 ; elapsed = 00:00:00.02 . Memory (MB): peak = 3211.160 ; gain = 0.000 ; free physical = 16283 ; free virtual = 24379
Wrote Netlist Cache: Time (s): cpu = 00:00:00 ; elapsed = 00:00:00 . Memory (MB): peak = 3211.160 ; gain = 0.000 ; free physical = 16283 ; free virtual = 24379
Wrote Device Cache: Time (s): cpu = 00:00:00.02 ; elapsed = 00:00:00.01 . Memory (MB): peak = 3211.160 ; gain = 0.000 ; free physical = 16283 ; free virtual = 24380
Write Physdb Complete: Time (s): cpu = 00:00:00.14 ; elapsed = 00:00:00.04 . Memory (MB): peak = 3211.160 ; gain = 0.000 ; free physical = 16283 ; free virtual = 24380
INFO: [Common 17-1381] The checkpoint '/home/goossens/goossens-book-ip-projects/2024.1/fetching_decoding_ip/project_1.runs/impl_1/design_1_wrapper_opt.dcp' has been generated.
Command: place_design
Attempting to get a license for feature 'Implementation' and/or device 'xc7z020'
INFO: [Common 17-349] Got license for feature 'Implementation' and/or device 'xc7z020'
INFO: [Common 17-83] Releasing license: Implementation
INFO: [DRC 23-27] Running DRC with 8 threads
INFO: [Vivado_Tcl 4-198] DRC finished with 0 Errors
INFO: [Vivado_Tcl 4-199] Please refer to the DRC report (report_drc) for more information.
Running DRC as a precondition to command place_design
INFO: [DRC 23-27] Running DRC with 8 threads
INFO: [Vivado_Tcl 4-198] DRC finished with 0 Errors
INFO: [Vivado_Tcl 4-199] Please refer to the DRC report (report_drc) for more information.
INFO: [Place 30-611] Multithreading enabled for place_design using a maximum of 8 CPUs

Starting Placer Task

Phase 1 Placer Initialization

Phase 1.1 Placer Initialization Netlist Sorting
Netlist sorting complete. Time (s): cpu = 00:00:00 ; elapsed = 00:00:00 . Memory (MB): peak = 3211.160 ; gain = 0.000 ; free physical = 16281 ; free virtual = 24378
Phase 1.1 Placer Initialization Netlist Sorting | Checksum: afea2573

Time (s): cpu = 00:00:00.01 ; elapsed = 00:00:00.01 . Memory (MB): peak = 3211.160 ; gain = 0.000 ; free physical = 16281 ; free virtual = 24378
Netlist sorting complete. Time (s): cpu = 00:00:00 ; elapsed = 00:00:00 . Memory (MB): peak = 3211.160 ; gain = 0.000 ; free physical = 16281 ; free virtual = 24378

Phase 1.2 IO Placement/ Clock Placement/ Build Placer Device
INFO: [Timing 38-35] Done setting XDC timing constraints.
Phase 1.2 IO Placement/ Clock Placement/ Build Placer Device | Checksum: 37e26806

Time (s): cpu = 00:00:00.71 ; elapsed = 00:00:00.32 . Memory (MB): peak = 3211.160 ; gain = 0.000 ; free physical = 16289 ; free virtual = 24386

Phase 1.3 Build Placer Netlist Model
Phase 1.3 Build Placer Netlist Model | Checksum: 102886ca4

Time (s): cpu = 00:00:01 ; elapsed = 00:00:00.59 . Memory (MB): peak = 3211.160 ; gain = 0.000 ; free physical = 16288 ; free virtual = 24385

Phase 1.4 Constrain Clocks/Macros
Phase 1.4 Constrain Clocks/Macros | Checksum: 102886ca4

Time (s): cpu = 00:00:01 ; elapsed = 00:00:00.59 . Memory (MB): peak = 3211.160 ; gain = 0.000 ; free physical = 16288 ; free virtual = 24385
Phase 1 Placer Initialization | Checksum: 102886ca4

Time (s): cpu = 00:00:01 ; elapsed = 00:00:00.6 . Memory (MB): peak = 3211.160 ; gain = 0.000 ; free physical = 16288 ; free virtual = 24385

Phase 2 Global Placement

Phase 2.1 Floorplanning
Phase 2.1 Floorplanning | Checksum: 1328491de

Time (s): cpu = 00:00:02 ; elapsed = 00:00:00.67 . Memory (MB): peak = 3211.160 ; gain = 0.000 ; free physical = 16304 ; free virtual = 24402

Phase 2.2 Update Timing before SLR Path Opt
Phase 2.2 Update Timing before SLR Path Opt | Checksum: 1a300c5dc

Time (s): cpu = 00:00:02 ; elapsed = 00:00:00.73 . Memory (MB): peak = 3211.160 ; gain = 0.000 ; free physical = 16328 ; free virtual = 24425

Phase 2.3 Post-Processing in Floorplanning
Phase 2.3 Post-Processing in Floorplanning | Checksum: 1a300c5dc

Time (s): cpu = 00:00:02 ; elapsed = 00:00:00.73 . Memory (MB): peak = 3211.160 ; gain = 0.000 ; free physical = 16328 ; free virtual = 24425

Phase 2.4 Global Placement Core

Phase 2.4.1 UpdateTiming Before Physical Synthesis
Phase 2.4.1 UpdateTiming Before Physical Synthesis | Checksum: 20ee719a6

Time (s): cpu = 00:00:06 ; elapsed = 00:00:02 . Memory (MB): peak = 3211.160 ; gain = 0.000 ; free physical = 16365 ; free virtual = 24463

Phase 2.4.2 Physical Synthesis In Placer
INFO: [Physopt 32-1035] Found 0 LUTNM shape to break, 52 LUT instances to create LUTNM shape
INFO: [Physopt 32-1044] Break lutnm for timing: one critical 0, two critical 0, total 0, new lutff created 0
INFO: [Physopt 32-1138] End 1 Pass. Optimized 24 nets or LUTs. Breaked 0 LUT, combined 24 existing LUTs and moved 0 existing LUT
INFO: [Physopt 32-65] No nets found for high-fanout optimization.
INFO: [Physopt 32-232] Optimized 0 net. Created 0 new instance.
INFO: [Physopt 32-775] End 1 Pass. Optimized 0 net or cell. Created 0 new cell, deleted 0 existing cell and moved 0 existing cell
INFO: [Physopt 32-670] No setup violation found.  DSP Register Optimization was not performed.
INFO: [Physopt 32-670] No setup violation found.  Shift Register to Pipeline Optimization was not performed.
INFO: [Physopt 32-670] No setup violation found.  Shift Register Optimization was not performed.
INFO: [Physopt 32-670] No setup violation found.  BRAM Register Optimization was not performed.
INFO: [Physopt 32-670] No setup violation found.  URAM Register Optimization was not performed.
INFO: [Physopt 32-949] No candidate nets found for dynamic/static region interface net replication
INFO: [Physopt 32-775] End 1 Pass. Optimized 0 net or cell. Created 0 new cell, deleted 0 existing cell and moved 0 existing cell
Netlist sorting complete. Time (s): cpu = 00:00:00 ; elapsed = 00:00:00 . Memory (MB): peak = 3211.160 ; gain = 0.000 ; free physical = 16365 ; free virtual = 24463

Summary of Physical Synthesis Optimizations
============================================


-----------------------------------------------------------------------------------------------------------------------------------------------------------
|  Optimization                                     |  Added Cells  |  Removed Cells  |  Optimized Cells/Nets  |  Dont Touch  |  Iterations  |  Elapsed   |
-----------------------------------------------------------------------------------------------------------------------------------------------------------
|  LUT Combining                                    |            0  |             24  |                    24  |           0  |           1  |  00:00:00  |
|  Retime                                           |            0  |              0  |                     0  |           0  |           1  |  00:00:00  |
|  Very High Fanout                                 |            0  |              0  |                     0  |           0  |           1  |  00:00:00  |
|  DSP Register                                     |            0  |              0  |                     0  |           0  |           0  |  00:00:00  |
|  Shift Register to Pipeline                       |            0  |              0  |                     0  |           0  |           0  |  00:00:00  |
|  Shift Register                                   |            0  |              0  |                     0  |           0  |           0  |  00:00:00  |
|  BRAM Register                                    |            0  |              0  |                     0  |           0  |           0  |  00:00:00  |
|  URAM Register                                    |            0  |              0  |                     0  |           0  |           0  |  00:00:00  |
|  Dynamic/Static Region Interface Net Replication  |            0  |              0  |                     0  |           0  |           1  |  00:00:00  |
|  Total                                            |            0  |             24  |                    24  |           0  |           4  |  00:00:00  |
-----------------------------------------------------------------------------------------------------------------------------------------------------------


Phase 2.4.2 Physical Synthesis In Placer | Checksum: 132f7c552

Time (s): cpu = 00:00:07 ; elapsed = 00:00:02 . Memory (MB): peak = 3211.160 ; gain = 0.000 ; free physical = 16368 ; free virtual = 24465
Phase 2.4 Global Placement Core | Checksum: 1a44b0483

Time (s): cpu = 00:00:07 ; elapsed = 00:00:02 . Memory (MB): peak = 3211.160 ; gain = 0.000 ; free physical = 16367 ; free virtual = 24464
Phase 2 Global Placement | Checksum: 1a44b0483

Time (s): cpu = 00:00:07 ; elapsed = 00:00:02 . Memory (MB): peak = 3211.160 ; gain = 0.000 ; free physical = 16367 ; free virtual = 24464

Phase 3 Detail Placement

Phase 3.1 Commit Multi Column Macros
Phase 3.1 Commit Multi Column Macros | Checksum: 15f98d0c4

Time (s): cpu = 00:00:08 ; elapsed = 00:00:03 . Memory (MB): peak = 3211.160 ; gain = 0.000 ; free physical = 16367 ; free virtual = 24464

Phase 3.2 Commit Most Macros & LUTRAMs
Phase 3.2 Commit Most Macros & LUTRAMs | Checksum: 1d9fddb74

Time (s): cpu = 00:00:08 ; elapsed = 00:00:03 . Memory (MB): peak = 3211.160 ; gain = 0.000 ; free physical = 16367 ; free virtual = 24464

Phase 3.3 Area Swap Optimization
Phase 3.3 Area Swap Optimization | Checksum: 1746d041d

Time (s): cpu = 00:00:08 ; elapsed = 00:00:03 . Memory (MB): peak = 3211.160 ; gain = 0.000 ; free physical = 16367 ; free virtual = 24464

Phase 3.4 Pipeline Register Optimization
Phase 3.4 Pipeline Register Optimization | Checksum: 1c307bbc2

Time (s): cpu = 00:00:08 ; elapsed = 00:00:03 . Memory (MB): peak = 3211.160 ; gain = 0.000 ; free physical = 16367 ; free virtual = 24464

Phase 3.5 Small Shape Detail Placement
Phase 3.5 Small Shape Detail Placement | Checksum: 176d3fd52

Time (s): cpu = 00:00:09 ; elapsed = 00:00:03 . Memory (MB): peak = 3211.160 ; gain = 0.000 ; free physical = 16365 ; free virtual = 24463

Phase 3.6 Re-assign LUT pins
Phase 3.6 Re-assign LUT pins | Checksum: 1ad144a93

Time (s): cpu = 00:00:09 ; elapsed = 00:00:03 . Memory (MB): peak = 3211.160 ; gain = 0.000 ; free physical = 16365 ; free virtual = 24463

Phase 3.7 Pipeline Register Optimization
Phase 3.7 Pipeline Register Optimization | Checksum: 1578d023c

Time (s): cpu = 00:00:09 ; elapsed = 00:00:03 . Memory (MB): peak = 3211.160 ; gain = 0.000 ; free physical = 16365 ; free virtual = 24463
Phase 3 Detail Placement | Checksum: 1578d023c

Time (s): cpu = 00:00:09 ; elapsed = 00:00:03 . Memory (MB): peak = 3211.160 ; gain = 0.000 ; free physical = 16365 ; free virtual = 24463

Phase 4 Post Placement Optimization and Clean-Up

Phase 4.1 Post Commit Optimization
INFO: [Timing 38-35] Done setting XDC timing constraints.

Phase 4.1.1 Post Placement Optimization
Post Placement Optimization Initialization | Checksum: 25367a67c

Phase 4.1.1.1 BUFG Insertion

Starting Physical Synthesis Task

Phase 1 Physical Synthesis Initialization
INFO: [Physopt 32-721] Multithreading enabled for phys_opt_design using a maximum of 8 CPUs
INFO: [Physopt 32-619] Estimated Timing Summary | WNS=2.572 | TNS=0.000 |
Phase 1 Physical Synthesis Initialization | Checksum: 239539a1d

Time (s): cpu = 00:00:00.21 ; elapsed = 00:00:00.07 . Memory (MB): peak = 3211.160 ; gain = 0.000 ; free physical = 16370 ; free virtual = 24456
INFO: [Place 46-56] BUFG insertion identified 0 candidate nets. Inserted BUFG: 0, Replicated BUFG Driver: 0, Skipped due to Placement/Routing Conflicts: 0, Skipped due to Timing Degradation: 0, Skipped due to netlist editing failed: 0.
Ending Physical Synthesis Task | Checksum: 202c382f6

Time (s): cpu = 00:00:00.22 ; elapsed = 00:00:00.08 . Memory (MB): peak = 3211.160 ; gain = 0.000 ; free physical = 16370 ; free virtual = 24456
Phase 4.1.1.1 BUFG Insertion | Checksum: 25367a67c

Time (s): cpu = 00:00:10 ; elapsed = 00:00:04 . Memory (MB): peak = 3211.160 ; gain = 0.000 ; free physical = 16370 ; free virtual = 24456

Phase 4.1.1.2 Post Placement Timing Optimization
INFO: [Place 30-746] Post Placement Timing Summary WNS=2.572. For the most accurate timing information please run report_timing.
Phase 4.1.1.2 Post Placement Timing Optimization | Checksum: 23f973edc

Time (s): cpu = 00:00:10 ; elapsed = 00:00:04 . Memory (MB): peak = 3211.160 ; gain = 0.000 ; free physical = 16370 ; free virtual = 24456

Time (s): cpu = 00:00:10 ; elapsed = 00:00:04 . Memory (MB): peak = 3211.160 ; gain = 0.000 ; free physical = 16370 ; free virtual = 24456
Phase 4.1 Post Commit Optimization | Checksum: 23f973edc

Time (s): cpu = 00:00:10 ; elapsed = 00:00:04 . Memory (MB): peak = 3211.160 ; gain = 0.000 ; free physical = 16370 ; free virtual = 24456

Phase 4.2 Post Placement Cleanup
Phase 4.2 Post Placement Cleanup | Checksum: 23f973edc

Time (s): cpu = 00:00:10 ; elapsed = 00:00:04 . Memory (MB): peak = 3211.160 ; gain = 0.000 ; free physical = 16370 ; free virtual = 24456

Phase 4.3 Placer Reporting

Phase 4.3.1 Print Estimated Congestion
INFO: [Place 30-612] Post-Placement Estimated Congestion 
 ____________________________________________________
|           | Global Congestion | Short Congestion  |
| Direction | Region Size       | Region Size       |
|___________|___________________|___________________|
|      North|                1x1|                1x1|
|___________|___________________|___________________|
|      South|                1x1|                1x1|
|___________|___________________|___________________|
|       East|                1x1|                1x1|
|___________|___________________|___________________|
|       West|                1x1|                1x1|
|___________|___________________|___________________|

Phase 4.3.1 Print Estimated Congestion | Checksum: 23f973edc

Time (s): cpu = 00:00:10 ; elapsed = 00:00:04 . Memory (MB): peak = 3211.160 ; gain = 0.000 ; free physical = 16370 ; free virtual = 24456
Phase 4.3 Placer Reporting | Checksum: 23f973edc

Time (s): cpu = 00:00:10 ; elapsed = 00:00:04 . Memory (MB): peak = 3211.160 ; gain = 0.000 ; free physical = 16370 ; free virtual = 24456

Phase 4.4 Final Placement Cleanup
Netlist sorting complete. Time (s): cpu = 00:00:00 ; elapsed = 00:00:00 . Memory (MB): peak = 3211.160 ; gain = 0.000 ; free physical = 16370 ; free virtual = 24456

Time (s): cpu = 00:00:10 ; elapsed = 00:00:04 . Memory (MB): peak = 3211.160 ; gain = 0.000 ; free physical = 16370 ; free virtual = 24456
Phase 4 Post Placement Optimization and Clean-Up | Checksum: 1b9e3b216

Time (s): cpu = 00:00:11 ; elapsed = 00:00:04 . Memory (MB): peak = 3211.160 ; gain = 0.000 ; free physical = 16370 ; free virtual = 24456
Ending Placer Task | Checksum: cfffa7d2

Time (s): cpu = 00:00:11 ; elapsed = 00:00:04 . Memory (MB): peak = 3211.160 ; gain = 0.000 ; free physical = 16370 ; free virtual = 24456
73 Infos, 0 Warnings, 0 Critical Warnings and 0 Errors encountered.
place_design completed successfully
INFO: [Vivado 12-24838] Running report commands "report_control_sets, report_io, report_utilization" in parallel.
Running report generation with 3 threads.
INFO: [Vivado 12-24828] Executing command : report_control_sets -verbose -file design_1_wrapper_control_sets_placed.rpt
report_control_sets: Time (s): cpu = 00:00:00.13 ; elapsed = 00:00:00.1 . Memory (MB): peak = 3211.160 ; gain = 0.000 ; free physical = 16319 ; free virtual = 24405
INFO: [Vivado 12-24828] Executing command : report_utilization -file design_1_wrapper_utilization_placed.rpt -pb design_1_wrapper_utilization_placed.pb
INFO: [Vivado 12-24828] Executing command : report_io -file design_1_wrapper_io_placed.rpt
report_io: Time (s): cpu = 00:00:00.27 ; elapsed = 00:00:00.2 . Memory (MB): peak = 3211.160 ; gain = 0.000 ; free physical = 16312 ; free virtual = 24398
INFO: [Timing 38-480] Writing timing data to binary archive.
Write ShapeDB Complete: Time (s): cpu = 00:00:00.03 ; elapsed = 00:00:00.01 . Memory (MB): peak = 3211.160 ; gain = 0.000 ; free physical = 16311 ; free virtual = 24398
Wrote PlaceDB: Time (s): cpu = 00:00:00.32 ; elapsed = 00:00:00.09 . Memory (MB): peak = 3211.160 ; gain = 0.000 ; free physical = 16307 ; free virtual = 24395
Wrote PulsedLatchDB: Time (s): cpu = 00:00:00 ; elapsed = 00:00:00 . Memory (MB): peak = 3211.160 ; gain = 0.000 ; free physical = 16307 ; free virtual = 24395
Writing XDEF routing.
Writing XDEF routing logical nets.
Writing XDEF routing special nets.
Wrote RouteStorage: Time (s): cpu = 00:00:00.02 ; elapsed = 00:00:00.02 . Memory (MB): peak = 3211.160 ; gain = 0.000 ; free physical = 16303 ; free virtual = 24392
Wrote Netlist Cache: Time (s): cpu = 00:00:00 ; elapsed = 00:00:00 . Memory (MB): peak = 3211.160 ; gain = 0.000 ; free physical = 16303 ; free virtual = 24392
Wrote Device Cache: Time (s): cpu = 00:00:00.01 ; elapsed = 00:00:00 . Memory (MB): peak = 3211.160 ; gain = 0.000 ; free physical = 16303 ; free virtual = 24393
Write Physdb Complete: Time (s): cpu = 00:00:00.35 ; elapsed = 00:00:00.12 . Memory (MB): peak = 3211.160 ; gain = 0.000 ; free physical = 16303 ; free virtual = 24393
INFO: [Common 17-1381] The checkpoint '/home/goossens/goossens-book-ip-projects/2024.1/fetching_decoding_ip/project_1.runs/impl_1/design_1_wrapper_placed.dcp' has been generated.
Command: phys_opt_design
Attempting to get a license for feature 'Implementation' and/or device 'xc7z020'
INFO: [Common 17-349] Got license for feature 'Implementation' and/or device 'xc7z020'

Starting Initial Update Timing Task

Time (s): cpu = 00:00:00.45 ; elapsed = 00:00:00.22 . Memory (MB): peak = 3211.160 ; gain = 0.000 ; free physical = 16294 ; free virtual = 24382
INFO: [Vivado_Tcl 4-2279] Estimated Timing Summary | WNS= 2.572 | TNS= 0.000 | 
INFO: [Vivado_Tcl 4-383] Design worst setup slack (WNS) is greater than or equal to 0.000 ns. All physical synthesis setup optimizations will be skipped.
INFO: [Vivado_Tcl 4-232] No setup violation found. The netlist was not modified.
INFO: [Common 17-83] Releasing license: Implementation
84 Infos, 0 Warnings, 0 Critical Warnings and 0 Errors encountered.
phys_opt_design completed successfully
INFO: [Timing 38-480] Writing timing data to binary archive.
Write ShapeDB Complete: Time (s): cpu = 00:00:00.02 ; elapsed = 00:00:00.01 . Memory (MB): peak = 3211.160 ; gain = 0.000 ; free physical = 16294 ; free virtual = 24382
Wrote PlaceDB: Time (s): cpu = 00:00:00.31 ; elapsed = 00:00:00.08 . Memory (MB): peak = 3211.160 ; gain = 0.000 ; free physical = 16278 ; free virtual = 24368
Wrote PulsedLatchDB: Time (s): cpu = 00:00:00 ; elapsed = 00:00:00 . Memory (MB): peak = 3211.160 ; gain = 0.000 ; free physical = 16278 ; free virtual = 24368
Writing XDEF routing.
Writing XDEF routing logical nets.
Writing XDEF routing special nets.
Wrote RouteStorage: Time (s): cpu = 00:00:00.02 ; elapsed = 00:00:00.02 . Memory (MB): peak = 3211.160 ; gain = 0.000 ; free physical = 16278 ; free virtual = 24369
Wrote Netlist Cache: Time (s): cpu = 00:00:00 ; elapsed = 00:00:00 . Memory (MB): peak = 3211.160 ; gain = 0.000 ; free physical = 16278 ; free virtual = 24369
Wrote Device Cache: Time (s): cpu = 00:00:00.01 ; elapsed = 00:00:00.01 . Memory (MB): peak = 3211.160 ; gain = 0.000 ; free physical = 16278 ; free virtual = 24369
Write Physdb Complete: Time (s): cpu = 00:00:00.34 ; elapsed = 00:00:00.11 . Memory (MB): peak = 3211.160 ; gain = 0.000 ; free physical = 16278 ; free virtual = 24369
INFO: [Common 17-1381] The checkpoint '/home/goossens/goossens-book-ip-projects/2024.1/fetching_decoding_ip/project_1.runs/impl_1/design_1_wrapper_physopt.dcp' has been generated.
Command: route_design
Attempting to get a license for feature 'Implementation' and/or device 'xc7z020'
INFO: [Common 17-349] Got license for feature 'Implementation' and/or device 'xc7z020'
Running DRC as a precondition to command route_design
INFO: [DRC 23-27] Running DRC with 8 threads
INFO: [Vivado_Tcl 4-198] DRC finished with 0 Errors
INFO: [Vivado_Tcl 4-199] Please refer to the DRC report (report_drc) for more information.


Starting Routing Task
INFO: [Route 35-254] Multithreading enabled for route_design using a maximum of 8 CPUs

Phase 1 Build RT Design
Checksum: PlaceDB: b12ae7cd ConstDB: 0 ShapeSum: 8db4d15 RouteDB: 15f972f0
Post Restoration Checksum: NetGraph: 4c43ecaf | NumContArr: 85676bbf | Constraints: c2a8fa9d | Timing: c2a8fa9d
Phase 1 Build RT Design | Checksum: 256fd4da8

Time (s): cpu = 00:00:17 ; elapsed = 00:00:14 . Memory (MB): peak = 3211.160 ; gain = 0.000 ; free physical = 16215 ; free virtual = 24304

Phase 2 Router Initialization

Phase 2.1 Fix Topology Constraints
Phase 2.1 Fix Topology Constraints | Checksum: 256fd4da8

Time (s): cpu = 00:00:17 ; elapsed = 00:00:14 . Memory (MB): peak = 3211.160 ; gain = 0.000 ; free physical = 16215 ; free virtual = 24304

Phase 2.2 Pre Route Cleanup
Phase 2.2 Pre Route Cleanup | Checksum: 256fd4da8

Time (s): cpu = 00:00:17 ; elapsed = 00:00:14 . Memory (MB): peak = 3211.160 ; gain = 0.000 ; free physical = 16215 ; free virtual = 24304
 Number of Nodes with overlaps = 0

Phase 2.3 Update Timing
Phase 2.3 Update Timing | Checksum: 1b5e41005

Time (s): cpu = 00:00:18 ; elapsed = 00:00:15 . Memory (MB): peak = 3211.160 ; gain = 0.000 ; free physical = 16183 ; free virtual = 24273
INFO: [Route 35-416] Intermediate Timing Summary | WNS=2.637  | TNS=0.000  | WHS=-0.142 | THS=-16.798|


Router Utilization Summary
  Global Vertical Routing Utilization    = 0 %
  Global Horizontal Routing Utilization  = 0 %
  Routable Net Status*
  *Does not include unroutable nets such as driverless and loadless.
  Run report_route_status for detailed report.
  Number of Failed Nets               = 1585
    (Failed Nets is the sum of unrouted and partially routed nets)
  Number of Unrouted Nets             = 1585
  Number of Partially Routed Nets     = 0
  Number of Node Overlaps             = 0

Phase 2 Router Initialization | Checksum: 261a6cd6a

Time (s): cpu = 00:00:19 ; elapsed = 00:00:15 . Memory (MB): peak = 3211.160 ; gain = 0.000 ; free physical = 16168 ; free virtual = 24257

Phase 3 Global Routing
Phase 3 Global Routing | Checksum: 261a6cd6a

Time (s): cpu = 00:00:19 ; elapsed = 00:00:15 . Memory (MB): peak = 3211.160 ; gain = 0.000 ; free physical = 16168 ; free virtual = 24257

Phase 4 Initial Routing

Phase 4.1 Initial Net Routing Pass
Phase 4.1 Initial Net Routing Pass | Checksum: 1f3065146

Time (s): cpu = 00:00:22 ; elapsed = 00:00:16 . Memory (MB): peak = 3211.160 ; gain = 0.000 ; free physical = 16145 ; free virtual = 24234
Phase 4 Initial Routing | Checksum: 1f3065146

Time (s): cpu = 00:00:22 ; elapsed = 00:00:16 . Memory (MB): peak = 3211.160 ; gain = 0.000 ; free physical = 16145 ; free virtual = 24234

Phase 5 Rip-up And Reroute

Phase 5.1 Global Iteration 0
 Number of Nodes with overlaps = 153
 Number of Nodes with overlaps = 6
 Number of Nodes with overlaps = 2
 Number of Nodes with overlaps = 0
INFO: [Route 35-416] Intermediate Timing Summary | WNS=2.421  | TNS=0.000  | WHS=N/A    | THS=N/A    |

Phase 5.1 Global Iteration 0 | Checksum: 33f1d5721

Time (s): cpu = 00:00:24 ; elapsed = 00:00:17 . Memory (MB): peak = 3211.160 ; gain = 0.000 ; free physical = 16158 ; free virtual = 24247

Phase 5.2 Global Iteration 1
 Number of Nodes with overlaps = 0
INFO: [Route 35-416] Intermediate Timing Summary | WNS=2.421  | TNS=0.000  | WHS=N/A    | THS=N/A    |

Phase 5.2 Global Iteration 1 | Checksum: 1accc8357

Time (s): cpu = 00:00:24 ; elapsed = 00:00:17 . Memory (MB): peak = 3211.160 ; gain = 0.000 ; free physical = 16158 ; free virtual = 24247
Phase 5 Rip-up And Reroute | Checksum: 1accc8357

Time (s): cpu = 00:00:24 ; elapsed = 00:00:17 . Memory (MB): peak = 3211.160 ; gain = 0.000 ; free physical = 16158 ; free virtual = 24247

Phase 6 Delay and Skew Optimization

Phase 6.1 Delay CleanUp
Phase 6.1 Delay CleanUp | Checksum: 1accc8357

Time (s): cpu = 00:00:24 ; elapsed = 00:00:17 . Memory (MB): peak = 3211.160 ; gain = 0.000 ; free physical = 16158 ; free virtual = 24247

Phase 6.2 Clock Skew Optimization
Phase 6.2 Clock Skew Optimization | Checksum: 1accc8357

Time (s): cpu = 00:00:24 ; elapsed = 00:00:17 . Memory (MB): peak = 3211.160 ; gain = 0.000 ; free physical = 16158 ; free virtual = 24247
Phase 6 Delay and Skew Optimization | Checksum: 1accc8357

Time (s): cpu = 00:00:24 ; elapsed = 00:00:17 . Memory (MB): peak = 3211.160 ; gain = 0.000 ; free physical = 16158 ; free virtual = 24247

Phase 7 Post Hold Fix

Phase 7.1 Hold Fix Iter
INFO: [Route 35-416] Intermediate Timing Summary | WNS=2.435  | TNS=0.000  | WHS=0.088  | THS=0.000  |

Phase 7.1 Hold Fix Iter | Checksum: 1ecfb345a

Time (s): cpu = 00:00:24 ; elapsed = 00:00:17 . Memory (MB): peak = 3211.160 ; gain = 0.000 ; free physical = 16158 ; free virtual = 24247
Phase 7 Post Hold Fix | Checksum: 1ecfb345a

Time (s): cpu = 00:00:24 ; elapsed = 00:00:17 . Memory (MB): peak = 3211.160 ; gain = 0.000 ; free physical = 16158 ; free virtual = 24247

Phase 8 Route finalize

Router Utilization Summary
  Global Vertical Routing Utilization    = 0.526716 %
  Global Horizontal Routing Utilization  = 0.532877 %
  Routable Net Status*
  *Does not include unroutable nets such as driverless and loadless.
  Run report_route_status for detailed report.
  Number of Failed Nets               = 0
    (Failed Nets is the sum of unrouted and partially routed nets)
  Number of Unrouted Nets             = 0
  Number of Partially Routed Nets     = 0
  Number of Node Overlaps             = 0

Phase 8 Route finalize | Checksum: 1ecfb345a

Time (s): cpu = 00:00:24 ; elapsed = 00:00:17 . Memory (MB): peak = 3211.160 ; gain = 0.000 ; free physical = 16158 ; free virtual = 24247

Phase 9 Verifying routed nets

 Verification completed successfully
Phase 9 Verifying routed nets | Checksum: 1ecfb345a

Time (s): cpu = 00:00:24 ; elapsed = 00:00:17 . Memory (MB): peak = 3211.160 ; gain = 0.000 ; free physical = 16158 ; free virtual = 24247

Phase 10 Depositing Routes
Phase 10 Depositing Routes | Checksum: 20c3aaa4b

Time (s): cpu = 00:00:24 ; elapsed = 00:00:17 . Memory (MB): peak = 3211.160 ; gain = 0.000 ; free physical = 16158 ; free virtual = 24247

Phase 11 Post Process Routing
Phase 11 Post Process Routing | Checksum: 20c3aaa4b

Time (s): cpu = 00:00:24 ; elapsed = 00:00:17 . Memory (MB): peak = 3211.160 ; gain = 0.000 ; free physical = 16158 ; free virtual = 24247

Phase 12 Post Router Timing
INFO: [Route 35-57] Estimated Timing Summary | WNS=2.435  | TNS=0.000  | WHS=0.088  | THS=0.000  |

INFO: [Route 35-327] The final timing numbers are based on the router estimated timing analysis. For a complete and accurate timing signoff, please run report_timing_summary.
Phase 12 Post Router Timing | Checksum: 20c3aaa4b

Time (s): cpu = 00:00:24 ; elapsed = 00:00:17 . Memory (MB): peak = 3211.160 ; gain = 0.000 ; free physical = 16158 ; free virtual = 24247
Total Elapsed time in route_design: 16.81 secs

Phase 13 Post-Route Event Processing
Phase 13 Post-Route Event Processing | Checksum: 14d8e5ac9

Time (s): cpu = 00:00:24 ; elapsed = 00:00:17 . Memory (MB): peak = 3211.160 ; gain = 0.000 ; free physical = 16158 ; free virtual = 24247
INFO: [Route 35-16] Router Completed Successfully
Ending Routing Task | Checksum: 14d8e5ac9

Time (s): cpu = 00:00:24 ; elapsed = 00:00:17 . Memory (MB): peak = 3211.160 ; gain = 0.000 ; free physical = 16158 ; free virtual = 24247

Routing Is Done.
INFO: [Common 17-83] Releasing license: Implementation
99 Infos, 0 Warnings, 0 Critical Warnings and 0 Errors encountered.
route_design completed successfully
route_design: Time (s): cpu = 00:00:26 ; elapsed = 00:00:17 . Memory (MB): peak = 3211.160 ; gain = 0.000 ; free physical = 16158 ; free virtual = 24247
INFO: [Vivado 12-24828] Executing command : report_drc -file design_1_wrapper_drc_routed.rpt -pb design_1_wrapper_drc_routed.pb -rpx design_1_wrapper_drc_routed.rpx
Command: report_drc -file design_1_wrapper_drc_routed.rpt -pb design_1_wrapper_drc_routed.pb -rpx design_1_wrapper_drc_routed.rpx
INFO: [IP_Flow 19-1839] IP Catalog is up to date.
INFO: [DRC 23-27] Running DRC with 8 threads
INFO: [Vivado_Tcl 2-168] The results of DRC are in file /home/goossens/goossens-book-ip-projects/2024.1/fetching_decoding_ip/project_1.runs/impl_1/design_1_wrapper_drc_routed.rpt.
report_drc completed successfully
INFO: [Vivado 12-24828] Executing command : report_methodology -file design_1_wrapper_methodology_drc_routed.rpt -pb design_1_wrapper_methodology_drc_routed.pb -rpx design_1_wrapper_methodology_drc_routed.rpx
Command: report_methodology -file design_1_wrapper_methodology_drc_routed.rpt -pb design_1_wrapper_methodology_drc_routed.pb -rpx design_1_wrapper_methodology_drc_routed.rpx
INFO: [Timing 38-35] Done setting XDC timing constraints.
INFO: [DRC 23-133] Running Methodology with 8 threads
INFO: [Vivado_Tcl 2-1520] The results of Report Methodology are in file /home/goossens/goossens-book-ip-projects/2024.1/fetching_decoding_ip/project_1.runs/impl_1/design_1_wrapper_methodology_drc_routed.rpt.
report_methodology completed successfully
INFO: [Vivado 12-24828] Executing command : report_timing_summary -max_paths 10 -report_unconstrained -file design_1_wrapper_timing_summary_routed.rpt -pb design_1_wrapper_timing_summary_routed.pb -rpx design_1_wrapper_timing_summary_routed.rpx -warn_on_violation 
INFO: [Timing 38-35] Done setting XDC timing constraints.
INFO: [Timing 38-91] UpdateTimingParams: Speed grade: -1, Delay Type: min_max.
INFO: [Timing 38-191] Multithreading enabled for timing update using a maximum of 8 CPUs
INFO: [Vivado 12-24838] Running report commands "report_bus_skew, report_incremental_reuse, report_route_status" in parallel.
Running report generation with 3 threads.
INFO: [Vivado 12-24828] Executing command : report_incremental_reuse -file design_1_wrapper_incremental_reuse_routed.rpt
INFO: [Vivado_Tcl 4-1062] Incremental flow is disabled. No incremental reuse Info to report.
INFO: [Vivado 12-24828] Executing command : report_route_status -file design_1_wrapper_route_status.rpt -pb design_1_wrapper_route_status.pb
INFO: [Vivado 12-24828] Executing command : report_bus_skew -warn_on_violation -file design_1_wrapper_bus_skew_routed.rpt -pb design_1_wrapper_bus_skew_routed.pb -rpx design_1_wrapper_bus_skew_routed.rpx
INFO: [Timing 38-91] UpdateTimingParams: Speed grade: -1, Delay Type: min_max.
INFO: [Timing 38-191] Multithreading enabled for timing update using a maximum of 8 CPUs
INFO: [Vivado 12-24828] Executing command : report_power -file design_1_wrapper_power_routed.rpt -pb design_1_wrapper_power_summary_routed.pb -rpx design_1_wrapper_power_routed.rpx
Command: report_power -file design_1_wrapper_power_routed.rpt -pb design_1_wrapper_power_summary_routed.pb -rpx design_1_wrapper_power_routed.rpx
Running Vector-less Activity Propagation...

Finished Running Vector-less Activity Propagation
119 Infos, 0 Warnings, 0 Critical Warnings and 0 Errors encountered.
report_power completed successfully
INFO: [Vivado 12-24828] Executing command : report_clock_utilization -file design_1_wrapper_clock_utilization_routed.rpt
WARNING: [Device 21-9320] Failed to find the Oracle tile group with name 'HSR_BOUNDARY_TOP'. This is required for Clock regions and Virtual grid.
WARNING: [Device 21-2174] Failed to initialize Virtual grid.
INFO: [Timing 38-480] Writing timing data to binary archive.
Write ShapeDB Complete: Time (s): cpu = 00:00:00.03 ; elapsed = 00:00:00.01 . Memory (MB): peak = 3303.164 ; gain = 0.000 ; free physical = 16041 ; free virtual = 24132
Wrote PlaceDB: Time (s): cpu = 00:00:00.31 ; elapsed = 00:00:00.08 . Memory (MB): peak = 3303.164 ; gain = 0.000 ; free physical = 16041 ; free virtual = 24134
Wrote PulsedLatchDB: Time (s): cpu = 00:00:00 ; elapsed = 00:00:00 . Memory (MB): peak = 3303.164 ; gain = 0.000 ; free physical = 16041 ; free virtual = 24134
Writing XDEF routing.
Writing XDEF routing logical nets.
Writing XDEF routing special nets.
Wrote RouteStorage: Time (s): cpu = 00:00:00.06 ; elapsed = 00:00:00.04 . Memory (MB): peak = 3303.164 ; gain = 0.000 ; free physical = 16041 ; free virtual = 24135
Wrote Netlist Cache: Time (s): cpu = 00:00:00 ; elapsed = 00:00:00 . Memory (MB): peak = 3303.164 ; gain = 0.000 ; free physical = 16041 ; free virtual = 24135
Wrote Device Cache: Time (s): cpu = 00:00:00 ; elapsed = 00:00:00.01 . Memory (MB): peak = 3303.164 ; gain = 0.000 ; free physical = 16041 ; free virtual = 24136
Write Physdb Complete: Time (s): cpu = 00:00:00.38 ; elapsed = 00:00:00.13 . Memory (MB): peak = 3303.164 ; gain = 0.000 ; free physical = 16041 ; free virtual = 24136
INFO: [Common 17-1381] The checkpoint '/home/goossens/goossens-book-ip-projects/2024.1/fetching_decoding_ip/project_1.runs/impl_1/design_1_wrapper_routed.dcp' has been generated.
Command: write_bitstream -force design_1_wrapper.bit
Attempting to get a license for feature 'Implementation' and/or device 'xc7z020'
INFO: [Common 17-349] Got license for feature 'Implementation' and/or device 'xc7z020'
Running DRC as a precondition to command write_bitstream
INFO: [IP_Flow 19-1839] IP Catalog is up to date.
INFO: [DRC 23-27] Running DRC with 8 threads
INFO: [Vivado 12-3199] DRC finished with 0 Errors
INFO: [Vivado 12-3200] Please refer to the DRC report (report_drc) for more information.
INFO: [Designutils 20-2272] Running write_bitstream with 8 threads.
Loading data files...
Loading site data...
Loading route data...
Processing options...
Creating bitmap...
Creating bitstream...
Writing bitstream ./design_1_wrapper.bit...
INFO: [Vivado 12-1842] Bitgen Completed Successfully.
INFO: [Common 17-83] Releasing license: Implementation
130 Infos, 2 Warnings, 0 Critical Warnings and 0 Errors encountered.
write_bitstream completed successfully
write_bitstream: Time (s): cpu = 00:00:15 ; elapsed = 00:00:12 . Memory (MB): peak = 3518.180 ; gain = 215.016 ; free physical = 15826 ; free virtual = 23922
INFO: [Common 17-206] Exiting Vivado at Sun Sep  8 15:16:49 2024...
