Sun Sep  8 16:40:28 2024: Running xcd server. This server was built by gradle.
Sun Sep  8 16:40:28 2024: Server was asked to start on port: '41789'
Sun Sep  8 16:40:28 2024: Server is using token UUID: 'd8983f43-5420-47e2-b2bf-b47700c78f16'
Sun Sep  8 16:40:28 2024: SESSION_MGR: creating session with session uuid: '6d04a3e9-ade5-4ab9-8d63-1f78fcd2ec76' and name 'default'
Sun Sep  8 16:40:28 2024: Attempting to start server on port '41789'
Sun Sep  8 16:40:28 2024: XCD main fifo: created main fifo '/tmp/xcdmaind8983f43-5420-47e2-b2bf-b47700c78f16', fd read = 13
Sun Sep  8 16:40:28 2024: Running Dispatch Server
Sun Sep  8 16:40:28 2024: Version 2.2.0
Sun Sep  8 16:40:29 2024: Dispatch Server: Accepted socket connection from client
Sun Sep  8 16:40:29 2024: Starting Socket connection
Sun Sep  8 16:40:29 2024: EXCHANGE_TOKEN received, server token: d8983f43-5420-47e2-b2bf-b47700c78f16, passed token: d8983f43-5420-47e2-b2bf-b47700c78f16
Sun Sep  8 16:40:29 2024: DISPATCH_HANDLER: Adding handler from function makeHandler in library libxv_system_diagram
Sun Sep  8 16:40:29 2024: SESSION_MGR: creating session with session uuid: '1a2791d5-dcfe-4df9-9738-52d70042c40a' and name 'vitis-run_compile_multicycle_pipeline_ip'
Sun Sep  8 16:40:29 2024: KERNEL_SVC: creating session with uuid: '1a2791d5-dcfe-4df9-9738-52d70042c40a' and name 'vitis-run_compile_multicycle_pipeline_ip'
Sun Sep  8 16:40:29 2024: GUIDANCE_SMGR: creating guidance session with uuid: '1a2791d5-dcfe-4df9-9738-52d70042c40a' and name 'vitis-run_compile_multicycle_pipeline_ip'
Sun Sep  8 16:40:29 2024: SYSTEM_DIAGRAM: creating session with uuid: '1a2791d5-dcfe-4df9-9738-52d70042c40a' and name 'vitis-run_compile_multicycle_pipeline_ip'
Sun Sep  8 16:40:34 2024: Dispatch Server: Accepted socket connection from client
Sun Sep  8 16:40:34 2024: Starting Socket connection
Sun Sep  8 16:40:51 2024: SESSION_MGR: closing session for UUID '1a2791d5-dcfe-4df9-9738-52d70042c40a' with name 'vitis-run_compile_multicycle_pipeline_ip'
Sun Sep  8 16:40:51 2024: KERNEL_SVC: closing session for UUID '1a2791d5-dcfe-4df9-9738-52d70042c40a' with name 'vitis-run_compile_multicycle_pipeline_ip'
Sun Sep  8 16:40:51 2024: GUIDANCE_SMGR: closing session for UUID '1a2791d5-dcfe-4df9-9738-52d70042c40a' with name 'vitis-run_compile_multicycle_pipeline_ip'
Sun Sep  8 16:40:51 2024: SYSTEM_DIAGRAM: closing session for UUID '1a2791d5-dcfe-4df9-9738-52d70042c40a' with name 'vitis-run_compile_multicycle_pipeline_ip'
Sun Sep  8 16:40:51 2024: STOP_SERVER received, server token: d8983f43-5420-47e2-b2bf-b47700c78f16, passed token: d8983f43-5420-47e2-b2bf-b47700c78f16
Sun Sep  8 16:40:51 2024: Socket received request to stop server.
Sun Sep  8 16:40:51 2024: Dispatch Server: do_await_stop
Sun Sep  8 16:40:51 2024: Dispatch Server: stopping mainFifo_
Sun Sep  8 16:40:51 2024: XCD main fifo: Stopping
Sun Sep  8 16:40:51 2024: XCD main fifo: do_read error code: Operation canceled
Sun Sep  8 16:40:51 2024: XCD main fifo: bytes_transferred: 0
Sun Sep  8 16:40:51 2024: SERVER: destructor for server bound to port 41789
Sun Sep  8 16:40:51 2024: XCD main fifo: Good unlink of /tmp/xcdmaind8983f43-5420-47e2-b2bf-b47700c78f16
Sun Sep  8 16:40:51 2024: Server exiting with status 0.
Sun Sep  8 16:40:51 2024: Closing log file.
Sun Sep  8 16:43:17 2024: Running xcd server. This server was built by gradle.
Sun Sep  8 16:43:17 2024: Server was asked to start on port: '45213'
Sun Sep  8 16:43:17 2024: Server is using token UUID: 'b851163f-4343-49e7-b514-a4cdbd6e44ba'
Sun Sep  8 16:43:17 2024: SESSION_MGR: creating session with session uuid: '6d04a3e9-ade5-4ab9-8d63-1f78fcd2ec76' and name 'default'
Sun Sep  8 16:43:17 2024: Attempting to start server on port '45213'
Sun Sep  8 16:43:17 2024: XCD main fifo: created main fifo '/tmp/xcdmainb851163f-4343-49e7-b514-a4cdbd6e44ba', fd read = 13
Sun Sep  8 16:43:17 2024: Running Dispatch Server
Sun Sep  8 16:43:17 2024: Version 2.2.0
Sun Sep  8 16:43:18 2024: Dispatch Server: Accepted socket connection from client
Sun Sep  8 16:43:18 2024: Starting Socket connection
Sun Sep  8 16:43:18 2024: EXCHANGE_TOKEN received, server token: b851163f-4343-49e7-b514-a4cdbd6e44ba, passed token: b851163f-4343-49e7-b514-a4cdbd6e44ba
Sun Sep  8 16:43:19 2024: DISPATCH_HANDLER: Adding handler from function makeHandler in library libxv_system_diagram
Sun Sep  8 16:43:19 2024: SESSION_MGR: creating session with session uuid: '7f96d3e9-cb0c-4370-87cf-7acc01ce454c' and name 'vitis-run_compile_multicycle_pipeline_ip'
Sun Sep  8 16:43:19 2024: KERNEL_SVC: creating session with uuid: '7f96d3e9-cb0c-4370-87cf-7acc01ce454c' and name 'vitis-run_compile_multicycle_pipeline_ip'
Sun Sep  8 16:43:19 2024: GUIDANCE_SMGR: creating guidance session with uuid: '7f96d3e9-cb0c-4370-87cf-7acc01ce454c' and name 'vitis-run_compile_multicycle_pipeline_ip'
Sun Sep  8 16:43:19 2024: SYSTEM_DIAGRAM: creating session with uuid: '7f96d3e9-cb0c-4370-87cf-7acc01ce454c' and name 'vitis-run_compile_multicycle_pipeline_ip'
Sun Sep  8 16:43:23 2024: Dispatch Server: Accepted socket connection from client
Sun Sep  8 16:43:23 2024: Starting Socket connection
Sun Sep  8 16:43:29 2024: SESSION_MGR: closing session for UUID '7f96d3e9-cb0c-4370-87cf-7acc01ce454c' with name 'vitis-run_compile_multicycle_pipeline_ip'
Sun Sep  8 16:43:29 2024: KERNEL_SVC: closing session for UUID '7f96d3e9-cb0c-4370-87cf-7acc01ce454c' with name 'vitis-run_compile_multicycle_pipeline_ip'
Sun Sep  8 16:43:29 2024: GUIDANCE_SMGR: closing session for UUID '7f96d3e9-cb0c-4370-87cf-7acc01ce454c' with name 'vitis-run_compile_multicycle_pipeline_ip'
Sun Sep  8 16:43:29 2024: SYSTEM_DIAGRAM: closing session for UUID '7f96d3e9-cb0c-4370-87cf-7acc01ce454c' with name 'vitis-run_compile_multicycle_pipeline_ip'
Sun Sep  8 16:43:29 2024: STOP_SERVER received, server token: b851163f-4343-49e7-b514-a4cdbd6e44ba, passed token: b851163f-4343-49e7-b514-a4cdbd6e44ba
Sun Sep  8 16:43:29 2024: Socket received request to stop server.
Sun Sep  8 16:43:29 2024: Dispatch Server: do_await_stop
Sun Sep  8 16:43:29 2024: Dispatch Server: stopping mainFifo_
Sun Sep  8 16:43:29 2024: XCD main fifo: Stopping
Sun Sep  8 16:43:29 2024: XCD main fifo: do_read error code: Operation canceled
Sun Sep  8 16:43:29 2024: XCD main fifo: bytes_transferred: 0
Sun Sep  8 16:43:29 2024: SERVER: destructor for server bound to port 45213
Sun Sep  8 16:43:29 2024: XCD main fifo: Good unlink of /tmp/xcdmainb851163f-4343-49e7-b514-a4cdbd6e44ba
Sun Sep  8 16:43:29 2024: Server exiting with status 0.
Sun Sep  8 16:43:29 2024: Closing log file.
Sun Sep  8 16:47:19 2024: Running xcd server. This server was built by gradle.
Sun Sep  8 16:47:19 2024: Server was asked to start on port: '33665'
Sun Sep  8 16:47:19 2024: Server is using token UUID: '5b7f5c77-fabd-463b-a48c-efd9eb05a93e'
Sun Sep  8 16:47:19 2024: SESSION_MGR: creating session with session uuid: '6d04a3e9-ade5-4ab9-8d63-1f78fcd2ec76' and name 'default'
Sun Sep  8 16:47:19 2024: Attempting to start server on port '33665'
Sun Sep  8 16:47:19 2024: XCD main fifo: created main fifo '/tmp/xcdmain5b7f5c77-fabd-463b-a48c-efd9eb05a93e', fd read = 13
Sun Sep  8 16:47:19 2024: Running Dispatch Server
Sun Sep  8 16:47:19 2024: Version 2.2.0
Sun Sep  8 16:47:20 2024: Dispatch Server: Accepted socket connection from client
Sun Sep  8 16:47:20 2024: Starting Socket connection
Sun Sep  8 16:47:20 2024: EXCHANGE_TOKEN received, server token: 5b7f5c77-fabd-463b-a48c-efd9eb05a93e, passed token: 5b7f5c77-fabd-463b-a48c-efd9eb05a93e
Sun Sep  8 16:47:21 2024: DISPATCH_HANDLER: Adding handler from function makeHandler in library libxv_system_diagram
Sun Sep  8 16:47:21 2024: SESSION_MGR: creating session with session uuid: '631597a9-1509-488c-89cc-1cb26cd532a0' and name 'vitis-run_compile_multicycle_pipeline_ip'
Sun Sep  8 16:47:21 2024: KERNEL_SVC: creating session with uuid: '631597a9-1509-488c-89cc-1cb26cd532a0' and name 'vitis-run_compile_multicycle_pipeline_ip'
Sun Sep  8 16:47:21 2024: GUIDANCE_SMGR: creating guidance session with uuid: '631597a9-1509-488c-89cc-1cb26cd532a0' and name 'vitis-run_compile_multicycle_pipeline_ip'
Sun Sep  8 16:47:21 2024: SYSTEM_DIAGRAM: creating session with uuid: '631597a9-1509-488c-89cc-1cb26cd532a0' and name 'vitis-run_compile_multicycle_pipeline_ip'
Sun Sep  8 16:47:25 2024: Dispatch Server: Accepted socket connection from client
Sun Sep  8 16:47:25 2024: Starting Socket connection
Sun Sep  8 16:47:27 2024: SESSION_MGR: closing session for UUID '631597a9-1509-488c-89cc-1cb26cd532a0' with name 'vitis-run_compile_multicycle_pipeline_ip'
Sun Sep  8 16:47:27 2024: KERNEL_SVC: closing session for UUID '631597a9-1509-488c-89cc-1cb26cd532a0' with name 'vitis-run_compile_multicycle_pipeline_ip'
Sun Sep  8 16:47:27 2024: GUIDANCE_SMGR: closing session for UUID '631597a9-1509-488c-89cc-1cb26cd532a0' with name 'vitis-run_compile_multicycle_pipeline_ip'
Sun Sep  8 16:47:27 2024: SYSTEM_DIAGRAM: closing session for UUID '631597a9-1509-488c-89cc-1cb26cd532a0' with name 'vitis-run_compile_multicycle_pipeline_ip'
Sun Sep  8 16:47:27 2024: STOP_SERVER received, server token: 5b7f5c77-fabd-463b-a48c-efd9eb05a93e, passed token: 5b7f5c77-fabd-463b-a48c-efd9eb05a93e
Sun Sep  8 16:47:27 2024: Socket received request to stop server.
Sun Sep  8 16:47:27 2024: Dispatch Server: do_await_stop
Sun Sep  8 16:47:27 2024: Dispatch Server: stopping mainFifo_
Sun Sep  8 16:47:27 2024: XCD main fifo: Stopping
Sun Sep  8 16:47:27 2024: XCD main fifo: do_read error code: Operation canceled
Sun Sep  8 16:47:27 2024: XCD main fifo: bytes_transferred: 0
Sun Sep  8 16:47:27 2024: SERVER: destructor for server bound to port 33665
Sun Sep  8 16:47:27 2024: XCD main fifo: Good unlink of /tmp/xcdmain5b7f5c77-fabd-463b-a48c-efd9eb05a93e
Sun Sep  8 16:47:27 2024: Server exiting with status 0.
Sun Sep  8 16:47:27 2024: Closing log file.
Sun Sep  8 16:48:09 2024: Running xcd server. This server was built by gradle.
Sun Sep  8 16:48:09 2024: Server was asked to start on port: '39369'
Sun Sep  8 16:48:09 2024: Server is using token UUID: '8edca2cc-546f-4120-a6a7-5352bb6a418d'
Sun Sep  8 16:48:09 2024: SESSION_MGR: creating session with session uuid: '6d04a3e9-ade5-4ab9-8d63-1f78fcd2ec76' and name 'default'
Sun Sep  8 16:48:09 2024: Attempting to start server on port '39369'
Sun Sep  8 16:48:09 2024: XCD main fifo: created main fifo '/tmp/xcdmain8edca2cc-546f-4120-a6a7-5352bb6a418d', fd read = 13
Sun Sep  8 16:48:09 2024: Running Dispatch Server
Sun Sep  8 16:48:09 2024: Version 2.2.0
Sun Sep  8 16:48:10 2024: Dispatch Server: Accepted socket connection from client
Sun Sep  8 16:48:10 2024: Starting Socket connection
Sun Sep  8 16:48:10 2024: EXCHANGE_TOKEN received, server token: 8edca2cc-546f-4120-a6a7-5352bb6a418d, passed token: 8edca2cc-546f-4120-a6a7-5352bb6a418d
Sun Sep  8 16:48:11 2024: DISPATCH_HANDLER: Adding handler from function makeHandler in library libxv_system_diagram
Sun Sep  8 16:48:11 2024: SESSION_MGR: creating session with session uuid: '81b458bb-6c6a-4587-ba2c-f06d8260aa8a' and name 'v++_compile_multicycle_pipeline_ip'
Sun Sep  8 16:48:11 2024: KERNEL_SVC: creating session with uuid: '81b458bb-6c6a-4587-ba2c-f06d8260aa8a' and name 'v++_compile_multicycle_pipeline_ip'
Sun Sep  8 16:48:11 2024: GUIDANCE_SMGR: creating guidance session with uuid: '81b458bb-6c6a-4587-ba2c-f06d8260aa8a' and name 'v++_compile_multicycle_pipeline_ip'
Sun Sep  8 16:48:11 2024: SYSTEM_DIAGRAM: creating session with uuid: '81b458bb-6c6a-4587-ba2c-f06d8260aa8a' and name 'v++_compile_multicycle_pipeline_ip'
Sun Sep  8 16:48:15 2024: Dispatch Server: Accepted socket connection from client
Sun Sep  8 16:48:15 2024: Starting Socket connection
Sun Sep  8 16:49:17 2024: SESSION_MGR: closing session for UUID '81b458bb-6c6a-4587-ba2c-f06d8260aa8a' with name 'v++_compile_multicycle_pipeline_ip'
Sun Sep  8 16:49:17 2024: KERNEL_SVC: closing session for UUID '81b458bb-6c6a-4587-ba2c-f06d8260aa8a' with name 'v++_compile_multicycle_pipeline_ip'
Sun Sep  8 16:49:17 2024: GUIDANCE_SMGR: closing session for UUID '81b458bb-6c6a-4587-ba2c-f06d8260aa8a' with name 'v++_compile_multicycle_pipeline_ip'
Sun Sep  8 16:49:17 2024: SYSTEM_DIAGRAM: closing session for UUID '81b458bb-6c6a-4587-ba2c-f06d8260aa8a' with name 'v++_compile_multicycle_pipeline_ip'
Sun Sep  8 16:49:17 2024: STOP_SERVER received, server token: 8edca2cc-546f-4120-a6a7-5352bb6a418d, passed token: 8edca2cc-546f-4120-a6a7-5352bb6a418d
Sun Sep  8 16:49:17 2024: Socket received request to stop server.
Sun Sep  8 16:49:17 2024: Dispatch Server: do_await_stop
Sun Sep  8 16:49:17 2024: Dispatch Server: stopping mainFifo_
Sun Sep  8 16:49:17 2024: XCD main fifo: Stopping
Sun Sep  8 16:49:17 2024: XCD main fifo: do_read error code: Operation canceled
Sun Sep  8 16:49:17 2024: XCD main fifo: bytes_transferred: 0
Sun Sep  8 16:49:17 2024: SERVER: destructor for server bound to port 39369
Sun Sep  8 16:49:17 2024: XCD main fifo: Good unlink of /tmp/xcdmain8edca2cc-546f-4120-a6a7-5352bb6a418d
Sun Sep  8 16:49:17 2024: Server exiting with status 0.
Sun Sep  8 16:49:17 2024: Closing log file.
Sun Sep  8 16:49:25 2024: Running xcd server. This server was built by gradle.
Sun Sep  8 16:49:25 2024: Server was asked to start on port: '42455'
Sun Sep  8 16:49:25 2024: Server is using token UUID: '3f3e6666-78fd-42ba-ba3b-0a50d1469905'
Sun Sep  8 16:49:25 2024: SESSION_MGR: creating session with session uuid: '6d04a3e9-ade5-4ab9-8d63-1f78fcd2ec76' and name 'default'
Sun Sep  8 16:49:25 2024: Attempting to start server on port '42455'
Sun Sep  8 16:49:25 2024: XCD main fifo: created main fifo '/tmp/xcdmain3f3e6666-78fd-42ba-ba3b-0a50d1469905', fd read = 13
Sun Sep  8 16:49:25 2024: Running Dispatch Server
Sun Sep  8 16:49:25 2024: Version 2.2.0
Sun Sep  8 16:49:26 2024: Dispatch Server: Accepted socket connection from client
Sun Sep  8 16:49:26 2024: Starting Socket connection
Sun Sep  8 16:49:26 2024: EXCHANGE_TOKEN received, server token: 3f3e6666-78fd-42ba-ba3b-0a50d1469905, passed token: 3f3e6666-78fd-42ba-ba3b-0a50d1469905
Sun Sep  8 16:49:26 2024: DISPATCH_HANDLER: Adding handler from function makeHandler in library libxv_system_diagram
Sun Sep  8 16:49:26 2024: SESSION_MGR: creating session with session uuid: '3b66df8b-5589-4d1d-adf2-3ace53fc83e7' and name 'vitis-run_compile_multicycle_pipeline_ip'
Sun Sep  8 16:49:26 2024: KERNEL_SVC: creating session with uuid: '3b66df8b-5589-4d1d-adf2-3ace53fc83e7' and name 'vitis-run_compile_multicycle_pipeline_ip'
Sun Sep  8 16:49:26 2024: GUIDANCE_SMGR: creating guidance session with uuid: '3b66df8b-5589-4d1d-adf2-3ace53fc83e7' and name 'vitis-run_compile_multicycle_pipeline_ip'
Sun Sep  8 16:49:26 2024: SYSTEM_DIAGRAM: creating session with uuid: '3b66df8b-5589-4d1d-adf2-3ace53fc83e7' and name 'vitis-run_compile_multicycle_pipeline_ip'
Sun Sep  8 16:49:32 2024: Dispatch Server: Accepted socket connection from client
Sun Sep  8 16:49:32 2024: Starting Socket connection
Sun Sep  8 16:49:56 2024: SESSION_MGR: closing session for UUID '3b66df8b-5589-4d1d-adf2-3ace53fc83e7' with name 'vitis-run_compile_multicycle_pipeline_ip'
Sun Sep  8 16:49:56 2024: KERNEL_SVC: closing session for UUID '3b66df8b-5589-4d1d-adf2-3ace53fc83e7' with name 'vitis-run_compile_multicycle_pipeline_ip'
Sun Sep  8 16:49:56 2024: GUIDANCE_SMGR: closing session for UUID '3b66df8b-5589-4d1d-adf2-3ace53fc83e7' with name 'vitis-run_compile_multicycle_pipeline_ip'
Sun Sep  8 16:49:56 2024: SYSTEM_DIAGRAM: closing session for UUID '3b66df8b-5589-4d1d-adf2-3ace53fc83e7' with name 'vitis-run_compile_multicycle_pipeline_ip'
Sun Sep  8 16:49:56 2024: STOP_SERVER received, server token: 3f3e6666-78fd-42ba-ba3b-0a50d1469905, passed token: 3f3e6666-78fd-42ba-ba3b-0a50d1469905
Sun Sep  8 16:49:56 2024: Socket received request to stop server.
Sun Sep  8 16:49:56 2024: Dispatch Server: do_await_stop
Sun Sep  8 16:49:56 2024: Dispatch Server: stopping mainFifo_
Sun Sep  8 16:49:56 2024: XCD main fifo: Stopping
Sun Sep  8 16:49:56 2024: XCD main fifo: do_read error code: Operation canceled
Sun Sep  8 16:49:56 2024: XCD main fifo: bytes_transferred: 0
Sun Sep  8 16:49:56 2024: SERVER: destructor for server bound to port 42455
Sun Sep  8 16:49:56 2024: XCD main fifo: Good unlink of /tmp/xcdmain3f3e6666-78fd-42ba-ba3b-0a50d1469905
Sun Sep  8 16:49:56 2024: Server exiting with status 0.
Sun Sep  8 16:49:56 2024: Closing log file.
