INFO: [vitis-run 60-1548] Creating build summary session with primary output /home/bgoossens/goossens-book-ip-projects/2024.1/multicore_multicycle_2c_ip/workspace_seq/hls_component/multicycle_pipeline_ip/multicycle_pipeline_ip.hlsrun_package_summary, at Fri Aug 23 12:47:24 2024
INFO: [vitis-run 82-31] Launching vitis_hls: vitis_hls -nolog -run package -work_dir /home/bgoossens/goossens-book-ip-projects/2024.1/multicore_multicycle_2c_ip/workspace_seq/hls_component/multicycle_pipeline_ip -config /home/bgoossens/goossens-book-ip-projects/2024.1/multicore_multicycle_2c_ip/workspace_seq/hls_component/hls_config.cfg -cmdlineconfig /home/bgoossens/goossens-book-ip-projects/2024.1/multicore_multicycle_2c_ip/workspace_seq/hls_component/multicycle_pipeline_ip/hls/config.cmdline

****** Vitis HLS - High-Level Synthesis from C, C++ and OpenCL v2024.1 (64-bit)
  **** SW Build 5069499 on May 21 2024
  **** IP Build 5075265 on Wed May 22 21:45:21 MDT 2024
  **** SharedData Build 5076995 on Wed May 22 18:29:18 MDT 2024
  **** Start of session at: Fri Aug 23 12:47:26 2024
    ** Copyright 1986-2022 Xilinx, Inc. All Rights Reserved.
    ** Copyright 2022-2024 Advanced Micro Devices, Inc. All Rights Reserved.

source /opt/Xilinx/Vitis_HLS/2024.1/scripts/vitis_hls/hls.tcl -notrace
INFO: [HLS 200-10] For user 'bgoossens' on host 'tauriel' (Linux_x86_64 version 5.15.0-119-generic) on Fri Aug 23 12:47:27 CEST 2024
INFO: [HLS 200-10] On os Ubuntu 20.04.6 LTS
INFO: [HLS 200-10] In directory '/home/bgoossens/goossens-book-ip-projects/2024.1/multicore_multicycle_2c_ip/workspace_seq/hls_component'
INFO: [HLS 200-2005] Using work_dir /home/bgoossens/goossens-book-ip-projects/2024.1/multicore_multicycle_2c_ip/workspace_seq/hls_component/multicycle_pipeline_ip 
INFO: [HLS 200-1611] Setting target device to 'xc7z020-clg400-1'
INFO: [HLS 200-1505] Using default flow_target 'vivado'
Resolution: For help on HLS 200-1505 see docs.xilinx.com/access/sources/dita/topic?Doc_Version=2024.1%20English&url=ug1448-hls-guidance&resourceid=200-1505.html
INFO: [HLS 200-1465] Applying ini 'syn.file=/home/bgoossens/goossens-book-ip-projects/2024.1/multicore_multicycle_2c_ip/wb.cpp' from /home/bgoossens/goossens-book-ip-projects/2024.1/multicore_multicycle_2c_ip/workspace_seq/hls_component/hls_config.cfg(6)
INFO: [HLS 200-10] Adding design file '/home/bgoossens/goossens-book-ip-projects/2024.1/multicore_multicycle_2c_ip/wb.cpp' to the project
INFO: [HLS 200-1465] Applying ini 'syn.file=/home/bgoossens/goossens-book-ip-projects/2024.1/multicore_multicycle_2c_ip/type.cpp' from /home/bgoossens/goossens-book-ip-projects/2024.1/multicore_multicycle_2c_ip/workspace_seq/hls_component/hls_config.cfg(7)
INFO: [HLS 200-10] Adding design file '/home/bgoossens/goossens-book-ip-projects/2024.1/multicore_multicycle_2c_ip/type.cpp' to the project
INFO: [HLS 200-1465] Applying ini 'syn.file=/home/bgoossens/goossens-book-ip-projects/2024.1/multicore_multicycle_2c_ip/print.cpp' from /home/bgoossens/goossens-book-ip-projects/2024.1/multicore_multicycle_2c_ip/workspace_seq/hls_component/hls_config.cfg(8)
INFO: [HLS 200-10] Adding design file '/home/bgoossens/goossens-book-ip-projects/2024.1/multicore_multicycle_2c_ip/print.cpp' to the project
INFO: [HLS 200-1465] Applying ini 'syn.file=/home/bgoossens/goossens-book-ip-projects/2024.1/multicore_multicycle_2c_ip/new_cycle.cpp' from /home/bgoossens/goossens-book-ip-projects/2024.1/multicore_multicycle_2c_ip/workspace_seq/hls_component/hls_config.cfg(9)
INFO: [HLS 200-10] Adding design file '/home/bgoossens/goossens-book-ip-projects/2024.1/multicore_multicycle_2c_ip/new_cycle.cpp' to the project
INFO: [HLS 200-1465] Applying ini 'syn.file=/home/bgoossens/goossens-book-ip-projects/2024.1/multicore_multicycle_2c_ip/multicycle_pipeline_ip.cpp' from /home/bgoossens/goossens-book-ip-projects/2024.1/multicore_multicycle_2c_ip/workspace_seq/hls_component/hls_config.cfg(10)
INFO: [HLS 200-10] Adding design file '/home/bgoossens/goossens-book-ip-projects/2024.1/multicore_multicycle_2c_ip/multicycle_pipeline_ip.cpp' to the project
INFO: [HLS 200-1465] Applying ini 'syn.file=/home/bgoossens/goossens-book-ip-projects/2024.1/multicore_multicycle_2c_ip/mem_access.cpp' from /home/bgoossens/goossens-book-ip-projects/2024.1/multicore_multicycle_2c_ip/workspace_seq/hls_component/hls_config.cfg(11)
INFO: [HLS 200-10] Adding design file '/home/bgoossens/goossens-book-ip-projects/2024.1/multicore_multicycle_2c_ip/mem_access.cpp' to the project
INFO: [HLS 200-1465] Applying ini 'syn.file=/home/bgoossens/goossens-book-ip-projects/2024.1/multicore_multicycle_2c_ip/mem.cpp' from /home/bgoossens/goossens-book-ip-projects/2024.1/multicore_multicycle_2c_ip/workspace_seq/hls_component/hls_config.cfg(12)
INFO: [HLS 200-10] Adding design file '/home/bgoossens/goossens-book-ip-projects/2024.1/multicore_multicycle_2c_ip/mem.cpp' to the project
INFO: [HLS 200-1465] Applying ini 'syn.file=/home/bgoossens/goossens-book-ip-projects/2024.1/multicore_multicycle_2c_ip/issue.cpp' from /home/bgoossens/goossens-book-ip-projects/2024.1/multicore_multicycle_2c_ip/workspace_seq/hls_component/hls_config.cfg(13)
INFO: [HLS 200-10] Adding design file '/home/bgoossens/goossens-book-ip-projects/2024.1/multicore_multicycle_2c_ip/issue.cpp' to the project
INFO: [HLS 200-1465] Applying ini 'syn.file=/home/bgoossens/goossens-book-ip-projects/2024.1/multicore_multicycle_2c_ip/immediate.cpp' from /home/bgoossens/goossens-book-ip-projects/2024.1/multicore_multicycle_2c_ip/workspace_seq/hls_component/hls_config.cfg(14)
INFO: [HLS 200-10] Adding design file '/home/bgoossens/goossens-book-ip-projects/2024.1/multicore_multicycle_2c_ip/immediate.cpp' to the project
INFO: [HLS 200-1465] Applying ini 'syn.file=/home/bgoossens/goossens-book-ip-projects/2024.1/multicore_multicycle_2c_ip/fetch.cpp' from /home/bgoossens/goossens-book-ip-projects/2024.1/multicore_multicycle_2c_ip/workspace_seq/hls_component/hls_config.cfg(15)
INFO: [HLS 200-10] Adding design file '/home/bgoossens/goossens-book-ip-projects/2024.1/multicore_multicycle_2c_ip/fetch.cpp' to the project
INFO: [HLS 200-1465] Applying ini 'syn.file=/home/bgoossens/goossens-book-ip-projects/2024.1/multicore_multicycle_2c_ip/execute.cpp' from /home/bgoossens/goossens-book-ip-projects/2024.1/multicore_multicycle_2c_ip/workspace_seq/hls_component/hls_config.cfg(16)
INFO: [HLS 200-10] Adding design file '/home/bgoossens/goossens-book-ip-projects/2024.1/multicore_multicycle_2c_ip/execute.cpp' to the project
INFO: [HLS 200-1465] Applying ini 'syn.file=/home/bgoossens/goossens-book-ip-projects/2024.1/multicore_multicycle_2c_ip/emulate.cpp' from /home/bgoossens/goossens-book-ip-projects/2024.1/multicore_multicycle_2c_ip/workspace_seq/hls_component/hls_config.cfg(17)
INFO: [HLS 200-10] Adding design file '/home/bgoossens/goossens-book-ip-projects/2024.1/multicore_multicycle_2c_ip/emulate.cpp' to the project
INFO: [HLS 200-1465] Applying ini 'syn.file=/home/bgoossens/goossens-book-ip-projects/2024.1/multicore_multicycle_2c_ip/disassemble.cpp' from /home/bgoossens/goossens-book-ip-projects/2024.1/multicore_multicycle_2c_ip/workspace_seq/hls_component/hls_config.cfg(18)
INFO: [HLS 200-10] Adding design file '/home/bgoossens/goossens-book-ip-projects/2024.1/multicore_multicycle_2c_ip/disassemble.cpp' to the project
INFO: [HLS 200-1465] Applying ini 'syn.file=/home/bgoossens/goossens-book-ip-projects/2024.1/multicore_multicycle_2c_ip/decode.cpp' from /home/bgoossens/goossens-book-ip-projects/2024.1/multicore_multicycle_2c_ip/workspace_seq/hls_component/hls_config.cfg(19)
INFO: [HLS 200-10] Adding design file '/home/bgoossens/goossens-book-ip-projects/2024.1/multicore_multicycle_2c_ip/decode.cpp' to the project
INFO: [HLS 200-1465] Applying ini 'syn.file=/home/bgoossens/goossens-book-ip-projects/2024.1/multicore_multicycle_2c_ip/compute.cpp' from /home/bgoossens/goossens-book-ip-projects/2024.1/multicore_multicycle_2c_ip/workspace_seq/hls_component/hls_config.cfg(20)
INFO: [HLS 200-10] Adding design file '/home/bgoossens/goossens-book-ip-projects/2024.1/multicore_multicycle_2c_ip/compute.cpp' to the project
INFO: [HLS 200-1465] Applying ini 'tb.file=/home/bgoossens/goossens-book-ip-projects/2024.1/multicore_multicycle_2c_ip/testbench_seq_multicore_multicycle_ip.cpp' from /home/bgoossens/goossens-book-ip-projects/2024.1/multicore_multicycle_2c_ip/workspace_seq/hls_component/hls_config.cfg(25)
INFO: [HLS 200-10] Adding test bench file '/home/bgoossens/goossens-book-ip-projects/2024.1/multicore_multicycle_2c_ip/testbench_seq_multicore_multicycle_ip.cpp' to the project
INFO: [HLS 200-1465] Applying ini 'syn.top=multicycle_pipeline_ip' from /home/bgoossens/goossens-book-ip-projects/2024.1/multicore_multicycle_2c_ip/workspace_seq/hls_component/hls_config.cfg(21)
INFO: [HLS 200-1465] Applying ini 'flow_target=vivado' from /home/bgoossens/goossens-book-ip-projects/2024.1/multicore_multicycle_2c_ip/workspace_seq/hls_component/hls_config.cfg(5)
INFO: [HLS 200-1505] Using flow_target 'vivado'
Resolution: For help on HLS 200-1505 see docs.xilinx.com/access/sources/dita/topic?Doc_Version=2024.1%20English&url=ug1448-hls-guidance&resourceid=200-1505.html
INFO: [HLS 200-1465] Applying ini 'part=xc7z020clg400-1' from /home/bgoossens/goossens-book-ip-projects/2024.1/multicore_multicycle_2c_ip/workspace_seq/hls_component/hls_config.cfg(1)
INFO: [HLS 200-1465] Applying ini 'clock=10ns' from /home/bgoossens/goossens-book-ip-projects/2024.1/multicore_multicycle_2c_ip/workspace_seq/hls_component/hls_config.cfg(4)
INFO: [SYN 201-201] Setting up clock 'default' with a period of 10ns.
INFO: [HLS 200-1465] Applying ini 'package.output.format=ip_catalog' from /home/bgoossens/goossens-book-ip-projects/2024.1/multicore_multicycle_2c_ip/workspace_seq/hls_component/hls_config.cfg(22)
INFO: [HLS 200-1465] Applying ini 'vivado.rtl=verilog' from /home/bgoossens/goossens-book-ip-projects/2024.1/multicore_multicycle_2c_ip/workspace_seq/hls_component/hls_config.cfg(23)
INFO: [IMPL 213-8] Exporting RTL as a Vivado IP.

****** Vivado v2024.1 (64-bit)
  **** SW Build 5076996 on Wed May 22 18:36:09 MDT 2024
  **** IP Build 5075265 on Wed May 22 21:45:21 MDT 2024
  **** SharedData Build 5076995 on Wed May 22 18:29:18 MDT 2024
  **** Start of session at: Fri Aug 23 12:47:30 2024
    ** Copyright 1986-2022 Xilinx, Inc. All Rights Reserved.
    ** Copyright 2022-2024 Advanced Micro Devices, Inc. All Rights Reserved.

source run_ippack.tcl -notrace
INFO: calling package_hls_ip ip_types=vitis sysgen json_file=/home/bgoossens/goossens-book-ip-projects/2024.1/multicore_multicycle_2c_ip/workspace_seq/hls_component/multicycle_pipeline_ip/hls/hls_data.json outdir=/home/bgoossens/goossens-book-ip-projects/2024.1/multicore_multicycle_2c_ip/workspace_seq/hls_component/multicycle_pipeline_ip/hls/impl/ip srcdir=/home/bgoossens/goossens-book-ip-projects/2024.1/multicore_multicycle_2c_ip/workspace_seq/hls_component/multicycle_pipeline_ip/hls sort_interfaces_ports=false
INFO: Copied 1 ipmisc file(s) to /home/bgoossens/goossens-book-ip-projects/2024.1/multicore_multicycle_2c_ip/workspace_seq/hls_component/multicycle_pipeline_ip/hls/impl/ip/misc
INFO: Copied 10 verilog file(s) to /home/bgoossens/goossens-book-ip-projects/2024.1/multicore_multicycle_2c_ip/workspace_seq/hls_component/multicycle_pipeline_ip/hls/impl/ip/hdl/verilog
INFO: Copied 10 vhdl file(s) to /home/bgoossens/goossens-book-ip-projects/2024.1/multicore_multicycle_2c_ip/workspace_seq/hls_component/multicycle_pipeline_ip/hls/impl/ip/hdl/vhdl
INFO: Copied 10 swdriver file(s) to /home/bgoossens/goossens-book-ip-projects/2024.1/multicore_multicycle_2c_ip/workspace_seq/hls_component/multicycle_pipeline_ip/hls/impl/ip/drivers
ipx::create_core: Time (s): cpu = 00:00:05 ; elapsed = 00:00:06 . Memory (MB): peak = 1444.246 ; gain = 0.023 ; free physical = 188 ; free virtual = 6352
INFO: Import ports from HDL: /home/bgoossens/goossens-book-ip-projects/2024.1/multicore_multicycle_2c_ip/workspace_seq/hls_component/multicycle_pipeline_ip/hls/impl/ip/hdl/vhdl/multicycle_pipeline_ip.vhd (multicycle_pipeline_ip)
INFO: Add axi4lite interface s_axi_control
INFO: Add clock interface ap_clk
INFO: Add reset interface ap_rst_n
INFO: Add interrupt interface interrupt
INFO: [IP_Flow 19-234] Refreshing IP repositories
INFO: [IP_Flow 19-1704] No user IP repositories specified
INFO: [IP_Flow 19-2313] Loaded Vivado IP repository '/opt/Xilinx/Vivado/2024.1/data/ip'.
INFO: Add axi4full interface m_axi_gmem
INFO: Add bram interface ip_data_ram_PORTA
INFO: Calling post_process_vitis to specialize IP
INFO: Calling post_process_sysgen to specialize IP
Generating sysgen info xml from json file
INFO: Created IP /home/bgoossens/goossens-book-ip-projects/2024.1/multicore_multicycle_2c_ip/workspace_seq/hls_component/multicycle_pipeline_ip/hls/impl/ip/component.xml
INFO: Created IP archive /home/bgoossens/goossens-book-ip-projects/2024.1/multicore_multicycle_2c_ip/workspace_seq/hls_component/multicycle_pipeline_ip/hls/impl/ip/xilinx_com_hls_multicycle_pipeline_ip_1_0.zip
INFO: [Common 17-206] Exiting Vivado at Fri Aug 23 12:47:49 2024...
INFO: [HLS 200-802] Generated output file multicycle_pipeline_ip/multicycle_pipeline_ip.zip
INFO: [HLS 200-112] Total CPU user time: 24.06 seconds. Total CPU system time: 0.55 seconds. Total elapsed time: 26.92 seconds; peak allocated memory: 345.543 MB.
INFO: [vitis-run 60-791] Total elapsed time: 0h 0m 30s
