INFO: [vitis-run 60-1548] Creating build summary session with primary output /home/goossens/goossens-book-ip-projects/2024.1/multicore_multicycle_2c_ip/workspace/hls_component/multicycle_pipeline_ip/multicycle_pipeline_ip.hlsrun_package_summary, at Mon Sep  9 18:46:26 2024
INFO: [vitis-run 82-31] Launching vitis_hls: vitis_hls -nolog -run package -work_dir /home/goossens/goossens-book-ip-projects/2024.1/multicore_multicycle_2c_ip/workspace/hls_component/multicycle_pipeline_ip -config /home/goossens/goossens-book-ip-projects/2024.1/multicore_multicycle_2c_ip/workspace/hls_component/hls_config.cfg -cmdlineconfig /home/goossens/goossens-book-ip-projects/2024.1/multicore_multicycle_2c_ip/workspace/hls_component/multicycle_pipeline_ip/hls/config.cmdline

****** Vitis HLS - High-Level Synthesis from C, C++ and OpenCL v2024.1 (64-bit)
  **** SW Build 5069499 on May 21 2024
  **** IP Build 5075265 on Wed May 22 21:45:21 MDT 2024
  **** SharedData Build 5076995 on Wed May 22 18:29:18 MDT 2024
  **** Start of session at: Mon Sep  9 18:46:27 2024
    ** Copyright 1986-2022 Xilinx, Inc. All Rights Reserved.
    ** Copyright 2022-2024 Advanced Micro Devices, Inc. All Rights Reserved.

source /opt/Xilinx/Vitis_HLS/2024.1/scripts/vitis_hls/hls.tcl -notrace
INFO: [HLS 200-10] For user 'goossens' on host 'goossens-Precision-5530' (Linux_x86_64 version 6.8.0-40-generic) on Mon Sep 09 18:46:28 CEST 2024
INFO: [HLS 200-10] On os Ubuntu 22.04.4 LTS
INFO: [HLS 200-10] In directory '/home/goossens/goossens-book-ip-projects/2024.1/multicore_multicycle_2c_ip/workspace/hls_component'
INFO: [HLS 200-2005] Using work_dir /home/goossens/goossens-book-ip-projects/2024.1/multicore_multicycle_2c_ip/workspace/hls_component/multicycle_pipeline_ip 
INFO: [HLS 200-1611] Setting target device to 'xc7z020-clg400-1'
INFO: [HLS 200-1505] Using default flow_target 'vivado'
Resolution: For help on HLS 200-1505 see docs.xilinx.com/access/sources/dita/topic?Doc_Version=2024.1%20English&url=ug1448-hls-guidance&resourceid=200-1505.html
WARNING: [HLS 200-2001] file not found '/home/bgoossens/goossens-book-ip-projects/2024.1/multicore_multicycle_2c_ip/testbench_seq_multicore_multicycle_ip.cpp' see [hls] from /home/goossens/goossens-book-ip-projects/2024.1/multicore_multicycle_2c_ip/workspace/hls_component/hls_config.cfg(10)
WARNING: [HLS 200-2001] file not found '/home/bgoossens/goossens-book-ip-projects/2024.1/multicore_multicycle_2c_ip/wb.cpp' see [hls] from /home/goossens/goossens-book-ip-projects/2024.1/multicore_multicycle_2c_ip/workspace/hls_component/hls_config.cfg(12)
WARNING: [HLS 200-2001] file not found '/home/bgoossens/goossens-book-ip-projects/2024.1/multicore_multicycle_2c_ip/type.cpp' see [hls] from /home/goossens/goossens-book-ip-projects/2024.1/multicore_multicycle_2c_ip/workspace/hls_component/hls_config.cfg(13)
WARNING: [HLS 200-2001] file not found '/home/bgoossens/goossens-book-ip-projects/2024.1/multicore_multicycle_2c_ip/print.cpp' see [hls] from /home/goossens/goossens-book-ip-projects/2024.1/multicore_multicycle_2c_ip/workspace/hls_component/hls_config.cfg(14)
WARNING: [HLS 200-2001] file not found '/home/bgoossens/goossens-book-ip-projects/2024.1/multicore_multicycle_2c_ip/new_cycle.cpp' see [hls] from /home/goossens/goossens-book-ip-projects/2024.1/multicore_multicycle_2c_ip/workspace/hls_component/hls_config.cfg(15)
WARNING: [HLS 200-2001] file not found '/home/bgoossens/goossens-book-ip-projects/2024.1/multicore_multicycle_2c_ip/multicycle_pipeline_ip.cpp' see [hls] from /home/goossens/goossens-book-ip-projects/2024.1/multicore_multicycle_2c_ip/workspace/hls_component/hls_config.cfg(16)
WARNING: [HLS 200-2001] file not found '/home/bgoossens/goossens-book-ip-projects/2024.1/multicore_multicycle_2c_ip/mem_access.cpp' see [hls] from /home/goossens/goossens-book-ip-projects/2024.1/multicore_multicycle_2c_ip/workspace/hls_component/hls_config.cfg(17)
WARNING: [HLS 200-2001] file not found '/home/bgoossens/goossens-book-ip-projects/2024.1/multicore_multicycle_2c_ip/mem.cpp' see [hls] from /home/goossens/goossens-book-ip-projects/2024.1/multicore_multicycle_2c_ip/workspace/hls_component/hls_config.cfg(18)
WARNING: [HLS 200-2001] file not found '/home/bgoossens/goossens-book-ip-projects/2024.1/multicore_multicycle_2c_ip/issue.cpp' see [hls] from /home/goossens/goossens-book-ip-projects/2024.1/multicore_multicycle_2c_ip/workspace/hls_component/hls_config.cfg(19)
WARNING: [HLS 200-2001] file not found '/home/bgoossens/goossens-book-ip-projects/2024.1/multicore_multicycle_2c_ip/immediate.cpp' see [hls] from /home/goossens/goossens-book-ip-projects/2024.1/multicore_multicycle_2c_ip/workspace/hls_component/hls_config.cfg(20)
WARNING: [HLS 200-2001] file not found '/home/bgoossens/goossens-book-ip-projects/2024.1/multicore_multicycle_2c_ip/fetch.cpp' see [hls] from /home/goossens/goossens-book-ip-projects/2024.1/multicore_multicycle_2c_ip/workspace/hls_component/hls_config.cfg(21)
WARNING: [HLS 200-2001] file not found '/home/bgoossens/goossens-book-ip-projects/2024.1/multicore_multicycle_2c_ip/execute.cpp' see [hls] from /home/goossens/goossens-book-ip-projects/2024.1/multicore_multicycle_2c_ip/workspace/hls_component/hls_config.cfg(22)
WARNING: [HLS 200-2001] file not found '/home/bgoossens/goossens-book-ip-projects/2024.1/multicore_multicycle_2c_ip/emulate.cpp' see [hls] from /home/goossens/goossens-book-ip-projects/2024.1/multicore_multicycle_2c_ip/workspace/hls_component/hls_config.cfg(23)
WARNING: [HLS 200-2001] file not found '/home/bgoossens/goossens-book-ip-projects/2024.1/multicore_multicycle_2c_ip/disassemble.cpp' see [hls] from /home/goossens/goossens-book-ip-projects/2024.1/multicore_multicycle_2c_ip/workspace/hls_component/hls_config.cfg(24)
WARNING: [HLS 200-2001] file not found '/home/bgoossens/goossens-book-ip-projects/2024.1/multicore_multicycle_2c_ip/decode.cpp' see [hls] from /home/goossens/goossens-book-ip-projects/2024.1/multicore_multicycle_2c_ip/workspace/hls_component/hls_config.cfg(25)
WARNING: [HLS 200-2001] file not found '/home/bgoossens/goossens-book-ip-projects/2024.1/multicore_multicycle_2c_ip/compute.cpp' see [hls] from /home/goossens/goossens-book-ip-projects/2024.1/multicore_multicycle_2c_ip/workspace/hls_component/hls_config.cfg(26)
INFO: [HLS 200-1465] Applying ini 'syn.file=/home/bgoossens/goossens-book-ip-projects/2024.1/multicore_multicycle_2c_ip/wb.cpp' from /home/goossens/goossens-book-ip-projects/2024.1/multicore_multicycle_2c_ip/workspace/hls_component/hls_config.cfg(12)
WARNING: [HLS 200-40] Cannot find design file '/home/bgoossens/goossens-book-ip-projects/2024.1/multicore_multicycle_2c_ip/wb.cpp'
INFO: [HLS 200-1465] Applying ini 'syn.file=/home/bgoossens/goossens-book-ip-projects/2024.1/multicore_multicycle_2c_ip/type.cpp' from /home/goossens/goossens-book-ip-projects/2024.1/multicore_multicycle_2c_ip/workspace/hls_component/hls_config.cfg(13)
WARNING: [HLS 200-40] Cannot find design file '/home/bgoossens/goossens-book-ip-projects/2024.1/multicore_multicycle_2c_ip/type.cpp'
INFO: [HLS 200-1465] Applying ini 'syn.file=/home/bgoossens/goossens-book-ip-projects/2024.1/multicore_multicycle_2c_ip/print.cpp' from /home/goossens/goossens-book-ip-projects/2024.1/multicore_multicycle_2c_ip/workspace/hls_component/hls_config.cfg(14)
WARNING: [HLS 200-40] Cannot find design file '/home/bgoossens/goossens-book-ip-projects/2024.1/multicore_multicycle_2c_ip/print.cpp'
INFO: [HLS 200-1465] Applying ini 'syn.file=/home/bgoossens/goossens-book-ip-projects/2024.1/multicore_multicycle_2c_ip/new_cycle.cpp' from /home/goossens/goossens-book-ip-projects/2024.1/multicore_multicycle_2c_ip/workspace/hls_component/hls_config.cfg(15)
WARNING: [HLS 200-40] Cannot find design file '/home/bgoossens/goossens-book-ip-projects/2024.1/multicore_multicycle_2c_ip/new_cycle.cpp'
INFO: [HLS 200-1465] Applying ini 'syn.file=/home/bgoossens/goossens-book-ip-projects/2024.1/multicore_multicycle_2c_ip/multicycle_pipeline_ip.cpp' from /home/goossens/goossens-book-ip-projects/2024.1/multicore_multicycle_2c_ip/workspace/hls_component/hls_config.cfg(16)
WARNING: [HLS 200-40] Cannot find design file '/home/bgoossens/goossens-book-ip-projects/2024.1/multicore_multicycle_2c_ip/multicycle_pipeline_ip.cpp'
INFO: [HLS 200-1465] Applying ini 'syn.file=/home/bgoossens/goossens-book-ip-projects/2024.1/multicore_multicycle_2c_ip/mem_access.cpp' from /home/goossens/goossens-book-ip-projects/2024.1/multicore_multicycle_2c_ip/workspace/hls_component/hls_config.cfg(17)
WARNING: [HLS 200-40] Cannot find design file '/home/bgoossens/goossens-book-ip-projects/2024.1/multicore_multicycle_2c_ip/mem_access.cpp'
INFO: [HLS 200-1465] Applying ini 'syn.file=/home/bgoossens/goossens-book-ip-projects/2024.1/multicore_multicycle_2c_ip/mem.cpp' from /home/goossens/goossens-book-ip-projects/2024.1/multicore_multicycle_2c_ip/workspace/hls_component/hls_config.cfg(18)
WARNING: [HLS 200-40] Cannot find design file '/home/bgoossens/goossens-book-ip-projects/2024.1/multicore_multicycle_2c_ip/mem.cpp'
INFO: [HLS 200-1465] Applying ini 'syn.file=/home/bgoossens/goossens-book-ip-projects/2024.1/multicore_multicycle_2c_ip/issue.cpp' from /home/goossens/goossens-book-ip-projects/2024.1/multicore_multicycle_2c_ip/workspace/hls_component/hls_config.cfg(19)
WARNING: [HLS 200-40] Cannot find design file '/home/bgoossens/goossens-book-ip-projects/2024.1/multicore_multicycle_2c_ip/issue.cpp'
INFO: [HLS 200-1465] Applying ini 'syn.file=/home/bgoossens/goossens-book-ip-projects/2024.1/multicore_multicycle_2c_ip/immediate.cpp' from /home/goossens/goossens-book-ip-projects/2024.1/multicore_multicycle_2c_ip/workspace/hls_component/hls_config.cfg(20)
WARNING: [HLS 200-40] Cannot find design file '/home/bgoossens/goossens-book-ip-projects/2024.1/multicore_multicycle_2c_ip/immediate.cpp'
INFO: [HLS 200-1465] Applying ini 'syn.file=/home/bgoossens/goossens-book-ip-projects/2024.1/multicore_multicycle_2c_ip/fetch.cpp' from /home/goossens/goossens-book-ip-projects/2024.1/multicore_multicycle_2c_ip/workspace/hls_component/hls_config.cfg(21)
WARNING: [HLS 200-40] Cannot find design file '/home/bgoossens/goossens-book-ip-projects/2024.1/multicore_multicycle_2c_ip/fetch.cpp'
INFO: [HLS 200-1465] Applying ini 'syn.file=/home/bgoossens/goossens-book-ip-projects/2024.1/multicore_multicycle_2c_ip/execute.cpp' from /home/goossens/goossens-book-ip-projects/2024.1/multicore_multicycle_2c_ip/workspace/hls_component/hls_config.cfg(22)
WARNING: [HLS 200-40] Cannot find design file '/home/bgoossens/goossens-book-ip-projects/2024.1/multicore_multicycle_2c_ip/execute.cpp'
INFO: [HLS 200-1465] Applying ini 'syn.file=/home/bgoossens/goossens-book-ip-projects/2024.1/multicore_multicycle_2c_ip/emulate.cpp' from /home/goossens/goossens-book-ip-projects/2024.1/multicore_multicycle_2c_ip/workspace/hls_component/hls_config.cfg(23)
WARNING: [HLS 200-40] Cannot find design file '/home/bgoossens/goossens-book-ip-projects/2024.1/multicore_multicycle_2c_ip/emulate.cpp'
INFO: [HLS 200-1465] Applying ini 'syn.file=/home/bgoossens/goossens-book-ip-projects/2024.1/multicore_multicycle_2c_ip/disassemble.cpp' from /home/goossens/goossens-book-ip-projects/2024.1/multicore_multicycle_2c_ip/workspace/hls_component/hls_config.cfg(24)
WARNING: [HLS 200-40] Cannot find design file '/home/bgoossens/goossens-book-ip-projects/2024.1/multicore_multicycle_2c_ip/disassemble.cpp'
INFO: [HLS 200-1465] Applying ini 'syn.file=/home/bgoossens/goossens-book-ip-projects/2024.1/multicore_multicycle_2c_ip/decode.cpp' from /home/goossens/goossens-book-ip-projects/2024.1/multicore_multicycle_2c_ip/workspace/hls_component/hls_config.cfg(25)
WARNING: [HLS 200-40] Cannot find design file '/home/bgoossens/goossens-book-ip-projects/2024.1/multicore_multicycle_2c_ip/decode.cpp'
INFO: [HLS 200-1465] Applying ini 'syn.file=/home/bgoossens/goossens-book-ip-projects/2024.1/multicore_multicycle_2c_ip/compute.cpp' from /home/goossens/goossens-book-ip-projects/2024.1/multicore_multicycle_2c_ip/workspace/hls_component/hls_config.cfg(26)
WARNING: [HLS 200-40] Cannot find design file '/home/bgoossens/goossens-book-ip-projects/2024.1/multicore_multicycle_2c_ip/compute.cpp'
INFO: [HLS 200-1465] Applying ini 'syn.file=/home/goossens/goossens-book-ip-projects/2024.1/multicore_multicycle_2c_ip/compute.cpp' from /home/goossens/goossens-book-ip-projects/2024.1/multicore_multicycle_2c_ip/workspace/hls_component/hls_config.cfg(27)
INFO: [HLS 200-10] Adding design file '/home/goossens/goossens-book-ip-projects/2024.1/multicore_multicycle_2c_ip/compute.cpp' to the project
INFO: [HLS 200-1465] Applying ini 'syn.file=/home/goossens/goossens-book-ip-projects/2024.1/multicore_multicycle_2c_ip/decode.cpp' from /home/goossens/goossens-book-ip-projects/2024.1/multicore_multicycle_2c_ip/workspace/hls_component/hls_config.cfg(28)
INFO: [HLS 200-10] Adding design file '/home/goossens/goossens-book-ip-projects/2024.1/multicore_multicycle_2c_ip/decode.cpp' to the project
INFO: [HLS 200-1465] Applying ini 'syn.file=/home/goossens/goossens-book-ip-projects/2024.1/multicore_multicycle_2c_ip/disassemble.cpp' from /home/goossens/goossens-book-ip-projects/2024.1/multicore_multicycle_2c_ip/workspace/hls_component/hls_config.cfg(29)
INFO: [HLS 200-10] Adding design file '/home/goossens/goossens-book-ip-projects/2024.1/multicore_multicycle_2c_ip/disassemble.cpp' to the project
INFO: [HLS 200-1465] Applying ini 'syn.file=/home/goossens/goossens-book-ip-projects/2024.1/multicore_multicycle_2c_ip/emulate.cpp' from /home/goossens/goossens-book-ip-projects/2024.1/multicore_multicycle_2c_ip/workspace/hls_component/hls_config.cfg(30)
INFO: [HLS 200-10] Adding design file '/home/goossens/goossens-book-ip-projects/2024.1/multicore_multicycle_2c_ip/emulate.cpp' to the project
INFO: [HLS 200-1465] Applying ini 'syn.file=/home/goossens/goossens-book-ip-projects/2024.1/multicore_multicycle_2c_ip/execute.cpp' from /home/goossens/goossens-book-ip-projects/2024.1/multicore_multicycle_2c_ip/workspace/hls_component/hls_config.cfg(31)
INFO: [HLS 200-10] Adding design file '/home/goossens/goossens-book-ip-projects/2024.1/multicore_multicycle_2c_ip/execute.cpp' to the project
INFO: [HLS 200-1465] Applying ini 'syn.file=/home/goossens/goossens-book-ip-projects/2024.1/multicore_multicycle_2c_ip/fetch.cpp' from /home/goossens/goossens-book-ip-projects/2024.1/multicore_multicycle_2c_ip/workspace/hls_component/hls_config.cfg(32)
INFO: [HLS 200-10] Adding design file '/home/goossens/goossens-book-ip-projects/2024.1/multicore_multicycle_2c_ip/fetch.cpp' to the project
INFO: [HLS 200-1465] Applying ini 'syn.file=/home/goossens/goossens-book-ip-projects/2024.1/multicore_multicycle_2c_ip/immediate.cpp' from /home/goossens/goossens-book-ip-projects/2024.1/multicore_multicycle_2c_ip/workspace/hls_component/hls_config.cfg(33)
INFO: [HLS 200-10] Adding design file '/home/goossens/goossens-book-ip-projects/2024.1/multicore_multicycle_2c_ip/immediate.cpp' to the project
INFO: [HLS 200-1465] Applying ini 'syn.file=/home/goossens/goossens-book-ip-projects/2024.1/multicore_multicycle_2c_ip/issue.cpp' from /home/goossens/goossens-book-ip-projects/2024.1/multicore_multicycle_2c_ip/workspace/hls_component/hls_config.cfg(34)
INFO: [HLS 200-10] Adding design file '/home/goossens/goossens-book-ip-projects/2024.1/multicore_multicycle_2c_ip/issue.cpp' to the project
INFO: [HLS 200-1465] Applying ini 'syn.file=/home/goossens/goossens-book-ip-projects/2024.1/multicore_multicycle_2c_ip/mem.cpp' from /home/goossens/goossens-book-ip-projects/2024.1/multicore_multicycle_2c_ip/workspace/hls_component/hls_config.cfg(35)
INFO: [HLS 200-10] Adding design file '/home/goossens/goossens-book-ip-projects/2024.1/multicore_multicycle_2c_ip/mem.cpp' to the project
INFO: [HLS 200-1465] Applying ini 'syn.file=/home/goossens/goossens-book-ip-projects/2024.1/multicore_multicycle_2c_ip/mem_access.cpp' from /home/goossens/goossens-book-ip-projects/2024.1/multicore_multicycle_2c_ip/workspace/hls_component/hls_config.cfg(36)
INFO: [HLS 200-10] Adding design file '/home/goossens/goossens-book-ip-projects/2024.1/multicore_multicycle_2c_ip/mem_access.cpp' to the project
INFO: [HLS 200-1465] Applying ini 'syn.file=/home/goossens/goossens-book-ip-projects/2024.1/multicore_multicycle_2c_ip/multicycle_pipeline_ip.cpp' from /home/goossens/goossens-book-ip-projects/2024.1/multicore_multicycle_2c_ip/workspace/hls_component/hls_config.cfg(37)
INFO: [HLS 200-10] Adding design file '/home/goossens/goossens-book-ip-projects/2024.1/multicore_multicycle_2c_ip/multicycle_pipeline_ip.cpp' to the project
INFO: [HLS 200-1465] Applying ini 'syn.file=/home/goossens/goossens-book-ip-projects/2024.1/multicore_multicycle_2c_ip/new_cycle.cpp' from /home/goossens/goossens-book-ip-projects/2024.1/multicore_multicycle_2c_ip/workspace/hls_component/hls_config.cfg(38)
INFO: [HLS 200-10] Adding design file '/home/goossens/goossens-book-ip-projects/2024.1/multicore_multicycle_2c_ip/new_cycle.cpp' to the project
INFO: [HLS 200-1465] Applying ini 'syn.file=/home/goossens/goossens-book-ip-projects/2024.1/multicore_multicycle_2c_ip/print.cpp' from /home/goossens/goossens-book-ip-projects/2024.1/multicore_multicycle_2c_ip/workspace/hls_component/hls_config.cfg(39)
INFO: [HLS 200-10] Adding design file '/home/goossens/goossens-book-ip-projects/2024.1/multicore_multicycle_2c_ip/print.cpp' to the project
INFO: [HLS 200-1465] Applying ini 'syn.file=/home/goossens/goossens-book-ip-projects/2024.1/multicore_multicycle_2c_ip/type.cpp' from /home/goossens/goossens-book-ip-projects/2024.1/multicore_multicycle_2c_ip/workspace/hls_component/hls_config.cfg(40)
INFO: [HLS 200-10] Adding design file '/home/goossens/goossens-book-ip-projects/2024.1/multicore_multicycle_2c_ip/type.cpp' to the project
INFO: [HLS 200-1465] Applying ini 'syn.file=/home/goossens/goossens-book-ip-projects/2024.1/multicore_multicycle_2c_ip/wb.cpp' from /home/goossens/goossens-book-ip-projects/2024.1/multicore_multicycle_2c_ip/workspace/hls_component/hls_config.cfg(41)
INFO: [HLS 200-10] Adding design file '/home/goossens/goossens-book-ip-projects/2024.1/multicore_multicycle_2c_ip/wb.cpp' to the project
INFO: [HLS 200-1465] Applying ini 'tb.file=/home/bgoossens/goossens-book-ip-projects/2024.1/multicore_multicycle_2c_ip/testbench_seq_multicore_multicycle_ip.cpp' from /home/goossens/goossens-book-ip-projects/2024.1/multicore_multicycle_2c_ip/workspace/hls_component/hls_config.cfg(10)
WARNING: [HLS 200-40] Cannot find test bench file '/home/bgoossens/goossens-book-ip-projects/2024.1/multicore_multicycle_2c_ip/testbench_seq_multicore_multicycle_ip.cpp'
INFO: [HLS 200-1465] Applying ini 'tb.file=/home/goossens/goossens-book-ip-projects/2024.1/multicore_multicycle_2c_ip/testbench_seq_multicore_multicycle_ip.cpp' from /home/goossens/goossens-book-ip-projects/2024.1/multicore_multicycle_2c_ip/workspace/hls_component/hls_config.cfg(11)
INFO: [HLS 200-10] Adding test bench file '/home/goossens/goossens-book-ip-projects/2024.1/multicore_multicycle_2c_ip/testbench_seq_multicore_multicycle_ip.cpp' to the project
INFO: [HLS 200-1465] Applying ini 'syn.top=multicycle_pipeline_ip' from /home/goossens/goossens-book-ip-projects/2024.1/multicore_multicycle_2c_ip/workspace/hls_component/hls_config.cfg(6)
INFO: [HLS 200-1465] Applying ini 'flow_target=vivado' from /home/goossens/goossens-book-ip-projects/2024.1/multicore_multicycle_2c_ip/workspace/hls_component/hls_config.cfg(5)
INFO: [HLS 200-1505] Using flow_target 'vivado'
Resolution: For help on HLS 200-1505 see docs.xilinx.com/access/sources/dita/topic?Doc_Version=2024.1%20English&url=ug1448-hls-guidance&resourceid=200-1505.html
INFO: [HLS 200-1465] Applying ini 'part=xc7z020clg400-1' from /home/goossens/goossens-book-ip-projects/2024.1/multicore_multicycle_2c_ip/workspace/hls_component/hls_config.cfg(1)
INFO: [HLS 200-1465] Applying ini 'clock=10ns' from /home/goossens/goossens-book-ip-projects/2024.1/multicore_multicycle_2c_ip/workspace/hls_component/hls_config.cfg(4)
INFO: [SYN 201-201] Setting up clock 'default' with a period of 10ns.
INFO: [HLS 200-1465] Applying ini 'package.output.format=ip_catalog' from /home/goossens/goossens-book-ip-projects/2024.1/multicore_multicycle_2c_ip/workspace/hls_component/hls_config.cfg(7)
INFO: [HLS 200-1465] Applying ini 'vivado.rtl=verilog' from /home/goossens/goossens-book-ip-projects/2024.1/multicore_multicycle_2c_ip/workspace/hls_component/hls_config.cfg(8)
INFO: [IMPL 213-8] Exporting RTL as a Vivado IP.

****** Vivado v2024.1 (64-bit)
  **** SW Build 5076996 on Wed May 22 18:36:09 MDT 2024
  **** IP Build 5075265 on Wed May 22 21:45:21 MDT 2024
  **** SharedData Build 5076995 on Wed May 22 18:29:18 MDT 2024
  **** Start of session at: Mon Sep  9 18:46:33 2024
    ** Copyright 1986-2022 Xilinx, Inc. All Rights Reserved.
    ** Copyright 2022-2024 Advanced Micro Devices, Inc. All Rights Reserved.

source run_ippack.tcl -notrace
INFO: calling package_hls_ip ip_types=vitis sysgen json_file=/home/goossens/goossens-book-ip-projects/2024.1/multicore_multicycle_2c_ip/workspace/hls_component/multicycle_pipeline_ip/hls/hls_data.json outdir=/home/goossens/goossens-book-ip-projects/2024.1/multicore_multicycle_2c_ip/workspace/hls_component/multicycle_pipeline_ip/hls/impl/ip srcdir=/home/goossens/goossens-book-ip-projects/2024.1/multicore_multicycle_2c_ip/workspace/hls_component/multicycle_pipeline_ip/hls sort_interfaces_ports=false
INFO: Copied 1 ipmisc file(s) to /home/goossens/goossens-book-ip-projects/2024.1/multicore_multicycle_2c_ip/workspace/hls_component/multicycle_pipeline_ip/hls/impl/ip/misc
INFO: Copied 10 verilog file(s) to /home/goossens/goossens-book-ip-projects/2024.1/multicore_multicycle_2c_ip/workspace/hls_component/multicycle_pipeline_ip/hls/impl/ip/hdl/verilog
INFO: Copied 10 vhdl file(s) to /home/goossens/goossens-book-ip-projects/2024.1/multicore_multicycle_2c_ip/workspace/hls_component/multicycle_pipeline_ip/hls/impl/ip/hdl/vhdl
INFO: Copied 10 swdriver file(s) to /home/goossens/goossens-book-ip-projects/2024.1/multicore_multicycle_2c_ip/workspace/hls_component/multicycle_pipeline_ip/hls/impl/ip/drivers
ipx::create_core: Time (s): cpu = 00:00:08 ; elapsed = 00:00:08 . Memory (MB): peak = 1509.043 ; gain = 52.836 ; free physical = 6937 ; free virtual = 27328
INFO: Import ports from HDL: /home/goossens/goossens-book-ip-projects/2024.1/multicore_multicycle_2c_ip/workspace/hls_component/multicycle_pipeline_ip/hls/impl/ip/hdl/vhdl/multicycle_pipeline_ip.vhd (multicycle_pipeline_ip)
INFO: Add axi4lite interface s_axi_control
INFO: Add clock interface ap_clk
INFO: Add reset interface ap_rst_n
INFO: Add interrupt interface interrupt
INFO: [IP_Flow 19-234] Refreshing IP repositories
INFO: [IP_Flow 19-1704] No user IP repositories specified
INFO: [IP_Flow 19-2313] Loaded Vivado IP repository '/opt/Xilinx/Vivado/2024.1/data/ip'.
INFO: Add axi4full interface m_axi_gmem
INFO: Add bram interface ip_data_ram_PORTA
INFO: Calling post_process_vitis to specialize IP
INFO: Calling post_process_sysgen to specialize IP
Generating sysgen info xml from json file
INFO: Created IP /home/goossens/goossens-book-ip-projects/2024.1/multicore_multicycle_2c_ip/workspace/hls_component/multicycle_pipeline_ip/hls/impl/ip/component.xml
INFO: Created IP archive /home/goossens/goossens-book-ip-projects/2024.1/multicore_multicycle_2c_ip/workspace/hls_component/multicycle_pipeline_ip/hls/impl/ip/xilinx_com_hls_multicycle_pipeline_ip_1_0.zip
INFO: [Common 17-206] Exiting Vivado at Mon Sep  9 18:46:57 2024...
INFO: [HLS 200-802] Generated output file multicycle_pipeline_ip/multicycle_pipeline_ip.zip
INFO: [HLS 200-112] Total CPU user time: 31.07 seconds. Total CPU system time: 0.96 seconds. Total elapsed time: 33.84 seconds; peak allocated memory: 398.344 MB.
INFO: [vitis-run 60-791] Total elapsed time: 0h 0m 37s
