Fri Aug 23 12:44:45 2024: Running xcd server. This server was built by gradle.
Fri Aug 23 12:44:45 2024: Server was asked to start on port: '36133'
Fri Aug 23 12:44:45 2024: Server is using token UUID: '3cdaa33c-aa6e-4714-9609-2cd3a196aa36'
Fri Aug 23 12:44:45 2024: SESSION_MGR: creating session with session uuid: '6d04a3e9-ade5-4ab9-8d63-1f78fcd2ec76' and name 'default'
Fri Aug 23 12:44:45 2024: Attempting to start server on port '36133'
Fri Aug 23 12:44:45 2024: XCD main fifo: created main fifo '/tmp/xcdmain3cdaa33c-aa6e-4714-9609-2cd3a196aa36', fd read = 13
Fri Aug 23 12:44:45 2024: Running Dispatch Server
Fri Aug 23 12:44:45 2024: Version 2.2.0
Fri Aug 23 12:44:46 2024: Dispatch Server: Accepted socket connection from client
Fri Aug 23 12:44:46 2024: Starting Socket connection
Fri Aug 23 12:44:46 2024: EXCHANGE_TOKEN received, server token: 3cdaa33c-aa6e-4714-9609-2cd3a196aa36, passed token: 3cdaa33c-aa6e-4714-9609-2cd3a196aa36
Fri Aug 23 12:44:47 2024: DISPATCH_HANDLER: Adding handler from function makeHandler in library libxv_system_diagram
Fri Aug 23 12:44:47 2024: SESSION_MGR: creating session with session uuid: 'fda41bc2-40c8-4e8a-a86e-b136c54e1c59' and name 'vitis-run_compile_multicycle_pipeline_ip'
Fri Aug 23 12:44:47 2024: KERNEL_SVC: creating session with uuid: 'fda41bc2-40c8-4e8a-a86e-b136c54e1c59' and name 'vitis-run_compile_multicycle_pipeline_ip'
Fri Aug 23 12:44:47 2024: GUIDANCE_SMGR: creating guidance session with uuid: 'fda41bc2-40c8-4e8a-a86e-b136c54e1c59' and name 'vitis-run_compile_multicycle_pipeline_ip'
Fri Aug 23 12:44:47 2024: SYSTEM_DIAGRAM: creating session with uuid: 'fda41bc2-40c8-4e8a-a86e-b136c54e1c59' and name 'vitis-run_compile_multicycle_pipeline_ip'
Fri Aug 23 12:44:50 2024: Dispatch Server: Accepted socket connection from client
Fri Aug 23 12:44:50 2024: Starting Socket connection
Fri Aug 23 12:45:08 2024: SESSION_MGR: closing session for UUID 'fda41bc2-40c8-4e8a-a86e-b136c54e1c59' with name 'vitis-run_compile_multicycle_pipeline_ip'
Fri Aug 23 12:45:08 2024: KERNEL_SVC: closing session for UUID 'fda41bc2-40c8-4e8a-a86e-b136c54e1c59' with name 'vitis-run_compile_multicycle_pipeline_ip'
Fri Aug 23 12:45:08 2024: GUIDANCE_SMGR: closing session for UUID 'fda41bc2-40c8-4e8a-a86e-b136c54e1c59' with name 'vitis-run_compile_multicycle_pipeline_ip'
Fri Aug 23 12:45:08 2024: SYSTEM_DIAGRAM: closing session for UUID 'fda41bc2-40c8-4e8a-a86e-b136c54e1c59' with name 'vitis-run_compile_multicycle_pipeline_ip'
Fri Aug 23 12:45:08 2024: STOP_SERVER received, server token: 3cdaa33c-aa6e-4714-9609-2cd3a196aa36, passed token: 3cdaa33c-aa6e-4714-9609-2cd3a196aa36
Fri Aug 23 12:45:08 2024: Socket received request to stop server.
Fri Aug 23 12:45:08 2024: Dispatch Server: do_await_stop
Fri Aug 23 12:45:08 2024: Dispatch Server: stopping mainFifo_
Fri Aug 23 12:45:08 2024: XCD main fifo: Stopping
Fri Aug 23 12:45:08 2024: XCD main fifo: do_read error code: Operation canceled
Fri Aug 23 12:45:08 2024: XCD main fifo: bytes_transferred: 0
Fri Aug 23 12:45:08 2024: SERVER: destructor for server bound to port 36133
Fri Aug 23 12:45:08 2024: XCD main fifo: Good unlink of /tmp/xcdmain3cdaa33c-aa6e-4714-9609-2cd3a196aa36
Fri Aug 23 12:45:08 2024: Server exiting with status 0.
Fri Aug 23 12:45:08 2024: Closing log file.
Fri Aug 23 12:45:27 2024: Running xcd server. This server was built by gradle.
Fri Aug 23 12:45:27 2024: Server was asked to start on port: '43513'
Fri Aug 23 12:45:27 2024: Server is using token UUID: '26989ae1-2ecb-4b8a-9374-a8f3a30ec616'
Fri Aug 23 12:45:27 2024: SESSION_MGR: creating session with session uuid: '6d04a3e9-ade5-4ab9-8d63-1f78fcd2ec76' and name 'default'
Fri Aug 23 12:45:27 2024: Attempting to start server on port '43513'
Fri Aug 23 12:45:27 2024: XCD main fifo: created main fifo '/tmp/xcdmain26989ae1-2ecb-4b8a-9374-a8f3a30ec616', fd read = 13
Fri Aug 23 12:45:27 2024: Running Dispatch Server
Fri Aug 23 12:45:27 2024: Version 2.2.0
Fri Aug 23 12:45:28 2024: Dispatch Server: Accepted socket connection from client
Fri Aug 23 12:45:28 2024: Starting Socket connection
Fri Aug 23 12:45:28 2024: EXCHANGE_TOKEN received, server token: 26989ae1-2ecb-4b8a-9374-a8f3a30ec616, passed token: 26989ae1-2ecb-4b8a-9374-a8f3a30ec616
Fri Aug 23 12:45:28 2024: DISPATCH_HANDLER: Adding handler from function makeHandler in library libxv_system_diagram
Fri Aug 23 12:45:28 2024: SESSION_MGR: creating session with session uuid: 'd1a6e77c-9a7b-46b4-b80b-43dbacba3e33' and name 'v++_compile_multicycle_pipeline_ip'
Fri Aug 23 12:45:28 2024: KERNEL_SVC: creating session with uuid: 'd1a6e77c-9a7b-46b4-b80b-43dbacba3e33' and name 'v++_compile_multicycle_pipeline_ip'
Fri Aug 23 12:45:28 2024: GUIDANCE_SMGR: creating guidance session with uuid: 'd1a6e77c-9a7b-46b4-b80b-43dbacba3e33' and name 'v++_compile_multicycle_pipeline_ip'
Fri Aug 23 12:45:28 2024: SYSTEM_DIAGRAM: creating session with uuid: 'd1a6e77c-9a7b-46b4-b80b-43dbacba3e33' and name 'v++_compile_multicycle_pipeline_ip'
Fri Aug 23 12:45:32 2024: Dispatch Server: Accepted socket connection from client
Fri Aug 23 12:45:32 2024: Starting Socket connection
Fri Aug 23 12:46:32 2024: SESSION_MGR: closing session for UUID 'd1a6e77c-9a7b-46b4-b80b-43dbacba3e33' with name 'v++_compile_multicycle_pipeline_ip'
Fri Aug 23 12:46:32 2024: KERNEL_SVC: closing session for UUID 'd1a6e77c-9a7b-46b4-b80b-43dbacba3e33' with name 'v++_compile_multicycle_pipeline_ip'
Fri Aug 23 12:46:32 2024: GUIDANCE_SMGR: closing session for UUID 'd1a6e77c-9a7b-46b4-b80b-43dbacba3e33' with name 'v++_compile_multicycle_pipeline_ip'
Fri Aug 23 12:46:32 2024: SYSTEM_DIAGRAM: closing session for UUID 'd1a6e77c-9a7b-46b4-b80b-43dbacba3e33' with name 'v++_compile_multicycle_pipeline_ip'
Fri Aug 23 12:46:32 2024: STOP_SERVER received, server token: 26989ae1-2ecb-4b8a-9374-a8f3a30ec616, passed token: 26989ae1-2ecb-4b8a-9374-a8f3a30ec616
Fri Aug 23 12:46:32 2024: Socket received request to stop server.
Fri Aug 23 12:46:32 2024: Dispatch Server: do_await_stop
Fri Aug 23 12:46:32 2024: Dispatch Server: stopping mainFifo_
Fri Aug 23 12:46:32 2024: XCD main fifo: Stopping
Fri Aug 23 12:46:32 2024: XCD main fifo: do_read error code: Operation canceled
Fri Aug 23 12:46:32 2024: XCD main fifo: bytes_transferred: 0
Fri Aug 23 12:46:32 2024: SERVER: destructor for server bound to port 43513
Fri Aug 23 12:46:32 2024: XCD main fifo: Good unlink of /tmp/xcdmain26989ae1-2ecb-4b8a-9374-a8f3a30ec616
Fri Aug 23 12:46:32 2024: Server exiting with status 0.
Fri Aug 23 12:46:32 2024: Closing log file.
Fri Aug 23 12:47:23 2024: Running xcd server. This server was built by gradle.
Fri Aug 23 12:47:23 2024: Server was asked to start on port: '34903'
Fri Aug 23 12:47:23 2024: Server is using token UUID: 'aa0debd3-897e-4fca-8e77-f39d980be5a7'
Fri Aug 23 12:47:23 2024: SESSION_MGR: creating session with session uuid: '6d04a3e9-ade5-4ab9-8d63-1f78fcd2ec76' and name 'default'
Fri Aug 23 12:47:23 2024: Attempting to start server on port '34903'
Fri Aug 23 12:47:23 2024: XCD main fifo: created main fifo '/tmp/xcdmainaa0debd3-897e-4fca-8e77-f39d980be5a7', fd read = 13
Fri Aug 23 12:47:23 2024: Running Dispatch Server
Fri Aug 23 12:47:23 2024: Version 2.2.0
Fri Aug 23 12:47:24 2024: Dispatch Server: Accepted socket connection from client
Fri Aug 23 12:47:24 2024: Starting Socket connection
Fri Aug 23 12:47:24 2024: EXCHANGE_TOKEN received, server token: aa0debd3-897e-4fca-8e77-f39d980be5a7, passed token: aa0debd3-897e-4fca-8e77-f39d980be5a7
Fri Aug 23 12:47:24 2024: DISPATCH_HANDLER: Adding handler from function makeHandler in library libxv_system_diagram
Fri Aug 23 12:47:24 2024: SESSION_MGR: creating session with session uuid: 'a356c8dd-69a8-4cf7-adec-2a4bb9675a9c' and name 'vitis-run_compile_multicycle_pipeline_ip'
Fri Aug 23 12:47:24 2024: KERNEL_SVC: creating session with uuid: 'a356c8dd-69a8-4cf7-adec-2a4bb9675a9c' and name 'vitis-run_compile_multicycle_pipeline_ip'
Fri Aug 23 12:47:24 2024: GUIDANCE_SMGR: creating guidance session with uuid: 'a356c8dd-69a8-4cf7-adec-2a4bb9675a9c' and name 'vitis-run_compile_multicycle_pipeline_ip'
Fri Aug 23 12:47:24 2024: SYSTEM_DIAGRAM: creating session with uuid: 'a356c8dd-69a8-4cf7-adec-2a4bb9675a9c' and name 'vitis-run_compile_multicycle_pipeline_ip'
Fri Aug 23 12:47:28 2024: Dispatch Server: Accepted socket connection from client
Fri Aug 23 12:47:28 2024: Starting Socket connection
Fri Aug 23 12:47:53 2024: SESSION_MGR: closing session for UUID 'a356c8dd-69a8-4cf7-adec-2a4bb9675a9c' with name 'vitis-run_compile_multicycle_pipeline_ip'
Fri Aug 23 12:47:53 2024: KERNEL_SVC: closing session for UUID 'a356c8dd-69a8-4cf7-adec-2a4bb9675a9c' with name 'vitis-run_compile_multicycle_pipeline_ip'
Fri Aug 23 12:47:53 2024: GUIDANCE_SMGR: closing session for UUID 'a356c8dd-69a8-4cf7-adec-2a4bb9675a9c' with name 'vitis-run_compile_multicycle_pipeline_ip'
Fri Aug 23 12:47:53 2024: SYSTEM_DIAGRAM: closing session for UUID 'a356c8dd-69a8-4cf7-adec-2a4bb9675a9c' with name 'vitis-run_compile_multicycle_pipeline_ip'
Fri Aug 23 12:47:53 2024: STOP_SERVER received, server token: aa0debd3-897e-4fca-8e77-f39d980be5a7, passed token: aa0debd3-897e-4fca-8e77-f39d980be5a7
Fri Aug 23 12:47:53 2024: Socket received request to stop server.
Fri Aug 23 12:47:53 2024: Dispatch Server: do_await_stop
Fri Aug 23 12:47:53 2024: Dispatch Server: stopping mainFifo_
Fri Aug 23 12:47:53 2024: XCD main fifo: Stopping
Fri Aug 23 12:47:53 2024: XCD main fifo: do_read error code: Operation canceled
Fri Aug 23 12:47:53 2024: XCD main fifo: bytes_transferred: 0
Fri Aug 23 12:47:53 2024: SERVER: destructor for server bound to port 34903
Fri Aug 23 12:47:53 2024: XCD main fifo: Good unlink of /tmp/xcdmainaa0debd3-897e-4fca-8e77-f39d980be5a7
Fri Aug 23 12:47:53 2024: Server exiting with status 0.
Fri Aug 23 12:47:53 2024: Closing log file.
Mon Sep  9 18:42:19 2024: Running xcd server. This server was built by gradle.
Mon Sep  9 18:42:19 2024: Server was asked to start on port: '38121'
Mon Sep  9 18:42:19 2024: Server is using token UUID: 'f8eec994-654c-4e96-9705-8f8820f4aee0'
Mon Sep  9 18:42:19 2024: SESSION_MGR: creating session with session uuid: '6d04a3e9-ade5-4ab9-8d63-1f78fcd2ec76' and name 'default'
Mon Sep  9 18:42:20 2024: Attempting to start server on port '38121'
Mon Sep  9 18:42:20 2024: XCD main fifo: created main fifo '/tmp/xcdmainf8eec994-654c-4e96-9705-8f8820f4aee0', fd read = 13
Mon Sep  9 18:42:20 2024: Running Dispatch Server
Mon Sep  9 18:42:20 2024: Version 2.2.0
Mon Sep  9 18:42:21 2024: Dispatch Server: Accepted socket connection from client
Mon Sep  9 18:42:21 2024: Starting Socket connection
Mon Sep  9 18:42:21 2024: EXCHANGE_TOKEN received, server token: f8eec994-654c-4e96-9705-8f8820f4aee0, passed token: f8eec994-654c-4e96-9705-8f8820f4aee0
Mon Sep  9 18:42:21 2024: DISPATCH_HANDLER: Adding handler from function makeHandler in library libxv_system_diagram
Mon Sep  9 18:42:21 2024: SESSION_MGR: creating session with session uuid: '40dda9a6-4954-486f-9351-562410857797' and name 'vitis-run_compile_multicycle_pipeline_ip'
Mon Sep  9 18:42:21 2024: KERNEL_SVC: creating session with uuid: '40dda9a6-4954-486f-9351-562410857797' and name 'vitis-run_compile_multicycle_pipeline_ip'
Mon Sep  9 18:42:21 2024: GUIDANCE_SMGR: creating guidance session with uuid: '40dda9a6-4954-486f-9351-562410857797' and name 'vitis-run_compile_multicycle_pipeline_ip'
Mon Sep  9 18:42:21 2024: SYSTEM_DIAGRAM: creating session with uuid: '40dda9a6-4954-486f-9351-562410857797' and name 'vitis-run_compile_multicycle_pipeline_ip'
Mon Sep  9 18:42:26 2024: Dispatch Server: Accepted socket connection from client
Mon Sep  9 18:42:26 2024: Starting Socket connection
Mon Sep  9 18:42:26 2024: SESSION_MGR: closing session for UUID '40dda9a6-4954-486f-9351-562410857797' with name 'vitis-run_compile_multicycle_pipeline_ip'
Mon Sep  9 18:42:26 2024: KERNEL_SVC: closing session for UUID '40dda9a6-4954-486f-9351-562410857797' with name 'vitis-run_compile_multicycle_pipeline_ip'
Mon Sep  9 18:42:26 2024: GUIDANCE_SMGR: closing session for UUID '40dda9a6-4954-486f-9351-562410857797' with name 'vitis-run_compile_multicycle_pipeline_ip'
Mon Sep  9 18:42:26 2024: SYSTEM_DIAGRAM: closing session for UUID '40dda9a6-4954-486f-9351-562410857797' with name 'vitis-run_compile_multicycle_pipeline_ip'
Mon Sep  9 18:42:26 2024: STOP_SERVER received, server token: f8eec994-654c-4e96-9705-8f8820f4aee0, passed token: f8eec994-654c-4e96-9705-8f8820f4aee0
Mon Sep  9 18:42:26 2024: Socket received request to stop server.
Mon Sep  9 18:42:26 2024: Dispatch Server: do_await_stop
Mon Sep  9 18:42:26 2024: Dispatch Server: stopping mainFifo_
Mon Sep  9 18:42:26 2024: XCD main fifo: Stopping
Mon Sep  9 18:42:26 2024: XCD main fifo: do_read error code: Operation canceled
Mon Sep  9 18:42:26 2024: XCD main fifo: bytes_transferred: 0
Mon Sep  9 18:42:26 2024: SERVER: destructor for server bound to port 38121
Mon Sep  9 18:42:26 2024: XCD main fifo: Good unlink of /tmp/xcdmainf8eec994-654c-4e96-9705-8f8820f4aee0
Mon Sep  9 18:42:26 2024: Server exiting with status 0.
Mon Sep  9 18:42:26 2024: Closing log file.
Mon Sep  9 18:43:07 2024: Running xcd server. This server was built by gradle.
Mon Sep  9 18:43:07 2024: Server was asked to start on port: '35937'
Mon Sep  9 18:43:07 2024: Server is using token UUID: 'c55763c4-ca5a-452f-b2d4-0a88513f35f6'
Mon Sep  9 18:43:07 2024: SESSION_MGR: creating session with session uuid: '6d04a3e9-ade5-4ab9-8d63-1f78fcd2ec76' and name 'default'
Mon Sep  9 18:43:07 2024: Attempting to start server on port '35937'
Mon Sep  9 18:43:07 2024: XCD main fifo: created main fifo '/tmp/xcdmainc55763c4-ca5a-452f-b2d4-0a88513f35f6', fd read = 13
Mon Sep  9 18:43:07 2024: Running Dispatch Server
Mon Sep  9 18:43:07 2024: Version 2.2.0
Mon Sep  9 18:43:08 2024: Dispatch Server: Accepted socket connection from client
Mon Sep  9 18:43:08 2024: Starting Socket connection
Mon Sep  9 18:43:08 2024: EXCHANGE_TOKEN received, server token: c55763c4-ca5a-452f-b2d4-0a88513f35f6, passed token: c55763c4-ca5a-452f-b2d4-0a88513f35f6
Mon Sep  9 18:43:08 2024: DISPATCH_HANDLER: Adding handler from function makeHandler in library libxv_system_diagram
Mon Sep  9 18:43:08 2024: SESSION_MGR: creating session with session uuid: 'b81f62e3-a74e-465d-bf02-4351cef81f73' and name 'v++_compile_multicycle_pipeline_ip'
Mon Sep  9 18:43:08 2024: KERNEL_SVC: creating session with uuid: 'b81f62e3-a74e-465d-bf02-4351cef81f73' and name 'v++_compile_multicycle_pipeline_ip'
Mon Sep  9 18:43:08 2024: GUIDANCE_SMGR: creating guidance session with uuid: 'b81f62e3-a74e-465d-bf02-4351cef81f73' and name 'v++_compile_multicycle_pipeline_ip'
Mon Sep  9 18:43:08 2024: SYSTEM_DIAGRAM: creating session with uuid: 'b81f62e3-a74e-465d-bf02-4351cef81f73' and name 'v++_compile_multicycle_pipeline_ip'
Mon Sep  9 18:43:13 2024: Dispatch Server: Accepted socket connection from client
Mon Sep  9 18:43:13 2024: Starting Socket connection
Mon Sep  9 18:44:24 2024: SESSION_MGR: closing session for UUID 'b81f62e3-a74e-465d-bf02-4351cef81f73' with name 'v++_compile_multicycle_pipeline_ip'
Mon Sep  9 18:44:24 2024: KERNEL_SVC: closing session for UUID 'b81f62e3-a74e-465d-bf02-4351cef81f73' with name 'v++_compile_multicycle_pipeline_ip'
Mon Sep  9 18:44:24 2024: GUIDANCE_SMGR: closing session for UUID 'b81f62e3-a74e-465d-bf02-4351cef81f73' with name 'v++_compile_multicycle_pipeline_ip'
Mon Sep  9 18:44:24 2024: SYSTEM_DIAGRAM: closing session for UUID 'b81f62e3-a74e-465d-bf02-4351cef81f73' with name 'v++_compile_multicycle_pipeline_ip'
Mon Sep  9 18:44:24 2024: STOP_SERVER received, server token: c55763c4-ca5a-452f-b2d4-0a88513f35f6, passed token: c55763c4-ca5a-452f-b2d4-0a88513f35f6
Mon Sep  9 18:44:24 2024: Socket received request to stop server.
Mon Sep  9 18:44:24 2024: Dispatch Server: do_await_stop
Mon Sep  9 18:44:24 2024: Dispatch Server: stopping mainFifo_
Mon Sep  9 18:44:24 2024: XCD main fifo: Stopping
Mon Sep  9 18:44:24 2024: XCD main fifo: do_read error code: Operation canceled
Mon Sep  9 18:44:24 2024: XCD main fifo: bytes_transferred: 0
Mon Sep  9 18:44:24 2024: SERVER: destructor for server bound to port 35937
Mon Sep  9 18:44:24 2024: XCD main fifo: Good unlink of /tmp/xcdmainc55763c4-ca5a-452f-b2d4-0a88513f35f6
Mon Sep  9 18:44:24 2024: Server exiting with status 0.
Mon Sep  9 18:44:24 2024: Closing log file.
Mon Sep  9 18:46:24 2024: Running xcd server. This server was built by gradle.
Mon Sep  9 18:46:24 2024: Server was asked to start on port: '36467'
Mon Sep  9 18:46:24 2024: Server is using token UUID: 'cbf53c7f-f55e-4d86-926a-08e80693da6a'
Mon Sep  9 18:46:24 2024: SESSION_MGR: creating session with session uuid: '6d04a3e9-ade5-4ab9-8d63-1f78fcd2ec76' and name 'default'
Mon Sep  9 18:46:24 2024: Attempting to start server on port '36467'
Mon Sep  9 18:46:24 2024: XCD main fifo: created main fifo '/tmp/xcdmaincbf53c7f-f55e-4d86-926a-08e80693da6a', fd read = 13
Mon Sep  9 18:46:24 2024: Running Dispatch Server
Mon Sep  9 18:46:24 2024: Version 2.2.0
Mon Sep  9 18:46:25 2024: Dispatch Server: Accepted socket connection from client
Mon Sep  9 18:46:25 2024: Starting Socket connection
Mon Sep  9 18:46:25 2024: EXCHANGE_TOKEN received, server token: cbf53c7f-f55e-4d86-926a-08e80693da6a, passed token: cbf53c7f-f55e-4d86-926a-08e80693da6a
Mon Sep  9 18:46:26 2024: DISPATCH_HANDLER: Adding handler from function makeHandler in library libxv_system_diagram
Mon Sep  9 18:46:26 2024: SESSION_MGR: creating session with session uuid: '1dfea0e4-0d28-4064-bb86-2b83ec323ac1' and name 'vitis-run_compile_multicycle_pipeline_ip'
Mon Sep  9 18:46:26 2024: KERNEL_SVC: creating session with uuid: '1dfea0e4-0d28-4064-bb86-2b83ec323ac1' and name 'vitis-run_compile_multicycle_pipeline_ip'
Mon Sep  9 18:46:26 2024: GUIDANCE_SMGR: creating guidance session with uuid: '1dfea0e4-0d28-4064-bb86-2b83ec323ac1' and name 'vitis-run_compile_multicycle_pipeline_ip'
Mon Sep  9 18:46:26 2024: SYSTEM_DIAGRAM: creating session with uuid: '1dfea0e4-0d28-4064-bb86-2b83ec323ac1' and name 'vitis-run_compile_multicycle_pipeline_ip'
Mon Sep  9 18:46:30 2024: Dispatch Server: Accepted socket connection from client
Mon Sep  9 18:46:30 2024: Starting Socket connection
Mon Sep  9 18:47:01 2024: SESSION_MGR: closing session for UUID '1dfea0e4-0d28-4064-bb86-2b83ec323ac1' with name 'vitis-run_compile_multicycle_pipeline_ip'
Mon Sep  9 18:47:01 2024: KERNEL_SVC: closing session for UUID '1dfea0e4-0d28-4064-bb86-2b83ec323ac1' with name 'vitis-run_compile_multicycle_pipeline_ip'
Mon Sep  9 18:47:01 2024: GUIDANCE_SMGR: closing session for UUID '1dfea0e4-0d28-4064-bb86-2b83ec323ac1' with name 'vitis-run_compile_multicycle_pipeline_ip'
Mon Sep  9 18:47:01 2024: SYSTEM_DIAGRAM: closing session for UUID '1dfea0e4-0d28-4064-bb86-2b83ec323ac1' with name 'vitis-run_compile_multicycle_pipeline_ip'
Mon Sep  9 18:47:01 2024: STOP_SERVER received, server token: cbf53c7f-f55e-4d86-926a-08e80693da6a, passed token: cbf53c7f-f55e-4d86-926a-08e80693da6a
Mon Sep  9 18:47:01 2024: Socket received request to stop server.
Mon Sep  9 18:47:01 2024: Dispatch Server: do_await_stop
Mon Sep  9 18:47:01 2024: Dispatch Server: stopping mainFifo_
Mon Sep  9 18:47:01 2024: XCD main fifo: Stopping
Mon Sep  9 18:47:01 2024: XCD main fifo: do_read error code: Operation canceled
Mon Sep  9 18:47:01 2024: XCD main fifo: bytes_transferred: 0
Mon Sep  9 18:47:01 2024: SERVER: destructor for server bound to port 36467
Mon Sep  9 18:47:01 2024: XCD main fifo: Good unlink of /tmp/xcdmaincbf53c7f-f55e-4d86-926a-08e80693da6a
Mon Sep  9 18:47:01 2024: Server exiting with status 0.
Mon Sep  9 18:47:01 2024: Closing log file.
Mon Sep  9 19:16:25 2024: Running xcd server. This server was built by gradle.
Mon Sep  9 19:16:25 2024: Server was asked to start on port: '37895'
Mon Sep  9 19:16:25 2024: Server is using token UUID: '054a51a7-68e0-41f4-9ba1-8ec410c30a9d'
Mon Sep  9 19:16:25 2024: SESSION_MGR: creating session with session uuid: '6d04a3e9-ade5-4ab9-8d63-1f78fcd2ec76' and name 'default'
Mon Sep  9 19:16:25 2024: Attempting to start server on port '37895'
Mon Sep  9 19:16:25 2024: XCD main fifo: created main fifo '/tmp/xcdmain054a51a7-68e0-41f4-9ba1-8ec410c30a9d', fd read = 13
Mon Sep  9 19:16:25 2024: Running Dispatch Server
Mon Sep  9 19:16:25 2024: Version 2.2.0
Mon Sep  9 19:16:27 2024: Dispatch Server: Accepted socket connection from client
Mon Sep  9 19:16:27 2024: Starting Socket connection
Mon Sep  9 19:16:27 2024: EXCHANGE_TOKEN received, server token: 054a51a7-68e0-41f4-9ba1-8ec410c30a9d, passed token: 054a51a7-68e0-41f4-9ba1-8ec410c30a9d
Mon Sep  9 19:16:27 2024: DISPATCH_HANDLER: Adding handler from function makeHandler in library libxv_system_diagram
Mon Sep  9 19:16:27 2024: SESSION_MGR: creating session with session uuid: '108cee6a-0ad5-441d-932e-7c867bd36d0a' and name 'vitis-run_compile_multicycle_pipeline_ip'
Mon Sep  9 19:16:27 2024: KERNEL_SVC: creating session with uuid: '108cee6a-0ad5-441d-932e-7c867bd36d0a' and name 'vitis-run_compile_multicycle_pipeline_ip'
Mon Sep  9 19:16:27 2024: GUIDANCE_SMGR: creating guidance session with uuid: '108cee6a-0ad5-441d-932e-7c867bd36d0a' and name 'vitis-run_compile_multicycle_pipeline_ip'
Mon Sep  9 19:16:27 2024: SYSTEM_DIAGRAM: creating session with uuid: '108cee6a-0ad5-441d-932e-7c867bd36d0a' and name 'vitis-run_compile_multicycle_pipeline_ip'
Mon Sep  9 19:16:31 2024: Dispatch Server: Accepted socket connection from client
Mon Sep  9 19:16:31 2024: Starting Socket connection
Mon Sep  9 19:16:33 2024: SESSION_MGR: closing session for UUID '108cee6a-0ad5-441d-932e-7c867bd36d0a' with name 'vitis-run_compile_multicycle_pipeline_ip'
Mon Sep  9 19:16:33 2024: KERNEL_SVC: closing session for UUID '108cee6a-0ad5-441d-932e-7c867bd36d0a' with name 'vitis-run_compile_multicycle_pipeline_ip'
Mon Sep  9 19:16:33 2024: GUIDANCE_SMGR: closing session for UUID '108cee6a-0ad5-441d-932e-7c867bd36d0a' with name 'vitis-run_compile_multicycle_pipeline_ip'
Mon Sep  9 19:16:33 2024: SYSTEM_DIAGRAM: closing session for UUID '108cee6a-0ad5-441d-932e-7c867bd36d0a' with name 'vitis-run_compile_multicycle_pipeline_ip'
Mon Sep  9 19:16:33 2024: STOP_SERVER received, server token: 054a51a7-68e0-41f4-9ba1-8ec410c30a9d, passed token: 054a51a7-68e0-41f4-9ba1-8ec410c30a9d
Mon Sep  9 19:16:33 2024: Socket received request to stop server.
Mon Sep  9 19:16:33 2024: Dispatch Server: do_await_stop
Mon Sep  9 19:16:33 2024: Dispatch Server: stopping mainFifo_
Mon Sep  9 19:16:33 2024: XCD main fifo: Stopping
Mon Sep  9 19:16:33 2024: XCD main fifo: do_read error code: Operation canceled
Mon Sep  9 19:16:33 2024: XCD main fifo: bytes_transferred: 0
Mon Sep  9 19:16:33 2024: SERVER: destructor for server bound to port 37895
Mon Sep  9 19:16:33 2024: XCD main fifo: Good unlink of /tmp/xcdmain054a51a7-68e0-41f4-9ba1-8ec410c30a9d
Mon Sep  9 19:16:33 2024: Server exiting with status 0.
Mon Sep  9 19:16:33 2024: Closing log file.
