Tue Sep 10 18:14:12 2024: Running xcd server. This server was built by gradle.
Tue Sep 10 18:14:12 2024: Server was asked to start on port: '42579'
Tue Sep 10 18:14:12 2024: Server is using token UUID: '1d410101-49ad-4fd7-ab77-ae99d1827131'
Tue Sep 10 18:14:12 2024: SESSION_MGR: creating session with session uuid: '6d04a3e9-ade5-4ab9-8d63-1f78fcd2ec76' and name 'default'
Tue Sep 10 18:14:12 2024: Attempting to start server on port '42579'
Tue Sep 10 18:14:12 2024: XCD main fifo: created main fifo '/tmp/xcdmain1d410101-49ad-4fd7-ab77-ae99d1827131', fd read = 13
Tue Sep 10 18:14:12 2024: Running Dispatch Server
Tue Sep 10 18:14:12 2024: Version 2.2.0
Tue Sep 10 18:14:13 2024: Dispatch Server: Accepted socket connection from client
Tue Sep 10 18:14:13 2024: Starting Socket connection
Tue Sep 10 18:14:13 2024: EXCHANGE_TOKEN received, server token: 1d410101-49ad-4fd7-ab77-ae99d1827131, passed token: 1d410101-49ad-4fd7-ab77-ae99d1827131
Tue Sep 10 18:14:13 2024: DISPATCH_HANDLER: Adding handler from function makeHandler in library libxv_system_diagram
Tue Sep 10 18:14:13 2024: SESSION_MGR: creating session with session uuid: 'fbcff3ec-274a-405c-b4fe-6d6839be0433' and name 'vitis-run_compile_multicycle_pipeline_ip'
Tue Sep 10 18:14:13 2024: KERNEL_SVC: creating session with uuid: 'fbcff3ec-274a-405c-b4fe-6d6839be0433' and name 'vitis-run_compile_multicycle_pipeline_ip'
Tue Sep 10 18:14:13 2024: GUIDANCE_SMGR: creating guidance session with uuid: 'fbcff3ec-274a-405c-b4fe-6d6839be0433' and name 'vitis-run_compile_multicycle_pipeline_ip'
Tue Sep 10 18:14:13 2024: SYSTEM_DIAGRAM: creating session with uuid: 'fbcff3ec-274a-405c-b4fe-6d6839be0433' and name 'vitis-run_compile_multicycle_pipeline_ip'
Tue Sep 10 18:14:18 2024: Dispatch Server: Accepted socket connection from client
Tue Sep 10 18:14:18 2024: Starting Socket connection
Tue Sep 10 18:14:41 2024: SESSION_MGR: closing session for UUID 'fbcff3ec-274a-405c-b4fe-6d6839be0433' with name 'vitis-run_compile_multicycle_pipeline_ip'
Tue Sep 10 18:14:41 2024: KERNEL_SVC: closing session for UUID 'fbcff3ec-274a-405c-b4fe-6d6839be0433' with name 'vitis-run_compile_multicycle_pipeline_ip'
Tue Sep 10 18:14:41 2024: GUIDANCE_SMGR: closing session for UUID 'fbcff3ec-274a-405c-b4fe-6d6839be0433' with name 'vitis-run_compile_multicycle_pipeline_ip'
Tue Sep 10 18:14:41 2024: SYSTEM_DIAGRAM: closing session for UUID 'fbcff3ec-274a-405c-b4fe-6d6839be0433' with name 'vitis-run_compile_multicycle_pipeline_ip'
Tue Sep 10 18:14:41 2024: STOP_SERVER received, server token: 1d410101-49ad-4fd7-ab77-ae99d1827131, passed token: 1d410101-49ad-4fd7-ab77-ae99d1827131
Tue Sep 10 18:14:41 2024: Socket received request to stop server.
Tue Sep 10 18:14:41 2024: Dispatch Server: do_await_stop
Tue Sep 10 18:14:41 2024: Dispatch Server: stopping mainFifo_
Tue Sep 10 18:14:41 2024: XCD main fifo: Stopping
Tue Sep 10 18:14:41 2024: XCD main fifo: do_read error code: Operation canceled
Tue Sep 10 18:14:41 2024: XCD main fifo: bytes_transferred: 0
Tue Sep 10 18:14:41 2024: SERVER: destructor for server bound to port 42579
Tue Sep 10 18:14:41 2024: XCD main fifo: Good unlink of /tmp/xcdmain1d410101-49ad-4fd7-ab77-ae99d1827131
Tue Sep 10 18:14:41 2024: Server exiting with status 0.
Tue Sep 10 18:14:41 2024: Closing log file.
Tue Sep 10 18:15:02 2024: Running xcd server. This server was built by gradle.
Tue Sep 10 18:15:02 2024: Server was asked to start on port: '44313'
Tue Sep 10 18:15:02 2024: Server is using token UUID: '2ed28b72-650d-47d0-b693-55b5977b076f'
Tue Sep 10 18:15:02 2024: SESSION_MGR: creating session with session uuid: '6d04a3e9-ade5-4ab9-8d63-1f78fcd2ec76' and name 'default'
Tue Sep 10 18:15:02 2024: Attempting to start server on port '44313'
Tue Sep 10 18:15:02 2024: XCD main fifo: created main fifo '/tmp/xcdmain2ed28b72-650d-47d0-b693-55b5977b076f', fd read = 13
Tue Sep 10 18:15:02 2024: Running Dispatch Server
Tue Sep 10 18:15:02 2024: Version 2.2.0
Tue Sep 10 18:15:03 2024: Dispatch Server: Accepted socket connection from client
Tue Sep 10 18:15:03 2024: Starting Socket connection
Tue Sep 10 18:15:03 2024: EXCHANGE_TOKEN received, server token: 2ed28b72-650d-47d0-b693-55b5977b076f, passed token: 2ed28b72-650d-47d0-b693-55b5977b076f
Tue Sep 10 18:15:03 2024: DISPATCH_HANDLER: Adding handler from function makeHandler in library libxv_system_diagram
Tue Sep 10 18:15:03 2024: SESSION_MGR: creating session with session uuid: '846c8cc3-82a8-41c2-8b1e-4f0a50dc940f' and name 'v++_compile_multicycle_pipeline_ip'
Tue Sep 10 18:15:03 2024: KERNEL_SVC: creating session with uuid: '846c8cc3-82a8-41c2-8b1e-4f0a50dc940f' and name 'v++_compile_multicycle_pipeline_ip'
Tue Sep 10 18:15:03 2024: GUIDANCE_SMGR: creating guidance session with uuid: '846c8cc3-82a8-41c2-8b1e-4f0a50dc940f' and name 'v++_compile_multicycle_pipeline_ip'
Tue Sep 10 18:15:03 2024: SYSTEM_DIAGRAM: creating session with uuid: '846c8cc3-82a8-41c2-8b1e-4f0a50dc940f' and name 'v++_compile_multicycle_pipeline_ip'
Tue Sep 10 18:15:08 2024: Dispatch Server: Accepted socket connection from client
Tue Sep 10 18:15:08 2024: Starting Socket connection
Tue Sep 10 18:16:25 2024: SESSION_MGR: closing session for UUID '846c8cc3-82a8-41c2-8b1e-4f0a50dc940f' with name 'v++_compile_multicycle_pipeline_ip'
Tue Sep 10 18:16:25 2024: KERNEL_SVC: closing session for UUID '846c8cc3-82a8-41c2-8b1e-4f0a50dc940f' with name 'v++_compile_multicycle_pipeline_ip'
Tue Sep 10 18:16:25 2024: GUIDANCE_SMGR: closing session for UUID '846c8cc3-82a8-41c2-8b1e-4f0a50dc940f' with name 'v++_compile_multicycle_pipeline_ip'
Tue Sep 10 18:16:25 2024: SYSTEM_DIAGRAM: closing session for UUID '846c8cc3-82a8-41c2-8b1e-4f0a50dc940f' with name 'v++_compile_multicycle_pipeline_ip'
Tue Sep 10 18:16:25 2024: STOP_SERVER received, server token: 2ed28b72-650d-47d0-b693-55b5977b076f, passed token: 2ed28b72-650d-47d0-b693-55b5977b076f
Tue Sep 10 18:16:25 2024: Socket received request to stop server.
Tue Sep 10 18:16:25 2024: Dispatch Server: do_await_stop
Tue Sep 10 18:16:25 2024: Dispatch Server: stopping mainFifo_
Tue Sep 10 18:16:25 2024: XCD main fifo: Stopping
Tue Sep 10 18:16:25 2024: XCD main fifo: do_read error code: Operation canceled
Tue Sep 10 18:16:25 2024: XCD main fifo: bytes_transferred: 0
Tue Sep 10 18:16:25 2024: SERVER: destructor for server bound to port 44313
Tue Sep 10 18:16:25 2024: XCD main fifo: Good unlink of /tmp/xcdmain2ed28b72-650d-47d0-b693-55b5977b076f
Tue Sep 10 18:16:25 2024: Server exiting with status 0.
Tue Sep 10 18:16:25 2024: Closing log file.
Tue Sep 10 18:17:08 2024: Running xcd server. This server was built by gradle.
Tue Sep 10 18:17:08 2024: Server was asked to start on port: '34201'
Tue Sep 10 18:17:08 2024: Server is using token UUID: '19746e0a-116b-4ee2-870f-6ef20edf1145'
Tue Sep 10 18:17:08 2024: SESSION_MGR: creating session with session uuid: '6d04a3e9-ade5-4ab9-8d63-1f78fcd2ec76' and name 'default'
Tue Sep 10 18:17:08 2024: Attempting to start server on port '34201'
Tue Sep 10 18:17:08 2024: XCD main fifo: created main fifo '/tmp/xcdmain19746e0a-116b-4ee2-870f-6ef20edf1145', fd read = 13
Tue Sep 10 18:17:08 2024: Running Dispatch Server
Tue Sep 10 18:17:08 2024: Version 2.2.0
Tue Sep 10 18:17:09 2024: Dispatch Server: Accepted socket connection from client
Tue Sep 10 18:17:09 2024: Starting Socket connection
Tue Sep 10 18:17:09 2024: EXCHANGE_TOKEN received, server token: 19746e0a-116b-4ee2-870f-6ef20edf1145, passed token: 19746e0a-116b-4ee2-870f-6ef20edf1145
Tue Sep 10 18:17:10 2024: DISPATCH_HANDLER: Adding handler from function makeHandler in library libxv_system_diagram
Tue Sep 10 18:17:10 2024: SESSION_MGR: creating session with session uuid: '06fe83f7-0894-4c4e-a60b-ecb6dc7887d3' and name 'vitis-run_compile_multicycle_pipeline_ip'
Tue Sep 10 18:17:10 2024: KERNEL_SVC: creating session with uuid: '06fe83f7-0894-4c4e-a60b-ecb6dc7887d3' and name 'vitis-run_compile_multicycle_pipeline_ip'
Tue Sep 10 18:17:10 2024: GUIDANCE_SMGR: creating guidance session with uuid: '06fe83f7-0894-4c4e-a60b-ecb6dc7887d3' and name 'vitis-run_compile_multicycle_pipeline_ip'
Tue Sep 10 18:17:10 2024: SYSTEM_DIAGRAM: creating session with uuid: '06fe83f7-0894-4c4e-a60b-ecb6dc7887d3' and name 'vitis-run_compile_multicycle_pipeline_ip'
Tue Sep 10 18:17:14 2024: Dispatch Server: Accepted socket connection from client
Tue Sep 10 18:17:14 2024: Starting Socket connection
Tue Sep 10 18:17:46 2024: SESSION_MGR: closing session for UUID '06fe83f7-0894-4c4e-a60b-ecb6dc7887d3' with name 'vitis-run_compile_multicycle_pipeline_ip'
Tue Sep 10 18:17:46 2024: KERNEL_SVC: closing session for UUID '06fe83f7-0894-4c4e-a60b-ecb6dc7887d3' with name 'vitis-run_compile_multicycle_pipeline_ip'
Tue Sep 10 18:17:46 2024: GUIDANCE_SMGR: closing session for UUID '06fe83f7-0894-4c4e-a60b-ecb6dc7887d3' with name 'vitis-run_compile_multicycle_pipeline_ip'
Tue Sep 10 18:17:46 2024: SYSTEM_DIAGRAM: closing session for UUID '06fe83f7-0894-4c4e-a60b-ecb6dc7887d3' with name 'vitis-run_compile_multicycle_pipeline_ip'
Tue Sep 10 18:17:46 2024: STOP_SERVER received, server token: 19746e0a-116b-4ee2-870f-6ef20edf1145, passed token: 19746e0a-116b-4ee2-870f-6ef20edf1145
Tue Sep 10 18:17:46 2024: Socket received request to stop server.
Tue Sep 10 18:17:46 2024: Dispatch Server: do_await_stop
Tue Sep 10 18:17:46 2024: Dispatch Server: stopping mainFifo_
Tue Sep 10 18:17:46 2024: XCD main fifo: Stopping
Tue Sep 10 18:17:46 2024: XCD main fifo: do_read error code: Operation canceled
Tue Sep 10 18:17:46 2024: XCD main fifo: bytes_transferred: 0
Tue Sep 10 18:17:46 2024: SERVER: destructor for server bound to port 34201
Tue Sep 10 18:17:46 2024: XCD main fifo: Good unlink of /tmp/xcdmain19746e0a-116b-4ee2-870f-6ef20edf1145
Tue Sep 10 18:17:46 2024: Server exiting with status 0.
Tue Sep 10 18:17:46 2024: Closing log file.
Tue Sep 10 18:44:33 2024: Running xcd server. This server was built by gradle.
Tue Sep 10 18:44:33 2024: Server was asked to start on port: '37803'
Tue Sep 10 18:44:33 2024: Server is using token UUID: 'e784c34f-25ce-4563-be80-cc4f5ded20ba'
Tue Sep 10 18:44:33 2024: SESSION_MGR: creating session with session uuid: '6d04a3e9-ade5-4ab9-8d63-1f78fcd2ec76' and name 'default'
Tue Sep 10 18:44:33 2024: Attempting to start server on port '37803'
Tue Sep 10 18:44:33 2024: XCD main fifo: created main fifo '/tmp/xcdmaine784c34f-25ce-4563-be80-cc4f5ded20ba', fd read = 13
Tue Sep 10 18:44:33 2024: Running Dispatch Server
Tue Sep 10 18:44:33 2024: Version 2.2.0
Tue Sep 10 18:44:34 2024: Dispatch Server: Accepted socket connection from client
Tue Sep 10 18:44:34 2024: Starting Socket connection
Tue Sep 10 18:44:34 2024: EXCHANGE_TOKEN received, server token: e784c34f-25ce-4563-be80-cc4f5ded20ba, passed token: e784c34f-25ce-4563-be80-cc4f5ded20ba
Tue Sep 10 18:44:34 2024: DISPATCH_HANDLER: Adding handler from function makeHandler in library libxv_system_diagram
Tue Sep 10 18:44:34 2024: SESSION_MGR: creating session with session uuid: '147092e4-44f9-4f49-b1ec-fca9bacc22c1' and name 'vitis-run_compile_multicycle_pipeline_ip'
Tue Sep 10 18:44:34 2024: KERNEL_SVC: creating session with uuid: '147092e4-44f9-4f49-b1ec-fca9bacc22c1' and name 'vitis-run_compile_multicycle_pipeline_ip'
Tue Sep 10 18:44:34 2024: GUIDANCE_SMGR: creating guidance session with uuid: '147092e4-44f9-4f49-b1ec-fca9bacc22c1' and name 'vitis-run_compile_multicycle_pipeline_ip'
Tue Sep 10 18:44:34 2024: SYSTEM_DIAGRAM: creating session with uuid: '147092e4-44f9-4f49-b1ec-fca9bacc22c1' and name 'vitis-run_compile_multicycle_pipeline_ip'
Tue Sep 10 18:44:39 2024: Dispatch Server: Accepted socket connection from client
Tue Sep 10 18:44:39 2024: Starting Socket connection
Tue Sep 10 18:44:41 2024: SESSION_MGR: closing session for UUID '147092e4-44f9-4f49-b1ec-fca9bacc22c1' with name 'vitis-run_compile_multicycle_pipeline_ip'
Tue Sep 10 18:44:41 2024: KERNEL_SVC: closing session for UUID '147092e4-44f9-4f49-b1ec-fca9bacc22c1' with name 'vitis-run_compile_multicycle_pipeline_ip'
Tue Sep 10 18:44:41 2024: GUIDANCE_SMGR: closing session for UUID '147092e4-44f9-4f49-b1ec-fca9bacc22c1' with name 'vitis-run_compile_multicycle_pipeline_ip'
Tue Sep 10 18:44:41 2024: SYSTEM_DIAGRAM: closing session for UUID '147092e4-44f9-4f49-b1ec-fca9bacc22c1' with name 'vitis-run_compile_multicycle_pipeline_ip'
Tue Sep 10 18:44:41 2024: STOP_SERVER received, server token: e784c34f-25ce-4563-be80-cc4f5ded20ba, passed token: e784c34f-25ce-4563-be80-cc4f5ded20ba
Tue Sep 10 18:44:41 2024: Socket received request to stop server.
Tue Sep 10 18:44:41 2024: Dispatch Server: do_await_stop
Tue Sep 10 18:44:41 2024: Dispatch Server: stopping mainFifo_
Tue Sep 10 18:44:41 2024: XCD main fifo: Stopping
Tue Sep 10 18:44:41 2024: XCD main fifo: do_read error code: Operation canceled
Tue Sep 10 18:44:41 2024: XCD main fifo: bytes_transferred: 0
Tue Sep 10 18:44:41 2024: SERVER: destructor for server bound to port 37803
Tue Sep 10 18:44:41 2024: XCD main fifo: Good unlink of /tmp/xcdmaine784c34f-25ce-4563-be80-cc4f5ded20ba
Tue Sep 10 18:44:41 2024: Server exiting with status 0.
Tue Sep 10 18:44:41 2024: Closing log file.
